[rospy.client][INFO] 2022-05-05 15:43:20,919: init_node, name[/car/vesc/throttle_interpolator], pid[24521]
[xmlrpc][INFO] 2022-05-05 15:43:20,922: XML-RPC server binding to 0.0.0.0:0
[rospy.init][INFO] 2022-05-05 15:43:20,924: ROS Slave URI: [http://robot-desktop:32949/]
[xmlrpc][INFO] 2022-05-05 15:43:20,925: Started XML-RPC server [http://robot-desktop:32949/]
[rospy.impl.masterslave][INFO] 2022-05-05 15:43:20,926: _ready: http://robot-desktop:32949/
[xmlrpc][INFO] 2022-05-05 15:43:20,937: xml rpc node: starting XML-RPC server
[rospy.registration][INFO] 2022-05-05 15:43:20,943: Registering with master node http://robot-desktop:11311
[rospy.init][INFO] 2022-05-05 15:43:21,026: registered with master
[rospy.rosout][INFO] 2022-05-05 15:43:21,027: initializing /rosout core topic
[rospy.rosout][INFO] 2022-05-05 15:43:21,054: connected to core topic /rosout
[rospy.simtime][INFO] 2022-05-05 15:43:21,067: /use_sim_time is not set, will not subscribe to simulated time [/clock] topic
[rospy.internal][INFO] 2022-05-05 15:43:21,294: topic[/rosout] adding connection to [/rosout], count 0
[rospy.internal][INFO] 2022-05-05 15:43:21,582: topic[/car/vesc/commands/motor/unsmoothed_speed] adding connection to [http://robot-desktop:33711/], count 0
[rospy.internal][INFO] 2022-05-05 15:43:21,591: topic[/car/vesc/commands/servo/unsmoothed_position] adding connection to [http://robot-desktop:33711/], count 0
[rospy.internal][INFO] 2022-05-05 15:43:21,723: topic[/car/vesc/commands/motor/speed] adding connection to [/car/vesc/vesc_driver], count 0
[rospy.internal][INFO] 2022-05-05 15:43:21,743: topic[/car/vesc/commands/servo/position] adding connection to [/car/vesc/vesc_driver], count 0
[rospy.core][INFO] 2022-05-05 15:43:49,183: signal_shutdown [signal-2]
[rospy.internal][INFO] 2022-05-05 15:43:49,290: topic[/car/vesc/commands/motor/speed] removing connection to /car/vesc/vesc_driver
[rospy.internal][INFO] 2022-05-05 15:43:49,292: topic[/rosout] removing connection to /rosout
[rospy.internal][INFO] 2022-05-05 15:43:49,293: topic[/car/vesc/commands/servo/position] removing connection to /car/vesc/vesc_driver
[rospy.internal][INFO] 2022-05-05 15:43:49,308: topic[/car/vesc/commands/motor/unsmoothed_speed] removing connection to http://robot-desktop:33711/
[rospy.internal][WARNING] 2022-05-05 15:43:49,321: Unknown error initiating TCP/IP socket to robot-desktop:42059 (http://robot-desktop:33711/): Traceback (most recent call last):
  File "/opt/ros/melodic/lib/python2.7/dist-packages/rospy/impl/tcpros_base.py", line 563, in connect
    self.local_endpoint = self.socket.getsockname()
AttributeError: 'NoneType' object has no attribute 'getsockname'

[rospy.internal][INFO] 2022-05-05 15:43:49,317: topic[/car/vesc/commands/servo/unsmoothed_position] removing connection to http://robot-desktop:33711/
[rospy.impl.masterslave][INFO] 2022-05-05 15:43:49,327: signal-2
[rospy.core][INFO] 2022-05-05 15:43:49,850: signal_shutdown [atexit]
