[rospy.client][INFO] 2022-05-05 16:00:49,778: init_node, name[/car/drive], pid[21748]
[xmlrpc][INFO] 2022-05-05 16:00:49,780: XML-RPC server binding to 0.0.0.0:0
[xmlrpc][INFO] 2022-05-05 16:00:49,781: Started XML-RPC server [http://robot-desktop:33061/]
[rospy.init][INFO] 2022-05-05 16:00:49,782: ROS Slave URI: [http://robot-desktop:33061/]
[rospy.impl.masterslave][INFO] 2022-05-05 16:00:49,782: _ready: http://robot-desktop:33061/
[rospy.registration][INFO] 2022-05-05 16:00:49,784: Registering with master node http://robot-desktop:11311
[xmlrpc][INFO] 2022-05-05 16:00:49,785: xml rpc node: starting XML-RPC server
[rospy.init][INFO] 2022-05-05 16:00:49,883: registered with master
[rospy.rosout][INFO] 2022-05-05 16:00:49,883: initializing /rosout core topic
[rospy.rosout][INFO] 2022-05-05 16:00:49,890: connected to core topic /rosout
[rospy.simtime][INFO] 2022-05-05 16:00:49,894: /use_sim_time is not set, will not subscribe to simulated time [/clock] topic
[rosout][INFO] 2022-05-05 16:00:50,065: publishing ctrl
[rosout][INFO] 2022-05-05 16:00:50,164: publishing ctrl
[rospy.internal][INFO] 2022-05-05 16:00:50,181: topic[/rosout] adding connection to [/rosout], count 0
[rospy.internal][INFO] 2022-05-05 16:00:50,186: topic[/car/mux/ackermann_cmd_mux/input/navigation] adding connection to [/car/mux/nodelet_manager], count 0
[rosout][INFO] 2022-05-05 16:00:50,265: publishing ctrl
[rosout][INFO] 2022-05-05 16:00:50,364: publishing ctrl
[rosout][INFO] 2022-05-05 16:00:50,465: publishing ctrl
[rosout][INFO] 2022-05-05 16:00:50,565: publishing ctrl
[rosout][INFO] 2022-05-05 16:00:50,665: publishing ctrl
[rosout][INFO] 2022-05-05 16:00:50,765: publishing ctrl
[rosout][INFO] 2022-05-05 16:00:50,865: publishing ctrl
[rosout][INFO] 2022-05-05 16:00:50,965: publishing ctrl
[rosout][INFO] 2022-05-05 16:00:51,065: publishing ctrl
[rosout][INFO] 2022-05-05 16:00:51,164: publishing ctrl
[rosout][INFO] 2022-05-05 16:00:51,265: publishing ctrl
[rosout][INFO] 2022-05-05 16:00:51,364: publishing ctrl
[rosout][INFO] 2022-05-05 16:00:51,465: publishing ctrl
[rosout][INFO] 2022-05-05 16:00:51,565: publishing ctrl
[rosout][INFO] 2022-05-05 16:00:51,665: publishing ctrl
[rosout][INFO] 2022-05-05 16:00:51,765: publishing ctrl
[rosout][INFO] 2022-05-05 16:00:51,865: publishing ctrl
[rosout][INFO] 2022-05-05 16:00:51,965: publishing ctrl
[rosout][INFO] 2022-05-05 16:00:52,065: publishing ctrl
[rosout][INFO] 2022-05-05 16:00:52,165: publishing ctrl
[rosout][INFO] 2022-05-05 16:00:52,265: publishing ctrl
[rosout][INFO] 2022-05-05 16:00:52,365: publishing ctrl
[rosout][INFO] 2022-05-05 16:00:52,465: publishing ctrl
[rosout][INFO] 2022-05-05 16:00:52,565: publishing ctrl
[rosout][INFO] 2022-05-05 16:00:52,665: publishing ctrl
[rosout][INFO] 2022-05-05 16:00:52,765: publishing ctrl
[rosout][INFO] 2022-05-05 16:00:52,865: publishing ctrl
[rosout][INFO] 2022-05-05 16:00:52,964: publishing ctrl
[rosout][INFO] 2022-05-05 16:00:53,065: publishing ctrl
[rosout][INFO] 2022-05-05 16:00:53,165: publishing ctrl
[rosout][INFO] 2022-05-05 16:00:53,265: publishing ctrl
[rosout][INFO] 2022-05-05 16:00:53,365: publishing ctrl
[rosout][INFO] 2022-05-05 16:00:53,466: publishing ctrl
[rosout][INFO] 2022-05-05 16:00:53,566: publishing ctrl
[rosout][INFO] 2022-05-05 16:00:53,668: publishing ctrl
[rosout][INFO] 2022-05-05 16:00:53,764: publishing ctrl
[rosout][INFO] 2022-05-05 16:00:53,868: publishing ctrl
[rosout][INFO] 2022-05-05 16:00:53,965: publishing ctrl
[rosout][INFO] 2022-05-05 16:00:54,068: publishing ctrl
[rosout][INFO] 2022-05-05 16:00:54,165: publishing ctrl
[rosout][INFO] 2022-05-05 16:00:54,265: publishing ctrl
[rosout][INFO] 2022-05-05 16:00:54,364: publishing ctrl
[rosout][INFO] 2022-05-05 16:00:54,465: publishing ctrl
[rosout][INFO] 2022-05-05 16:00:54,564: publishing ctrl
[rosout][INFO] 2022-05-05 16:00:54,664: publishing ctrl
[rosout][INFO] 2022-05-05 16:00:54,765: publishing ctrl
[rosout][INFO] 2022-05-05 16:00:54,865: publishing ctrl
[rosout][INFO] 2022-05-05 16:00:54,964: publishing ctrl
[rosout][INFO] 2022-05-05 16:00:55,065: publishing ctrl
[rosout][INFO] 2022-05-05 16:00:55,164: publishing ctrl
[rosout][INFO] 2022-05-05 16:00:55,265: publishing ctrl
[rosout][INFO] 2022-05-05 16:00:55,364: publishing ctrl
[rosout][INFO] 2022-05-05 16:00:55,465: publishing ctrl
[rosout][INFO] 2022-05-05 16:00:55,565: publishing ctrl
[rosout][INFO] 2022-05-05 16:00:55,665: publishing ctrl
[rosout][INFO] 2022-05-05 16:00:55,764: publishing ctrl
[rosout][INFO] 2022-05-05 16:00:55,865: publishing ctrl
[rosout][INFO] 2022-05-05 16:00:55,965: publishing ctrl
[rosout][INFO] 2022-05-05 16:00:56,065: publishing ctrl
[rosout][INFO] 2022-05-05 16:00:56,165: publishing ctrl
[rosout][INFO] 2022-05-05 16:00:56,265: publishing ctrl
[rosout][INFO] 2022-05-05 16:00:56,365: publishing ctrl
[rosout][INFO] 2022-05-05 16:00:56,465: publishing ctrl
[rosout][INFO] 2022-05-05 16:00:56,565: publishing ctrl
[rosout][INFO] 2022-05-05 16:00:56,665: publishing ctrl
[rosout][INFO] 2022-05-05 16:00:56,765: publishing ctrl
[rosout][INFO] 2022-05-05 16:00:56,865: publishing ctrl
[rosout][INFO] 2022-05-05 16:00:56,965: publishing ctrl
[rosout][INFO] 2022-05-05 16:00:57,065: publishing ctrl
[rosout][INFO] 2022-05-05 16:00:57,165: publishing ctrl
[rosout][INFO] 2022-05-05 16:00:57,264: publishing ctrl
[rosout][INFO] 2022-05-05 16:00:57,364: publishing ctrl
[rosout][INFO] 2022-05-05 16:00:57,464: publishing ctrl
[rosout][INFO] 2022-05-05 16:00:57,564: publishing ctrl
[rosout][INFO] 2022-05-05 16:00:57,665: publishing ctrl
[rosout][INFO] 2022-05-05 16:00:57,765: publishing ctrl
[rosout][INFO] 2022-05-05 16:00:57,865: publishing ctrl
[rosout][INFO] 2022-05-05 16:00:57,964: publishing ctrl
[rosout][INFO] 2022-05-05 16:00:58,065: publishing ctrl
[rosout][INFO] 2022-05-05 16:00:58,164: publishing ctrl
[rosout][INFO] 2022-05-05 16:00:58,264: publishing ctrl
[rosout][INFO] 2022-05-05 16:00:58,365: publishing ctrl
[rosout][INFO] 2022-05-05 16:00:58,466: publishing ctrl
[rosout][INFO] 2022-05-05 16:00:58,567: publishing ctrl
[rosout][INFO] 2022-05-05 16:00:58,666: publishing ctrl
[rosout][INFO] 2022-05-05 16:00:58,765: publishing ctrl
[rosout][INFO] 2022-05-05 16:00:58,966: publishing ctrl
[rosout][INFO] 2022-05-05 16:00:58,973: publishing ctrl
[rosout][INFO] 2022-05-05 16:00:59,065: publishing ctrl
[rosout][INFO] 2022-05-05 16:00:59,165: publishing ctrl
[rosout][INFO] 2022-05-05 16:00:59,267: publishing ctrl
[rosout][INFO] 2022-05-05 16:00:59,365: publishing ctrl
[rosout][INFO] 2022-05-05 16:00:59,465: publishing ctrl
[rosout][INFO] 2022-05-05 16:00:59,565: publishing ctrl
[rosout][INFO] 2022-05-05 16:00:59,667: publishing ctrl
[rosout][INFO] 2022-05-05 16:00:59,764: publishing ctrl
[rosout][INFO] 2022-05-05 16:00:59,865: publishing ctrl
[rosout][INFO] 2022-05-05 16:00:59,965: publishing ctrl
[rosout][INFO] 2022-05-05 16:01:00,065: publishing ctrl
[rosout][INFO] 2022-05-05 16:01:00,164: publishing ctrl
[rosout][INFO] 2022-05-05 16:01:00,264: publishing ctrl
[rosout][INFO] 2022-05-05 16:01:00,365: publishing ctrl
[rosout][INFO] 2022-05-05 16:01:00,465: publishing ctrl
[rosout][INFO] 2022-05-05 16:01:00,565: publishing ctrl
[rosout][INFO] 2022-05-05 16:01:00,665: publishing ctrl
[rosout][INFO] 2022-05-05 16:01:00,764: publishing ctrl
[rosout][INFO] 2022-05-05 16:01:00,865: publishing ctrl
[rosout][INFO] 2022-05-05 16:01:00,964: publishing ctrl
[rosout][INFO] 2022-05-05 16:01:01,065: publishing ctrl
[rosout][INFO] 2022-05-05 16:01:01,164: publishing ctrl
[rosout][INFO] 2022-05-05 16:01:01,266: publishing ctrl
[rosout][INFO] 2022-05-05 16:01:01,365: publishing ctrl
[rosout][INFO] 2022-05-05 16:01:01,465: publishing ctrl
[rosout][INFO] 2022-05-05 16:01:01,565: publishing ctrl
[rosout][INFO] 2022-05-05 16:01:01,664: publishing ctrl
[rosout][INFO] 2022-05-05 16:01:01,764: publishing ctrl
[rosout][INFO] 2022-05-05 16:01:01,865: publishing ctrl
[rosout][INFO] 2022-05-05 16:01:01,964: publishing ctrl
[rosout][INFO] 2022-05-05 16:01:02,064: publishing ctrl
[rosout][INFO] 2022-05-05 16:01:02,165: publishing ctrl
[rosout][INFO] 2022-05-05 16:01:02,266: publishing ctrl
[rosout][INFO] 2022-05-05 16:01:02,365: publishing ctrl
[rosout][INFO] 2022-05-05 16:01:02,465: publishing ctrl
[rosout][INFO] 2022-05-05 16:01:02,565: publishing ctrl
[rosout][INFO] 2022-05-05 16:01:02,665: publishing ctrl
[rosout][INFO] 2022-05-05 16:01:02,764: publishing ctrl
[rosout][INFO] 2022-05-05 16:01:02,865: publishing ctrl
[rosout][INFO] 2022-05-05 16:01:02,965: publishing ctrl
[rosout][INFO] 2022-05-05 16:01:03,065: publishing ctrl
[rosout][INFO] 2022-05-05 16:01:03,165: publishing ctrl
[rosout][INFO] 2022-05-05 16:01:03,265: publishing ctrl
[rosout][INFO] 2022-05-05 16:01:03,365: publishing ctrl
[rosout][INFO] 2022-05-05 16:01:03,465: publishing ctrl
[rosout][INFO] 2022-05-05 16:01:03,564: publishing ctrl
[rosout][INFO] 2022-05-05 16:01:03,665: publishing ctrl
[rosout][INFO] 2022-05-05 16:01:03,764: publishing ctrl
[rosout][INFO] 2022-05-05 16:01:03,865: publishing ctrl
[rosout][INFO] 2022-05-05 16:01:03,965: publishing ctrl
[rosout][INFO] 2022-05-05 16:01:04,065: publishing ctrl
[rosout][INFO] 2022-05-05 16:01:04,164: publishing ctrl
[rosout][INFO] 2022-05-05 16:01:04,265: publishing ctrl
[rosout][INFO] 2022-05-05 16:01:04,364: publishing ctrl
[rosout][INFO] 2022-05-05 16:01:04,465: publishing ctrl
[rosout][INFO] 2022-05-05 16:01:04,565: publishing ctrl
[rosout][INFO] 2022-05-05 16:01:04,665: publishing ctrl
[rosout][INFO] 2022-05-05 16:01:04,765: publishing ctrl
[rosout][INFO] 2022-05-05 16:01:04,865: publishing ctrl
[rosout][INFO] 2022-05-05 16:01:04,964: publishing ctrl
[rosout][INFO] 2022-05-05 16:01:05,064: publishing ctrl
[rosout][INFO] 2022-05-05 16:01:05,164: publishing ctrl
[rosout][INFO] 2022-05-05 16:01:05,265: publishing ctrl
[rosout][INFO] 2022-05-05 16:01:05,364: publishing ctrl
[rosout][INFO] 2022-05-05 16:01:05,465: publishing ctrl
[rosout][INFO] 2022-05-05 16:01:05,565: publishing ctrl
[rosout][INFO] 2022-05-05 16:01:05,665: publishing ctrl
[rosout][INFO] 2022-05-05 16:01:05,764: publishing ctrl
[rosout][INFO] 2022-05-05 16:01:05,865: publishing ctrl
[rosout][INFO] 2022-05-05 16:01:05,964: publishing ctrl
[rosout][INFO] 2022-05-05 16:01:06,065: publishing ctrl
[rosout][INFO] 2022-05-05 16:01:06,165: publishing ctrl
[rosout][INFO] 2022-05-05 16:01:06,264: publishing ctrl
[rosout][INFO] 2022-05-05 16:01:06,365: publishing ctrl
[rosout][INFO] 2022-05-05 16:01:06,465: publishing ctrl
[rosout][INFO] 2022-05-05 16:01:06,565: publishing ctrl
[rosout][INFO] 2022-05-05 16:01:06,664: publishing ctrl
[rosout][INFO] 2022-05-05 16:01:06,765: publishing ctrl
[rospy.internal][INFO] 2022-05-05 16:01:06,809: topic[/debug_image] adding connection to [/rviz_1651779533513881055], count 0
[rosout][INFO] 2022-05-05 16:01:06,865: publishing ctrl
[rosout][INFO] 2022-05-05 16:01:06,964: publishing ctrl
[rosout][INFO] 2022-05-05 16:01:07,065: publishing ctrl
[rosout][INFO] 2022-05-05 16:01:07,165: publishing ctrl
[rosout][INFO] 2022-05-05 16:01:07,265: publishing ctrl
[rosout][INFO] 2022-05-05 16:01:07,366: publishing ctrl
[rosout][INFO] 2022-05-05 16:01:07,465: publishing ctrl
[rosout][INFO] 2022-05-05 16:01:07,565: publishing ctrl
[rosout][INFO] 2022-05-05 16:01:07,666: publishing ctrl
[rosout][INFO] 2022-05-05 16:01:07,764: publishing ctrl
[rosout][INFO] 2022-05-05 16:01:07,865: publishing ctrl
[rosout][INFO] 2022-05-05 16:01:07,965: publishing ctrl
[rosout][INFO] 2022-05-05 16:01:08,065: publishing ctrl
[rosout][INFO] 2022-05-05 16:01:08,164: publishing ctrl
[rosout][INFO] 2022-05-05 16:01:08,265: publishing ctrl
[rosout][INFO] 2022-05-05 16:01:08,364: publishing ctrl
[rosout][INFO] 2022-05-05 16:01:08,465: publishing ctrl
[rosout][INFO] 2022-05-05 16:01:08,566: publishing ctrl
[rosout][INFO] 2022-05-05 16:01:08,669: publishing ctrl
[rosout][INFO] 2022-05-05 16:01:08,764: publishing ctrl
[rosout][INFO] 2022-05-05 16:01:08,865: publishing ctrl
[rosout][INFO] 2022-05-05 16:01:08,964: publishing ctrl
[rosout][INFO] 2022-05-05 16:01:09,065: publishing ctrl
[rosout][INFO] 2022-05-05 16:01:09,165: publishing ctrl
[rosout][INFO] 2022-05-05 16:01:09,265: publishing ctrl
[rosout][INFO] 2022-05-05 16:01:09,365: publishing ctrl
[rosout][INFO] 2022-05-05 16:01:09,465: publishing ctrl
[rosout][INFO] 2022-05-05 16:01:09,565: publishing ctrl
[rosout][INFO] 2022-05-05 16:01:09,666: publishing ctrl
[rosout][INFO] 2022-05-05 16:01:09,766: publishing ctrl
[rosout][INFO] 2022-05-05 16:01:09,864: publishing ctrl
[rosout][INFO] 2022-05-05 16:01:09,964: publishing ctrl
[rosout][INFO] 2022-05-05 16:01:10,065: publishing ctrl
[rosout][INFO] 2022-05-05 16:01:10,165: publishing ctrl
[rosout][INFO] 2022-05-05 16:01:10,265: publishing ctrl
[rosout][INFO] 2022-05-05 16:01:10,365: publishing ctrl
[rosout][INFO] 2022-05-05 16:01:10,465: publishing ctrl
[rosout][INFO] 2022-05-05 16:01:10,564: publishing ctrl
[rosout][INFO] 2022-05-05 16:01:10,664: publishing ctrl
[rosout][INFO] 2022-05-05 16:01:10,764: publishing ctrl
[rosout][INFO] 2022-05-05 16:01:10,864: publishing ctrl
[rosout][INFO] 2022-05-05 16:01:10,965: publishing ctrl
[rosout][INFO] 2022-05-05 16:01:11,065: publishing ctrl
[rosout][INFO] 2022-05-05 16:01:11,165: publishing ctrl
[rosout][INFO] 2022-05-05 16:01:11,265: publishing ctrl
[rosout][INFO] 2022-05-05 16:01:11,364: publishing ctrl
[rosout][INFO] 2022-05-05 16:01:11,464: publishing ctrl
[rosout][INFO] 2022-05-05 16:01:11,564: publishing ctrl
[rosout][INFO] 2022-05-05 16:01:11,665: publishing ctrl
[rosout][INFO] 2022-05-05 16:01:11,764: publishing ctrl
[rosout][INFO] 2022-05-05 16:01:11,865: publishing ctrl
[rosout][INFO] 2022-05-05 16:01:11,965: publishing ctrl
[rosout][INFO] 2022-05-05 16:01:12,065: publishing ctrl
[rospy.core][INFO] 2022-05-05 16:01:12,101: signal_shutdown [signal-2]
[rospy.internal][INFO] 2022-05-05 16:01:12,118: topic[/car/mux/ackermann_cmd_mux/input/navigation] removing connection to /car/mux/nodelet_manager
[rospy.internal][INFO] 2022-05-05 16:01:12,132: topic[/debug_image] removing connection to /rviz_1651779533513881055
[rospy.internal][INFO] 2022-05-05 16:01:12,139: topic[/rosout] removing connection to /rosout
[rospy.impl.masterslave][INFO] 2022-05-05 16:01:12,140: signal-2
[rospy.core][INFO] 2022-05-05 16:01:12,256: signal_shutdown [atexit]
[rosout][INFO] 2022-05-05 16:01:12,166: publishing ctrl
