[rospy.client][INFO] 2022-05-05 16:00:48,211: init_node, name[/car/vesc/throttle_interpolator], pid[21661]
[xmlrpc][INFO] 2022-05-05 16:00:48,213: XML-RPC server binding to 0.0.0.0:0
[rospy.init][INFO] 2022-05-05 16:00:48,214: ROS Slave URI: [http://robot-desktop:32917/]
[xmlrpc][INFO] 2022-05-05 16:00:48,215: Started XML-RPC server [http://robot-desktop:32917/]
[rospy.impl.masterslave][INFO] 2022-05-05 16:00:48,215: _ready: http://robot-desktop:32917/
[xmlrpc][INFO] 2022-05-05 16:00:48,221: xml rpc node: starting XML-RPC server
[rospy.registration][INFO] 2022-05-05 16:00:48,222: Registering with master node http://robot-desktop:11311
[rospy.init][INFO] 2022-05-05 16:00:48,315: registered with master
[rospy.rosout][INFO] 2022-05-05 16:00:48,316: initializing /rosout core topic
[rospy.rosout][INFO] 2022-05-05 16:00:48,344: connected to core topic /rosout
[rospy.simtime][INFO] 2022-05-05 16:00:48,363: /use_sim_time is not set, will not subscribe to simulated time [/clock] topic
[rospy.internal][INFO] 2022-05-05 16:00:48,562: topic[/rosout] adding connection to [/rosout], count 0
[rospy.internal][INFO] 2022-05-05 16:00:48,789: topic[/car/vesc/commands/servo/unsmoothed_position] adding connection to [http://robot-desktop:41827/], count 0
[rospy.internal][INFO] 2022-05-05 16:00:48,791: topic[/car/vesc/commands/motor/unsmoothed_speed] adding connection to [http://robot-desktop:41827/], count 0
[rospy.internal][INFO] 2022-05-05 16:00:48,980: topic[/car/vesc/commands/motor/speed] adding connection to [/car/vesc/vesc_driver], count 0
[rospy.internal][INFO] 2022-05-05 16:00:48,982: topic[/car/vesc/commands/servo/position] adding connection to [/car/vesc/vesc_driver], count 0
[rospy.core][INFO] 2022-05-05 16:01:12,145: signal_shutdown [signal-2]
[rospy.internal][INFO] 2022-05-05 16:01:12,222: topic[/car/vesc/commands/motor/speed] removing connection to /car/vesc/vesc_driver
[rospy.internal][INFO] 2022-05-05 16:01:12,228: topic[/rosout] removing connection to /rosout
[rospy.internal][INFO] 2022-05-05 16:01:12,230: topic[/car/vesc/commands/servo/position] removing connection to /car/vesc/vesc_driver
[rospy.internal][INFO] 2022-05-05 16:01:12,232: topic[/car/vesc/commands/motor/unsmoothed_speed] removing connection to http://robot-desktop:41827/
[rospy.internal][INFO] 2022-05-05 16:01:12,234: topic[/car/vesc/commands/servo/unsmoothed_position] removing connection to http://robot-desktop:41827/
[rospy.impl.masterslave][INFO] 2022-05-05 16:01:12,235: signal-2
[rospy.core][INFO] 2022-05-05 16:01:12,809: signal_shutdown [atexit]
