

1651780846.819911283  Node Startup
1651780847.529472168 INFO /car/mux/ackermann_cmd_mux [/tmp/binarydeb/ros-melodic-roscpp-1.14.12/src/libros/service.cpp:80(service::exists)] [topics: /rosout] waitForService: Service [/car/mux/nodelet_manager/load_nodelet] has not been advertised, waiting...
1651780847.580259095 INFO /car/mux/nodelet_manager [/tmp/binarydeb/ros-melodic-nodelet-1.9.16/src/loader.cpp:233(Loader::Impl::advertiseRosApi)] [topics: /rosout] Initializing nodelet with 4 worker threads.
1651780847.795421595 INFO /car/mux/ackermann_cmd_mux [/tmp/binarydeb/ros-melodic-roscpp-1.14.12/src/libros/service.cpp:123(service::waitForService)] [topics: /rosout] waitForService: Service [/car/mux/nodelet_manager/load_nodelet] is now available.
1651780848.522086960 INFO /car/mux/nodelet_manager [/home/robot/catkin_ws/src/mushr/mushr_base/mushr_base/ackermann_cmd_mux/src/ackermann_cmd_mux_nodelet.cpp:181(AckermannCmdMuxNodelet::reloadConfiguration)] [topics: /rosout, /car/mux/ackermann_cmd_mux/parameter_descriptions, /car/mux/ackermann_cmd_mux/parameter_updates, /car/mux/ackermann_cmd_mux/output] AckermannCmdMux : (re)configured [/home/robot/catkin_ws/src/mushr/mushr_base/mushr_base/ackermann_cmd_mux/param/mux.yaml]
1651780848.561452949 INFO /car/vesc/vesc_driver [/home/robot/catkin_ws/src/mushr/mushr_base/vesc/vesc_driver/src/vesc_driver.cpp:96(VescDriver::timerCallback)] [topics: /rosout, /car/vesc/sensors/core, /car/vesc/sensors/servo_position_command] Connected to VESC with firmware version 2.18
1651780850.170603990 INFO /car/drive [cybertruck2.py:233(cybertruck2.publish_ctrl)] [topics: /rosout, /csi_cam_0/image_raw, /car/mux/ackermann_cmd_mux/input/navigation, /debug_image] publishing ctrl
1651780850.271002054 INFO /car/drive [cybertruck2.py:233(cybertruck2.publish_ctrl)] [topics: /rosout, /csi_cam_0/image_raw, /car/mux/ackermann_cmd_mux/input/navigation, /debug_image] publishing ctrl
1651780850.370786905 INFO /car/drive [cybertruck2.py:233(cybertruck2.publish_ctrl)] [topics: /rosout, /csi_cam_0/image_raw, /car/mux/ackermann_cmd_mux/input/navigation, /debug_image] publishing ctrl
1651780850.470350980 INFO /car/drive [cybertruck2.py:233(cybertruck2.publish_ctrl)] [topics: /rosout, /csi_cam_0/image_raw, /car/mux/ackermann_cmd_mux/input/navigation, /debug_image] publishing ctrl
1651780850.570242881 INFO /car/drive [cybertruck2.py:233(cybertruck2.publish_ctrl)] [topics: /rosout, /csi_cam_0/image_raw, /car/mux/ackermann_cmd_mux/input/navigation, /debug_image] publishing ctrl
1651780850.670253038 INFO /car/drive [cybertruck2.py:233(cybertruck2.publish_ctrl)] [topics: /rosout, /csi_cam_0/image_raw, /car/mux/ackermann_cmd_mux/input/navigation, /debug_image] publishing ctrl
1651780850.770868062 INFO /car/drive [cybertruck2.py:233(cybertruck2.publish_ctrl)] [topics: /rosout, /csi_cam_0/image_raw, /car/mux/ackermann_cmd_mux/input/navigation, /debug_image] publishing ctrl
1651780850.872793912 INFO /car/drive [cybertruck2.py:233(cybertruck2.publish_ctrl)] [topics: /rosout, /csi_cam_0/image_raw, /car/mux/ackermann_cmd_mux/input/navigation, /debug_image] publishing ctrl
1651780850.972114086 INFO /car/drive [cybertruck2.py:233(cybertruck2.publish_ctrl)] [topics: /rosout, /csi_cam_0/image_raw, /car/mux/ackermann_cmd_mux/input/navigation, /debug_image] publishing ctrl
1651780851.070105075 INFO /car/drive [cybertruck2.py:233(cybertruck2.publish_ctrl)] [topics: /rosout, /csi_cam_0/image_raw, /car/mux/ackermann_cmd_mux/input/navigation, /debug_image] publishing ctrl
1651780851.170561075 INFO /car/drive [cybertruck2.py:233(cybertruck2.publish_ctrl)] [topics: /rosout, /csi_cam_0/image_raw, /car/mux/ackermann_cmd_mux/input/navigation, /debug_image] publishing ctrl
1651780851.272680044 INFO /car/drive [cybertruck2.py:233(cybertruck2.publish_ctrl)] [topics: /rosout, /csi_cam_0/image_raw, /car/mux/ackermann_cmd_mux/input/navigation, /debug_image] publishing ctrl
1651780851.370105981 INFO /car/drive [cybertruck2.py:233(cybertruck2.publish_ctrl)] [topics: /rosout, /csi_cam_0/image_raw, /car/mux/ackermann_cmd_mux/input/navigation, /debug_image] publishing ctrl
1651780851.470825910 INFO /car/drive [cybertruck2.py:233(cybertruck2.publish_ctrl)] [topics: /rosout, /csi_cam_0/image_raw, /car/mux/ackermann_cmd_mux/input/navigation, /debug_image] publishing ctrl
1651780851.570945024 INFO /car/drive [cybertruck2.py:233(cybertruck2.publish_ctrl)] [topics: /rosout, /csi_cam_0/image_raw, /car/mux/ackermann_cmd_mux/input/navigation, /debug_image] publishing ctrl
1651780851.671451091 INFO /car/drive [cybertruck2.py:233(cybertruck2.publish_ctrl)] [topics: /rosout, /csi_cam_0/image_raw, /car/mux/ackermann_cmd_mux/input/navigation, /debug_image] publishing ctrl
1651780851.770534038 INFO /car/drive [cybertruck2.py:233(cybertruck2.publish_ctrl)] [topics: /rosout, /csi_cam_0/image_raw, /car/mux/ackermann_cmd_mux/input/navigation, /debug_image] publishing ctrl
1651780851.871371984 INFO /car/drive [cybertruck2.py:233(cybertruck2.publish_ctrl)] [topics: /rosout, /csi_cam_0/image_raw, /car/mux/ackermann_cmd_mux/input/navigation, /debug_image] publishing ctrl
1651780851.970691919 INFO /car/drive [cybertruck2.py:233(cybertruck2.publish_ctrl)] [topics: /rosout, /csi_cam_0/image_raw, /car/mux/ackermann_cmd_mux/input/navigation, /debug_image] publishing ctrl
1651780852.070836067 INFO /car/drive [cybertruck2.py:233(cybertruck2.publish_ctrl)] [topics: /rosout, /csi_cam_0/image_raw, /car/mux/ackermann_cmd_mux/input/navigation, /debug_image] publishing ctrl
1651780852.170845031 INFO /car/drive [cybertruck2.py:233(cybertruck2.publish_ctrl)] [topics: /rosout, /csi_cam_0/image_raw, /car/mux/ackermann_cmd_mux/input/navigation, /debug_image] publishing ctrl
1651780852.270448923 INFO /car/drive [cybertruck2.py:233(cybertruck2.publish_ctrl)] [topics: /rosout, /csi_cam_0/image_raw, /car/mux/ackermann_cmd_mux/input/navigation, /debug_image] publishing ctrl
1651780852.370608091 INFO /car/drive [cybertruck2.py:233(cybertruck2.publish_ctrl)] [topics: /rosout, /csi_cam_0/image_raw, /car/mux/ackermann_cmd_mux/input/navigation, /debug_image] publishing ctrl
1651780852.473710060 INFO /car/drive [cybertruck2.py:233(cybertruck2.publish_ctrl)] [topics: /rosout, /csi_cam_0/image_raw, /car/mux/ackermann_cmd_mux/input/navigation, /debug_image] publishing ctrl
1651780852.571029901 INFO /car/drive [cybertruck2.py:233(cybertruck2.publish_ctrl)] [topics: /rosout, /csi_cam_0/image_raw, /car/mux/ackermann_cmd_mux/input/navigation, /debug_image] publishing ctrl
1651780852.671506881 INFO /car/drive [cybertruck2.py:233(cybertruck2.publish_ctrl)] [topics: /rosout, /csi_cam_0/image_raw, /car/mux/ackermann_cmd_mux/input/navigation, /debug_image] publishing ctrl
1651780852.770900964 INFO /car/drive [cybertruck2.py:233(cybertruck2.publish_ctrl)] [topics: /rosout, /csi_cam_0/image_raw, /car/mux/ackermann_cmd_mux/input/navigation, /debug_image] publishing ctrl
1651780852.870418071 INFO /car/drive [cybertruck2.py:233(cybertruck2.publish_ctrl)] [topics: /rosout, /csi_cam_0/image_raw, /car/mux/ackermann_cmd_mux/input/navigation, /debug_image] publishing ctrl
1651780852.970810890 INFO /car/drive [cybertruck2.py:233(cybertruck2.publish_ctrl)] [topics: /rosout, /csi_cam_0/image_raw, /car/mux/ackermann_cmd_mux/input/navigation, /debug_image] publishing ctrl
1651780853.071947097 INFO /car/drive [cybertruck2.py:233(cybertruck2.publish_ctrl)] [topics: /rosout, /csi_cam_0/image_raw, /car/mux/ackermann_cmd_mux/input/navigation, /debug_image] publishing ctrl
1651780853.170413970 INFO /car/drive [cybertruck2.py:233(cybertruck2.publish_ctrl)] [topics: /rosout, /csi_cam_0/image_raw, /car/mux/ackermann_cmd_mux/input/navigation, /debug_image] publishing ctrl
1651780853.270430088 INFO /car/drive [cybertruck2.py:233(cybertruck2.publish_ctrl)] [topics: /rosout, /csi_cam_0/image_raw, /car/mux/ackermann_cmd_mux/input/navigation, /debug_image] publishing ctrl
1651780853.370672941 INFO /car/drive [cybertruck2.py:233(cybertruck2.publish_ctrl)] [topics: /rosout, /csi_cam_0/image_raw, /car/mux/ackermann_cmd_mux/input/navigation, /debug_image] publishing ctrl
1651780853.503134965 INFO /car/drive [cybertruck2.py:233(cybertruck2.publish_ctrl)] [topics: /rosout, /csi_cam_0/image_raw, /car/mux/ackermann_cmd_mux/input/navigation, /debug_image] publishing ctrl
1651780853.572562932 INFO /car/drive [cybertruck2.py:233(cybertruck2.publish_ctrl)] [topics: /rosout, /csi_cam_0/image_raw, /car/mux/ackermann_cmd_mux/input/navigation, /debug_image] publishing ctrl
1651780853.674803972 INFO /car/drive [cybertruck2.py:233(cybertruck2.publish_ctrl)] [topics: /rosout, /csi_cam_0/image_raw, /car/mux/ackermann_cmd_mux/input/navigation, /debug_image] publishing ctrl
1651780853.770185947 INFO /car/drive [cybertruck2.py:233(cybertruck2.publish_ctrl)] [topics: /rosout, /csi_cam_0/image_raw, /car/mux/ackermann_cmd_mux/input/navigation, /debug_image] publishing ctrl
1651780853.874636888 INFO /car/drive [cybertruck2.py:233(cybertruck2.publish_ctrl)] [topics: /rosout, /csi_cam_0/image_raw, /car/mux/ackermann_cmd_mux/input/navigation, /debug_image] publishing ctrl
1651780853.971075057 INFO /car/drive [cybertruck2.py:233(cybertruck2.publish_ctrl)] [topics: /rosout, /csi_cam_0/image_raw, /car/mux/ackermann_cmd_mux/input/navigation, /debug_image] publishing ctrl
1651780854.077625989 INFO /car/drive [cybertruck2.py:233(cybertruck2.publish_ctrl)] [topics: /rosout, /csi_cam_0/image_raw, /car/mux/ackermann_cmd_mux/input/navigation, /debug_image] publishing ctrl
1651780854.170097112 INFO /car/drive [cybertruck2.py:233(cybertruck2.publish_ctrl)] [topics: /rosout, /csi_cam_0/image_raw, /car/mux/ackermann_cmd_mux/input/navigation, /debug_image] publishing ctrl
1651780854.277473926 INFO /car/drive [cybertruck2.py:233(cybertruck2.publish_ctrl)] [topics: /rosout, /csi_cam_0/image_raw, /car/mux/ackermann_cmd_mux/input/navigation, /debug_image] publishing ctrl
1651780854.370040893 INFO /car/drive [cybertruck2.py:233(cybertruck2.publish_ctrl)] [topics: /rosout, /csi_cam_0/image_raw, /car/mux/ackermann_cmd_mux/input/navigation, /debug_image] publishing ctrl
1651780854.472058057 INFO /car/drive [cybertruck2.py:233(cybertruck2.publish_ctrl)] [topics: /rosout, /csi_cam_0/image_raw, /car/mux/ackermann_cmd_mux/input/navigation, /debug_image] publishing ctrl
1651780854.570188045 INFO /car/drive [cybertruck2.py:233(cybertruck2.publish_ctrl)] [topics: /rosout, /csi_cam_0/image_raw, /car/mux/ackermann_cmd_mux/input/navigation, /debug_image] publishing ctrl
1651780854.670656919 INFO /car/drive [cybertruck2.py:233(cybertruck2.publish_ctrl)] [topics: /rosout, /csi_cam_0/image_raw, /car/mux/ackermann_cmd_mux/input/navigation, /debug_image] publishing ctrl
1651780854.770185947 INFO /car/drive [cybertruck2.py:233(cybertruck2.publish_ctrl)] [topics: /rosout, /csi_cam_0/image_raw, /car/mux/ackermann_cmd_mux/input/navigation, /debug_image] publishing ctrl
1651780854.870487928 INFO /car/drive [cybertruck2.py:233(cybertruck2.publish_ctrl)] [topics: /rosout, /csi_cam_0/image_raw, /car/mux/ackermann_cmd_mux/input/navigation, /debug_image] publishing ctrl
1651780854.970196962 INFO /car/drive [cybertruck2.py:233(cybertruck2.publish_ctrl)] [topics: /rosout, /csi_cam_0/image_raw, /car/mux/ackermann_cmd_mux/input/navigation, /debug_image] publishing ctrl
1651780855.070055961 INFO /car/drive [cybertruck2.py:233(cybertruck2.publish_ctrl)] [topics: /rosout, /csi_cam_0/image_raw, /car/mux/ackermann_cmd_mux/input/navigation, /debug_image] publishing ctrl
1651780855.170500040 INFO /car/drive [cybertruck2.py:233(cybertruck2.publish_ctrl)] [topics: /rosout, /csi_cam_0/image_raw, /car/mux/ackermann_cmd_mux/input/navigation, /debug_image] publishing ctrl
1651780855.271549940 INFO /car/drive [cybertruck2.py:233(cybertruck2.publish_ctrl)] [topics: /rosout, /csi_cam_0/image_raw, /car/mux/ackermann_cmd_mux/input/navigation, /debug_image] publishing ctrl
1651780855.370424032 INFO /car/drive [cybertruck2.py:233(cybertruck2.publish_ctrl)] [topics: /rosout, /csi_cam_0/image_raw, /car/mux/ackermann_cmd_mux/input/navigation, /debug_image] publishing ctrl
1651780855.471903085 INFO /car/drive [cybertruck2.py:233(cybertruck2.publish_ctrl)] [topics: /rosout, /csi_cam_0/image_raw, /car/mux/ackermann_cmd_mux/input/navigation, /debug_image] publishing ctrl
1651780855.571645021 INFO /car/drive [cybertruck2.py:233(cybertruck2.publish_ctrl)] [topics: /rosout, /csi_cam_0/image_raw, /car/mux/ackermann_cmd_mux/input/navigation, /debug_image] publishing ctrl
1651780855.671102046 INFO /car/drive [cybertruck2.py:233(cybertruck2.publish_ctrl)] [topics: /rosout, /csi_cam_0/image_raw, /car/mux/ackermann_cmd_mux/input/navigation, /debug_image] publishing ctrl
1651780855.770502090 INFO /car/drive [cybertruck2.py:233(cybertruck2.publish_ctrl)] [topics: /rosout, /csi_cam_0/image_raw, /car/mux/ackermann_cmd_mux/input/navigation, /debug_image] publishing ctrl
1651780855.870393037 INFO /car/drive [cybertruck2.py:233(cybertruck2.publish_ctrl)] [topics: /rosout, /csi_cam_0/image_raw, /car/mux/ackermann_cmd_mux/input/navigation, /debug_image] publishing ctrl
1651780855.970870971 INFO /car/drive [cybertruck2.py:233(cybertruck2.publish_ctrl)] [topics: /rosout, /csi_cam_0/image_raw, /car/mux/ackermann_cmd_mux/input/navigation, /debug_image] publishing ctrl
1651780856.070935010 INFO /car/drive [cybertruck2.py:233(cybertruck2.publish_ctrl)] [topics: /rosout, /csi_cam_0/image_raw, /car/mux/ackermann_cmd_mux/input/navigation, /debug_image] publishing ctrl
1651780856.170687913 INFO /car/drive [cybertruck2.py:233(cybertruck2.publish_ctrl)] [topics: /rosout, /csi_cam_0/image_raw, /car/mux/ackermann_cmd_mux/input/navigation, /debug_image] publishing ctrl
1651780856.270709991 INFO /car/drive [cybertruck2.py:233(cybertruck2.publish_ctrl)] [topics: /rosout, /csi_cam_0/image_raw, /car/mux/ackermann_cmd_mux/input/navigation, /debug_image] publishing ctrl
1651780856.370877981 INFO /car/drive [cybertruck2.py:233(cybertruck2.publish_ctrl)] [topics: /rosout, /csi_cam_0/image_raw, /car/mux/ackermann_cmd_mux/input/navigation, /debug_image] publishing ctrl
1651780856.470469951 INFO /car/drive [cybertruck2.py:233(cybertruck2.publish_ctrl)] [topics: /rosout, /csi_cam_0/image_raw, /car/mux/ackermann_cmd_mux/input/navigation, /debug_image] publishing ctrl
1651780856.570656061 INFO /car/drive [cybertruck2.py:233(cybertruck2.publish_ctrl)] [topics: /rosout, /csi_cam_0/image_raw, /car/mux/ackermann_cmd_mux/input/navigation, /debug_image] publishing ctrl
1651780856.670624017 INFO /car/drive [cybertruck2.py:233(cybertruck2.publish_ctrl)] [topics: /rosout, /csi_cam_0/image_raw, /car/mux/ackermann_cmd_mux/input/navigation, /debug_image] publishing ctrl
1651780856.770591020 INFO /car/drive [cybertruck2.py:233(cybertruck2.publish_ctrl)] [topics: /rosout, /csi_cam_0/image_raw, /car/mux/ackermann_cmd_mux/input/navigation, /debug_image] publishing ctrl
1651780856.871337890 INFO /car/drive [cybertruck2.py:233(cybertruck2.publish_ctrl)] [topics: /rosout, /csi_cam_0/image_raw, /car/mux/ackermann_cmd_mux/input/navigation, /debug_image] publishing ctrl
1651780856.970501899 INFO /car/drive [cybertruck2.py:233(cybertruck2.publish_ctrl)] [topics: /rosout, /csi_cam_0/image_raw, /car/mux/ackermann_cmd_mux/input/navigation, /debug_image] publishing ctrl
1651780857.072936058 INFO /car/drive [cybertruck2.py:233(cybertruck2.publish_ctrl)] [topics: /rosout, /csi_cam_0/image_raw, /car/mux/ackermann_cmd_mux/input/navigation, /debug_image] publishing ctrl
1651780857.170075893 INFO /car/drive [cybertruck2.py:233(cybertruck2.publish_ctrl)] [topics: /rosout, /csi_cam_0/image_raw, /car/mux/ackermann_cmd_mux/input/navigation, /debug_image] publishing ctrl
1651780857.271856069 INFO /car/drive [cybertruck2.py:233(cybertruck2.publish_ctrl)] [topics: /rosout, /csi_cam_0/image_raw, /car/mux/ackermann_cmd_mux/input/navigation, /debug_image] publishing ctrl
1651780857.369755029 INFO /car/drive [cybertruck2.py:233(cybertruck2.publish_ctrl)] [topics: /rosout, /csi_cam_0/image_raw, /car/mux/ackermann_cmd_mux/input/navigation, /debug_image] publishing ctrl
1651780857.471623897 INFO /car/drive [cybertruck2.py:233(cybertruck2.publish_ctrl)] [topics: /rosout, /csi_cam_0/image_raw, /car/mux/ackermann_cmd_mux/input/navigation, /debug_image] publishing ctrl
1651780857.569351911 INFO /car/drive [cybertruck2.py:233(cybertruck2.publish_ctrl)] [topics: /rosout, /csi_cam_0/image_raw, /car/mux/ackermann_cmd_mux/input/navigation, /debug_image] publishing ctrl
1651780857.672014951 INFO /car/drive [cybertruck2.py:233(cybertruck2.publish_ctrl)] [topics: /rosout, /csi_cam_0/image_raw, /car/mux/ackermann_cmd_mux/input/navigation, /debug_image] publishing ctrl
1651780857.770157098 INFO /car/drive [cybertruck2.py:233(cybertruck2.publish_ctrl)] [topics: /rosout, /csi_cam_0/image_raw, /car/mux/ackermann_cmd_mux/input/navigation, /debug_image] publishing ctrl
1651780857.871416091 INFO /car/drive [cybertruck2.py:233(cybertruck2.publish_ctrl)] [topics: /rosout, /csi_cam_0/image_raw, /car/mux/ackermann_cmd_mux/input/navigation, /debug_image] publishing ctrl
1651780857.969707012 INFO /car/drive [cybertruck2.py:233(cybertruck2.publish_ctrl)] [topics: /rosout, /csi_cam_0/image_raw, /car/mux/ackermann_cmd_mux/input/navigation, /debug_image] publishing ctrl
1651780858.072276115 INFO /car/drive [cybertruck2.py:233(cybertruck2.publish_ctrl)] [topics: /rosout, /csi_cam_0/image_raw, /car/mux/ackermann_cmd_mux/input/navigation, /debug_image] publishing ctrl
1651780858.171056985 INFO /car/drive [cybertruck2.py:233(cybertruck2.publish_ctrl)] [topics: /rosout, /csi_cam_0/image_raw, /car/mux/ackermann_cmd_mux/input/navigation, /debug_image] publishing ctrl
1651780858.272641897 INFO /car/drive [cybertruck2.py:233(cybertruck2.publish_ctrl)] [topics: /rosout, /csi_cam_0/image_raw, /car/mux/ackermann_cmd_mux/input/navigation, /debug_image] publishing ctrl
1651780858.370111942 INFO /car/drive [cybertruck2.py:233(cybertruck2.publish_ctrl)] [topics: /rosout, /csi_cam_0/image_raw, /car/mux/ackermann_cmd_mux/input/navigation, /debug_image] publishing ctrl
1651780858.473314046 INFO /car/drive [cybertruck2.py:233(cybertruck2.publish_ctrl)] [topics: /rosout, /csi_cam_0/image_raw, /car/mux/ackermann_cmd_mux/input/navigation, /debug_image] publishing ctrl
1651780858.571319103 INFO /car/drive [cybertruck2.py:233(cybertruck2.publish_ctrl)] [topics: /rosout, /csi_cam_0/image_raw, /car/mux/ackermann_cmd_mux/input/navigation, /debug_image] publishing ctrl
1651780858.672550916 INFO /car/drive [cybertruck2.py:233(cybertruck2.publish_ctrl)] [topics: /rosout, /csi_cam_0/image_raw, /car/mux/ackermann_cmd_mux/input/navigation, /debug_image] publishing ctrl
1651780858.770710945 INFO /car/drive [cybertruck2.py:233(cybertruck2.publish_ctrl)] [topics: /rosout, /csi_cam_0/image_raw, /car/mux/ackermann_cmd_mux/input/navigation, /debug_image] publishing ctrl
1651780858.971342086 INFO /car/drive [cybertruck2.py:233(cybertruck2.publish_ctrl)] [topics: /rosout, /csi_cam_0/image_raw, /car/mux/ackermann_cmd_mux/input/navigation, /debug_image] publishing ctrl
1651780858.981822967 INFO /car/drive [cybertruck2.py:233(cybertruck2.publish_ctrl)] [topics: /rosout, /csi_cam_0/image_raw, /car/mux/ackermann_cmd_mux/input/navigation, /debug_image] publishing ctrl
1651780859.071840047 INFO /car/drive [cybertruck2.py:233(cybertruck2.publish_ctrl)] [topics: /rosout, /csi_cam_0/image_raw, /car/mux/ackermann_cmd_mux/input/navigation, /debug_image] publishing ctrl
1651780859.169929981 INFO /car/drive [cybertruck2.py:233(cybertruck2.publish_ctrl)] [topics: /rosout, /csi_cam_0/image_raw, /car/mux/ackermann_cmd_mux/input/navigation, /debug_image] publishing ctrl
1651780859.272675037 INFO /car/drive [cybertruck2.py:233(cybertruck2.publish_ctrl)] [topics: /rosout, /csi_cam_0/image_raw, /car/mux/ackermann_cmd_mux/input/navigation, /debug_image] publishing ctrl
1651780859.369424104 INFO /car/drive [cybertruck2.py:233(cybertruck2.publish_ctrl)] [topics: /rosout, /csi_cam_0/image_raw, /car/mux/ackermann_cmd_mux/input/navigation, /debug_image] publishing ctrl
1651780859.473088979 INFO /car/drive [cybertruck2.py:233(cybertruck2.publish_ctrl)] [topics: /rosout, /csi_cam_0/image_raw, /car/mux/ackermann_cmd_mux/input/navigation, /debug_image] publishing ctrl
1651780859.569940090 INFO /car/drive [cybertruck2.py:233(cybertruck2.publish_ctrl)] [topics: /rosout, /csi_cam_0/image_raw, /car/mux/ackermann_cmd_mux/input/navigation, /debug_image] publishing ctrl
1651780859.672852039 INFO /car/drive [cybertruck2.py:233(cybertruck2.publish_ctrl)] [topics: /rosout, /csi_cam_0/image_raw, /car/mux/ackermann_cmd_mux/input/navigation, /debug_image] publishing ctrl
1651780859.769182920 INFO /car/drive [cybertruck2.py:233(cybertruck2.publish_ctrl)] [topics: /rosout, /csi_cam_0/image_raw, /car/mux/ackermann_cmd_mux/input/navigation, /debug_image] publishing ctrl
1651780859.872318983 INFO /car/drive [cybertruck2.py:233(cybertruck2.publish_ctrl)] [topics: /rosout, /csi_cam_0/image_raw, /car/mux/ackermann_cmd_mux/input/navigation, /debug_image] publishing ctrl
1651780859.969779014 INFO /car/drive [cybertruck2.py:233(cybertruck2.publish_ctrl)] [topics: /rosout, /csi_cam_0/image_raw, /car/mux/ackermann_cmd_mux/input/navigation, /debug_image] publishing ctrl
1651780860.071975946 INFO /car/drive [cybertruck2.py:233(cybertruck2.publish_ctrl)] [topics: /rosout, /csi_cam_0/image_raw, /car/mux/ackermann_cmd_mux/input/navigation, /debug_image] publishing ctrl
1651780860.169301986 INFO /car/drive [cybertruck2.py:233(cybertruck2.publish_ctrl)] [topics: /rosout, /csi_cam_0/image_raw, /car/mux/ackermann_cmd_mux/input/navigation, /debug_image] publishing ctrl
1651780860.271307945 INFO /car/drive [cybertruck2.py:233(cybertruck2.publish_ctrl)] [topics: /rosout, /csi_cam_0/image_raw, /car/mux/ackermann_cmd_mux/input/navigation, /debug_image] publishing ctrl
1651780860.370035886 INFO /car/drive [cybertruck2.py:233(cybertruck2.publish_ctrl)] [topics: /rosout, /csi_cam_0/image_raw, /car/mux/ackermann_cmd_mux/input/navigation, /debug_image] publishing ctrl
1651780860.470649957 INFO /car/drive [cybertruck2.py:233(cybertruck2.publish_ctrl)] [topics: /rosout, /csi_cam_0/image_raw, /car/mux/ackermann_cmd_mux/input/navigation, /debug_image] publishing ctrl
1651780860.570738077 INFO /car/drive [cybertruck2.py:233(cybertruck2.publish_ctrl)] [topics: /rosout, /csi_cam_0/image_raw, /car/mux/ackermann_cmd_mux/input/navigation, /debug_image] publishing ctrl
1651780860.670687913 INFO /car/drive [cybertruck2.py:233(cybertruck2.publish_ctrl)] [topics: /rosout, /csi_cam_0/image_raw, /car/mux/ackermann_cmd_mux/input/navigation, /debug_image] publishing ctrl
1651780860.768927097 INFO /car/drive [cybertruck2.py:233(cybertruck2.publish_ctrl)] [topics: /rosout, /csi_cam_0/image_raw, /car/mux/ackermann_cmd_mux/input/navigation, /debug_image] publishing ctrl
1651780860.647386226 INFO /car/camera/realsense2_camera [/tmp/binarydeb/ros-melodic-roscpp-1.14.12/src/libros/service.cpp:123(service::waitForService)] [topics: /rosout] waitForService: Service [/car/camera/realsense2_camera_manager/load_nodelet] is now available.
1651780860.870670080 INFO /car/drive [cybertruck2.py:233(cybertruck2.publish_ctrl)] [topics: /rosout, /csi_cam_0/image_raw, /car/mux/ackermann_cmd_mux/input/navigation, /debug_image] publishing ctrl
1651780860.636981434 INFO /car/camera/realsense2_camera_manager [/tmp/binarydeb/ros-melodic-nodelet-1.9.16/src/loader.cpp:233(Loader::Impl::advertiseRosApi)] [topics: /rosout] Initializing nodelet with 4 worker threads.
1651780860.968976020 INFO /car/drive [cybertruck2.py:233(cybertruck2.publish_ctrl)] [topics: /rosout, /csi_cam_0/image_raw, /car/mux/ackermann_cmd_mux/input/navigation, /debug_image] publishing ctrl
1651780861.006707319 INFO /car/camera/realsense2_camera_manager [/home/robot/catkin_ws/src/mushr/mushr_hardware/realsense/realsense2_camera/src/realsense_node_factory.cpp:37(RealSenseNodeFactory::RealSenseNodeFactory)] [topics: /rosout] RealSense ROS v2.3.2
1651780861.006788882 INFO /car/camera/realsense2_camera_manager [/home/robot/catkin_ws/src/mushr/mushr_hardware/realsense/realsense2_camera/src/realsense_node_factory.cpp:38(RealSenseNodeFactory::RealSenseNodeFactory)] [topics: /rosout] Built with LibRealSense v2.50.0
1651780861.006879246 INFO /car/camera/realsense2_camera_manager [/home/robot/catkin_ws/src/mushr/mushr_hardware/realsense/realsense2_camera/src/realsense_node_factory.cpp:39(RealSenseNodeFactory::RealSenseNodeFactory)] [topics: /rosout] Running with LibRealSense v2.50.0
1651780861.072122097 INFO /car/drive [cybertruck2.py:233(cybertruck2.publish_ctrl)] [topics: /rosout, /csi_cam_0/image_raw, /car/mux/ackermann_cmd_mux/input/navigation, /debug_image] publishing ctrl
1651780861.079965392 WARN /car/camera/realsense2_camera_manager [/home/robot/catkin_ws/src/mushr/mushr_hardware/realsense/realsense2_camera/src/realsense_node_factory.cpp:93(RealSenseNodeFactory::getDevice)] [topics: /rosout, /car/camera/realsense2_camera_manager/bond] No RealSense devices were found!
1651780861.170425891 INFO /car/drive [cybertruck2.py:233(cybertruck2.publish_ctrl)] [topics: /rosout, /csi_cam_0/image_raw, /car/mux/ackermann_cmd_mux/input/navigation, /debug_image] publishing ctrl
1651780861.270850896 INFO /car/drive [cybertruck2.py:233(cybertruck2.publish_ctrl)] [topics: /rosout, /csi_cam_0/image_raw, /car/mux/ackermann_cmd_mux/input/navigation, /debug_image] publishing ctrl
1651780861.371393918 INFO /car/drive [cybertruck2.py:233(cybertruck2.publish_ctrl)] [topics: /rosout, /csi_cam_0/image_raw, /car/mux/ackermann_cmd_mux/input/navigation, /debug_image] publishing ctrl
1651780861.470043897 INFO /car/drive [cybertruck2.py:233(cybertruck2.publish_ctrl)] [topics: /rosout, /csi_cam_0/image_raw, /car/mux/ackermann_cmd_mux/input/navigation, /debug_image] publishing ctrl
1651780861.570528030 INFO /car/drive [cybertruck2.py:233(cybertruck2.publish_ctrl)] [topics: /rosout, /csi_cam_0/image_raw, /car/mux/ackermann_cmd_mux/input/navigation, /debug_image] publishing ctrl
1651780861.669653892 INFO /car/drive [cybertruck2.py:233(cybertruck2.publish_ctrl)] [topics: /rosout, /csi_cam_0/image_raw, /car/mux/ackermann_cmd_mux/input/navigation, /debug_image] publishing ctrl
1651780861.770219087 INFO /car/drive [cybertruck2.py:233(cybertruck2.publish_ctrl)] [topics: /rosout, /csi_cam_0/image_raw, /car/mux/ackermann_cmd_mux/input/navigation, /debug_image] publishing ctrl
1651780861.871301889 INFO /car/drive [cybertruck2.py:233(cybertruck2.publish_ctrl)] [topics: /rosout, /csi_cam_0/image_raw, /car/mux/ackermann_cmd_mux/input/navigation, /debug_image] publishing ctrl
1651780861.970304012 INFO /car/drive [cybertruck2.py:233(cybertruck2.publish_ctrl)] [topics: /rosout, /csi_cam_0/image_raw, /car/mux/ackermann_cmd_mux/input/navigation, /debug_image] publishing ctrl
1651780862.069770097 INFO /car/drive [cybertruck2.py:233(cybertruck2.publish_ctrl)] [topics: /rosout, /csi_cam_0/image_raw, /car/mux/ackermann_cmd_mux/input/navigation, /debug_image] publishing ctrl
1651780862.170957088 INFO /car/drive [cybertruck2.py:233(cybertruck2.publish_ctrl)] [topics: /rosout, /csi_cam_0/image_raw, /car/mux/ackermann_cmd_mux/input/navigation, /debug_image] publishing ctrl
1651780862.271406888 INFO /car/drive [cybertruck2.py:233(cybertruck2.publish_ctrl)] [topics: /rosout, /csi_cam_0/image_raw, /car/mux/ackermann_cmd_mux/input/navigation, /debug_image] publishing ctrl
1651780862.370960950 INFO /car/drive [cybertruck2.py:233(cybertruck2.publish_ctrl)] [topics: /rosout, /csi_cam_0/image_raw, /car/mux/ackermann_cmd_mux/input/navigation, /debug_image] publishing ctrl
1651780862.470035076 INFO /car/drive [cybertruck2.py:233(cybertruck2.publish_ctrl)] [topics: /rosout, /csi_cam_0/image_raw, /car/mux/ackermann_cmd_mux/input/navigation, /debug_image] publishing ctrl
1651780862.574295997 INFO /car/drive [cybertruck2.py:233(cybertruck2.publish_ctrl)] [topics: /rosout, /csi_cam_0/image_raw, /car/mux/ackermann_cmd_mux/input/navigation, /debug_image] publishing ctrl
1651780862.670876026 INFO /car/drive [cybertruck2.py:233(cybertruck2.publish_ctrl)] [topics: /rosout, /csi_cam_0/image_raw, /car/mux/ackermann_cmd_mux/input/navigation, /debug_image] publishing ctrl
1651780862.770698070 INFO /car/drive [cybertruck2.py:233(cybertruck2.publish_ctrl)] [topics: /rosout, /csi_cam_0/image_raw, /car/mux/ackermann_cmd_mux/input/navigation, /debug_image] publishing ctrl
1651780862.871047973 INFO /car/drive [cybertruck2.py:233(cybertruck2.publish_ctrl)] [topics: /rosout, /csi_cam_0/image_raw, /car/mux/ackermann_cmd_mux/input/navigation, /debug_image] publishing ctrl
1651780862.970808982 INFO /car/drive [cybertruck2.py:233(cybertruck2.publish_ctrl)] [topics: /rosout, /csi_cam_0/image_raw, /car/mux/ackermann_cmd_mux/input/navigation, /debug_image] publishing ctrl
1651780863.071178913 INFO /car/drive [cybertruck2.py:233(cybertruck2.publish_ctrl)] [topics: /rosout, /csi_cam_0/image_raw, /car/mux/ackermann_cmd_mux/input/navigation, /debug_image] publishing ctrl
1651780863.171495914 INFO /car/drive [cybertruck2.py:233(cybertruck2.publish_ctrl)] [topics: /rosout, /csi_cam_0/image_raw, /car/mux/ackermann_cmd_mux/input/navigation, /debug_image] publishing ctrl
1651780863.271054983 INFO /car/drive [cybertruck2.py:233(cybertruck2.publish_ctrl)] [topics: /rosout, /csi_cam_0/image_raw, /car/mux/ackermann_cmd_mux/input/navigation, /debug_image] publishing ctrl
1651780863.370951890 INFO /car/drive [cybertruck2.py:233(cybertruck2.publish_ctrl)] [topics: /rosout, /csi_cam_0/image_raw, /car/mux/ackermann_cmd_mux/input/navigation, /debug_image] publishing ctrl
1651780863.471793889 INFO /car/drive [cybertruck2.py:233(cybertruck2.publish_ctrl)] [topics: /rosout, /csi_cam_0/image_raw, /car/mux/ackermann_cmd_mux/input/navigation, /debug_image] publishing ctrl
1651780863.569904088 INFO /car/drive [cybertruck2.py:233(cybertruck2.publish_ctrl)] [topics: /rosout, /csi_cam_0/image_raw, /car/mux/ackermann_cmd_mux/input/navigation, /debug_image] publishing ctrl
1651780863.670481920 INFO /car/drive [cybertruck2.py:233(cybertruck2.publish_ctrl)] [topics: /rosout, /csi_cam_0/image_raw, /car/mux/ackermann_cmd_mux/input/navigation, /debug_image] publishing ctrl
1651780863.772315025 INFO /car/drive [cybertruck2.py:233(cybertruck2.publish_ctrl)] [topics: /rosout, /csi_cam_0/image_raw, /car/mux/ackermann_cmd_mux/input/navigation, /debug_image] publishing ctrl
1651780863.870892047 INFO /car/drive [cybertruck2.py:233(cybertruck2.publish_ctrl)] [topics: /rosout, /csi_cam_0/image_raw, /car/mux/ackermann_cmd_mux/input/navigation, /debug_image] publishing ctrl
1651780863.970540046 INFO /car/drive [cybertruck2.py:233(cybertruck2.publish_ctrl)] [topics: /rosout, /csi_cam_0/image_raw, /car/mux/ackermann_cmd_mux/input/navigation, /debug_image] publishing ctrl
1651780864.070485115 INFO /car/drive [cybertruck2.py:233(cybertruck2.publish_ctrl)] [topics: /rosout, /csi_cam_0/image_raw, /car/mux/ackermann_cmd_mux/input/navigation, /debug_image] publishing ctrl
1651780864.170739889 INFO /car/drive [cybertruck2.py:233(cybertruck2.publish_ctrl)] [topics: /rosout, /csi_cam_0/image_raw, /car/mux/ackermann_cmd_mux/input/navigation, /debug_image] publishing ctrl
1651780864.270524978 INFO /car/drive [cybertruck2.py:233(cybertruck2.publish_ctrl)] [topics: /rosout, /csi_cam_0/image_raw, /car/mux/ackermann_cmd_mux/input/navigation, /debug_image] publishing ctrl
1651780864.370805025 INFO /car/drive [cybertruck2.py:233(cybertruck2.publish_ctrl)] [topics: /rosout, /csi_cam_0/image_raw, /car/mux/ackermann_cmd_mux/input/navigation, /debug_image] publishing ctrl
1651780864.471230030 INFO /car/drive [cybertruck2.py:233(cybertruck2.publish_ctrl)] [topics: /rosout, /csi_cam_0/image_raw, /car/mux/ackermann_cmd_mux/input/navigation, /debug_image] publishing ctrl
1651780864.571198940 INFO /car/drive [cybertruck2.py:233(cybertruck2.publish_ctrl)] [topics: /rosout, /csi_cam_0/image_raw, /car/mux/ackermann_cmd_mux/input/navigation, /debug_image] publishing ctrl
1651780864.671246051 INFO /car/drive [cybertruck2.py:233(cybertruck2.publish_ctrl)] [topics: /rosout, /csi_cam_0/image_raw, /car/mux/ackermann_cmd_mux/input/navigation, /debug_image] publishing ctrl
1651780864.770544052 INFO /car/drive [cybertruck2.py:233(cybertruck2.publish_ctrl)] [topics: /rosout, /csi_cam_0/image_raw, /car/mux/ackermann_cmd_mux/input/navigation, /debug_image] publishing ctrl
1651780864.870773077 INFO /car/drive [cybertruck2.py:233(cybertruck2.publish_ctrl)] [topics: /rosout, /csi_cam_0/image_raw, /car/mux/ackermann_cmd_mux/input/navigation, /debug_image] publishing ctrl
1651780864.970170021 INFO /car/drive [cybertruck2.py:233(cybertruck2.publish_ctrl)] [topics: /rosout, /csi_cam_0/image_raw, /car/mux/ackermann_cmd_mux/input/navigation, /debug_image] publishing ctrl
1651780865.071531057 INFO /car/drive [cybertruck2.py:233(cybertruck2.publish_ctrl)] [topics: /rosout, /csi_cam_0/image_raw, /car/mux/ackermann_cmd_mux/input/navigation, /debug_image] publishing ctrl
1651780865.170685052 INFO /car/drive [cybertruck2.py:233(cybertruck2.publish_ctrl)] [topics: /rosout, /csi_cam_0/image_raw, /car/mux/ackermann_cmd_mux/input/navigation, /debug_image] publishing ctrl
1651780865.270854949 INFO /car/drive [cybertruck2.py:233(cybertruck2.publish_ctrl)] [topics: /rosout, /csi_cam_0/image_raw, /car/mux/ackermann_cmd_mux/input/navigation, /debug_image] publishing ctrl
1651780865.370718955 INFO /car/drive [cybertruck2.py:233(cybertruck2.publish_ctrl)] [topics: /rosout, /csi_cam_0/image_raw, /car/mux/ackermann_cmd_mux/input/navigation, /debug_image] publishing ctrl
1651780865.470577955 INFO /car/drive [cybertruck2.py:233(cybertruck2.publish_ctrl)] [topics: /rosout, /csi_cam_0/image_raw, /car/mux/ackermann_cmd_mux/input/navigation, /debug_image] publishing ctrl
1651780865.571007966 INFO /car/drive [cybertruck2.py:233(cybertruck2.publish_ctrl)] [topics: /rosout, /csi_cam_0/image_raw, /car/mux/ackermann_cmd_mux/input/navigation, /debug_image] publishing ctrl
1651780865.670511007 INFO /car/drive [cybertruck2.py:233(cybertruck2.publish_ctrl)] [topics: /rosout, /csi_cam_0/image_raw, /car/mux/ackermann_cmd_mux/input/navigation, /debug_image] publishing ctrl
1651780865.770749092 INFO /car/drive [cybertruck2.py:233(cybertruck2.publish_ctrl)] [topics: /rosout, /csi_cam_0/image_raw, /car/mux/ackermann_cmd_mux/input/navigation, /debug_image] publishing ctrl
1651780865.870256900 INFO /car/drive [cybertruck2.py:233(cybertruck2.publish_ctrl)] [topics: /rosout, /csi_cam_0/image_raw, /car/mux/ackermann_cmd_mux/input/navigation, /debug_image] publishing ctrl
1651780865.970000028 INFO /car/drive [cybertruck2.py:233(cybertruck2.publish_ctrl)] [topics: /rosout, /csi_cam_0/image_raw, /car/mux/ackermann_cmd_mux/input/navigation, /debug_image] publishing ctrl
1651780866.070977926 INFO /car/drive [cybertruck2.py:233(cybertruck2.publish_ctrl)] [topics: /rosout, /csi_cam_0/image_raw, /car/mux/ackermann_cmd_mux/input/navigation, /debug_image] publishing ctrl
1651780866.171142101 INFO /car/drive [cybertruck2.py:233(cybertruck2.publish_ctrl)] [topics: /rosout, /csi_cam_0/image_raw, /car/mux/ackermann_cmd_mux/input/navigation, /debug_image] publishing ctrl
1651780866.270133972 INFO /car/drive [cybertruck2.py:233(cybertruck2.publish_ctrl)] [topics: /rosout, /csi_cam_0/image_raw, /car/mux/ackermann_cmd_mux/input/navigation, /debug_image] publishing ctrl
1651780866.370721101 INFO /car/drive [cybertruck2.py:233(cybertruck2.publish_ctrl)] [topics: /rosout, /csi_cam_0/image_raw, /car/mux/ackermann_cmd_mux/input/navigation, /debug_image] publishing ctrl
1651780866.471370935 INFO /car/drive [cybertruck2.py:233(cybertruck2.publish_ctrl)] [topics: /rosout, /csi_cam_0/image_raw, /car/mux/ackermann_cmd_mux/input/navigation, /debug_image] publishing ctrl
1651780866.570559024 INFO /car/drive [cybertruck2.py:233(cybertruck2.publish_ctrl)] [topics: /rosout, /csi_cam_0/image_raw, /car/mux/ackermann_cmd_mux/input/navigation, /debug_image] publishing ctrl
1651780866.673813104 INFO /car/drive [cybertruck2.py:233(cybertruck2.publish_ctrl)] [topics: /rosout, /csi_cam_0/image_raw, /car/mux/ackermann_cmd_mux/input/navigation, /debug_image] publishing ctrl
1651780866.772238969 INFO /car/drive [cybertruck2.py:233(cybertruck2.publish_ctrl)] [topics: /rosout, /csi_cam_0/image_raw, /car/mux/ackermann_cmd_mux/input/navigation, /debug_image] publishing ctrl
1651780866.873903989 INFO /car/drive [cybertruck2.py:233(cybertruck2.publish_ctrl)] [topics: /rosout, /csi_cam_0/image_raw, /car/mux/ackermann_cmd_mux/input/navigation, /debug_image] publishing ctrl
1651780866.971690893 INFO /car/drive [cybertruck2.py:233(cybertruck2.publish_ctrl)] [topics: /rosout, /csi_cam_0/image_raw, /car/mux/ackermann_cmd_mux/input/navigation, /debug_image] publishing ctrl
1651780867.075850963 INFO /car/drive [cybertruck2.py:233(cybertruck2.publish_ctrl)] [topics: /rosout, /csi_cam_0/image_raw, /car/mux/ackermann_cmd_mux/input/navigation, /debug_image] publishing ctrl
1651780867.112534609 WARN /car/camera/realsense2_camera_manager [/home/robot/catkin_ws/src/mushr/mushr_hardware/realsense/realsense2_camera/src/realsense_node_factory.cpp:93(RealSenseNodeFactory::getDevice)] [topics: /rosout, /car/camera/realsense2_camera_manager/bond] No RealSense devices were found!
1651780867.171334028 INFO /car/drive [cybertruck2.py:233(cybertruck2.publish_ctrl)] [topics: /rosout, /csi_cam_0/image_raw, /car/mux/ackermann_cmd_mux/input/navigation, /debug_image] publishing ctrl
1651780867.271497964 INFO /car/drive [cybertruck2.py:233(cybertruck2.publish_ctrl)] [topics: /rosout, /csi_cam_0/image_raw, /car/mux/ackermann_cmd_mux/input/navigation, /debug_image] publishing ctrl
1651780867.372801065 INFO /car/drive [cybertruck2.py:233(cybertruck2.publish_ctrl)] [topics: /rosout, /csi_cam_0/image_raw, /car/mux/ackermann_cmd_mux/input/navigation, /debug_image] publishing ctrl
1651780867.478307962 INFO /car/drive [cybertruck2.py:233(cybertruck2.publish_ctrl)] [topics: /rosout, /csi_cam_0/image_raw, /car/mux/ackermann_cmd_mux/input/navigation, /debug_image] publishing ctrl
1651780867.572299957 INFO /car/drive [cybertruck2.py:233(cybertruck2.publish_ctrl)] [topics: /rosout, /csi_cam_0/image_raw, /car/mux/ackermann_cmd_mux/input/navigation, /debug_image] publishing ctrl
1651780867.677611112 INFO /car/drive [cybertruck2.py:233(cybertruck2.publish_ctrl)] [topics: /rosout, /csi_cam_0/image_raw, /car/mux/ackermann_cmd_mux/input/navigation, /debug_image] publishing ctrl
1651780867.772149085 INFO /car/drive [cybertruck2.py:233(cybertruck2.publish_ctrl)] [topics: /rosout, /csi_cam_0/image_raw, /car/mux/ackermann_cmd_mux/input/navigation, /debug_image] publishing ctrl
1651780867.871083974 INFO /car/drive [cybertruck2.py:233(cybertruck2.publish_ctrl)] [topics: /rosout, /csi_cam_0/image_raw, /car/mux/ackermann_cmd_mux/input/navigation, /debug_image] publishing ctrl
1651780867.970302104 INFO /car/drive [cybertruck2.py:233(cybertruck2.publish_ctrl)] [topics: /rosout, /csi_cam_0/image_raw, /car/mux/ackermann_cmd_mux/input/navigation, /debug_image] publishing ctrl
1651780868.074723005 INFO /car/drive [cybertruck2.py:233(cybertruck2.publish_ctrl)] [topics: /rosout, /csi_cam_0/image_raw, /car/mux/ackermann_cmd_mux/input/navigation, /debug_image] publishing ctrl
1651780868.175514936 INFO /car/drive [cybertruck2.py:233(cybertruck2.publish_ctrl)] [topics: /rosout, /csi_cam_0/image_raw, /car/mux/ackermann_cmd_mux/input/navigation, /debug_image] publishing ctrl
1651780868.272699117 INFO /car/drive [cybertruck2.py:233(cybertruck2.publish_ctrl)] [topics: /rosout, /csi_cam_0/image_raw, /car/mux/ackermann_cmd_mux/input/navigation, /debug_image] publishing ctrl
1651780868.369514942 INFO /car/drive [cybertruck2.py:233(cybertruck2.publish_ctrl)] [topics: /rosout, /csi_cam_0/image_raw, /car/mux/ackermann_cmd_mux/input/navigation, /debug_image] publishing ctrl
1651780868.475609064 INFO /car/drive [cybertruck2.py:233(cybertruck2.publish_ctrl)] [topics: /rosout, /csi_cam_0/image_raw, /car/mux/ackermann_cmd_mux/input/navigation, /debug_image] publishing ctrl
1651780868.572501897 INFO /car/drive [cybertruck2.py:233(cybertruck2.publish_ctrl)] [topics: /rosout, /csi_cam_0/image_raw, /car/mux/ackermann_cmd_mux/input/navigation, /debug_image] publishing ctrl
1651780868.675236940 INFO /car/drive [cybertruck2.py:233(cybertruck2.publish_ctrl)] [topics: /rosout, /csi_cam_0/image_raw, /car/mux/ackermann_cmd_mux/input/navigation, /debug_image] publishing ctrl
1651780868.770039081 INFO /car/drive [cybertruck2.py:233(cybertruck2.publish_ctrl)] [topics: /rosout, /csi_cam_0/image_raw, /car/mux/ackermann_cmd_mux/input/navigation, /debug_image] publishing ctrl
1651780868.879456043 INFO /car/drive [cybertruck2.py:233(cybertruck2.publish_ctrl)] [topics: /rosout, /csi_cam_0/image_raw, /car/mux/ackermann_cmd_mux/input/navigation, /debug_image] publishing ctrl
1651780868.971549987 INFO /car/drive [cybertruck2.py:233(cybertruck2.publish_ctrl)] [topics: /rosout, /csi_cam_0/image_raw, /car/mux/ackermann_cmd_mux/input/navigation, /debug_image] publishing ctrl
1651780869.072128057 INFO /car/drive [cybertruck2.py:233(cybertruck2.publish_ctrl)] [topics: /rosout, /csi_cam_0/image_raw, /car/mux/ackermann_cmd_mux/input/navigation, /debug_image] publishing ctrl
1651780869.170471906 INFO /car/drive [cybertruck2.py:233(cybertruck2.publish_ctrl)] [topics: /rosout, /csi_cam_0/image_raw, /car/mux/ackermann_cmd_mux/input/navigation, /debug_image] publishing ctrl
1651780869.270370960 INFO /car/drive [cybertruck2.py:233(cybertruck2.publish_ctrl)] [topics: /rosout, /csi_cam_0/image_raw, /car/mux/ackermann_cmd_mux/input/navigation, /debug_image] publishing ctrl
1651780869.370893001 INFO /car/drive [cybertruck2.py:233(cybertruck2.publish_ctrl)] [topics: /rosout, /csi_cam_0/image_raw, /car/mux/ackermann_cmd_mux/input/navigation, /debug_image] publishing ctrl
1651780869.473464012 INFO /car/drive [cybertruck2.py:233(cybertruck2.publish_ctrl)] [topics: /rosout, /csi_cam_0/image_raw, /car/mux/ackermann_cmd_mux/input/navigation, /debug_image] publishing ctrl
1651780869.571043968 INFO /car/drive [cybertruck2.py:233(cybertruck2.publish_ctrl)] [topics: /rosout, /csi_cam_0/image_raw, /car/mux/ackermann_cmd_mux/input/navigation, /debug_image] publishing ctrl
1651780869.672669887 INFO /car/drive [cybertruck2.py:233(cybertruck2.publish_ctrl)] [topics: /rosout, /csi_cam_0/image_raw, /car/mux/ackermann_cmd_mux/input/navigation, /debug_image] publishing ctrl
1651780869.771356105 INFO /car/drive [cybertruck2.py:233(cybertruck2.publish_ctrl)] [topics: /rosout, /csi_cam_0/image_raw, /car/mux/ackermann_cmd_mux/input/navigation, /debug_image] publishing ctrl
1651780869.870557069 INFO /car/drive [cybertruck2.py:233(cybertruck2.publish_ctrl)] [topics: /rosout, /csi_cam_0/image_raw, /car/mux/ackermann_cmd_mux/input/navigation, /debug_image] publishing ctrl
1651780869.969685077 INFO /car/drive [cybertruck2.py:233(cybertruck2.publish_ctrl)] [topics: /rosout, /csi_cam_0/image_raw, /car/mux/ackermann_cmd_mux/input/navigation, /debug_image] publishing ctrl
1651780870.073421955 INFO /car/drive [cybertruck2.py:233(cybertruck2.publish_ctrl)] [topics: /rosout, /csi_cam_0/image_raw, /car/mux/ackermann_cmd_mux/input/navigation, /debug_image] publishing ctrl
1651780870.170475959 INFO /car/drive [cybertruck2.py:233(cybertruck2.publish_ctrl)] [topics: /rosout, /csi_cam_0/image_raw, /car/mux/ackermann_cmd_mux/input/navigation, /debug_image] publishing ctrl
1651780870.272310972 INFO /car/drive [cybertruck2.py:233(cybertruck2.publish_ctrl)] [topics: /rosout, /csi_cam_0/image_raw, /car/mux/ackermann_cmd_mux/input/navigation, /debug_image] publishing ctrl
1651780870.370728969 INFO /car/drive [cybertruck2.py:233(cybertruck2.publish_ctrl)] [topics: /rosout, /csi_cam_0/image_raw, /car/mux/ackermann_cmd_mux/input/navigation, /debug_image] publishing ctrl
1651780870.474564075 INFO /car/drive [cybertruck2.py:233(cybertruck2.publish_ctrl)] [topics: /rosout, /csi_cam_0/image_raw, /car/mux/ackermann_cmd_mux/input/navigation, /debug_image] publishing ctrl
1651780870.569654941 INFO /car/drive [cybertruck2.py:233(cybertruck2.publish_ctrl)] [topics: /rosout, /csi_cam_0/image_raw, /car/mux/ackermann_cmd_mux/input/navigation, /debug_image] publishing ctrl
1651780870.670370101 INFO /car/drive [cybertruck2.py:233(cybertruck2.publish_ctrl)] [topics: /rosout, /csi_cam_0/image_raw, /car/mux/ackermann_cmd_mux/input/navigation, /debug_image] publishing ctrl
1651780870.770379066 INFO /car/drive [cybertruck2.py:233(cybertruck2.publish_ctrl)] [topics: /rosout, /csi_cam_0/image_raw, /car/mux/ackermann_cmd_mux/input/navigation, /debug_image] publishing ctrl
1651780870.870381116 INFO /car/drive [cybertruck2.py:233(cybertruck2.publish_ctrl)] [topics: /rosout, /csi_cam_0/image_raw, /car/mux/ackermann_cmd_mux/input/navigation, /debug_image] publishing ctrl
1651780870.970021963 INFO /car/drive [cybertruck2.py:233(cybertruck2.publish_ctrl)] [topics: /rosout, /csi_cam_0/image_raw, /car/mux/ackermann_cmd_mux/input/navigation, /debug_image] publishing ctrl
1651780871.073959112 INFO /car/drive [cybertruck2.py:233(cybertruck2.publish_ctrl)] [topics: /rosout, /csi_cam_0/image_raw, /car/mux/ackermann_cmd_mux/input/navigation, /debug_image] publishing ctrl
1651780871.171509981 INFO /car/drive [cybertruck2.py:233(cybertruck2.publish_ctrl)] [topics: /rosout, /csi_cam_0/image_raw, /car/mux/ackermann_cmd_mux/input/navigation, /debug_image] publishing ctrl
1651780871.272017002 INFO /car/drive [cybertruck2.py:233(cybertruck2.publish_ctrl)] [topics: /rosout, /csi_cam_0/image_raw, /car/mux/ackermann_cmd_mux/input/navigation, /debug_image] publishing ctrl
1651780871.371237039 INFO /car/drive [cybertruck2.py:233(cybertruck2.publish_ctrl)] [topics: /rosout, /csi_cam_0/image_raw, /car/mux/ackermann_cmd_mux/input/navigation, /debug_image] publishing ctrl
1651780871.470766067 INFO /car/drive [cybertruck2.py:233(cybertruck2.publish_ctrl)] [topics: /rosout, /csi_cam_0/image_raw, /car/mux/ackermann_cmd_mux/input/navigation, /debug_image] publishing ctrl
1651780871.569694042 INFO /car/drive [cybertruck2.py:233(cybertruck2.publish_ctrl)] [topics: /rosout, /csi_cam_0/image_raw, /car/mux/ackermann_cmd_mux/input/navigation, /debug_image] publishing ctrl
1651780871.671529054 INFO /car/drive [cybertruck2.py:233(cybertruck2.publish_ctrl)] [topics: /rosout, /csi_cam_0/image_raw, /car/mux/ackermann_cmd_mux/input/navigation, /debug_image] publishing ctrl
1651780871.769876956 INFO /car/drive [cybertruck2.py:233(cybertruck2.publish_ctrl)] [topics: /rosout, /csi_cam_0/image_raw, /car/mux/ackermann_cmd_mux/input/navigation, /debug_image] publishing ctrl
1651780871.874183893 INFO /car/drive [cybertruck2.py:233(cybertruck2.publish_ctrl)] [topics: /rosout, /csi_cam_0/image_raw, /car/mux/ackermann_cmd_mux/input/navigation, /debug_image] publishing ctrl
1651780871.971087932 INFO /car/drive [cybertruck2.py:233(cybertruck2.publish_ctrl)] [topics: /rosout, /csi_cam_0/image_raw, /car/mux/ackermann_cmd_mux/input/navigation, /debug_image] publishing ctrl
1651780872.073947906 INFO /car/drive [cybertruck2.py:233(cybertruck2.publish_ctrl)] [topics: /rosout, /csi_cam_0/image_raw, /car/mux/ackermann_cmd_mux/input/navigation, /debug_image] publishing ctrl
1651780872.114933201 INFO /car/mux/ackermann_cmd_mux [/tmp/binarydeb/ros-melodic-nodelet-1.9.16/src/nodelet.cpp:159(unloadNodelet)] [topics: /rosout, /car/mux/nodelet_manager/bond] Unloading nodelet /car/mux/ackermann_cmd_mux from manager nodelet_manager
1651780872.158740388 INFO /car/camera/realsense2_camera [/tmp/binarydeb/ros-melodic-nodelet-1.9.16/src/nodelet.cpp:159(unloadNodelet)] [topics: /rosout, /car/camera/realsense2_camera_manager/bond] Unloading nodelet /car/camera/realsense2_camera from manager realsense2_camera_manager
