[rospy.client][INFO] 2022-05-05 15:39:03,917: init_node, name[/car/vesc/throttle_interpolator], pid[7822]
[xmlrpc][INFO] 2022-05-05 15:39:03,918: XML-RPC server binding to 0.0.0.0:0
[rospy.init][INFO] 2022-05-05 15:39:03,920: ROS Slave URI: [http://robot-desktop:36727/]
[xmlrpc][INFO] 2022-05-05 15:39:03,920: Started XML-RPC server [http://robot-desktop:36727/]
[rospy.impl.masterslave][INFO] 2022-05-05 15:39:03,921: _ready: http://robot-desktop:36727/
[xmlrpc][INFO] 2022-05-05 15:39:03,926: xml rpc node: starting XML-RPC server
[rospy.registration][INFO] 2022-05-05 15:39:03,928: Registering with master node http://robot-desktop:11311
[rospy.init][INFO] 2022-05-05 15:39:04,021: registered with master
[rospy.rosout][INFO] 2022-05-05 15:39:04,021: initializing /rosout core topic
[rospy.rosout][INFO] 2022-05-05 15:39:04,036: connected to core topic /rosout
[rospy.simtime][INFO] 2022-05-05 15:39:04,053: /use_sim_time is not set, will not subscribe to simulated time [/clock] topic
[rospy.internal][INFO] 2022-05-05 15:39:04,316: topic[/car/vesc/commands/servo/unsmoothed_position] adding connection to [http://robot-desktop:36013/], count 0
[rospy.internal][INFO] 2022-05-05 15:39:04,318: topic[/car/vesc/commands/motor/unsmoothed_speed] adding connection to [http://robot-desktop:36013/], count 0
[rospy.internal][INFO] 2022-05-05 15:39:04,338: topic[/rosout] adding connection to [/rosout], count 0
[rospy.core][INFO] 2022-05-05 15:39:11,072: signal_shutdown [signal-2]
[rospy.internal][INFO] 2022-05-05 15:39:11,092: topic[/rosout] removing connection to /rosout
[rospy.internal][INFO] 2022-05-05 15:39:11,095: topic[/car/vesc/commands/motor/unsmoothed_speed] removing connection to http://robot-desktop:36013/
[rospy.internal][INFO] 2022-05-05 15:39:11,097: topic[/car/vesc/commands/servo/unsmoothed_position] removing connection to http://robot-desktop:36013/
[rospy.impl.masterslave][INFO] 2022-05-05 15:39:11,098: signal-2
[rospy.internal][WARNING] 2022-05-05 15:39:11,300: Unknown error initiating TCP/IP socket to robot-desktop:39157 (http://robot-desktop:36013/): Traceback (most recent call last):
  File "/opt/ros/melodic/lib/python2.7/dist-packages/rospy/impl/tcpros_base.py", line 562, in connect
    self.read_header()
  File "/opt/ros/melodic/lib/python2.7/dist-packages/rospy/impl/tcpros_base.py", line 657, in read_header
    self._validate_header(read_ros_handshake_header(sock, self.read_buff, self.protocol.buff_size))
  File "/opt/ros/melodic/lib/python2.7/dist-packages/rosgraph/network.py", line 357, in read_ros_handshake_header
    d = sock.recv(buff_size)
error: [Errno 104] Connection reset by peer

[rospy.internal][WARNING] 2022-05-05 15:39:11,301: Unknown error initiating TCP/IP socket to robot-desktop:39157 (http://robot-desktop:36013/): Traceback (most recent call last):
  File "/opt/ros/melodic/lib/python2.7/dist-packages/rospy/impl/tcpros_base.py", line 562, in connect
    self.read_header()
  File "/opt/ros/melodic/lib/python2.7/dist-packages/rospy/impl/tcpros_base.py", line 657, in read_header
    self._validate_header(read_ros_handshake_header(sock, self.read_buff, self.protocol.buff_size))
  File "/opt/ros/melodic/lib/python2.7/dist-packages/rosgraph/network.py", line 357, in read_ros_handshake_header
    d = sock.recv(buff_size)
error: [Errno 104] Connection reset by peer

[rospy.core][INFO] 2022-05-05 15:39:11,719: signal_shutdown [atexit]
