[rospy.client][INFO] 2022-05-05 15:39:07,331: init_node, name[/car/drive], pid[7927]
[xmlrpc][INFO] 2022-05-05 15:39:07,332: XML-RPC server binding to 0.0.0.0:0
[xmlrpc][INFO] 2022-05-05 15:39:07,333: Started XML-RPC server [http://robot-desktop:39899/]
[rospy.init][INFO] 2022-05-05 15:39:07,333: ROS Slave URI: [http://robot-desktop:39899/]
[rospy.impl.masterslave][INFO] 2022-05-05 15:39:07,334: _ready: http://robot-desktop:39899/
[xmlrpc][INFO] 2022-05-05 15:39:07,335: xml rpc node: starting XML-RPC server
[rospy.registration][INFO] 2022-05-05 15:39:07,336: Registering with master node http://robot-desktop:11311
[rospy.init][INFO] 2022-05-05 15:39:07,434: registered with master
[rospy.rosout][INFO] 2022-05-05 15:39:07,435: initializing /rosout core topic
[rospy.rosout][INFO] 2022-05-05 15:39:07,443: connected to core topic /rosout
[rospy.simtime][INFO] 2022-05-05 15:39:07,446: /use_sim_time is not set, will not subscribe to simulated time [/clock] topic
[rosout][INFO] 2022-05-05 15:39:07,500: publishing ctrl
[rosout][INFO] 2022-05-05 15:39:07,505: publishing ctrl
[rosout][INFO] 2022-05-05 15:39:07,509: publishing ctrl
[rosout][INFO] 2022-05-05 15:39:07,513: publishing ctrl
[rosout][INFO] 2022-05-05 15:39:07,518: publishing ctrl
[rosout][INFO] 2022-05-05 15:39:07,522: publishing ctrl
[rosout][INFO] 2022-05-05 15:39:07,526: publishing ctrl
[rosout][INFO] 2022-05-05 15:39:07,530: publishing ctrl
[rosout][INFO] 2022-05-05 15:39:07,534: publishing ctrl
[rosout][INFO] 2022-05-05 15:39:07,538: publishing ctrl
[rosout][INFO] 2022-05-05 15:39:07,543: publishing ctrl
[rosout][INFO] 2022-05-05 15:39:07,547: publishing ctrl
[rosout][INFO] 2022-05-05 15:39:07,551: publishing ctrl
[rosout][INFO] 2022-05-05 15:39:07,556: publishing ctrl
[rosout][INFO] 2022-05-05 15:39:07,560: publishing ctrl
[rosout][INFO] 2022-05-05 15:39:07,564: publishing ctrl
[rosout][INFO] 2022-05-05 15:39:07,569: publishing ctrl
[rosout][INFO] 2022-05-05 15:39:07,575: publishing ctrl
[rosout][INFO] 2022-05-05 15:39:07,580: publishing ctrl
[rosout][INFO] 2022-05-05 15:39:07,585: publishing ctrl
[rosout][INFO] 2022-05-05 15:39:07,589: publishing ctrl
[rosout][INFO] 2022-05-05 15:39:07,593: publishing ctrl
[rosout][INFO] 2022-05-05 15:39:07,597: publishing ctrl
[rosout][INFO] 2022-05-05 15:39:07,601: publishing ctrl
[rosout][INFO] 2022-05-05 15:39:07,605: publishing ctrl
[rosout][INFO] 2022-05-05 15:39:07,609: publishing ctrl
[rosout][INFO] 2022-05-05 15:39:07,613: publishing ctrl
[rosout][INFO] 2022-05-05 15:39:07,618: publishing ctrl
[rosout][INFO] 2022-05-05 15:39:07,622: publishing ctrl
[rosout][INFO] 2022-05-05 15:39:07,626: publishing ctrl
[rosout][INFO] 2022-05-05 15:39:07,630: publishing ctrl
[rosout][INFO] 2022-05-05 15:39:07,634: publishing ctrl
[rosout][INFO] 2022-05-05 15:39:07,638: publishing ctrl
[rosout][INFO] 2022-05-05 15:39:07,642: publishing ctrl
[rosout][INFO] 2022-05-05 15:39:07,647: publishing ctrl
[rosout][INFO] 2022-05-05 15:39:07,651: publishing ctrl
[rosout][INFO] 2022-05-05 15:39:07,655: publishing ctrl
[rosout][INFO] 2022-05-05 15:39:07,659: publishing ctrl
[rosout][INFO] 2022-05-05 15:39:07,663: publishing ctrl
[rosout][INFO] 2022-05-05 15:39:07,667: publishing ctrl
[rosout][INFO] 2022-05-05 15:39:07,671: publishing ctrl
[rospy.internal][INFO] 2022-05-05 15:39:07,680: topic[/rosout] adding connection to [/rosout], count 0
[rosout][INFO] 2022-05-05 15:39:07,677: publishing ctrl
[rosout][INFO] 2022-05-05 15:39:07,685: publishing ctrl
[rosout][INFO] 2022-05-05 15:39:07,690: publishing ctrl
[rosout][INFO] 2022-05-05 15:39:07,695: publishing ctrl
[rosout][INFO] 2022-05-05 15:39:07,700: publishing ctrl
[rosout][INFO] 2022-05-05 15:39:07,704: publishing ctrl
[rosout][INFO] 2022-05-05 15:39:07,709: publishing ctrl
[rosout][INFO] 2022-05-05 15:39:07,713: publishing ctrl
[rosout][INFO] 2022-05-05 15:39:07,718: publishing ctrl
[rosout][INFO] 2022-05-05 15:39:07,722: publishing ctrl
[rosout][INFO] 2022-05-05 15:39:07,727: publishing ctrl
[rosout][INFO] 2022-05-05 15:39:07,731: publishing ctrl
[rosout][INFO] 2022-05-05 15:39:07,736: publishing ctrl
[rosout][INFO] 2022-05-05 15:39:07,740: publishing ctrl
[rosout][INFO] 2022-05-05 15:39:07,745: publishing ctrl
[rosout][INFO] 2022-05-05 15:39:07,750: publishing ctrl
[rosout][INFO] 2022-05-05 15:39:07,754: publishing ctrl
[rosout][INFO] 2022-05-05 15:39:07,759: publishing ctrl
[rosout][INFO] 2022-05-05 15:39:07,763: publishing ctrl
[rosout][INFO] 2022-05-05 15:39:07,768: publishing ctrl
[rosout][INFO] 2022-05-05 15:39:07,773: publishing ctrl
[rospy.internal][INFO] 2022-05-05 15:39:07,780: topic[/car/mux/ackermann_cmd_mux/input/navigation] adding connection to [/car/mux/nodelet_manager], count 0
[rosout][INFO] 2022-05-05 15:39:07,777: publishing ctrl
[rosout][INFO] 2022-05-05 15:39:07,783: publishing ctrl
[rosout][INFO] 2022-05-05 15:39:07,788: publishing ctrl
[rosout][INFO] 2022-05-05 15:39:07,793: publishing ctrl
[rosout][INFO] 2022-05-05 15:39:07,798: publishing ctrl
[rosout][INFO] 2022-05-05 15:39:07,803: publishing ctrl
[rosout][INFO] 2022-05-05 15:39:07,808: publishing ctrl
[rosout][INFO] 2022-05-05 15:39:07,813: publishing ctrl
[rosout][INFO] 2022-05-05 15:39:07,822: publishing ctrl
[rosout][INFO] 2022-05-05 15:39:07,828: publishing ctrl
[rosout][INFO] 2022-05-05 15:39:07,834: publishing ctrl
[rosout][INFO] 2022-05-05 15:39:07,839: publishing ctrl
[rosout][INFO] 2022-05-05 15:39:07,845: publishing ctrl
[rosout][INFO] 2022-05-05 15:39:07,852: publishing ctrl
[rosout][INFO] 2022-05-05 15:39:07,858: publishing ctrl
[rosout][INFO] 2022-05-05 15:39:07,865: publishing ctrl
[rosout][INFO] 2022-05-05 15:39:07,872: publishing ctrl
[rosout][INFO] 2022-05-05 15:39:07,879: publishing ctrl
[rosout][INFO] 2022-05-05 15:39:07,887: publishing ctrl
[rosout][INFO] 2022-05-05 15:39:07,894: publishing ctrl
[rosout][INFO] 2022-05-05 15:39:07,899: publishing ctrl
[rosout][INFO] 2022-05-05 15:39:07,905: publishing ctrl
[rosout][INFO] 2022-05-05 15:39:07,914: publishing ctrl
[rosout][INFO] 2022-05-05 15:39:07,919: publishing ctrl
[rosout][INFO] 2022-05-05 15:39:07,924: publishing ctrl
[rosout][INFO] 2022-05-05 15:39:07,929: publishing ctrl
[rosout][INFO] 2022-05-05 15:39:07,935: publishing ctrl
[rosout][INFO] 2022-05-05 15:39:07,940: publishing ctrl
[rosout][INFO] 2022-05-05 15:39:07,944: publishing ctrl
[rosout][INFO] 2022-05-05 15:39:07,950: publishing ctrl
[rosout][INFO] 2022-05-05 15:39:07,954: publishing ctrl
[rosout][INFO] 2022-05-05 15:39:07,960: publishing ctrl
[rosout][INFO] 2022-05-05 15:39:07,965: publishing ctrl
[rosout][INFO] 2022-05-05 15:39:07,970: publishing ctrl
[rosout][INFO] 2022-05-05 15:39:07,975: publishing ctrl
[rosout][INFO] 2022-05-05 15:39:07,980: publishing ctrl
[rosout][INFO] 2022-05-05 15:39:07,985: publishing ctrl
[rosout][INFO] 2022-05-05 15:39:07,990: publishing ctrl
[rosout][INFO] 2022-05-05 15:39:07,995: publishing ctrl
[rosout][INFO] 2022-05-05 15:39:08,000: publishing ctrl
[rosout][INFO] 2022-05-05 15:39:08,005: publishing ctrl
[rosout][INFO] 2022-05-05 15:39:08,010: publishing ctrl
[rosout][INFO] 2022-05-05 15:39:08,015: publishing ctrl
[rosout][INFO] 2022-05-05 15:39:08,020: publishing ctrl
[rosout][INFO] 2022-05-05 15:39:08,025: publishing ctrl
[rosout][INFO] 2022-05-05 15:39:08,030: publishing ctrl
[rosout][INFO] 2022-05-05 15:39:08,035: publishing ctrl
[rosout][INFO] 2022-05-05 15:39:08,040: publishing ctrl
[rosout][INFO] 2022-05-05 15:39:08,045: publishing ctrl
[rosout][INFO] 2022-05-05 15:39:08,050: publishing ctrl
[rosout][INFO] 2022-05-05 15:39:08,055: publishing ctrl
[rosout][INFO] 2022-05-05 15:39:08,060: publishing ctrl
[rosout][INFO] 2022-05-05 15:39:08,065: publishing ctrl
[rosout][INFO] 2022-05-05 15:39:08,070: publishing ctrl
[rosout][INFO] 2022-05-05 15:39:08,075: publishing ctrl
[rosout][INFO] 2022-05-05 15:39:08,080: publishing ctrl
[rosout][INFO] 2022-05-05 15:39:08,085: publishing ctrl
[rosout][INFO] 2022-05-05 15:39:08,092: publishing ctrl
[rosout][INFO] 2022-05-05 15:39:08,099: publishing ctrl
[rosout][INFO] 2022-05-05 15:39:08,104: publishing ctrl
[rosout][INFO] 2022-05-05 15:39:08,109: publishing ctrl
[rosout][INFO] 2022-05-05 15:39:08,114: publishing ctrl
[rosout][INFO] 2022-05-05 15:39:08,119: publishing ctrl
[rosout][INFO] 2022-05-05 15:39:08,124: publishing ctrl
[rosout][INFO] 2022-05-05 15:39:08,128: publishing ctrl
[rosout][INFO] 2022-05-05 15:39:08,134: publishing ctrl
[rosout][INFO] 2022-05-05 15:39:08,138: publishing ctrl
[rosout][INFO] 2022-05-05 15:39:08,143: publishing ctrl
[rosout][INFO] 2022-05-05 15:39:08,148: publishing ctrl
[rosout][INFO] 2022-05-05 15:39:08,153: publishing ctrl
[rosout][INFO] 2022-05-05 15:39:08,158: publishing ctrl
[rosout][INFO] 2022-05-05 15:39:08,163: publishing ctrl
[rosout][INFO] 2022-05-05 15:39:08,168: publishing ctrl
[rosout][INFO] 2022-05-05 15:39:08,173: publishing ctrl
[rosout][INFO] 2022-05-05 15:39:08,178: publishing ctrl
[rosout][INFO] 2022-05-05 15:39:08,183: publishing ctrl
[rosout][INFO] 2022-05-05 15:39:08,190: publishing ctrl
[rosout][INFO] 2022-05-05 15:39:08,194: publishing ctrl
[rosout][INFO] 2022-05-05 15:39:08,199: publishing ctrl
[rosout][INFO] 2022-05-05 15:39:08,205: publishing ctrl
[rosout][INFO] 2022-05-05 15:39:08,210: publishing ctrl
[rosout][INFO] 2022-05-05 15:39:08,215: publishing ctrl
[rosout][INFO] 2022-05-05 15:39:08,220: publishing ctrl
[rosout][INFO] 2022-05-05 15:39:08,225: publishing ctrl
[rosout][INFO] 2022-05-05 15:39:08,231: publishing ctrl
[rosout][INFO] 2022-05-05 15:39:08,238: publishing ctrl
[rosout][INFO] 2022-05-05 15:39:08,243: publishing ctrl
[rosout][INFO] 2022-05-05 15:39:08,249: publishing ctrl
[rosout][INFO] 2022-05-05 15:39:08,255: publishing ctrl
[rosout][INFO] 2022-05-05 15:39:08,260: publishing ctrl
[rosout][INFO] 2022-05-05 15:39:08,266: publishing ctrl
[rosout][INFO] 2022-05-05 15:39:08,273: publishing ctrl
[rosout][INFO] 2022-05-05 15:39:08,282: publishing ctrl
[rosout][INFO] 2022-05-05 15:39:08,291: publishing ctrl
[rosout][INFO] 2022-05-05 15:39:08,297: publishing ctrl
[rosout][INFO] 2022-05-05 15:39:08,303: publishing ctrl
[rosout][INFO] 2022-05-05 15:39:08,308: publishing ctrl
[rosout][INFO] 2022-05-05 15:39:08,315: publishing ctrl
[rosout][INFO] 2022-05-05 15:39:08,322: publishing ctrl
[rosout][INFO] 2022-05-05 15:39:08,327: publishing ctrl
[rosout][INFO] 2022-05-05 15:39:08,333: publishing ctrl
[rosout][INFO] 2022-05-05 15:39:08,340: publishing ctrl
[rosout][INFO] 2022-05-05 15:39:08,345: publishing ctrl
[rosout][INFO] 2022-05-05 15:39:08,350: publishing ctrl
[rosout][INFO] 2022-05-05 15:39:08,355: publishing ctrl
[rosout][INFO] 2022-05-05 15:39:08,360: publishing ctrl
[rosout][INFO] 2022-05-05 15:39:08,365: publishing ctrl
[rosout][INFO] 2022-05-05 15:39:08,370: publishing ctrl
[rosout][INFO] 2022-05-05 15:39:08,375: publishing ctrl
[rosout][INFO] 2022-05-05 15:39:08,380: publishing ctrl
[rosout][INFO] 2022-05-05 15:39:08,385: publishing ctrl
[rosout][INFO] 2022-05-05 15:39:08,391: publishing ctrl
[rosout][INFO] 2022-05-05 15:39:08,396: publishing ctrl
[rosout][INFO] 2022-05-05 15:39:08,401: publishing ctrl
[rosout][INFO] 2022-05-05 15:39:08,406: publishing ctrl
[rosout][INFO] 2022-05-05 15:39:08,411: publishing ctrl
[rosout][INFO] 2022-05-05 15:39:08,416: publishing ctrl
[rosout][INFO] 2022-05-05 15:39:08,425: publishing ctrl
[rosout][INFO] 2022-05-05 15:39:08,431: publishing ctrl
[rosout][INFO] 2022-05-05 15:39:08,435: publishing ctrl
[rosout][INFO] 2022-05-05 15:39:08,441: publishing ctrl
[rosout][INFO] 2022-05-05 15:39:08,446: publishing ctrl
[rosout][INFO] 2022-05-05 15:39:08,451: publishing ctrl
[rosout][INFO] 2022-05-05 15:39:08,456: publishing ctrl
[rosout][INFO] 2022-05-05 15:39:08,461: publishing ctrl
[rosout][INFO] 2022-05-05 15:39:08,466: publishing ctrl
[rosout][INFO] 2022-05-05 15:39:08,471: publishing ctrl
[rosout][INFO] 2022-05-05 15:39:08,476: publishing ctrl
[rosout][INFO] 2022-05-05 15:39:08,481: publishing ctrl
[rosout][INFO] 2022-05-05 15:39:08,486: publishing ctrl
[rosout][INFO] 2022-05-05 15:39:08,491: publishing ctrl
[rosout][INFO] 2022-05-05 15:39:08,500: publishing ctrl
[rosout][INFO] 2022-05-05 15:39:08,507: publishing ctrl
[rosout][INFO] 2022-05-05 15:39:08,513: publishing ctrl
[rosout][INFO] 2022-05-05 15:39:08,518: publishing ctrl
[rosout][INFO] 2022-05-05 15:39:08,523: publishing ctrl
[rosout][INFO] 2022-05-05 15:39:08,528: publishing ctrl
[rosout][INFO] 2022-05-05 15:39:08,533: publishing ctrl
[rosout][INFO] 2022-05-05 15:39:08,538: publishing ctrl
[rosout][INFO] 2022-05-05 15:39:08,543: publishing ctrl
[rosout][INFO] 2022-05-05 15:39:08,548: publishing ctrl
[rosout][INFO] 2022-05-05 15:39:08,553: publishing ctrl
[rosout][INFO] 2022-05-05 15:39:08,558: publishing ctrl
[rosout][INFO] 2022-05-05 15:39:08,563: publishing ctrl
[rosout][INFO] 2022-05-05 15:39:08,568: publishing ctrl
[rosout][INFO] 2022-05-05 15:39:08,573: publishing ctrl
[rosout][INFO] 2022-05-05 15:39:08,578: publishing ctrl
[rosout][INFO] 2022-05-05 15:39:08,583: publishing ctrl
[rosout][INFO] 2022-05-05 15:39:08,588: publishing ctrl
[rosout][INFO] 2022-05-05 15:39:08,593: publishing ctrl
[rosout][INFO] 2022-05-05 15:39:08,598: publishing ctrl
[rosout][INFO] 2022-05-05 15:39:08,603: publishing ctrl
[rosout][INFO] 2022-05-05 15:39:08,609: publishing ctrl
[rosout][INFO] 2022-05-05 15:39:08,614: publishing ctrl
[rosout][INFO] 2022-05-05 15:39:08,619: publishing ctrl
[rosout][INFO] 2022-05-05 15:39:08,624: publishing ctrl
[rosout][INFO] 2022-05-05 15:39:08,629: publishing ctrl
[rosout][INFO] 2022-05-05 15:39:08,634: publishing ctrl
[rosout][INFO] 2022-05-05 15:39:08,639: publishing ctrl
[rosout][INFO] 2022-05-05 15:39:08,644: publishing ctrl
[rosout][INFO] 2022-05-05 15:39:08,650: publishing ctrl
[rosout][INFO] 2022-05-05 15:39:08,656: publishing ctrl
[rosout][INFO] 2022-05-05 15:39:08,661: publishing ctrl
[rosout][INFO] 2022-05-05 15:39:08,667: publishing ctrl
[rosout][INFO] 2022-05-05 15:39:08,672: publishing ctrl
[rosout][INFO] 2022-05-05 15:39:08,678: publishing ctrl
[rosout][INFO] 2022-05-05 15:39:08,684: publishing ctrl
[rosout][INFO] 2022-05-05 15:39:08,691: publishing ctrl
[rosout][INFO] 2022-05-05 15:39:08,697: publishing ctrl
[rosout][INFO] 2022-05-05 15:39:08,705: publishing ctrl
[rosout][INFO] 2022-05-05 15:39:08,711: publishing ctrl
[rosout][INFO] 2022-05-05 15:39:08,717: publishing ctrl
[rosout][INFO] 2022-05-05 15:39:08,723: publishing ctrl
[rosout][INFO] 2022-05-05 15:39:08,729: publishing ctrl
[rosout][INFO] 2022-05-05 15:39:08,736: publishing ctrl
[rosout][INFO] 2022-05-05 15:39:08,741: publishing ctrl
[rosout][INFO] 2022-05-05 15:39:08,748: publishing ctrl
[rosout][INFO] 2022-05-05 15:39:08,754: publishing ctrl
[rosout][INFO] 2022-05-05 15:39:08,759: publishing ctrl
[rosout][INFO] 2022-05-05 15:39:08,764: publishing ctrl
[rosout][INFO] 2022-05-05 15:39:08,769: publishing ctrl
[rosout][INFO] 2022-05-05 15:39:08,774: publishing ctrl
[rosout][INFO] 2022-05-05 15:39:08,779: publishing ctrl
[rosout][INFO] 2022-05-05 15:39:08,784: publishing ctrl
[rosout][INFO] 2022-05-05 15:39:08,789: publishing ctrl
[rosout][INFO] 2022-05-05 15:39:08,794: publishing ctrl
[rosout][INFO] 2022-05-05 15:39:08,799: publishing ctrl
[rosout][INFO] 2022-05-05 15:39:08,804: publishing ctrl
[rosout][INFO] 2022-05-05 15:39:08,809: publishing ctrl
[rosout][INFO] 2022-05-05 15:39:08,815: publishing ctrl
[rosout][INFO] 2022-05-05 15:39:08,820: publishing ctrl
[rosout][INFO] 2022-05-05 15:39:08,825: publishing ctrl
[rosout][INFO] 2022-05-05 15:39:08,830: publishing ctrl
[rosout][INFO] 2022-05-05 15:39:08,835: publishing ctrl
[rosout][INFO] 2022-05-05 15:39:08,840: publishing ctrl
[rosout][INFO] 2022-05-05 15:39:08,845: publishing ctrl
[rosout][INFO] 2022-05-05 15:39:08,850: publishing ctrl
[rosout][INFO] 2022-05-05 15:39:08,855: publishing ctrl
[rosout][INFO] 2022-05-05 15:39:08,859: publishing ctrl
[rosout][INFO] 2022-05-05 15:39:08,865: publishing ctrl
[rosout][INFO] 2022-05-05 15:39:08,870: publishing ctrl
[rosout][INFO] 2022-05-05 15:39:08,875: publishing ctrl
[rosout][INFO] 2022-05-05 15:39:08,880: publishing ctrl
[rosout][INFO] 2022-05-05 15:39:08,885: publishing ctrl
[rosout][INFO] 2022-05-05 15:39:08,890: publishing ctrl
[rosout][INFO] 2022-05-05 15:39:08,895: publishing ctrl
[rosout][INFO] 2022-05-05 15:39:08,900: publishing ctrl
[rosout][INFO] 2022-05-05 15:39:08,908: publishing ctrl
[rosout][INFO] 2022-05-05 15:39:08,914: publishing ctrl
[rosout][INFO] 2022-05-05 15:39:08,920: publishing ctrl
[rosout][INFO] 2022-05-05 15:39:08,925: publishing ctrl
[rosout][INFO] 2022-05-05 15:39:08,930: publishing ctrl
[rosout][INFO] 2022-05-05 15:39:08,935: publishing ctrl
[rosout][INFO] 2022-05-05 15:39:08,940: publishing ctrl
[rosout][INFO] 2022-05-05 15:39:08,945: publishing ctrl
[rosout][INFO] 2022-05-05 15:39:08,950: publishing ctrl
[rosout][INFO] 2022-05-05 15:39:08,955: publishing ctrl
[rosout][INFO] 2022-05-05 15:39:08,960: publishing ctrl
[rosout][INFO] 2022-05-05 15:39:08,965: publishing ctrl
[rosout][INFO] 2022-05-05 15:39:08,970: publishing ctrl
[rosout][INFO] 2022-05-05 15:39:08,975: publishing ctrl
[rosout][INFO] 2022-05-05 15:39:08,980: publishing ctrl
[rosout][INFO] 2022-05-05 15:39:08,985: publishing ctrl
[rosout][INFO] 2022-05-05 15:39:08,990: publishing ctrl
[rosout][INFO] 2022-05-05 15:39:08,995: publishing ctrl
[rosout][INFO] 2022-05-05 15:39:09,000: publishing ctrl
[rosout][INFO] 2022-05-05 15:39:09,005: publishing ctrl
[rosout][INFO] 2022-05-05 15:39:09,010: publishing ctrl
[rosout][INFO] 2022-05-05 15:39:09,017: publishing ctrl
[rosout][INFO] 2022-05-05 15:39:09,022: publishing ctrl
[rosout][INFO] 2022-05-05 15:39:09,027: publishing ctrl
[rosout][INFO] 2022-05-05 15:39:09,032: publishing ctrl
[rosout][INFO] 2022-05-05 15:39:09,037: publishing ctrl
[rosout][INFO] 2022-05-05 15:39:09,042: publishing ctrl
[rosout][INFO] 2022-05-05 15:39:09,047: publishing ctrl
[rosout][INFO] 2022-05-05 15:39:09,052: publishing ctrl
[rosout][INFO] 2022-05-05 15:39:09,057: publishing ctrl
[rosout][INFO] 2022-05-05 15:39:09,062: publishing ctrl
[rosout][INFO] 2022-05-05 15:39:09,071: publishing ctrl
[rosout][INFO] 2022-05-05 15:39:09,076: publishing ctrl
[rosout][INFO] 2022-05-05 15:39:09,082: publishing ctrl
[rosout][INFO] 2022-05-05 15:39:09,087: publishing ctrl
[rosout][INFO] 2022-05-05 15:39:09,093: publishing ctrl
[rosout][INFO] 2022-05-05 15:39:09,100: publishing ctrl
[rosout][INFO] 2022-05-05 15:39:09,106: publishing ctrl
[rosout][INFO] 2022-05-05 15:39:09,113: publishing ctrl
[rosout][INFO] 2022-05-05 15:39:09,121: publishing ctrl
[rosout][INFO] 2022-05-05 15:39:09,127: publishing ctrl
[rosout][INFO] 2022-05-05 15:39:09,135: publishing ctrl
[rosout][INFO] 2022-05-05 15:39:09,141: publishing ctrl
[rosout][INFO] 2022-05-05 15:39:09,149: publishing ctrl
[rosout][INFO] 2022-05-05 15:39:09,156: publishing ctrl
[rosout][INFO] 2022-05-05 15:39:09,161: publishing ctrl
[rosout][INFO] 2022-05-05 15:39:09,169: publishing ctrl
[rosout][INFO] 2022-05-05 15:39:09,174: publishing ctrl
[rosout][INFO] 2022-05-05 15:39:09,179: publishing ctrl
[rosout][INFO] 2022-05-05 15:39:09,184: publishing ctrl
[rosout][INFO] 2022-05-05 15:39:09,189: publishing ctrl
[rosout][INFO] 2022-05-05 15:39:09,194: publishing ctrl
[rosout][INFO] 2022-05-05 15:39:09,199: publishing ctrl
[rosout][INFO] 2022-05-05 15:39:09,204: publishing ctrl
[rosout][INFO] 2022-05-05 15:39:09,209: publishing ctrl
[rosout][INFO] 2022-05-05 15:39:09,214: publishing ctrl
[rosout][INFO] 2022-05-05 15:39:09,219: publishing ctrl
[rosout][INFO] 2022-05-05 15:39:09,224: publishing ctrl
[rosout][INFO] 2022-05-05 15:39:09,229: publishing ctrl
[rosout][INFO] 2022-05-05 15:39:09,234: publishing ctrl
[rosout][INFO] 2022-05-05 15:39:09,239: publishing ctrl
[rosout][INFO] 2022-05-05 15:39:09,244: publishing ctrl
[rosout][INFO] 2022-05-05 15:39:09,249: publishing ctrl
[rosout][INFO] 2022-05-05 15:39:09,254: publishing ctrl
[rosout][INFO] 2022-05-05 15:39:09,259: publishing ctrl
[rosout][INFO] 2022-05-05 15:39:09,264: publishing ctrl
[rosout][INFO] 2022-05-05 15:39:09,269: publishing ctrl
[rosout][INFO] 2022-05-05 15:39:09,274: publishing ctrl
[rosout][INFO] 2022-05-05 15:39:09,279: publishing ctrl
[rosout][INFO] 2022-05-05 15:39:09,284: publishing ctrl
[rosout][INFO] 2022-05-05 15:39:09,289: publishing ctrl
[rosout][INFO] 2022-05-05 15:39:09,295: publishing ctrl
[rosout][INFO] 2022-05-05 15:39:09,300: publishing ctrl
[rosout][INFO] 2022-05-05 15:39:09,305: publishing ctrl
[rosout][INFO] 2022-05-05 15:39:09,310: publishing ctrl
[rosout][INFO] 2022-05-05 15:39:09,315: publishing ctrl
[rosout][INFO] 2022-05-05 15:39:09,323: publishing ctrl
[rosout][INFO] 2022-05-05 15:39:09,330: publishing ctrl
[rosout][INFO] 2022-05-05 15:39:09,335: publishing ctrl
[rosout][INFO] 2022-05-05 15:39:09,340: publishing ctrl
[rosout][INFO] 2022-05-05 15:39:09,345: publishing ctrl
[rosout][INFO] 2022-05-05 15:39:09,350: publishing ctrl
[rosout][INFO] 2022-05-05 15:39:09,355: publishing ctrl
[rosout][INFO] 2022-05-05 15:39:09,360: publishing ctrl
[rosout][INFO] 2022-05-05 15:39:09,365: publishing ctrl
[rosout][INFO] 2022-05-05 15:39:09,370: publishing ctrl
[rosout][INFO] 2022-05-05 15:39:09,375: publishing ctrl
[rosout][INFO] 2022-05-05 15:39:09,380: publishing ctrl
[rosout][INFO] 2022-05-05 15:39:09,385: publishing ctrl
[rosout][INFO] 2022-05-05 15:39:09,390: publishing ctrl
[rosout][INFO] 2022-05-05 15:39:09,395: publishing ctrl
[rosout][INFO] 2022-05-05 15:39:09,400: publishing ctrl
[rosout][INFO] 2022-05-05 15:39:09,405: publishing ctrl
[rosout][INFO] 2022-05-05 15:39:09,410: publishing ctrl
[rosout][INFO] 2022-05-05 15:39:09,415: publishing ctrl
[rosout][INFO] 2022-05-05 15:39:09,420: publishing ctrl
[rosout][INFO] 2022-05-05 15:39:09,425: publishing ctrl
[rosout][INFO] 2022-05-05 15:39:09,432: publishing ctrl
[rosout][INFO] 2022-05-05 15:39:09,437: publishing ctrl
[rosout][INFO] 2022-05-05 15:39:09,442: publishing ctrl
[rosout][INFO] 2022-05-05 15:39:09,447: publishing ctrl
[rosout][INFO] 2022-05-05 15:39:09,452: publishing ctrl
[rosout][INFO] 2022-05-05 15:39:09,457: publishing ctrl
[rosout][INFO] 2022-05-05 15:39:09,462: publishing ctrl
[rosout][INFO] 2022-05-05 15:39:09,468: publishing ctrl
[rosout][INFO] 2022-05-05 15:39:09,473: publishing ctrl
[rosout][INFO] 2022-05-05 15:39:09,477: publishing ctrl
[rosout][INFO] 2022-05-05 15:39:09,488: publishing ctrl
[rosout][INFO] 2022-05-05 15:39:09,494: publishing ctrl
[rosout][INFO] 2022-05-05 15:39:09,500: publishing ctrl
[rosout][INFO] 2022-05-05 15:39:09,505: publishing ctrl
[rosout][INFO] 2022-05-05 15:39:09,511: publishing ctrl
[rosout][INFO] 2022-05-05 15:39:09,517: publishing ctrl
[rosout][INFO] 2022-05-05 15:39:09,524: publishing ctrl
[rosout][INFO] 2022-05-05 15:39:09,533: publishing ctrl
[rosout][INFO] 2022-05-05 15:39:09,539: publishing ctrl
[rosout][INFO] 2022-05-05 15:39:09,545: publishing ctrl
[rosout][INFO] 2022-05-05 15:39:09,553: publishing ctrl
[rosout][INFO] 2022-05-05 15:39:09,560: publishing ctrl
[rosout][INFO] 2022-05-05 15:39:09,567: publishing ctrl
[rosout][INFO] 2022-05-05 15:39:09,573: publishing ctrl
[rosout][INFO] 2022-05-05 15:39:09,579: publishing ctrl
[rosout][INFO] 2022-05-05 15:39:09,586: publishing ctrl
[rosout][INFO] 2022-05-05 15:39:09,591: publishing ctrl
[rosout][INFO] 2022-05-05 15:39:09,596: publishing ctrl
[rosout][INFO] 2022-05-05 15:39:09,601: publishing ctrl
[rosout][INFO] 2022-05-05 15:39:09,606: publishing ctrl
[rosout][INFO] 2022-05-05 15:39:09,611: publishing ctrl
[rosout][INFO] 2022-05-05 15:39:09,616: publishing ctrl
[rosout][INFO] 2022-05-05 15:39:09,621: publishing ctrl
[rosout][INFO] 2022-05-05 15:39:09,626: publishing ctrl
[rosout][INFO] 2022-05-05 15:39:09,631: publishing ctrl
[rosout][INFO] 2022-05-05 15:39:09,636: publishing ctrl
[rosout][INFO] 2022-05-05 15:39:09,642: publishing ctrl
[rosout][INFO] 2022-05-05 15:39:09,647: publishing ctrl
[rosout][INFO] 2022-05-05 15:39:09,652: publishing ctrl
[rosout][INFO] 2022-05-05 15:39:09,657: publishing ctrl
[rosout][INFO] 2022-05-05 15:39:09,662: publishing ctrl
[rosout][INFO] 2022-05-05 15:39:09,667: publishing ctrl
[rosout][INFO] 2022-05-05 15:39:09,672: publishing ctrl
[rosout][INFO] 2022-05-05 15:39:09,677: publishing ctrl
[rosout][INFO] 2022-05-05 15:39:09,683: publishing ctrl
[rosout][INFO] 2022-05-05 15:39:09,687: publishing ctrl
[rosout][INFO] 2022-05-05 15:39:09,693: publishing ctrl
[rosout][INFO] 2022-05-05 15:39:09,698: publishing ctrl
[rosout][INFO] 2022-05-05 15:39:09,702: publishing ctrl
[rosout][INFO] 2022-05-05 15:39:09,708: publishing ctrl
[rosout][INFO] 2022-05-05 15:39:09,713: publishing ctrl
[rosout][INFO] 2022-05-05 15:39:09,718: publishing ctrl
[rosout][INFO] 2022-05-05 15:39:09,723: publishing ctrl
[rosout][INFO] 2022-05-05 15:39:09,728: publishing ctrl
[rosout][INFO] 2022-05-05 15:39:09,736: publishing ctrl
[rosout][INFO] 2022-05-05 15:39:09,742: publishing ctrl
[rosout][INFO] 2022-05-05 15:39:09,747: publishing ctrl
[rosout][INFO] 2022-05-05 15:39:09,752: publishing ctrl
[rosout][INFO] 2022-05-05 15:39:09,757: publishing ctrl
[rosout][INFO] 2022-05-05 15:39:09,762: publishing ctrl
[rosout][INFO] 2022-05-05 15:39:09,767: publishing ctrl
[rosout][INFO] 2022-05-05 15:39:09,772: publishing ctrl
[rosout][INFO] 2022-05-05 15:39:09,777: publishing ctrl
[rosout][INFO] 2022-05-05 15:39:09,782: publishing ctrl
[rosout][INFO] 2022-05-05 15:39:09,787: publishing ctrl
[rosout][INFO] 2022-05-05 15:39:09,792: publishing ctrl
[rosout][INFO] 2022-05-05 15:39:09,797: publishing ctrl
[rosout][INFO] 2022-05-05 15:39:09,802: publishing ctrl
[rosout][INFO] 2022-05-05 15:39:09,807: publishing ctrl
[rosout][INFO] 2022-05-05 15:39:09,811: publishing ctrl
[rosout][INFO] 2022-05-05 15:39:09,816: publishing ctrl
[rosout][INFO] 2022-05-05 15:39:09,821: publishing ctrl
[rosout][INFO] 2022-05-05 15:39:09,827: publishing ctrl
[rosout][INFO] 2022-05-05 15:39:09,832: publishing ctrl
[rosout][INFO] 2022-05-05 15:39:09,837: publishing ctrl
[rosout][INFO] 2022-05-05 15:39:09,842: publishing ctrl
[rosout][INFO] 2022-05-05 15:39:09,847: publishing ctrl
[rosout][INFO] 2022-05-05 15:39:09,852: publishing ctrl
[rosout][INFO] 2022-05-05 15:39:09,857: publishing ctrl
[rosout][INFO] 2022-05-05 15:39:09,862: publishing ctrl
[rosout][INFO] 2022-05-05 15:39:09,867: publishing ctrl
[rosout][INFO] 2022-05-05 15:39:09,872: publishing ctrl
[rosout][INFO] 2022-05-05 15:39:09,877: publishing ctrl
[rosout][INFO] 2022-05-05 15:39:09,882: publishing ctrl
[rosout][INFO] 2022-05-05 15:39:09,887: publishing ctrl
[rosout][INFO] 2022-05-05 15:39:09,892: publishing ctrl
[rosout][INFO] 2022-05-05 15:39:09,902: publishing ctrl
[rosout][INFO] 2022-05-05 15:39:09,907: publishing ctrl
[rosout][INFO] 2022-05-05 15:39:09,913: publishing ctrl
[rosout][INFO] 2022-05-05 15:39:09,918: publishing ctrl
[rosout][INFO] 2022-05-05 15:39:09,924: publishing ctrl
[rosout][INFO] 2022-05-05 15:39:09,930: publishing ctrl
[rosout][INFO] 2022-05-05 15:39:09,936: publishing ctrl
[rosout][INFO] 2022-05-05 15:39:09,942: publishing ctrl
[rosout][INFO] 2022-05-05 15:39:09,949: publishing ctrl
[rosout][INFO] 2022-05-05 15:39:09,955: publishing ctrl
[rosout][INFO] 2022-05-05 15:39:09,962: publishing ctrl
[rosout][INFO] 2022-05-05 15:39:09,968: publishing ctrl
[rosout][INFO] 2022-05-05 15:39:09,974: publishing ctrl
[rosout][INFO] 2022-05-05 15:39:09,980: publishing ctrl
[rosout][INFO] 2022-05-05 15:39:09,987: publishing ctrl
[rosout][INFO] 2022-05-05 15:39:09,993: publishing ctrl
[rosout][INFO] 2022-05-05 15:39:10,001: publishing ctrl
[rosout][INFO] 2022-05-05 15:39:10,007: publishing ctrl
[rosout][INFO] 2022-05-05 15:39:10,012: publishing ctrl
[rosout][INFO] 2022-05-05 15:39:10,018: publishing ctrl
[rosout][INFO] 2022-05-05 15:39:10,023: publishing ctrl
[rosout][INFO] 2022-05-05 15:39:10,028: publishing ctrl
[rosout][INFO] 2022-05-05 15:39:10,033: publishing ctrl
[rosout][INFO] 2022-05-05 15:39:10,039: publishing ctrl
[rosout][INFO] 2022-05-05 15:39:10,044: publishing ctrl
[rosout][INFO] 2022-05-05 15:39:10,049: publishing ctrl
[rosout][INFO] 2022-05-05 15:39:10,054: publishing ctrl
[rosout][INFO] 2022-05-05 15:39:10,059: publishing ctrl
[rosout][INFO] 2022-05-05 15:39:10,064: publishing ctrl
[rosout][INFO] 2022-05-05 15:39:10,070: publishing ctrl
[rosout][INFO] 2022-05-05 15:39:10,075: publishing ctrl
[rosout][INFO] 2022-05-05 15:39:10,080: publishing ctrl
[rosout][INFO] 2022-05-05 15:39:10,085: publishing ctrl
[rosout][INFO] 2022-05-05 15:39:10,090: publishing ctrl
[rosout][INFO] 2022-05-05 15:39:10,095: publishing ctrl
[rosout][INFO] 2022-05-05 15:39:10,100: publishing ctrl
[rosout][INFO] 2022-05-05 15:39:10,105: publishing ctrl
[rosout][INFO] 2022-05-05 15:39:10,110: publishing ctrl
[rosout][INFO] 2022-05-05 15:39:10,116: publishing ctrl
[rosout][INFO] 2022-05-05 15:39:10,121: publishing ctrl
[rosout][INFO] 2022-05-05 15:39:10,126: publishing ctrl
[rosout][INFO] 2022-05-05 15:39:10,131: publishing ctrl
[rosout][INFO] 2022-05-05 15:39:10,136: publishing ctrl
[rosout][INFO] 2022-05-05 15:39:10,141: publishing ctrl
[rosout][INFO] 2022-05-05 15:39:10,146: publishing ctrl
[rosout][INFO] 2022-05-05 15:39:10,151: publishing ctrl
[rosout][INFO] 2022-05-05 15:39:10,156: publishing ctrl
[rosout][INFO] 2022-05-05 15:39:10,161: publishing ctrl
[rosout][INFO] 2022-05-05 15:39:10,166: publishing ctrl
[rosout][INFO] 2022-05-05 15:39:10,172: publishing ctrl
[rosout][INFO] 2022-05-05 15:39:10,177: publishing ctrl
[rosout][INFO] 2022-05-05 15:39:10,182: publishing ctrl
[rosout][INFO] 2022-05-05 15:39:10,187: publishing ctrl
[rosout][INFO] 2022-05-05 15:39:10,192: publishing ctrl
[rosout][INFO] 2022-05-05 15:39:10,198: publishing ctrl
[rosout][INFO] 2022-05-05 15:39:10,205: publishing ctrl
[rosout][INFO] 2022-05-05 15:39:10,212: publishing ctrl
[rosout][INFO] 2022-05-05 15:39:10,217: publishing ctrl
[rosout][INFO] 2022-05-05 15:39:10,222: publishing ctrl
[rosout][INFO] 2022-05-05 15:39:10,227: publishing ctrl
[rosout][INFO] 2022-05-05 15:39:10,232: publishing ctrl
[rosout][INFO] 2022-05-05 15:39:10,237: publishing ctrl
[rosout][INFO] 2022-05-05 15:39:10,243: publishing ctrl
[rosout][INFO] 2022-05-05 15:39:10,248: publishing ctrl
[rosout][INFO] 2022-05-05 15:39:10,253: publishing ctrl
[rosout][INFO] 2022-05-05 15:39:10,258: publishing ctrl
[rosout][INFO] 2022-05-05 15:39:10,262: publishing ctrl
[rosout][INFO] 2022-05-05 15:39:10,267: publishing ctrl
[rosout][INFO] 2022-05-05 15:39:10,272: publishing ctrl
[rosout][INFO] 2022-05-05 15:39:10,277: publishing ctrl
[rosout][INFO] 2022-05-05 15:39:10,282: publishing ctrl
[rosout][INFO] 2022-05-05 15:39:10,287: publishing ctrl
[rosout][INFO] 2022-05-05 15:39:10,292: publishing ctrl
[rosout][INFO] 2022-05-05 15:39:10,296: publishing ctrl
[rosout][INFO] 2022-05-05 15:39:10,301: publishing ctrl
[rosout][INFO] 2022-05-05 15:39:10,306: publishing ctrl
[rosout][INFO] 2022-05-05 15:39:10,312: publishing ctrl
[rosout][INFO] 2022-05-05 15:39:10,321: publishing ctrl
[rosout][INFO] 2022-05-05 15:39:10,327: publishing ctrl
[rosout][INFO] 2022-05-05 15:39:10,333: publishing ctrl
[rosout][INFO] 2022-05-05 15:39:10,338: publishing ctrl
[rosout][INFO] 2022-05-05 15:39:10,344: publishing ctrl
[rosout][INFO] 2022-05-05 15:39:10,351: publishing ctrl
[rosout][INFO] 2022-05-05 15:39:10,357: publishing ctrl
[rosout][INFO] 2022-05-05 15:39:10,365: publishing ctrl
[rosout][INFO] 2022-05-05 15:39:10,372: publishing ctrl
[rosout][INFO] 2022-05-05 15:39:10,379: publishing ctrl
[rosout][INFO] 2022-05-05 15:39:10,385: publishing ctrl
[rosout][INFO] 2022-05-05 15:39:10,393: publishing ctrl
[rosout][INFO] 2022-05-05 15:39:10,402: publishing ctrl
[rosout][INFO] 2022-05-05 15:39:10,408: publishing ctrl
[rosout][INFO] 2022-05-05 15:39:10,414: publishing ctrl
[rosout][INFO] 2022-05-05 15:39:10,419: publishing ctrl
[rosout][INFO] 2022-05-05 15:39:10,424: publishing ctrl
[rosout][INFO] 2022-05-05 15:39:10,429: publishing ctrl
[rosout][INFO] 2022-05-05 15:39:10,434: publishing ctrl
[rosout][INFO] 2022-05-05 15:39:10,439: publishing ctrl
[rosout][INFO] 2022-05-05 15:39:10,444: publishing ctrl
[rosout][INFO] 2022-05-05 15:39:10,449: publishing ctrl
[rosout][INFO] 2022-05-05 15:39:10,454: publishing ctrl
[rosout][INFO] 2022-05-05 15:39:10,459: publishing ctrl
[rosout][INFO] 2022-05-05 15:39:10,465: publishing ctrl
[rosout][INFO] 2022-05-05 15:39:10,470: publishing ctrl
[rosout][INFO] 2022-05-05 15:39:10,474: publishing ctrl
[rosout][INFO] 2022-05-05 15:39:10,479: publishing ctrl
[rosout][INFO] 2022-05-05 15:39:10,484: publishing ctrl
[rosout][INFO] 2022-05-05 15:39:10,489: publishing ctrl
[rosout][INFO] 2022-05-05 15:39:10,494: publishing ctrl
[rosout][INFO] 2022-05-05 15:39:10,499: publishing ctrl
[rosout][INFO] 2022-05-05 15:39:10,504: publishing ctrl
[rosout][INFO] 2022-05-05 15:39:10,510: publishing ctrl
[rosout][INFO] 2022-05-05 15:39:10,515: publishing ctrl
[rosout][INFO] 2022-05-05 15:39:10,520: publishing ctrl
[rosout][INFO] 2022-05-05 15:39:10,525: publishing ctrl
[rosout][INFO] 2022-05-05 15:39:10,530: publishing ctrl
[rosout][INFO] 2022-05-05 15:39:10,535: publishing ctrl
[rosout][INFO] 2022-05-05 15:39:10,540: publishing ctrl
[rosout][INFO] 2022-05-05 15:39:10,545: publishing ctrl
[rosout][INFO] 2022-05-05 15:39:10,550: publishing ctrl
[rosout][INFO] 2022-05-05 15:39:10,555: publishing ctrl
[rosout][INFO] 2022-05-05 15:39:10,560: publishing ctrl
[rosout][INFO] 2022-05-05 15:39:10,565: publishing ctrl
[rosout][INFO] 2022-05-05 15:39:10,570: publishing ctrl
[rosout][INFO] 2022-05-05 15:39:10,575: publishing ctrl
[rosout][INFO] 2022-05-05 15:39:10,580: publishing ctrl
[rosout][INFO] 2022-05-05 15:39:10,585: publishing ctrl
[rosout][INFO] 2022-05-05 15:39:10,590: publishing ctrl
[rosout][INFO] 2022-05-05 15:39:10,595: publishing ctrl
[rosout][INFO] 2022-05-05 15:39:10,600: publishing ctrl
[rosout][INFO] 2022-05-05 15:39:10,607: publishing ctrl
[rosout][INFO] 2022-05-05 15:39:10,614: publishing ctrl
[rosout][INFO] 2022-05-05 15:39:10,619: publishing ctrl
[rosout][INFO] 2022-05-05 15:39:10,624: publishing ctrl
[rosout][INFO] 2022-05-05 15:39:10,629: publishing ctrl
[rosout][INFO] 2022-05-05 15:39:10,634: publishing ctrl
[rosout][INFO] 2022-05-05 15:39:10,639: publishing ctrl
[rosout][INFO] 2022-05-05 15:39:10,645: publishing ctrl
[rosout][INFO] 2022-05-05 15:39:10,650: publishing ctrl
[rosout][INFO] 2022-05-05 15:39:10,655: publishing ctrl
[rosout][INFO] 2022-05-05 15:39:10,659: publishing ctrl
[rosout][INFO] 2022-05-05 15:39:10,664: publishing ctrl
[rosout][INFO] 2022-05-05 15:39:10,670: publishing ctrl
[rosout][INFO] 2022-05-05 15:39:10,675: publishing ctrl
[rosout][INFO] 2022-05-05 15:39:10,680: publishing ctrl
[rosout][INFO] 2022-05-05 15:39:10,685: publishing ctrl
[rosout][INFO] 2022-05-05 15:39:10,690: publishing ctrl
[rosout][INFO] 2022-05-05 15:39:10,695: publishing ctrl
[rosout][INFO] 2022-05-05 15:39:10,700: publishing ctrl
[rosout][INFO] 2022-05-05 15:39:10,705: publishing ctrl
[rosout][INFO] 2022-05-05 15:39:10,711: publishing ctrl
[rosout][INFO] 2022-05-05 15:39:10,716: publishing ctrl
[rosout][INFO] 2022-05-05 15:39:10,721: publishing ctrl
[rosout][INFO] 2022-05-05 15:39:10,726: publishing ctrl
[rosout][INFO] 2022-05-05 15:39:10,731: publishing ctrl
[rosout][INFO] 2022-05-05 15:39:10,737: publishing ctrl
[rosout][INFO] 2022-05-05 15:39:10,743: publishing ctrl
[rosout][INFO] 2022-05-05 15:39:10,748: publishing ctrl
[rosout][INFO] 2022-05-05 15:39:10,754: publishing ctrl
[rosout][INFO] 2022-05-05 15:39:10,759: publishing ctrl
[rosout][INFO] 2022-05-05 15:39:10,765: publishing ctrl
[rosout][INFO] 2022-05-05 15:39:10,773: publishing ctrl
[rosout][INFO] 2022-05-05 15:39:10,780: publishing ctrl
[rosout][INFO] 2022-05-05 15:39:10,787: publishing ctrl
[rosout][INFO] 2022-05-05 15:39:10,794: publishing ctrl
[rosout][INFO] 2022-05-05 15:39:10,801: publishing ctrl
[rosout][INFO] 2022-05-05 15:39:10,808: publishing ctrl
[rosout][INFO] 2022-05-05 15:39:10,817: publishing ctrl
[rosout][INFO] 2022-05-05 15:39:10,823: publishing ctrl
[rosout][INFO] 2022-05-05 15:39:10,829: publishing ctrl
[rosout][INFO] 2022-05-05 15:39:10,835: publishing ctrl
[rosout][INFO] 2022-05-05 15:39:10,843: publishing ctrl
[rosout][INFO] 2022-05-05 15:39:10,848: publishing ctrl
[rosout][INFO] 2022-05-05 15:39:10,853: publishing ctrl
[rosout][INFO] 2022-05-05 15:39:10,858: publishing ctrl
[rosout][INFO] 2022-05-05 15:39:10,863: publishing ctrl
[rosout][INFO] 2022-05-05 15:39:10,868: publishing ctrl
[rosout][INFO] 2022-05-05 15:39:10,873: publishing ctrl
[rosout][INFO] 2022-05-05 15:39:10,878: publishing ctrl
[rosout][INFO] 2022-05-05 15:39:10,883: publishing ctrl
[rosout][INFO] 2022-05-05 15:39:10,888: publishing ctrl
[rosout][INFO] 2022-05-05 15:39:10,893: publishing ctrl
[rosout][INFO] 2022-05-05 15:39:10,898: publishing ctrl
[rosout][INFO] 2022-05-05 15:39:10,903: publishing ctrl
[rosout][INFO] 2022-05-05 15:39:10,908: publishing ctrl
[rosout][INFO] 2022-05-05 15:39:10,913: publishing ctrl
[rosout][INFO] 2022-05-05 15:39:10,917: publishing ctrl
[rosout][INFO] 2022-05-05 15:39:10,922: publishing ctrl
[rosout][INFO] 2022-05-05 15:39:10,927: publishing ctrl
[rosout][INFO] 2022-05-05 15:39:10,932: publishing ctrl
[rosout][INFO] 2022-05-05 15:39:10,937: publishing ctrl
[rosout][INFO] 2022-05-05 15:39:10,942: publishing ctrl
[rosout][INFO] 2022-05-05 15:39:10,947: publishing ctrl
[rosout][INFO] 2022-05-05 15:39:10,952: publishing ctrl
[rosout][INFO] 2022-05-05 15:39:10,957: publishing ctrl
[rosout][INFO] 2022-05-05 15:39:10,962: publishing ctrl
[rosout][INFO] 2022-05-05 15:39:10,967: publishing ctrl
[rosout][INFO] 2022-05-05 15:39:10,972: publishing ctrl
[rosout][INFO] 2022-05-05 15:39:10,977: publishing ctrl
[rosout][INFO] 2022-05-05 15:39:10,982: publishing ctrl
[rosout][INFO] 2022-05-05 15:39:10,987: publishing ctrl
[rosout][INFO] 2022-05-05 15:39:10,992: publishing ctrl
[rosout][INFO] 2022-05-05 15:39:10,997: publishing ctrl
[rosout][INFO] 2022-05-05 15:39:11,003: publishing ctrl
[rosout][INFO] 2022-05-05 15:39:11,011: publishing ctrl
[rosout][INFO] 2022-05-05 15:39:11,018: publishing ctrl
[rosout][INFO] 2022-05-05 15:39:11,023: publishing ctrl
[rosout][INFO] 2022-05-05 15:39:11,028: publishing ctrl
[rosout][INFO] 2022-05-05 15:39:11,033: publishing ctrl
[rosout][INFO] 2022-05-05 15:39:11,038: publishing ctrl
[rosout][INFO] 2022-05-05 15:39:11,044: publishing ctrl
[rosout][INFO] 2022-05-05 15:39:11,049: publishing ctrl
[rosout][INFO] 2022-05-05 15:39:11,055: publishing ctrl
[rospy.core][INFO] 2022-05-05 15:39:11,061: signal_shutdown [signal-2]
[rosout][INFO] 2022-05-05 15:39:11,060: publishing ctrl
[rospy.internal][INFO] 2022-05-05 15:39:11,086: topic[/car/mux/ackermann_cmd_mux/input/navigation] removing connection to /car/mux/nodelet_manager
[rospy.internal][INFO] 2022-05-05 15:39:11,086: topic[/rosout] removing connection to /rosout
[rospy.impl.masterslave][INFO] 2022-05-05 15:39:11,087: signal-2
[rosout][INFO] 2022-05-05 15:39:11,072: publishing ctrl
[rospy.core][INFO] 2022-05-05 15:39:11,707: signal_shutdown [atexit]
