[rospy.client][INFO] 2022-05-05 15:43:53,705: init_node, name[/car/mux/zero_ackermann_cmd], pid[13609]
[xmlrpc][INFO] 2022-05-05 15:43:53,706: XML-RPC server binding to 0.0.0.0:0
[xmlrpc][INFO] 2022-05-05 15:43:53,707: Started XML-RPC server [http://robot-desktop:45995/]
[rospy.impl.masterslave][INFO] 2022-05-05 15:43:53,708: _ready: http://robot-desktop:45995/
[rospy.init][INFO] 2022-05-05 15:43:53,709: ROS Slave URI: [http://robot-desktop:45995/]
[xmlrpc][INFO] 2022-05-05 15:43:53,711: xml rpc node: starting XML-RPC server
[rospy.registration][INFO] 2022-05-05 15:43:53,712: Registering with master node http://robot-desktop:11311
[rospy.init][INFO] 2022-05-05 15:43:53,810: registered with master
[rospy.internal][INFO] 2022-05-05 15:43:54,050: topic[/car/mux/ackermann_cmd_mux/input/default] adding connection to [/car/mux/nodelet_manager], count 0
[rospy.core][INFO] 2022-05-05 15:44:02,734: signal_shutdown [signal-2]
[rospy.internal][INFO] 2022-05-05 15:44:02,762: topic[/car/mux/ackermann_cmd_mux/input/default] removing connection to /car/mux/nodelet_manager
[rospy.impl.masterslave][INFO] 2022-05-05 15:44:02,763: signal-2
[rospy.core][INFO] 2022-05-05 15:44:03,392: signal_shutdown [atexit]
[rospy.client][INFO] 2022-05-05 15:44:50,452: init_node, name[/car/mux/zero_ackermann_cmd], pid[14116]
[xmlrpc][INFO] 2022-05-05 15:44:50,454: XML-RPC server binding to 0.0.0.0:0
[rospy.init][INFO] 2022-05-05 15:44:50,455: ROS Slave URI: [http://robot-desktop:45235/]
[xmlrpc][INFO] 2022-05-05 15:44:50,456: Started XML-RPC server [http://robot-desktop:45235/]
[rospy.impl.masterslave][INFO] 2022-05-05 15:44:50,456: _ready: http://robot-desktop:45235/
[xmlrpc][INFO] 2022-05-05 15:44:50,457: xml rpc node: starting XML-RPC server
[rospy.registration][INFO] 2022-05-05 15:44:50,458: Registering with master node http://robot-desktop:11311
[rospy.init][INFO] 2022-05-05 15:44:50,556: registered with master
[rospy.internal][INFO] 2022-05-05 15:44:50,850: topic[/car/mux/ackermann_cmd_mux/input/default] adding connection to [/car/mux/nodelet_manager], count 0
[rospy.core][INFO] 2022-05-05 15:45:03,247: signal_shutdown [signal-2]
[rospy.internal][INFO] 2022-05-05 15:45:03,271: topic[/car/mux/ackermann_cmd_mux/input/default] removing connection to /car/mux/nodelet_manager
[rospy.impl.masterslave][INFO] 2022-05-05 15:45:03,272: signal-2
[rospy.core][INFO] 2022-05-05 15:45:03,389: signal_shutdown [atexit]
[rospy.client][INFO] 2022-05-05 15:49:23,079: init_node, name[/car/mux/zero_ackermann_cmd], pid[16763]
[xmlrpc][INFO] 2022-05-05 15:49:23,082: XML-RPC server binding to 0.0.0.0:0
[rospy.init][INFO] 2022-05-05 15:49:23,084: ROS Slave URI: [http://robot-desktop:43873/]
[xmlrpc][INFO] 2022-05-05 15:49:23,084: Started XML-RPC server [http://robot-desktop:43873/]
[rospy.impl.masterslave][INFO] 2022-05-05 15:49:23,085: _ready: http://robot-desktop:43873/
[rospy.registration][INFO] 2022-05-05 15:49:23,086: Registering with master node http://robot-desktop:11311
[xmlrpc][INFO] 2022-05-05 15:49:23,086: xml rpc node: starting XML-RPC server
[rospy.init][INFO] 2022-05-05 15:49:23,185: registered with master
[rospy.internal][INFO] 2022-05-05 15:49:23,428: topic[/car/mux/ackermann_cmd_mux/input/default] adding connection to [/car/mux/nodelet_manager], count 0
[rospy.core][INFO] 2022-05-05 15:50:12,191: signal_shutdown [signal-2]
[rospy.internal][INFO] 2022-05-05 15:50:12,206: topic[/car/mux/ackermann_cmd_mux/input/default] removing connection to /car/mux/nodelet_manager
[rospy.impl.masterslave][INFO] 2022-05-05 15:50:12,207: signal-2
[rospy.core][INFO] 2022-05-05 15:50:12,313: signal_shutdown [atexit]
[rospy.client][INFO] 2022-05-05 15:51:40,385: init_node, name[/car/mux/zero_ackermann_cmd], pid[21186]
[xmlrpc][INFO] 2022-05-05 15:51:40,386: XML-RPC server binding to 0.0.0.0:0
[xmlrpc][INFO] 2022-05-05 15:51:40,388: Started XML-RPC server [http://robot-desktop:38799/]
[rospy.impl.masterslave][INFO] 2022-05-05 15:51:40,388: _ready: http://robot-desktop:38799/
[rospy.init][INFO] 2022-05-05 15:51:40,390: ROS Slave URI: [http://robot-desktop:38799/]
[rospy.registration][INFO] 2022-05-05 15:51:40,391: Registering with master node http://robot-desktop:11311
[xmlrpc][INFO] 2022-05-05 15:51:40,392: xml rpc node: starting XML-RPC server
[rospy.init][INFO] 2022-05-05 15:51:40,491: registered with master
[rospy.internal][INFO] 2022-05-05 15:51:40,785: topic[/car/mux/ackermann_cmd_mux/input/default] adding connection to [/car/mux/nodelet_manager], count 0
[rospy.core][INFO] 2022-05-05 15:52:03,970: signal_shutdown [signal-2]
[rospy.internal][INFO] 2022-05-05 15:52:04,024: topic[/car/mux/ackermann_cmd_mux/input/default] removing connection to /car/mux/nodelet_manager
[rospy.impl.masterslave][INFO] 2022-05-05 15:52:04,025: signal-2
[rospy.core][INFO] 2022-05-05 15:52:04,597: signal_shutdown [atexit]
[rospy.client][INFO] 2022-05-05 15:53:06,077: init_node, name[/car/mux/zero_ackermann_cmd], pid[23675]
[xmlrpc][INFO] 2022-05-05 15:53:06,078: XML-RPC server binding to 0.0.0.0:0
[xmlrpc][INFO] 2022-05-05 15:53:06,080: Started XML-RPC server [http://robot-desktop:39077/]
[rospy.impl.masterslave][INFO] 2022-05-05 15:53:06,081: _ready: http://robot-desktop:39077/
[rospy.init][INFO] 2022-05-05 15:53:06,082: ROS Slave URI: [http://robot-desktop:39077/]
[xmlrpc][INFO] 2022-05-05 15:53:06,083: xml rpc node: starting XML-RPC server
[rospy.registration][INFO] 2022-05-05 15:53:06,084: Registering with master node http://robot-desktop:11311
[rospy.init][INFO] 2022-05-05 15:53:06,183: registered with master
[rospy.internal][INFO] 2022-05-05 15:53:06,411: topic[/car/mux/ackermann_cmd_mux/input/default] adding connection to [/car/mux/nodelet_manager], count 0
[rospy.core][INFO] 2022-05-05 15:53:16,359: signal_shutdown [signal-2]
[rospy.internal][INFO] 2022-05-05 15:53:16,390: topic[/car/mux/ackermann_cmd_mux/input/default] removing connection to /car/mux/nodelet_manager
[rospy.impl.masterslave][INFO] 2022-05-05 15:53:16,390: signal-2
[rospy.core][INFO] 2022-05-05 15:53:17,008: signal_shutdown [atexit]
[rospy.client][INFO] 2022-05-05 15:54:35,507: init_node, name[/car/mux/zero_ackermann_cmd], pid[24947]
[xmlrpc][INFO] 2022-05-05 15:54:35,509: XML-RPC server binding to 0.0.0.0:0
[xmlrpc][INFO] 2022-05-05 15:54:35,510: Started XML-RPC server [http://robot-desktop:37231/]
[rospy.impl.masterslave][INFO] 2022-05-05 15:54:35,511: _ready: http://robot-desktop:37231/
[rospy.init][INFO] 2022-05-05 15:54:35,512: ROS Slave URI: [http://robot-desktop:37231/]
[rospy.registration][INFO] 2022-05-05 15:54:35,513: Registering with master node http://robot-desktop:11311
[xmlrpc][INFO] 2022-05-05 15:54:35,513: xml rpc node: starting XML-RPC server
[rospy.init][INFO] 2022-05-05 15:54:35,613: registered with master
[rospy.internal][INFO] 2022-05-05 15:54:35,844: topic[/car/mux/ackermann_cmd_mux/input/default] adding connection to [/car/mux/nodelet_manager], count 0
[rospy.core][INFO] 2022-05-05 15:55:01,762: signal_shutdown [signal-2]
[rospy.internal][INFO] 2022-05-05 15:55:01,808: topic[/car/mux/ackermann_cmd_mux/input/default] removing connection to /car/mux/nodelet_manager
[rospy.impl.masterslave][INFO] 2022-05-05 15:55:01,808: signal-2
[rospy.core][INFO] 2022-05-05 15:55:01,911: signal_shutdown [atexit]
[rospy.client][INFO] 2022-05-05 15:55:52,561: init_node, name[/car/mux/zero_ackermann_cmd], pid[27798]
[xmlrpc][INFO] 2022-05-05 15:55:52,563: XML-RPC server binding to 0.0.0.0:0
[rospy.init][INFO] 2022-05-05 15:55:52,564: ROS Slave URI: [http://robot-desktop:38899/]
[xmlrpc][INFO] 2022-05-05 15:55:52,565: Started XML-RPC server [http://robot-desktop:38899/]
[rospy.impl.masterslave][INFO] 2022-05-05 15:55:52,565: _ready: http://robot-desktop:38899/
[rospy.registration][INFO] 2022-05-05 15:55:52,567: Registering with master node http://robot-desktop:11311
[xmlrpc][INFO] 2022-05-05 15:55:52,567: xml rpc node: starting XML-RPC server
[rospy.init][INFO] 2022-05-05 15:55:52,665: registered with master
[rospy.internal][INFO] 2022-05-05 15:55:53,002: topic[/car/mux/ackermann_cmd_mux/input/default] adding connection to [/car/mux/nodelet_manager], count 0
[rospy.core][INFO] 2022-05-05 15:56:08,589: signal_shutdown [signal-2]
[rospy.internal][INFO] 2022-05-05 15:56:08,630: topic[/car/mux/ackermann_cmd_mux/input/default] removing connection to /car/mux/nodelet_manager
[rospy.impl.masterslave][INFO] 2022-05-05 15:56:08,631: signal-2
[rospy.core][INFO] 2022-05-05 15:56:09,204: signal_shutdown [atexit]
[rospy.client][INFO] 2022-05-05 15:57:04,220: init_node, name[/car/mux/zero_ackermann_cmd], pid[29846]
[xmlrpc][INFO] 2022-05-05 15:57:04,221: XML-RPC server binding to 0.0.0.0:0
[xmlrpc][INFO] 2022-05-05 15:57:04,222: Started XML-RPC server [http://robot-desktop:34951/]
[rospy.init][INFO] 2022-05-05 15:57:04,223: ROS Slave URI: [http://robot-desktop:34951/]
[rospy.impl.masterslave][INFO] 2022-05-05 15:57:04,223: _ready: http://robot-desktop:34951/
[xmlrpc][INFO] 2022-05-05 15:57:04,224: xml rpc node: starting XML-RPC server
[rospy.registration][INFO] 2022-05-05 15:57:04,224: Registering with master node http://robot-desktop:11311
[rospy.init][INFO] 2022-05-05 15:57:04,324: registered with master
[rospy.internal][INFO] 2022-05-05 15:57:04,553: topic[/car/mux/ackermann_cmd_mux/input/default] adding connection to [/car/mux/nodelet_manager], count 0
[rospy.core][INFO] 2022-05-05 15:57:35,417: signal_shutdown [signal-2]
[rospy.internal][INFO] 2022-05-05 15:57:35,449: topic[/car/mux/ackermann_cmd_mux/input/default] removing connection to /car/mux/nodelet_manager
[rospy.impl.masterslave][INFO] 2022-05-05 15:57:35,449: signal-2
[rospy.core][INFO] 2022-05-05 15:57:36,065: signal_shutdown [atexit]
[rospy.client][INFO] 2022-05-05 16:00:20,103: init_node, name[/car/mux/zero_ackermann_cmd], pid[1764]
[xmlrpc][INFO] 2022-05-05 16:00:20,105: XML-RPC server binding to 0.0.0.0:0
[xmlrpc][INFO] 2022-05-05 16:00:20,106: Started XML-RPC server [http://robot-desktop:45493/]
[rospy.init][INFO] 2022-05-05 16:00:20,107: ROS Slave URI: [http://robot-desktop:45493/]
[rospy.impl.masterslave][INFO] 2022-05-05 16:00:20,108: _ready: http://robot-desktop:45493/
[xmlrpc][INFO] 2022-05-05 16:00:20,108: xml rpc node: starting XML-RPC server
[rospy.registration][INFO] 2022-05-05 16:00:20,109: Registering with master node http://robot-desktop:11311
[rospy.init][INFO] 2022-05-05 16:00:20,208: registered with master
[rospy.internal][INFO] 2022-05-05 16:00:20,456: topic[/car/mux/ackermann_cmd_mux/input/default] adding connection to [/car/mux/nodelet_manager], count 0
[rospy.core][INFO] 2022-05-05 16:00:28,652: signal_shutdown [signal-2]
[rospy.internal][INFO] 2022-05-05 16:00:28,671: topic[/car/mux/ackermann_cmd_mux/input/default] removing connection to /car/mux/nodelet_manager
[rospy.impl.masterslave][INFO] 2022-05-05 16:00:28,672: signal-2
[rospy.core][INFO] 2022-05-05 16:00:29,297: signal_shutdown [atexit]
