[rospy.client][INFO] 2022-05-05 15:54:17,478: init_node, name[/car/drive], pid[27748]
[xmlrpc][INFO] 2022-05-05 15:54:17,480: XML-RPC server binding to 0.0.0.0:0
[xmlrpc][INFO] 2022-05-05 15:54:17,481: Started XML-RPC server [http://robot-desktop:41235/]
[rospy.init][INFO] 2022-05-05 15:54:17,483: ROS Slave URI: [http://robot-desktop:41235/]
[rospy.impl.masterslave][INFO] 2022-05-05 15:54:17,484: _ready: http://robot-desktop:41235/
[rospy.registration][INFO] 2022-05-05 15:54:17,488: Registering with master node http://robot-desktop:11311
[xmlrpc][INFO] 2022-05-05 15:54:17,488: xml rpc node: starting XML-RPC server
[rospy.init][INFO] 2022-05-05 15:54:17,586: registered with master
[rospy.rosout][INFO] 2022-05-05 15:54:17,586: initializing /rosout core topic
[rospy.rosout][INFO] 2022-05-05 15:54:17,594: connected to core topic /rosout
[rospy.simtime][INFO] 2022-05-05 15:54:17,599: /use_sim_time is not set, will not subscribe to simulated time [/clock] topic
[rosout][INFO] 2022-05-05 15:54:17,673: publishing ctrl
[rosout][INFO] 2022-05-05 15:54:17,692: publishing ctrl
[rosout][INFO] 2022-05-05 15:54:17,712: publishing ctrl
[rosout][INFO] 2022-05-05 15:54:17,734: publishing ctrl
[rosout][INFO] 2022-05-05 15:54:17,753: publishing ctrl
[rosout][INFO] 2022-05-05 15:54:17,772: publishing ctrl
[rosout][INFO] 2022-05-05 15:54:17,793: publishing ctrl
[rosout][INFO] 2022-05-05 15:54:17,812: publishing ctrl
[rospy.internal][INFO] 2022-05-05 15:54:17,829: topic[/rosout] adding connection to [/rosout], count 0
[rosout][INFO] 2022-05-05 15:54:17,832: publishing ctrl
[rosout][INFO] 2022-05-05 15:54:17,852: publishing ctrl
[rosout][INFO] 2022-05-05 15:54:17,873: publishing ctrl
[rosout][INFO] 2022-05-05 15:54:17,892: publishing ctrl
[rosout][INFO] 2022-05-05 15:54:17,912: publishing ctrl
[rospy.internal][INFO] 2022-05-05 15:54:17,936: topic[/car/mux/ackermann_cmd_mux/input/navigation] adding connection to [/car/mux/nodelet_manager], count 0
[rosout][INFO] 2022-05-05 15:54:17,933: publishing ctrl
[rosout][INFO] 2022-05-05 15:54:17,952: publishing ctrl
[rosout][INFO] 2022-05-05 15:54:17,973: publishing ctrl
[rosout][INFO] 2022-05-05 15:54:17,992: publishing ctrl
[rosout][INFO] 2022-05-05 15:54:18,014: publishing ctrl
[rosout][INFO] 2022-05-05 15:54:18,033: publishing ctrl
[rosout][INFO] 2022-05-05 15:54:18,052: publishing ctrl
[rosout][INFO] 2022-05-05 15:54:18,074: publishing ctrl
[rosout][INFO] 2022-05-05 15:54:18,095: publishing ctrl
[rosout][INFO] 2022-05-05 15:54:18,113: publishing ctrl
[rosout][INFO] 2022-05-05 15:54:18,137: publishing ctrl
[rosout][INFO] 2022-05-05 15:54:18,156: publishing ctrl
[rosout][INFO] 2022-05-05 15:54:18,183: publishing ctrl
[rosout][INFO] 2022-05-05 15:54:18,201: publishing ctrl
[rosout][INFO] 2022-05-05 15:54:18,213: publishing ctrl
[rosout][INFO] 2022-05-05 15:54:18,233: publishing ctrl
[rosout][INFO] 2022-05-05 15:54:18,252: publishing ctrl
[rosout][INFO] 2022-05-05 15:54:18,272: publishing ctrl
[rosout][INFO] 2022-05-05 15:54:18,293: publishing ctrl
[rosout][INFO] 2022-05-05 15:54:18,314: publishing ctrl
[rosout][INFO] 2022-05-05 15:54:18,342: publishing ctrl
[rosout][INFO] 2022-05-05 15:54:18,354: publishing ctrl
[rosout][INFO] 2022-05-05 15:54:18,373: publishing ctrl
[rosout][INFO] 2022-05-05 15:54:18,404: publishing ctrl
[rosout][INFO] 2022-05-05 15:54:18,422: publishing ctrl
[rosout][INFO] 2022-05-05 15:54:18,432: publishing ctrl
[rosout][INFO] 2022-05-05 15:54:18,452: publishing ctrl
[rosout][INFO] 2022-05-05 15:54:18,472: publishing ctrl
[rosout][INFO] 2022-05-05 15:54:18,494: publishing ctrl
[rosout][INFO] 2022-05-05 15:54:18,516: publishing ctrl
[rosout][INFO] 2022-05-05 15:54:18,533: publishing ctrl
[rosout][INFO] 2022-05-05 15:54:18,553: publishing ctrl
[rosout][INFO] 2022-05-05 15:54:18,573: publishing ctrl
[rosout][INFO] 2022-05-05 15:54:18,594: publishing ctrl
[rosout][INFO] 2022-05-05 15:54:18,615: publishing ctrl
[rosout][INFO] 2022-05-05 15:54:18,633: publishing ctrl
[rosout][INFO] 2022-05-05 15:54:18,658: publishing ctrl
[rosout][INFO] 2022-05-05 15:54:18,674: publishing ctrl
[rosout][INFO] 2022-05-05 15:54:18,693: publishing ctrl
[rosout][INFO] 2022-05-05 15:54:18,716: publishing ctrl
[rosout][INFO] 2022-05-05 15:54:18,740: publishing ctrl
[rosout][INFO] 2022-05-05 15:54:18,755: publishing ctrl
[rosout][INFO] 2022-05-05 15:54:18,773: publishing ctrl
[rosout][INFO] 2022-05-05 15:54:18,793: publishing ctrl
[rosout][INFO] 2022-05-05 15:54:18,813: publishing ctrl
[rosout][INFO] 2022-05-05 15:54:18,832: publishing ctrl
[rosout][INFO] 2022-05-05 15:54:18,858: publishing ctrl
[rosout][INFO] 2022-05-05 15:54:18,877: publishing ctrl
[rosout][INFO] 2022-05-05 15:54:18,894: publishing ctrl
[rosout][INFO] 2022-05-05 15:54:18,912: publishing ctrl
[rosout][INFO] 2022-05-05 15:54:18,946: publishing ctrl
[rosout][INFO] 2022-05-05 15:54:18,965: publishing ctrl
[rosout][INFO] 2022-05-05 15:54:18,973: publishing ctrl
[rosout][INFO] 2022-05-05 15:54:18,996: publishing ctrl
[rosout][INFO] 2022-05-05 15:54:19,016: publishing ctrl
[rosout][INFO] 2022-05-05 15:54:19,034: publishing ctrl
[rosout][INFO] 2022-05-05 15:54:19,055: publishing ctrl
[rosout][INFO] 2022-05-05 15:54:19,073: publishing ctrl
[rosout][INFO] 2022-05-05 15:54:19,095: publishing ctrl
[rosout][INFO] 2022-05-05 15:54:19,113: publishing ctrl
[rosout][INFO] 2022-05-05 15:54:19,134: publishing ctrl
[rosout][INFO] 2022-05-05 15:54:19,153: publishing ctrl
[rosout][INFO] 2022-05-05 15:54:19,173: publishing ctrl
[rosout][INFO] 2022-05-05 15:54:19,195: publishing ctrl
[rosout][INFO] 2022-05-05 15:54:19,212: publishing ctrl
[rosout][INFO] 2022-05-05 15:54:19,233: publishing ctrl
[rosout][INFO] 2022-05-05 15:54:19,254: publishing ctrl
[rosout][INFO] 2022-05-05 15:54:19,274: publishing ctrl
[rosout][INFO] 2022-05-05 15:54:19,293: publishing ctrl
[rosout][INFO] 2022-05-05 15:54:19,313: publishing ctrl
[rosout][INFO] 2022-05-05 15:54:19,344: publishing ctrl
[rosout][INFO] 2022-05-05 15:54:19,362: publishing ctrl
[rosout][INFO] 2022-05-05 15:54:19,372: publishing ctrl
[rosout][INFO] 2022-05-05 15:54:19,392: publishing ctrl
[rosout][INFO] 2022-05-05 15:54:19,412: publishing ctrl
[rosout][INFO] 2022-05-05 15:54:19,432: publishing ctrl
[rosout][INFO] 2022-05-05 15:54:19,452: publishing ctrl
[rosout][INFO] 2022-05-05 15:54:19,474: publishing ctrl
[rosout][INFO] 2022-05-05 15:54:19,492: publishing ctrl
[rosout][INFO] 2022-05-05 15:54:19,514: publishing ctrl
[rosout][INFO] 2022-05-05 15:54:19,533: publishing ctrl
[rosout][INFO] 2022-05-05 15:54:19,553: publishing ctrl
[rosout][INFO] 2022-05-05 15:54:19,574: publishing ctrl
[rosout][INFO] 2022-05-05 15:54:19,597: publishing ctrl
[rosout][INFO] 2022-05-05 15:54:19,624: publishing ctrl
[rosout][INFO] 2022-05-05 15:54:19,642: publishing ctrl
[rosout][INFO] 2022-05-05 15:54:19,653: publishing ctrl
[rosout][INFO] 2022-05-05 15:54:19,674: publishing ctrl
[rosout][INFO] 2022-05-05 15:54:19,692: publishing ctrl
[rosout][INFO] 2022-05-05 15:54:19,712: publishing ctrl
[rosout][INFO] 2022-05-05 15:54:19,733: publishing ctrl
[rosout][INFO] 2022-05-05 15:54:19,754: publishing ctrl
[rosout][INFO] 2022-05-05 15:54:19,778: publishing ctrl
[rosout][INFO] 2022-05-05 15:54:19,801: publishing ctrl
[rosout][INFO] 2022-05-05 15:54:19,812: publishing ctrl
[rosout][INFO] 2022-05-05 15:54:19,833: publishing ctrl
[rosout][INFO] 2022-05-05 15:54:19,853: publishing ctrl
[rosout][INFO] 2022-05-05 15:54:19,875: publishing ctrl
[rosout][INFO] 2022-05-05 15:54:19,896: publishing ctrl
[rosout][INFO] 2022-05-05 15:54:19,913: publishing ctrl
[rosout][INFO] 2022-05-05 15:54:19,937: publishing ctrl
[rosout][INFO] 2022-05-05 15:54:19,953: publishing ctrl
[rosout][INFO] 2022-05-05 15:54:19,983: publishing ctrl
[rosout][INFO] 2022-05-05 15:54:20,004: publishing ctrl
[rosout][INFO] 2022-05-05 15:54:20,017: publishing ctrl
[rosout][INFO] 2022-05-05 15:54:20,033: publishing ctrl
[rosout][INFO] 2022-05-05 15:54:20,053: publishing ctrl
[rosout][INFO] 2022-05-05 15:54:20,084: publishing ctrl
[rosout][INFO] 2022-05-05 15:54:20,097: publishing ctrl
[rosout][INFO] 2022-05-05 15:54:20,113: publishing ctrl
[rosout][INFO] 2022-05-05 15:54:20,134: publishing ctrl
[rosout][INFO] 2022-05-05 15:54:20,160: publishing ctrl
[rosout][INFO] 2022-05-05 15:54:20,174: publishing ctrl
[rosout][INFO] 2022-05-05 15:54:20,192: publishing ctrl
[rosout][INFO] 2022-05-05 15:54:20,214: publishing ctrl
[rosout][INFO] 2022-05-05 15:54:20,237: publishing ctrl
[rosout][INFO] 2022-05-05 15:54:20,253: publishing ctrl
[rosout][INFO] 2022-05-05 15:54:20,272: publishing ctrl
[rosout][INFO] 2022-05-05 15:54:20,292: publishing ctrl
[rosout][INFO] 2022-05-05 15:54:20,312: publishing ctrl
[rosout][INFO] 2022-05-05 15:54:20,334: publishing ctrl
[rosout][INFO] 2022-05-05 15:54:20,356: publishing ctrl
[rosout][INFO] 2022-05-05 15:54:20,373: publishing ctrl
[rosout][INFO] 2022-05-05 15:54:20,392: publishing ctrl
[rosout][INFO] 2022-05-05 15:54:20,414: publishing ctrl
[rosout][INFO] 2022-05-05 15:54:20,436: publishing ctrl
[rosout][INFO] 2022-05-05 15:54:20,453: publishing ctrl
[rosout][INFO] 2022-05-05 15:54:20,473: publishing ctrl
[rosout][INFO] 2022-05-05 15:54:20,494: publishing ctrl
[rosout][INFO] 2022-05-05 15:54:20,512: publishing ctrl
[rosout][INFO] 2022-05-05 15:54:20,547: publishing ctrl
[rosout][INFO] 2022-05-05 15:54:20,554: publishing ctrl
[rosout][INFO] 2022-05-05 15:54:20,576: publishing ctrl
[rosout][INFO] 2022-05-05 15:54:20,608: publishing ctrl
[rosout][INFO] 2022-05-05 15:54:20,614: publishing ctrl
[rosout][INFO] 2022-05-05 15:54:20,633: publishing ctrl
[rosout][INFO] 2022-05-05 15:54:20,652: publishing ctrl
[rosout][INFO] 2022-05-05 15:54:20,673: publishing ctrl
[rosout][INFO] 2022-05-05 15:54:20,693: publishing ctrl
[rosout][INFO] 2022-05-05 15:54:20,712: publishing ctrl
[rosout][INFO] 2022-05-05 15:54:20,733: publishing ctrl
[rosout][INFO] 2022-05-05 15:54:20,753: publishing ctrl
[rosout][INFO] 2022-05-05 15:54:20,773: publishing ctrl
[rosout][INFO] 2022-05-05 15:54:20,793: publishing ctrl
[rosout][INFO] 2022-05-05 15:54:20,814: publishing ctrl
[rosout][INFO] 2022-05-05 15:54:20,834: publishing ctrl
[rosout][INFO] 2022-05-05 15:54:20,864: publishing ctrl
[rosout][INFO] 2022-05-05 15:54:20,885: publishing ctrl
[rosout][INFO] 2022-05-05 15:54:20,902: publishing ctrl
[rosout][INFO] 2022-05-05 15:54:20,921: publishing ctrl
[rosout][INFO] 2022-05-05 15:54:20,960: publishing ctrl
[rosout][INFO] 2022-05-05 15:54:20,987: publishing ctrl
[rosout][INFO] 2022-05-05 15:54:21,018: publishing ctrl
[rosout][INFO] 2022-05-05 15:54:21,048: publishing ctrl
[rosout][INFO] 2022-05-05 15:54:21,079: publishing ctrl
[rosout][INFO] 2022-05-05 15:54:21,091: publishing ctrl
[rosout][INFO] 2022-05-05 15:54:21,104: publishing ctrl
[rosout][INFO] 2022-05-05 15:54:21,124: publishing ctrl
[rosout][INFO] 2022-05-05 15:54:21,143: publishing ctrl
[rosout][INFO] 2022-05-05 15:54:21,162: publishing ctrl
[rosout][INFO] 2022-05-05 15:54:21,183: publishing ctrl
[rosout][INFO] 2022-05-05 15:54:21,200: publishing ctrl
[rosout][INFO] 2022-05-05 15:54:21,222: publishing ctrl
[rosout][INFO] 2022-05-05 15:54:21,240: publishing ctrl
[rosout][INFO] 2022-05-05 15:54:21,261: publishing ctrl
[rosout][INFO] 2022-05-05 15:54:21,285: publishing ctrl
[rosout][INFO] 2022-05-05 15:54:21,300: publishing ctrl
[rosout][INFO] 2022-05-05 15:54:21,324: publishing ctrl
[rosout][INFO] 2022-05-05 15:54:21,339: publishing ctrl
[rosout][INFO] 2022-05-05 15:54:21,360: publishing ctrl
[rosout][INFO] 2022-05-05 15:54:21,379: publishing ctrl
[rosout][INFO] 2022-05-05 15:54:21,399: publishing ctrl
[rosout][INFO] 2022-05-05 15:54:21,420: publishing ctrl
[rosout][INFO] 2022-05-05 15:54:21,439: publishing ctrl
[rosout][INFO] 2022-05-05 15:54:21,460: publishing ctrl
[rosout][INFO] 2022-05-05 15:54:21,480: publishing ctrl
[rosout][INFO] 2022-05-05 15:54:21,500: publishing ctrl
[rosout][INFO] 2022-05-05 15:54:21,523: publishing ctrl
[rosout][INFO] 2022-05-05 15:54:21,542: publishing ctrl
[rosout][INFO] 2022-05-05 15:54:21,559: publishing ctrl
[rosout][INFO] 2022-05-05 15:54:21,580: publishing ctrl
[rosout][INFO] 2022-05-05 15:54:21,611: publishing ctrl
[rosout][INFO] 2022-05-05 15:54:21,628: publishing ctrl
[rosout][INFO] 2022-05-05 15:54:21,639: publishing ctrl
[rosout][INFO] 2022-05-05 15:54:21,659: publishing ctrl
[rosout][INFO] 2022-05-05 15:54:21,679: publishing ctrl
[rosout][INFO] 2022-05-05 15:54:21,701: publishing ctrl
[rosout][INFO] 2022-05-05 15:54:21,725: publishing ctrl
[rosout][INFO] 2022-05-05 15:54:21,740: publishing ctrl
[rosout][INFO] 2022-05-05 15:54:21,764: publishing ctrl
[rosout][INFO] 2022-05-05 15:54:21,781: publishing ctrl
[rosout][INFO] 2022-05-05 15:54:21,800: publishing ctrl
[rosout][INFO] 2022-05-05 15:54:21,823: publishing ctrl
[rosout][INFO] 2022-05-05 15:54:21,843: publishing ctrl
[rosout][INFO] 2022-05-05 15:54:21,859: publishing ctrl
[rosout][INFO] 2022-05-05 15:54:21,879: publishing ctrl
[rosout][INFO] 2022-05-05 15:54:21,899: publishing ctrl
[rosout][INFO] 2022-05-05 15:54:21,922: publishing ctrl
[rosout][INFO] 2022-05-05 15:54:21,943: publishing ctrl
[rosout][INFO] 2022-05-05 15:54:21,965: publishing ctrl
[rosout][INFO] 2022-05-05 15:54:21,980: publishing ctrl
[rosout][INFO] 2022-05-05 15:54:22,002: publishing ctrl
[rosout][INFO] 2022-05-05 15:54:22,020: publishing ctrl
[rosout][INFO] 2022-05-05 15:54:22,039: publishing ctrl
[rosout][INFO] 2022-05-05 15:54:22,062: publishing ctrl
[rosout][INFO] 2022-05-05 15:54:22,082: publishing ctrl
[rosout][INFO] 2022-05-05 15:54:22,099: publishing ctrl
[rosout][INFO] 2022-05-05 15:54:22,119: publishing ctrl
[rosout][INFO] 2022-05-05 15:54:22,141: publishing ctrl
[rosout][INFO] 2022-05-05 15:54:22,159: publishing ctrl
[rosout][INFO] 2022-05-05 15:54:22,179: publishing ctrl
[rosout][INFO] 2022-05-05 15:54:22,211: publishing ctrl
[rosout][INFO] 2022-05-05 15:54:22,223: publishing ctrl
[rosout][INFO] 2022-05-05 15:54:22,240: publishing ctrl
[rosout][INFO] 2022-05-05 15:54:22,259: publishing ctrl
[rosout][INFO] 2022-05-05 15:54:22,280: publishing ctrl
[rosout][INFO] 2022-05-05 15:54:22,299: publishing ctrl
[rosout][INFO] 2022-05-05 15:54:22,325: publishing ctrl
[rosout][INFO] 2022-05-05 15:54:22,341: publishing ctrl
[rosout][INFO] 2022-05-05 15:54:22,359: publishing ctrl
[rosout][INFO] 2022-05-05 15:54:22,379: publishing ctrl
[rosout][INFO] 2022-05-05 15:54:22,399: publishing ctrl
[rosout][INFO] 2022-05-05 15:54:22,419: publishing ctrl
[rosout][INFO] 2022-05-05 15:54:22,440: publishing ctrl
[rosout][INFO] 2022-05-05 15:54:22,460: publishing ctrl
[rosout][INFO] 2022-05-05 15:54:22,479: publishing ctrl
[rosout][INFO] 2022-05-05 15:54:22,499: publishing ctrl
[rosout][INFO] 2022-05-05 15:54:22,519: publishing ctrl
[rosout][INFO] 2022-05-05 15:54:22,540: publishing ctrl
[rosout][INFO] 2022-05-05 15:54:22,558: publishing ctrl
[rosout][INFO] 2022-05-05 15:54:22,581: publishing ctrl
[rosout][INFO] 2022-05-05 15:54:22,599: publishing ctrl
[rosout][INFO] 2022-05-05 15:54:22,619: publishing ctrl
[rosout][INFO] 2022-05-05 15:54:22,639: publishing ctrl
[rosout][INFO] 2022-05-05 15:54:22,660: publishing ctrl
[rosout][INFO] 2022-05-05 15:54:22,684: publishing ctrl
[rosout][INFO] 2022-05-05 15:54:22,700: publishing ctrl
[rosout][INFO] 2022-05-05 15:54:22,742: publishing ctrl
[rosout][INFO] 2022-05-05 15:54:22,757: publishing ctrl
[rosout][INFO] 2022-05-05 15:54:22,773: publishing ctrl
[rosout][INFO] 2022-05-05 15:54:22,784: publishing ctrl
[rosout][INFO] 2022-05-05 15:54:22,816: publishing ctrl
[rosout][INFO] 2022-05-05 15:54:22,826: publishing ctrl
[rosout][INFO] 2022-05-05 15:54:22,841: publishing ctrl
[rosout][INFO] 2022-05-05 15:54:22,860: publishing ctrl
[rosout][INFO] 2022-05-05 15:54:22,882: publishing ctrl
[rosout][INFO] 2022-05-05 15:54:22,898: publishing ctrl
[rosout][INFO] 2022-05-05 15:54:22,919: publishing ctrl
[rosout][INFO] 2022-05-05 15:54:22,939: publishing ctrl
[rosout][INFO] 2022-05-05 15:54:22,959: publishing ctrl
[rosout][INFO] 2022-05-05 15:54:22,979: publishing ctrl
[rosout][INFO] 2022-05-05 15:54:23,000: publishing ctrl
[rosout][INFO] 2022-05-05 15:54:23,020: publishing ctrl
[rosout][INFO] 2022-05-05 15:54:23,039: publishing ctrl
[rosout][INFO] 2022-05-05 15:54:23,060: publishing ctrl
[rosout][INFO] 2022-05-05 15:54:23,084: publishing ctrl
[rosout][INFO] 2022-05-05 15:54:23,100: publishing ctrl
[rosout][INFO] 2022-05-05 15:54:23,120: publishing ctrl
[rosout][INFO] 2022-05-05 15:54:23,147: publishing ctrl
[rosout][INFO] 2022-05-05 15:54:23,165: publishing ctrl
[rosout][INFO] 2022-05-05 15:54:23,182: publishing ctrl
[rosout][INFO] 2022-05-05 15:54:23,199: publishing ctrl
[rosout][INFO] 2022-05-05 15:54:23,219: publishing ctrl
[rosout][INFO] 2022-05-05 15:54:23,241: publishing ctrl
[rosout][INFO] 2022-05-05 15:54:23,261: publishing ctrl
[rosout][INFO] 2022-05-05 15:54:23,279: publishing ctrl
[rosout][INFO] 2022-05-05 15:54:23,298: publishing ctrl
[rosout][INFO] 2022-05-05 15:54:23,319: publishing ctrl
[rosout][INFO] 2022-05-05 15:54:23,340: publishing ctrl
[rosout][INFO] 2022-05-05 15:54:23,359: publishing ctrl
[rosout][INFO] 2022-05-05 15:54:23,380: publishing ctrl
[rosout][INFO] 2022-05-05 15:54:23,403: publishing ctrl
[rosout][INFO] 2022-05-05 15:54:23,420: publishing ctrl
[rosout][INFO] 2022-05-05 15:54:23,440: publishing ctrl
[rosout][INFO] 2022-05-05 15:54:23,462: publishing ctrl
[rosout][INFO] 2022-05-05 15:54:23,489: publishing ctrl
[rosout][INFO] 2022-05-05 15:54:23,500: publishing ctrl
[rosout][INFO] 2022-05-05 15:54:23,520: publishing ctrl
[rosout][INFO] 2022-05-05 15:54:23,539: publishing ctrl
[rosout][INFO] 2022-05-05 15:54:23,560: publishing ctrl
[rosout][INFO] 2022-05-05 15:54:23,581: publishing ctrl
[rosout][INFO] 2022-05-05 15:54:23,599: publishing ctrl
[rosout][INFO] 2022-05-05 15:54:23,618: publishing ctrl
[rosout][INFO] 2022-05-05 15:54:23,640: publishing ctrl
[rosout][INFO] 2022-05-05 15:54:23,660: publishing ctrl
[rosout][INFO] 2022-05-05 15:54:23,685: publishing ctrl
[rosout][INFO] 2022-05-05 15:54:23,702: publishing ctrl
[rosout][INFO] 2022-05-05 15:54:23,722: publishing ctrl
[rosout][INFO] 2022-05-05 15:54:23,740: publishing ctrl
[rosout][INFO] 2022-05-05 15:54:23,763: publishing ctrl
[rosout][INFO] 2022-05-05 15:54:23,779: publishing ctrl
[rosout][INFO] 2022-05-05 15:54:23,799: publishing ctrl
[rosout][INFO] 2022-05-05 15:54:23,820: publishing ctrl
[rosout][INFO] 2022-05-05 15:54:23,840: publishing ctrl
[rosout][INFO] 2022-05-05 15:54:23,861: publishing ctrl
[rosout][INFO] 2022-05-05 15:54:23,879: publishing ctrl
[rosout][INFO] 2022-05-05 15:54:23,899: publishing ctrl
[rosout][INFO] 2022-05-05 15:54:23,919: publishing ctrl
[rosout][INFO] 2022-05-05 15:54:23,944: publishing ctrl
[rosout][INFO] 2022-05-05 15:54:23,959: publishing ctrl
[rosout][INFO] 2022-05-05 15:54:23,979: publishing ctrl
[rosout][INFO] 2022-05-05 15:54:24,008: publishing ctrl
[rosout][INFO] 2022-05-05 15:54:24,030: publishing ctrl
[rosout][INFO] 2022-05-05 15:54:24,057: publishing ctrl
[rosout][INFO] 2022-05-05 15:54:24,074: publishing ctrl
[rosout][INFO] 2022-05-05 15:54:24,089: publishing ctrl
[rosout][INFO] 2022-05-05 15:54:24,102: publishing ctrl
[rosout][INFO] 2022-05-05 15:54:24,124: publishing ctrl
[rosout][INFO] 2022-05-05 15:54:24,151: publishing ctrl
[rosout][INFO] 2022-05-05 15:54:24,162: publishing ctrl
[rosout][INFO] 2022-05-05 15:54:24,180: publishing ctrl
[rosout][INFO] 2022-05-05 15:54:24,199: publishing ctrl
[rosout][INFO] 2022-05-05 15:54:24,219: publishing ctrl
[rosout][INFO] 2022-05-05 15:54:24,239: publishing ctrl
[rosout][INFO] 2022-05-05 15:54:24,261: publishing ctrl
[rosout][INFO] 2022-05-05 15:54:24,288: publishing ctrl
[rosout][INFO] 2022-05-05 15:54:24,303: publishing ctrl
[rosout][INFO] 2022-05-05 15:54:24,320: publishing ctrl
[rosout][INFO] 2022-05-05 15:54:24,339: publishing ctrl
[rosout][INFO] 2022-05-05 15:54:24,361: publishing ctrl
[rosout][INFO] 2022-05-05 15:54:24,380: publishing ctrl
[rosout][INFO] 2022-05-05 15:54:24,401: publishing ctrl
[rosout][INFO] 2022-05-05 15:54:24,421: publishing ctrl
[rosout][INFO] 2022-05-05 15:54:24,446: publishing ctrl
[rosout][INFO] 2022-05-05 15:54:24,461: publishing ctrl
[rosout][INFO] 2022-05-05 15:54:24,479: publishing ctrl
[rosout][INFO] 2022-05-05 15:54:24,499: publishing ctrl
[rosout][INFO] 2022-05-05 15:54:24,526: publishing ctrl
[rosout][INFO] 2022-05-05 15:54:24,540: publishing ctrl
[rosout][INFO] 2022-05-05 15:54:24,560: publishing ctrl
[rosout][INFO] 2022-05-05 15:54:24,579: publishing ctrl
[rosout][INFO] 2022-05-05 15:54:24,601: publishing ctrl
[rosout][INFO] 2022-05-05 15:54:24,620: publishing ctrl
[rosout][INFO] 2022-05-05 15:54:24,649: publishing ctrl
[rosout][INFO] 2022-05-05 15:54:24,687: publishing ctrl
[rosout][INFO] 2022-05-05 15:54:24,706: publishing ctrl
[rosout][INFO] 2022-05-05 15:54:24,720: publishing ctrl
[rosout][INFO] 2022-05-05 15:54:24,748: publishing ctrl
[rosout][INFO] 2022-05-05 15:54:24,769: publishing ctrl
[rosout][INFO] 2022-05-05 15:54:24,785: publishing ctrl
[rosout][INFO] 2022-05-05 15:54:24,806: publishing ctrl
[rosout][INFO] 2022-05-05 15:54:24,827: publishing ctrl
[rosout][INFO] 2022-05-05 15:54:24,848: publishing ctrl
[rosout][INFO] 2022-05-05 15:54:24,861: publishing ctrl
[rosout][INFO] 2022-05-05 15:54:24,878: publishing ctrl
[rosout][INFO] 2022-05-05 15:54:24,885: publishing ctrl
[rosout][INFO] 2022-05-05 15:54:24,898: publishing ctrl
[rosout][INFO] 2022-05-05 15:54:24,923: publishing ctrl
[rosout][INFO] 2022-05-05 15:54:24,941: publishing ctrl
[rosout][INFO] 2022-05-05 15:54:24,962: publishing ctrl
[rosout][INFO] 2022-05-05 15:54:24,979: publishing ctrl
[rosout][INFO] 2022-05-05 15:54:25,006: publishing ctrl
[rosout][INFO] 2022-05-05 15:54:25,022: publishing ctrl
[rosout][INFO] 2022-05-05 15:54:25,039: publishing ctrl
[rosout][INFO] 2022-05-05 15:54:25,061: publishing ctrl
[rosout][INFO] 2022-05-05 15:54:25,090: publishing ctrl
[rosout][INFO] 2022-05-05 15:54:25,103: publishing ctrl
[rosout][INFO] 2022-05-05 15:54:25,140: publishing ctrl
[rosout][INFO] 2022-05-05 15:54:25,166: publishing ctrl
[rosout][INFO] 2022-05-05 15:54:25,189: publishing ctrl
[rosout][INFO] 2022-05-05 15:54:25,218: publishing ctrl
[rosout][INFO] 2022-05-05 15:54:25,231: publishing ctrl
[rosout][INFO] 2022-05-05 15:54:25,250: publishing ctrl
[rosout][INFO] 2022-05-05 15:54:25,274: publishing ctrl
[rosout][INFO] 2022-05-05 15:54:25,288: publishing ctrl
[rosout][INFO] 2022-05-05 15:54:25,301: publishing ctrl
[rosout][INFO] 2022-05-05 15:54:25,323: publishing ctrl
[rosout][INFO] 2022-05-05 15:54:25,334: publishing ctrl
[rosout][INFO] 2022-05-05 15:54:25,349: publishing ctrl
[rosout][INFO] 2022-05-05 15:54:25,363: publishing ctrl
[rosout][INFO] 2022-05-05 15:54:25,380: publishing ctrl
[rosout][INFO] 2022-05-05 15:54:25,399: publishing ctrl
[rosout][INFO] 2022-05-05 15:54:25,419: publishing ctrl
[rosout][INFO] 2022-05-05 15:54:25,439: publishing ctrl
[rosout][INFO] 2022-05-05 15:54:25,459: publishing ctrl
[rosout][INFO] 2022-05-05 15:54:25,482: publishing ctrl
[rosout][INFO] 2022-05-05 15:54:25,499: publishing ctrl
[rosout][INFO] 2022-05-05 15:54:25,526: publishing ctrl
[rosout][INFO] 2022-05-05 15:54:25,552: publishing ctrl
[rosout][INFO] 2022-05-05 15:54:25,569: publishing ctrl
[rosout][INFO] 2022-05-05 15:54:25,590: publishing ctrl
[rosout][INFO] 2022-05-05 15:54:25,599: publishing ctrl
[rosout][INFO] 2022-05-05 15:54:25,624: publishing ctrl
[rosout][INFO] 2022-05-05 15:54:25,643: publishing ctrl
[rosout][INFO] 2022-05-05 15:54:25,667: publishing ctrl
[rosout][INFO] 2022-05-05 15:54:25,691: publishing ctrl
[rosout][INFO] 2022-05-05 15:54:25,703: publishing ctrl
[rosout][INFO] 2022-05-05 15:54:25,727: publishing ctrl
[rosout][INFO] 2022-05-05 15:54:25,743: publishing ctrl
[rosout][INFO] 2022-05-05 15:54:25,759: publishing ctrl
[rosout][INFO] 2022-05-05 15:54:25,780: publishing ctrl
[rosout][INFO] 2022-05-05 15:54:25,799: publishing ctrl
[rosout][INFO] 2022-05-05 15:54:25,819: publishing ctrl
[rosout][INFO] 2022-05-05 15:54:25,841: publishing ctrl
[rosout][INFO] 2022-05-05 15:54:25,860: publishing ctrl
[rosout][INFO] 2022-05-05 15:54:25,880: publishing ctrl
[rosout][INFO] 2022-05-05 15:54:25,899: publishing ctrl
[rosout][INFO] 2022-05-05 15:54:25,919: publishing ctrl
[rosout][INFO] 2022-05-05 15:54:25,951: publishing ctrl
[rosout][INFO] 2022-05-05 15:54:25,964: publishing ctrl
[rosout][INFO] 2022-05-05 15:54:25,980: publishing ctrl
[rosout][INFO] 2022-05-05 15:54:25,999: publishing ctrl
[rosout][INFO] 2022-05-05 15:54:26,019: publishing ctrl
[rosout][INFO] 2022-05-05 15:54:26,042: publishing ctrl
[rosout][INFO] 2022-05-05 15:54:26,059: publishing ctrl
[rosout][INFO] 2022-05-05 15:54:26,079: publishing ctrl
[rosout][INFO] 2022-05-05 15:54:26,103: publishing ctrl
[rosout][INFO] 2022-05-05 15:54:26,120: publishing ctrl
[rosout][INFO] 2022-05-05 15:54:26,151: publishing ctrl
[rosout][INFO] 2022-05-05 15:54:26,167: publishing ctrl
[rosout][INFO] 2022-05-05 15:54:26,180: publishing ctrl
[rosout][INFO] 2022-05-05 15:54:26,202: publishing ctrl
[rosout][INFO] 2022-05-05 15:54:26,219: publishing ctrl
[rosout][INFO] 2022-05-05 15:54:26,244: publishing ctrl
[rosout][INFO] 2022-05-05 15:54:26,259: publishing ctrl
[rosout][INFO] 2022-05-05 15:54:26,293: publishing ctrl
[rosout][INFO] 2022-05-05 15:54:26,307: publishing ctrl
[rosout][INFO] 2022-05-05 15:54:26,319: publishing ctrl
[rosout][INFO] 2022-05-05 15:54:26,339: publishing ctrl
[rosout][INFO] 2022-05-05 15:54:26,360: publishing ctrl
[rosout][INFO] 2022-05-05 15:54:26,381: publishing ctrl
[rosout][INFO] 2022-05-05 15:54:26,403: publishing ctrl
[rosout][INFO] 2022-05-05 15:54:26,421: publishing ctrl
[rosout][INFO] 2022-05-05 15:54:26,443: publishing ctrl
[rosout][INFO] 2022-05-05 15:54:26,459: publishing ctrl
[rosout][INFO] 2022-05-05 15:54:26,481: publishing ctrl
[rosout][INFO] 2022-05-05 15:54:26,501: publishing ctrl
[rosout][INFO] 2022-05-05 15:54:26,519: publishing ctrl
[rosout][INFO] 2022-05-05 15:54:26,539: publishing ctrl
[rosout][INFO] 2022-05-05 15:54:26,560: publishing ctrl
[rosout][INFO] 2022-05-05 15:54:26,579: publishing ctrl
[rosout][INFO] 2022-05-05 15:54:26,599: publishing ctrl
[rosout][INFO] 2022-05-05 15:54:26,621: publishing ctrl
[rosout][INFO] 2022-05-05 15:54:26,644: publishing ctrl
[rosout][INFO] 2022-05-05 15:54:26,672: publishing ctrl
[rosout][INFO] 2022-05-05 15:54:26,687: publishing ctrl
[rosout][INFO] 2022-05-05 15:54:26,700: publishing ctrl
[rosout][INFO] 2022-05-05 15:54:26,731: publishing ctrl
[rosout][INFO] 2022-05-05 15:54:26,761: publishing ctrl
[rosout][INFO] 2022-05-05 15:54:26,775: publishing ctrl
[rosout][INFO] 2022-05-05 15:54:26,792: publishing ctrl
[rosout][INFO] 2022-05-05 15:54:26,811: publishing ctrl
[rosout][INFO] 2022-05-05 15:54:26,826: publishing ctrl
[rosout][INFO] 2022-05-05 15:54:26,846: publishing ctrl
[rosout][INFO] 2022-05-05 15:54:26,859: publishing ctrl
[rosout][INFO] 2022-05-05 15:54:26,879: publishing ctrl
[rosout][INFO] 2022-05-05 15:54:26,899: publishing ctrl
[rosout][INFO] 2022-05-05 15:54:26,919: publishing ctrl
[rosout][INFO] 2022-05-05 15:54:26,945: publishing ctrl
[rosout][INFO] 2022-05-05 15:54:26,959: publishing ctrl
[rosout][INFO] 2022-05-05 15:54:26,979: publishing ctrl
[rosout][INFO] 2022-05-05 15:54:26,999: publishing ctrl
[rosout][INFO] 2022-05-05 15:54:27,019: publishing ctrl
[rosout][INFO] 2022-05-05 15:54:27,041: publishing ctrl
[rosout][INFO] 2022-05-05 15:54:27,071: publishing ctrl
[rosout][INFO] 2022-05-05 15:54:27,089: publishing ctrl
[rosout][INFO] 2022-05-05 15:54:27,099: publishing ctrl
[rosout][INFO] 2022-05-05 15:54:27,119: publishing ctrl
[rosout][INFO] 2022-05-05 15:54:27,152: publishing ctrl
[rosout][INFO] 2022-05-05 15:54:27,164: publishing ctrl
[rosout][INFO] 2022-05-05 15:54:27,180: publishing ctrl
[rosout][INFO] 2022-05-05 15:54:27,200: publishing ctrl
[rosout][INFO] 2022-05-05 15:54:27,222: publishing ctrl
[rosout][INFO] 2022-05-05 15:54:27,239: publishing ctrl
[rosout][INFO] 2022-05-05 15:54:27,259: publishing ctrl
[rosout][INFO] 2022-05-05 15:54:27,279: publishing ctrl
[rosout][INFO] 2022-05-05 15:54:27,299: publishing ctrl
[rosout][INFO] 2022-05-05 15:54:27,319: publishing ctrl
[rosout][INFO] 2022-05-05 15:54:27,342: publishing ctrl
[rosout][INFO] 2022-05-05 15:54:27,358: publishing ctrl
[rosout][INFO] 2022-05-05 15:54:27,380: publishing ctrl
[rosout][INFO] 2022-05-05 15:54:27,400: publishing ctrl
[rosout][INFO] 2022-05-05 15:54:27,420: publishing ctrl
[rospy.core][INFO] 2022-05-05 15:54:27,448: signal_shutdown [signal-2]
[rosout][INFO] 2022-05-05 15:54:27,439: publishing ctrl
[rospy.internal][INFO] 2022-05-05 15:54:27,562: topic[/car/mux/ackermann_cmd_mux/input/navigation] removing connection to /car/mux/nodelet_manager
[rospy.internal][INFO] 2022-05-05 15:54:27,562: topic[/rosout] removing connection to /rosout
[rospy.impl.masterslave][INFO] 2022-05-05 15:54:27,563: signal-2
[rosout][INFO] 2022-05-05 15:54:27,464: publishing ctrl
[rospy.core][INFO] 2022-05-05 15:54:28,150: signal_shutdown [atexit]
