

1651780453.941963256  Node Startup
1651780454.524090964 INFO /car/mux/ackermann_cmd_mux [/tmp/binarydeb/ros-melodic-nodelet-1.9.16/src/nodelet.cpp:196(loadNodelet)] [topics: /rosout] Loading nodelet /car/mux/ackermann_cmd_mux of type ackermann_cmd_mux/AckermannCmdMuxNodelet to manager nodelet_manager with the following remappings:
1651780454.786391693 INFO /car/mux/ackermann_cmd_mux [/tmp/binarydeb/ros-melodic-roscpp-1.14.12/src/libros/service.cpp:80(service::exists)] [topics: /rosout] waitForService: Service [/car/mux/nodelet_manager/load_nodelet] has not been advertised, waiting...
1651780454.710941849 INFO /car/mux/nodelet_manager [/tmp/binarydeb/ros-melodic-nodelet-1.9.16/src/loader.cpp:233(Loader::Impl::advertiseRosApi)] [topics: /rosout] Initializing nodelet with 4 worker threads.
1651780454.837811641 INFO /car/mux/ackermann_cmd_mux [/tmp/binarydeb/ros-melodic-roscpp-1.14.12/src/libros/service.cpp:123(service::waitForService)] [topics: /rosout] waitForService: Service [/car/mux/nodelet_manager/load_nodelet] is now available.
1651780454.939749714 INFO /car/csi_cam_0 [/home/robot/catkin_ws/src/gscam/src/gscam.cpp:66(GSCam::configure)] [topics: /rosout] Using gstreamer config from env: "nvarguscamerasrc sensor-id=0 ! video/x-raw(memory:NVMM),     width=(int)1280, height=(int)720, format=(string)NV12, framerate=(fraction)15/1 !      nvvidconv flip-method=2 ! video/x-raw, format=(string)BGRx ! videoconvert"
1651780455.196228516 INFO /car/csi_cam_0 [/tmp/binarydeb/ros-melodic-camera-info-manager-1.11.13/src/camera_info_manager.cpp:227(CameraInfoManager::loadCalibration)] [topics: /rosout] using default calibration URL
1651780455.196345599 INFO /car/csi_cam_0 [/tmp/binarydeb/ros-melodic-camera-info-manager-1.11.13/src/camera_info_manager.cpp:220(CameraInfoManager::loadCalibration)] [topics: /rosout] camera calibration URL: file:///home/robot/catkin_ws/src/cybertruck2/scripts/camera_info/csi_cam_0.yaml
1651780455.196506068 INFO /car/csi_cam_0 [/tmp/binarydeb/ros-melodic-camera-calibration-parsers-1.11.13/src/parse_yml.cpp:231(readCalibrationYml)] [topics: /rosout] Unable to open camera calibration file [/home/robot/catkin_ws/src/cybertruck2/scripts/camera_info/csi_cam_0.yaml]
1651780455.196673308 WARN /car/csi_cam_0 [/tmp/binarydeb/ros-melodic-camera-info-manager-1.11.13/src/camera_info_manager.cpp:293(CameraInfoManager::loadCalibrationFile)] [topics: /rosout] Camera calibration file /home/robot/catkin_ws/src/cybertruck2/scripts/camera_info/csi_cam_0.yaml not found.
1651780455.196737735 INFO /car/csi_cam_0 [/home/robot/catkin_ws/src/gscam/src/gscam.cpp:95(GSCam::configure)] [topics: /rosout] Loaded camera calibration from 
1651780455.495854245 INFO /car/csi_cam_0 [/home/robot/catkin_ws/src/gscam/src/gscam.cpp:210(GSCam::init_stream)] [topics: /rosout] Time offset: 1651779266.353
1651780455.527921953 INFO /car/mux/nodelet_manager [/home/robot/catkin_ws/src/mushr/mushr_base/mushr_base/ackermann_cmd_mux/src/ackermann_cmd_mux_nodelet.cpp:181(AckermannCmdMuxNodelet::reloadConfiguration)] [topics: /rosout, /car/mux/ackermann_cmd_mux/parameter_descriptions, /car/mux/ackermann_cmd_mux/parameter_updates, /car/mux/ackermann_cmd_mux/output] AckermannCmdMux : (re)configured [/home/robot/catkin_ws/src/mushr/mushr_base/mushr_base/ackermann_cmd_mux/param/mux.yaml]
1651780455.566469922 INFO /car/csi_cam_0 [/home/robot/catkin_ws/src/gscam/src/gscam.cpp:234(GSCam::publish_stream)] [topics: /rosout, /car/csi_cam_0/image_raw, /car/csi_cam_0/camera_info] Publishing stream...
1651780455.568202266 INFO /car/csi_cam_0 [/home/robot/catkin_ws/src/gscam/src/gscam.cpp:263(GSCam::publish_stream)] [topics: /rosout, /car/csi_cam_0/image_raw, /car/csi_cam_0/camera_info] Started stream.
1651780455.624637578 INFO /car/vesc/vesc_driver [/home/robot/catkin_ws/src/mushr/mushr_base/vesc/vesc_driver/src/vesc_driver.cpp:96(VescDriver::timerCallback)] [topics: /rosout, /car/vesc/sensors/core, /car/vesc/sensors/servo_position_command] Connected to VESC with firmware version 2.18
1651780457.822825908 INFO /car/drive [cybertruck2.py:234(cybertruck2.publish_ctrl)] [topics: /rosout, /csi_cam_0/image_raw, /car/mux/ackermann_cmd_mux/input/navigation, /debug_image] publishing ctrl
1651780457.844510078 INFO /car/drive [cybertruck2.py:234(cybertruck2.publish_ctrl)] [topics: /rosout, /csi_cam_0/image_raw, /car/mux/ackermann_cmd_mux/input/navigation, /debug_image] publishing ctrl
1651780457.858807086 INFO /car/drive [cybertruck2.py:234(cybertruck2.publish_ctrl)] [topics: /rosout, /csi_cam_0/image_raw, /car/mux/ackermann_cmd_mux/input/navigation, /debug_image] publishing ctrl
1651780457.880018949 INFO /car/drive [cybertruck2.py:234(cybertruck2.publish_ctrl)] [topics: /rosout, /csi_cam_0/image_raw, /car/mux/ackermann_cmd_mux/input/navigation, /debug_image] publishing ctrl
1651780457.899435997 INFO /car/drive [cybertruck2.py:234(cybertruck2.publish_ctrl)] [topics: /rosout, /csi_cam_0/image_raw, /car/mux/ackermann_cmd_mux/input/navigation, /debug_image] publishing ctrl
1651780457.921473979 INFO /car/drive [cybertruck2.py:234(cybertruck2.publish_ctrl)] [topics: /rosout, /csi_cam_0/image_raw, /car/mux/ackermann_cmd_mux/input/navigation, /debug_image] publishing ctrl
1651780457.945570945 INFO /car/drive [cybertruck2.py:234(cybertruck2.publish_ctrl)] [topics: /rosout, /csi_cam_0/image_raw, /car/mux/ackermann_cmd_mux/input/navigation, /debug_image] publishing ctrl
1651780457.964899063 INFO /car/drive [cybertruck2.py:234(cybertruck2.publish_ctrl)] [topics: /rosout, /csi_cam_0/image_raw, /car/mux/ackermann_cmd_mux/input/navigation, /debug_image] publishing ctrl
1651780457.980870962 INFO /car/drive [cybertruck2.py:234(cybertruck2.publish_ctrl)] [topics: /rosout, /csi_cam_0/image_raw, /car/mux/ackermann_cmd_mux/input/navigation, /debug_image] publishing ctrl
1651780458.005764007 INFO /car/drive [cybertruck2.py:234(cybertruck2.publish_ctrl)] [topics: /rosout, /csi_cam_0/image_raw, /car/mux/ackermann_cmd_mux/input/navigation, /debug_image] publishing ctrl
1651780458.021811962 INFO /car/drive [cybertruck2.py:234(cybertruck2.publish_ctrl)] [topics: /rosout, /csi_cam_0/image_raw, /car/mux/ackermann_cmd_mux/input/navigation, /debug_image] publishing ctrl
1651780458.038077116 INFO /car/drive [cybertruck2.py:234(cybertruck2.publish_ctrl)] [topics: /rosout, /csi_cam_0/image_raw, /car/mux/ackermann_cmd_mux/input/navigation, /debug_image] publishing ctrl
1651780458.058440923 INFO /car/drive [cybertruck2.py:234(cybertruck2.publish_ctrl)] [topics: /rosout, /csi_cam_0/image_raw, /car/mux/ackermann_cmd_mux/input/navigation, /debug_image] publishing ctrl
1651780458.082891941 INFO /car/drive [cybertruck2.py:234(cybertruck2.publish_ctrl)] [topics: /rosout, /csi_cam_0/image_raw, /car/mux/ackermann_cmd_mux/input/navigation, /debug_image] publishing ctrl
1651780458.104969978 INFO /car/drive [cybertruck2.py:234(cybertruck2.publish_ctrl)] [topics: /rosout, /csi_cam_0/image_raw, /car/mux/ackermann_cmd_mux/input/navigation, /debug_image] publishing ctrl
1651780458.130798101 INFO /car/drive [cybertruck2.py:234(cybertruck2.publish_ctrl)] [topics: /rosout, /csi_cam_0/image_raw, /car/mux/ackermann_cmd_mux/input/navigation, /debug_image] publishing ctrl
1651780458.152662992 INFO /car/drive [cybertruck2.py:234(cybertruck2.publish_ctrl)] [topics: /rosout, /csi_cam_0/image_raw, /car/mux/ackermann_cmd_mux/input/navigation, /debug_image] publishing ctrl
1651780458.168745994 INFO /car/drive [cybertruck2.py:234(cybertruck2.publish_ctrl)] [topics: /rosout, /csi_cam_0/image_raw, /car/mux/ackermann_cmd_mux/input/navigation, /debug_image] publishing ctrl
1651780458.198736906 INFO /car/drive [cybertruck2.py:234(cybertruck2.publish_ctrl)] [topics: /rosout, /csi_cam_0/image_raw, /car/mux/ackermann_cmd_mux/input/navigation, /debug_image] publishing ctrl
1651780458.209919929 INFO /car/drive [cybertruck2.py:234(cybertruck2.publish_ctrl)] [topics: /rosout, /csi_cam_0/image_raw, /car/mux/ackermann_cmd_mux/input/navigation, /debug_image] publishing ctrl
1651780458.224169969 INFO /car/drive [cybertruck2.py:234(cybertruck2.publish_ctrl)] [topics: /rosout, /csi_cam_0/image_raw, /car/mux/ackermann_cmd_mux/input/navigation, /debug_image] publishing ctrl
1651780458.244683027 INFO /car/drive [cybertruck2.py:234(cybertruck2.publish_ctrl)] [topics: /rosout, /csi_cam_0/image_raw, /car/mux/ackermann_cmd_mux/input/navigation, /debug_image] publishing ctrl
1651780458.264981031 INFO /car/drive [cybertruck2.py:234(cybertruck2.publish_ctrl)] [topics: /rosout, /csi_cam_0/image_raw, /car/mux/ackermann_cmd_mux/input/navigation, /debug_image] publishing ctrl
1651780458.289530992 INFO /car/drive [cybertruck2.py:234(cybertruck2.publish_ctrl)] [topics: /rosout, /csi_cam_0/image_raw, /car/mux/ackermann_cmd_mux/input/navigation, /debug_image] publishing ctrl
1651780458.301965951 INFO /car/drive [cybertruck2.py:234(cybertruck2.publish_ctrl)] [topics: /rosout, /csi_cam_0/image_raw, /car/mux/ackermann_cmd_mux/input/navigation, /debug_image] publishing ctrl
1651780458.324407100 INFO /car/drive [cybertruck2.py:234(cybertruck2.publish_ctrl)] [topics: /rosout, /csi_cam_0/image_raw, /car/mux/ackermann_cmd_mux/input/navigation, /debug_image] publishing ctrl
1651780458.348730087 INFO /car/drive [cybertruck2.py:234(cybertruck2.publish_ctrl)] [topics: /rosout, /csi_cam_0/image_raw, /car/mux/ackermann_cmd_mux/input/navigation, /debug_image] publishing ctrl
1651780458.361408948 INFO /car/drive [cybertruck2.py:234(cybertruck2.publish_ctrl)] [topics: /rosout, /csi_cam_0/image_raw, /car/mux/ackermann_cmd_mux/input/navigation, /debug_image] publishing ctrl
1651780458.400719881 INFO /car/drive [cybertruck2.py:234(cybertruck2.publish_ctrl)] [topics: /rosout, /csi_cam_0/image_raw, /car/mux/ackermann_cmd_mux/input/navigation, /debug_image] publishing ctrl
1651780458.419639110 INFO /car/drive [cybertruck2.py:234(cybertruck2.publish_ctrl)] [topics: /rosout, /csi_cam_0/image_raw, /car/mux/ackermann_cmd_mux/input/navigation, /debug_image] publishing ctrl
1651780458.430229902 INFO /car/drive [cybertruck2.py:234(cybertruck2.publish_ctrl)] [topics: /rosout, /csi_cam_0/image_raw, /car/mux/ackermann_cmd_mux/input/navigation, /debug_image] publishing ctrl
1651780458.442537069 INFO /car/drive [cybertruck2.py:234(cybertruck2.publish_ctrl)] [topics: /rosout, /csi_cam_0/image_raw, /car/mux/ackermann_cmd_mux/input/navigation, /debug_image] publishing ctrl
1651780458.466839075 INFO /car/drive [cybertruck2.py:234(cybertruck2.publish_ctrl)] [topics: /rosout, /csi_cam_0/image_raw, /car/mux/ackermann_cmd_mux/input/navigation, /debug_image] publishing ctrl
1651780458.482290029 INFO /car/drive [cybertruck2.py:234(cybertruck2.publish_ctrl)] [topics: /rosout, /csi_cam_0/image_raw, /car/mux/ackermann_cmd_mux/input/navigation, /debug_image] publishing ctrl
1651780458.504160881 INFO /car/drive [cybertruck2.py:234(cybertruck2.publish_ctrl)] [topics: /rosout, /csi_cam_0/image_raw, /car/mux/ackermann_cmd_mux/input/navigation, /debug_image] publishing ctrl
1651780458.527359962 INFO /car/drive [cybertruck2.py:234(cybertruck2.publish_ctrl)] [topics: /rosout, /csi_cam_0/image_raw, /car/mux/ackermann_cmd_mux/input/navigation, /debug_image] publishing ctrl
1651780458.546233892 INFO /car/drive [cybertruck2.py:234(cybertruck2.publish_ctrl)] [topics: /rosout, /csi_cam_0/image_raw, /car/mux/ackermann_cmd_mux/input/navigation, /debug_image] publishing ctrl
1651780458.563211917 INFO /car/drive [cybertruck2.py:234(cybertruck2.publish_ctrl)] [topics: /rosout, /csi_cam_0/image_raw, /car/mux/ackermann_cmd_mux/input/navigation, /debug_image] publishing ctrl
1651780458.584626913 INFO /car/drive [cybertruck2.py:234(cybertruck2.publish_ctrl)] [topics: /rosout, /csi_cam_0/image_raw, /car/mux/ackermann_cmd_mux/input/navigation, /debug_image] publishing ctrl
1651780458.606903076 INFO /car/drive [cybertruck2.py:234(cybertruck2.publish_ctrl)] [topics: /rosout, /csi_cam_0/image_raw, /car/mux/ackermann_cmd_mux/input/navigation, /debug_image] publishing ctrl
1651780458.620660066 INFO /car/drive [cybertruck2.py:234(cybertruck2.publish_ctrl)] [topics: /rosout, /csi_cam_0/image_raw, /car/mux/ackermann_cmd_mux/input/navigation, /debug_image] publishing ctrl
1651780458.640501976 INFO /car/drive [cybertruck2.py:234(cybertruck2.publish_ctrl)] [topics: /rosout, /csi_cam_0/image_raw, /car/mux/ackermann_cmd_mux/input/navigation, /debug_image] publishing ctrl
1651780458.667941093 INFO /car/drive [cybertruck2.py:234(cybertruck2.publish_ctrl)] [topics: /rosout, /csi_cam_0/image_raw, /car/mux/ackermann_cmd_mux/input/navigation, /debug_image] publishing ctrl
1651780458.690392971 INFO /car/drive [cybertruck2.py:234(cybertruck2.publish_ctrl)] [topics: /rosout, /csi_cam_0/image_raw, /car/mux/ackermann_cmd_mux/input/navigation, /debug_image] publishing ctrl
1651780458.702349901 INFO /car/drive [cybertruck2.py:234(cybertruck2.publish_ctrl)] [topics: /rosout, /csi_cam_0/image_raw, /car/mux/ackermann_cmd_mux/input/navigation, /debug_image] publishing ctrl
1651780458.727068901 INFO /car/drive [cybertruck2.py:234(cybertruck2.publish_ctrl)] [topics: /rosout, /csi_cam_0/image_raw, /car/mux/ackermann_cmd_mux/input/navigation, /debug_image] publishing ctrl
1651780458.750515937 INFO /car/drive [cybertruck2.py:234(cybertruck2.publish_ctrl)] [topics: /rosout, /csi_cam_0/image_raw, /car/mux/ackermann_cmd_mux/input/navigation, /debug_image] publishing ctrl
1651780458.765650987 INFO /car/drive [cybertruck2.py:234(cybertruck2.publish_ctrl)] [topics: /rosout, /csi_cam_0/image_raw, /car/mux/ackermann_cmd_mux/input/navigation, /debug_image] publishing ctrl
1651780458.782391071 INFO /car/drive [cybertruck2.py:234(cybertruck2.publish_ctrl)] [topics: /rosout, /csi_cam_0/image_raw, /car/mux/ackermann_cmd_mux/input/navigation, /debug_image] publishing ctrl
1651780458.802488088 INFO /car/drive [cybertruck2.py:234(cybertruck2.publish_ctrl)] [topics: /rosout, /csi_cam_0/image_raw, /car/mux/ackermann_cmd_mux/input/navigation, /debug_image] publishing ctrl
1651780458.820771932 INFO /car/drive [cybertruck2.py:234(cybertruck2.publish_ctrl)] [topics: /rosout, /csi_cam_0/image_raw, /car/mux/ackermann_cmd_mux/input/navigation, /debug_image] publishing ctrl
1651780458.846923112 INFO /car/drive [cybertruck2.py:234(cybertruck2.publish_ctrl)] [topics: /rosout, /csi_cam_0/image_raw, /car/mux/ackermann_cmd_mux/input/navigation, /debug_image] publishing ctrl
1651780458.869079113 INFO /car/drive [cybertruck2.py:234(cybertruck2.publish_ctrl)] [topics: /rosout, /csi_cam_0/image_raw, /car/mux/ackermann_cmd_mux/input/navigation, /debug_image] publishing ctrl
1651780458.889441967 INFO /car/drive [cybertruck2.py:234(cybertruck2.publish_ctrl)] [topics: /rosout, /csi_cam_0/image_raw, /car/mux/ackermann_cmd_mux/input/navigation, /debug_image] publishing ctrl
1651780458.904809951 INFO /car/drive [cybertruck2.py:234(cybertruck2.publish_ctrl)] [topics: /rosout, /csi_cam_0/image_raw, /car/mux/ackermann_cmd_mux/input/navigation, /debug_image] publishing ctrl
1651780458.924130916 INFO /car/drive [cybertruck2.py:234(cybertruck2.publish_ctrl)] [topics: /rosout, /csi_cam_0/image_raw, /car/mux/ackermann_cmd_mux/input/navigation, /debug_image] publishing ctrl
1651780458.962093114 INFO /car/drive [cybertruck2.py:234(cybertruck2.publish_ctrl)] [topics: /rosout, /csi_cam_0/image_raw, /car/mux/ackermann_cmd_mux/input/navigation, /debug_image] publishing ctrl
1651780458.971410989 INFO /car/drive [cybertruck2.py:234(cybertruck2.publish_ctrl)] [topics: /rosout, /csi_cam_0/image_raw, /car/mux/ackermann_cmd_mux/input/navigation, /debug_image] publishing ctrl
1651780458.992472887 INFO /car/drive [cybertruck2.py:234(cybertruck2.publish_ctrl)] [topics: /rosout, /csi_cam_0/image_raw, /car/mux/ackermann_cmd_mux/input/navigation, /debug_image] publishing ctrl
1651780459.005511045 INFO /car/drive [cybertruck2.py:234(cybertruck2.publish_ctrl)] [topics: /rosout, /csi_cam_0/image_raw, /car/mux/ackermann_cmd_mux/input/navigation, /debug_image] publishing ctrl
1651780459.032597064 INFO /car/drive [cybertruck2.py:234(cybertruck2.publish_ctrl)] [topics: /rosout, /csi_cam_0/image_raw, /car/mux/ackermann_cmd_mux/input/navigation, /debug_image] publishing ctrl
1651780459.043311119 INFO /car/drive [cybertruck2.py:234(cybertruck2.publish_ctrl)] [topics: /rosout, /csi_cam_0/image_raw, /car/mux/ackermann_cmd_mux/input/navigation, /debug_image] publishing ctrl
1651780459.070091962 INFO /car/drive [cybertruck2.py:234(cybertruck2.publish_ctrl)] [topics: /rosout, /csi_cam_0/image_raw, /car/mux/ackermann_cmd_mux/input/navigation, /debug_image] publishing ctrl
1651780459.079819917 INFO /car/drive [cybertruck2.py:234(cybertruck2.publish_ctrl)] [topics: /rosout, /csi_cam_0/image_raw, /car/mux/ackermann_cmd_mux/input/navigation, /debug_image] publishing ctrl
1651780459.102049112 INFO /car/drive [cybertruck2.py:234(cybertruck2.publish_ctrl)] [topics: /rosout, /csi_cam_0/image_raw, /car/mux/ackermann_cmd_mux/input/navigation, /debug_image] publishing ctrl
1651780459.131522893 INFO /car/drive [cybertruck2.py:234(cybertruck2.publish_ctrl)] [topics: /rosout, /csi_cam_0/image_raw, /car/mux/ackermann_cmd_mux/input/navigation, /debug_image] publishing ctrl
1651780459.141427993 INFO /car/drive [cybertruck2.py:234(cybertruck2.publish_ctrl)] [topics: /rosout, /csi_cam_0/image_raw, /car/mux/ackermann_cmd_mux/input/navigation, /debug_image] publishing ctrl
1651780459.162322998 INFO /car/drive [cybertruck2.py:234(cybertruck2.publish_ctrl)] [topics: /rosout, /csi_cam_0/image_raw, /car/mux/ackermann_cmd_mux/input/navigation, /debug_image] publishing ctrl
1651780459.187757015 INFO /car/drive [cybertruck2.py:234(cybertruck2.publish_ctrl)] [topics: /rosout, /csi_cam_0/image_raw, /car/mux/ackermann_cmd_mux/input/navigation, /debug_image] publishing ctrl
1651780459.202503919 INFO /car/drive [cybertruck2.py:234(cybertruck2.publish_ctrl)] [topics: /rosout, /csi_cam_0/image_raw, /car/mux/ackermann_cmd_mux/input/navigation, /debug_image] publishing ctrl
1651780459.224925041 INFO /car/drive [cybertruck2.py:234(cybertruck2.publish_ctrl)] [topics: /rosout, /csi_cam_0/image_raw, /car/mux/ackermann_cmd_mux/input/navigation, /debug_image] publishing ctrl
1651780459.249504089 INFO /car/drive [cybertruck2.py:234(cybertruck2.publish_ctrl)] [topics: /rosout, /csi_cam_0/image_raw, /car/mux/ackermann_cmd_mux/input/navigation, /debug_image] publishing ctrl
1651780459.262975931 INFO /car/drive [cybertruck2.py:234(cybertruck2.publish_ctrl)] [topics: /rosout, /csi_cam_0/image_raw, /car/mux/ackermann_cmd_mux/input/navigation, /debug_image] publishing ctrl
1651780459.283267974 INFO /car/drive [cybertruck2.py:234(cybertruck2.publish_ctrl)] [topics: /rosout, /csi_cam_0/image_raw, /car/mux/ackermann_cmd_mux/input/navigation, /debug_image] publishing ctrl
1651780459.301995038 INFO /car/drive [cybertruck2.py:234(cybertruck2.publish_ctrl)] [topics: /rosout, /csi_cam_0/image_raw, /car/mux/ackermann_cmd_mux/input/navigation, /debug_image] publishing ctrl
1651780459.323558092 INFO /car/drive [cybertruck2.py:234(cybertruck2.publish_ctrl)] [topics: /rosout, /csi_cam_0/image_raw, /car/mux/ackermann_cmd_mux/input/navigation, /debug_image] publishing ctrl
1651780459.357640027 INFO /car/drive [cybertruck2.py:234(cybertruck2.publish_ctrl)] [topics: /rosout, /csi_cam_0/image_raw, /car/mux/ackermann_cmd_mux/input/navigation, /debug_image] publishing ctrl
1651780459.370399951 INFO /car/drive [cybertruck2.py:234(cybertruck2.publish_ctrl)] [topics: /rosout, /csi_cam_0/image_raw, /car/mux/ackermann_cmd_mux/input/navigation, /debug_image] publishing ctrl
1651780459.387758970 INFO /car/drive [cybertruck2.py:234(cybertruck2.publish_ctrl)] [topics: /rosout, /csi_cam_0/image_raw, /car/mux/ackermann_cmd_mux/input/navigation, /debug_image] publishing ctrl
1651780459.402667999 INFO /car/drive [cybertruck2.py:234(cybertruck2.publish_ctrl)] [topics: /rosout, /csi_cam_0/image_raw, /car/mux/ackermann_cmd_mux/input/navigation, /debug_image] publishing ctrl
1651780459.424545049 INFO /car/drive [cybertruck2.py:234(cybertruck2.publish_ctrl)] [topics: /rosout, /csi_cam_0/image_raw, /car/mux/ackermann_cmd_mux/input/navigation, /debug_image] publishing ctrl
1651780459.438950061 INFO /car/drive [cybertruck2.py:234(cybertruck2.publish_ctrl)] [topics: /rosout, /csi_cam_0/image_raw, /car/mux/ackermann_cmd_mux/input/navigation, /debug_image] publishing ctrl
1651780459.469134092 INFO /car/drive [cybertruck2.py:234(cybertruck2.publish_ctrl)] [topics: /rosout, /csi_cam_0/image_raw, /car/mux/ackermann_cmd_mux/input/navigation, /debug_image] publishing ctrl
1651780459.487747907 INFO /car/drive [cybertruck2.py:234(cybertruck2.publish_ctrl)] [topics: /rosout, /csi_cam_0/image_raw, /car/mux/ackermann_cmd_mux/input/navigation, /debug_image] publishing ctrl
1651780459.497935056 INFO /car/drive [cybertruck2.py:234(cybertruck2.publish_ctrl)] [topics: /rosout, /csi_cam_0/image_raw, /car/mux/ackermann_cmd_mux/input/navigation, /debug_image] publishing ctrl
1651780459.522587060 INFO /car/drive [cybertruck2.py:234(cybertruck2.publish_ctrl)] [topics: /rosout, /csi_cam_0/image_raw, /car/mux/ackermann_cmd_mux/input/navigation, /debug_image] publishing ctrl
1651780459.541083097 INFO /car/drive [cybertruck2.py:234(cybertruck2.publish_ctrl)] [topics: /rosout, /csi_cam_0/image_raw, /car/mux/ackermann_cmd_mux/input/navigation, /debug_image] publishing ctrl
1651780459.570530891 INFO /car/drive [cybertruck2.py:234(cybertruck2.publish_ctrl)] [topics: /rosout, /csi_cam_0/image_raw, /car/mux/ackermann_cmd_mux/input/navigation, /debug_image] publishing ctrl
1651780459.592586994 INFO /car/drive [cybertruck2.py:234(cybertruck2.publish_ctrl)] [topics: /rosout, /csi_cam_0/image_raw, /car/mux/ackermann_cmd_mux/input/navigation, /debug_image] publishing ctrl
1651780459.621349096 INFO /car/drive [cybertruck2.py:234(cybertruck2.publish_ctrl)] [topics: /rosout, /csi_cam_0/image_raw, /car/mux/ackermann_cmd_mux/input/navigation, /debug_image] publishing ctrl
1651780459.633471012 INFO /car/drive [cybertruck2.py:234(cybertruck2.publish_ctrl)] [topics: /rosout, /csi_cam_0/image_raw, /car/mux/ackermann_cmd_mux/input/navigation, /debug_image] publishing ctrl
1651780459.650893926 INFO /car/drive [cybertruck2.py:234(cybertruck2.publish_ctrl)] [topics: /rosout, /csi_cam_0/image_raw, /car/mux/ackermann_cmd_mux/input/navigation, /debug_image] publishing ctrl
1651780459.663649082 INFO /car/drive [cybertruck2.py:234(cybertruck2.publish_ctrl)] [topics: /rosout, /csi_cam_0/image_raw, /car/mux/ackermann_cmd_mux/input/navigation, /debug_image] publishing ctrl
1651780459.689872026 INFO /car/drive [cybertruck2.py:234(cybertruck2.publish_ctrl)] [topics: /rosout, /csi_cam_0/image_raw, /car/mux/ackermann_cmd_mux/input/navigation, /debug_image] publishing ctrl
1651780459.700536966 INFO /car/drive [cybertruck2.py:234(cybertruck2.publish_ctrl)] [topics: /rosout, /csi_cam_0/image_raw, /car/mux/ackermann_cmd_mux/input/navigation, /debug_image] publishing ctrl
1651780459.722172021 INFO /car/drive [cybertruck2.py:234(cybertruck2.publish_ctrl)] [topics: /rosout, /csi_cam_0/image_raw, /car/mux/ackermann_cmd_mux/input/navigation, /debug_image] publishing ctrl
1651780459.743632078 INFO /car/drive [cybertruck2.py:234(cybertruck2.publish_ctrl)] [topics: /rosout, /csi_cam_0/image_raw, /car/mux/ackermann_cmd_mux/input/navigation, /debug_image] publishing ctrl
1651780459.765985965 INFO /car/drive [cybertruck2.py:234(cybertruck2.publish_ctrl)] [topics: /rosout, /csi_cam_0/image_raw, /car/mux/ackermann_cmd_mux/input/navigation, /debug_image] publishing ctrl
1651780459.790008068 INFO /car/drive [cybertruck2.py:234(cybertruck2.publish_ctrl)] [topics: /rosout, /csi_cam_0/image_raw, /car/mux/ackermann_cmd_mux/input/navigation, /debug_image] publishing ctrl
1651780459.808125019 INFO /car/drive [cybertruck2.py:234(cybertruck2.publish_ctrl)] [topics: /rosout, /csi_cam_0/image_raw, /car/mux/ackermann_cmd_mux/input/navigation, /debug_image] publishing ctrl
1651780459.819849967 INFO /car/drive [cybertruck2.py:234(cybertruck2.publish_ctrl)] [topics: /rosout, /csi_cam_0/image_raw, /car/mux/ackermann_cmd_mux/input/navigation, /debug_image] publishing ctrl
1651780459.841392040 INFO /car/drive [cybertruck2.py:234(cybertruck2.publish_ctrl)] [topics: /rosout, /csi_cam_0/image_raw, /car/mux/ackermann_cmd_mux/input/navigation, /debug_image] publishing ctrl
1651780459.864090919 INFO /car/drive [cybertruck2.py:234(cybertruck2.publish_ctrl)] [topics: /rosout, /csi_cam_0/image_raw, /car/mux/ackermann_cmd_mux/input/navigation, /debug_image] publishing ctrl
1651780459.887531042 INFO /car/drive [cybertruck2.py:234(cybertruck2.publish_ctrl)] [topics: /rosout, /csi_cam_0/image_raw, /car/mux/ackermann_cmd_mux/input/navigation, /debug_image] publishing ctrl
1651780459.903733968 INFO /car/drive [cybertruck2.py:234(cybertruck2.publish_ctrl)] [topics: /rosout, /csi_cam_0/image_raw, /car/mux/ackermann_cmd_mux/input/navigation, /debug_image] publishing ctrl
1651780459.935400962 INFO /car/drive [cybertruck2.py:234(cybertruck2.publish_ctrl)] [topics: /rosout, /csi_cam_0/image_raw, /car/mux/ackermann_cmd_mux/input/navigation, /debug_image] publishing ctrl
1651780459.947046995 INFO /car/drive [cybertruck2.py:234(cybertruck2.publish_ctrl)] [topics: /rosout, /csi_cam_0/image_raw, /car/mux/ackermann_cmd_mux/input/navigation, /debug_image] publishing ctrl
1651780459.981375932 INFO /car/drive [cybertruck2.py:234(cybertruck2.publish_ctrl)] [topics: /rosout, /csi_cam_0/image_raw, /car/mux/ackermann_cmd_mux/input/navigation, /debug_image] publishing ctrl
1651780459.993525028 INFO /car/drive [cybertruck2.py:234(cybertruck2.publish_ctrl)] [topics: /rosout, /csi_cam_0/image_raw, /car/mux/ackermann_cmd_mux/input/navigation, /debug_image] publishing ctrl
1651780460.016447067 INFO /car/drive [cybertruck2.py:234(cybertruck2.publish_ctrl)] [topics: /rosout, /csi_cam_0/image_raw, /car/mux/ackermann_cmd_mux/input/navigation, /debug_image] publishing ctrl
1651780460.031496047 INFO /car/drive [cybertruck2.py:234(cybertruck2.publish_ctrl)] [topics: /rosout, /csi_cam_0/image_raw, /car/mux/ackermann_cmd_mux/input/navigation, /debug_image] publishing ctrl
1651780460.040158987 INFO /car/drive [cybertruck2.py:234(cybertruck2.publish_ctrl)] [topics: /rosout, /csi_cam_0/image_raw, /car/mux/ackermann_cmd_mux/input/navigation, /debug_image] publishing ctrl
1651780460.080787897 INFO /car/drive [cybertruck2.py:234(cybertruck2.publish_ctrl)] [topics: /rosout, /csi_cam_0/image_raw, /car/mux/ackermann_cmd_mux/input/navigation, /debug_image] publishing ctrl
1651780460.095237970 INFO /car/drive [cybertruck2.py:234(cybertruck2.publish_ctrl)] [topics: /rosout, /csi_cam_0/image_raw, /car/mux/ackermann_cmd_mux/input/navigation, /debug_image] publishing ctrl
1651780460.104402065 INFO /car/drive [cybertruck2.py:234(cybertruck2.publish_ctrl)] [topics: /rosout, /csi_cam_0/image_raw, /car/mux/ackermann_cmd_mux/input/navigation, /debug_image] publishing ctrl
1651780460.126935958 INFO /car/drive [cybertruck2.py:234(cybertruck2.publish_ctrl)] [topics: /rosout, /csi_cam_0/image_raw, /car/mux/ackermann_cmd_mux/input/navigation, /debug_image] publishing ctrl
1651780460.154726028 INFO /car/drive [cybertruck2.py:234(cybertruck2.publish_ctrl)] [topics: /rosout, /csi_cam_0/image_raw, /car/mux/ackermann_cmd_mux/input/navigation, /debug_image] publishing ctrl
1651780460.167252063 INFO /car/drive [cybertruck2.py:234(cybertruck2.publish_ctrl)] [topics: /rosout, /csi_cam_0/image_raw, /car/mux/ackermann_cmd_mux/input/navigation, /debug_image] publishing ctrl
1651780460.184103012 INFO /car/drive [cybertruck2.py:234(cybertruck2.publish_ctrl)] [topics: /rosout, /csi_cam_0/image_raw, /car/mux/ackermann_cmd_mux/input/navigation, /debug_image] publishing ctrl
1651780460.200767993 INFO /car/drive [cybertruck2.py:234(cybertruck2.publish_ctrl)] [topics: /rosout, /csi_cam_0/image_raw, /car/mux/ackermann_cmd_mux/input/navigation, /debug_image] publishing ctrl
1651780460.224853992 INFO /car/drive [cybertruck2.py:234(cybertruck2.publish_ctrl)] [topics: /rosout, /csi_cam_0/image_raw, /car/mux/ackermann_cmd_mux/input/navigation, /debug_image] publishing ctrl
1651780460.248975992 INFO /car/drive [cybertruck2.py:234(cybertruck2.publish_ctrl)] [topics: /rosout, /csi_cam_0/image_raw, /car/mux/ackermann_cmd_mux/input/navigation, /debug_image] publishing ctrl
1651780460.263364076 INFO /car/drive [cybertruck2.py:234(cybertruck2.publish_ctrl)] [topics: /rosout, /csi_cam_0/image_raw, /car/mux/ackermann_cmd_mux/input/navigation, /debug_image] publishing ctrl
1651780460.281161069 INFO /car/drive [cybertruck2.py:234(cybertruck2.publish_ctrl)] [topics: /rosout, /csi_cam_0/image_raw, /car/mux/ackermann_cmd_mux/input/navigation, /debug_image] publishing ctrl
1651780460.303447008 INFO /car/drive [cybertruck2.py:234(cybertruck2.publish_ctrl)] [topics: /rosout, /csi_cam_0/image_raw, /car/mux/ackermann_cmd_mux/input/navigation, /debug_image] publishing ctrl
1651780460.320782899 INFO /car/drive [cybertruck2.py:234(cybertruck2.publish_ctrl)] [topics: /rosout, /csi_cam_0/image_raw, /car/mux/ackermann_cmd_mux/input/navigation, /debug_image] publishing ctrl
1651780460.352153062 INFO /car/drive [cybertruck2.py:234(cybertruck2.publish_ctrl)] [topics: /rosout, /csi_cam_0/image_raw, /car/mux/ackermann_cmd_mux/input/navigation, /debug_image] publishing ctrl
1651780460.368812084 INFO /car/drive [cybertruck2.py:234(cybertruck2.publish_ctrl)] [topics: /rosout, /csi_cam_0/image_raw, /car/mux/ackermann_cmd_mux/input/navigation, /debug_image] publishing ctrl
1651780460.379277944 INFO /car/drive [cybertruck2.py:234(cybertruck2.publish_ctrl)] [topics: /rosout, /csi_cam_0/image_raw, /car/mux/ackermann_cmd_mux/input/navigation, /debug_image] publishing ctrl
1651780460.403064012 INFO /car/drive [cybertruck2.py:234(cybertruck2.publish_ctrl)] [topics: /rosout, /csi_cam_0/image_raw, /car/mux/ackermann_cmd_mux/input/navigation, /debug_image] publishing ctrl
1651780460.424360990 INFO /car/drive [cybertruck2.py:234(cybertruck2.publish_ctrl)] [topics: /rosout, /csi_cam_0/image_raw, /car/mux/ackermann_cmd_mux/input/navigation, /debug_image] publishing ctrl
1651780460.449865102 INFO /car/drive [cybertruck2.py:234(cybertruck2.publish_ctrl)] [topics: /rosout, /csi_cam_0/image_raw, /car/mux/ackermann_cmd_mux/input/navigation, /debug_image] publishing ctrl
1651780460.460272073 INFO /car/drive [cybertruck2.py:234(cybertruck2.publish_ctrl)] [topics: /rosout, /csi_cam_0/image_raw, /car/mux/ackermann_cmd_mux/input/navigation, /debug_image] publishing ctrl
1651780460.479881048 INFO /car/drive [cybertruck2.py:234(cybertruck2.publish_ctrl)] [topics: /rosout, /csi_cam_0/image_raw, /car/mux/ackermann_cmd_mux/input/navigation, /debug_image] publishing ctrl
1651780460.504024028 INFO /car/drive [cybertruck2.py:234(cybertruck2.publish_ctrl)] [topics: /rosout, /csi_cam_0/image_raw, /car/mux/ackermann_cmd_mux/input/navigation, /debug_image] publishing ctrl
1651780460.525599956 INFO /car/drive [cybertruck2.py:234(cybertruck2.publish_ctrl)] [topics: /rosout, /csi_cam_0/image_raw, /car/mux/ackermann_cmd_mux/input/navigation, /debug_image] publishing ctrl
1651780460.552093982 INFO /car/drive [cybertruck2.py:234(cybertruck2.publish_ctrl)] [topics: /rosout, /csi_cam_0/image_raw, /car/mux/ackermann_cmd_mux/input/navigation, /debug_image] publishing ctrl
1651780460.559659957 INFO /car/drive [cybertruck2.py:234(cybertruck2.publish_ctrl)] [topics: /rosout, /csi_cam_0/image_raw, /car/mux/ackermann_cmd_mux/input/navigation, /debug_image] publishing ctrl
1651780460.583272933 INFO /car/drive [cybertruck2.py:234(cybertruck2.publish_ctrl)] [topics: /rosout, /csi_cam_0/image_raw, /car/mux/ackermann_cmd_mux/input/navigation, /debug_image] publishing ctrl
1651780460.612809896 INFO /car/drive [cybertruck2.py:234(cybertruck2.publish_ctrl)] [topics: /rosout, /csi_cam_0/image_raw, /car/mux/ackermann_cmd_mux/input/navigation, /debug_image] publishing ctrl
1651780460.626889944 INFO /car/drive [cybertruck2.py:234(cybertruck2.publish_ctrl)] [topics: /rosout, /csi_cam_0/image_raw, /car/mux/ackermann_cmd_mux/input/navigation, /debug_image] publishing ctrl
1651780460.646960020 INFO /car/drive [cybertruck2.py:234(cybertruck2.publish_ctrl)] [topics: /rosout, /csi_cam_0/image_raw, /car/mux/ackermann_cmd_mux/input/navigation, /debug_image] publishing ctrl
1651780460.661396980 INFO /car/drive [cybertruck2.py:234(cybertruck2.publish_ctrl)] [topics: /rosout, /csi_cam_0/image_raw, /car/mux/ackermann_cmd_mux/input/navigation, /debug_image] publishing ctrl
1651780460.685308933 INFO /car/drive [cybertruck2.py:234(cybertruck2.publish_ctrl)] [topics: /rosout, /csi_cam_0/image_raw, /car/mux/ackermann_cmd_mux/input/navigation, /debug_image] publishing ctrl
1651780460.702047109 INFO /car/drive [cybertruck2.py:234(cybertruck2.publish_ctrl)] [topics: /rosout, /csi_cam_0/image_raw, /car/mux/ackermann_cmd_mux/input/navigation, /debug_image] publishing ctrl
1651780460.723977088 INFO /car/drive [cybertruck2.py:234(cybertruck2.publish_ctrl)] [topics: /rosout, /csi_cam_0/image_raw, /car/mux/ackermann_cmd_mux/input/navigation, /debug_image] publishing ctrl
1651780460.741993904 INFO /car/drive [cybertruck2.py:234(cybertruck2.publish_ctrl)] [topics: /rosout, /csi_cam_0/image_raw, /car/mux/ackermann_cmd_mux/input/navigation, /debug_image] publishing ctrl
1651780460.759577035 INFO /car/drive [cybertruck2.py:234(cybertruck2.publish_ctrl)] [topics: /rosout, /csi_cam_0/image_raw, /car/mux/ackermann_cmd_mux/input/navigation, /debug_image] publishing ctrl
1651780460.786933898 INFO /car/drive [cybertruck2.py:234(cybertruck2.publish_ctrl)] [topics: /rosout, /csi_cam_0/image_raw, /car/mux/ackermann_cmd_mux/input/navigation, /debug_image] publishing ctrl
1651780460.801227092 INFO /car/drive [cybertruck2.py:234(cybertruck2.publish_ctrl)] [topics: /rosout, /csi_cam_0/image_raw, /car/mux/ackermann_cmd_mux/input/navigation, /debug_image] publishing ctrl
1651780460.818422079 INFO /car/drive [cybertruck2.py:234(cybertruck2.publish_ctrl)] [topics: /rosout, /csi_cam_0/image_raw, /car/mux/ackermann_cmd_mux/input/navigation, /debug_image] publishing ctrl
1651780460.844618082 INFO /car/drive [cybertruck2.py:234(cybertruck2.publish_ctrl)] [topics: /rosout, /csi_cam_0/image_raw, /car/mux/ackermann_cmd_mux/input/navigation, /debug_image] publishing ctrl
1651780460.883814096 INFO /car/drive [cybertruck2.py:234(cybertruck2.publish_ctrl)] [topics: /rosout, /csi_cam_0/image_raw, /car/mux/ackermann_cmd_mux/input/navigation, /debug_image] publishing ctrl
1651780460.899701118 INFO /car/drive [cybertruck2.py:234(cybertruck2.publish_ctrl)] [topics: /rosout, /csi_cam_0/image_raw, /car/mux/ackermann_cmd_mux/input/navigation, /debug_image] publishing ctrl
1651780460.914333105 INFO /car/drive [cybertruck2.py:234(cybertruck2.publish_ctrl)] [topics: /rosout, /csi_cam_0/image_raw, /car/mux/ackermann_cmd_mux/input/navigation, /debug_image] publishing ctrl
1651780460.950865030 INFO /car/drive [cybertruck2.py:234(cybertruck2.publish_ctrl)] [topics: /rosout, /csi_cam_0/image_raw, /car/mux/ackermann_cmd_mux/input/navigation, /debug_image] publishing ctrl
1651780460.978945970 INFO /car/drive [cybertruck2.py:234(cybertruck2.publish_ctrl)] [topics: /rosout, /csi_cam_0/image_raw, /car/mux/ackermann_cmd_mux/input/navigation, /debug_image] publishing ctrl
1651780461.016314029 INFO /car/drive [cybertruck2.py:234(cybertruck2.publish_ctrl)] [topics: /rosout, /csi_cam_0/image_raw, /car/mux/ackermann_cmd_mux/input/navigation, /debug_image] publishing ctrl
1651780461.027249097 INFO /car/drive [cybertruck2.py:234(cybertruck2.publish_ctrl)] [topics: /rosout, /csi_cam_0/image_raw, /car/mux/ackermann_cmd_mux/input/navigation, /debug_image] publishing ctrl
1651780461.062341928 INFO /car/drive [cybertruck2.py:234(cybertruck2.publish_ctrl)] [topics: /rosout, /csi_cam_0/image_raw, /car/mux/ackermann_cmd_mux/input/navigation, /debug_image] publishing ctrl
1651780461.089287996 INFO /car/drive [cybertruck2.py:234(cybertruck2.publish_ctrl)] [topics: /rosout, /csi_cam_0/image_raw, /car/mux/ackermann_cmd_mux/input/navigation, /debug_image] publishing ctrl
1651780461.098572969 INFO /car/drive [cybertruck2.py:234(cybertruck2.publish_ctrl)] [topics: /rosout, /csi_cam_0/image_raw, /car/mux/ackermann_cmd_mux/input/navigation, /debug_image] publishing ctrl
1651780461.121826887 INFO /car/drive [cybertruck2.py:234(cybertruck2.publish_ctrl)] [topics: /rosout, /csi_cam_0/image_raw, /car/mux/ackermann_cmd_mux/input/navigation, /debug_image] publishing ctrl
1651780461.135098934 INFO /car/drive [cybertruck2.py:234(cybertruck2.publish_ctrl)] [topics: /rosout, /csi_cam_0/image_raw, /car/mux/ackermann_cmd_mux/input/navigation, /debug_image] publishing ctrl
1651780461.152662038 INFO /car/drive [cybertruck2.py:234(cybertruck2.publish_ctrl)] [topics: /rosout, /csi_cam_0/image_raw, /car/mux/ackermann_cmd_mux/input/navigation, /debug_image] publishing ctrl
1651780461.180296897 INFO /car/drive [cybertruck2.py:234(cybertruck2.publish_ctrl)] [topics: /rosout, /csi_cam_0/image_raw, /car/mux/ackermann_cmd_mux/input/navigation, /debug_image] publishing ctrl
1651780461.194797039 INFO /car/drive [cybertruck2.py:234(cybertruck2.publish_ctrl)] [topics: /rosout, /csi_cam_0/image_raw, /car/mux/ackermann_cmd_mux/input/navigation, /debug_image] publishing ctrl
1651780461.220154047 INFO /car/drive [cybertruck2.py:234(cybertruck2.publish_ctrl)] [topics: /rosout, /csi_cam_0/image_raw, /car/mux/ackermann_cmd_mux/input/navigation, /debug_image] publishing ctrl
1651780461.233633995 INFO /car/drive [cybertruck2.py:234(cybertruck2.publish_ctrl)] [topics: /rosout, /csi_cam_0/image_raw, /car/mux/ackermann_cmd_mux/input/navigation, /debug_image] publishing ctrl
1651780461.254160881 INFO /car/drive [cybertruck2.py:234(cybertruck2.publish_ctrl)] [topics: /rosout, /csi_cam_0/image_raw, /car/mux/ackermann_cmd_mux/input/navigation, /debug_image] publishing ctrl
1651780461.283893108 INFO /car/drive [cybertruck2.py:234(cybertruck2.publish_ctrl)] [topics: /rosout, /csi_cam_0/image_raw, /car/mux/ackermann_cmd_mux/input/navigation, /debug_image] publishing ctrl
1651780461.295551061 INFO /car/drive [cybertruck2.py:234(cybertruck2.publish_ctrl)] [topics: /rosout, /csi_cam_0/image_raw, /car/mux/ackermann_cmd_mux/input/navigation, /debug_image] publishing ctrl
1651780461.305517911 INFO /car/drive [cybertruck2.py:234(cybertruck2.publish_ctrl)] [topics: /rosout, /csi_cam_0/image_raw, /car/mux/ackermann_cmd_mux/input/navigation, /debug_image] publishing ctrl
1651780461.334230899 INFO /car/drive [cybertruck2.py:234(cybertruck2.publish_ctrl)] [topics: /rosout, /csi_cam_0/image_raw, /car/mux/ackermann_cmd_mux/input/navigation, /debug_image] publishing ctrl
1651780461.353755950 INFO /car/drive [cybertruck2.py:234(cybertruck2.publish_ctrl)] [topics: /rosout, /csi_cam_0/image_raw, /car/mux/ackermann_cmd_mux/input/navigation, /debug_image] publishing ctrl
1651780461.368465900 INFO /car/drive [cybertruck2.py:234(cybertruck2.publish_ctrl)] [topics: /rosout, /csi_cam_0/image_raw, /car/mux/ackermann_cmd_mux/input/navigation, /debug_image] publishing ctrl
1651780461.386053085 INFO /car/drive [cybertruck2.py:234(cybertruck2.publish_ctrl)] [topics: /rosout, /csi_cam_0/image_raw, /car/mux/ackermann_cmd_mux/input/navigation, /debug_image] publishing ctrl
1651780461.414241075 INFO /car/drive [cybertruck2.py:234(cybertruck2.publish_ctrl)] [topics: /rosout, /csi_cam_0/image_raw, /car/mux/ackermann_cmd_mux/input/navigation, /debug_image] publishing ctrl
1651780461.431668996 INFO /car/drive [cybertruck2.py:234(cybertruck2.publish_ctrl)] [topics: /rosout, /csi_cam_0/image_raw, /car/mux/ackermann_cmd_mux/input/navigation, /debug_image] publishing ctrl
1651780461.447540998 INFO /car/drive [cybertruck2.py:234(cybertruck2.publish_ctrl)] [topics: /rosout, /csi_cam_0/image_raw, /car/mux/ackermann_cmd_mux/input/navigation, /debug_image] publishing ctrl
1651780461.471071004 INFO /car/drive [cybertruck2.py:234(cybertruck2.publish_ctrl)] [topics: /rosout, /csi_cam_0/image_raw, /car/mux/ackermann_cmd_mux/input/navigation, /debug_image] publishing ctrl
1651780461.488538026 INFO /car/drive [cybertruck2.py:234(cybertruck2.publish_ctrl)] [topics: /rosout, /csi_cam_0/image_raw, /car/mux/ackermann_cmd_mux/input/navigation, /debug_image] publishing ctrl
1651780461.506959915 INFO /car/drive [cybertruck2.py:234(cybertruck2.publish_ctrl)] [topics: /rosout, /csi_cam_0/image_raw, /car/mux/ackermann_cmd_mux/input/navigation, /debug_image] publishing ctrl
1651780461.530611991 INFO /car/drive [cybertruck2.py:234(cybertruck2.publish_ctrl)] [topics: /rosout, /csi_cam_0/image_raw, /car/mux/ackermann_cmd_mux/input/navigation, /debug_image] publishing ctrl
1651780461.557544946 INFO /car/drive [cybertruck2.py:234(cybertruck2.publish_ctrl)] [topics: /rosout, /csi_cam_0/image_raw, /car/mux/ackermann_cmd_mux/input/navigation, /debug_image] publishing ctrl
1651780461.570031881 INFO /car/drive [cybertruck2.py:234(cybertruck2.publish_ctrl)] [topics: /rosout, /csi_cam_0/image_raw, /car/mux/ackermann_cmd_mux/input/navigation, /debug_image] publishing ctrl
1651780461.604712009 INFO /car/drive [cybertruck2.py:234(cybertruck2.publish_ctrl)] [topics: /rosout, /csi_cam_0/image_raw, /car/mux/ackermann_cmd_mux/input/navigation, /debug_image] publishing ctrl
1651780461.623251914 INFO /car/drive [cybertruck2.py:234(cybertruck2.publish_ctrl)] [topics: /rosout, /csi_cam_0/image_raw, /car/mux/ackermann_cmd_mux/input/navigation, /debug_image] publishing ctrl
1651780461.634143114 INFO /car/drive [cybertruck2.py:234(cybertruck2.publish_ctrl)] [topics: /rosout, /csi_cam_0/image_raw, /car/mux/ackermann_cmd_mux/input/navigation, /debug_image] publishing ctrl
1651780461.646197080 INFO /car/drive [cybertruck2.py:234(cybertruck2.publish_ctrl)] [topics: /rosout, /csi_cam_0/image_raw, /car/mux/ackermann_cmd_mux/input/navigation, /debug_image] publishing ctrl
1651780461.669456958 INFO /car/drive [cybertruck2.py:234(cybertruck2.publish_ctrl)] [topics: /rosout, /csi_cam_0/image_raw, /car/mux/ackermann_cmd_mux/input/navigation, /debug_image] publishing ctrl
1651780461.690295934 INFO /car/drive [cybertruck2.py:234(cybertruck2.publish_ctrl)] [topics: /rosout, /csi_cam_0/image_raw, /car/mux/ackermann_cmd_mux/input/navigation, /debug_image] publishing ctrl
1651780461.710340976 INFO /car/drive [cybertruck2.py:234(cybertruck2.publish_ctrl)] [topics: /rosout, /csi_cam_0/image_raw, /car/mux/ackermann_cmd_mux/input/navigation, /debug_image] publishing ctrl
1651780461.738076925 INFO /car/drive [cybertruck2.py:234(cybertruck2.publish_ctrl)] [topics: /rosout, /csi_cam_0/image_raw, /car/mux/ackermann_cmd_mux/input/navigation, /debug_image] publishing ctrl
1651780461.752952098 INFO /car/drive [cybertruck2.py:234(cybertruck2.publish_ctrl)] [topics: /rosout, /csi_cam_0/image_raw, /car/mux/ackermann_cmd_mux/input/navigation, /debug_image] publishing ctrl
1651780461.770574092 INFO /car/drive [cybertruck2.py:234(cybertruck2.publish_ctrl)] [topics: /rosout, /csi_cam_0/image_raw, /car/mux/ackermann_cmd_mux/input/navigation, /debug_image] publishing ctrl
1651780461.795936107 INFO /car/drive [cybertruck2.py:234(cybertruck2.publish_ctrl)] [topics: /rosout, /csi_cam_0/image_raw, /car/mux/ackermann_cmd_mux/input/navigation, /debug_image] publishing ctrl
1651780461.820101976 INFO /car/drive [cybertruck2.py:234(cybertruck2.publish_ctrl)] [topics: /rosout, /csi_cam_0/image_raw, /car/mux/ackermann_cmd_mux/input/navigation, /debug_image] publishing ctrl
1651780461.840823888 INFO /car/drive [cybertruck2.py:234(cybertruck2.publish_ctrl)] [topics: /rosout, /csi_cam_0/image_raw, /car/mux/ackermann_cmd_mux/input/navigation, /debug_image] publishing ctrl
1651780461.855726003 INFO /car/drive [cybertruck2.py:234(cybertruck2.publish_ctrl)] [topics: /rosout, /csi_cam_0/image_raw, /car/mux/ackermann_cmd_mux/input/navigation, /debug_image] publishing ctrl
1651780461.869683980 INFO /car/drive [cybertruck2.py:234(cybertruck2.publish_ctrl)] [topics: /rosout, /csi_cam_0/image_raw, /car/mux/ackermann_cmd_mux/input/navigation, /debug_image] publishing ctrl
1651780461.889086008 INFO /car/drive [cybertruck2.py:234(cybertruck2.publish_ctrl)] [topics: /rosout, /csi_cam_0/image_raw, /car/mux/ackermann_cmd_mux/input/navigation, /debug_image] publishing ctrl
1651780461.908365964 INFO /car/drive [cybertruck2.py:234(cybertruck2.publish_ctrl)] [topics: /rosout, /csi_cam_0/image_raw, /car/mux/ackermann_cmd_mux/input/navigation, /debug_image] publishing ctrl
1651780461.937720060 INFO /car/drive [cybertruck2.py:234(cybertruck2.publish_ctrl)] [topics: /rosout, /csi_cam_0/image_raw, /car/mux/ackermann_cmd_mux/input/navigation, /debug_image] publishing ctrl
1651780461.954505920 INFO /car/drive [cybertruck2.py:234(cybertruck2.publish_ctrl)] [topics: /rosout, /csi_cam_0/image_raw, /car/mux/ackermann_cmd_mux/input/navigation, /debug_image] publishing ctrl
1651780461.973798036 INFO /car/drive [cybertruck2.py:234(cybertruck2.publish_ctrl)] [topics: /rosout, /csi_cam_0/image_raw, /car/mux/ackermann_cmd_mux/input/navigation, /debug_image] publishing ctrl
1651780461.990972042 INFO /car/drive [cybertruck2.py:234(cybertruck2.publish_ctrl)] [topics: /rosout, /csi_cam_0/image_raw, /car/mux/ackermann_cmd_mux/input/navigation, /debug_image] publishing ctrl
1651780462.013588905 INFO /car/drive [cybertruck2.py:234(cybertruck2.publish_ctrl)] [topics: /rosout, /csi_cam_0/image_raw, /car/mux/ackermann_cmd_mux/input/navigation, /debug_image] publishing ctrl
1651780462.030838966 INFO /car/drive [cybertruck2.py:234(cybertruck2.publish_ctrl)] [topics: /rosout, /csi_cam_0/image_raw, /car/mux/ackermann_cmd_mux/input/navigation, /debug_image] publishing ctrl
1651780462.051263093 INFO /car/drive [cybertruck2.py:234(cybertruck2.publish_ctrl)] [topics: /rosout, /csi_cam_0/image_raw, /car/mux/ackermann_cmd_mux/input/navigation, /debug_image] publishing ctrl
1651780462.080557107 INFO /car/drive [cybertruck2.py:234(cybertruck2.publish_ctrl)] [topics: /rosout, /csi_cam_0/image_raw, /car/mux/ackermann_cmd_mux/input/navigation, /debug_image] publishing ctrl
1651780462.087764024 INFO /car/drive [cybertruck2.py:234(cybertruck2.publish_ctrl)] [topics: /rosout, /csi_cam_0/image_raw, /car/mux/ackermann_cmd_mux/input/navigation, /debug_image] publishing ctrl
1651780462.114789962 INFO /car/drive [cybertruck2.py:234(cybertruck2.publish_ctrl)] [topics: /rosout, /csi_cam_0/image_raw, /car/mux/ackermann_cmd_mux/input/navigation, /debug_image] publishing ctrl
1651780462.128381967 INFO /car/drive [cybertruck2.py:234(cybertruck2.publish_ctrl)] [topics: /rosout, /csi_cam_0/image_raw, /car/mux/ackermann_cmd_mux/input/navigation, /debug_image] publishing ctrl
1651780462.148371934 INFO /car/drive [cybertruck2.py:234(cybertruck2.publish_ctrl)] [topics: /rosout, /csi_cam_0/image_raw, /car/mux/ackermann_cmd_mux/input/navigation, /debug_image] publishing ctrl
1651780462.169687032 INFO /car/drive [cybertruck2.py:234(cybertruck2.publish_ctrl)] [topics: /rosout, /csi_cam_0/image_raw, /car/mux/ackermann_cmd_mux/input/navigation, /debug_image] publishing ctrl
1651780462.202821969 INFO /car/drive [cybertruck2.py:234(cybertruck2.publish_ctrl)] [topics: /rosout, /csi_cam_0/image_raw, /car/mux/ackermann_cmd_mux/input/navigation, /debug_image] publishing ctrl
1651780462.221165895 INFO /car/drive [cybertruck2.py:234(cybertruck2.publish_ctrl)] [topics: /rosout, /csi_cam_0/image_raw, /car/mux/ackermann_cmd_mux/input/navigation, /debug_image] publishing ctrl
1651780462.235117912 INFO /car/drive [cybertruck2.py:234(cybertruck2.publish_ctrl)] [topics: /rosout, /csi_cam_0/image_raw, /car/mux/ackermann_cmd_mux/input/navigation, /debug_image] publishing ctrl
1651780462.247359991 INFO /car/drive [cybertruck2.py:234(cybertruck2.publish_ctrl)] [topics: /rosout, /csi_cam_0/image_raw, /car/mux/ackermann_cmd_mux/input/navigation, /debug_image] publishing ctrl
1651780462.270687103 INFO /car/drive [cybertruck2.py:234(cybertruck2.publish_ctrl)] [topics: /rosout, /csi_cam_0/image_raw, /car/mux/ackermann_cmd_mux/input/navigation, /debug_image] publishing ctrl
1651780462.290693044 INFO /car/drive [cybertruck2.py:234(cybertruck2.publish_ctrl)] [topics: /rosout, /csi_cam_0/image_raw, /car/mux/ackermann_cmd_mux/input/navigation, /debug_image] publishing ctrl
1651780462.312223911 INFO /car/drive [cybertruck2.py:234(cybertruck2.publish_ctrl)] [topics: /rosout, /csi_cam_0/image_raw, /car/mux/ackermann_cmd_mux/input/navigation, /debug_image] publishing ctrl
1651780462.339507102 INFO /car/drive [cybertruck2.py:234(cybertruck2.publish_ctrl)] [topics: /rosout, /csi_cam_0/image_raw, /car/mux/ackermann_cmd_mux/input/navigation, /debug_image] publishing ctrl
1651780462.350819110 INFO /car/drive [cybertruck2.py:234(cybertruck2.publish_ctrl)] [topics: /rosout, /csi_cam_0/image_raw, /car/mux/ackermann_cmd_mux/input/navigation, /debug_image] publishing ctrl
1651780462.370388984 INFO /car/drive [cybertruck2.py:234(cybertruck2.publish_ctrl)] [topics: /rosout, /csi_cam_0/image_raw, /car/mux/ackermann_cmd_mux/input/navigation, /debug_image] publishing ctrl
1651780462.388873100 INFO /car/drive [cybertruck2.py:234(cybertruck2.publish_ctrl)] [topics: /rosout, /csi_cam_0/image_raw, /car/mux/ackermann_cmd_mux/input/navigation, /debug_image] publishing ctrl
1651780462.413877010 INFO /car/drive [cybertruck2.py:234(cybertruck2.publish_ctrl)] [topics: /rosout, /csi_cam_0/image_raw, /car/mux/ackermann_cmd_mux/input/navigation, /debug_image] publishing ctrl
1651780462.430424928 INFO /car/drive [cybertruck2.py:234(cybertruck2.publish_ctrl)] [topics: /rosout, /csi_cam_0/image_raw, /car/mux/ackermann_cmd_mux/input/navigation, /debug_image] publishing ctrl
1651780462.450501918 INFO /car/drive [cybertruck2.py:234(cybertruck2.publish_ctrl)] [topics: /rosout, /csi_cam_0/image_raw, /car/mux/ackermann_cmd_mux/input/navigation, /debug_image] publishing ctrl
1651780462.468961954 INFO /car/drive [cybertruck2.py:234(cybertruck2.publish_ctrl)] [topics: /rosout, /csi_cam_0/image_raw, /car/mux/ackermann_cmd_mux/input/navigation, /debug_image] publishing ctrl
1651780462.491563081 INFO /car/drive [cybertruck2.py:234(cybertruck2.publish_ctrl)] [topics: /rosout, /csi_cam_0/image_raw, /car/mux/ackermann_cmd_mux/input/navigation, /debug_image] publishing ctrl
1651780462.508548974 INFO /car/drive [cybertruck2.py:234(cybertruck2.publish_ctrl)] [topics: /rosout, /csi_cam_0/image_raw, /car/mux/ackermann_cmd_mux/input/navigation, /debug_image] publishing ctrl
1651780462.530312061 INFO /car/drive [cybertruck2.py:234(cybertruck2.publish_ctrl)] [topics: /rosout, /csi_cam_0/image_raw, /car/mux/ackermann_cmd_mux/input/navigation, /debug_image] publishing ctrl
1651780462.550908088 INFO /car/drive [cybertruck2.py:234(cybertruck2.publish_ctrl)] [topics: /rosout, /csi_cam_0/image_raw, /car/mux/ackermann_cmd_mux/input/navigation, /debug_image] publishing ctrl
1651780462.570296049 INFO /car/drive [cybertruck2.py:234(cybertruck2.publish_ctrl)] [topics: /rosout, /csi_cam_0/image_raw, /car/mux/ackermann_cmd_mux/input/navigation, /debug_image] publishing ctrl
1651780462.593895912 INFO /car/drive [cybertruck2.py:234(cybertruck2.publish_ctrl)] [topics: /rosout, /csi_cam_0/image_raw, /car/mux/ackermann_cmd_mux/input/navigation, /debug_image] publishing ctrl
1651780462.608870983 INFO /car/drive [cybertruck2.py:234(cybertruck2.publish_ctrl)] [topics: /rosout, /csi_cam_0/image_raw, /car/mux/ackermann_cmd_mux/input/navigation, /debug_image] publishing ctrl
1651780462.628185033 INFO /car/drive [cybertruck2.py:234(cybertruck2.publish_ctrl)] [topics: /rosout, /csi_cam_0/image_raw, /car/mux/ackermann_cmd_mux/input/navigation, /debug_image] publishing ctrl
1651780462.658276081 INFO /car/drive [cybertruck2.py:234(cybertruck2.publish_ctrl)] [topics: /rosout, /csi_cam_0/image_raw, /car/mux/ackermann_cmd_mux/input/navigation, /debug_image] publishing ctrl
1651780462.669909000 INFO /car/drive [cybertruck2.py:234(cybertruck2.publish_ctrl)] [topics: /rosout, /csi_cam_0/image_raw, /car/mux/ackermann_cmd_mux/input/navigation, /debug_image] publishing ctrl
1651780462.695650100 INFO /car/drive [cybertruck2.py:234(cybertruck2.publish_ctrl)] [topics: /rosout, /csi_cam_0/image_raw, /car/mux/ackermann_cmd_mux/input/navigation, /debug_image] publishing ctrl
1651780462.725541114 INFO /car/drive [cybertruck2.py:234(cybertruck2.publish_ctrl)] [topics: /rosout, /csi_cam_0/image_raw, /car/mux/ackermann_cmd_mux/input/navigation, /debug_image] publishing ctrl
1651780462.753091096 INFO /car/drive [cybertruck2.py:234(cybertruck2.publish_ctrl)] [topics: /rosout, /csi_cam_0/image_raw, /car/mux/ackermann_cmd_mux/input/navigation, /debug_image] publishing ctrl
1651780462.771616935 INFO /car/drive [cybertruck2.py:234(cybertruck2.publish_ctrl)] [topics: /rosout, /csi_cam_0/image_raw, /car/mux/ackermann_cmd_mux/input/navigation, /debug_image] publishing ctrl
1651780462.781495094 INFO /car/drive [cybertruck2.py:234(cybertruck2.publish_ctrl)] [topics: /rosout, /csi_cam_0/image_raw, /car/mux/ackermann_cmd_mux/input/navigation, /debug_image] publishing ctrl
1651780462.810754060 INFO /car/drive [cybertruck2.py:234(cybertruck2.publish_ctrl)] [topics: /rosout, /csi_cam_0/image_raw, /car/mux/ackermann_cmd_mux/input/navigation, /debug_image] publishing ctrl
1651780462.824291944 INFO /car/drive [cybertruck2.py:234(cybertruck2.publish_ctrl)] [topics: /rosout, /csi_cam_0/image_raw, /car/mux/ackermann_cmd_mux/input/navigation, /debug_image] publishing ctrl
1651780462.834686994 INFO /car/drive [cybertruck2.py:234(cybertruck2.publish_ctrl)] [topics: /rosout, /csi_cam_0/image_raw, /car/mux/ackermann_cmd_mux/input/navigation, /debug_image] publishing ctrl
1651780462.855895996 INFO /car/drive [cybertruck2.py:234(cybertruck2.publish_ctrl)] [topics: /rosout, /csi_cam_0/image_raw, /car/mux/ackermann_cmd_mux/input/navigation, /debug_image] publishing ctrl
1651780462.870246887 INFO /car/drive [cybertruck2.py:234(cybertruck2.publish_ctrl)] [topics: /rosout, /csi_cam_0/image_raw, /car/mux/ackermann_cmd_mux/input/navigation, /debug_image] publishing ctrl
1651780462.896373987 INFO /car/drive [cybertruck2.py:234(cybertruck2.publish_ctrl)] [topics: /rosout, /csi_cam_0/image_raw, /car/mux/ackermann_cmd_mux/input/navigation, /debug_image] publishing ctrl
1651780462.911870956 INFO /car/drive [cybertruck2.py:234(cybertruck2.publish_ctrl)] [topics: /rosout, /csi_cam_0/image_raw, /car/mux/ackermann_cmd_mux/input/navigation, /debug_image] publishing ctrl
1651780462.926553010 INFO /car/drive [cybertruck2.py:234(cybertruck2.publish_ctrl)] [topics: /rosout, /csi_cam_0/image_raw, /car/mux/ackermann_cmd_mux/input/navigation, /debug_image] publishing ctrl
1651780462.948493003 INFO /car/drive [cybertruck2.py:234(cybertruck2.publish_ctrl)] [topics: /rosout, /csi_cam_0/image_raw, /car/mux/ackermann_cmd_mux/input/navigation, /debug_image] publishing ctrl
1651780462.967430114 INFO /car/drive [cybertruck2.py:234(cybertruck2.publish_ctrl)] [topics: /rosout, /csi_cam_0/image_raw, /car/mux/ackermann_cmd_mux/input/navigation, /debug_image] publishing ctrl
1651780462.987276077 INFO /car/drive [cybertruck2.py:234(cybertruck2.publish_ctrl)] [topics: /rosout, /csi_cam_0/image_raw, /car/mux/ackermann_cmd_mux/input/navigation, /debug_image] publishing ctrl
1651780463.010103940 INFO /car/drive [cybertruck2.py:234(cybertruck2.publish_ctrl)] [topics: /rosout, /csi_cam_0/image_raw, /car/mux/ackermann_cmd_mux/input/navigation, /debug_image] publishing ctrl
1651780463.033214092 INFO /car/drive [cybertruck2.py:234(cybertruck2.publish_ctrl)] [topics: /rosout, /csi_cam_0/image_raw, /car/mux/ackermann_cmd_mux/input/navigation, /debug_image] publishing ctrl
1651780463.051246881 INFO /car/drive [cybertruck2.py:234(cybertruck2.publish_ctrl)] [topics: /rosout, /csi_cam_0/image_raw, /car/mux/ackermann_cmd_mux/input/navigation, /debug_image] publishing ctrl
1651780463.083414077 INFO /car/drive [cybertruck2.py:234(cybertruck2.publish_ctrl)] [topics: /rosout, /csi_cam_0/image_raw, /car/mux/ackermann_cmd_mux/input/navigation, /debug_image] publishing ctrl
1651780463.098572015 INFO /car/drive [cybertruck2.py:234(cybertruck2.publish_ctrl)] [topics: /rosout, /csi_cam_0/image_raw, /car/mux/ackermann_cmd_mux/input/navigation, /debug_image] publishing ctrl
1651780463.108056068 INFO /car/drive [cybertruck2.py:234(cybertruck2.publish_ctrl)] [topics: /rosout, /csi_cam_0/image_raw, /car/mux/ackermann_cmd_mux/input/navigation, /debug_image] publishing ctrl
1651780463.140470981 INFO /car/drive [cybertruck2.py:234(cybertruck2.publish_ctrl)] [topics: /rosout, /csi_cam_0/image_raw, /car/mux/ackermann_cmd_mux/input/navigation, /debug_image] publishing ctrl
1651780463.163465023 INFO /car/drive [cybertruck2.py:234(cybertruck2.publish_ctrl)] [topics: /rosout, /csi_cam_0/image_raw, /car/mux/ackermann_cmd_mux/input/navigation, /debug_image] publishing ctrl
1651780463.179512023 INFO /car/drive [cybertruck2.py:234(cybertruck2.publish_ctrl)] [topics: /rosout, /csi_cam_0/image_raw, /car/mux/ackermann_cmd_mux/input/navigation, /debug_image] publishing ctrl
1651780463.195169925 INFO /car/drive [cybertruck2.py:234(cybertruck2.publish_ctrl)] [topics: /rosout, /csi_cam_0/image_raw, /car/mux/ackermann_cmd_mux/input/navigation, /debug_image] publishing ctrl
1651780463.211462974 INFO /car/drive [cybertruck2.py:234(cybertruck2.publish_ctrl)] [topics: /rosout, /csi_cam_0/image_raw, /car/mux/ackermann_cmd_mux/input/navigation, /debug_image] publishing ctrl
1651780463.228482961 INFO /car/drive [cybertruck2.py:234(cybertruck2.publish_ctrl)] [topics: /rosout, /csi_cam_0/image_raw, /car/mux/ackermann_cmd_mux/input/navigation, /debug_image] publishing ctrl
1651780463.250049114 INFO /car/drive [cybertruck2.py:234(cybertruck2.publish_ctrl)] [topics: /rosout, /csi_cam_0/image_raw, /car/mux/ackermann_cmd_mux/input/navigation, /debug_image] publishing ctrl
1651780463.271805047 INFO /car/drive [cybertruck2.py:234(cybertruck2.publish_ctrl)] [topics: /rosout, /csi_cam_0/image_raw, /car/mux/ackermann_cmd_mux/input/navigation, /debug_image] publishing ctrl
1651780463.294116973 INFO /car/drive [cybertruck2.py:234(cybertruck2.publish_ctrl)] [topics: /rosout, /csi_cam_0/image_raw, /car/mux/ackermann_cmd_mux/input/navigation, /debug_image] publishing ctrl
1651780463.309906005 INFO /car/drive [cybertruck2.py:234(cybertruck2.publish_ctrl)] [topics: /rosout, /csi_cam_0/image_raw, /car/mux/ackermann_cmd_mux/input/navigation, /debug_image] publishing ctrl
1651780463.332243919 INFO /car/drive [cybertruck2.py:234(cybertruck2.publish_ctrl)] [topics: /rosout, /csi_cam_0/image_raw, /car/mux/ackermann_cmd_mux/input/navigation, /debug_image] publishing ctrl
1651780463.350459098 INFO /car/drive [cybertruck2.py:234(cybertruck2.publish_ctrl)] [topics: /rosout, /csi_cam_0/image_raw, /car/mux/ackermann_cmd_mux/input/navigation, /debug_image] publishing ctrl
1651780463.367557048 INFO /car/drive [cybertruck2.py:234(cybertruck2.publish_ctrl)] [topics: /rosout, /csi_cam_0/image_raw, /car/mux/ackermann_cmd_mux/input/navigation, /debug_image] publishing ctrl
1651780463.393232107 INFO /car/drive [cybertruck2.py:234(cybertruck2.publish_ctrl)] [topics: /rosout, /csi_cam_0/image_raw, /car/mux/ackermann_cmd_mux/input/navigation, /debug_image] publishing ctrl
1651780463.416415929 INFO /car/drive [cybertruck2.py:234(cybertruck2.publish_ctrl)] [topics: /rosout, /csi_cam_0/image_raw, /car/mux/ackermann_cmd_mux/input/navigation, /debug_image] publishing ctrl
1651780463.426091909 INFO /car/drive [cybertruck2.py:234(cybertruck2.publish_ctrl)] [topics: /rosout, /csi_cam_0/image_raw, /car/mux/ackermann_cmd_mux/input/navigation, /debug_image] publishing ctrl
1651780463.449625968 INFO /car/drive [cybertruck2.py:234(cybertruck2.publish_ctrl)] [topics: /rosout, /csi_cam_0/image_raw, /car/mux/ackermann_cmd_mux/input/navigation, /debug_image] publishing ctrl
1651780463.481916904 INFO /car/drive [cybertruck2.py:234(cybertruck2.publish_ctrl)] [topics: /rosout, /csi_cam_0/image_raw, /car/mux/ackermann_cmd_mux/input/navigation, /debug_image] publishing ctrl
1651780463.494746923 INFO /car/drive [cybertruck2.py:234(cybertruck2.publish_ctrl)] [topics: /rosout, /csi_cam_0/image_raw, /car/mux/ackermann_cmd_mux/input/navigation, /debug_image] publishing ctrl
1651780463.510406017 INFO /car/drive [cybertruck2.py:234(cybertruck2.publish_ctrl)] [topics: /rosout, /csi_cam_0/image_raw, /car/mux/ackermann_cmd_mux/input/navigation, /debug_image] publishing ctrl
1651780463.531219959 INFO /car/drive [cybertruck2.py:234(cybertruck2.publish_ctrl)] [topics: /rosout, /csi_cam_0/image_raw, /car/mux/ackermann_cmd_mux/input/navigation, /debug_image] publishing ctrl
1651780463.547187089 INFO /car/drive [cybertruck2.py:234(cybertruck2.publish_ctrl)] [topics: /rosout, /csi_cam_0/image_raw, /car/mux/ackermann_cmd_mux/input/navigation, /debug_image] publishing ctrl
1651780463.568809986 INFO /car/drive [cybertruck2.py:234(cybertruck2.publish_ctrl)] [topics: /rosout, /csi_cam_0/image_raw, /car/mux/ackermann_cmd_mux/input/navigation, /debug_image] publishing ctrl
1651780463.593310117 INFO /car/drive [cybertruck2.py:234(cybertruck2.publish_ctrl)] [topics: /rosout, /csi_cam_0/image_raw, /car/mux/ackermann_cmd_mux/input/navigation, /debug_image] publishing ctrl
1651780463.612782955 INFO /car/drive [cybertruck2.py:234(cybertruck2.publish_ctrl)] [topics: /rosout, /csi_cam_0/image_raw, /car/mux/ackermann_cmd_mux/input/navigation, /debug_image] publishing ctrl
1651780463.630669116 INFO /car/drive [cybertruck2.py:234(cybertruck2.publish_ctrl)] [topics: /rosout, /csi_cam_0/image_raw, /car/mux/ackermann_cmd_mux/input/navigation, /debug_image] publishing ctrl
1651780463.651676893 INFO /car/drive [cybertruck2.py:234(cybertruck2.publish_ctrl)] [topics: /rosout, /csi_cam_0/image_raw, /car/mux/ackermann_cmd_mux/input/navigation, /debug_image] publishing ctrl
1651780463.680572032 INFO /car/drive [cybertruck2.py:234(cybertruck2.publish_ctrl)] [topics: /rosout, /csi_cam_0/image_raw, /car/mux/ackermann_cmd_mux/input/navigation, /debug_image] publishing ctrl
1651780463.692570924 INFO /car/drive [cybertruck2.py:234(cybertruck2.publish_ctrl)] [topics: /rosout, /csi_cam_0/image_raw, /car/mux/ackermann_cmd_mux/input/navigation, /debug_image] publishing ctrl
1651780463.709829092 INFO /car/drive [cybertruck2.py:234(cybertruck2.publish_ctrl)] [topics: /rosout, /csi_cam_0/image_raw, /car/mux/ackermann_cmd_mux/input/navigation, /debug_image] publishing ctrl
1651780463.727826118 INFO /car/drive [cybertruck2.py:234(cybertruck2.publish_ctrl)] [topics: /rosout, /csi_cam_0/image_raw, /car/mux/ackermann_cmd_mux/input/navigation, /debug_image] publishing ctrl
1651780463.753340959 INFO /car/drive [cybertruck2.py:234(cybertruck2.publish_ctrl)] [topics: /rosout, /csi_cam_0/image_raw, /car/mux/ackermann_cmd_mux/input/navigation, /debug_image] publishing ctrl
1651780463.772310972 INFO /car/drive [cybertruck2.py:234(cybertruck2.publish_ctrl)] [topics: /rosout, /csi_cam_0/image_raw, /car/mux/ackermann_cmd_mux/input/navigation, /debug_image] publishing ctrl
1651780463.787522077 INFO /car/drive [cybertruck2.py:234(cybertruck2.publish_ctrl)] [topics: /rosout, /csi_cam_0/image_raw, /car/mux/ackermann_cmd_mux/input/navigation, /debug_image] publishing ctrl
1651780463.812449932 INFO /car/drive [cybertruck2.py:234(cybertruck2.publish_ctrl)] [topics: /rosout, /csi_cam_0/image_raw, /car/mux/ackermann_cmd_mux/input/navigation, /debug_image] publishing ctrl
1651780463.832735061 INFO /car/drive [cybertruck2.py:234(cybertruck2.publish_ctrl)] [topics: /rosout, /csi_cam_0/image_raw, /car/mux/ackermann_cmd_mux/input/navigation, /debug_image] publishing ctrl
1651780463.855946063 INFO /car/drive [cybertruck2.py:234(cybertruck2.publish_ctrl)] [topics: /rosout, /csi_cam_0/image_raw, /car/mux/ackermann_cmd_mux/input/navigation, /debug_image] publishing ctrl
1651780463.868984937 INFO /car/drive [cybertruck2.py:234(cybertruck2.publish_ctrl)] [topics: /rosout, /csi_cam_0/image_raw, /car/mux/ackermann_cmd_mux/input/navigation, /debug_image] publishing ctrl
1651780463.889399051 INFO /car/drive [cybertruck2.py:234(cybertruck2.publish_ctrl)] [topics: /rosout, /csi_cam_0/image_raw, /car/mux/ackermann_cmd_mux/input/navigation, /debug_image] publishing ctrl
1651780463.905759096 INFO /car/drive [cybertruck2.py:234(cybertruck2.publish_ctrl)] [topics: /rosout, /csi_cam_0/image_raw, /car/mux/ackermann_cmd_mux/input/navigation, /debug_image] publishing ctrl
1651780463.928586959 INFO /car/drive [cybertruck2.py:234(cybertruck2.publish_ctrl)] [topics: /rosout, /csi_cam_0/image_raw, /car/mux/ackermann_cmd_mux/input/navigation, /debug_image] publishing ctrl
1651780463.953233003 INFO /car/drive [cybertruck2.py:234(cybertruck2.publish_ctrl)] [topics: /rosout, /csi_cam_0/image_raw, /car/mux/ackermann_cmd_mux/input/navigation, /debug_image] publishing ctrl
1651780463.968851089 INFO /car/drive [cybertruck2.py:234(cybertruck2.publish_ctrl)] [topics: /rosout, /csi_cam_0/image_raw, /car/mux/ackermann_cmd_mux/input/navigation, /debug_image] publishing ctrl
1651780464.000317096 INFO /car/drive [cybertruck2.py:234(cybertruck2.publish_ctrl)] [topics: /rosout, /csi_cam_0/image_raw, /car/mux/ackermann_cmd_mux/input/navigation, /debug_image] publishing ctrl
1651780464.024207115 INFO /car/drive [cybertruck2.py:234(cybertruck2.publish_ctrl)] [topics: /rosout, /csi_cam_0/image_raw, /car/mux/ackermann_cmd_mux/input/navigation, /debug_image] publishing ctrl
1651780464.037605047 INFO /car/drive [cybertruck2.py:234(cybertruck2.publish_ctrl)] [topics: /rosout, /csi_cam_0/image_raw, /car/mux/ackermann_cmd_mux/input/navigation, /debug_image] publishing ctrl
1651780464.072283983 INFO /car/drive [cybertruck2.py:234(cybertruck2.publish_ctrl)] [topics: /rosout, /csi_cam_0/image_raw, /car/mux/ackermann_cmd_mux/input/navigation, /debug_image] publishing ctrl
1651780464.086787939 INFO /car/drive [cybertruck2.py:234(cybertruck2.publish_ctrl)] [topics: /rosout, /csi_cam_0/image_raw, /car/mux/ackermann_cmd_mux/input/navigation, /debug_image] publishing ctrl
1651780464.099560022 INFO /car/drive [cybertruck2.py:234(cybertruck2.publish_ctrl)] [topics: /rosout, /csi_cam_0/image_raw, /car/mux/ackermann_cmd_mux/input/navigation, /debug_image] publishing ctrl
1651780464.118918895 INFO /car/drive [cybertruck2.py:234(cybertruck2.publish_ctrl)] [topics: /rosout, /csi_cam_0/image_raw, /car/mux/ackermann_cmd_mux/input/navigation, /debug_image] publishing ctrl
1651780464.147846937 INFO /car/drive [cybertruck2.py:234(cybertruck2.publish_ctrl)] [topics: /rosout, /csi_cam_0/image_raw, /car/mux/ackermann_cmd_mux/input/navigation, /debug_image] publishing ctrl
1651780464.160065889 INFO /car/drive [cybertruck2.py:234(cybertruck2.publish_ctrl)] [topics: /rosout, /csi_cam_0/image_raw, /car/mux/ackermann_cmd_mux/input/navigation, /debug_image] publishing ctrl
1651780464.172629117 INFO /car/drive [cybertruck2.py:234(cybertruck2.publish_ctrl)] [topics: /rosout, /csi_cam_0/image_raw, /car/mux/ackermann_cmd_mux/input/navigation, /debug_image] publishing ctrl
1651780464.194873094 INFO /car/drive [cybertruck2.py:234(cybertruck2.publish_ctrl)] [topics: /rosout, /csi_cam_0/image_raw, /car/mux/ackermann_cmd_mux/input/navigation, /debug_image] publishing ctrl
1651780464.213148117 INFO /car/drive [cybertruck2.py:234(cybertruck2.publish_ctrl)] [topics: /rosout, /csi_cam_0/image_raw, /car/mux/ackermann_cmd_mux/input/navigation, /debug_image] publishing ctrl
1651780464.227464914 INFO /car/drive [cybertruck2.py:234(cybertruck2.publish_ctrl)] [topics: /rosout, /csi_cam_0/image_raw, /car/mux/ackermann_cmd_mux/input/navigation, /debug_image] publishing ctrl
1651780464.254030942 INFO /car/drive [cybertruck2.py:234(cybertruck2.publish_ctrl)] [topics: /rosout, /csi_cam_0/image_raw, /car/mux/ackermann_cmd_mux/input/navigation, /debug_image] publishing ctrl
1651780464.279716014 INFO /car/drive [cybertruck2.py:234(cybertruck2.publish_ctrl)] [topics: /rosout, /csi_cam_0/image_raw, /car/mux/ackermann_cmd_mux/input/navigation, /debug_image] publishing ctrl
1651780464.300193071 INFO /car/drive [cybertruck2.py:234(cybertruck2.publish_ctrl)] [topics: /rosout, /csi_cam_0/image_raw, /car/mux/ackermann_cmd_mux/input/navigation, /debug_image] publishing ctrl
1651780464.313169956 INFO /car/drive [cybertruck2.py:234(cybertruck2.publish_ctrl)] [topics: /rosout, /csi_cam_0/image_raw, /car/mux/ackermann_cmd_mux/input/navigation, /debug_image] publishing ctrl
1651780464.334044933 INFO /car/drive [cybertruck2.py:234(cybertruck2.publish_ctrl)] [topics: /rosout, /csi_cam_0/image_raw, /car/mux/ackermann_cmd_mux/input/navigation, /debug_image] publishing ctrl
1651780464.351608991 INFO /car/drive [cybertruck2.py:234(cybertruck2.publish_ctrl)] [topics: /rosout, /csi_cam_0/image_raw, /car/mux/ackermann_cmd_mux/input/navigation, /debug_image] publishing ctrl
1651780464.371684074 INFO /car/drive [cybertruck2.py:234(cybertruck2.publish_ctrl)] [topics: /rosout, /csi_cam_0/image_raw, /car/mux/ackermann_cmd_mux/input/navigation, /debug_image] publishing ctrl
1651780464.391926050 INFO /car/drive [cybertruck2.py:234(cybertruck2.publish_ctrl)] [topics: /rosout, /csi_cam_0/image_raw, /car/mux/ackermann_cmd_mux/input/navigation, /debug_image] publishing ctrl
1651780464.412400007 INFO /car/drive [cybertruck2.py:234(cybertruck2.publish_ctrl)] [topics: /rosout, /csi_cam_0/image_raw, /car/mux/ackermann_cmd_mux/input/navigation, /debug_image] publishing ctrl
1651780464.437525033 INFO /car/drive [cybertruck2.py:234(cybertruck2.publish_ctrl)] [topics: /rosout, /csi_cam_0/image_raw, /car/mux/ackermann_cmd_mux/input/navigation, /debug_image] publishing ctrl
1651780464.457449913 INFO /car/drive [cybertruck2.py:234(cybertruck2.publish_ctrl)] [topics: /rosout, /csi_cam_0/image_raw, /car/mux/ackermann_cmd_mux/input/navigation, /debug_image] publishing ctrl
1651780464.473406076 INFO /car/drive [cybertruck2.py:234(cybertruck2.publish_ctrl)] [topics: /rosout, /csi_cam_0/image_raw, /car/mux/ackermann_cmd_mux/input/navigation, /debug_image] publishing ctrl
1651780464.490616083 INFO /car/drive [cybertruck2.py:234(cybertruck2.publish_ctrl)] [topics: /rosout, /csi_cam_0/image_raw, /car/mux/ackermann_cmd_mux/input/navigation, /debug_image] publishing ctrl
1651780464.508431911 INFO /car/drive [cybertruck2.py:234(cybertruck2.publish_ctrl)] [topics: /rosout, /csi_cam_0/image_raw, /car/mux/ackermann_cmd_mux/input/navigation, /debug_image] publishing ctrl
1651780464.534661054 INFO /car/drive [cybertruck2.py:234(cybertruck2.publish_ctrl)] [topics: /rosout, /csi_cam_0/image_raw, /car/mux/ackermann_cmd_mux/input/navigation, /debug_image] publishing ctrl
1651780464.549546003 INFO /car/drive [cybertruck2.py:234(cybertruck2.publish_ctrl)] [topics: /rosout, /csi_cam_0/image_raw, /car/mux/ackermann_cmd_mux/input/navigation, /debug_image] publishing ctrl
1651780464.569859981 INFO /car/drive [cybertruck2.py:234(cybertruck2.publish_ctrl)] [topics: /rosout, /csi_cam_0/image_raw, /car/mux/ackermann_cmd_mux/input/navigation, /debug_image] publishing ctrl
1651780464.597395896 INFO /car/drive [cybertruck2.py:234(cybertruck2.publish_ctrl)] [topics: /rosout, /csi_cam_0/image_raw, /car/mux/ackermann_cmd_mux/input/navigation, /debug_image] publishing ctrl
1651780464.611352920 INFO /car/drive [cybertruck2.py:234(cybertruck2.publish_ctrl)] [topics: /rosout, /csi_cam_0/image_raw, /car/mux/ackermann_cmd_mux/input/navigation, /debug_image] publishing ctrl
1651780464.632797956 INFO /car/drive [cybertruck2.py:234(cybertruck2.publish_ctrl)] [topics: /rosout, /csi_cam_0/image_raw, /car/mux/ackermann_cmd_mux/input/navigation, /debug_image] publishing ctrl
1651780464.678636074 INFO /car/drive [cybertruck2.py:234(cybertruck2.publish_ctrl)] [topics: /rosout, /csi_cam_0/image_raw, /car/mux/ackermann_cmd_mux/input/navigation, /debug_image] publishing ctrl
1651780464.702436923 INFO /car/drive [cybertruck2.py:234(cybertruck2.publish_ctrl)] [topics: /rosout, /csi_cam_0/image_raw, /car/mux/ackermann_cmd_mux/input/navigation, /debug_image] publishing ctrl
1651780464.718394994 INFO /car/drive [cybertruck2.py:234(cybertruck2.publish_ctrl)] [topics: /rosout, /csi_cam_0/image_raw, /car/mux/ackermann_cmd_mux/input/navigation, /debug_image] publishing ctrl
1651780464.746045112 INFO /car/drive [cybertruck2.py:234(cybertruck2.publish_ctrl)] [topics: /rosout, /csi_cam_0/image_raw, /car/mux/ackermann_cmd_mux/input/navigation, /debug_image] publishing ctrl
1651780464.767692089 INFO /car/drive [cybertruck2.py:234(cybertruck2.publish_ctrl)] [topics: /rosout, /csi_cam_0/image_raw, /car/mux/ackermann_cmd_mux/input/navigation, /debug_image] publishing ctrl
1651780464.782232999 INFO /car/drive [cybertruck2.py:234(cybertruck2.publish_ctrl)] [topics: /rosout, /csi_cam_0/image_raw, /car/mux/ackermann_cmd_mux/input/navigation, /debug_image] publishing ctrl
1651780464.804081916 INFO /car/drive [cybertruck2.py:234(cybertruck2.publish_ctrl)] [topics: /rosout, /csi_cam_0/image_raw, /car/mux/ackermann_cmd_mux/input/navigation, /debug_image] publishing ctrl
1651780464.823893070 INFO /car/drive [cybertruck2.py:234(cybertruck2.publish_ctrl)] [topics: /rosout, /csi_cam_0/image_raw, /car/mux/ackermann_cmd_mux/input/navigation, /debug_image] publishing ctrl
1651780464.842483997 INFO /car/drive [cybertruck2.py:234(cybertruck2.publish_ctrl)] [topics: /rosout, /csi_cam_0/image_raw, /car/mux/ackermann_cmd_mux/input/navigation, /debug_image] publishing ctrl
1651780464.857757091 INFO /car/drive [cybertruck2.py:234(cybertruck2.publish_ctrl)] [topics: /rosout, /csi_cam_0/image_raw, /car/mux/ackermann_cmd_mux/input/navigation, /debug_image] publishing ctrl
1651780464.873922109 INFO /car/drive [cybertruck2.py:234(cybertruck2.publish_ctrl)] [topics: /rosout, /csi_cam_0/image_raw, /car/mux/ackermann_cmd_mux/input/navigation, /debug_image] publishing ctrl
1651780464.883867025 INFO /car/drive [cybertruck2.py:234(cybertruck2.publish_ctrl)] [topics: /rosout, /csi_cam_0/image_raw, /car/mux/ackermann_cmd_mux/input/navigation, /debug_image] publishing ctrl
1651780464.895484924 INFO /car/drive [cybertruck2.py:234(cybertruck2.publish_ctrl)] [topics: /rosout, /csi_cam_0/image_raw, /car/mux/ackermann_cmd_mux/input/navigation, /debug_image] publishing ctrl
1651780464.906501054 INFO /car/drive [cybertruck2.py:234(cybertruck2.publish_ctrl)] [topics: /rosout, /csi_cam_0/image_raw, /car/mux/ackermann_cmd_mux/input/navigation, /debug_image] publishing ctrl
1651780464.934636116 INFO /car/drive [cybertruck2.py:234(cybertruck2.publish_ctrl)] [topics: /rosout, /csi_cam_0/image_raw, /car/mux/ackermann_cmd_mux/input/navigation, /debug_image] publishing ctrl
1651780464.960278034 INFO /car/drive [cybertruck2.py:234(cybertruck2.publish_ctrl)] [topics: /rosout, /csi_cam_0/image_raw, /car/mux/ackermann_cmd_mux/input/navigation, /debug_image] publishing ctrl
1651780464.968147039 INFO /car/drive [cybertruck2.py:234(cybertruck2.publish_ctrl)] [topics: /rosout, /csi_cam_0/image_raw, /car/mux/ackermann_cmd_mux/input/navigation, /debug_image] publishing ctrl
1651780464.997148036 INFO /car/drive [cybertruck2.py:234(cybertruck2.publish_ctrl)] [topics: /rosout, /csi_cam_0/image_raw, /car/mux/ackermann_cmd_mux/input/navigation, /debug_image] publishing ctrl
1651780465.020603895 INFO /car/drive [cybertruck2.py:234(cybertruck2.publish_ctrl)] [topics: /rosout, /csi_cam_0/image_raw, /car/mux/ackermann_cmd_mux/input/navigation, /debug_image] publishing ctrl
1651780465.031153917 INFO /car/drive [cybertruck2.py:234(cybertruck2.publish_ctrl)] [topics: /rosout, /csi_cam_0/image_raw, /car/mux/ackermann_cmd_mux/input/navigation, /debug_image] publishing ctrl
1651780465.048933029 INFO /car/drive [cybertruck2.py:234(cybertruck2.publish_ctrl)] [topics: /rosout, /csi_cam_0/image_raw, /car/mux/ackermann_cmd_mux/input/navigation, /debug_image] publishing ctrl
1651780465.087039947 INFO /car/drive [cybertruck2.py:234(cybertruck2.publish_ctrl)] [topics: /rosout, /csi_cam_0/image_raw, /car/mux/ackermann_cmd_mux/input/navigation, /debug_image] publishing ctrl
1651780465.099406003 INFO /car/drive [cybertruck2.py:234(cybertruck2.publish_ctrl)] [topics: /rosout, /csi_cam_0/image_raw, /car/mux/ackermann_cmd_mux/input/navigation, /debug_image] publishing ctrl
1651780465.132560014 INFO /car/drive [cybertruck2.py:234(cybertruck2.publish_ctrl)] [topics: /rosout, /csi_cam_0/image_raw, /car/mux/ackermann_cmd_mux/input/navigation, /debug_image] publishing ctrl
1651780465.162971019 INFO /car/drive [cybertruck2.py:234(cybertruck2.publish_ctrl)] [topics: /rosout, /csi_cam_0/image_raw, /car/mux/ackermann_cmd_mux/input/navigation, /debug_image] publishing ctrl
1651780465.181864023 INFO /car/drive [cybertruck2.py:234(cybertruck2.publish_ctrl)] [topics: /rosout, /csi_cam_0/image_raw, /car/mux/ackermann_cmd_mux/input/navigation, /debug_image] publishing ctrl
1651780465.209759950 INFO /car/drive [cybertruck2.py:234(cybertruck2.publish_ctrl)] [topics: /rosout, /csi_cam_0/image_raw, /car/mux/ackermann_cmd_mux/input/navigation, /debug_image] publishing ctrl
1651780465.228971958 INFO /car/drive [cybertruck2.py:234(cybertruck2.publish_ctrl)] [topics: /rosout, /csi_cam_0/image_raw, /car/mux/ackermann_cmd_mux/input/navigation, /debug_image] publishing ctrl
1651780465.248505115 INFO /car/drive [cybertruck2.py:234(cybertruck2.publish_ctrl)] [topics: /rosout, /csi_cam_0/image_raw, /car/mux/ackermann_cmd_mux/input/navigation, /debug_image] publishing ctrl
1651780465.270231962 INFO /car/drive [cybertruck2.py:234(cybertruck2.publish_ctrl)] [topics: /rosout, /csi_cam_0/image_raw, /car/mux/ackermann_cmd_mux/input/navigation, /debug_image] publishing ctrl
1651780465.285229921 INFO /car/drive [cybertruck2.py:234(cybertruck2.publish_ctrl)] [topics: /rosout, /csi_cam_0/image_raw, /car/mux/ackermann_cmd_mux/input/navigation, /debug_image] publishing ctrl
1651780465.297727108 INFO /car/drive [cybertruck2.py:234(cybertruck2.publish_ctrl)] [topics: /rosout, /csi_cam_0/image_raw, /car/mux/ackermann_cmd_mux/input/navigation, /debug_image] publishing ctrl
1651780465.316104888 INFO /car/drive [cybertruck2.py:234(cybertruck2.publish_ctrl)] [topics: /rosout, /csi_cam_0/image_raw, /car/mux/ackermann_cmd_mux/input/navigation, /debug_image] publishing ctrl
1651780465.331401109 INFO /car/drive [cybertruck2.py:234(cybertruck2.publish_ctrl)] [topics: /rosout, /csi_cam_0/image_raw, /car/mux/ackermann_cmd_mux/input/navigation, /debug_image] publishing ctrl
1651780465.347963094 INFO /car/drive [cybertruck2.py:234(cybertruck2.publish_ctrl)] [topics: /rosout, /csi_cam_0/image_raw, /car/mux/ackermann_cmd_mux/input/navigation, /debug_image] publishing ctrl
1651780465.360280990 INFO /car/drive [cybertruck2.py:234(cybertruck2.publish_ctrl)] [topics: /rosout, /csi_cam_0/image_raw, /car/mux/ackermann_cmd_mux/input/navigation, /debug_image] publishing ctrl
1651780465.370397090 INFO /car/drive [cybertruck2.py:234(cybertruck2.publish_ctrl)] [topics: /rosout, /csi_cam_0/image_raw, /car/mux/ackermann_cmd_mux/input/navigation, /debug_image] publishing ctrl
1651780465.391669988 INFO /car/drive [cybertruck2.py:234(cybertruck2.publish_ctrl)] [topics: /rosout, /csi_cam_0/image_raw, /car/mux/ackermann_cmd_mux/input/navigation, /debug_image] publishing ctrl
1651780465.410866022 INFO /car/drive [cybertruck2.py:234(cybertruck2.publish_ctrl)] [topics: /rosout, /csi_cam_0/image_raw, /car/mux/ackermann_cmd_mux/input/navigation, /debug_image] publishing ctrl
1651780465.427361011 INFO /car/drive [cybertruck2.py:234(cybertruck2.publish_ctrl)] [topics: /rosout, /csi_cam_0/image_raw, /car/mux/ackermann_cmd_mux/input/navigation, /debug_image] publishing ctrl
1651780465.450087070 INFO /car/drive [cybertruck2.py:234(cybertruck2.publish_ctrl)] [topics: /rosout, /csi_cam_0/image_raw, /car/mux/ackermann_cmd_mux/input/navigation, /debug_image] publishing ctrl
1651780465.480389118 INFO /car/drive [cybertruck2.py:234(cybertruck2.publish_ctrl)] [topics: /rosout, /csi_cam_0/image_raw, /car/mux/ackermann_cmd_mux/input/navigation, /debug_image] publishing ctrl
1651780465.496335029 INFO /car/drive [cybertruck2.py:234(cybertruck2.publish_ctrl)] [topics: /rosout, /csi_cam_0/image_raw, /car/mux/ackermann_cmd_mux/input/navigation, /debug_image] publishing ctrl
1651780465.513686895 INFO /car/drive [cybertruck2.py:234(cybertruck2.publish_ctrl)] [topics: /rosout, /csi_cam_0/image_raw, /car/mux/ackermann_cmd_mux/input/navigation, /debug_image] publishing ctrl
1651780465.538286924 INFO /car/drive [cybertruck2.py:234(cybertruck2.publish_ctrl)] [topics: /rosout, /csi_cam_0/image_raw, /car/mux/ackermann_cmd_mux/input/navigation, /debug_image] publishing ctrl
1651780465.566045999 INFO /car/drive [cybertruck2.py:234(cybertruck2.publish_ctrl)] [topics: /rosout, /csi_cam_0/image_raw, /car/mux/ackermann_cmd_mux/input/navigation, /debug_image] publishing ctrl
1651780465.582967996 INFO /car/drive [cybertruck2.py:234(cybertruck2.publish_ctrl)] [topics: /rosout, /csi_cam_0/image_raw, /car/mux/ackermann_cmd_mux/input/navigation, /debug_image] publishing ctrl
1651780465.595212936 INFO /car/drive [cybertruck2.py:234(cybertruck2.publish_ctrl)] [topics: /rosout, /csi_cam_0/image_raw, /car/mux/ackermann_cmd_mux/input/navigation, /debug_image] publishing ctrl
1651780465.612787961 INFO /car/drive [cybertruck2.py:234(cybertruck2.publish_ctrl)] [topics: /rosout, /csi_cam_0/image_raw, /car/mux/ackermann_cmd_mux/input/navigation, /debug_image] publishing ctrl
1651780465.630494117 INFO /car/drive [cybertruck2.py:234(cybertruck2.publish_ctrl)] [topics: /rosout, /csi_cam_0/image_raw, /car/mux/ackermann_cmd_mux/input/navigation, /debug_image] publishing ctrl
1651780465.663825035 INFO /car/drive [cybertruck2.py:234(cybertruck2.publish_ctrl)] [topics: /rosout, /csi_cam_0/image_raw, /car/mux/ackermann_cmd_mux/input/navigation, /debug_image] publishing ctrl
1651780465.689702033 INFO /car/drive [cybertruck2.py:234(cybertruck2.publish_ctrl)] [topics: /rosout, /csi_cam_0/image_raw, /car/mux/ackermann_cmd_mux/input/navigation, /debug_image] publishing ctrl
1651780465.700026988 INFO /car/drive [cybertruck2.py:234(cybertruck2.publish_ctrl)] [topics: /rosout, /csi_cam_0/image_raw, /car/mux/ackermann_cmd_mux/input/navigation, /debug_image] publishing ctrl
1651780465.720192909 INFO /car/drive [cybertruck2.py:234(cybertruck2.publish_ctrl)] [topics: /rosout, /csi_cam_0/image_raw, /car/mux/ackermann_cmd_mux/input/navigation, /debug_image] publishing ctrl
1651780465.738034009 INFO /car/drive [cybertruck2.py:234(cybertruck2.publish_ctrl)] [topics: /rosout, /csi_cam_0/image_raw, /car/mux/ackermann_cmd_mux/input/navigation, /debug_image] publishing ctrl
1651780465.754542112 INFO /car/drive [cybertruck2.py:234(cybertruck2.publish_ctrl)] [topics: /rosout, /csi_cam_0/image_raw, /car/mux/ackermann_cmd_mux/input/navigation, /debug_image] publishing ctrl
1651780465.771317005 INFO /car/drive [cybertruck2.py:234(cybertruck2.publish_ctrl)] [topics: /rosout, /csi_cam_0/image_raw, /car/mux/ackermann_cmd_mux/input/navigation, /debug_image] publishing ctrl
1651780465.794153928 INFO /car/drive [cybertruck2.py:234(cybertruck2.publish_ctrl)] [topics: /rosout, /csi_cam_0/image_raw, /car/mux/ackermann_cmd_mux/input/navigation, /debug_image] publishing ctrl
1651780465.812381029 INFO /car/drive [cybertruck2.py:234(cybertruck2.publish_ctrl)] [topics: /rosout, /csi_cam_0/image_raw, /car/mux/ackermann_cmd_mux/input/navigation, /debug_image] publishing ctrl
1651780465.827655076 INFO /car/drive [cybertruck2.py:234(cybertruck2.publish_ctrl)] [topics: /rosout, /csi_cam_0/image_raw, /car/mux/ackermann_cmd_mux/input/navigation, /debug_image] publishing ctrl
1651780465.857033967 INFO /car/drive [cybertruck2.py:234(cybertruck2.publish_ctrl)] [topics: /rosout, /csi_cam_0/image_raw, /car/mux/ackermann_cmd_mux/input/navigation, /debug_image] publishing ctrl
1651780465.868009090 INFO /car/drive [cybertruck2.py:234(cybertruck2.publish_ctrl)] [topics: /rosout, /csi_cam_0/image_raw, /car/mux/ackermann_cmd_mux/input/navigation, /debug_image] publishing ctrl
1651780465.890644073 INFO /car/drive [cybertruck2.py:234(cybertruck2.publish_ctrl)] [topics: /rosout, /csi_cam_0/image_raw, /car/mux/ackermann_cmd_mux/input/navigation, /debug_image] publishing ctrl
1651780465.913952112 INFO /car/drive [cybertruck2.py:234(cybertruck2.publish_ctrl)] [topics: /rosout, /csi_cam_0/image_raw, /car/mux/ackermann_cmd_mux/input/navigation, /debug_image] publishing ctrl
1651780465.947504043 INFO /car/drive [cybertruck2.py:234(cybertruck2.publish_ctrl)] [topics: /rosout, /csi_cam_0/image_raw, /car/mux/ackermann_cmd_mux/input/navigation, /debug_image] publishing ctrl
1651780465.961934089 INFO /car/drive [cybertruck2.py:234(cybertruck2.publish_ctrl)] [topics: /rosout, /csi_cam_0/image_raw, /car/mux/ackermann_cmd_mux/input/navigation, /debug_image] publishing ctrl
1651780465.975953102 INFO /car/drive [cybertruck2.py:234(cybertruck2.publish_ctrl)] [topics: /rosout, /csi_cam_0/image_raw, /car/mux/ackermann_cmd_mux/input/navigation, /debug_image] publishing ctrl
1651780465.986834049 INFO /car/drive [cybertruck2.py:234(cybertruck2.publish_ctrl)] [topics: /rosout, /csi_cam_0/image_raw, /car/mux/ackermann_cmd_mux/input/navigation, /debug_image] publishing ctrl
1651780466.011929988 INFO /car/drive [cybertruck2.py:234(cybertruck2.publish_ctrl)] [topics: /rosout, /csi_cam_0/image_raw, /car/mux/ackermann_cmd_mux/input/navigation, /debug_image] publishing ctrl
1651780466.026062011 INFO /car/drive [cybertruck2.py:234(cybertruck2.publish_ctrl)] [topics: /rosout, /csi_cam_0/image_raw, /car/mux/ackermann_cmd_mux/input/navigation, /debug_image] publishing ctrl
1651780466.050928115 INFO /car/drive [cybertruck2.py:234(cybertruck2.publish_ctrl)] [topics: /rosout, /csi_cam_0/image_raw, /car/mux/ackermann_cmd_mux/input/navigation, /debug_image] publishing ctrl
1651780466.069499969 INFO /car/drive [cybertruck2.py:234(cybertruck2.publish_ctrl)] [topics: /rosout, /csi_cam_0/image_raw, /car/mux/ackermann_cmd_mux/input/navigation, /debug_image] publishing ctrl
1651780466.100599050 INFO /car/drive [cybertruck2.py:234(cybertruck2.publish_ctrl)] [topics: /rosout, /csi_cam_0/image_raw, /car/mux/ackermann_cmd_mux/input/navigation, /debug_image] publishing ctrl
1651780466.113742113 INFO /car/drive [cybertruck2.py:234(cybertruck2.publish_ctrl)] [topics: /rosout, /csi_cam_0/image_raw, /car/mux/ackermann_cmd_mux/input/navigation, /debug_image] publishing ctrl
1651780466.142431020 INFO /car/drive [cybertruck2.py:234(cybertruck2.publish_ctrl)] [topics: /rosout, /csi_cam_0/image_raw, /car/mux/ackermann_cmd_mux/input/navigation, /debug_image] publishing ctrl
1651780466.165669918 INFO /car/drive [cybertruck2.py:234(cybertruck2.publish_ctrl)] [topics: /rosout, /csi_cam_0/image_raw, /car/mux/ackermann_cmd_mux/input/navigation, /debug_image] publishing ctrl
1651780466.177442073 INFO /car/drive [cybertruck2.py:234(cybertruck2.publish_ctrl)] [topics: /rosout, /csi_cam_0/image_raw, /car/mux/ackermann_cmd_mux/input/navigation, /debug_image] publishing ctrl
1651780466.195094108 INFO /car/drive [cybertruck2.py:234(cybertruck2.publish_ctrl)] [topics: /rosout, /csi_cam_0/image_raw, /car/mux/ackermann_cmd_mux/input/navigation, /debug_image] publishing ctrl
1651780466.212754011 INFO /car/drive [cybertruck2.py:234(cybertruck2.publish_ctrl)] [topics: /rosout, /csi_cam_0/image_raw, /car/mux/ackermann_cmd_mux/input/navigation, /debug_image] publishing ctrl
1651780466.233355045 INFO /car/drive [cybertruck2.py:234(cybertruck2.publish_ctrl)] [topics: /rosout, /csi_cam_0/image_raw, /car/mux/ackermann_cmd_mux/input/navigation, /debug_image] publishing ctrl
1651780466.249335050 INFO /car/drive [cybertruck2.py:234(cybertruck2.publish_ctrl)] [topics: /rosout, /csi_cam_0/image_raw, /car/mux/ackermann_cmd_mux/input/navigation, /debug_image] publishing ctrl
1651780466.290146112 INFO /car/drive [cybertruck2.py:234(cybertruck2.publish_ctrl)] [topics: /rosout, /csi_cam_0/image_raw, /car/mux/ackermann_cmd_mux/input/navigation, /debug_image] publishing ctrl
1651780466.303144931 INFO /car/drive [cybertruck2.py:234(cybertruck2.publish_ctrl)] [topics: /rosout, /csi_cam_0/image_raw, /car/mux/ackermann_cmd_mux/input/navigation, /debug_image] publishing ctrl
1651780466.316683053 INFO /car/drive [cybertruck2.py:234(cybertruck2.publish_ctrl)] [topics: /rosout, /csi_cam_0/image_raw, /car/mux/ackermann_cmd_mux/input/navigation, /debug_image] publishing ctrl
1651780466.335566997 INFO /car/drive [cybertruck2.py:234(cybertruck2.publish_ctrl)] [topics: /rosout, /csi_cam_0/image_raw, /car/mux/ackermann_cmd_mux/input/navigation, /debug_image] publishing ctrl
1651780466.356237888 INFO /car/drive [cybertruck2.py:234(cybertruck2.publish_ctrl)] [topics: /rosout, /csi_cam_0/image_raw, /car/mux/ackermann_cmd_mux/input/navigation, /debug_image] publishing ctrl
1651780466.371162891 INFO /car/drive [cybertruck2.py:234(cybertruck2.publish_ctrl)] [topics: /rosout, /csi_cam_0/image_raw, /car/mux/ackermann_cmd_mux/input/navigation, /debug_image] publishing ctrl
1651780466.390011072 INFO /car/drive [cybertruck2.py:234(cybertruck2.publish_ctrl)] [topics: /rosout, /csi_cam_0/image_raw, /car/mux/ackermann_cmd_mux/input/navigation, /debug_image] publishing ctrl
1651780466.415615081 INFO /car/drive [cybertruck2.py:234(cybertruck2.publish_ctrl)] [topics: /rosout, /csi_cam_0/image_raw, /car/mux/ackermann_cmd_mux/input/navigation, /debug_image] publishing ctrl
1651780466.433950901 INFO /car/drive [cybertruck2.py:234(cybertruck2.publish_ctrl)] [topics: /rosout, /csi_cam_0/image_raw, /car/mux/ackermann_cmd_mux/input/navigation, /debug_image] publishing ctrl
1651780466.456182956 INFO /car/drive [cybertruck2.py:234(cybertruck2.publish_ctrl)] [topics: /rosout, /csi_cam_0/image_raw, /car/mux/ackermann_cmd_mux/input/navigation, /debug_image] publishing ctrl
1651780466.472142934 INFO /car/drive [cybertruck2.py:234(cybertruck2.publish_ctrl)] [topics: /rosout, /csi_cam_0/image_raw, /car/mux/ackermann_cmd_mux/input/navigation, /debug_image] publishing ctrl
1651780466.487767934 INFO /car/drive [cybertruck2.py:234(cybertruck2.publish_ctrl)] [topics: /rosout, /csi_cam_0/image_raw, /car/mux/ackermann_cmd_mux/input/navigation, /debug_image] publishing ctrl
1651780466.517210960 INFO /car/drive [cybertruck2.py:234(cybertruck2.publish_ctrl)] [topics: /rosout, /csi_cam_0/image_raw, /car/mux/ackermann_cmd_mux/input/navigation, /debug_image] publishing ctrl
1651780466.534930944 INFO /car/drive [cybertruck2.py:234(cybertruck2.publish_ctrl)] [topics: /rosout, /csi_cam_0/image_raw, /car/mux/ackermann_cmd_mux/input/navigation, /debug_image] publishing ctrl
1651780466.553649902 INFO /car/drive [cybertruck2.py:234(cybertruck2.publish_ctrl)] [topics: /rosout, /csi_cam_0/image_raw, /car/mux/ackermann_cmd_mux/input/navigation, /debug_image] publishing ctrl
1651780466.570517063 INFO /car/drive [cybertruck2.py:234(cybertruck2.publish_ctrl)] [topics: /rosout, /csi_cam_0/image_raw, /car/mux/ackermann_cmd_mux/input/navigation, /debug_image] publishing ctrl
1651780466.592437028 INFO /car/drive [cybertruck2.py:234(cybertruck2.publish_ctrl)] [topics: /rosout, /csi_cam_0/image_raw, /car/mux/ackermann_cmd_mux/input/navigation, /debug_image] publishing ctrl
1651780466.618000984 INFO /car/drive [cybertruck2.py:234(cybertruck2.publish_ctrl)] [topics: /rosout, /csi_cam_0/image_raw, /car/mux/ackermann_cmd_mux/input/navigation, /debug_image] publishing ctrl
1651780466.632755041 INFO /car/drive [cybertruck2.py:234(cybertruck2.publish_ctrl)] [topics: /rosout, /csi_cam_0/image_raw, /car/mux/ackermann_cmd_mux/input/navigation, /debug_image] publishing ctrl
1651780466.659100055 INFO /car/drive [cybertruck2.py:234(cybertruck2.publish_ctrl)] [topics: /rosout, /csi_cam_0/image_raw, /car/mux/ackermann_cmd_mux/input/navigation, /debug_image] publishing ctrl
1651780466.684618949 INFO /car/drive [cybertruck2.py:234(cybertruck2.publish_ctrl)] [topics: /rosout, /csi_cam_0/image_raw, /car/mux/ackermann_cmd_mux/input/navigation, /debug_image] publishing ctrl
1651780466.696578025 INFO /car/drive [cybertruck2.py:234(cybertruck2.publish_ctrl)] [topics: /rosout, /csi_cam_0/image_raw, /car/mux/ackermann_cmd_mux/input/navigation, /debug_image] publishing ctrl
1651780466.714639902 INFO /car/drive [cybertruck2.py:234(cybertruck2.publish_ctrl)] [topics: /rosout, /csi_cam_0/image_raw, /car/mux/ackermann_cmd_mux/input/navigation, /debug_image] publishing ctrl
1651780466.757157087 INFO /car/drive [cybertruck2.py:234(cybertruck2.publish_ctrl)] [topics: /rosout, /csi_cam_0/image_raw, /car/mux/ackermann_cmd_mux/input/navigation, /debug_image] publishing ctrl
1651780466.769934892 INFO /car/drive [cybertruck2.py:234(cybertruck2.publish_ctrl)] [topics: /rosout, /csi_cam_0/image_raw, /car/mux/ackermann_cmd_mux/input/navigation, /debug_image] publishing ctrl
1651780466.786278009 INFO /car/drive [cybertruck2.py:234(cybertruck2.publish_ctrl)] [topics: /rosout, /csi_cam_0/image_raw, /car/mux/ackermann_cmd_mux/input/navigation, /debug_image] publishing ctrl
1651780466.805330038 INFO /car/drive [cybertruck2.py:234(cybertruck2.publish_ctrl)] [topics: /rosout, /csi_cam_0/image_raw, /car/mux/ackermann_cmd_mux/input/navigation, /debug_image] publishing ctrl
1651780466.819215059 INFO /car/drive [cybertruck2.py:234(cybertruck2.publish_ctrl)] [topics: /rosout, /csi_cam_0/image_raw, /car/mux/ackermann_cmd_mux/input/navigation, /debug_image] publishing ctrl
1651780466.841906070 INFO /car/drive [cybertruck2.py:234(cybertruck2.publish_ctrl)] [topics: /rosout, /csi_cam_0/image_raw, /car/mux/ackermann_cmd_mux/input/navigation, /debug_image] publishing ctrl
1651780466.855680942 INFO /car/drive [cybertruck2.py:234(cybertruck2.publish_ctrl)] [topics: /rosout, /csi_cam_0/image_raw, /car/mux/ackermann_cmd_mux/input/navigation, /debug_image] publishing ctrl
1651780466.876367092 INFO /car/drive [cybertruck2.py:234(cybertruck2.publish_ctrl)] [topics: /rosout, /csi_cam_0/image_raw, /car/mux/ackermann_cmd_mux/input/navigation, /debug_image] publishing ctrl
1651780466.891361951 INFO /car/drive [cybertruck2.py:234(cybertruck2.publish_ctrl)] [topics: /rosout, /csi_cam_0/image_raw, /car/mux/ackermann_cmd_mux/input/navigation, /debug_image] publishing ctrl
1651780466.906245946 INFO /car/drive [cybertruck2.py:234(cybertruck2.publish_ctrl)] [topics: /rosout, /csi_cam_0/image_raw, /car/mux/ackermann_cmd_mux/input/navigation, /debug_image] publishing ctrl
1651780466.943593978 INFO /car/drive [cybertruck2.py:234(cybertruck2.publish_ctrl)] [topics: /rosout, /csi_cam_0/image_raw, /car/mux/ackermann_cmd_mux/input/navigation, /debug_image] publishing ctrl
1651780466.952589988 INFO /car/drive [cybertruck2.py:234(cybertruck2.publish_ctrl)] [topics: /rosout, /csi_cam_0/image_raw, /car/mux/ackermann_cmd_mux/input/navigation, /debug_image] publishing ctrl
1651780466.967742919 INFO /car/drive [cybertruck2.py:234(cybertruck2.publish_ctrl)] [topics: /rosout, /csi_cam_0/image_raw, /car/mux/ackermann_cmd_mux/input/navigation, /debug_image] publishing ctrl
1651780466.996406078 INFO /car/drive [cybertruck2.py:234(cybertruck2.publish_ctrl)] [topics: /rosout, /csi_cam_0/image_raw, /car/mux/ackermann_cmd_mux/input/navigation, /debug_image] publishing ctrl
1651780467.004477977 INFO /car/drive [cybertruck2.py:234(cybertruck2.publish_ctrl)] [topics: /rosout, /csi_cam_0/image_raw, /car/mux/ackermann_cmd_mux/input/navigation, /debug_image] publishing ctrl
1651780467.026809930 INFO /car/drive [cybertruck2.py:234(cybertruck2.publish_ctrl)] [topics: /rosout, /csi_cam_0/image_raw, /car/mux/ackermann_cmd_mux/input/navigation, /debug_image] publishing ctrl
1651780467.058506965 INFO /car/drive [cybertruck2.py:234(cybertruck2.publish_ctrl)] [topics: /rosout, /csi_cam_0/image_raw, /car/mux/ackermann_cmd_mux/input/navigation, /debug_image] publishing ctrl
1651780467.088000059 INFO /car/drive [cybertruck2.py:234(cybertruck2.publish_ctrl)] [topics: /rosout, /csi_cam_0/image_raw, /car/mux/ackermann_cmd_mux/input/navigation, /debug_image] publishing ctrl
1651780467.095643997 INFO /car/drive [cybertruck2.py:234(cybertruck2.publish_ctrl)] [topics: /rosout, /csi_cam_0/image_raw, /car/mux/ackermann_cmd_mux/input/navigation, /debug_image] publishing ctrl
1651780467.109855890 INFO /car/drive [cybertruck2.py:234(cybertruck2.publish_ctrl)] [topics: /rosout, /csi_cam_0/image_raw, /car/mux/ackermann_cmd_mux/input/navigation, /debug_image] publishing ctrl
1651780467.147281885 INFO /car/drive [cybertruck2.py:234(cybertruck2.publish_ctrl)] [topics: /rosout, /csi_cam_0/image_raw, /car/mux/ackermann_cmd_mux/input/navigation, /debug_image] publishing ctrl
1651780467.159540891 INFO /car/drive [cybertruck2.py:234(cybertruck2.publish_ctrl)] [topics: /rosout, /csi_cam_0/image_raw, /car/mux/ackermann_cmd_mux/input/navigation, /debug_image] publishing ctrl
1651780467.179080963 INFO /car/drive [cybertruck2.py:234(cybertruck2.publish_ctrl)] [topics: /rosout, /csi_cam_0/image_raw, /car/mux/ackermann_cmd_mux/input/navigation, /debug_image] publishing ctrl
1651780467.194125890 INFO /car/drive [cybertruck2.py:234(cybertruck2.publish_ctrl)] [topics: /rosout, /csi_cam_0/image_raw, /car/mux/ackermann_cmd_mux/input/navigation, /debug_image] publishing ctrl
1651780467.218074083 INFO /car/drive [cybertruck2.py:234(cybertruck2.publish_ctrl)] [topics: /rosout, /csi_cam_0/image_raw, /car/mux/ackermann_cmd_mux/input/navigation, /debug_image] publishing ctrl
1651780467.229229927 INFO /car/drive [cybertruck2.py:234(cybertruck2.publish_ctrl)] [topics: /rosout, /csi_cam_0/image_raw, /car/mux/ackermann_cmd_mux/input/navigation, /debug_image] publishing ctrl
1651780467.246396064 INFO /car/drive [cybertruck2.py:234(cybertruck2.publish_ctrl)] [topics: /rosout, /csi_cam_0/image_raw, /car/mux/ackermann_cmd_mux/input/navigation, /debug_image] publishing ctrl
1651780467.265917062 INFO /car/drive [cybertruck2.py:234(cybertruck2.publish_ctrl)] [topics: /rosout, /csi_cam_0/image_raw, /car/mux/ackermann_cmd_mux/input/navigation, /debug_image] publishing ctrl
1651780467.287190914 INFO /car/drive [cybertruck2.py:234(cybertruck2.publish_ctrl)] [topics: /rosout, /csi_cam_0/image_raw, /car/mux/ackermann_cmd_mux/input/navigation, /debug_image] publishing ctrl
1651780467.312305927 INFO /car/drive [cybertruck2.py:234(cybertruck2.publish_ctrl)] [topics: /rosout, /csi_cam_0/image_raw, /car/mux/ackermann_cmd_mux/input/navigation, /debug_image] publishing ctrl
1651780467.326855897 INFO /car/drive [cybertruck2.py:234(cybertruck2.publish_ctrl)] [topics: /rosout, /csi_cam_0/image_raw, /car/mux/ackermann_cmd_mux/input/navigation, /debug_image] publishing ctrl
1651780467.352258920 INFO /car/drive [cybertruck2.py:234(cybertruck2.publish_ctrl)] [topics: /rosout, /csi_cam_0/image_raw, /car/mux/ackermann_cmd_mux/input/navigation, /debug_image] publishing ctrl
1651780467.366779088 INFO /car/drive [cybertruck2.py:234(cybertruck2.publish_ctrl)] [topics: /rosout, /csi_cam_0/image_raw, /car/mux/ackermann_cmd_mux/input/navigation, /debug_image] publishing ctrl
1651780467.389797925 INFO /car/drive [cybertruck2.py:234(cybertruck2.publish_ctrl)] [topics: /rosout, /csi_cam_0/image_raw, /car/mux/ackermann_cmd_mux/input/navigation, /debug_image] publishing ctrl
1651780467.413922071 INFO /car/drive [cybertruck2.py:234(cybertruck2.publish_ctrl)] [topics: /rosout, /csi_cam_0/image_raw, /car/mux/ackermann_cmd_mux/input/navigation, /debug_image] publishing ctrl
1651780467.427198886 INFO /car/drive [cybertruck2.py:234(cybertruck2.publish_ctrl)] [topics: /rosout, /csi_cam_0/image_raw, /car/mux/ackermann_cmd_mux/input/navigation, /debug_image] publishing ctrl
1651780467.447359085 INFO /car/drive [cybertruck2.py:234(cybertruck2.publish_ctrl)] [topics: /rosout, /csi_cam_0/image_raw, /car/mux/ackermann_cmd_mux/input/navigation, /debug_image] publishing ctrl
1651780467.464115334 INFO /car/mux/ackermann_cmd_mux [/tmp/binarydeb/ros-melodic-nodelet-1.9.16/src/nodelet.cpp:159(unloadNodelet)] [topics: /rosout, /car/mux/nodelet_manager/bond] Unloading nodelet /car/mux/ackermann_cmd_mux from manager nodelet_manager
