[rospy.client][INFO] 2022-05-05 15:36:08,964: init_node, name[/car/vesc/throttle_interpolator], pid[6748]
[xmlrpc][INFO] 2022-05-05 15:36:08,965: XML-RPC server binding to 0.0.0.0:0
[xmlrpc][INFO] 2022-05-05 15:36:08,975: Started XML-RPC server [http://robot-desktop:42521/]
[rospy.init][INFO] 2022-05-05 15:36:08,976: ROS Slave URI: [http://robot-desktop:42521/]
[rospy.impl.masterslave][INFO] 2022-05-05 15:36:08,977: _ready: http://robot-desktop:42521/
[xmlrpc][INFO] 2022-05-05 15:36:08,983: xml rpc node: starting XML-RPC server
[rospy.registration][INFO] 2022-05-05 15:36:08,984: Registering with master node http://robot-desktop:11311
[rospy.init][INFO] 2022-05-05 15:36:09,077: registered with master
[rospy.rosout][INFO] 2022-05-05 15:36:09,079: initializing /rosout core topic
[rospy.rosout][INFO] 2022-05-05 15:36:09,095: connected to core topic /rosout
[rospy.simtime][INFO] 2022-05-05 15:36:09,109: /use_sim_time is not set, will not subscribe to simulated time [/clock] topic
[rospy.internal][INFO] 2022-05-05 15:36:09,390: topic[/rosout] adding connection to [/rosout], count 0
[rospy.internal][INFO] 2022-05-05 15:36:09,407: topic[/car/vesc/commands/motor/unsmoothed_speed] adding connection to [http://robot-desktop:37527/], count 0
[rospy.internal][INFO] 2022-05-05 15:36:09,411: topic[/car/vesc/commands/servo/unsmoothed_position] adding connection to [http://robot-desktop:37527/], count 0
[rospy.internal][INFO] 2022-05-05 15:36:09,603: topic[/car/vesc/commands/motor/speed] adding connection to [/car/vesc/vesc_driver], count 0
[rospy.internal][INFO] 2022-05-05 15:36:09,605: topic[/car/vesc/commands/servo/position] adding connection to [/car/vesc/vesc_driver], count 0
[rospy.core][INFO] 2022-05-05 15:36:10,866: signal_shutdown [signal-2]
[rospy.internal][INFO] 2022-05-05 15:36:10,883: topic[/car/vesc/commands/motor/speed] removing connection to /car/vesc/vesc_driver
[rospy.internal][INFO] 2022-05-05 15:36:10,884: topic[/rosout] removing connection to /rosout
[rospy.internal][INFO] 2022-05-05 15:36:10,884: topic[/car/vesc/commands/servo/position] removing connection to /car/vesc/vesc_driver
[rospy.internal][INFO] 2022-05-05 15:36:10,885: topic[/car/vesc/commands/motor/unsmoothed_speed] removing connection to http://robot-desktop:37527/
[rospy.internal][INFO] 2022-05-05 15:36:10,886: topic[/car/vesc/commands/servo/unsmoothed_position] removing connection to http://robot-desktop:37527/
[rospy.impl.masterslave][INFO] 2022-05-05 15:36:10,887: signal-2
[rospy.internal][WARNING] 2022-05-05 15:36:10,908: Unknown error initiating TCP/IP socket to robot-desktop:42131 (http://robot-desktop:37527/): Traceback (most recent call last):
  File "/opt/ros/melodic/lib/python2.7/dist-packages/rospy/impl/tcpros_base.py", line 563, in connect
    self.local_endpoint = self.socket.getsockname()
AttributeError: 'NoneType' object has no attribute 'getsockname'

[rospy.core][INFO] 2022-05-05 15:36:11,507: signal_shutdown [atexit]
