[rospy.client][INFO] 2022-05-05 15:40:27,055: init_node, name[/car/vesc/throttle_interpolator], pid[8549]
[xmlrpc][INFO] 2022-05-05 15:40:27,058: XML-RPC server binding to 0.0.0.0:0
[rospy.init][INFO] 2022-05-05 15:40:27,062: ROS Slave URI: [http://robot-desktop:46107/]
[xmlrpc][INFO] 2022-05-05 15:40:27,063: Started XML-RPC server [http://robot-desktop:46107/]
[rospy.impl.masterslave][INFO] 2022-05-05 15:40:27,063: _ready: http://robot-desktop:46107/
[xmlrpc][INFO] 2022-05-05 15:40:27,064: xml rpc node: starting XML-RPC server
[rospy.registration][INFO] 2022-05-05 15:40:27,066: Registering with master node http://robot-desktop:11311
[rospy.init][INFO] 2022-05-05 15:40:27,163: registered with master
[rospy.rosout][INFO] 2022-05-05 15:40:27,164: initializing /rosout core topic
[rospy.rosout][INFO] 2022-05-05 15:40:27,173: connected to core topic /rosout
[rospy.simtime][INFO] 2022-05-05 15:40:27,181: /use_sim_time is not set, will not subscribe to simulated time [/clock] topic
[rospy.internal][INFO] 2022-05-05 15:40:27,394: topic[/car/vesc/commands/motor/unsmoothed_speed] adding connection to [http://robot-desktop:34661/], count 0
[rospy.internal][INFO] 2022-05-05 15:40:27,402: topic[/car/vesc/commands/servo/unsmoothed_position] adding connection to [http://robot-desktop:34661/], count 0
[rospy.internal][INFO] 2022-05-05 15:40:27,449: topic[/rosout] adding connection to [/rosout], count 0
[rospy.internal][INFO] 2022-05-05 15:40:27,657: topic[/car/vesc/commands/motor/speed] adding connection to [/car/vesc/vesc_driver], count 0
[rospy.internal][INFO] 2022-05-05 15:40:27,659: topic[/car/vesc/commands/servo/position] adding connection to [/car/vesc/vesc_driver], count 0
[rospy.core][INFO] 2022-05-05 15:40:40,638: signal_shutdown [signal-2]
[rospy.internal][INFO] 2022-05-05 15:40:40,663: topic[/car/vesc/commands/motor/speed] removing connection to /car/vesc/vesc_driver
[rospy.internal][INFO] 2022-05-05 15:40:40,665: topic[/rosout] removing connection to /rosout
[rospy.internal][INFO] 2022-05-05 15:40:40,666: topic[/car/vesc/commands/servo/position] removing connection to /car/vesc/vesc_driver
[rospy.internal][INFO] 2022-05-05 15:40:40,667: topic[/car/vesc/commands/motor/unsmoothed_speed] removing connection to http://robot-desktop:34661/
[rospy.internal][INFO] 2022-05-05 15:40:40,668: topic[/car/vesc/commands/servo/unsmoothed_position] removing connection to http://robot-desktop:34661/
[rospy.impl.masterslave][INFO] 2022-05-05 15:40:40,672: signal-2
[rospy.core][INFO] 2022-05-05 15:40:40,780: signal_shutdown [atexit]
