[rospy.client][INFO] 2022-05-05 15:40:28,389: init_node, name[/car/drive], pid[8604]
[xmlrpc][INFO] 2022-05-05 15:40:28,390: XML-RPC server binding to 0.0.0.0:0
[xmlrpc][INFO] 2022-05-05 15:40:28,391: Started XML-RPC server [http://robot-desktop:38473/]
[rospy.init][INFO] 2022-05-05 15:40:28,392: ROS Slave URI: [http://robot-desktop:38473/]
[rospy.impl.masterslave][INFO] 2022-05-05 15:40:28,392: _ready: http://robot-desktop:38473/
[rospy.registration][INFO] 2022-05-05 15:40:28,394: Registering with master node http://robot-desktop:11311
[xmlrpc][INFO] 2022-05-05 15:40:28,394: xml rpc node: starting XML-RPC server
[rospy.init][INFO] 2022-05-05 15:40:28,493: registered with master
[rospy.rosout][INFO] 2022-05-05 15:40:28,494: initializing /rosout core topic
[rospy.rosout][INFO] 2022-05-05 15:40:28,503: connected to core topic /rosout
[rospy.simtime][INFO] 2022-05-05 15:40:28,507: /use_sim_time is not set, will not subscribe to simulated time [/clock] topic
[rosout][INFO] 2022-05-05 15:40:28,560: publishing ctrl
[rosout][INFO] 2022-05-05 15:40:28,578: publishing ctrl
[rosout][INFO] 2022-05-05 15:40:28,598: publishing ctrl
[rosout][INFO] 2022-05-05 15:40:28,618: publishing ctrl
[rosout][INFO] 2022-05-05 15:40:28,638: publishing ctrl
[rosout][INFO] 2022-05-05 15:40:28,661: publishing ctrl
[rosout][INFO] 2022-05-05 15:40:28,678: publishing ctrl
[rosout][INFO] 2022-05-05 15:40:28,698: publishing ctrl
[rosout][INFO] 2022-05-05 15:40:28,718: publishing ctrl
[rosout][INFO] 2022-05-05 15:40:28,738: publishing ctrl
[rospy.internal][INFO] 2022-05-05 15:40:28,765: topic[/car/mux/ackermann_cmd_mux/input/navigation] adding connection to [/car/mux/nodelet_manager], count 0
[rosout][INFO] 2022-05-05 15:40:28,758: publishing ctrl
[rospy.internal][INFO] 2022-05-05 15:40:28,769: topic[/rosout] adding connection to [/rosout], count 0
[rosout][INFO] 2022-05-05 15:40:28,778: publishing ctrl
[rosout][INFO] 2022-05-05 15:40:28,798: publishing ctrl
[rosout][INFO] 2022-05-05 15:40:28,819: publishing ctrl
[rosout][INFO] 2022-05-05 15:40:28,838: publishing ctrl
[rosout][INFO] 2022-05-05 15:40:28,858: publishing ctrl
[rosout][INFO] 2022-05-05 15:40:28,878: publishing ctrl
[rosout][INFO] 2022-05-05 15:40:28,898: publishing ctrl
[rosout][INFO] 2022-05-05 15:40:28,918: publishing ctrl
[rosout][INFO] 2022-05-05 15:40:28,938: publishing ctrl
[rosout][INFO] 2022-05-05 15:40:28,958: publishing ctrl
[rosout][INFO] 2022-05-05 15:40:28,978: publishing ctrl
[rosout][INFO] 2022-05-05 15:40:28,998: publishing ctrl
[rosout][INFO] 2022-05-05 15:40:29,018: publishing ctrl
[rosout][INFO] 2022-05-05 15:40:29,038: publishing ctrl
[rosout][INFO] 2022-05-05 15:40:29,058: publishing ctrl
[rosout][INFO] 2022-05-05 15:40:29,078: publishing ctrl
[rosout][INFO] 2022-05-05 15:40:29,098: publishing ctrl
[rosout][INFO] 2022-05-05 15:40:29,118: publishing ctrl
[rosout][INFO] 2022-05-05 15:40:29,138: publishing ctrl
[rosout][INFO] 2022-05-05 15:40:29,159: publishing ctrl
[rosout][INFO] 2022-05-05 15:40:29,178: publishing ctrl
[rosout][INFO] 2022-05-05 15:40:29,199: publishing ctrl
[rosout][INFO] 2022-05-05 15:40:29,218: publishing ctrl
[rosout][INFO] 2022-05-05 15:40:29,238: publishing ctrl
[rosout][INFO] 2022-05-05 15:40:29,258: publishing ctrl
[rosout][INFO] 2022-05-05 15:40:29,279: publishing ctrl
[rosout][INFO] 2022-05-05 15:40:29,299: publishing ctrl
[rosout][INFO] 2022-05-05 15:40:29,318: publishing ctrl
[rosout][INFO] 2022-05-05 15:40:29,338: publishing ctrl
[rosout][INFO] 2022-05-05 15:40:29,358: publishing ctrl
[rosout][INFO] 2022-05-05 15:40:29,379: publishing ctrl
[rosout][INFO] 2022-05-05 15:40:29,398: publishing ctrl
[rosout][INFO] 2022-05-05 15:40:29,419: publishing ctrl
[rosout][INFO] 2022-05-05 15:40:29,438: publishing ctrl
[rosout][INFO] 2022-05-05 15:40:29,458: publishing ctrl
[rosout][INFO] 2022-05-05 15:40:29,478: publishing ctrl
[rosout][INFO] 2022-05-05 15:40:29,498: publishing ctrl
[rosout][INFO] 2022-05-05 15:40:29,519: publishing ctrl
[rosout][INFO] 2022-05-05 15:40:29,538: publishing ctrl
[rosout][INFO] 2022-05-05 15:40:29,558: publishing ctrl
[rosout][INFO] 2022-05-05 15:40:29,578: publishing ctrl
[rosout][INFO] 2022-05-05 15:40:29,598: publishing ctrl
[rosout][INFO] 2022-05-05 15:40:29,618: publishing ctrl
[rosout][INFO] 2022-05-05 15:40:29,639: publishing ctrl
[rosout][INFO] 2022-05-05 15:40:29,658: publishing ctrl
[rosout][INFO] 2022-05-05 15:40:29,678: publishing ctrl
[rosout][INFO] 2022-05-05 15:40:29,698: publishing ctrl
[rosout][INFO] 2022-05-05 15:40:29,718: publishing ctrl
[rosout][INFO] 2022-05-05 15:40:29,738: publishing ctrl
[rosout][INFO] 2022-05-05 15:40:29,758: publishing ctrl
[rosout][INFO] 2022-05-05 15:40:29,778: publishing ctrl
[rosout][INFO] 2022-05-05 15:40:29,798: publishing ctrl
[rosout][INFO] 2022-05-05 15:40:29,818: publishing ctrl
[rosout][INFO] 2022-05-05 15:40:29,838: publishing ctrl
[rosout][INFO] 2022-05-05 15:40:29,859: publishing ctrl
[rosout][INFO] 2022-05-05 15:40:29,878: publishing ctrl
[rosout][INFO] 2022-05-05 15:40:29,898: publishing ctrl
[rosout][INFO] 2022-05-05 15:40:29,918: publishing ctrl
[rosout][INFO] 2022-05-05 15:40:29,939: publishing ctrl
[rosout][INFO] 2022-05-05 15:40:29,958: publishing ctrl
[rosout][INFO] 2022-05-05 15:40:29,979: publishing ctrl
[rosout][INFO] 2022-05-05 15:40:29,999: publishing ctrl
[rosout][INFO] 2022-05-05 15:40:30,018: publishing ctrl
[rosout][INFO] 2022-05-05 15:40:30,038: publishing ctrl
[rosout][INFO] 2022-05-05 15:40:30,058: publishing ctrl
[rosout][INFO] 2022-05-05 15:40:30,078: publishing ctrl
[rosout][INFO] 2022-05-05 15:40:30,098: publishing ctrl
[rosout][INFO] 2022-05-05 15:40:30,119: publishing ctrl
[rosout][INFO] 2022-05-05 15:40:30,138: publishing ctrl
[rosout][INFO] 2022-05-05 15:40:30,158: publishing ctrl
[rosout][INFO] 2022-05-05 15:40:30,178: publishing ctrl
[rosout][INFO] 2022-05-05 15:40:30,198: publishing ctrl
[rosout][INFO] 2022-05-05 15:40:30,218: publishing ctrl
[rosout][INFO] 2022-05-05 15:40:30,238: publishing ctrl
[rosout][INFO] 2022-05-05 15:40:30,258: publishing ctrl
[rosout][INFO] 2022-05-05 15:40:30,278: publishing ctrl
[rosout][INFO] 2022-05-05 15:40:30,298: publishing ctrl
[rosout][INFO] 2022-05-05 15:40:30,318: publishing ctrl
[rosout][INFO] 2022-05-05 15:40:30,338: publishing ctrl
[rosout][INFO] 2022-05-05 15:40:30,358: publishing ctrl
[rosout][INFO] 2022-05-05 15:40:30,378: publishing ctrl
[rosout][INFO] 2022-05-05 15:40:30,398: publishing ctrl
[rosout][INFO] 2022-05-05 15:40:30,418: publishing ctrl
[rosout][INFO] 2022-05-05 15:40:30,438: publishing ctrl
[rosout][INFO] 2022-05-05 15:40:30,458: publishing ctrl
[rosout][INFO] 2022-05-05 15:40:30,478: publishing ctrl
[rosout][INFO] 2022-05-05 15:40:30,498: publishing ctrl
[rosout][INFO] 2022-05-05 15:40:30,518: publishing ctrl
[rosout][INFO] 2022-05-05 15:40:30,538: publishing ctrl
[rosout][INFO] 2022-05-05 15:40:30,558: publishing ctrl
[rosout][INFO] 2022-05-05 15:40:30,578: publishing ctrl
[rosout][INFO] 2022-05-05 15:40:30,598: publishing ctrl
[rosout][INFO] 2022-05-05 15:40:30,618: publishing ctrl
[rosout][INFO] 2022-05-05 15:40:30,638: publishing ctrl
[rosout][INFO] 2022-05-05 15:40:30,659: publishing ctrl
[rosout][INFO] 2022-05-05 15:40:30,678: publishing ctrl
[rosout][INFO] 2022-05-05 15:40:30,698: publishing ctrl
[rosout][INFO] 2022-05-05 15:40:30,718: publishing ctrl
[rosout][INFO] 2022-05-05 15:40:30,738: publishing ctrl
[rosout][INFO] 2022-05-05 15:40:30,758: publishing ctrl
[rosout][INFO] 2022-05-05 15:40:30,778: publishing ctrl
[rosout][INFO] 2022-05-05 15:40:30,798: publishing ctrl
[rosout][INFO] 2022-05-05 15:40:30,818: publishing ctrl
[rosout][INFO] 2022-05-05 15:40:30,838: publishing ctrl
[rosout][INFO] 2022-05-05 15:40:30,858: publishing ctrl
[rosout][INFO] 2022-05-05 15:40:30,878: publishing ctrl
[rosout][INFO] 2022-05-05 15:40:30,899: publishing ctrl
[rosout][INFO] 2022-05-05 15:40:30,918: publishing ctrl
[rosout][INFO] 2022-05-05 15:40:30,939: publishing ctrl
[rosout][INFO] 2022-05-05 15:40:30,958: publishing ctrl
[rosout][INFO] 2022-05-05 15:40:30,979: publishing ctrl
[rosout][INFO] 2022-05-05 15:40:30,999: publishing ctrl
[rosout][INFO] 2022-05-05 15:40:31,019: publishing ctrl
[rosout][INFO] 2022-05-05 15:40:31,038: publishing ctrl
[rosout][INFO] 2022-05-05 15:40:31,058: publishing ctrl
[rosout][INFO] 2022-05-05 15:40:31,078: publishing ctrl
[rosout][INFO] 2022-05-05 15:40:31,098: publishing ctrl
[rosout][INFO] 2022-05-05 15:40:31,118: publishing ctrl
[rosout][INFO] 2022-05-05 15:40:31,138: publishing ctrl
[rosout][INFO] 2022-05-05 15:40:31,158: publishing ctrl
[rosout][INFO] 2022-05-05 15:40:31,178: publishing ctrl
[rosout][INFO] 2022-05-05 15:40:31,198: publishing ctrl
[rosout][INFO] 2022-05-05 15:40:31,218: publishing ctrl
[rosout][INFO] 2022-05-05 15:40:31,238: publishing ctrl
[rosout][INFO] 2022-05-05 15:40:31,258: publishing ctrl
[rosout][INFO] 2022-05-05 15:40:31,278: publishing ctrl
[rosout][INFO] 2022-05-05 15:40:31,298: publishing ctrl
[rosout][INFO] 2022-05-05 15:40:31,318: publishing ctrl
[rosout][INFO] 2022-05-05 15:40:31,338: publishing ctrl
[rosout][INFO] 2022-05-05 15:40:31,359: publishing ctrl
[rosout][INFO] 2022-05-05 15:40:31,378: publishing ctrl
[rosout][INFO] 2022-05-05 15:40:31,398: publishing ctrl
[rosout][INFO] 2022-05-05 15:40:31,418: publishing ctrl
[rosout][INFO] 2022-05-05 15:40:31,438: publishing ctrl
[rosout][INFO] 2022-05-05 15:40:31,458: publishing ctrl
[rosout][INFO] 2022-05-05 15:40:31,478: publishing ctrl
[rosout][INFO] 2022-05-05 15:40:31,498: publishing ctrl
[rosout][INFO] 2022-05-05 15:40:31,518: publishing ctrl
[rosout][INFO] 2022-05-05 15:40:31,538: publishing ctrl
[rosout][INFO] 2022-05-05 15:40:31,558: publishing ctrl
[rosout][INFO] 2022-05-05 15:40:31,578: publishing ctrl
[rosout][INFO] 2022-05-05 15:40:31,598: publishing ctrl
[rosout][INFO] 2022-05-05 15:40:31,618: publishing ctrl
[rosout][INFO] 2022-05-05 15:40:31,638: publishing ctrl
[rosout][INFO] 2022-05-05 15:40:31,658: publishing ctrl
[rosout][INFO] 2022-05-05 15:40:31,678: publishing ctrl
[rosout][INFO] 2022-05-05 15:40:31,698: publishing ctrl
[rosout][INFO] 2022-05-05 15:40:31,718: publishing ctrl
[rosout][INFO] 2022-05-05 15:40:31,738: publishing ctrl
[rosout][INFO] 2022-05-05 15:40:31,758: publishing ctrl
[rosout][INFO] 2022-05-05 15:40:31,778: publishing ctrl
[rosout][INFO] 2022-05-05 15:40:31,798: publishing ctrl
[rosout][INFO] 2022-05-05 15:40:31,818: publishing ctrl
[rosout][INFO] 2022-05-05 15:40:31,838: publishing ctrl
[rosout][INFO] 2022-05-05 15:40:31,858: publishing ctrl
[rosout][INFO] 2022-05-05 15:40:31,878: publishing ctrl
[rosout][INFO] 2022-05-05 15:40:31,898: publishing ctrl
[rosout][INFO] 2022-05-05 15:40:31,918: publishing ctrl
[rosout][INFO] 2022-05-05 15:40:31,942: publishing ctrl
[rosout][INFO] 2022-05-05 15:40:31,958: publishing ctrl
[rosout][INFO] 2022-05-05 15:40:31,978: publishing ctrl
[rosout][INFO] 2022-05-05 15:40:32,004: publishing ctrl
[rosout][INFO] 2022-05-05 15:40:32,020: publishing ctrl
[rosout][INFO] 2022-05-05 15:40:32,038: publishing ctrl
[rosout][INFO] 2022-05-05 15:40:32,058: publishing ctrl
[rosout][INFO] 2022-05-05 15:40:32,080: publishing ctrl
[rosout][INFO] 2022-05-05 15:40:32,099: publishing ctrl
[rosout][INFO] 2022-05-05 15:40:32,120: publishing ctrl
[rosout][INFO] 2022-05-05 15:40:32,139: publishing ctrl
[rosout][INFO] 2022-05-05 15:40:32,158: publishing ctrl
[rosout][INFO] 2022-05-05 15:40:32,178: publishing ctrl
[rosout][INFO] 2022-05-05 15:40:32,198: publishing ctrl
[rosout][INFO] 2022-05-05 15:40:32,218: publishing ctrl
[rosout][INFO] 2022-05-05 15:40:32,238: publishing ctrl
[rosout][INFO] 2022-05-05 15:40:32,258: publishing ctrl
[rosout][INFO] 2022-05-05 15:40:32,278: publishing ctrl
[rosout][INFO] 2022-05-05 15:40:32,300: publishing ctrl
[rosout][INFO] 2022-05-05 15:40:32,318: publishing ctrl
[rosout][INFO] 2022-05-05 15:40:32,338: publishing ctrl
[rosout][INFO] 2022-05-05 15:40:32,358: publishing ctrl
[rosout][INFO] 2022-05-05 15:40:32,378: publishing ctrl
[rosout][INFO] 2022-05-05 15:40:32,398: publishing ctrl
[rosout][INFO] 2022-05-05 15:40:32,418: publishing ctrl
[rosout][INFO] 2022-05-05 15:40:32,438: publishing ctrl
[rosout][INFO] 2022-05-05 15:40:32,458: publishing ctrl
[rosout][INFO] 2022-05-05 15:40:32,480: publishing ctrl
[rosout][INFO] 2022-05-05 15:40:32,498: publishing ctrl
[rosout][INFO] 2022-05-05 15:40:32,518: publishing ctrl
[rosout][INFO] 2022-05-05 15:40:32,538: publishing ctrl
[rosout][INFO] 2022-05-05 15:40:32,558: publishing ctrl
[rosout][INFO] 2022-05-05 15:40:32,579: publishing ctrl
[rosout][INFO] 2022-05-05 15:40:32,598: publishing ctrl
[rosout][INFO] 2022-05-05 15:40:32,618: publishing ctrl
[rosout][INFO] 2022-05-05 15:40:32,638: publishing ctrl
[rosout][INFO] 2022-05-05 15:40:32,658: publishing ctrl
[rosout][INFO] 2022-05-05 15:40:32,678: publishing ctrl
[rosout][INFO] 2022-05-05 15:40:32,698: publishing ctrl
[rosout][INFO] 2022-05-05 15:40:32,718: publishing ctrl
[rosout][INFO] 2022-05-05 15:40:32,738: publishing ctrl
[rosout][INFO] 2022-05-05 15:40:32,758: publishing ctrl
[rosout][INFO] 2022-05-05 15:40:32,778: publishing ctrl
[rosout][INFO] 2022-05-05 15:40:32,798: publishing ctrl
[rosout][INFO] 2022-05-05 15:40:32,818: publishing ctrl
[rosout][INFO] 2022-05-05 15:40:32,838: publishing ctrl
[rosout][INFO] 2022-05-05 15:40:32,858: publishing ctrl
[rosout][INFO] 2022-05-05 15:40:32,878: publishing ctrl
[rosout][INFO] 2022-05-05 15:40:32,898: publishing ctrl
[rosout][INFO] 2022-05-05 15:40:32,918: publishing ctrl
[rosout][INFO] 2022-05-05 15:40:32,939: publishing ctrl
[rosout][INFO] 2022-05-05 15:40:32,958: publishing ctrl
[rosout][INFO] 2022-05-05 15:40:32,978: publishing ctrl
[rosout][INFO] 2022-05-05 15:40:32,998: publishing ctrl
[rosout][INFO] 2022-05-05 15:40:33,018: publishing ctrl
[rosout][INFO] 2022-05-05 15:40:33,038: publishing ctrl
[rosout][INFO] 2022-05-05 15:40:33,058: publishing ctrl
[rosout][INFO] 2022-05-05 15:40:33,078: publishing ctrl
[rosout][INFO] 2022-05-05 15:40:33,099: publishing ctrl
[rosout][INFO] 2022-05-05 15:40:33,119: publishing ctrl
[rosout][INFO] 2022-05-05 15:40:33,139: publishing ctrl
[rosout][INFO] 2022-05-05 15:40:33,158: publishing ctrl
[rosout][INFO] 2022-05-05 15:40:33,179: publishing ctrl
[rosout][INFO] 2022-05-05 15:40:33,198: publishing ctrl
[rosout][INFO] 2022-05-05 15:40:33,219: publishing ctrl
[rosout][INFO] 2022-05-05 15:40:33,238: publishing ctrl
[rosout][INFO] 2022-05-05 15:40:33,258: publishing ctrl
[rosout][INFO] 2022-05-05 15:40:33,278: publishing ctrl
[rosout][INFO] 2022-05-05 15:40:33,298: publishing ctrl
[rosout][INFO] 2022-05-05 15:40:33,318: publishing ctrl
[rosout][INFO] 2022-05-05 15:40:33,338: publishing ctrl
[rosout][INFO] 2022-05-05 15:40:33,358: publishing ctrl
[rosout][INFO] 2022-05-05 15:40:33,378: publishing ctrl
[rosout][INFO] 2022-05-05 15:40:33,398: publishing ctrl
[rosout][INFO] 2022-05-05 15:40:33,418: publishing ctrl
[rosout][INFO] 2022-05-05 15:40:33,438: publishing ctrl
[rosout][INFO] 2022-05-05 15:40:33,458: publishing ctrl
[rosout][INFO] 2022-05-05 15:40:33,478: publishing ctrl
[rosout][INFO] 2022-05-05 15:40:33,498: publishing ctrl
[rosout][INFO] 2022-05-05 15:40:33,518: publishing ctrl
[rosout][INFO] 2022-05-05 15:40:33,538: publishing ctrl
[rosout][INFO] 2022-05-05 15:40:33,558: publishing ctrl
[rosout][INFO] 2022-05-05 15:40:33,578: publishing ctrl
[rosout][INFO] 2022-05-05 15:40:33,598: publishing ctrl
[rosout][INFO] 2022-05-05 15:40:33,618: publishing ctrl
[rosout][INFO] 2022-05-05 15:40:33,638: publishing ctrl
[rosout][INFO] 2022-05-05 15:40:33,658: publishing ctrl
[rosout][INFO] 2022-05-05 15:40:33,678: publishing ctrl
[rosout][INFO] 2022-05-05 15:40:33,698: publishing ctrl
[rosout][INFO] 2022-05-05 15:40:33,718: publishing ctrl
[rosout][INFO] 2022-05-05 15:40:33,738: publishing ctrl
[rosout][INFO] 2022-05-05 15:40:33,758: publishing ctrl
[rosout][INFO] 2022-05-05 15:40:33,778: publishing ctrl
[rosout][INFO] 2022-05-05 15:40:33,798: publishing ctrl
[rosout][INFO] 2022-05-05 15:40:33,818: publishing ctrl
[rosout][INFO] 2022-05-05 15:40:33,838: publishing ctrl
[rosout][INFO] 2022-05-05 15:40:33,858: publishing ctrl
[rosout][INFO] 2022-05-05 15:40:33,878: publishing ctrl
[rosout][INFO] 2022-05-05 15:40:33,898: publishing ctrl
[rosout][INFO] 2022-05-05 15:40:33,918: publishing ctrl
[rosout][INFO] 2022-05-05 15:40:33,938: publishing ctrl
[rosout][INFO] 2022-05-05 15:40:33,958: publishing ctrl
[rosout][INFO] 2022-05-05 15:40:33,978: publishing ctrl
[rosout][INFO] 2022-05-05 15:40:33,998: publishing ctrl
[rosout][INFO] 2022-05-05 15:40:34,018: publishing ctrl
[rosout][INFO] 2022-05-05 15:40:34,038: publishing ctrl
[rosout][INFO] 2022-05-05 15:40:34,058: publishing ctrl
[rosout][INFO] 2022-05-05 15:40:34,078: publishing ctrl
[rosout][INFO] 2022-05-05 15:40:34,098: publishing ctrl
[rosout][INFO] 2022-05-05 15:40:34,118: publishing ctrl
[rosout][INFO] 2022-05-05 15:40:34,138: publishing ctrl
[rosout][INFO] 2022-05-05 15:40:34,158: publishing ctrl
[rosout][INFO] 2022-05-05 15:40:34,178: publishing ctrl
[rosout][INFO] 2022-05-05 15:40:34,198: publishing ctrl
[rosout][INFO] 2022-05-05 15:40:34,218: publishing ctrl
[rosout][INFO] 2022-05-05 15:40:34,238: publishing ctrl
[rosout][INFO] 2022-05-05 15:40:34,258: publishing ctrl
[rosout][INFO] 2022-05-05 15:40:34,278: publishing ctrl
[rosout][INFO] 2022-05-05 15:40:34,298: publishing ctrl
[rosout][INFO] 2022-05-05 15:40:34,318: publishing ctrl
[rosout][INFO] 2022-05-05 15:40:34,338: publishing ctrl
[rosout][INFO] 2022-05-05 15:40:34,358: publishing ctrl
[rosout][INFO] 2022-05-05 15:40:34,378: publishing ctrl
[rosout][INFO] 2022-05-05 15:40:34,398: publishing ctrl
[rosout][INFO] 2022-05-05 15:40:34,418: publishing ctrl
[rosout][INFO] 2022-05-05 15:40:34,438: publishing ctrl
[rosout][INFO] 2022-05-05 15:40:34,458: publishing ctrl
[rosout][INFO] 2022-05-05 15:40:34,478: publishing ctrl
[rosout][INFO] 2022-05-05 15:40:34,498: publishing ctrl
[rosout][INFO] 2022-05-05 15:40:34,518: publishing ctrl
[rosout][INFO] 2022-05-05 15:40:34,538: publishing ctrl
[rosout][INFO] 2022-05-05 15:40:34,558: publishing ctrl
[rosout][INFO] 2022-05-05 15:40:34,578: publishing ctrl
[rosout][INFO] 2022-05-05 15:40:34,598: publishing ctrl
[rosout][INFO] 2022-05-05 15:40:34,619: publishing ctrl
[rosout][INFO] 2022-05-05 15:40:34,638: publishing ctrl
[rosout][INFO] 2022-05-05 15:40:34,658: publishing ctrl
[rosout][INFO] 2022-05-05 15:40:34,678: publishing ctrl
[rosout][INFO] 2022-05-05 15:40:34,698: publishing ctrl
[rosout][INFO] 2022-05-05 15:40:34,718: publishing ctrl
[rosout][INFO] 2022-05-05 15:40:34,738: publishing ctrl
[rosout][INFO] 2022-05-05 15:40:34,758: publishing ctrl
[rosout][INFO] 2022-05-05 15:40:34,778: publishing ctrl
[rosout][INFO] 2022-05-05 15:40:34,798: publishing ctrl
[rosout][INFO] 2022-05-05 15:40:34,818: publishing ctrl
[rosout][INFO] 2022-05-05 15:40:34,839: publishing ctrl
[rosout][INFO] 2022-05-05 15:40:34,858: publishing ctrl
[rosout][INFO] 2022-05-05 15:40:34,878: publishing ctrl
[rosout][INFO] 2022-05-05 15:40:34,898: publishing ctrl
[rosout][INFO] 2022-05-05 15:40:34,918: publishing ctrl
[rosout][INFO] 2022-05-05 15:40:34,938: publishing ctrl
[rosout][INFO] 2022-05-05 15:40:34,959: publishing ctrl
[rosout][INFO] 2022-05-05 15:40:34,979: publishing ctrl
[rosout][INFO] 2022-05-05 15:40:34,998: publishing ctrl
[rosout][INFO] 2022-05-05 15:40:35,019: publishing ctrl
[rosout][INFO] 2022-05-05 15:40:35,039: publishing ctrl
[rosout][INFO] 2022-05-05 15:40:35,059: publishing ctrl
[rosout][INFO] 2022-05-05 15:40:35,078: publishing ctrl
[rosout][INFO] 2022-05-05 15:40:35,098: publishing ctrl
[rosout][INFO] 2022-05-05 15:40:35,118: publishing ctrl
[rosout][INFO] 2022-05-05 15:40:35,139: publishing ctrl
[rosout][INFO] 2022-05-05 15:40:35,159: publishing ctrl
[rosout][INFO] 2022-05-05 15:40:35,179: publishing ctrl
[rosout][INFO] 2022-05-05 15:40:35,198: publishing ctrl
[rosout][INFO] 2022-05-05 15:40:35,219: publishing ctrl
[rosout][INFO] 2022-05-05 15:40:35,239: publishing ctrl
[rosout][INFO] 2022-05-05 15:40:35,259: publishing ctrl
[rosout][INFO] 2022-05-05 15:40:35,278: publishing ctrl
[rosout][INFO] 2022-05-05 15:40:35,299: publishing ctrl
[rosout][INFO] 2022-05-05 15:40:35,319: publishing ctrl
[rosout][INFO] 2022-05-05 15:40:35,338: publishing ctrl
[rosout][INFO] 2022-05-05 15:40:35,358: publishing ctrl
[rosout][INFO] 2022-05-05 15:40:35,379: publishing ctrl
[rosout][INFO] 2022-05-05 15:40:35,398: publishing ctrl
[rosout][INFO] 2022-05-05 15:40:35,419: publishing ctrl
[rosout][INFO] 2022-05-05 15:40:35,438: publishing ctrl
[rosout][INFO] 2022-05-05 15:40:35,459: publishing ctrl
[rosout][INFO] 2022-05-05 15:40:35,478: publishing ctrl
[rosout][INFO] 2022-05-05 15:40:35,499: publishing ctrl
[rosout][INFO] 2022-05-05 15:40:35,519: publishing ctrl
[rosout][INFO] 2022-05-05 15:40:35,539: publishing ctrl
[rosout][INFO] 2022-05-05 15:40:35,558: publishing ctrl
[rosout][INFO] 2022-05-05 15:40:35,578: publishing ctrl
[rosout][INFO] 2022-05-05 15:40:35,598: publishing ctrl
[rosout][INFO] 2022-05-05 15:40:35,619: publishing ctrl
[rosout][INFO] 2022-05-05 15:40:35,638: publishing ctrl
[rosout][INFO] 2022-05-05 15:40:35,659: publishing ctrl
[rosout][INFO] 2022-05-05 15:40:35,678: publishing ctrl
[rosout][INFO] 2022-05-05 15:40:35,698: publishing ctrl
[rosout][INFO] 2022-05-05 15:40:35,719: publishing ctrl
[rosout][INFO] 2022-05-05 15:40:35,739: publishing ctrl
[rosout][INFO] 2022-05-05 15:40:35,759: publishing ctrl
[rosout][INFO] 2022-05-05 15:40:35,778: publishing ctrl
[rosout][INFO] 2022-05-05 15:40:35,799: publishing ctrl
[rosout][INFO] 2022-05-05 15:40:35,819: publishing ctrl
[rosout][INFO] 2022-05-05 15:40:35,838: publishing ctrl
[rosout][INFO] 2022-05-05 15:40:35,858: publishing ctrl
[rosout][INFO] 2022-05-05 15:40:35,879: publishing ctrl
[rosout][INFO] 2022-05-05 15:40:35,898: publishing ctrl
[rosout][INFO] 2022-05-05 15:40:35,919: publishing ctrl
[rosout][INFO] 2022-05-05 15:40:35,938: publishing ctrl
[rosout][INFO] 2022-05-05 15:40:35,959: publishing ctrl
[rosout][INFO] 2022-05-05 15:40:35,978: publishing ctrl
[rosout][INFO] 2022-05-05 15:40:35,999: publishing ctrl
[rosout][INFO] 2022-05-05 15:40:36,018: publishing ctrl
[rosout][INFO] 2022-05-05 15:40:36,038: publishing ctrl
[rosout][INFO] 2022-05-05 15:40:36,059: publishing ctrl
[rosout][INFO] 2022-05-05 15:40:36,078: publishing ctrl
[rosout][INFO] 2022-05-05 15:40:36,098: publishing ctrl
[rosout][INFO] 2022-05-05 15:40:36,118: publishing ctrl
[rosout][INFO] 2022-05-05 15:40:36,139: publishing ctrl
[rosout][INFO] 2022-05-05 15:40:36,158: publishing ctrl
[rosout][INFO] 2022-05-05 15:40:36,178: publishing ctrl
[rosout][INFO] 2022-05-05 15:40:36,198: publishing ctrl
[rosout][INFO] 2022-05-05 15:40:36,219: publishing ctrl
[rosout][INFO] 2022-05-05 15:40:36,238: publishing ctrl
[rosout][INFO] 2022-05-05 15:40:36,258: publishing ctrl
[rosout][INFO] 2022-05-05 15:40:36,278: publishing ctrl
[rosout][INFO] 2022-05-05 15:40:36,298: publishing ctrl
[rosout][INFO] 2022-05-05 15:40:36,318: publishing ctrl
[rosout][INFO] 2022-05-05 15:40:36,339: publishing ctrl
[rosout][INFO] 2022-05-05 15:40:36,358: publishing ctrl
[rosout][INFO] 2022-05-05 15:40:36,378: publishing ctrl
[rosout][INFO] 2022-05-05 15:40:36,398: publishing ctrl
[rosout][INFO] 2022-05-05 15:40:36,419: publishing ctrl
[rosout][INFO] 2022-05-05 15:40:36,438: publishing ctrl
[rosout][INFO] 2022-05-05 15:40:36,458: publishing ctrl
[rosout][INFO] 2022-05-05 15:40:36,479: publishing ctrl
[rosout][INFO] 2022-05-05 15:40:36,499: publishing ctrl
[rosout][INFO] 2022-05-05 15:40:36,518: publishing ctrl
[rosout][INFO] 2022-05-05 15:40:36,538: publishing ctrl
[rosout][INFO] 2022-05-05 15:40:36,559: publishing ctrl
[rosout][INFO] 2022-05-05 15:40:36,578: publishing ctrl
[rosout][INFO] 2022-05-05 15:40:36,598: publishing ctrl
[rosout][INFO] 2022-05-05 15:40:36,619: publishing ctrl
[rosout][INFO] 2022-05-05 15:40:36,638: publishing ctrl
[rosout][INFO] 2022-05-05 15:40:36,659: publishing ctrl
[rosout][INFO] 2022-05-05 15:40:36,679: publishing ctrl
[rosout][INFO] 2022-05-05 15:40:36,698: publishing ctrl
[rosout][INFO] 2022-05-05 15:40:36,718: publishing ctrl
[rosout][INFO] 2022-05-05 15:40:36,739: publishing ctrl
[rosout][INFO] 2022-05-05 15:40:36,758: publishing ctrl
[rosout][INFO] 2022-05-05 15:40:36,778: publishing ctrl
[rosout][INFO] 2022-05-05 15:40:36,798: publishing ctrl
[rosout][INFO] 2022-05-05 15:40:36,819: publishing ctrl
[rosout][INFO] 2022-05-05 15:40:36,839: publishing ctrl
[rosout][INFO] 2022-05-05 15:40:36,859: publishing ctrl
[rosout][INFO] 2022-05-05 15:40:36,879: publishing ctrl
[rosout][INFO] 2022-05-05 15:40:36,899: publishing ctrl
[rosout][INFO] 2022-05-05 15:40:36,918: publishing ctrl
[rosout][INFO] 2022-05-05 15:40:36,938: publishing ctrl
[rosout][INFO] 2022-05-05 15:40:36,959: publishing ctrl
[rosout][INFO] 2022-05-05 15:40:36,979: publishing ctrl
[rosout][INFO] 2022-05-05 15:40:36,998: publishing ctrl
[rosout][INFO] 2022-05-05 15:40:37,018: publishing ctrl
[rosout][INFO] 2022-05-05 15:40:37,038: publishing ctrl
[rosout][INFO] 2022-05-05 15:40:37,059: publishing ctrl
[rosout][INFO] 2022-05-05 15:40:37,078: publishing ctrl
[rosout][INFO] 2022-05-05 15:40:37,098: publishing ctrl
[rosout][INFO] 2022-05-05 15:40:37,118: publishing ctrl
[rosout][INFO] 2022-05-05 15:40:37,138: publishing ctrl
[rosout][INFO] 2022-05-05 15:40:37,159: publishing ctrl
[rosout][INFO] 2022-05-05 15:40:37,179: publishing ctrl
[rosout][INFO] 2022-05-05 15:40:37,198: publishing ctrl
[rosout][INFO] 2022-05-05 15:40:37,219: publishing ctrl
[rosout][INFO] 2022-05-05 15:40:37,239: publishing ctrl
[rosout][INFO] 2022-05-05 15:40:37,259: publishing ctrl
[rosout][INFO] 2022-05-05 15:40:37,278: publishing ctrl
[rosout][INFO] 2022-05-05 15:40:37,298: publishing ctrl
[rosout][INFO] 2022-05-05 15:40:37,318: publishing ctrl
[rosout][INFO] 2022-05-05 15:40:37,339: publishing ctrl
[rosout][INFO] 2022-05-05 15:40:37,358: publishing ctrl
[rosout][INFO] 2022-05-05 15:40:37,378: publishing ctrl
[rosout][INFO] 2022-05-05 15:40:37,398: publishing ctrl
[rosout][INFO] 2022-05-05 15:40:37,418: publishing ctrl
[rosout][INFO] 2022-05-05 15:40:37,439: publishing ctrl
[rosout][INFO] 2022-05-05 15:40:37,459: publishing ctrl
[rosout][INFO] 2022-05-05 15:40:37,478: publishing ctrl
[rosout][INFO] 2022-05-05 15:40:37,498: publishing ctrl
[rosout][INFO] 2022-05-05 15:40:37,518: publishing ctrl
[rosout][INFO] 2022-05-05 15:40:37,539: publishing ctrl
[rosout][INFO] 2022-05-05 15:40:37,559: publishing ctrl
[rosout][INFO] 2022-05-05 15:40:37,578: publishing ctrl
[rosout][INFO] 2022-05-05 15:40:37,598: publishing ctrl
[rosout][INFO] 2022-05-05 15:40:37,619: publishing ctrl
[rosout][INFO] 2022-05-05 15:40:37,638: publishing ctrl
[rosout][INFO] 2022-05-05 15:40:37,659: publishing ctrl
[rosout][INFO] 2022-05-05 15:40:37,679: publishing ctrl
[rosout][INFO] 2022-05-05 15:40:37,699: publishing ctrl
[rosout][INFO] 2022-05-05 15:40:37,718: publishing ctrl
[rosout][INFO] 2022-05-05 15:40:37,738: publishing ctrl
[rosout][INFO] 2022-05-05 15:40:37,759: publishing ctrl
[rosout][INFO] 2022-05-05 15:40:37,779: publishing ctrl
[rosout][INFO] 2022-05-05 15:40:37,799: publishing ctrl
[rosout][INFO] 2022-05-05 15:40:37,818: publishing ctrl
[rosout][INFO] 2022-05-05 15:40:37,838: publishing ctrl
[rosout][INFO] 2022-05-05 15:40:37,859: publishing ctrl
[rosout][INFO] 2022-05-05 15:40:37,878: publishing ctrl
[rosout][INFO] 2022-05-05 15:40:37,899: publishing ctrl
[rosout][INFO] 2022-05-05 15:40:37,919: publishing ctrl
[rosout][INFO] 2022-05-05 15:40:37,939: publishing ctrl
[rosout][INFO] 2022-05-05 15:40:37,958: publishing ctrl
[rosout][INFO] 2022-05-05 15:40:37,978: publishing ctrl
[rosout][INFO] 2022-05-05 15:40:37,998: publishing ctrl
[rosout][INFO] 2022-05-05 15:40:38,018: publishing ctrl
[rosout][INFO] 2022-05-05 15:40:38,038: publishing ctrl
[rosout][INFO] 2022-05-05 15:40:38,058: publishing ctrl
[rosout][INFO] 2022-05-05 15:40:38,078: publishing ctrl
[rosout][INFO] 2022-05-05 15:40:38,098: publishing ctrl
[rosout][INFO] 2022-05-05 15:40:38,118: publishing ctrl
[rosout][INFO] 2022-05-05 15:40:38,138: publishing ctrl
[rosout][INFO] 2022-05-05 15:40:38,158: publishing ctrl
[rosout][INFO] 2022-05-05 15:40:38,178: publishing ctrl
[rosout][INFO] 2022-05-05 15:40:38,199: publishing ctrl
[rosout][INFO] 2022-05-05 15:40:38,218: publishing ctrl
[rosout][INFO] 2022-05-05 15:40:38,239: publishing ctrl
[rosout][INFO] 2022-05-05 15:40:38,258: publishing ctrl
[rosout][INFO] 2022-05-05 15:40:38,279: publishing ctrl
[rosout][INFO] 2022-05-05 15:40:38,299: publishing ctrl
[rosout][INFO] 2022-05-05 15:40:38,319: publishing ctrl
[rosout][INFO] 2022-05-05 15:40:38,338: publishing ctrl
[rosout][INFO] 2022-05-05 15:40:38,358: publishing ctrl
[rosout][INFO] 2022-05-05 15:40:38,378: publishing ctrl
[rosout][INFO] 2022-05-05 15:40:38,399: publishing ctrl
[rosout][INFO] 2022-05-05 15:40:38,418: publishing ctrl
[rosout][INFO] 2022-05-05 15:40:38,438: publishing ctrl
[rosout][INFO] 2022-05-05 15:40:38,459: publishing ctrl
[rosout][INFO] 2022-05-05 15:40:38,478: publishing ctrl
[rosout][INFO] 2022-05-05 15:40:38,499: publishing ctrl
[rosout][INFO] 2022-05-05 15:40:38,518: publishing ctrl
[rosout][INFO] 2022-05-05 15:40:38,538: publishing ctrl
[rosout][INFO] 2022-05-05 15:40:38,558: publishing ctrl
[rosout][INFO] 2022-05-05 15:40:38,579: publishing ctrl
[rosout][INFO] 2022-05-05 15:40:38,598: publishing ctrl
[rosout][INFO] 2022-05-05 15:40:38,618: publishing ctrl
[rosout][INFO] 2022-05-05 15:40:38,639: publishing ctrl
[rosout][INFO] 2022-05-05 15:40:38,659: publishing ctrl
[rosout][INFO] 2022-05-05 15:40:38,679: publishing ctrl
[rosout][INFO] 2022-05-05 15:40:38,699: publishing ctrl
[rosout][INFO] 2022-05-05 15:40:38,718: publishing ctrl
[rosout][INFO] 2022-05-05 15:40:38,738: publishing ctrl
[rosout][INFO] 2022-05-05 15:40:38,758: publishing ctrl
[rosout][INFO] 2022-05-05 15:40:38,778: publishing ctrl
[rosout][INFO] 2022-05-05 15:40:38,798: publishing ctrl
[rosout][INFO] 2022-05-05 15:40:38,819: publishing ctrl
[rosout][INFO] 2022-05-05 15:40:38,838: publishing ctrl
[rosout][INFO] 2022-05-05 15:40:38,858: publishing ctrl
[rosout][INFO] 2022-05-05 15:40:38,878: publishing ctrl
[rosout][INFO] 2022-05-05 15:40:38,898: publishing ctrl
[rosout][INFO] 2022-05-05 15:40:38,918: publishing ctrl
[rosout][INFO] 2022-05-05 15:40:38,939: publishing ctrl
[rosout][INFO] 2022-05-05 15:40:38,958: publishing ctrl
[rosout][INFO] 2022-05-05 15:40:38,979: publishing ctrl
[rosout][INFO] 2022-05-05 15:40:38,998: publishing ctrl
[rosout][INFO] 2022-05-05 15:40:39,018: publishing ctrl
[rosout][INFO] 2022-05-05 15:40:39,038: publishing ctrl
[rosout][INFO] 2022-05-05 15:40:39,059: publishing ctrl
[rosout][INFO] 2022-05-05 15:40:39,079: publishing ctrl
[rosout][INFO] 2022-05-05 15:40:39,098: publishing ctrl
[rosout][INFO] 2022-05-05 15:40:39,118: publishing ctrl
[rosout][INFO] 2022-05-05 15:40:39,139: publishing ctrl
[rosout][INFO] 2022-05-05 15:40:39,159: publishing ctrl
[rosout][INFO] 2022-05-05 15:40:39,178: publishing ctrl
[rosout][INFO] 2022-05-05 15:40:39,198: publishing ctrl
[rosout][INFO] 2022-05-05 15:40:39,219: publishing ctrl
[rosout][INFO] 2022-05-05 15:40:39,239: publishing ctrl
[rosout][INFO] 2022-05-05 15:40:39,259: publishing ctrl
[rosout][INFO] 2022-05-05 15:40:39,279: publishing ctrl
[rosout][INFO] 2022-05-05 15:40:39,299: publishing ctrl
[rosout][INFO] 2022-05-05 15:40:39,319: publishing ctrl
[rosout][INFO] 2022-05-05 15:40:39,339: publishing ctrl
[rosout][INFO] 2022-05-05 15:40:39,359: publishing ctrl
[rosout][INFO] 2022-05-05 15:40:39,379: publishing ctrl
[rosout][INFO] 2022-05-05 15:40:39,398: publishing ctrl
[rosout][INFO] 2022-05-05 15:40:39,419: publishing ctrl
[rosout][INFO] 2022-05-05 15:40:39,438: publishing ctrl
[rosout][INFO] 2022-05-05 15:40:39,458: publishing ctrl
[rosout][INFO] 2022-05-05 15:40:39,478: publishing ctrl
[rosout][INFO] 2022-05-05 15:40:39,498: publishing ctrl
[rosout][INFO] 2022-05-05 15:40:39,518: publishing ctrl
[rosout][INFO] 2022-05-05 15:40:39,539: publishing ctrl
[rosout][INFO] 2022-05-05 15:40:39,558: publishing ctrl
[rosout][INFO] 2022-05-05 15:40:39,578: publishing ctrl
[rosout][INFO] 2022-05-05 15:40:39,599: publishing ctrl
[rosout][INFO] 2022-05-05 15:40:39,619: publishing ctrl
[rosout][INFO] 2022-05-05 15:40:39,638: publishing ctrl
[rosout][INFO] 2022-05-05 15:40:39,659: publishing ctrl
[rosout][INFO] 2022-05-05 15:40:39,678: publishing ctrl
[rosout][INFO] 2022-05-05 15:40:39,698: publishing ctrl
[rosout][INFO] 2022-05-05 15:40:39,718: publishing ctrl
[rosout][INFO] 2022-05-05 15:40:39,739: publishing ctrl
[rosout][INFO] 2022-05-05 15:40:39,759: publishing ctrl
[rosout][INFO] 2022-05-05 15:40:39,778: publishing ctrl
[rosout][INFO] 2022-05-05 15:40:39,798: publishing ctrl
[rosout][INFO] 2022-05-05 15:40:39,818: publishing ctrl
[rosout][INFO] 2022-05-05 15:40:39,838: publishing ctrl
[rosout][INFO] 2022-05-05 15:40:39,858: publishing ctrl
[rosout][INFO] 2022-05-05 15:40:39,878: publishing ctrl
[rosout][INFO] 2022-05-05 15:40:39,899: publishing ctrl
[rosout][INFO] 2022-05-05 15:40:39,918: publishing ctrl
[rosout][INFO] 2022-05-05 15:40:39,938: publishing ctrl
[rosout][INFO] 2022-05-05 15:40:39,958: publishing ctrl
[rosout][INFO] 2022-05-05 15:40:39,978: publishing ctrl
[rosout][INFO] 2022-05-05 15:40:39,998: publishing ctrl
[rosout][INFO] 2022-05-05 15:40:40,018: publishing ctrl
[rosout][INFO] 2022-05-05 15:40:40,038: publishing ctrl
[rosout][INFO] 2022-05-05 15:40:40,058: publishing ctrl
[rosout][INFO] 2022-05-05 15:40:40,078: publishing ctrl
[rosout][INFO] 2022-05-05 15:40:40,098: publishing ctrl
[rosout][INFO] 2022-05-05 15:40:40,118: publishing ctrl
[rosout][INFO] 2022-05-05 15:40:40,138: publishing ctrl
[rosout][INFO] 2022-05-05 15:40:40,158: publishing ctrl
[rosout][INFO] 2022-05-05 15:40:40,179: publishing ctrl
[rosout][INFO] 2022-05-05 15:40:40,198: publishing ctrl
[rosout][INFO] 2022-05-05 15:40:40,218: publishing ctrl
[rosout][INFO] 2022-05-05 15:40:40,238: publishing ctrl
[rosout][INFO] 2022-05-05 15:40:40,259: publishing ctrl
[rosout][INFO] 2022-05-05 15:40:40,278: publishing ctrl
[rosout][INFO] 2022-05-05 15:40:40,299: publishing ctrl
[rosout][INFO] 2022-05-05 15:40:40,318: publishing ctrl
[rosout][INFO] 2022-05-05 15:40:40,340: publishing ctrl
[rosout][INFO] 2022-05-05 15:40:40,358: publishing ctrl
[rosout][INFO] 2022-05-05 15:40:40,378: publishing ctrl
[rosout][INFO] 2022-05-05 15:40:40,398: publishing ctrl
[rosout][INFO] 2022-05-05 15:40:40,418: publishing ctrl
[rosout][INFO] 2022-05-05 15:40:40,438: publishing ctrl
[rosout][INFO] 2022-05-05 15:40:40,458: publishing ctrl
[rosout][INFO] 2022-05-05 15:40:40,478: publishing ctrl
[rosout][INFO] 2022-05-05 15:40:40,498: publishing ctrl
[rosout][INFO] 2022-05-05 15:40:40,518: publishing ctrl
[rosout][INFO] 2022-05-05 15:40:40,538: publishing ctrl
[rosout][INFO] 2022-05-05 15:40:40,558: publishing ctrl
[rosout][INFO] 2022-05-05 15:40:40,579: publishing ctrl
[rosout][INFO] 2022-05-05 15:40:40,598: publishing ctrl
[rosout][INFO] 2022-05-05 15:40:40,618: publishing ctrl
[rospy.core][INFO] 2022-05-05 15:40:40,631: signal_shutdown [signal-2]
[rospy.internal][INFO] 2022-05-05 15:40:40,652: topic[/car/mux/ackermann_cmd_mux/input/navigation] removing connection to /car/mux/nodelet_manager
[rospy.internal][INFO] 2022-05-05 15:40:40,653: topic[/rosout] removing connection to /rosout
[rospy.impl.masterslave][INFO] 2022-05-05 15:40:40,654: signal-2
[rosout][INFO] 2022-05-05 15:40:40,638: publishing ctrl
[rospy.core][INFO] 2022-05-05 15:40:41,275: signal_shutdown [atexit]
