[rospy.client][INFO] 2022-05-05 15:57:27,685: init_node, name[/car/drive], pid[29756]
[xmlrpc][INFO] 2022-05-05 15:57:27,686: XML-RPC server binding to 0.0.0.0:0
[xmlrpc][INFO] 2022-05-05 15:57:27,687: Started XML-RPC server [http://robot-desktop:37961/]
[rospy.init][INFO] 2022-05-05 15:57:27,687: ROS Slave URI: [http://robot-desktop:37961/]
[rospy.impl.masterslave][INFO] 2022-05-05 15:57:27,688: _ready: http://robot-desktop:37961/
[rospy.registration][INFO] 2022-05-05 15:57:27,690: Registering with master node http://robot-desktop:11311
[xmlrpc][INFO] 2022-05-05 15:57:27,690: xml rpc node: starting XML-RPC server
[rospy.init][INFO] 2022-05-05 15:57:27,788: registered with master
[rospy.rosout][INFO] 2022-05-05 15:57:27,790: initializing /rosout core topic
[rospy.rosout][INFO] 2022-05-05 15:57:27,802: connected to core topic /rosout
[rospy.simtime][INFO] 2022-05-05 15:57:27,809: /use_sim_time is not set, will not subscribe to simulated time [/clock] topic
[rospy.internal][INFO] 2022-05-05 15:57:27,862: topic[/csi_cam_0/image_raw] adding connection to [http://robot-desktop:35981/], count 0
[rosout][INFO] 2022-05-05 15:57:27,873: publishing ctrl
[rosout][INFO] 2022-05-05 15:57:27,894: publishing ctrl
[rosout][INFO] 2022-05-05 15:57:27,913: /car/driveReceived a new image.
[rosout][INFO] 2022-05-05 15:57:27,915: publishing ctrl
[rosout][INFO] 2022-05-05 15:57:27,933: publishing ctrl
[rosout][INFO] 2022-05-05 15:57:27,958: publishing ctrl
[rosout][INFO] 2022-05-05 15:57:27,981: publishing ctrl
[rosout][INFO] 2022-05-05 15:57:27,994: publishing ctrl
[rosout][INFO] 2022-05-05 15:57:28,014: publishing ctrl
[rosout][INFO] 2022-05-05 15:57:28,033: publishing ctrl
[rosout][INFO] 2022-05-05 15:57:28,054: publishing ctrl
[rospy.internal][INFO] 2022-05-05 15:57:28,072: topic[/rosout] adding connection to [/rosout], count 0
[rospy.internal][INFO] 2022-05-05 15:57:28,079: topic[/car/mux/ackermann_cmd_mux/input/navigation] adding connection to [/car/mux/nodelet_manager], count 0
[rosout][INFO] 2022-05-05 15:57:28,073: publishing ctrl
[rosout][INFO] 2022-05-05 15:57:28,095: publishing ctrl
[rosout][INFO] 2022-05-05 15:57:28,116: publishing ctrl
[rosout][INFO] 2022-05-05 15:57:28,133: publishing ctrl
[rosout][INFO] 2022-05-05 15:57:28,163: publishing ctrl
[rosout][INFO] 2022-05-05 15:57:28,187: publishing ctrl
[rosout][INFO] 2022-05-05 15:57:28,200: publishing ctrl
[rosout][INFO] 2022-05-05 15:57:28,210: /car/driveReceived a new image.
[rosout][INFO] 2022-05-05 15:57:28,214: publishing ctrl
[rosout][INFO] 2022-05-05 15:57:28,234: publishing ctrl
[rosout][INFO] 2022-05-05 15:57:28,257: publishing ctrl
[rosout][INFO] 2022-05-05 15:57:28,275: publishing ctrl
[rosout][INFO] 2022-05-05 15:57:28,296: publishing ctrl
[rosout][INFO] 2022-05-05 15:57:28,321: publishing ctrl
[rosout][INFO] 2022-05-05 15:57:28,339: publishing ctrl
[rosout][INFO] 2022-05-05 15:57:28,365: publishing ctrl
[rosout][INFO] 2022-05-05 15:57:28,387: publishing ctrl
[rosout][INFO] 2022-05-05 15:57:28,409: publishing ctrl
[rosout][INFO] 2022-05-05 15:57:28,428: publishing ctrl
[rosout][INFO] 2022-05-05 15:57:28,446: publishing ctrl
[rosout][INFO] 2022-05-05 15:57:28,462: /car/driveReceived a new image.
[rosout][INFO] 2022-05-05 15:57:28,468: publishing ctrl
[rosout][INFO] 2022-05-05 15:57:28,491: publishing ctrl
[rosout][INFO] 2022-05-05 15:57:28,502: publishing ctrl
[rosout][INFO] 2022-05-05 15:57:28,519: publishing ctrl
[rosout][INFO] 2022-05-05 15:57:28,534: publishing ctrl
[rosout][INFO] 2022-05-05 15:57:28,554: publishing ctrl
[rosout][INFO] 2022-05-05 15:57:28,573: publishing ctrl
[rosout][INFO] 2022-05-05 15:57:28,594: publishing ctrl
[rosout][INFO] 2022-05-05 15:57:28,627: publishing ctrl
[rosout][INFO] 2022-05-05 15:57:28,645: publishing ctrl
[rosout][INFO] 2022-05-05 15:57:28,667: publishing ctrl
[rosout][INFO] 2022-05-05 15:57:28,703: /car/driveReceived a new image.
[rosout][INFO] 2022-05-05 15:57:28,708: publishing ctrl
[rosout][INFO] 2022-05-05 15:57:28,723: publishing ctrl
[rosout][INFO] 2022-05-05 15:57:28,743: publishing ctrl
[rosout][INFO] 2022-05-05 15:57:28,769: publishing ctrl
[rosout][INFO] 2022-05-05 15:57:28,780: publishing ctrl
[rosout][INFO] 2022-05-05 15:57:28,802: publishing ctrl
[rosout][INFO] 2022-05-05 15:57:28,829: publishing ctrl
[rosout][INFO] 2022-05-05 15:57:28,836: publishing ctrl
[rosout][INFO] 2022-05-05 15:57:28,849: publishing ctrl
[rosout][INFO] 2022-05-05 15:57:28,884: publishing ctrl
[rosout][INFO] 2022-05-05 15:57:28,896: publishing ctrl
[rosout][INFO] 2022-05-05 15:57:28,906: publishing ctrl
[rosout][INFO] 2022-05-05 15:57:28,924: publishing ctrl
[rosout][INFO] 2022-05-05 15:57:28,940: publishing ctrl
[rosout][INFO] 2022-05-05 15:57:28,954: /car/driveReceived a new image.
[rosout][INFO] 2022-05-05 15:57:28,955: publishing ctrl
[rosout][INFO] 2022-05-05 15:57:29,008: publishing ctrl
[rosout][INFO] 2022-05-05 15:57:29,020: publishing ctrl
[rosout][INFO] 2022-05-05 15:57:29,030: publishing ctrl
[rosout][INFO] 2022-05-05 15:57:29,052: publishing ctrl
[rosout][INFO] 2022-05-05 15:57:29,091: publishing ctrl
[rosout][INFO] 2022-05-05 15:57:29,100: publishing ctrl
[rosout][INFO] 2022-05-05 15:57:29,111: publishing ctrl
[rosout][INFO] 2022-05-05 15:57:29,126: publishing ctrl
[rosout][INFO] 2022-05-05 15:57:29,156: publishing ctrl
[rosout][INFO] 2022-05-05 15:57:29,176: publishing ctrl
[rosout][INFO] 2022-05-05 15:57:29,192: publishing ctrl
[rosout][INFO] 2022-05-05 15:57:29,210: /car/driveReceived a new image.
[rosout][INFO] 2022-05-05 15:57:29,213: publishing ctrl
[rosout][INFO] 2022-05-05 15:57:29,228: publishing ctrl
[rosout][INFO] 2022-05-05 15:57:29,245: publishing ctrl
[rosout][INFO] 2022-05-05 15:57:29,262: publishing ctrl
[rosout][INFO] 2022-05-05 15:57:29,290: publishing ctrl
[rosout][INFO] 2022-05-05 15:57:29,309: publishing ctrl
[rosout][INFO] 2022-05-05 15:57:29,323: publishing ctrl
[rosout][INFO] 2022-05-05 15:57:29,340: publishing ctrl
[rosout][INFO] 2022-05-05 15:57:29,361: publishing ctrl
[rosout][INFO] 2022-05-05 15:57:29,374: publishing ctrl
[rosout][INFO] 2022-05-05 15:57:29,394: publishing ctrl
[rosout][INFO] 2022-05-05 15:57:29,415: publishing ctrl
[rosout][INFO] 2022-05-05 15:57:29,444: publishing ctrl
[rosout][INFO] 2022-05-05 15:57:29,458: /car/driveReceived a new image.
[rosout][INFO] 2022-05-05 15:57:29,469: publishing ctrl
[rosout][INFO] 2022-05-05 15:57:29,486: publishing ctrl
[rosout][INFO] 2022-05-05 15:57:29,511: publishing ctrl
[rosout][INFO] 2022-05-05 15:57:29,521: publishing ctrl
[rosout][INFO] 2022-05-05 15:57:29,555: publishing ctrl
[rosout][INFO] 2022-05-05 15:57:29,572: publishing ctrl
[rosout][INFO] 2022-05-05 15:57:29,586: publishing ctrl
[rosout][INFO] 2022-05-05 15:57:29,614: publishing ctrl
[rosout][INFO] 2022-05-05 15:57:29,631: publishing ctrl
[rosout][INFO] 2022-05-05 15:57:29,644: publishing ctrl
[rosout][INFO] 2022-05-05 15:57:29,665: publishing ctrl
[rosout][INFO] 2022-05-05 15:57:29,697: publishing ctrl
[rosout][INFO] 2022-05-05 15:57:29,709: /car/driveReceived a new image.
[rosout][INFO] 2022-05-05 15:57:29,711: publishing ctrl
[rosout][INFO] 2022-05-05 15:57:29,734: publishing ctrl
[rosout][INFO] 2022-05-05 15:57:29,765: publishing ctrl
[rosout][INFO] 2022-05-05 15:57:29,775: publishing ctrl
[rosout][INFO] 2022-05-05 15:57:29,797: publishing ctrl
[rosout][INFO] 2022-05-05 15:57:29,812: publishing ctrl
[rosout][INFO] 2022-05-05 15:57:29,832: publishing ctrl
[rosout][INFO] 2022-05-05 15:57:29,851: publishing ctrl
[rosout][INFO] 2022-05-05 15:57:29,861: publishing ctrl
[rosout][INFO] 2022-05-05 15:57:29,890: publishing ctrl
[rosout][INFO] 2022-05-05 15:57:29,917: publishing ctrl
[rosout][INFO] 2022-05-05 15:57:29,934: publishing ctrl
[rosout][INFO] 2022-05-05 15:57:29,946: /car/driveReceived a new image.
[rosout][INFO] 2022-05-05 15:57:29,957: publishing ctrl
[rosout][INFO] 2022-05-05 15:57:29,969: publishing ctrl
[rosout][INFO] 2022-05-05 15:57:29,988: publishing ctrl
[rosout][INFO] 2022-05-05 15:57:30,019: publishing ctrl
[rosout][INFO] 2022-05-05 15:57:30,033: publishing ctrl
[rosout][INFO] 2022-05-05 15:57:30,046: publishing ctrl
[rosout][INFO] 2022-05-05 15:57:30,060: publishing ctrl
[rosout][INFO] 2022-05-05 15:57:30,084: publishing ctrl
[rosout][INFO] 2022-05-05 15:57:30,100: publishing ctrl
[rosout][INFO] 2022-05-05 15:57:30,115: publishing ctrl
[rosout][INFO] 2022-05-05 15:57:30,135: publishing ctrl
[rosout][INFO] 2022-05-05 15:57:30,157: publishing ctrl
[rosout][INFO] 2022-05-05 15:57:30,176: publishing ctrl
[rosout][INFO] 2022-05-05 15:57:30,195: publishing ctrl
[rosout][INFO] 2022-05-05 15:57:30,209: /car/driveReceived a new image.
[rosout][INFO] 2022-05-05 15:57:30,214: publishing ctrl
[rosout][INFO] 2022-05-05 15:57:30,234: publishing ctrl
[rosout][INFO] 2022-05-05 15:57:30,254: publishing ctrl
[rosout][INFO] 2022-05-05 15:57:30,274: publishing ctrl
[rosout][INFO] 2022-05-05 15:57:30,297: publishing ctrl
[rosout][INFO] 2022-05-05 15:57:30,318: publishing ctrl
[rosout][INFO] 2022-05-05 15:57:30,334: publishing ctrl
[rosout][INFO] 2022-05-05 15:57:30,358: publishing ctrl
[rosout][INFO] 2022-05-05 15:57:30,379: publishing ctrl
[rosout][INFO] 2022-05-05 15:57:30,394: publishing ctrl
[rosout][INFO] 2022-05-05 15:57:30,414: publishing ctrl
[rosout][INFO] 2022-05-05 15:57:30,434: publishing ctrl
[rosout][INFO] 2022-05-05 15:57:30,448: /car/driveReceived a new image.
[rosout][INFO] 2022-05-05 15:57:30,456: publishing ctrl
[rosout][INFO] 2022-05-05 15:57:30,478: publishing ctrl
[rosout][INFO] 2022-05-05 15:57:30,498: publishing ctrl
[rosout][INFO] 2022-05-05 15:57:30,514: publishing ctrl
[rosout][INFO] 2022-05-05 15:57:30,535: publishing ctrl
[rosout][INFO] 2022-05-05 15:57:30,554: publishing ctrl
[rosout][INFO] 2022-05-05 15:57:30,574: publishing ctrl
[rosout][INFO] 2022-05-05 15:57:30,593: publishing ctrl
[rosout][INFO] 2022-05-05 15:57:30,615: publishing ctrl
[rosout][INFO] 2022-05-05 15:57:30,643: publishing ctrl
[rosout][INFO] 2022-05-05 15:57:30,687: publishing ctrl
[rosout][INFO] 2022-05-05 15:57:30,702: publishing ctrl
[rosout][INFO] 2022-05-05 15:57:30,714: /car/driveReceived a new image.
[rosout][INFO] 2022-05-05 15:57:30,726: publishing ctrl
[rosout][INFO] 2022-05-05 15:57:30,747: publishing ctrl
[rosout][INFO] 2022-05-05 15:57:30,765: publishing ctrl
[rosout][INFO] 2022-05-05 15:57:30,775: publishing ctrl
[rosout][INFO] 2022-05-05 15:57:30,796: publishing ctrl
[rosout][INFO] 2022-05-05 15:57:30,814: publishing ctrl
[rosout][INFO] 2022-05-05 15:57:30,832: publishing ctrl
[rosout][INFO] 2022-05-05 15:57:30,844: publishing ctrl
[rosout][INFO] 2022-05-05 15:57:30,857: publishing ctrl
[rosout][INFO] 2022-05-05 15:57:30,875: publishing ctrl
[rosout][INFO] 2022-05-05 15:57:30,894: publishing ctrl
[rosout][INFO] 2022-05-05 15:57:30,916: publishing ctrl
[rosout][INFO] 2022-05-05 15:57:30,954: publishing ctrl
[rosout][INFO] 2022-05-05 15:57:30,966: /car/driveReceived a new image.
[rosout][INFO] 2022-05-05 15:57:30,977: publishing ctrl
[rosout][INFO] 2022-05-05 15:57:30,991: publishing ctrl
[rosout][INFO] 2022-05-05 15:57:31,007: publishing ctrl
[rosout][INFO] 2022-05-05 15:57:31,020: publishing ctrl
[rosout][INFO] 2022-05-05 15:57:31,037: publishing ctrl
[rosout][INFO] 2022-05-05 15:57:31,055: publishing ctrl
[rosout][INFO] 2022-05-05 15:57:31,074: publishing ctrl
[rosout][INFO] 2022-05-05 15:57:31,096: publishing ctrl
[rosout][INFO] 2022-05-05 15:57:31,113: publishing ctrl
[rosout][INFO] 2022-05-05 15:57:31,135: publishing ctrl
[rosout][INFO] 2022-05-05 15:57:31,161: publishing ctrl
[rosout][INFO] 2022-05-05 15:57:31,175: publishing ctrl
[rosout][INFO] 2022-05-05 15:57:31,217: publishing ctrl
[rosout][INFO] 2022-05-05 15:57:31,230: /car/driveReceived a new image.
[rosout][INFO] 2022-05-05 15:57:31,235: publishing ctrl
[rosout][INFO] 2022-05-05 15:57:31,248: publishing ctrl
[rosout][INFO] 2022-05-05 15:57:31,263: publishing ctrl
[rosout][INFO] 2022-05-05 15:57:31,284: publishing ctrl
[rosout][INFO] 2022-05-05 15:57:31,305: publishing ctrl
[rosout][INFO] 2022-05-05 15:57:31,322: publishing ctrl
[rosout][INFO] 2022-05-05 15:57:31,342: publishing ctrl
[rosout][INFO] 2022-05-05 15:57:31,364: publishing ctrl
[rosout][INFO] 2022-05-05 15:57:31,386: publishing ctrl
[rosout][INFO] 2022-05-05 15:57:31,420: publishing ctrl
[rosout][INFO] 2022-05-05 15:57:31,441: publishing ctrl
[rosout][INFO] 2022-05-05 15:57:31,461: publishing ctrl
[rosout][INFO] 2022-05-05 15:57:31,470: /car/driveReceived a new image.
[rosout][INFO] 2022-05-05 15:57:31,474: publishing ctrl
[rosout][INFO] 2022-05-05 15:57:31,496: publishing ctrl
[rosout][INFO] 2022-05-05 15:57:31,510: publishing ctrl
[rosout][INFO] 2022-05-05 15:57:31,523: publishing ctrl
[rosout][INFO] 2022-05-05 15:57:31,539: publishing ctrl
[rosout][INFO] 2022-05-05 15:57:31,557: publishing ctrl
[rosout][INFO] 2022-05-05 15:57:31,577: publishing ctrl
[rosout][INFO] 2022-05-05 15:57:31,594: publishing ctrl
[rosout][INFO] 2022-05-05 15:57:31,614: publishing ctrl
[rosout][INFO] 2022-05-05 15:57:31,634: publishing ctrl
[rosout][INFO] 2022-05-05 15:57:31,658: publishing ctrl
[rosout][INFO] 2022-05-05 15:57:31,695: publishing ctrl
[rosout][INFO] 2022-05-05 15:57:31,713: publishing ctrl
[rosout][INFO] 2022-05-05 15:57:31,723: publishing ctrl
[rosout][INFO] 2022-05-05 15:57:31,728: /car/driveReceived a new image.
[rosout][INFO] 2022-05-05 15:57:31,742: publishing ctrl
[rosout][INFO] 2022-05-05 15:57:31,773: publishing ctrl
[rosout][INFO] 2022-05-05 15:57:31,797: publishing ctrl
[rosout][INFO] 2022-05-05 15:57:31,826: publishing ctrl
[rosout][INFO] 2022-05-05 15:57:31,837: publishing ctrl
[rosout][INFO] 2022-05-05 15:57:31,845: publishing ctrl
[rosout][INFO] 2022-05-05 15:57:31,853: publishing ctrl
[rosout][INFO] 2022-05-05 15:57:31,874: publishing ctrl
[rosout][INFO] 2022-05-05 15:57:31,894: publishing ctrl
[rosout][INFO] 2022-05-05 15:57:31,914: publishing ctrl
[rosout][INFO] 2022-05-05 15:57:31,934: publishing ctrl
[rosout][INFO] 2022-05-05 15:57:31,961: publishing ctrl
[rosout][INFO] 2022-05-05 15:57:31,979: publishing ctrl
[rosout][INFO] 2022-05-05 15:57:31,985: /car/driveReceived a new image.
[rosout][INFO] 2022-05-05 15:57:31,994: publishing ctrl
[rosout][INFO] 2022-05-05 15:57:32,023: publishing ctrl
[rosout][INFO] 2022-05-05 15:57:32,047: publishing ctrl
[rosout][INFO] 2022-05-05 15:57:32,080: publishing ctrl
[rosout][INFO] 2022-05-05 15:57:32,094: publishing ctrl
[rosout][INFO] 2022-05-05 15:57:32,103: publishing ctrl
[rosout][INFO] 2022-05-05 15:57:32,120: publishing ctrl
[rosout][INFO] 2022-05-05 15:57:32,135: publishing ctrl
[rosout][INFO] 2022-05-05 15:57:32,169: publishing ctrl
[rosout][INFO] 2022-05-05 15:57:32,177: publishing ctrl
[rosout][INFO] 2022-05-05 15:57:32,233: /car/driveReceived a new image.
[rosout][INFO] 2022-05-05 15:57:32,238: publishing ctrl
[rosout][INFO] 2022-05-05 15:57:32,263: publishing ctrl
[rosout][INFO] 2022-05-05 15:57:32,298: publishing ctrl
[rosout][INFO] 2022-05-05 15:57:32,305: publishing ctrl
[rosout][INFO] 2022-05-05 15:57:32,329: publishing ctrl
[rosout][INFO] 2022-05-05 15:57:32,343: publishing ctrl
[rosout][INFO] 2022-05-05 15:57:32,366: publishing ctrl
[rosout][INFO] 2022-05-05 15:57:32,399: publishing ctrl
[rosout][INFO] 2022-05-05 15:57:32,462: publishing ctrl
[rosout][INFO] 2022-05-05 15:57:32,486: /car/driveReceived a new image.
[rosout][INFO] 2022-05-05 15:57:32,488: publishing ctrl
[rosout][INFO] 2022-05-05 15:57:32,515: publishing ctrl
[rosout][INFO] 2022-05-05 15:57:32,527: publishing ctrl
[rosout][INFO] 2022-05-05 15:57:32,558: publishing ctrl
[rosout][INFO] 2022-05-05 15:57:32,576: publishing ctrl
[rosout][INFO] 2022-05-05 15:57:32,597: publishing ctrl
[rosout][INFO] 2022-05-05 15:57:32,616: publishing ctrl
[rosout][INFO] 2022-05-05 15:57:32,629: publishing ctrl
[rosout][INFO] 2022-05-05 15:57:32,643: publishing ctrl
[rosout][INFO] 2022-05-05 15:57:32,663: publishing ctrl
[rosout][INFO] 2022-05-05 15:57:32,681: publishing ctrl
[rosout][INFO] 2022-05-05 15:57:32,702: publishing ctrl
[rosout][INFO] 2022-05-05 15:57:32,730: publishing ctrl
[rosout][INFO] 2022-05-05 15:57:32,728: /car/driveReceived a new image.
[rosout][INFO] 2022-05-05 15:57:32,748: publishing ctrl
[rosout][INFO] 2022-05-05 15:57:32,768: publishing ctrl
[rosout][INFO] 2022-05-05 15:57:32,781: publishing ctrl
[rosout][INFO] 2022-05-05 15:57:32,805: publishing ctrl
[rosout][INFO] 2022-05-05 15:57:32,829: publishing ctrl
[rosout][INFO] 2022-05-05 15:57:32,841: publishing ctrl
[rosout][INFO] 2022-05-05 15:57:32,862: publishing ctrl
[rosout][INFO] 2022-05-05 15:57:32,889: publishing ctrl
[rosout][INFO] 2022-05-05 15:57:32,912: publishing ctrl
[rosout][INFO] 2022-05-05 15:57:32,935: publishing ctrl
[rosout][INFO] 2022-05-05 15:57:32,956: publishing ctrl
[rosout][INFO] 2022-05-05 15:57:32,973: /car/driveReceived a new image.
[rosout][INFO] 2022-05-05 15:57:32,980: publishing ctrl
[rosout][INFO] 2022-05-05 15:57:33,002: publishing ctrl
[rosout][INFO] 2022-05-05 15:57:33,036: publishing ctrl
[rosout][INFO] 2022-05-05 15:57:33,053: publishing ctrl
[rosout][INFO] 2022-05-05 15:57:33,096: publishing ctrl
[rosout][INFO] 2022-05-05 15:57:33,120: publishing ctrl
[rosout][INFO] 2022-05-05 15:57:33,142: publishing ctrl
[rosout][INFO] 2022-05-05 15:57:33,175: publishing ctrl
[rosout][INFO] 2022-05-05 15:57:33,201: /car/driveReceived a new image.
[rosout][INFO] 2022-05-05 15:57:33,219: publishing ctrl
[rosout][INFO] 2022-05-05 15:57:33,240: publishing ctrl
[rosout][INFO] 2022-05-05 15:57:33,260: publishing ctrl
[rosout][INFO] 2022-05-05 15:57:33,280: publishing ctrl
[rosout][INFO] 2022-05-05 15:57:33,300: publishing ctrl
[rosout][INFO] 2022-05-05 15:57:33,319: publishing ctrl
[rosout][INFO] 2022-05-05 15:57:33,347: publishing ctrl
[rosout][INFO] 2022-05-05 15:57:33,362: publishing ctrl
[rosout][INFO] 2022-05-05 15:57:33,380: publishing ctrl
[rosout][INFO] 2022-05-05 15:57:33,409: publishing ctrl
[rosout][INFO] 2022-05-05 15:57:33,439: publishing ctrl
[rosout][INFO] 2022-05-05 15:57:33,452: publishing ctrl
[rosout][INFO] 2022-05-05 15:57:33,456: /car/driveReceived a new image.
[rosout][INFO] 2022-05-05 15:57:33,467: publishing ctrl
[rosout][INFO] 2022-05-05 15:57:33,498: publishing ctrl
[rosout][INFO] 2022-05-05 15:57:33,512: publishing ctrl
[rosout][INFO] 2022-05-05 15:57:33,540: publishing ctrl
[rosout][INFO] 2022-05-05 15:57:33,550: publishing ctrl
[rosout][INFO] 2022-05-05 15:57:33,567: publishing ctrl
[rosout][INFO] 2022-05-05 15:57:33,580: publishing ctrl
[rosout][INFO] 2022-05-05 15:57:33,607: publishing ctrl
[rosout][INFO] 2022-05-05 15:57:33,623: publishing ctrl
[rosout][INFO] 2022-05-05 15:57:33,642: publishing ctrl
[rosout][INFO] 2022-05-05 15:57:33,674: publishing ctrl
[rosout][INFO] 2022-05-05 15:57:33,692: publishing ctrl
[rosout][INFO] 2022-05-05 15:57:33,703: publishing ctrl
[rosout][INFO] 2022-05-05 15:57:33,713: /car/driveReceived a new image.
[rosout][INFO] 2022-05-05 15:57:33,720: publishing ctrl
[rosout][INFO] 2022-05-05 15:57:33,741: publishing ctrl
[rosout][INFO] 2022-05-05 15:57:33,762: publishing ctrl
[rosout][INFO] 2022-05-05 15:57:33,780: publishing ctrl
[rosout][INFO] 2022-05-05 15:57:33,802: publishing ctrl
[rosout][INFO] 2022-05-05 15:57:33,823: publishing ctrl
[rosout][INFO] 2022-05-05 15:57:33,843: publishing ctrl
[rosout][INFO] 2022-05-05 15:57:33,866: publishing ctrl
[rosout][INFO] 2022-05-05 15:57:33,887: publishing ctrl
[rosout][INFO] 2022-05-05 15:57:33,910: publishing ctrl
[rosout][INFO] 2022-05-05 15:57:33,930: publishing ctrl
[rosout][INFO] 2022-05-05 15:57:33,953: publishing ctrl
[rosout][INFO] 2022-05-05 15:57:33,969: /car/driveReceived a new image.
[rosout][INFO] 2022-05-05 15:57:33,970: publishing ctrl
[rosout][INFO] 2022-05-05 15:57:33,998: publishing ctrl
[rosout][INFO] 2022-05-05 15:57:34,021: publishing ctrl
[rosout][INFO] 2022-05-05 15:57:34,032: publishing ctrl
[rosout][INFO] 2022-05-05 15:57:34,063: publishing ctrl
[rosout][INFO] 2022-05-05 15:57:34,088: publishing ctrl
[rosout][INFO] 2022-05-05 15:57:34,107: publishing ctrl
[rosout][INFO] 2022-05-05 15:57:34,125: publishing ctrl
[rosout][INFO] 2022-05-05 15:57:34,135: publishing ctrl
[rosout][INFO] 2022-05-05 15:57:34,153: publishing ctrl
[rosout][INFO] 2022-05-05 15:57:34,189: publishing ctrl
[rosout][INFO] 2022-05-05 15:57:34,208: /car/driveReceived a new image.
[rosout][INFO] 2022-05-05 15:57:34,219: publishing ctrl
[rosout][INFO] 2022-05-05 15:57:34,243: publishing ctrl
[rosout][INFO] 2022-05-05 15:57:34,270: publishing ctrl
[rosout][INFO] 2022-05-05 15:57:34,299: publishing ctrl
[rosout][INFO] 2022-05-05 15:57:34,314: publishing ctrl
[rosout][INFO] 2022-05-05 15:57:34,328: publishing ctrl
[rosout][INFO] 2022-05-05 15:57:34,344: publishing ctrl
[rosout][INFO] 2022-05-05 15:57:34,366: publishing ctrl
[rosout][INFO] 2022-05-05 15:57:34,383: publishing ctrl
[rosout][INFO] 2022-05-05 15:57:34,416: publishing ctrl
[rosout][INFO] 2022-05-05 15:57:34,428: publishing ctrl
[rosout][INFO] 2022-05-05 15:57:34,444: publishing ctrl
[rosout][INFO] 2022-05-05 15:57:34,448: /car/driveReceived a new image.
[rosout][INFO] 2022-05-05 15:57:34,463: publishing ctrl
[rosout][INFO] 2022-05-05 15:57:34,488: publishing ctrl
[rosout][INFO] 2022-05-05 15:57:34,504: publishing ctrl
[rosout][INFO] 2022-05-05 15:57:34,525: publishing ctrl
[rosout][INFO] 2022-05-05 15:57:34,545: publishing ctrl
[rosout][INFO] 2022-05-05 15:57:34,563: publishing ctrl
[rosout][INFO] 2022-05-05 15:57:34,588: publishing ctrl
[rosout][INFO] 2022-05-05 15:57:34,628: publishing ctrl
[rosout][INFO] 2022-05-05 15:57:34,648: publishing ctrl
[rosout][INFO] 2022-05-05 15:57:34,667: publishing ctrl
[rosout][INFO] 2022-05-05 15:57:34,678: /car/driveReceived a new image.
[rosout][INFO] 2022-05-05 15:57:34,683: publishing ctrl
[rosout][INFO] 2022-05-05 15:57:34,703: publishing ctrl
[rosout][INFO] 2022-05-05 15:57:34,719: publishing ctrl
[rosout][INFO] 2022-05-05 15:57:34,736: publishing ctrl
[rosout][INFO] 2022-05-05 15:57:34,751: publishing ctrl
[rosout][INFO] 2022-05-05 15:57:34,776: publishing ctrl
[rosout][INFO] 2022-05-05 15:57:34,815: publishing ctrl
[rosout][INFO] 2022-05-05 15:57:34,830: publishing ctrl
[rosout][INFO] 2022-05-05 15:57:34,845: publishing ctrl
[rosout][INFO] 2022-05-05 15:57:34,868: publishing ctrl
[rosout][INFO] 2022-05-05 15:57:34,879: publishing ctrl
[rosout][INFO] 2022-05-05 15:57:34,895: publishing ctrl
[rosout][INFO] 2022-05-05 15:57:34,917: publishing ctrl
[rosout][INFO] 2022-05-05 15:57:34,940: /car/driveReceived a new image.
[rosout][INFO] 2022-05-05 15:57:34,949: publishing ctrl
[rosout][INFO] 2022-05-05 15:57:34,972: publishing ctrl
[rosout][INFO] 2022-05-05 15:57:34,984: publishing ctrl
[rosout][INFO] 2022-05-05 15:57:34,993: publishing ctrl
[rosout][INFO] 2022-05-05 15:57:35,015: publishing ctrl
[rosout][INFO] 2022-05-05 15:57:35,035: publishing ctrl
[rosout][INFO] 2022-05-05 15:57:35,047: publishing ctrl
[rosout][INFO] 2022-05-05 15:57:35,064: publishing ctrl
[rosout][INFO] 2022-05-05 15:57:35,089: publishing ctrl
[rosout][INFO] 2022-05-05 15:57:35,107: publishing ctrl
[rosout][INFO] 2022-05-05 15:57:35,125: publishing ctrl
[rosout][INFO] 2022-05-05 15:57:35,155: publishing ctrl
[rosout][INFO] 2022-05-05 15:57:35,178: /car/driveReceived a new image.
[rosout][INFO] 2022-05-05 15:57:35,183: publishing ctrl
[rosout][INFO] 2022-05-05 15:57:35,223: publishing ctrl
[rosout][INFO] 2022-05-05 15:57:35,241: publishing ctrl
[rosout][INFO] 2022-05-05 15:57:35,256: publishing ctrl
[rosout][INFO] 2022-05-05 15:57:35,282: publishing ctrl
[rosout][INFO] 2022-05-05 15:57:35,303: publishing ctrl
[rosout][INFO] 2022-05-05 15:57:35,313: publishing ctrl
[rosout][INFO] 2022-05-05 15:57:35,335: publishing ctrl
[rosout][INFO] 2022-05-05 15:57:35,351: publishing ctrl
[rosout][INFO] 2022-05-05 15:57:35,366: publishing ctrl
[rosout][INFO] 2022-05-05 15:57:35,373: publishing ctrl
[rosout][INFO] 2022-05-05 15:57:35,384: publishing ctrl
[rosout][INFO] 2022-05-05 15:57:35,404: publishing ctrl
[rosout][INFO] 2022-05-05 15:57:35,419: /car/driveReceived a new image.
[rosout][INFO] 2022-05-05 15:57:35,427: publishing ctrl
[rosout][INFO] 2022-05-05 15:57:35,444: publishing ctrl
[rosout][INFO] 2022-05-05 15:57:35,474: publishing ctrl
[rosout][INFO] 2022-05-05 15:57:35,496: publishing ctrl
[rosout][INFO] 2022-05-05 15:57:35,504: publishing ctrl
[rosout][INFO] 2022-05-05 15:57:35,529: publishing ctrl
[rosout][INFO] 2022-05-05 15:57:35,544: publishing ctrl
[rosout][INFO] 2022-05-05 15:57:35,563: publishing ctrl
[rosout][INFO] 2022-05-05 15:57:35,592: publishing ctrl
[rosout][INFO] 2022-05-05 15:57:35,603: publishing ctrl
[rosout][INFO] 2022-05-05 15:57:35,631: publishing ctrl
[rosout][INFO] 2022-05-05 15:57:35,645: publishing ctrl
[rosout][INFO] 2022-05-05 15:57:35,655: /car/driveReceived a new image.
[rosout][INFO] 2022-05-05 15:57:35,663: publishing ctrl
[rosout][INFO] 2022-05-05 15:57:35,684: publishing ctrl
[rosout][INFO] 2022-05-05 15:57:35,704: publishing ctrl
[rosout][INFO] 2022-05-05 15:57:35,726: publishing ctrl
[rosout][INFO] 2022-05-05 15:57:35,754: publishing ctrl
[rosout][INFO] 2022-05-05 15:57:35,766: publishing ctrl
[rosout][INFO] 2022-05-05 15:57:35,785: publishing ctrl
[rosout][INFO] 2022-05-05 15:57:35,804: publishing ctrl
[rosout][INFO] 2022-05-05 15:57:35,852: publishing ctrl
[rosout][INFO] 2022-05-05 15:57:35,876: publishing ctrl
[rosout][INFO] 2022-05-05 15:57:35,893: /car/driveReceived a new image.
[rosout][INFO] 2022-05-05 15:57:35,901: publishing ctrl
[rosout][INFO] 2022-05-05 15:57:35,915: publishing ctrl
[rosout][INFO] 2022-05-05 15:57:35,934: publishing ctrl
[rosout][INFO] 2022-05-05 15:57:35,947: publishing ctrl
[rosout][INFO] 2022-05-05 15:57:35,966: publishing ctrl
[rosout][INFO] 2022-05-05 15:57:35,977: publishing ctrl
[rosout][INFO] 2022-05-05 15:57:35,989: publishing ctrl
[rosout][INFO] 2022-05-05 15:57:36,017: publishing ctrl
[rosout][INFO] 2022-05-05 15:57:36,034: publishing ctrl
[rosout][INFO] 2022-05-05 15:57:36,048: publishing ctrl
[rosout][INFO] 2022-05-05 15:57:36,101: publishing ctrl
[rosout][INFO] 2022-05-05 15:57:36,118: publishing ctrl
[rosout][INFO] 2022-05-05 15:57:36,134: /car/driveReceived a new image.
[rosout][INFO] 2022-05-05 15:57:36,148: publishing ctrl
[rosout][INFO] 2022-05-05 15:57:36,168: publishing ctrl
[rosout][INFO] 2022-05-05 15:57:36,188: publishing ctrl
[rosout][INFO] 2022-05-05 15:57:36,208: publishing ctrl
[rosout][INFO] 2022-05-05 15:57:36,228: publishing ctrl
[rosout][INFO] 2022-05-05 15:57:36,252: publishing ctrl
[rosout][INFO] 2022-05-05 15:57:36,267: publishing ctrl
[rosout][INFO] 2022-05-05 15:57:36,288: publishing ctrl
[rosout][INFO] 2022-05-05 15:57:36,311: publishing ctrl
[rosout][INFO] 2022-05-05 15:57:36,386: /car/driveReceived a new image.
[rosout][INFO] 2022-05-05 15:57:36,389: publishing ctrl
[rosout][INFO] 2022-05-05 15:57:36,405: publishing ctrl
[rosout][INFO] 2022-05-05 15:57:36,426: publishing ctrl
[rosout][INFO] 2022-05-05 15:57:36,445: publishing ctrl
[rosout][INFO] 2022-05-05 15:57:36,462: publishing ctrl
[rosout][INFO] 2022-05-05 15:57:36,487: publishing ctrl
[rosout][INFO] 2022-05-05 15:57:36,498: publishing ctrl
[rosout][INFO] 2022-05-05 15:57:36,520: publishing ctrl
[rosout][INFO] 2022-05-05 15:57:36,532: publishing ctrl
[rosout][INFO] 2022-05-05 15:57:36,560: publishing ctrl
[rosout][INFO] 2022-05-05 15:57:36,577: publishing ctrl
[rosout][INFO] 2022-05-05 15:57:36,627: /car/driveReceived a new image.
[rosout][INFO] 2022-05-05 15:57:36,629: publishing ctrl
[rosout][INFO] 2022-05-05 15:57:36,648: publishing ctrl
[rosout][INFO] 2022-05-05 15:57:36,676: publishing ctrl
[rosout][INFO] 2022-05-05 15:57:36,696: publishing ctrl
[rosout][INFO] 2022-05-05 15:57:36,710: publishing ctrl
[rosout][INFO] 2022-05-05 15:57:36,730: publishing ctrl
[rosout][INFO] 2022-05-05 15:57:36,763: publishing ctrl
[rosout][INFO] 2022-05-05 15:57:36,774: publishing ctrl
[rosout][INFO] 2022-05-05 15:57:36,804: publishing ctrl
[rosout][INFO] 2022-05-05 15:57:36,813: publishing ctrl
[rosout][INFO] 2022-05-05 15:57:36,830: publishing ctrl
[rosout][INFO] 2022-05-05 15:57:36,860: publishing ctrl
[rosout][INFO] 2022-05-05 15:57:36,871: publishing ctrl
[rosout][INFO] 2022-05-05 15:57:36,893: /car/driveReceived a new image.
[rosout][INFO] 2022-05-05 15:57:36,897: publishing ctrl
[rosout][INFO] 2022-05-05 15:57:36,919: publishing ctrl
[rosout][INFO] 2022-05-05 15:57:36,942: publishing ctrl
[rosout][INFO] 2022-05-05 15:57:36,963: publishing ctrl
[rosout][INFO] 2022-05-05 15:57:36,971: publishing ctrl
[rosout][INFO] 2022-05-05 15:57:36,994: publishing ctrl
[rosout][INFO] 2022-05-05 15:57:37,017: publishing ctrl
[rosout][INFO] 2022-05-05 15:57:37,034: publishing ctrl
[rosout][INFO] 2022-05-05 15:57:37,049: publishing ctrl
[rosout][INFO] 2022-05-05 15:57:37,085: publishing ctrl
[rosout][INFO] 2022-05-05 15:57:37,102: publishing ctrl
[rosout][INFO] 2022-05-05 15:57:37,145: publishing ctrl
[rosout][INFO] 2022-05-05 15:57:37,167: /car/driveReceived a new image.
[rosout][INFO] 2022-05-05 15:57:37,171: publishing ctrl
[rosout][INFO] 2022-05-05 15:57:37,200: publishing ctrl
[rosout][INFO] 2022-05-05 15:57:37,225: publishing ctrl
[rosout][INFO] 2022-05-05 15:57:37,233: publishing ctrl
[rosout][INFO] 2022-05-05 15:57:37,252: publishing ctrl
[rosout][INFO] 2022-05-05 15:57:37,271: publishing ctrl
[rosout][INFO] 2022-05-05 15:57:37,291: publishing ctrl
[rosout][INFO] 2022-05-05 15:57:37,314: publishing ctrl
[rosout][INFO] 2022-05-05 15:57:37,354: publishing ctrl
[rosout][INFO] 2022-05-05 15:57:37,368: publishing ctrl
[rosout][INFO] 2022-05-05 15:57:37,384: publishing ctrl
[rosout][INFO] 2022-05-05 15:57:37,414: publishing ctrl
[rosout][INFO] 2022-05-05 15:57:37,426: /car/driveReceived a new image.
[rosout][INFO] 2022-05-05 15:57:37,437: publishing ctrl
[rosout][INFO] 2022-05-05 15:57:37,454: publishing ctrl
[rosout][INFO] 2022-05-05 15:57:37,497: publishing ctrl
[rosout][INFO] 2022-05-05 15:57:37,516: publishing ctrl
[rosout][INFO] 2022-05-05 15:57:37,536: publishing ctrl
[rosout][INFO] 2022-05-05 15:57:37,555: publishing ctrl
[rosout][INFO] 2022-05-05 15:57:37,576: publishing ctrl
[rosout][INFO] 2022-05-05 15:57:37,598: publishing ctrl
[rosout][INFO] 2022-05-05 15:57:37,617: publishing ctrl
[rosout][INFO] 2022-05-05 15:57:37,636: publishing ctrl
[rosout][INFO] 2022-05-05 15:57:37,656: publishing ctrl
[rosout][INFO] 2022-05-05 15:57:37,671: /car/driveReceived a new image.
[rosout][INFO] 2022-05-05 15:57:37,690: publishing ctrl
[rosout][INFO] 2022-05-05 15:57:37,714: publishing ctrl
[rosout][INFO] 2022-05-05 15:57:37,737: publishing ctrl
[rosout][INFO] 2022-05-05 15:57:37,748: publishing ctrl
[rosout][INFO] 2022-05-05 15:57:37,757: publishing ctrl
[rosout][INFO] 2022-05-05 15:57:37,778: publishing ctrl
[rosout][INFO] 2022-05-05 15:57:37,799: publishing ctrl
[rosout][INFO] 2022-05-05 15:57:37,816: publishing ctrl
[rosout][INFO] 2022-05-05 15:57:37,836: publishing ctrl
[rosout][INFO] 2022-05-05 15:57:37,863: publishing ctrl
[rosout][INFO] 2022-05-05 15:57:37,893: publishing ctrl
[rosout][INFO] 2022-05-05 15:57:37,932: publishing ctrl
[rosout][INFO] 2022-05-05 15:57:37,949: publishing ctrl
[rosout][INFO] 2022-05-05 15:57:37,954: /car/driveReceived a new image.
[rosout][INFO] 2022-05-05 15:57:37,962: publishing ctrl
[rosout][INFO] 2022-05-05 15:57:37,981: publishing ctrl
[rosout][INFO] 2022-05-05 15:57:38,003: publishing ctrl
[rosout][INFO] 2022-05-05 15:57:38,017: publishing ctrl
[rosout][INFO] 2022-05-05 15:57:38,035: publishing ctrl
[rosout][INFO] 2022-05-05 15:57:38,053: publishing ctrl
[rosout][INFO] 2022-05-05 15:57:38,081: publishing ctrl
[rosout][INFO] 2022-05-05 15:57:38,096: publishing ctrl
[rosout][INFO] 2022-05-05 15:57:38,104: publishing ctrl
[rosout][INFO] 2022-05-05 15:57:38,121: publishing ctrl
[rosout][INFO] 2022-05-05 15:57:38,137: publishing ctrl
[rosout][INFO] 2022-05-05 15:57:38,156: publishing ctrl
[rosout][INFO] 2022-05-05 15:57:38,176: publishing ctrl
[rosout][INFO] 2022-05-05 15:57:38,202: /car/driveReceived a new image.
[rosout][INFO] 2022-05-05 15:57:38,215: publishing ctrl
[rosout][INFO] 2022-05-05 15:57:38,232: publishing ctrl
[rosout][INFO] 2022-05-05 15:57:38,248: publishing ctrl
[rosout][INFO] 2022-05-05 15:57:38,273: publishing ctrl
[rosout][INFO] 2022-05-05 15:57:38,289: publishing ctrl
[rosout][INFO] 2022-05-05 15:57:38,303: publishing ctrl
[rosout][INFO] 2022-05-05 15:57:38,315: publishing ctrl
[rosout][INFO] 2022-05-05 15:57:38,336: publishing ctrl
[rosout][INFO] 2022-05-05 15:57:38,356: publishing ctrl
[rosout][INFO] 2022-05-05 15:57:38,381: publishing ctrl
[rosout][INFO] 2022-05-05 15:57:38,416: publishing ctrl
[rosout][INFO] 2022-05-05 15:57:38,434: /car/driveReceived a new image.
[rosout][INFO] 2022-05-05 15:57:38,434: publishing ctrl
[rosout][INFO] 2022-05-05 15:57:38,456: publishing ctrl
[rosout][INFO] 2022-05-05 15:57:38,494: publishing ctrl
[rosout][INFO] 2022-05-05 15:57:38,514: publishing ctrl
[rosout][INFO] 2022-05-05 15:57:38,531: publishing ctrl
[rosout][INFO] 2022-05-05 15:57:38,563: publishing ctrl
[rosout][INFO] 2022-05-05 15:57:38,589: publishing ctrl
[rosout][INFO] 2022-05-05 15:57:38,606: publishing ctrl
[rosout][INFO] 2022-05-05 15:57:38,624: publishing ctrl
[rosout][INFO] 2022-05-05 15:57:38,638: publishing ctrl
[rosout][INFO] 2022-05-05 15:57:38,658: publishing ctrl
[rosout][INFO] 2022-05-05 15:57:38,683: /car/driveReceived a new image.
[rosout][INFO] 2022-05-05 15:57:38,685: publishing ctrl
[rosout][INFO] 2022-05-05 15:57:38,698: publishing ctrl
[rosout][INFO] 2022-05-05 15:57:38,719: publishing ctrl
[rosout][INFO] 2022-05-05 15:57:38,749: publishing ctrl
[rosout][INFO] 2022-05-05 15:57:38,767: publishing ctrl
[rosout][INFO] 2022-05-05 15:57:38,787: publishing ctrl
[rosout][INFO] 2022-05-05 15:57:38,799: publishing ctrl
[rosout][INFO] 2022-05-05 15:57:38,820: publishing ctrl
[rosout][INFO] 2022-05-05 15:57:38,842: publishing ctrl
[rosout][INFO] 2022-05-05 15:57:38,877: publishing ctrl
[rosout][INFO] 2022-05-05 15:57:38,909: /car/driveReceived a new image.
[rosout][INFO] 2022-05-05 15:57:38,914: publishing ctrl
[rosout][INFO] 2022-05-05 15:57:38,931: publishing ctrl
[rosout][INFO] 2022-05-05 15:57:38,961: publishing ctrl
[rosout][INFO] 2022-05-05 15:57:38,980: publishing ctrl
[rosout][INFO] 2022-05-05 15:57:39,000: publishing ctrl
[rosout][INFO] 2022-05-05 15:57:39,020: publishing ctrl
[rosout][INFO] 2022-05-05 15:57:39,040: publishing ctrl
[rosout][INFO] 2022-05-05 15:57:39,072: publishing ctrl
[rosout][INFO] 2022-05-05 15:57:39,090: publishing ctrl
[rosout][INFO] 2022-05-05 15:57:39,111: publishing ctrl
[rosout][INFO] 2022-05-05 15:57:39,130: publishing ctrl
[rosout][INFO] 2022-05-05 15:57:39,148: /car/driveReceived a new image.
[rosout][INFO] 2022-05-05 15:57:39,152: publishing ctrl
[rosout][INFO] 2022-05-05 15:57:39,175: publishing ctrl
[rosout][INFO] 2022-05-05 15:57:39,198: publishing ctrl
[rosout][INFO] 2022-05-05 15:57:39,218: publishing ctrl
[rosout][INFO] 2022-05-05 15:57:39,235: publishing ctrl
[rosout][INFO] 2022-05-05 15:57:39,242: publishing ctrl
[rosout][INFO] 2022-05-05 15:57:39,260: publishing ctrl
[rosout][INFO] 2022-05-05 15:57:39,288: publishing ctrl
[rosout][INFO] 2022-05-05 15:57:39,302: publishing ctrl
[rosout][INFO] 2022-05-05 15:57:39,321: publishing ctrl
[rosout][INFO] 2022-05-05 15:57:39,339: publishing ctrl
[rosout][INFO] 2022-05-05 15:57:39,364: publishing ctrl
[rosout][INFO] 2022-05-05 15:57:39,381: /car/driveReceived a new image.
[rosout][INFO] 2022-05-05 15:57:39,394: publishing ctrl
[rosout][INFO] 2022-05-05 15:57:39,417: publishing ctrl
[rosout][INFO] 2022-05-05 15:57:39,431: publishing ctrl
[rosout][INFO] 2022-05-05 15:57:39,440: publishing ctrl
[rosout][INFO] 2022-05-05 15:57:39,461: publishing ctrl
[rosout][INFO] 2022-05-05 15:57:39,480: publishing ctrl
[rosout][INFO] 2022-05-05 15:57:39,499: publishing ctrl
[rosout][INFO] 2022-05-05 15:57:39,521: publishing ctrl
[rosout][INFO] 2022-05-05 15:57:39,540: publishing ctrl
[rosout][INFO] 2022-05-05 15:57:39,560: publishing ctrl
[rosout][INFO] 2022-05-05 15:57:39,580: publishing ctrl
[rosout][INFO] 2022-05-05 15:57:39,627: publishing ctrl
[rosout][INFO] 2022-05-05 15:57:39,643: /car/driveReceived a new image.
[rosout][INFO] 2022-05-05 15:57:39,657: publishing ctrl
[rosout][INFO] 2022-05-05 15:57:39,686: publishing ctrl
[rosout][INFO] 2022-05-05 15:57:39,706: publishing ctrl
[rosout][INFO] 2022-05-05 15:57:39,730: publishing ctrl
[rosout][INFO] 2022-05-05 15:57:39,758: publishing ctrl
[rosout][INFO] 2022-05-05 15:57:39,775: publishing ctrl
[rosout][INFO] 2022-05-05 15:57:39,787: publishing ctrl
[rosout][INFO] 2022-05-05 15:57:39,811: publishing ctrl
[rosout][INFO] 2022-05-05 15:57:39,826: publishing ctrl
[rosout][INFO] 2022-05-05 15:57:39,846: publishing ctrl
[rosout][INFO] 2022-05-05 15:57:39,868: publishing ctrl
[rosout][INFO] 2022-05-05 15:57:39,882: /car/driveReceived a new image.
[rosout][INFO] 2022-05-05 15:57:39,889: publishing ctrl
[rosout][INFO] 2022-05-05 15:57:39,916: publishing ctrl
[rosout][INFO] 2022-05-05 15:57:39,932: publishing ctrl
[rosout][INFO] 2022-05-05 15:57:39,954: publishing ctrl
[rosout][INFO] 2022-05-05 15:57:39,967: publishing ctrl
[rosout][INFO] 2022-05-05 15:57:39,987: publishing ctrl
[rosout][INFO] 2022-05-05 15:57:40,012: publishing ctrl
[rosout][INFO] 2022-05-05 15:57:40,028: publishing ctrl
[rosout][INFO] 2022-05-05 15:57:40,050: publishing ctrl
[rosout][INFO] 2022-05-05 15:57:40,069: publishing ctrl
[rosout][INFO] 2022-05-05 15:57:40,086: publishing ctrl
[rosout][INFO] 2022-05-05 15:57:40,106: /car/driveReceived a new image.
[rosout][INFO] 2022-05-05 15:57:40,109: publishing ctrl
[rosout][INFO] 2022-05-05 15:57:40,143: publishing ctrl
[rosout][INFO] 2022-05-05 15:57:40,176: publishing ctrl
[rosout][INFO] 2022-05-05 15:57:40,197: publishing ctrl
[rosout][INFO] 2022-05-05 15:57:40,213: publishing ctrl
[rosout][INFO] 2022-05-05 15:57:40,232: publishing ctrl
[rosout][INFO] 2022-05-05 15:57:40,252: publishing ctrl
[rosout][INFO] 2022-05-05 15:57:40,272: publishing ctrl
[rosout][INFO] 2022-05-05 15:57:40,279: publishing ctrl
[rosout][INFO] 2022-05-05 15:57:40,290: publishing ctrl
[rosout][INFO] 2022-05-05 15:57:40,306: publishing ctrl
[rosout][INFO] 2022-05-05 15:57:40,328: publishing ctrl
[rosout][INFO] 2022-05-05 15:57:40,352: publishing ctrl
[rosout][INFO] 2022-05-05 15:57:40,368: publishing ctrl
[rosout][INFO] 2022-05-05 15:57:40,384: /car/driveReceived a new image.
[rosout][INFO] 2022-05-05 15:57:40,390: publishing ctrl
[rosout][INFO] 2022-05-05 15:57:40,422: publishing ctrl
[rosout][INFO] 2022-05-05 15:57:40,446: publishing ctrl
[rosout][INFO] 2022-05-05 15:57:40,463: publishing ctrl
[rosout][INFO] 2022-05-05 15:57:40,483: publishing ctrl
[rosout][INFO] 2022-05-05 15:57:40,497: publishing ctrl
[rosout][INFO] 2022-05-05 15:57:40,517: publishing ctrl
[rosout][INFO] 2022-05-05 15:57:40,531: publishing ctrl
[rosout][INFO] 2022-05-05 15:57:40,551: publishing ctrl
[rosout][INFO] 2022-05-05 15:57:40,568: publishing ctrl
[rosout][INFO] 2022-05-05 15:57:40,601: publishing ctrl
[rosout][INFO] 2022-05-05 15:57:40,616: /car/driveReceived a new image.
[rosout][INFO] 2022-05-05 15:57:40,625: publishing ctrl
[rosout][INFO] 2022-05-05 15:57:40,647: publishing ctrl
[rosout][INFO] 2022-05-05 15:57:40,663: publishing ctrl
[rosout][INFO] 2022-05-05 15:57:40,686: publishing ctrl
[rosout][INFO] 2022-05-05 15:57:40,701: publishing ctrl
[rosout][INFO] 2022-05-05 15:57:40,709: publishing ctrl
[rosout][INFO] 2022-05-05 15:57:40,728: publishing ctrl
[rosout][INFO] 2022-05-05 15:57:40,746: publishing ctrl
[rosout][INFO] 2022-05-05 15:57:40,767: publishing ctrl
[rosout][INFO] 2022-05-05 15:57:40,786: publishing ctrl
[rosout][INFO] 2022-05-05 15:57:40,837: publishing ctrl
[rosout][INFO] 2022-05-05 15:57:40,863: publishing ctrl
[rosout][INFO] 2022-05-05 15:57:40,883: /car/driveReceived a new image.
[rosout][INFO] 2022-05-05 15:57:40,889: publishing ctrl
[rosout][INFO] 2022-05-05 15:57:40,912: publishing ctrl
[rosout][INFO] 2022-05-05 15:57:40,930: publishing ctrl
[rosout][INFO] 2022-05-05 15:57:40,948: publishing ctrl
[rosout][INFO] 2022-05-05 15:57:40,968: publishing ctrl
[rosout][INFO] 2022-05-05 15:57:40,989: publishing ctrl
[rosout][INFO] 2022-05-05 15:57:41,008: publishing ctrl
[rosout][INFO] 2022-05-05 15:57:41,029: publishing ctrl
[rosout][INFO] 2022-05-05 15:57:41,054: publishing ctrl
[rosout][INFO] 2022-05-05 15:57:41,069: publishing ctrl
[rosout][INFO] 2022-05-05 15:57:41,088: publishing ctrl
[rosout][INFO] 2022-05-05 15:57:41,112: publishing ctrl
[rosout][INFO] 2022-05-05 15:57:41,134: publishing ctrl
[rosout][INFO] 2022-05-05 15:57:41,143: /car/driveReceived a new image.
[rosout][INFO] 2022-05-05 15:57:41,161: publishing ctrl
[rosout][INFO] 2022-05-05 15:57:41,169: publishing ctrl
[rosout][INFO] 2022-05-05 15:57:41,189: publishing ctrl
[rosout][INFO] 2022-05-05 15:57:41,212: publishing ctrl
[rosout][INFO] 2022-05-05 15:57:41,232: publishing ctrl
[rosout][INFO] 2022-05-05 15:57:41,248: publishing ctrl
[rosout][INFO] 2022-05-05 15:57:41,269: publishing ctrl
[rosout][INFO] 2022-05-05 15:57:41,287: publishing ctrl
[rosout][INFO] 2022-05-05 15:57:41,308: publishing ctrl
[rosout][INFO] 2022-05-05 15:57:41,332: publishing ctrl
[rosout][INFO] 2022-05-05 15:57:41,349: publishing ctrl
[rosout][INFO] 2022-05-05 15:57:41,369: publishing ctrl
[rosout][INFO] 2022-05-05 15:57:41,396: publishing ctrl
[rosout][INFO] 2022-05-05 15:57:41,407: /car/driveReceived a new image.
[rosout][INFO] 2022-05-05 15:57:41,428: publishing ctrl
[rosout][INFO] 2022-05-05 15:57:41,444: publishing ctrl
[rosout][INFO] 2022-05-05 15:57:41,473: publishing ctrl
[rosout][INFO] 2022-05-05 15:57:41,490: publishing ctrl
[rosout][INFO] 2022-05-05 15:57:41,511: publishing ctrl
[rosout][INFO] 2022-05-05 15:57:41,517: publishing ctrl
[rosout][INFO] 2022-05-05 15:57:41,551: publishing ctrl
[rosout][INFO] 2022-05-05 15:57:41,560: publishing ctrl
[rosout][INFO] 2022-05-05 15:57:41,573: publishing ctrl
[rosout][INFO] 2022-05-05 15:57:41,591: publishing ctrl
[rosout][INFO] 2022-05-05 15:57:41,621: publishing ctrl
[rosout][INFO] 2022-05-05 15:57:41,640: publishing ctrl
[rosout][INFO] 2022-05-05 15:57:41,648: publishing ctrl
[rosout][INFO] 2022-05-05 15:57:41,670: publishing ctrl
[rosout][INFO] 2022-05-05 15:57:41,682: /car/driveReceived a new image.
[rosout][INFO] 2022-05-05 15:57:41,688: publishing ctrl
[rosout][INFO] 2022-05-05 15:57:41,713: publishing ctrl
[rosout][INFO] 2022-05-05 15:57:41,741: publishing ctrl
[rosout][INFO] 2022-05-05 15:57:41,755: publishing ctrl
[rosout][INFO] 2022-05-05 15:57:41,769: publishing ctrl
[rosout][INFO] 2022-05-05 15:57:41,789: publishing ctrl
[rosout][INFO] 2022-05-05 15:57:41,808: publishing ctrl
[rosout][INFO] 2022-05-05 15:57:41,828: publishing ctrl
[rosout][INFO] 2022-05-05 15:57:41,849: publishing ctrl
[rosout][INFO] 2022-05-05 15:57:41,893: publishing ctrl
[rosout][INFO] 2022-05-05 15:57:41,903: publishing ctrl
[rosout][INFO] 2022-05-05 15:57:41,929: /car/driveReceived a new image.
[rosout][INFO] 2022-05-05 15:57:41,936: publishing ctrl
[rosout][INFO] 2022-05-05 15:57:41,963: publishing ctrl
[rosout][INFO] 2022-05-05 15:57:41,983: publishing ctrl
[rosout][INFO] 2022-05-05 15:57:42,001: publishing ctrl
[rosout][INFO] 2022-05-05 15:57:42,020: publishing ctrl
[rosout][INFO] 2022-05-05 15:57:42,032: publishing ctrl
[rosout][INFO] 2022-05-05 15:57:42,056: publishing ctrl
[rosout][INFO] 2022-05-05 15:57:42,069: publishing ctrl
[rosout][INFO] 2022-05-05 15:57:42,085: publishing ctrl
[rosout][INFO] 2022-05-05 15:57:42,096: publishing ctrl
[rosout][INFO] 2022-05-05 15:57:42,119: publishing ctrl
[rosout][INFO] 2022-05-05 15:57:42,131: publishing ctrl
[rosout][INFO] 2022-05-05 15:57:42,148: publishing ctrl
[rosout][INFO] 2022-05-05 15:57:42,184: publishing ctrl
[rosout][INFO] 2022-05-05 15:57:42,188: /car/driveReceived a new image.
[rosout][INFO] 2022-05-05 15:57:42,196: publishing ctrl
[rosout][INFO] 2022-05-05 15:57:42,210: publishing ctrl
[rosout][INFO] 2022-05-05 15:57:42,229: publishing ctrl
[rosout][INFO] 2022-05-05 15:57:42,249: publishing ctrl
[rosout][INFO] 2022-05-05 15:57:42,269: publishing ctrl
[rosout][INFO] 2022-05-05 15:57:42,287: publishing ctrl
[rosout][INFO] 2022-05-05 15:57:42,313: publishing ctrl
[rosout][INFO] 2022-05-05 15:57:42,351: publishing ctrl
[rosout][INFO] 2022-05-05 15:57:42,376: publishing ctrl
[rosout][INFO] 2022-05-05 15:57:42,399: publishing ctrl
[rosout][INFO] 2022-05-05 15:57:42,428: publishing ctrl
[rosout][INFO] 2022-05-05 15:57:42,435: /car/driveReceived a new image.
[rosout][INFO] 2022-05-05 15:57:42,448: publishing ctrl
[rosout][INFO] 2022-05-05 15:57:42,473: publishing ctrl
[rosout][INFO] 2022-05-05 15:57:42,495: publishing ctrl
[rosout][INFO] 2022-05-05 15:57:42,509: publishing ctrl
[rosout][INFO] 2022-05-05 15:57:42,529: publishing ctrl
[rosout][INFO] 2022-05-05 15:57:42,550: publishing ctrl
[rosout][INFO] 2022-05-05 15:57:42,571: publishing ctrl
[rosout][INFO] 2022-05-05 15:57:42,596: publishing ctrl
[rosout][INFO] 2022-05-05 15:57:42,643: publishing ctrl
[rosout][INFO] 2022-05-05 15:57:42,663: /car/driveReceived a new image.
[rosout][INFO] 2022-05-05 15:57:42,667: publishing ctrl
[rosout][INFO] 2022-05-05 15:57:42,686: publishing ctrl
[rosout][INFO] 2022-05-05 15:57:42,700: publishing ctrl
[rosout][INFO] 2022-05-05 15:57:42,711: publishing ctrl
[rosout][INFO] 2022-05-05 15:57:42,731: publishing ctrl
[rosout][INFO] 2022-05-05 15:57:42,744: publishing ctrl
[rosout][INFO] 2022-05-05 15:57:42,756: publishing ctrl
[rosout][INFO] 2022-05-05 15:57:42,771: publishing ctrl
[rosout][INFO] 2022-05-05 15:57:42,794: publishing ctrl
[rosout][INFO] 2022-05-05 15:57:42,810: publishing ctrl
[rosout][INFO] 2022-05-05 15:57:42,830: publishing ctrl
[rosout][INFO] 2022-05-05 15:57:42,851: publishing ctrl
[rosout][INFO] 2022-05-05 15:57:42,869: publishing ctrl
[rosout][INFO] 2022-05-05 15:57:42,888: publishing ctrl
[rosout][INFO] 2022-05-05 15:57:42,909: publishing ctrl
[rosout][INFO] 2022-05-05 15:57:42,906: /car/driveReceived a new image.
[rosout][INFO] 2022-05-05 15:57:42,933: publishing ctrl
[rosout][INFO] 2022-05-05 15:57:42,952: publishing ctrl
[rosout][INFO] 2022-05-05 15:57:42,974: publishing ctrl
[rosout][INFO] 2022-05-05 15:57:43,006: publishing ctrl
[rosout][INFO] 2022-05-05 15:57:43,019: publishing ctrl
[rosout][INFO] 2022-05-05 15:57:43,036: publishing ctrl
[rosout][INFO] 2022-05-05 15:57:43,064: publishing ctrl
[rosout][INFO] 2022-05-05 15:57:43,076: publishing ctrl
[rosout][INFO] 2022-05-05 15:57:43,097: publishing ctrl
[rosout][INFO] 2022-05-05 15:57:43,110: publishing ctrl
[rosout][INFO] 2022-05-05 15:57:43,130: publishing ctrl
[rosout][INFO] 2022-05-05 15:57:43,142: /car/driveReceived a new image.
[rosout][INFO] 2022-05-05 15:57:43,153: publishing ctrl
[rosout][INFO] 2022-05-05 15:57:43,174: publishing ctrl
[rosout][INFO] 2022-05-05 15:57:43,193: publishing ctrl
[rosout][INFO] 2022-05-05 15:57:43,222: publishing ctrl
[rosout][INFO] 2022-05-05 15:57:43,240: publishing ctrl
[rosout][INFO] 2022-05-05 15:57:43,252: publishing ctrl
[rosout][INFO] 2022-05-05 15:57:43,271: publishing ctrl
[rosout][INFO] 2022-05-05 15:57:43,299: publishing ctrl
[rosout][INFO] 2022-05-05 15:57:43,309: publishing ctrl
[rosout][INFO] 2022-05-05 15:57:43,342: publishing ctrl
[rosout][INFO] 2022-05-05 15:57:43,363: publishing ctrl
[rosout][INFO] 2022-05-05 15:57:43,372: publishing ctrl
[rosout][INFO] 2022-05-05 15:57:43,393: publishing ctrl
[rosout][INFO] 2022-05-05 15:57:43,400: /car/driveReceived a new image.
[rosout][INFO] 2022-05-05 15:57:43,423: publishing ctrl
[rosout][INFO] 2022-05-05 15:57:43,441: publishing ctrl
[rosout][INFO] 2022-05-05 15:57:43,470: publishing ctrl
[rosout][INFO] 2022-05-05 15:57:43,485: publishing ctrl
[rosout][INFO] 2022-05-05 15:57:43,500: publishing ctrl
[rosout][INFO] 2022-05-05 15:57:43,521: publishing ctrl
[rosout][INFO] 2022-05-05 15:57:43,548: publishing ctrl
[rosout][INFO] 2022-05-05 15:57:43,562: publishing ctrl
[rosout][INFO] 2022-05-05 15:57:43,570: publishing ctrl
[rosout][INFO] 2022-05-05 15:57:43,595: publishing ctrl
[rosout][INFO] 2022-05-05 15:57:43,612: publishing ctrl
[rosout][INFO] 2022-05-05 15:57:43,635: publishing ctrl
[rosout][INFO] 2022-05-05 15:57:43,660: publishing ctrl
[rosout][INFO] 2022-05-05 15:57:43,670: /car/driveReceived a new image.
[rosout][INFO] 2022-05-05 15:57:43,685: publishing ctrl
[rosout][INFO] 2022-05-05 15:57:43,703: publishing ctrl
[rosout][INFO] 2022-05-05 15:57:43,727: publishing ctrl
[rosout][INFO] 2022-05-05 15:57:43,738: publishing ctrl
[rosout][INFO] 2022-05-05 15:57:43,748: publishing ctrl
[rosout][INFO] 2022-05-05 15:57:43,769: publishing ctrl
[rosout][INFO] 2022-05-05 15:57:43,793: publishing ctrl
[rosout][INFO] 2022-05-05 15:57:43,820: publishing ctrl
[rosout][INFO] 2022-05-05 15:57:43,848: publishing ctrl
[rosout][INFO] 2022-05-05 15:57:43,877: publishing ctrl
[rosout][INFO] 2022-05-05 15:57:43,899: publishing ctrl
[rosout][INFO] 2022-05-05 15:57:43,913: /car/driveReceived a new image.
[rosout][INFO] 2022-05-05 15:57:43,915: publishing ctrl
[rosout][INFO] 2022-05-05 15:57:43,937: publishing ctrl
[rosout][INFO] 2022-05-05 15:57:43,973: publishing ctrl
[rosout][INFO] 2022-05-05 15:57:43,985: publishing ctrl
[rosout][INFO] 2022-05-05 15:57:44,032: publishing ctrl
[rosout][INFO] 2022-05-05 15:57:44,050: publishing ctrl
[rosout][INFO] 2022-05-05 15:57:44,084: publishing ctrl
[rosout][INFO] 2022-05-05 15:57:44,117: publishing ctrl
[rosout][INFO] 2022-05-05 15:57:44,141: publishing ctrl
[rosout][INFO] 2022-05-05 15:57:44,155: /car/driveReceived a new image.
[rosout][INFO] 2022-05-05 15:57:44,167: publishing ctrl
[rosout][INFO] 2022-05-05 15:57:44,196: publishing ctrl
[rosout][INFO] 2022-05-05 15:57:44,219: publishing ctrl
[rosout][INFO] 2022-05-05 15:57:44,236: publishing ctrl
[rosout][INFO] 2022-05-05 15:57:44,258: publishing ctrl
[rosout][INFO] 2022-05-05 15:57:44,276: publishing ctrl
[rosout][INFO] 2022-05-05 15:57:44,299: publishing ctrl
[rosout][INFO] 2022-05-05 15:57:44,319: publishing ctrl
[rosout][INFO] 2022-05-05 15:57:44,347: publishing ctrl
[rosout][INFO] 2022-05-05 15:57:44,364: publishing ctrl
[rosout][INFO] 2022-05-05 15:57:44,388: publishing ctrl
[rosout][INFO] 2022-05-05 15:57:44,404: /car/driveReceived a new image.
[rosout][INFO] 2022-05-05 15:57:44,421: publishing ctrl
[rosout][INFO] 2022-05-05 15:57:44,435: publishing ctrl
[rosout][INFO] 2022-05-05 15:57:44,451: publishing ctrl
[rosout][INFO] 2022-05-05 15:57:44,467: publishing ctrl
[rosout][INFO] 2022-05-05 15:57:44,483: publishing ctrl
[rosout][INFO] 2022-05-05 15:57:44,496: publishing ctrl
[rosout][INFO] 2022-05-05 15:57:44,516: publishing ctrl
[rosout][INFO] 2022-05-05 15:57:44,538: publishing ctrl
[rosout][INFO] 2022-05-05 15:57:44,557: publishing ctrl
[rosout][INFO] 2022-05-05 15:57:44,586: publishing ctrl
[rosout][INFO] 2022-05-05 15:57:44,644: publishing ctrl
[rosout][INFO] 2022-05-05 15:57:44,656: /car/driveReceived a new image.
[rosout][INFO] 2022-05-05 15:57:44,667: publishing ctrl
[rosout][INFO] 2022-05-05 15:57:44,695: publishing ctrl
[rosout][INFO] 2022-05-05 15:57:44,722: publishing ctrl
[rosout][INFO] 2022-05-05 15:57:44,735: publishing ctrl
[rosout][INFO] 2022-05-05 15:57:44,748: publishing ctrl
[rosout][INFO] 2022-05-05 15:57:44,764: publishing ctrl
[rosout][INFO] 2022-05-05 15:57:44,783: publishing ctrl
[rosout][INFO] 2022-05-05 15:57:44,806: publishing ctrl
[rosout][INFO] 2022-05-05 15:57:44,828: publishing ctrl
[rosout][INFO] 2022-05-05 15:57:44,850: publishing ctrl
[rosout][INFO] 2022-05-05 15:57:44,869: publishing ctrl
[rosout][INFO] 2022-05-05 15:57:44,890: publishing ctrl
[rosout][INFO] 2022-05-05 15:57:44,899: /car/driveReceived a new image.
[rosout][INFO] 2022-05-05 15:57:44,909: publishing ctrl
[rosout][INFO] 2022-05-05 15:57:44,934: publishing ctrl
[rosout][INFO] 2022-05-05 15:57:44,965: publishing ctrl
[rosout][INFO] 2022-05-05 15:57:44,983: publishing ctrl
[rosout][INFO] 2022-05-05 15:57:45,004: publishing ctrl
[rosout][INFO] 2022-05-05 15:57:45,018: publishing ctrl
[rosout][INFO] 2022-05-05 15:57:45,035: publishing ctrl
[rosout][INFO] 2022-05-05 15:57:45,056: publishing ctrl
[rosout][INFO] 2022-05-05 15:57:45,070: publishing ctrl
[rosout][INFO] 2022-05-05 15:57:45,097: publishing ctrl
[rosout][INFO] 2022-05-05 15:57:45,118: publishing ctrl
[rosout][INFO] 2022-05-05 15:57:45,129: publishing ctrl
[rosout][INFO] 2022-05-05 15:57:45,150: publishing ctrl
[rosout][INFO] 2022-05-05 15:57:45,169: publishing ctrl
[rosout][INFO] 2022-05-05 15:57:45,191: /car/driveReceived a new image.
[rosout][INFO] 2022-05-05 15:57:45,194: publishing ctrl
[rosout][INFO] 2022-05-05 15:57:45,222: publishing ctrl
[rosout][INFO] 2022-05-05 15:57:45,230: publishing ctrl
[rosout][INFO] 2022-05-05 15:57:45,252: publishing ctrl
[rosout][INFO] 2022-05-05 15:57:45,280: publishing ctrl
[rosout][INFO] 2022-05-05 15:57:45,292: publishing ctrl
[rosout][INFO] 2022-05-05 15:57:45,306: publishing ctrl
[rosout][INFO] 2022-05-05 15:57:45,325: publishing ctrl
[rosout][INFO] 2022-05-05 15:57:45,343: publishing ctrl
[rosout][INFO] 2022-05-05 15:57:45,376: publishing ctrl
[rosout][INFO] 2022-05-05 15:57:45,422: publishing ctrl
[rosout][INFO] 2022-05-05 15:57:45,436: /car/driveReceived a new image.
[rosout][INFO] 2022-05-05 15:57:45,448: publishing ctrl
[rosout][INFO] 2022-05-05 15:57:45,458: publishing ctrl
[rosout][INFO] 2022-05-05 15:57:45,482: publishing ctrl
[rosout][INFO] 2022-05-05 15:57:45,503: publishing ctrl
[rosout][INFO] 2022-05-05 15:57:45,516: publishing ctrl
[rosout][INFO] 2022-05-05 15:57:45,533: publishing ctrl
[rosout][INFO] 2022-05-05 15:57:45,554: publishing ctrl
[rosout][INFO] 2022-05-05 15:57:45,571: publishing ctrl
[rosout][INFO] 2022-05-05 15:57:45,582: publishing ctrl
[rosout][INFO] 2022-05-05 15:57:45,611: publishing ctrl
[rosout][INFO] 2022-05-05 15:57:45,630: publishing ctrl
[rosout][INFO] 2022-05-05 15:57:45,651: publishing ctrl
[rosout][INFO] 2022-05-05 15:57:45,670: publishing ctrl
[rosout][INFO] 2022-05-05 15:57:45,681: /car/driveReceived a new image.
[rosout][INFO] 2022-05-05 15:57:45,691: publishing ctrl
[rosout][INFO] 2022-05-05 15:57:45,706: publishing ctrl
[rosout][INFO] 2022-05-05 15:57:45,719: publishing ctrl
[rosout][INFO] 2022-05-05 15:57:45,737: publishing ctrl
[rosout][INFO] 2022-05-05 15:57:45,751: publishing ctrl
[rosout][INFO] 2022-05-05 15:57:45,764: publishing ctrl
[rosout][INFO] 2022-05-05 15:57:45,790: publishing ctrl
[rosout][INFO] 2022-05-05 15:57:45,810: publishing ctrl
[rosout][INFO] 2022-05-05 15:57:45,827: publishing ctrl
[rosout][INFO] 2022-05-05 15:57:45,843: publishing ctrl
[rosout][INFO] 2022-05-05 15:57:45,880: publishing ctrl
[rosout][INFO] 2022-05-05 15:57:45,900: publishing ctrl
[rosout][INFO] 2022-05-05 15:57:45,922: publishing ctrl
[rosout][INFO] 2022-05-05 15:57:45,935: /car/driveReceived a new image.
[rosout][INFO] 2022-05-05 15:57:45,938: publishing ctrl
[rosout][INFO] 2022-05-05 15:57:45,955: publishing ctrl
[rosout][INFO] 2022-05-05 15:57:45,965: publishing ctrl
[rosout][INFO] 2022-05-05 15:57:45,983: publishing ctrl
[rosout][INFO] 2022-05-05 15:57:46,004: publishing ctrl
[rosout][INFO] 2022-05-05 15:57:46,024: publishing ctrl
[rosout][INFO] 2022-05-05 15:57:46,050: publishing ctrl
[rosout][INFO] 2022-05-05 15:57:46,064: publishing ctrl
[rosout][INFO] 2022-05-05 15:57:46,084: publishing ctrl
[rosout][INFO] 2022-05-05 15:57:46,104: publishing ctrl
[rosout][INFO] 2022-05-05 15:57:46,123: publishing ctrl
[rosout][INFO] 2022-05-05 15:57:46,143: publishing ctrl
[rosout][INFO] 2022-05-05 15:57:46,163: publishing ctrl
[rosout][INFO] 2022-05-05 15:57:46,185: publishing ctrl
[rosout][INFO] 2022-05-05 15:57:46,191: /car/driveReceived a new image.
[rosout][INFO] 2022-05-05 15:57:46,206: publishing ctrl
[rosout][INFO] 2022-05-05 15:57:46,223: publishing ctrl
[rosout][INFO] 2022-05-05 15:57:46,243: publishing ctrl
[rosout][INFO] 2022-05-05 15:57:46,263: publishing ctrl
[rosout][INFO] 2022-05-05 15:57:46,291: publishing ctrl
[rosout][INFO] 2022-05-05 15:57:46,311: publishing ctrl
[rosout][INFO] 2022-05-05 15:57:46,323: publishing ctrl
[rosout][INFO] 2022-05-05 15:57:46,363: publishing ctrl
[rosout][INFO] 2022-05-05 15:57:46,372: publishing ctrl
[rosout][INFO] 2022-05-05 15:57:46,385: publishing ctrl
[rosout][INFO] 2022-05-05 15:57:46,404: publishing ctrl
[rosout][INFO] 2022-05-05 15:57:46,423: publishing ctrl
[rosout][INFO] 2022-05-05 15:57:46,439: /car/driveReceived a new image.
[rosout][INFO] 2022-05-05 15:57:46,446: publishing ctrl
[rosout][INFO] 2022-05-05 15:57:46,471: publishing ctrl
[rosout][INFO] 2022-05-05 15:57:46,494: publishing ctrl
[rosout][INFO] 2022-05-05 15:57:46,507: publishing ctrl
[rosout][INFO] 2022-05-05 15:57:46,529: publishing ctrl
[rosout][INFO] 2022-05-05 15:57:46,543: publishing ctrl
[rosout][INFO] 2022-05-05 15:57:46,567: publishing ctrl
[rosout][INFO] 2022-05-05 15:57:46,583: publishing ctrl
[rosout][INFO] 2022-05-05 15:57:46,606: publishing ctrl
[rosout][INFO] 2022-05-05 15:57:46,627: publishing ctrl
[rosout][INFO] 2022-05-05 15:57:46,643: publishing ctrl
[rosout][INFO] 2022-05-05 15:57:46,666: publishing ctrl
[rosout][INFO] 2022-05-05 15:57:46,683: publishing ctrl
[rosout][INFO] 2022-05-05 15:57:46,695: /car/driveReceived a new image.
[rosout][INFO] 2022-05-05 15:57:46,703: publishing ctrl
[rosout][INFO] 2022-05-05 15:57:46,727: publishing ctrl
[rosout][INFO] 2022-05-05 15:57:46,743: publishing ctrl
[rosout][INFO] 2022-05-05 15:57:46,763: publishing ctrl
[rosout][INFO] 2022-05-05 15:57:46,784: publishing ctrl
[rosout][INFO] 2022-05-05 15:57:46,804: publishing ctrl
[rosout][INFO] 2022-05-05 15:57:46,823: publishing ctrl
[rosout][INFO] 2022-05-05 15:57:46,843: publishing ctrl
[rosout][INFO] 2022-05-05 15:57:46,882: publishing ctrl
[rosout][INFO] 2022-05-05 15:57:46,897: publishing ctrl
[rosout][INFO] 2022-05-05 15:57:46,910: publishing ctrl
[rosout][INFO] 2022-05-05 15:57:46,930: publishing ctrl
[rosout][INFO] 2022-05-05 15:57:46,957: /car/driveReceived a new image.
[rosout][INFO] 2022-05-05 15:57:46,963: publishing ctrl
[rosout][INFO] 2022-05-05 15:57:46,982: publishing ctrl
[rosout][INFO] 2022-05-05 15:57:46,997: publishing ctrl
[rosout][INFO] 2022-05-05 15:57:47,008: publishing ctrl
[rosout][INFO] 2022-05-05 15:57:47,025: publishing ctrl
[rosout][INFO] 2022-05-05 15:57:47,044: publishing ctrl
[rosout][INFO] 2022-05-05 15:57:47,064: publishing ctrl
[rosout][INFO] 2022-05-05 15:57:47,086: publishing ctrl
[rosout][INFO] 2022-05-05 15:57:47,116: publishing ctrl
[rosout][INFO] 2022-05-05 15:57:47,142: publishing ctrl
[rosout][INFO] 2022-05-05 15:57:47,170: publishing ctrl
[rosout][INFO] 2022-05-05 15:57:47,181: /car/driveReceived a new image.
[rosout][INFO] 2022-05-05 15:57:47,187: publishing ctrl
[rosout][INFO] 2022-05-05 15:57:47,231: publishing ctrl
[rosout][INFO] 2022-05-05 15:57:47,248: publishing ctrl
[rosout][INFO] 2022-05-05 15:57:47,276: publishing ctrl
[rosout][INFO] 2022-05-05 15:57:47,295: publishing ctrl
[rosout][INFO] 2022-05-05 15:57:47,314: publishing ctrl
[rosout][INFO] 2022-05-05 15:57:47,339: publishing ctrl
[rosout][INFO] 2022-05-05 15:57:47,379: publishing ctrl
[rosout][INFO] 2022-05-05 15:57:47,414: /car/driveReceived a new image.
[rosout][INFO] 2022-05-05 15:57:47,427: publishing ctrl
[rosout][INFO] 2022-05-05 15:57:47,435: publishing ctrl
[rosout][INFO] 2022-05-05 15:57:47,456: publishing ctrl
[rosout][INFO] 2022-05-05 15:57:47,476: publishing ctrl
[rosout][INFO] 2022-05-05 15:57:47,500: publishing ctrl
[rosout][INFO] 2022-05-05 15:57:47,519: publishing ctrl
[rosout][INFO] 2022-05-05 15:57:47,553: publishing ctrl
[rosout][INFO] 2022-05-05 15:57:47,574: publishing ctrl
[rosout][INFO] 2022-05-05 15:57:47,589: publishing ctrl
[rosout][INFO] 2022-05-05 15:57:47,622: publishing ctrl
[rosout][INFO] 2022-05-05 15:57:47,632: publishing ctrl
[rosout][INFO] 2022-05-05 15:57:47,650: /car/driveReceived a new image.
[rosout][INFO] 2022-05-05 15:57:47,679: publishing ctrl
[rosout][INFO] 2022-05-05 15:57:47,694: publishing ctrl
[rosout][INFO] 2022-05-05 15:57:47,703: publishing ctrl
[rosout][INFO] 2022-05-05 15:57:47,742: publishing ctrl
[rosout][INFO] 2022-05-05 15:57:47,760: publishing ctrl
[rosout][INFO] 2022-05-05 15:57:47,786: publishing ctrl
[rosout][INFO] 2022-05-05 15:57:47,815: publishing ctrl
[rosout][INFO] 2022-05-05 15:57:47,839: publishing ctrl
[rosout][INFO] 2022-05-05 15:57:47,848: publishing ctrl
[rosout][INFO] 2022-05-05 15:57:47,865: publishing ctrl
[rosout][INFO] 2022-05-05 15:57:47,898: /car/driveReceived a new image.
[rosout][INFO] 2022-05-05 15:57:47,904: publishing ctrl
[rosout][INFO] 2022-05-05 15:57:47,923: publishing ctrl
[rosout][INFO] 2022-05-05 15:57:47,948: publishing ctrl
[rosout][INFO] 2022-05-05 15:57:47,965: publishing ctrl
[rosout][INFO] 2022-05-05 15:57:47,981: publishing ctrl
[rosout][INFO] 2022-05-05 15:57:48,007: publishing ctrl
[rosout][INFO] 2022-05-05 15:57:48,028: publishing ctrl
[rosout][INFO] 2022-05-05 15:57:48,039: publishing ctrl
[rosout][INFO] 2022-05-05 15:57:48,063: publishing ctrl
[rosout][INFO] 2022-05-05 15:57:48,087: publishing ctrl
[rosout][INFO] 2022-05-05 15:57:48,102: publishing ctrl
[rosout][INFO] 2022-05-05 15:57:48,151: publishing ctrl
[rosout][INFO] 2022-05-05 15:57:48,169: publishing ctrl
[rosout][INFO] 2022-05-05 15:57:48,177: /car/driveReceived a new image.
[rosout][INFO] 2022-05-05 15:57:48,196: publishing ctrl
[rosout][INFO] 2022-05-05 15:57:48,227: publishing ctrl
[rosout][INFO] 2022-05-05 15:57:48,235: publishing ctrl
[rosout][INFO] 2022-05-05 15:57:48,249: publishing ctrl
[rosout][INFO] 2022-05-05 15:57:48,276: publishing ctrl
[rosout][INFO] 2022-05-05 15:57:48,297: publishing ctrl
[rosout][INFO] 2022-05-05 15:57:48,312: publishing ctrl
[rosout][INFO] 2022-05-05 15:57:48,336: publishing ctrl
[rosout][INFO] 2022-05-05 15:57:48,358: publishing ctrl
[rosout][INFO] 2022-05-05 15:57:48,379: publishing ctrl
[rosout][INFO] 2022-05-05 15:57:48,415: publishing ctrl
[rosout][INFO] 2022-05-05 15:57:48,437: publishing ctrl
[rosout][INFO] 2022-05-05 15:57:48,450: /car/driveReceived a new image.
[rosout][INFO] 2022-05-05 15:57:48,460: publishing ctrl
[rosout][INFO] 2022-05-05 15:57:48,494: publishing ctrl
[rosout][INFO] 2022-05-05 15:57:48,515: publishing ctrl
[rosout][INFO] 2022-05-05 15:57:48,542: publishing ctrl
[rosout][INFO] 2022-05-05 15:57:48,558: publishing ctrl
[rosout][INFO] 2022-05-05 15:57:48,576: publishing ctrl
[rosout][INFO] 2022-05-05 15:57:48,595: publishing ctrl
[rosout][INFO] 2022-05-05 15:57:48,622: publishing ctrl
[rosout][INFO] 2022-05-05 15:57:48,691: /car/driveReceived a new image.
[rosout][INFO] 2022-05-05 15:57:48,702: publishing ctrl
[rosout][INFO] 2022-05-05 15:57:48,728: publishing ctrl
[rosout][INFO] 2022-05-05 15:57:48,758: publishing ctrl
[rosout][INFO] 2022-05-05 15:57:48,777: publishing ctrl
[rosout][INFO] 2022-05-05 15:57:48,793: publishing ctrl
[rosout][INFO] 2022-05-05 15:57:48,805: publishing ctrl
[rosout][INFO] 2022-05-05 15:57:48,822: publishing ctrl
[rosout][INFO] 2022-05-05 15:57:48,845: publishing ctrl
[rosout][INFO] 2022-05-05 15:57:48,862: publishing ctrl
[rosout][INFO] 2022-05-05 15:57:48,888: publishing ctrl
[rosout][INFO] 2022-05-05 15:57:48,902: publishing ctrl
[rosout][INFO] 2022-05-05 15:57:48,927: publishing ctrl
[rosout][INFO] 2022-05-05 15:57:48,945: publishing ctrl
[rosout][INFO] 2022-05-05 15:57:48,966: publishing ctrl
[rosout][INFO] 2022-05-05 15:57:48,973: /car/driveReceived a new image.
[rosout][INFO] 2022-05-05 15:57:48,982: publishing ctrl
[rosout][INFO] 2022-05-05 15:57:49,003: publishing ctrl
[rosout][INFO] 2022-05-05 15:57:49,028: publishing ctrl
[rosout][INFO] 2022-05-05 15:57:49,046: publishing ctrl
[rosout][INFO] 2022-05-05 15:57:49,064: publishing ctrl
[rosout][INFO] 2022-05-05 15:57:49,083: publishing ctrl
[rosout][INFO] 2022-05-05 15:57:49,102: publishing ctrl
[rosout][INFO] 2022-05-05 15:57:49,131: publishing ctrl
[rosout][INFO] 2022-05-05 15:57:49,154: publishing ctrl
[rosout][INFO] 2022-05-05 15:57:49,190: publishing ctrl
[rosout][INFO] 2022-05-05 15:57:49,210: /car/driveReceived a new image.
[rosout][INFO] 2022-05-05 15:57:49,224: publishing ctrl
[rosout][INFO] 2022-05-05 15:57:49,252: publishing ctrl
[rosout][INFO] 2022-05-05 15:57:49,274: publishing ctrl
[rosout][INFO] 2022-05-05 15:57:49,299: publishing ctrl
[rosout][INFO] 2022-05-05 15:57:49,316: publishing ctrl
[rosout][INFO] 2022-05-05 15:57:49,324: publishing ctrl
[rosout][INFO] 2022-05-05 15:57:49,345: publishing ctrl
[rosout][INFO] 2022-05-05 15:57:49,367: publishing ctrl
[rosout][INFO] 2022-05-05 15:57:49,391: publishing ctrl
[rosout][INFO] 2022-05-05 15:57:49,407: publishing ctrl
[rosout][INFO] 2022-05-05 15:57:49,441: publishing ctrl
[rosout][INFO] 2022-05-05 15:57:49,462: publishing ctrl
[rosout][INFO] 2022-05-05 15:57:49,470: /car/driveReceived a new image.
[rosout][INFO] 2022-05-05 15:57:49,478: publishing ctrl
[rosout][INFO] 2022-05-05 15:57:49,510: publishing ctrl
[rosout][INFO] 2022-05-05 15:57:49,535: publishing ctrl
[rosout][INFO] 2022-05-05 15:57:49,551: publishing ctrl
[rosout][INFO] 2022-05-05 15:57:49,567: publishing ctrl
[rosout][INFO] 2022-05-05 15:57:49,590: publishing ctrl
[rosout][INFO] 2022-05-05 15:57:49,618: publishing ctrl
[rosout][INFO] 2022-05-05 15:57:49,633: publishing ctrl
[rosout][INFO] 2022-05-05 15:57:49,654: publishing ctrl
[rosout][INFO] 2022-05-05 15:57:49,686: publishing ctrl
[rosout][INFO] 2022-05-05 15:57:49,712: /car/driveReceived a new image.
[rosout][INFO] 2022-05-05 15:57:49,715: publishing ctrl
[rosout][INFO] 2022-05-05 15:57:49,749: publishing ctrl
[rosout][INFO] 2022-05-05 15:57:49,767: publishing ctrl
[rosout][INFO] 2022-05-05 15:57:49,784: publishing ctrl
[rosout][INFO] 2022-05-05 15:57:49,799: publishing ctrl
[rosout][INFO] 2022-05-05 15:57:49,809: publishing ctrl
[rosout][INFO] 2022-05-05 15:57:49,833: publishing ctrl
[rosout][INFO] 2022-05-05 15:57:49,849: publishing ctrl
[rosout][INFO] 2022-05-05 15:57:49,871: publishing ctrl
[rosout][INFO] 2022-05-05 15:57:49,899: publishing ctrl
[rosout][INFO] 2022-05-05 15:57:49,924: publishing ctrl
[rosout][INFO] 2022-05-05 15:57:49,947: publishing ctrl
[rosout][INFO] 2022-05-05 15:57:49,967: /car/driveReceived a new image.
[rosout][INFO] 2022-05-05 15:57:49,974: publishing ctrl
[rosout][INFO] 2022-05-05 15:57:49,996: publishing ctrl
[rosout][INFO] 2022-05-05 15:57:50,008: publishing ctrl
[rosout][INFO] 2022-05-05 15:57:50,028: publishing ctrl
[rosout][INFO] 2022-05-05 15:57:50,038: publishing ctrl
[rosout][INFO] 2022-05-05 15:57:50,064: publishing ctrl
[rosout][INFO] 2022-05-05 15:57:50,074: publishing ctrl
[rosout][INFO] 2022-05-05 15:57:50,101: publishing ctrl
[rosout][INFO] 2022-05-05 15:57:50,127: publishing ctrl
[rosout][INFO] 2022-05-05 15:57:50,148: publishing ctrl
[rosout][INFO] 2022-05-05 15:57:50,158: publishing ctrl
[rosout][INFO] 2022-05-05 15:57:50,171: publishing ctrl
[rosout][INFO] 2022-05-05 15:57:50,186: publishing ctrl
[rosout][INFO] 2022-05-05 15:57:50,207: publishing ctrl
[rosout][INFO] 2022-05-05 15:57:50,225: /car/driveReceived a new image.
[rosout][INFO] 2022-05-05 15:57:50,236: publishing ctrl
[rosout][INFO] 2022-05-05 15:57:50,272: publishing ctrl
[rosout][INFO] 2022-05-05 15:57:50,297: publishing ctrl
[rosout][INFO] 2022-05-05 15:57:50,314: publishing ctrl
[rosout][INFO] 2022-05-05 15:57:50,327: publishing ctrl
[rosout][INFO] 2022-05-05 15:57:50,344: publishing ctrl
[rosout][INFO] 2022-05-05 15:57:50,367: publishing ctrl
[rosout][INFO] 2022-05-05 15:57:50,383: publishing ctrl
[rosout][INFO] 2022-05-05 15:57:50,411: publishing ctrl
[rosout][INFO] 2022-05-05 15:57:50,420: publishing ctrl
[rosout][INFO] 2022-05-05 15:57:50,439: publishing ctrl
[rosout][INFO] 2022-05-05 15:57:50,491: publishing ctrl
[rosout][INFO] 2022-05-05 15:57:50,501: /car/driveReceived a new image.
[rosout][INFO] 2022-05-05 15:57:50,506: publishing ctrl
[rosout][INFO] 2022-05-05 15:57:50,530: publishing ctrl
[rosout][INFO] 2022-05-05 15:57:50,550: publishing ctrl
[rosout][INFO] 2022-05-05 15:57:50,566: publishing ctrl
[rosout][INFO] 2022-05-05 15:57:50,587: publishing ctrl
[rosout][INFO] 2022-05-05 15:57:50,610: publishing ctrl
[rosout][INFO] 2022-05-05 15:57:50,627: publishing ctrl
[rosout][INFO] 2022-05-05 15:57:50,647: publishing ctrl
[rosout][INFO] 2022-05-05 15:57:50,676: publishing ctrl
[rosout][INFO] 2022-05-05 15:57:50,720: publishing ctrl
[rosout][INFO] 2022-05-05 15:57:50,731: /car/driveReceived a new image.
[rosout][INFO] 2022-05-05 15:57:50,749: publishing ctrl
[rosout][INFO] 2022-05-05 15:57:50,769: publishing ctrl
[rosout][INFO] 2022-05-05 15:57:50,805: publishing ctrl
[rosout][INFO] 2022-05-05 15:57:50,830: publishing ctrl
[rosout][INFO] 2022-05-05 15:57:50,860: publishing ctrl
[rosout][INFO] 2022-05-05 15:57:50,883: publishing ctrl
[rosout][INFO] 2022-05-05 15:57:50,895: publishing ctrl
[rosout][INFO] 2022-05-05 15:57:50,916: publishing ctrl
[rosout][INFO] 2022-05-05 15:57:50,943: publishing ctrl
[rosout][INFO] 2022-05-05 15:57:50,953: publishing ctrl
[rosout][INFO] 2022-05-05 15:57:50,966: publishing ctrl
[rosout][INFO] 2022-05-05 15:57:50,986: publishing ctrl
[rosout][INFO] 2022-05-05 15:57:51,019: publishing ctrl
[rosout][INFO] 2022-05-05 15:57:51,024: /car/driveReceived a new image.
[rosout][INFO] 2022-05-05 15:57:51,031: publishing ctrl
[rosout][INFO] 2022-05-05 15:57:51,053: publishing ctrl
[rosout][INFO] 2022-05-05 15:57:51,077: publishing ctrl
[rosout][INFO] 2022-05-05 15:57:51,092: publishing ctrl
[rosout][INFO] 2022-05-05 15:57:51,112: publishing ctrl
[rosout][INFO] 2022-05-05 15:57:51,127: publishing ctrl
[rosout][INFO] 2022-05-05 15:57:51,151: publishing ctrl
[rosout][INFO] 2022-05-05 15:57:51,176: publishing ctrl
[rosout][INFO] 2022-05-05 15:57:51,184: publishing ctrl
[rosout][INFO] 2022-05-05 15:57:51,208: publishing ctrl
[rosout][INFO] 2022-05-05 15:57:51,235: publishing ctrl
[rosout][INFO] 2022-05-05 15:57:51,253: publishing ctrl
[rosout][INFO] 2022-05-05 15:57:51,270: publishing ctrl
[rosout][INFO] 2022-05-05 15:57:51,277: /car/driveReceived a new image.
[rosout][INFO] 2022-05-05 15:57:51,280: publishing ctrl
[rosout][INFO] 2022-05-05 15:57:51,306: publishing ctrl
[rosout][INFO] 2022-05-05 15:57:51,324: publishing ctrl
[rosout][INFO] 2022-05-05 15:57:51,347: publishing ctrl
[rosout][INFO] 2022-05-05 15:57:51,362: publishing ctrl
[rosout][INFO] 2022-05-05 15:57:51,380: publishing ctrl
[rosout][INFO] 2022-05-05 15:57:51,403: publishing ctrl
[rosout][INFO] 2022-05-05 15:57:51,430: publishing ctrl
[rosout][INFO] 2022-05-05 15:57:51,437: publishing ctrl
[rosout][INFO] 2022-05-05 15:57:51,465: publishing ctrl
[rosout][INFO] 2022-05-05 15:57:51,478: publishing ctrl
[rosout][INFO] 2022-05-05 15:57:51,489: publishing ctrl
[rosout][INFO] 2022-05-05 15:57:51,509: publishing ctrl
[rosout][INFO] 2022-05-05 15:57:51,527: publishing ctrl
[rosout][INFO] 2022-05-05 15:57:51,556: publishing ctrl
[rosout][INFO] 2022-05-05 15:57:51,564: /car/driveReceived a new image.
[rosout][INFO] 2022-05-05 15:57:51,570: publishing ctrl
[rosout][INFO] 2022-05-05 15:57:51,589: publishing ctrl
[rosout][INFO] 2022-05-05 15:57:51,631: publishing ctrl
[rosout][INFO] 2022-05-05 15:57:51,648: publishing ctrl
[rosout][INFO] 2022-05-05 15:57:51,662: publishing ctrl
[rosout][INFO] 2022-05-05 15:57:51,676: publishing ctrl
[rosout][INFO] 2022-05-05 15:57:51,694: publishing ctrl
[rosout][INFO] 2022-05-05 15:57:51,714: publishing ctrl
[rosout][INFO] 2022-05-05 15:57:51,729: publishing ctrl
[rosout][INFO] 2022-05-05 15:57:51,750: publishing ctrl
[rosout][INFO] 2022-05-05 15:57:51,769: publishing ctrl
[rosout][INFO] 2022-05-05 15:57:51,793: publishing ctrl
[rosout][INFO] 2022-05-05 15:57:51,801: /car/driveReceived a new image.
[rosout][INFO] 2022-05-05 15:57:51,811: publishing ctrl
[rosout][INFO] 2022-05-05 15:57:51,831: publishing ctrl
[rosout][INFO] 2022-05-05 15:57:51,853: publishing ctrl
[rosout][INFO] 2022-05-05 15:57:51,868: publishing ctrl
[rosout][INFO] 2022-05-05 15:57:51,888: publishing ctrl
[rosout][INFO] 2022-05-05 15:57:51,908: publishing ctrl
[rosout][INFO] 2022-05-05 15:57:51,927: publishing ctrl
[rosout][INFO] 2022-05-05 15:57:51,947: publishing ctrl
[rosout][INFO] 2022-05-05 15:57:51,968: publishing ctrl
[rosout][INFO] 2022-05-05 15:57:51,987: publishing ctrl
[rosout][INFO] 2022-05-05 15:57:52,011: publishing ctrl
[rosout][INFO] 2022-05-05 15:57:52,026: publishing ctrl
[rosout][INFO] 2022-05-05 15:57:52,054: publishing ctrl
[rosout][INFO] 2022-05-05 15:57:52,072: publishing ctrl
[rosout][INFO] 2022-05-05 15:57:52,075: /car/driveReceived a new image.
[rosout][INFO] 2022-05-05 15:57:52,090: publishing ctrl
[rosout][INFO] 2022-05-05 15:57:52,112: publishing ctrl
[rosout][INFO] 2022-05-05 15:57:52,129: publishing ctrl
[rosout][INFO] 2022-05-05 15:57:52,147: publishing ctrl
[rosout][INFO] 2022-05-05 15:57:52,166: publishing ctrl
[rosout][INFO] 2022-05-05 15:57:52,188: publishing ctrl
[rosout][INFO] 2022-05-05 15:57:52,211: publishing ctrl
[rosout][INFO] 2022-05-05 15:57:52,227: publishing ctrl
[rosout][INFO] 2022-05-05 15:57:52,261: publishing ctrl
[rosout][INFO] 2022-05-05 15:57:52,280: publishing ctrl
[rosout][INFO] 2022-05-05 15:57:52,304: publishing ctrl
[rosout][INFO] 2022-05-05 15:57:52,322: publishing ctrl
[rosout][INFO] 2022-05-05 15:57:52,333: /car/driveReceived a new image.
[rosout][INFO] 2022-05-05 15:57:52,346: publishing ctrl
[rosout][INFO] 2022-05-05 15:57:52,367: publishing ctrl
[rosout][INFO] 2022-05-05 15:57:52,396: publishing ctrl
[rosout][INFO] 2022-05-05 15:57:52,410: publishing ctrl
[rosout][INFO] 2022-05-05 15:57:52,428: publishing ctrl
[rosout][INFO] 2022-05-05 15:57:52,451: publishing ctrl
[rosout][INFO] 2022-05-05 15:57:52,471: publishing ctrl
[rosout][INFO] 2022-05-05 15:57:52,494: publishing ctrl
[rosout][INFO] 2022-05-05 15:57:52,516: publishing ctrl
[rosout][INFO] 2022-05-05 15:57:52,547: publishing ctrl
[rosout][INFO] 2022-05-05 15:57:52,575: publishing ctrl
[rosout][INFO] 2022-05-05 15:57:52,584: /car/driveReceived a new image.
[rosout][INFO] 2022-05-05 15:57:52,590: publishing ctrl
[rosout][INFO] 2022-05-05 15:57:52,615: publishing ctrl
[rosout][INFO] 2022-05-05 15:57:52,638: publishing ctrl
[rosout][INFO] 2022-05-05 15:57:52,652: publishing ctrl
[rosout][INFO] 2022-05-05 15:57:52,687: publishing ctrl
[rosout][INFO] 2022-05-05 15:57:52,706: publishing ctrl
[rosout][INFO] 2022-05-05 15:57:52,717: publishing ctrl
[rosout][INFO] 2022-05-05 15:57:52,736: publishing ctrl
[rosout][INFO] 2022-05-05 15:57:52,754: publishing ctrl
[rosout][INFO] 2022-05-05 15:57:52,770: publishing ctrl
[rosout][INFO] 2022-05-05 15:57:52,798: publishing ctrl
[rosout][INFO] 2022-05-05 15:57:52,814: publishing ctrl
[rosout][INFO] 2022-05-05 15:57:52,825: /car/driveReceived a new image.
[rosout][INFO] 2022-05-05 15:57:52,834: publishing ctrl
[rosout][INFO] 2022-05-05 15:57:52,855: publishing ctrl
[rosout][INFO] 2022-05-05 15:57:52,877: publishing ctrl
[rosout][INFO] 2022-05-05 15:57:52,906: publishing ctrl
[rosout][INFO] 2022-05-05 15:57:52,922: publishing ctrl
[rosout][INFO] 2022-05-05 15:57:52,943: publishing ctrl
[rosout][INFO] 2022-05-05 15:57:52,958: publishing ctrl
[rosout][INFO] 2022-05-05 15:57:52,970: publishing ctrl
[rosout][INFO] 2022-05-05 15:57:52,993: publishing ctrl
[rosout][INFO] 2022-05-05 15:57:53,013: publishing ctrl
[rosout][INFO] 2022-05-05 15:57:53,028: publishing ctrl
[rosout][INFO] 2022-05-05 15:57:53,049: publishing ctrl
[rosout][INFO] 2022-05-05 15:57:53,090: /car/driveReceived a new image.
[rosout][INFO] 2022-05-05 15:57:53,098: publishing ctrl
[rosout][INFO] 2022-05-05 15:57:53,126: publishing ctrl
[rosout][INFO] 2022-05-05 15:57:53,152: publishing ctrl
[rosout][INFO] 2022-05-05 15:57:53,179: publishing ctrl
[rosout][INFO] 2022-05-05 15:57:53,196: publishing ctrl
[rosout][INFO] 2022-05-05 15:57:53,212: publishing ctrl
[rosout][INFO] 2022-05-05 15:57:53,233: publishing ctrl
[rosout][INFO] 2022-05-05 15:57:53,258: publishing ctrl
[rosout][INFO] 2022-05-05 15:57:53,295: publishing ctrl
[rosout][INFO] 2022-05-05 15:57:53,310: publishing ctrl
[rosout][INFO] 2022-05-05 15:57:53,325: /car/driveReceived a new image.
[rosout][INFO] 2022-05-05 15:57:53,340: publishing ctrl
[rosout][INFO] 2022-05-05 15:57:53,364: publishing ctrl
[rosout][INFO] 2022-05-05 15:57:53,389: publishing ctrl
[rosout][INFO] 2022-05-05 15:57:53,402: publishing ctrl
[rosout][INFO] 2022-05-05 15:57:53,419: publishing ctrl
[rosout][INFO] 2022-05-05 15:57:53,437: publishing ctrl
[rosout][INFO] 2022-05-05 15:57:53,447: publishing ctrl
[rosout][INFO] 2022-05-05 15:57:53,454: publishing ctrl
[rosout][INFO] 2022-05-05 15:57:53,480: publishing ctrl
[rosout][INFO] 2022-05-05 15:57:53,494: publishing ctrl
[rosout][INFO] 2022-05-05 15:57:53,514: publishing ctrl
[rosout][INFO] 2022-05-05 15:57:53,535: publishing ctrl
[rosout][INFO] 2022-05-05 15:57:53,555: publishing ctrl
[rosout][INFO] 2022-05-05 15:57:53,572: publishing ctrl
[rosout][INFO] 2022-05-05 15:57:53,584: /car/driveReceived a new image.
[rosout][INFO] 2022-05-05 15:57:53,595: publishing ctrl
[rosout][INFO] 2022-05-05 15:57:53,618: publishing ctrl
[rosout][INFO] 2022-05-05 15:57:53,633: publishing ctrl
[rosout][INFO] 2022-05-05 15:57:53,653: publishing ctrl
[rosout][INFO] 2022-05-05 15:57:53,673: publishing ctrl
[rosout][INFO] 2022-05-05 15:57:53,692: publishing ctrl
[rosout][INFO] 2022-05-05 15:57:53,712: publishing ctrl
[rosout][INFO] 2022-05-05 15:57:53,734: publishing ctrl
[rosout][INFO] 2022-05-05 15:57:53,758: publishing ctrl
[rosout][INFO] 2022-05-05 15:57:53,774: publishing ctrl
[rosout][INFO] 2022-05-05 15:57:53,795: publishing ctrl
[rosout][INFO] 2022-05-05 15:57:53,827: publishing ctrl
[rosout][INFO] 2022-05-05 15:57:53,839: /car/driveReceived a new image.
[rosout][INFO] 2022-05-05 15:57:53,854: publishing ctrl
[rosout][INFO] 2022-05-05 15:57:53,896: publishing ctrl
[rosout][INFO] 2022-05-05 15:57:53,924: publishing ctrl
[rosout][INFO] 2022-05-05 15:57:53,937: publishing ctrl
[rosout][INFO] 2022-05-05 15:57:53,960: publishing ctrl
[rosout][INFO] 2022-05-05 15:57:53,980: publishing ctrl
[rosout][INFO] 2022-05-05 15:57:54,002: publishing ctrl
[rosout][INFO] 2022-05-05 15:57:54,035: publishing ctrl
[rosout][INFO] 2022-05-05 15:57:54,056: publishing ctrl
[rosout][INFO] 2022-05-05 15:57:54,081: publishing ctrl
[rosout][INFO] 2022-05-05 15:57:54,097: publishing ctrl
[rosout][INFO] 2022-05-05 15:57:54,110: /car/driveReceived a new image.
[rosout][INFO] 2022-05-05 15:57:54,114: publishing ctrl
[rosout][INFO] 2022-05-05 15:57:54,143: publishing ctrl
[rosout][INFO] 2022-05-05 15:57:54,170: publishing ctrl
[rosout][INFO] 2022-05-05 15:57:54,186: publishing ctrl
[rosout][INFO] 2022-05-05 15:57:54,203: publishing ctrl
[rosout][INFO] 2022-05-05 15:57:54,209: publishing ctrl
[rosout][INFO] 2022-05-05 15:57:54,227: publishing ctrl
[rosout][INFO] 2022-05-05 15:57:54,239: publishing ctrl
[rosout][INFO] 2022-05-05 15:57:54,254: publishing ctrl
[rosout][INFO] 2022-05-05 15:57:54,288: publishing ctrl
[rosout][INFO] 2022-05-05 15:57:54,300: publishing ctrl
[rosout][INFO] 2022-05-05 15:57:54,316: publishing ctrl
[rosout][INFO] 2022-05-05 15:57:54,340: publishing ctrl
[rosout][INFO] 2022-05-05 15:57:54,347: /car/driveReceived a new image.
[rosout][INFO] 2022-05-05 15:57:54,362: publishing ctrl
[rosout][INFO] 2022-05-05 15:57:54,400: publishing ctrl
[rosout][INFO] 2022-05-05 15:57:54,414: publishing ctrl
[rosout][INFO] 2022-05-05 15:57:54,428: publishing ctrl
[rosout][INFO] 2022-05-05 15:57:54,446: publishing ctrl
[rosout][INFO] 2022-05-05 15:57:54,471: publishing ctrl
[rosout][INFO] 2022-05-05 15:57:54,488: publishing ctrl
[rosout][INFO] 2022-05-05 15:57:54,503: publishing ctrl
[rosout][INFO] 2022-05-05 15:57:54,534: publishing ctrl
[rosout][INFO] 2022-05-05 15:57:54,567: publishing ctrl
[rosout][INFO] 2022-05-05 15:57:54,584: publishing ctrl
[rosout][INFO] 2022-05-05 15:57:54,597: /car/driveReceived a new image.
[rosout][INFO] 2022-05-05 15:57:54,601: publishing ctrl
[rosout][INFO] 2022-05-05 15:57:54,632: publishing ctrl
[rosout][INFO] 2022-05-05 15:57:54,638: publishing ctrl
[rosout][INFO] 2022-05-05 15:57:54,663: publishing ctrl
[rosout][INFO] 2022-05-05 15:57:54,691: publishing ctrl
[rosout][INFO] 2022-05-05 15:57:54,700: publishing ctrl
[rosout][INFO] 2022-05-05 15:57:54,709: publishing ctrl
[rosout][INFO] 2022-05-05 15:57:54,722: publishing ctrl
[rosout][INFO] 2022-05-05 15:57:54,741: publishing ctrl
[rosout][INFO] 2022-05-05 15:57:54,763: publishing ctrl
[rosout][INFO] 2022-05-05 15:57:54,778: publishing ctrl
[rosout][INFO] 2022-05-05 15:57:54,794: publishing ctrl
[rosout][INFO] 2022-05-05 15:57:54,818: publishing ctrl
[rosout][INFO] 2022-05-05 15:57:54,860: publishing ctrl
[rosout][INFO] 2022-05-05 15:57:54,887: /car/driveReceived a new image.
[rosout][INFO] 2022-05-05 15:57:54,894: publishing ctrl
[rosout][INFO] 2022-05-05 15:57:54,921: publishing ctrl
[rosout][INFO] 2022-05-05 15:57:54,941: publishing ctrl
[rosout][INFO] 2022-05-05 15:57:54,961: publishing ctrl
[rosout][INFO] 2022-05-05 15:57:54,981: publishing ctrl
[rosout][INFO] 2022-05-05 15:57:55,003: publishing ctrl
[rosout][INFO] 2022-05-05 15:57:55,026: publishing ctrl
[rosout][INFO] 2022-05-05 15:57:55,046: publishing ctrl
[rosout][INFO] 2022-05-05 15:57:55,067: publishing ctrl
[rosout][INFO] 2022-05-05 15:57:55,081: publishing ctrl
[rosout][INFO] 2022-05-05 15:57:55,113: publishing ctrl
[rosout][INFO] 2022-05-05 15:57:55,120: publishing ctrl
[rosout][INFO] 2022-05-05 15:57:55,142: publishing ctrl
[rosout][INFO] 2022-05-05 15:57:55,160: /car/driveReceived a new image.
[rosout][INFO] 2022-05-05 15:57:55,165: publishing ctrl
[rosout][INFO] 2022-05-05 15:57:55,186: publishing ctrl
[rosout][INFO] 2022-05-05 15:57:55,222: publishing ctrl
[rosout][INFO] 2022-05-05 15:57:55,234: publishing ctrl
[rosout][INFO] 2022-05-05 15:57:55,247: publishing ctrl
[rosout][INFO] 2022-05-05 15:57:55,266: publishing ctrl
[rosout][INFO] 2022-05-05 15:57:55,287: publishing ctrl
[rosout][INFO] 2022-05-05 15:57:55,309: publishing ctrl
[rosout][INFO] 2022-05-05 15:57:55,322: publishing ctrl
[rosout][INFO] 2022-05-05 15:57:55,390: publishing ctrl
[rosout][INFO] 2022-05-05 15:57:55,401: /car/driveReceived a new image.
[rosout][INFO] 2022-05-05 15:57:55,412: publishing ctrl
[rosout][INFO] 2022-05-05 15:57:55,430: publishing ctrl
[rosout][INFO] 2022-05-05 15:57:55,451: publishing ctrl
[rosout][INFO] 2022-05-05 15:57:55,481: publishing ctrl
[rosout][INFO] 2022-05-05 15:57:55,500: publishing ctrl
[rosout][INFO] 2022-05-05 15:57:55,511: publishing ctrl
[rosout][INFO] 2022-05-05 15:57:55,550: publishing ctrl
[rosout][INFO] 2022-05-05 15:57:55,560: publishing ctrl
[rosout][INFO] 2022-05-05 15:57:55,574: publishing ctrl
[rosout][INFO] 2022-05-05 15:57:55,591: publishing ctrl
[rosout][INFO] 2022-05-05 15:57:55,619: publishing ctrl
[rosout][INFO] 2022-05-05 15:57:55,635: publishing ctrl
[rosout][INFO] 2022-05-05 15:57:55,656: /car/driveReceived a new image.
[rosout][INFO] 2022-05-05 15:57:55,658: publishing ctrl
[rosout][INFO] 2022-05-05 15:57:55,673: publishing ctrl
[rosout][INFO] 2022-05-05 15:57:55,693: publishing ctrl
[rosout][INFO] 2022-05-05 15:57:55,711: publishing ctrl
[rosout][INFO] 2022-05-05 15:57:55,730: publishing ctrl
[rosout][INFO] 2022-05-05 15:57:55,751: publishing ctrl
[rosout][INFO] 2022-05-05 15:57:55,770: publishing ctrl
[rosout][INFO] 2022-05-05 15:57:55,794: publishing ctrl
[rosout][INFO] 2022-05-05 15:57:55,810: publishing ctrl
[rosout][INFO] 2022-05-05 15:57:55,837: publishing ctrl
[rosout][INFO] 2022-05-05 15:57:55,851: publishing ctrl
[rosout][INFO] 2022-05-05 15:57:55,875: /car/driveReceived a new image.
[rosout][INFO] 2022-05-05 15:57:55,888: publishing ctrl
[rosout][INFO] 2022-05-05 15:57:55,915: publishing ctrl
[rosout][INFO] 2022-05-05 15:57:55,945: publishing ctrl
[rosout][INFO] 2022-05-05 15:57:55,965: publishing ctrl
[rosout][INFO] 2022-05-05 15:57:55,979: publishing ctrl
[rosout][INFO] 2022-05-05 15:57:56,010: publishing ctrl
[rosout][INFO] 2022-05-05 15:57:56,031: publishing ctrl
[rosout][INFO] 2022-05-05 15:57:56,051: publishing ctrl
[rosout][INFO] 2022-05-05 15:57:56,075: publishing ctrl
[rosout][INFO] 2022-05-05 15:57:56,113: publishing ctrl
[rosout][INFO] 2022-05-05 15:57:56,126: /car/driveReceived a new image.
[rosout][INFO] 2022-05-05 15:57:56,138: publishing ctrl
[rosout][INFO] 2022-05-05 15:57:56,163: publishing ctrl
[rosout][INFO] 2022-05-05 15:57:56,181: publishing ctrl
[rosout][INFO] 2022-05-05 15:57:56,191: publishing ctrl
[rosout][INFO] 2022-05-05 15:57:56,213: publishing ctrl
[rosout][INFO] 2022-05-05 15:57:56,225: publishing ctrl
[rosout][INFO] 2022-05-05 15:57:56,235: publishing ctrl
[rosout][INFO] 2022-05-05 15:57:56,251: publishing ctrl
[rosout][INFO] 2022-05-05 15:57:56,271: publishing ctrl
[rosout][INFO] 2022-05-05 15:57:56,292: publishing ctrl
[rosout][INFO] 2022-05-05 15:57:56,316: publishing ctrl
[rospy.core][INFO] 2022-05-05 15:57:56,361: signal_shutdown [signal-2]
[rosout][INFO] 2022-05-05 15:57:56,353: publishing ctrl
[rospy.internal][INFO] 2022-05-05 15:57:56,415: topic[/car/mux/ackermann_cmd_mux/input/navigation] removing connection to /car/mux/nodelet_manager
[rospy.internal][INFO] 2022-05-05 15:57:56,416: topic[/rosout] removing connection to /rosout
[rospy.internal][INFO] 2022-05-05 15:57:56,417: topic[/csi_cam_0/image_raw] removing connection to http://robot-desktop:35981/
[rospy.impl.masterslave][INFO] 2022-05-05 15:57:56,419: signal-2
[rosout][INFO] 2022-05-05 15:57:56,370: publishing ctrl
[rospy.core][INFO] 2022-05-05 15:57:56,992: signal_shutdown [atexit]
