[rospy.client][INFO] 2022-05-05 15:44:13,341: init_node, name[/car/vesc/throttle_interpolator], pid[6822]
[xmlrpc][INFO] 2022-05-05 15:44:13,342: XML-RPC server binding to 0.0.0.0:0
[xmlrpc][INFO] 2022-05-05 15:44:13,343: Started XML-RPC server [http://robot-desktop:44901/]
[rospy.init][INFO] 2022-05-05 15:44:13,344: ROS Slave URI: [http://robot-desktop:44901/]
[rospy.impl.masterslave][INFO] 2022-05-05 15:44:13,344: _ready: http://robot-desktop:44901/
[rospy.registration][INFO] 2022-05-05 15:44:13,346: Registering with master node http://robot-desktop:11311
[xmlrpc][INFO] 2022-05-05 15:44:13,347: xml rpc node: starting XML-RPC server
[rospy.init][INFO] 2022-05-05 15:44:13,445: registered with master
[rospy.rosout][INFO] 2022-05-05 15:44:13,446: initializing /rosout core topic
[rospy.rosout][INFO] 2022-05-05 15:44:13,452: connected to core topic /rosout
[rospy.simtime][INFO] 2022-05-05 15:44:13,456: /use_sim_time is not set, will not subscribe to simulated time [/clock] topic
[rospy.internal][INFO] 2022-05-05 15:44:13,670: topic[/car/vesc/commands/servo/unsmoothed_position] adding connection to [http://robot-desktop:37507/], count 0
[rospy.internal][INFO] 2022-05-05 15:44:13,672: topic[/car/vesc/commands/motor/unsmoothed_speed] adding connection to [http://robot-desktop:37507/], count 0
[rospy.internal][INFO] 2022-05-05 15:44:13,698: topic[/rosout] adding connection to [/rosout], count 0
[rospy.core][INFO] 2022-05-05 15:44:21,001: signal_shutdown [signal-2]
[rospy.internal][INFO] 2022-05-05 15:44:21,011: topic[/rosout] removing connection to /rosout
[rospy.internal][INFO] 2022-05-05 15:44:21,014: topic[/car/vesc/commands/motor/unsmoothed_speed] removing connection to http://robot-desktop:37507/
[rospy.internal][INFO] 2022-05-05 15:44:21,018: topic[/car/vesc/commands/servo/unsmoothed_position] removing connection to http://robot-desktop:37507/
[rospy.impl.masterslave][INFO] 2022-05-05 15:44:21,019: signal-2
[rospy.internal][WARNING] 2022-05-05 15:44:21,108: Unknown error initiating TCP/IP socket to robot-desktop:37869 (http://robot-desktop:37507/): Traceback (most recent call last):
  File "/opt/ros/melodic/lib/python2.7/dist-packages/rospy/impl/tcpros_base.py", line 562, in connect
    self.read_header()
  File "/opt/ros/melodic/lib/python2.7/dist-packages/rospy/impl/tcpros_base.py", line 657, in read_header
    self._validate_header(read_ros_handshake_header(sock, self.read_buff, self.protocol.buff_size))
  File "/opt/ros/melodic/lib/python2.7/dist-packages/rosgraph/network.py", line 357, in read_ros_handshake_header
    d = sock.recv(buff_size)
error: [Errno 104] Connection reset by peer

[rospy.internal][WARNING] 2022-05-05 15:44:21,109: Unknown error initiating TCP/IP socket to robot-desktop:37869 (http://robot-desktop:37507/): Traceback (most recent call last):
  File "/opt/ros/melodic/lib/python2.7/dist-packages/rospy/impl/tcpros_base.py", line 562, in connect
    self.read_header()
  File "/opt/ros/melodic/lib/python2.7/dist-packages/rospy/impl/tcpros_base.py", line 657, in read_header
    self._validate_header(read_ros_handshake_header(sock, self.read_buff, self.protocol.buff_size))
  File "/opt/ros/melodic/lib/python2.7/dist-packages/rosgraph/network.py", line 357, in read_ros_handshake_header
    d = sock.recv(buff_size)
error: [Errno 104] Connection reset by peer

[rospy.core][INFO] 2022-05-05 15:44:21,136: signal_shutdown [atexit]
