[rospy.client][INFO] 2022-05-05 15:44:16,541: init_node, name[/car/drive], pid[6909]
[xmlrpc][INFO] 2022-05-05 15:44:16,542: XML-RPC server binding to 0.0.0.0:0
[xmlrpc][INFO] 2022-05-05 15:44:16,543: Started XML-RPC server [http://robot-desktop:36925/]
[rospy.init][INFO] 2022-05-05 15:44:16,543: ROS Slave URI: [http://robot-desktop:36925/]
[rospy.impl.masterslave][INFO] 2022-05-05 15:44:16,544: _ready: http://robot-desktop:36925/
[xmlrpc][INFO] 2022-05-05 15:44:16,545: xml rpc node: starting XML-RPC server
[rospy.registration][INFO] 2022-05-05 15:44:16,546: Registering with master node http://robot-desktop:11311
[rospy.init][INFO] 2022-05-05 15:44:16,644: registered with master
[rospy.rosout][INFO] 2022-05-05 15:44:16,646: initializing /rosout core topic
[rospy.rosout][INFO] 2022-05-05 15:44:16,656: connected to core topic /rosout
[rospy.simtime][INFO] 2022-05-05 15:44:16,661: /use_sim_time is not set, will not subscribe to simulated time [/clock] topic
[rosout][INFO] 2022-05-05 15:44:16,759: publishing ctrl
[rosout][INFO] 2022-05-05 15:44:16,779: publishing ctrl
[rosout][INFO] 2022-05-05 15:44:16,799: publishing ctrl
[rosout][INFO] 2022-05-05 15:44:16,819: publishing ctrl
[rosout][INFO] 2022-05-05 15:44:16,839: publishing ctrl
[rosout][INFO] 2022-05-05 15:44:16,861: publishing ctrl
[rosout][INFO] 2022-05-05 15:44:16,880: publishing ctrl
[rosout][INFO] 2022-05-05 15:44:16,899: publishing ctrl
[rosout][INFO] 2022-05-05 15:44:16,919: publishing ctrl
[rospy.internal][INFO] 2022-05-05 15:44:16,928: topic[/rosout] adding connection to [/rosout], count 0
[rosout][INFO] 2022-05-05 15:44:16,939: publishing ctrl
[rosout][INFO] 2022-05-05 15:44:16,959: publishing ctrl
[rosout][INFO] 2022-05-05 15:44:16,979: publishing ctrl
[rosout][INFO] 2022-05-05 15:44:16,999: publishing ctrl
[rosout][INFO] 2022-05-05 15:44:17,019: publishing ctrl
[rospy.internal][INFO] 2022-05-05 15:44:17,029: topic[/car/mux/ackermann_cmd_mux/input/navigation] adding connection to [/car/mux/nodelet_manager], count 0
[rosout][INFO] 2022-05-05 15:44:17,040: publishing ctrl
[rosout][INFO] 2022-05-05 15:44:17,060: publishing ctrl
[rosout][INFO] 2022-05-05 15:44:17,081: publishing ctrl
[rosout][INFO] 2022-05-05 15:44:17,100: publishing ctrl
[rosout][INFO] 2022-05-05 15:44:17,120: publishing ctrl
[rosout][INFO] 2022-05-05 15:44:17,141: publishing ctrl
[rosout][INFO] 2022-05-05 15:44:17,160: publishing ctrl
[rosout][INFO] 2022-05-05 15:44:17,180: publishing ctrl
[rosout][INFO] 2022-05-05 15:44:17,200: publishing ctrl
[rosout][INFO] 2022-05-05 15:44:17,220: publishing ctrl
[rosout][INFO] 2022-05-05 15:44:17,240: publishing ctrl
[rosout][INFO] 2022-05-05 15:44:17,260: publishing ctrl
[rosout][INFO] 2022-05-05 15:44:17,280: publishing ctrl
[rosout][INFO] 2022-05-05 15:44:17,301: publishing ctrl
[rosout][INFO] 2022-05-05 15:44:17,320: publishing ctrl
[rosout][INFO] 2022-05-05 15:44:17,339: publishing ctrl
[rosout][INFO] 2022-05-05 15:44:17,359: publishing ctrl
[rosout][INFO] 2022-05-05 15:44:17,379: publishing ctrl
[rosout][INFO] 2022-05-05 15:44:17,399: publishing ctrl
[rosout][INFO] 2022-05-05 15:44:17,419: publishing ctrl
[rosout][INFO] 2022-05-05 15:44:17,440: publishing ctrl
[rosout][INFO] 2022-05-05 15:44:17,459: publishing ctrl
[rosout][INFO] 2022-05-05 15:44:17,480: publishing ctrl
[rosout][INFO] 2022-05-05 15:44:17,500: publishing ctrl
[rosout][INFO] 2022-05-05 15:44:17,520: publishing ctrl
[rosout][INFO] 2022-05-05 15:44:17,540: publishing ctrl
[rosout][INFO] 2022-05-05 15:44:17,560: publishing ctrl
[rosout][INFO] 2022-05-05 15:44:17,580: publishing ctrl
[rosout][INFO] 2022-05-05 15:44:17,600: publishing ctrl
[rosout][INFO] 2022-05-05 15:44:17,621: publishing ctrl
[rosout][INFO] 2022-05-05 15:44:17,640: publishing ctrl
[rosout][INFO] 2022-05-05 15:44:17,660: publishing ctrl
[rosout][INFO] 2022-05-05 15:44:17,680: publishing ctrl
[rosout][INFO] 2022-05-05 15:44:17,700: publishing ctrl
[rosout][INFO] 2022-05-05 15:44:17,720: publishing ctrl
[rosout][INFO] 2022-05-05 15:44:17,742: publishing ctrl
[rosout][INFO] 2022-05-05 15:44:17,760: publishing ctrl
[rosout][INFO] 2022-05-05 15:44:17,780: publishing ctrl
[rosout][INFO] 2022-05-05 15:44:17,800: publishing ctrl
[rosout][INFO] 2022-05-05 15:44:17,820: publishing ctrl
[rosout][INFO] 2022-05-05 15:44:17,840: publishing ctrl
[rosout][INFO] 2022-05-05 15:44:17,860: publishing ctrl
[rosout][INFO] 2022-05-05 15:44:17,879: publishing ctrl
[rosout][INFO] 2022-05-05 15:44:17,899: publishing ctrl
[rosout][INFO] 2022-05-05 15:44:17,919: publishing ctrl
[rosout][INFO] 2022-05-05 15:44:17,939: publishing ctrl
[rosout][INFO] 2022-05-05 15:44:17,959: publishing ctrl
[rosout][INFO] 2022-05-05 15:44:17,979: publishing ctrl
[rosout][INFO] 2022-05-05 15:44:17,999: publishing ctrl
[rosout][INFO] 2022-05-05 15:44:18,019: publishing ctrl
[rosout][INFO] 2022-05-05 15:44:18,040: publishing ctrl
[rosout][INFO] 2022-05-05 15:44:18,060: publishing ctrl
[rosout][INFO] 2022-05-05 15:44:18,080: publishing ctrl
[rosout][INFO] 2022-05-05 15:44:18,100: publishing ctrl
[rosout][INFO] 2022-05-05 15:44:18,120: publishing ctrl
[rosout][INFO] 2022-05-05 15:44:18,140: publishing ctrl
[rosout][INFO] 2022-05-05 15:44:18,160: publishing ctrl
[rosout][INFO] 2022-05-05 15:44:18,180: publishing ctrl
[rosout][INFO] 2022-05-05 15:44:18,200: publishing ctrl
[rosout][INFO] 2022-05-05 15:44:18,220: publishing ctrl
[rosout][INFO] 2022-05-05 15:44:18,240: publishing ctrl
[rosout][INFO] 2022-05-05 15:44:18,259: publishing ctrl
[rosout][INFO] 2022-05-05 15:44:18,279: publishing ctrl
[rosout][INFO] 2022-05-05 15:44:18,299: publishing ctrl
[rosout][INFO] 2022-05-05 15:44:18,319: publishing ctrl
[rosout][INFO] 2022-05-05 15:44:18,339: publishing ctrl
[rosout][INFO] 2022-05-05 15:44:18,359: publishing ctrl
[rosout][INFO] 2022-05-05 15:44:18,379: publishing ctrl
[rosout][INFO] 2022-05-05 15:44:18,399: publishing ctrl
[rosout][INFO] 2022-05-05 15:44:18,420: publishing ctrl
[rosout][INFO] 2022-05-05 15:44:18,440: publishing ctrl
[rosout][INFO] 2022-05-05 15:44:18,460: publishing ctrl
[rosout][INFO] 2022-05-05 15:44:18,480: publishing ctrl
[rosout][INFO] 2022-05-05 15:44:18,500: publishing ctrl
[rosout][INFO] 2022-05-05 15:44:18,520: publishing ctrl
[rosout][INFO] 2022-05-05 15:44:18,540: publishing ctrl
[rosout][INFO] 2022-05-05 15:44:18,560: publishing ctrl
[rosout][INFO] 2022-05-05 15:44:18,579: publishing ctrl
[rosout][INFO] 2022-05-05 15:44:18,599: publishing ctrl
[rosout][INFO] 2022-05-05 15:44:18,619: publishing ctrl
[rosout][INFO] 2022-05-05 15:44:18,640: publishing ctrl
[rosout][INFO] 2022-05-05 15:44:18,659: publishing ctrl
[rosout][INFO] 2022-05-05 15:44:18,679: publishing ctrl
[rosout][INFO] 2022-05-05 15:44:18,699: publishing ctrl
[rosout][INFO] 2022-05-05 15:44:18,720: publishing ctrl
[rosout][INFO] 2022-05-05 15:44:18,740: publishing ctrl
[rosout][INFO] 2022-05-05 15:44:18,760: publishing ctrl
[rosout][INFO] 2022-05-05 15:44:18,780: publishing ctrl
[rosout][INFO] 2022-05-05 15:44:18,800: publishing ctrl
[rosout][INFO] 2022-05-05 15:44:18,820: publishing ctrl
[rosout][INFO] 2022-05-05 15:44:18,840: publishing ctrl
[rosout][INFO] 2022-05-05 15:44:18,860: publishing ctrl
[rosout][INFO] 2022-05-05 15:44:18,880: publishing ctrl
[rosout][INFO] 2022-05-05 15:44:18,900: publishing ctrl
[rosout][INFO] 2022-05-05 15:44:18,920: publishing ctrl
[rosout][INFO] 2022-05-05 15:44:18,940: publishing ctrl
[rosout][INFO] 2022-05-05 15:44:18,960: publishing ctrl
[rosout][INFO] 2022-05-05 15:44:18,980: publishing ctrl
[rosout][INFO] 2022-05-05 15:44:18,999: publishing ctrl
[rosout][INFO] 2022-05-05 15:44:19,019: publishing ctrl
[rosout][INFO] 2022-05-05 15:44:19,039: publishing ctrl
[rosout][INFO] 2022-05-05 15:44:19,059: publishing ctrl
[rosout][INFO] 2022-05-05 15:44:19,079: publishing ctrl
[rosout][INFO] 2022-05-05 15:44:19,099: publishing ctrl
[rosout][INFO] 2022-05-05 15:44:19,119: publishing ctrl
[rosout][INFO] 2022-05-05 15:44:19,140: publishing ctrl
[rosout][INFO] 2022-05-05 15:44:19,160: publishing ctrl
[rosout][INFO] 2022-05-05 15:44:19,180: publishing ctrl
[rosout][INFO] 2022-05-05 15:44:19,200: publishing ctrl
[rosout][INFO] 2022-05-05 15:44:19,220: publishing ctrl
[rosout][INFO] 2022-05-05 15:44:19,240: publishing ctrl
[rosout][INFO] 2022-05-05 15:44:19,259: publishing ctrl
[rosout][INFO] 2022-05-05 15:44:19,280: publishing ctrl
[rosout][INFO] 2022-05-05 15:44:19,300: publishing ctrl
[rosout][INFO] 2022-05-05 15:44:19,320: publishing ctrl
[rosout][INFO] 2022-05-05 15:44:19,340: publishing ctrl
[rosout][INFO] 2022-05-05 15:44:19,360: publishing ctrl
[rosout][INFO] 2022-05-05 15:44:19,380: publishing ctrl
[rosout][INFO] 2022-05-05 15:44:19,401: publishing ctrl
[rosout][INFO] 2022-05-05 15:44:19,420: publishing ctrl
[rosout][INFO] 2022-05-05 15:44:19,439: publishing ctrl
[rosout][INFO] 2022-05-05 15:44:19,459: publishing ctrl
[rosout][INFO] 2022-05-05 15:44:19,479: publishing ctrl
[rosout][INFO] 2022-05-05 15:44:19,499: publishing ctrl
[rosout][INFO] 2022-05-05 15:44:19,519: publishing ctrl
[rosout][INFO] 2022-05-05 15:44:19,539: publishing ctrl
[rosout][INFO] 2022-05-05 15:44:19,560: publishing ctrl
[rosout][INFO] 2022-05-05 15:44:19,580: publishing ctrl
[rosout][INFO] 2022-05-05 15:44:19,600: publishing ctrl
[rosout][INFO] 2022-05-05 15:44:19,620: publishing ctrl
[rosout][INFO] 2022-05-05 15:44:19,640: publishing ctrl
[rosout][INFO] 2022-05-05 15:44:19,660: publishing ctrl
[rosout][INFO] 2022-05-05 15:44:19,680: publishing ctrl
[rosout][INFO] 2022-05-05 15:44:19,700: publishing ctrl
[rosout][INFO] 2022-05-05 15:44:19,720: publishing ctrl
[rosout][INFO] 2022-05-05 15:44:19,740: publishing ctrl
[rosout][INFO] 2022-05-05 15:44:19,760: publishing ctrl
[rosout][INFO] 2022-05-05 15:44:19,780: publishing ctrl
[rosout][INFO] 2022-05-05 15:44:19,800: publishing ctrl
[rosout][INFO] 2022-05-05 15:44:19,820: publishing ctrl
[rosout][INFO] 2022-05-05 15:44:19,840: publishing ctrl
[rosout][INFO] 2022-05-05 15:44:19,860: publishing ctrl
[rosout][INFO] 2022-05-05 15:44:19,879: publishing ctrl
[rosout][INFO] 2022-05-05 15:44:19,899: publishing ctrl
[rosout][INFO] 2022-05-05 15:44:19,919: publishing ctrl
[rosout][INFO] 2022-05-05 15:44:19,939: publishing ctrl
[rosout][INFO] 2022-05-05 15:44:19,960: publishing ctrl
[rosout][INFO] 2022-05-05 15:44:19,980: publishing ctrl
[rosout][INFO] 2022-05-05 15:44:20,000: publishing ctrl
[rosout][INFO] 2022-05-05 15:44:20,020: publishing ctrl
[rosout][INFO] 2022-05-05 15:44:20,040: publishing ctrl
[rosout][INFO] 2022-05-05 15:44:20,060: publishing ctrl
[rosout][INFO] 2022-05-05 15:44:20,080: publishing ctrl
[rosout][INFO] 2022-05-05 15:44:20,100: publishing ctrl
[rosout][INFO] 2022-05-05 15:44:20,120: publishing ctrl
[rosout][INFO] 2022-05-05 15:44:20,140: publishing ctrl
[rosout][INFO] 2022-05-05 15:44:20,160: publishing ctrl
[rosout][INFO] 2022-05-05 15:44:20,180: publishing ctrl
[rosout][INFO] 2022-05-05 15:44:20,200: publishing ctrl
[rosout][INFO] 2022-05-05 15:44:20,220: publishing ctrl
[rosout][INFO] 2022-05-05 15:44:20,240: publishing ctrl
[rosout][INFO] 2022-05-05 15:44:20,259: publishing ctrl
[rosout][INFO] 2022-05-05 15:44:20,279: publishing ctrl
[rosout][INFO] 2022-05-05 15:44:20,299: publishing ctrl
[rosout][INFO] 2022-05-05 15:44:20,319: publishing ctrl
[rosout][INFO] 2022-05-05 15:44:20,339: publishing ctrl
[rosout][INFO] 2022-05-05 15:44:20,359: publishing ctrl
[rosout][INFO] 2022-05-05 15:44:20,380: publishing ctrl
[rosout][INFO] 2022-05-05 15:44:20,400: publishing ctrl
[rosout][INFO] 2022-05-05 15:44:20,420: publishing ctrl
[rosout][INFO] 2022-05-05 15:44:20,440: publishing ctrl
[rosout][INFO] 2022-05-05 15:44:20,460: publishing ctrl
[rosout][INFO] 2022-05-05 15:44:20,480: publishing ctrl
[rosout][INFO] 2022-05-05 15:44:20,500: publishing ctrl
[rosout][INFO] 2022-05-05 15:44:20,520: publishing ctrl
[rosout][INFO] 2022-05-05 15:44:20,540: publishing ctrl
[rosout][INFO] 2022-05-05 15:44:20,560: publishing ctrl
[rosout][INFO] 2022-05-05 15:44:20,580: publishing ctrl
[rosout][INFO] 2022-05-05 15:44:20,600: publishing ctrl
[rosout][INFO] 2022-05-05 15:44:20,620: publishing ctrl
[rosout][INFO] 2022-05-05 15:44:20,640: publishing ctrl
[rosout][INFO] 2022-05-05 15:44:20,660: publishing ctrl
[rosout][INFO] 2022-05-05 15:44:20,679: publishing ctrl
[rosout][INFO] 2022-05-05 15:44:20,700: publishing ctrl
[rosout][INFO] 2022-05-05 15:44:20,719: publishing ctrl
[rosout][INFO] 2022-05-05 15:44:20,739: publishing ctrl
[rosout][INFO] 2022-05-05 15:44:20,759: publishing ctrl
[rosout][INFO] 2022-05-05 15:44:20,780: publishing ctrl
[rosout][INFO] 2022-05-05 15:44:20,799: publishing ctrl
[rosout][INFO] 2022-05-05 15:44:20,819: publishing ctrl
[rosout][INFO] 2022-05-05 15:44:20,840: publishing ctrl
[rosout][INFO] 2022-05-05 15:44:20,860: publishing ctrl
[rosout][INFO] 2022-05-05 15:44:20,880: publishing ctrl
[rosout][INFO] 2022-05-05 15:44:20,900: publishing ctrl
[rosout][INFO] 2022-05-05 15:44:20,920: publishing ctrl
[rosout][INFO] 2022-05-05 15:44:20,940: publishing ctrl
[rosout][INFO] 2022-05-05 15:44:20,960: publishing ctrl
[rosout][INFO] 2022-05-05 15:44:20,980: publishing ctrl
[rospy.core][INFO] 2022-05-05 15:44:20,986: signal_shutdown [signal-2]
[rospy.internal][INFO] 2022-05-05 15:44:21,001: topic[/car/mux/ackermann_cmd_mux/input/navigation] removing connection to /car/mux/nodelet_manager
[rospy.internal][INFO] 2022-05-05 15:44:21,002: topic[/rosout] removing connection to /rosout
[rospy.impl.masterslave][INFO] 2022-05-05 15:44:21,003: signal-2
[rosout][INFO] 2022-05-05 15:44:21,012: publishing ctrl
[rospy.core][INFO] 2022-05-05 15:44:21,146: signal_shutdown [atexit]
