[rospy.client][INFO] 2022-05-05 15:41:32,116: init_node, name[/car/drive], pid[22227]
[xmlrpc][INFO] 2022-05-05 15:41:32,118: XML-RPC server binding to 0.0.0.0:0
[xmlrpc][INFO] 2022-05-05 15:41:32,121: Started XML-RPC server [http://robot-desktop:38421/]
[rospy.init][INFO] 2022-05-05 15:41:32,122: ROS Slave URI: [http://robot-desktop:38421/]
[rospy.impl.masterslave][INFO] 2022-05-05 15:41:32,123: _ready: http://robot-desktop:38421/
[rospy.registration][INFO] 2022-05-05 15:41:32,129: Registering with master node http://robot-desktop:11311
[xmlrpc][INFO] 2022-05-05 15:41:32,130: xml rpc node: starting XML-RPC server
[rospy.init][INFO] 2022-05-05 15:41:32,224: registered with master
[rospy.rosout][INFO] 2022-05-05 15:41:32,225: initializing /rosout core topic
[rospy.rosout][INFO] 2022-05-05 15:41:32,242: connected to core topic /rosout
[rospy.simtime][INFO] 2022-05-05 15:41:32,252: /use_sim_time is not set, will not subscribe to simulated time [/clock] topic
[rospy.internal][INFO] 2022-05-05 15:41:32,543: topic[/rosout] adding connection to [/rosout], count 0
[rospy.internal][INFO] 2022-05-05 15:41:32,817: topic[/csi_cam_0/image_raw] adding connection to [http://robot-desktop:39191/], count 0
[rosout][INFO] 2022-05-05 15:41:32,818: publishing ctrl
[rosout][INFO] 2022-05-05 15:41:32,840: publishing ctrl
[rosout][INFO] 2022-05-05 15:41:32,860: publishing ctrl
[rosout][INFO] 2022-05-05 15:41:32,871: publishing ctrl
[rosout][INFO] 2022-05-05 15:41:32,879: publishing ctrl
[rosout][INFO] 2022-05-05 15:41:32,887: publishing ctrl
[rosout][INFO] 2022-05-05 15:41:32,899: publishing ctrl
[rosout][INFO] 2022-05-05 15:41:32,909: publishing ctrl
[rosout][INFO] 2022-05-05 15:41:32,918: publishing ctrl
[rosout][INFO] 2022-05-05 15:41:32,927: publishing ctrl
[rosout][INFO] 2022-05-05 15:41:32,939: publishing ctrl
[rosout][INFO] 2022-05-05 15:41:32,948: publishing ctrl
[rosout][INFO] 2022-05-05 15:41:32,957: publishing ctrl
[rosout][INFO] 2022-05-05 15:41:32,964: publishing ctrl
[rosout][INFO] 2022-05-05 15:41:32,973: publishing ctrl
[rosout][INFO] 2022-05-05 15:41:32,982: publishing ctrl
[rosout][INFO] 2022-05-05 15:41:32,992: publishing ctrl
[rosout][INFO] 2022-05-05 15:41:33,000: publishing ctrl
[rosout][INFO] 2022-05-05 15:41:33,007: publishing ctrl
[rosout][INFO] 2022-05-05 15:41:33,015: publishing ctrl
[rosout][INFO] 2022-05-05 15:41:33,024: publishing ctrl
[rospy.internal][INFO] 2022-05-05 15:41:33,040: topic[/car/mux/ackermann_cmd_mux/input/navigation] adding connection to [/car/mux/nodelet_manager], count 0
[rosout][INFO] 2022-05-05 15:41:33,037: publishing ctrl
[rosout][INFO] 2022-05-05 15:41:33,054: publishing ctrl
[rosout][INFO] 2022-05-05 15:41:33,066: publishing ctrl
[rosout][INFO] 2022-05-05 15:41:33,081: publishing ctrl
[rosout][INFO] 2022-05-05 15:41:33,090: publishing ctrl
[rosout][INFO] 2022-05-05 15:41:33,105: publishing ctrl
[rosout][INFO] 2022-05-05 15:41:33,119: publishing ctrl
[rosout][INFO] 2022-05-05 15:41:33,128: publishing ctrl
[rosout][INFO] 2022-05-05 15:41:33,140: publishing ctrl
[rosout][INFO] 2022-05-05 15:41:33,152: publishing ctrl
[rosout][INFO] 2022-05-05 15:41:33,162: publishing ctrl
[rosout][INFO] 2022-05-05 15:41:33,174: publishing ctrl
[rosout][INFO] 2022-05-05 15:41:33,185: publishing ctrl
[rosout][INFO] 2022-05-05 15:41:33,199: publishing ctrl
[rosout][INFO] 2022-05-05 15:41:33,207: publishing ctrl
[rosout][INFO] 2022-05-05 15:41:33,216: publishing ctrl
[rosout][INFO] 2022-05-05 15:41:33,233: publishing ctrl
[rosout][INFO] 2022-05-05 15:41:33,244: publishing ctrl
[rosout][INFO] 2022-05-05 15:41:33,255: publishing ctrl
[rosout][INFO] 2022-05-05 15:41:33,264: publishing ctrl
[rosout][INFO] 2022-05-05 15:41:33,276: publishing ctrl
[rosout][INFO] 2022-05-05 15:41:33,285: publishing ctrl
[rosout][INFO] 2022-05-05 15:41:33,299: publishing ctrl
[rosout][INFO] 2022-05-05 15:41:33,309: publishing ctrl
[rosout][INFO] 2022-05-05 15:41:33,319: publishing ctrl
[rosout][INFO] 2022-05-05 15:41:33,328: publishing ctrl
[rosout][INFO] 2022-05-05 15:41:33,340: publishing ctrl
[rosout][INFO] 2022-05-05 15:41:33,355: publishing ctrl
[rosout][INFO] 2022-05-05 15:41:33,364: publishing ctrl
[rosout][INFO] 2022-05-05 15:41:33,376: publishing ctrl
[rosout][INFO] 2022-05-05 15:41:33,386: publishing ctrl
[rosout][INFO] 2022-05-05 15:41:33,396: publishing ctrl
[rosout][INFO] 2022-05-05 15:41:33,405: publishing ctrl
[rosout][INFO] 2022-05-05 15:41:33,416: publishing ctrl
[rosout][INFO] 2022-05-05 15:41:33,427: publishing ctrl
[rosout][INFO] 2022-05-05 15:41:33,441: publishing ctrl
[rosout][INFO] 2022-05-05 15:41:33,457: publishing ctrl
[rosout][INFO] 2022-05-05 15:41:33,467: publishing ctrl
[rosout][INFO] 2022-05-05 15:41:33,480: publishing ctrl
[rosout][INFO] 2022-05-05 15:41:33,489: publishing ctrl
[rosout][INFO] 2022-05-05 15:41:33,499: publishing ctrl
[rosout][INFO] 2022-05-05 15:41:33,512: publishing ctrl
[rosout][INFO] 2022-05-05 15:41:33,523: publishing ctrl
[rosout][INFO] 2022-05-05 15:41:33,535: publishing ctrl
[rosout][INFO] 2022-05-05 15:41:33,544: publishing ctrl
[rosout][INFO] 2022-05-05 15:41:33,555: publishing ctrl
[rosout][INFO] 2022-05-05 15:41:33,565: publishing ctrl
[rosout][INFO] 2022-05-05 15:41:33,579: publishing ctrl
[rosout][INFO] 2022-05-05 15:41:33,589: publishing ctrl
[rosout][INFO] 2022-05-05 15:41:33,599: publishing ctrl
[rosout][INFO] 2022-05-05 15:41:33,608: publishing ctrl
[rosout][INFO] 2022-05-05 15:41:33,620: publishing ctrl
[rosout][INFO] 2022-05-05 15:41:33,632: publishing ctrl
[rosout][INFO] 2022-05-05 15:41:33,643: publishing ctrl
[rosout][INFO] 2022-05-05 15:41:33,652: publishing ctrl
[rosout][INFO] 2022-05-05 15:41:33,662: publishing ctrl
[rosout][INFO] 2022-05-05 15:41:33,676: publishing ctrl
[rosout][INFO] 2022-05-05 15:41:33,684: publishing ctrl
[rosout][INFO] 2022-05-05 15:41:33,696: publishing ctrl
[rosout][INFO] 2022-05-05 15:41:33,708: publishing ctrl
[rosout][INFO] 2022-05-05 15:41:33,719: publishing ctrl
[rosout][INFO] 2022-05-05 15:41:33,727: publishing ctrl
[rosout][INFO] 2022-05-05 15:41:33,738: publishing ctrl
[rosout][INFO] 2022-05-05 15:41:33,753: publishing ctrl
[rosout][INFO] 2022-05-05 15:41:33,766: publishing ctrl
[rosout][INFO] 2022-05-05 15:41:33,777: publishing ctrl
[rosout][INFO] 2022-05-05 15:41:33,787: publishing ctrl
[rosout][INFO] 2022-05-05 15:41:33,804: publishing ctrl
[rosout][INFO] 2022-05-05 15:41:33,815: publishing ctrl
[rosout][INFO] 2022-05-05 15:41:33,825: publishing ctrl
[rosout][INFO] 2022-05-05 15:41:33,835: publishing ctrl
[rosout][INFO] 2022-05-05 15:41:33,849: publishing ctrl
[rosout][INFO] 2022-05-05 15:41:33,858: publishing ctrl
[rosout][INFO] 2022-05-05 15:41:33,871: publishing ctrl
[rosout][INFO] 2022-05-05 15:41:33,884: publishing ctrl
[rosout][INFO] 2022-05-05 15:41:33,895: publishing ctrl
[rosout][INFO] 2022-05-05 15:41:33,912: publishing ctrl
[rosout][INFO] 2022-05-05 15:41:33,923: publishing ctrl
[rosout][INFO] 2022-05-05 15:41:33,933: publishing ctrl
[rosout][INFO] 2022-05-05 15:41:33,944: publishing ctrl
[rosout][INFO] 2022-05-05 15:41:33,953: publishing ctrl
[rosout][INFO] 2022-05-05 15:41:33,964: publishing ctrl
[rosout][INFO] 2022-05-05 15:41:33,976: publishing ctrl
[rosout][INFO] 2022-05-05 15:41:33,994: publishing ctrl
[rosout][INFO] 2022-05-05 15:41:34,015: publishing ctrl
[rosout][INFO] 2022-05-05 15:41:34,043: publishing ctrl
[rosout][INFO] 2022-05-05 15:41:34,075: publishing ctrl
[rosout][INFO] 2022-05-05 15:41:34,104: publishing ctrl
[rosout][INFO] 2022-05-05 15:41:34,132: publishing ctrl
[rosout][INFO] 2022-05-05 15:41:34,155: publishing ctrl
[rosout][INFO] 2022-05-05 15:41:34,177: publishing ctrl
[rosout][INFO] 2022-05-05 15:41:34,196: publishing ctrl
[rosout][INFO] 2022-05-05 15:41:34,214: publishing ctrl
[rosout][INFO] 2022-05-05 15:41:34,228: publishing ctrl
[rosout][INFO] 2022-05-05 15:41:34,243: publishing ctrl
[rosout][INFO] 2022-05-05 15:41:34,257: publishing ctrl
[rosout][INFO] 2022-05-05 15:41:34,277: publishing ctrl
[rosout][INFO] 2022-05-05 15:41:34,291: publishing ctrl
[rosout][INFO] 2022-05-05 15:41:34,303: publishing ctrl
[rosout][INFO] 2022-05-05 15:41:34,315: publishing ctrl
[rosout][INFO] 2022-05-05 15:41:34,330: publishing ctrl
[rosout][INFO] 2022-05-05 15:41:34,342: publishing ctrl
[rosout][INFO] 2022-05-05 15:41:34,356: publishing ctrl
[rosout][INFO] 2022-05-05 15:41:34,369: publishing ctrl
[rosout][INFO] 2022-05-05 15:41:34,386: publishing ctrl
[rosout][INFO] 2022-05-05 15:41:34,398: publishing ctrl
[rosout][INFO] 2022-05-05 15:41:34,414: publishing ctrl
[rosout][INFO] 2022-05-05 15:41:34,425: publishing ctrl
[rosout][INFO] 2022-05-05 15:41:34,442: publishing ctrl
[rosout][INFO] 2022-05-05 15:41:34,456: publishing ctrl
[rosout][INFO] 2022-05-05 15:41:34,466: publishing ctrl
[rosout][INFO] 2022-05-05 15:41:34,482: publishing ctrl
[rosout][INFO] 2022-05-05 15:41:34,494: publishing ctrl
[rosout][INFO] 2022-05-05 15:41:34,506: publishing ctrl
[rosout][INFO] 2022-05-05 15:41:34,518: publishing ctrl
[rosout][INFO] 2022-05-05 15:41:34,530: publishing ctrl
[rosout][INFO] 2022-05-05 15:41:34,545: publishing ctrl
[rosout][INFO] 2022-05-05 15:41:34,557: publishing ctrl
[rosout][INFO] 2022-05-05 15:41:34,567: publishing ctrl
[rosout][INFO] 2022-05-05 15:41:34,586: publishing ctrl
[rosout][INFO] 2022-05-05 15:41:34,599: publishing ctrl
[rosout][INFO] 2022-05-05 15:41:34,615: publishing ctrl
[rosout][INFO] 2022-05-05 15:41:34,627: publishing ctrl
[rosout][INFO] 2022-05-05 15:41:34,641: publishing ctrl
[rosout][INFO] 2022-05-05 15:41:34,653: publishing ctrl
[rosout][INFO] 2022-05-05 15:41:34,666: publishing ctrl
[rosout][INFO] 2022-05-05 15:41:34,680: publishing ctrl
[rosout][INFO] 2022-05-05 15:41:34,694: publishing ctrl
[rosout][INFO] 2022-05-05 15:41:34,704: publishing ctrl
[rosout][INFO] 2022-05-05 15:41:34,718: publishing ctrl
[rosout][INFO] 2022-05-05 15:41:34,728: publishing ctrl
[rosout][INFO] 2022-05-05 15:41:34,747: publishing ctrl
[rosout][INFO] 2022-05-05 15:41:34,763: publishing ctrl
[rosout][INFO] 2022-05-05 15:41:34,777: publishing ctrl
[rosout][INFO] 2022-05-05 15:41:34,794: publishing ctrl
[rosout][INFO] 2022-05-05 15:41:34,805: publishing ctrl
[rosout][INFO] 2022-05-05 15:41:34,818: publishing ctrl
[rosout][INFO] 2022-05-05 15:41:34,833: publishing ctrl
[rosout][INFO] 2022-05-05 15:41:34,844: publishing ctrl
[rosout][INFO] 2022-05-05 15:41:34,858: publishing ctrl
[rosout][INFO] 2022-05-05 15:41:34,869: publishing ctrl
[rosout][INFO] 2022-05-05 15:41:34,881: publishing ctrl
[rosout][INFO] 2022-05-05 15:41:34,894: publishing ctrl
[rosout][INFO] 2022-05-05 15:41:34,908: publishing ctrl
[rosout][INFO] 2022-05-05 15:41:34,921: publishing ctrl
[rosout][INFO] 2022-05-05 15:41:34,933: publishing ctrl
[rosout][INFO] 2022-05-05 15:41:34,945: publishing ctrl
[rosout][INFO] 2022-05-05 15:41:34,956: publishing ctrl
[rosout][INFO] 2022-05-05 15:41:34,966: publishing ctrl
[rosout][INFO] 2022-05-05 15:41:34,979: publishing ctrl
[rosout][INFO] 2022-05-05 15:41:34,995: publishing ctrl
[rosout][INFO] 2022-05-05 15:41:35,006: publishing ctrl
[rosout][INFO] 2022-05-05 15:41:35,020: publishing ctrl
[rosout][INFO] 2022-05-05 15:41:35,033: publishing ctrl
[rosout][INFO] 2022-05-05 15:41:35,045: publishing ctrl
[rosout][INFO] 2022-05-05 15:41:35,057: publishing ctrl
[rosout][INFO] 2022-05-05 15:41:35,075: publishing ctrl
[rosout][INFO] 2022-05-05 15:41:35,084: publishing ctrl
[rosout][INFO] 2022-05-05 15:41:35,098: publishing ctrl
[rosout][INFO] 2022-05-05 15:41:35,114: publishing ctrl
[rosout][INFO] 2022-05-05 15:41:35,124: publishing ctrl
[rosout][INFO] 2022-05-05 15:41:35,138: publishing ctrl
[rosout][INFO] 2022-05-05 15:41:35,152: publishing ctrl
[rosout][INFO] 2022-05-05 15:41:35,166: publishing ctrl
[rosout][INFO] 2022-05-05 15:41:35,181: publishing ctrl
[rosout][INFO] 2022-05-05 15:41:35,193: publishing ctrl
[rosout][INFO] 2022-05-05 15:41:35,209: publishing ctrl
[rosout][INFO] 2022-05-05 15:41:35,226: publishing ctrl
[rosout][INFO] 2022-05-05 15:41:35,238: publishing ctrl
[rosout][INFO] 2022-05-05 15:41:35,250: publishing ctrl
[rosout][INFO] 2022-05-05 15:41:35,267: publishing ctrl
[rosout][INFO] 2022-05-05 15:41:35,277: publishing ctrl
[rosout][INFO] 2022-05-05 15:41:35,290: publishing ctrl
[rosout][INFO] 2022-05-05 15:41:35,307: publishing ctrl
[rosout][INFO] 2022-05-05 15:41:35,321: publishing ctrl
[rosout][INFO] 2022-05-05 15:41:35,333: publishing ctrl
[rosout][INFO] 2022-05-05 15:41:35,345: publishing ctrl
[rosout][INFO] 2022-05-05 15:41:35,359: publishing ctrl
[rosout][INFO] 2022-05-05 15:41:35,374: publishing ctrl
[rosout][INFO] 2022-05-05 15:41:35,393: publishing ctrl
[rosout][INFO] 2022-05-05 15:41:35,405: publishing ctrl
[rosout][INFO] 2022-05-05 15:41:35,420: publishing ctrl
[rosout][INFO] 2022-05-05 15:41:35,432: publishing ctrl
[rosout][INFO] 2022-05-05 15:41:35,454: publishing ctrl
[rosout][INFO] 2022-05-05 15:41:35,465: publishing ctrl
[rosout][INFO] 2022-05-05 15:41:35,476: publishing ctrl
[rosout][INFO] 2022-05-05 15:41:35,488: publishing ctrl
[rosout][INFO] 2022-05-05 15:41:35,506: publishing ctrl
[rosout][INFO] 2022-05-05 15:41:35,517: publishing ctrl
[rosout][INFO] 2022-05-05 15:41:35,528: publishing ctrl
[rosout][INFO] 2022-05-05 15:41:35,541: publishing ctrl
[rosout][INFO] 2022-05-05 15:41:35,555: publishing ctrl
[rosout][INFO] 2022-05-05 15:41:35,568: publishing ctrl
[rosout][INFO] 2022-05-05 15:41:35,579: publishing ctrl
[rosout][INFO] 2022-05-05 15:41:35,593: publishing ctrl
[rosout][INFO] 2022-05-05 15:41:35,608: publishing ctrl
[rosout][INFO] 2022-05-05 15:41:35,621: publishing ctrl
[rosout][INFO] 2022-05-05 15:41:35,633: publishing ctrl
[rosout][INFO] 2022-05-05 15:41:35,649: publishing ctrl
[rosout][INFO] 2022-05-05 15:41:35,660: publishing ctrl
[rosout][INFO] 2022-05-05 15:41:35,670: publishing ctrl
[rosout][INFO] 2022-05-05 15:41:35,680: publishing ctrl
[rosout][INFO] 2022-05-05 15:41:35,689: publishing ctrl
[rosout][INFO] 2022-05-05 15:41:35,699: publishing ctrl
[rosout][INFO] 2022-05-05 15:41:35,709: publishing ctrl
[rosout][INFO] 2022-05-05 15:41:35,718: publishing ctrl
[rosout][INFO] 2022-05-05 15:41:35,725: publishing ctrl
[rosout][INFO] 2022-05-05 15:41:35,734: publishing ctrl
[rosout][INFO] 2022-05-05 15:41:35,742: publishing ctrl
[rosout][INFO] 2022-05-05 15:41:35,751: publishing ctrl
[rosout][INFO] 2022-05-05 15:41:35,761: publishing ctrl
[rosout][INFO] 2022-05-05 15:41:35,770: publishing ctrl
[rosout][INFO] 2022-05-05 15:41:35,778: publishing ctrl
[rosout][INFO] 2022-05-05 15:41:35,786: publishing ctrl
[rosout][INFO] 2022-05-05 15:41:35,795: publishing ctrl
[rosout][INFO] 2022-05-05 15:41:35,804: publishing ctrl
[rosout][INFO] 2022-05-05 15:41:35,814: publishing ctrl
[rosout][INFO] 2022-05-05 15:41:35,823: publishing ctrl
[rosout][INFO] 2022-05-05 15:41:35,832: publishing ctrl
[rosout][INFO] 2022-05-05 15:41:35,841: publishing ctrl
[rosout][INFO] 2022-05-05 15:41:35,851: publishing ctrl
[rosout][INFO] 2022-05-05 15:41:35,859: publishing ctrl
[rosout][INFO] 2022-05-05 15:41:35,867: publishing ctrl
[rosout][INFO] 2022-05-05 15:41:35,876: publishing ctrl
[rosout][INFO] 2022-05-05 15:41:35,884: publishing ctrl
[rosout][INFO] 2022-05-05 15:41:35,893: publishing ctrl
[rosout][INFO] 2022-05-05 15:41:35,901: publishing ctrl
[rosout][INFO] 2022-05-05 15:41:35,909: publishing ctrl
[rosout][INFO] 2022-05-05 15:41:35,919: publishing ctrl
[rosout][INFO] 2022-05-05 15:41:35,928: publishing ctrl
[rosout][INFO] 2022-05-05 15:41:35,937: publishing ctrl
[rosout][INFO] 2022-05-05 15:41:35,946: publishing ctrl
[rosout][INFO] 2022-05-05 15:41:35,955: publishing ctrl
[rosout][INFO] 2022-05-05 15:41:35,963: publishing ctrl
[rosout][INFO] 2022-05-05 15:41:35,972: publishing ctrl
[rosout][INFO] 2022-05-05 15:41:35,979: publishing ctrl
[rosout][INFO] 2022-05-05 15:41:35,988: publishing ctrl
[rosout][INFO] 2022-05-05 15:41:35,997: publishing ctrl
[rosout][INFO] 2022-05-05 15:41:36,005: publishing ctrl
[rosout][INFO] 2022-05-05 15:41:36,016: publishing ctrl
[rosout][INFO] 2022-05-05 15:41:36,024: publishing ctrl
[rosout][INFO] 2022-05-05 15:41:36,034: publishing ctrl
[rosout][INFO] 2022-05-05 15:41:36,042: publishing ctrl
[rosout][INFO] 2022-05-05 15:41:36,051: publishing ctrl
[rosout][INFO] 2022-05-05 15:41:36,060: publishing ctrl
[rosout][INFO] 2022-05-05 15:41:36,068: publishing ctrl
[rosout][INFO] 2022-05-05 15:41:36,076: publishing ctrl
[rosout][INFO] 2022-05-05 15:41:36,083: publishing ctrl
[rosout][INFO] 2022-05-05 15:41:36,092: publishing ctrl
[rosout][INFO] 2022-05-05 15:41:36,100: publishing ctrl
[rosout][INFO] 2022-05-05 15:41:36,109: publishing ctrl
[rosout][INFO] 2022-05-05 15:41:36,119: publishing ctrl
[rosout][INFO] 2022-05-05 15:41:36,128: publishing ctrl
[rosout][INFO] 2022-05-05 15:41:36,138: publishing ctrl
[rosout][INFO] 2022-05-05 15:41:36,147: publishing ctrl
[rosout][INFO] 2022-05-05 15:41:36,155: publishing ctrl
[rosout][INFO] 2022-05-05 15:41:36,163: publishing ctrl
[rosout][INFO] 2022-05-05 15:41:36,171: publishing ctrl
[rosout][INFO] 2022-05-05 15:41:36,178: publishing ctrl
[rosout][INFO] 2022-05-05 15:41:36,187: publishing ctrl
[rosout][INFO] 2022-05-05 15:41:36,195: publishing ctrl
[rosout][INFO] 2022-05-05 15:41:36,203: publishing ctrl
[rosout][INFO] 2022-05-05 15:41:36,212: publishing ctrl
[rosout][INFO] 2022-05-05 15:41:36,221: publishing ctrl
[rosout][INFO] 2022-05-05 15:41:36,229: publishing ctrl
[rosout][INFO] 2022-05-05 15:41:36,238: publishing ctrl
[rosout][INFO] 2022-05-05 15:41:36,245: publishing ctrl
[rosout][INFO] 2022-05-05 15:41:36,254: publishing ctrl
[rosout][INFO] 2022-05-05 15:41:36,264: publishing ctrl
[rosout][INFO] 2022-05-05 15:41:36,272: publishing ctrl
[rosout][INFO] 2022-05-05 15:41:36,280: publishing ctrl
[rosout][INFO] 2022-05-05 15:41:36,288: publishing ctrl
[rosout][INFO] 2022-05-05 15:41:36,298: publishing ctrl
[rosout][INFO] 2022-05-05 15:41:36,307: publishing ctrl
[rosout][INFO] 2022-05-05 15:41:36,315: publishing ctrl
[rosout][INFO] 2022-05-05 15:41:36,325: publishing ctrl
[rosout][INFO] 2022-05-05 15:41:36,334: publishing ctrl
[rosout][INFO] 2022-05-05 15:41:36,343: publishing ctrl
[rosout][INFO] 2022-05-05 15:41:36,351: publishing ctrl
[rosout][INFO] 2022-05-05 15:41:36,359: publishing ctrl
[rosout][INFO] 2022-05-05 15:41:36,369: publishing ctrl
[rosout][INFO] 2022-05-05 15:41:36,377: publishing ctrl
[rosout][INFO] 2022-05-05 15:41:36,386: publishing ctrl
[rosout][INFO] 2022-05-05 15:41:36,393: publishing ctrl
[rosout][INFO] 2022-05-05 15:41:36,402: publishing ctrl
[rosout][INFO] 2022-05-05 15:41:36,411: publishing ctrl
[rosout][INFO] 2022-05-05 15:41:36,419: publishing ctrl
[rosout][INFO] 2022-05-05 15:41:36,429: publishing ctrl
[rosout][INFO] 2022-05-05 15:41:36,438: publishing ctrl
[rosout][INFO] 2022-05-05 15:41:36,447: publishing ctrl
[rosout][INFO] 2022-05-05 15:41:36,456: publishing ctrl
[rosout][INFO] 2022-05-05 15:41:36,464: publishing ctrl
[rosout][INFO] 2022-05-05 15:41:36,472: publishing ctrl
[rosout][INFO] 2022-05-05 15:41:36,481: publishing ctrl
[rosout][INFO] 2022-05-05 15:41:36,489: publishing ctrl
[rosout][INFO] 2022-05-05 15:41:36,498: publishing ctrl
[rosout][INFO] 2022-05-05 15:41:36,506: publishing ctrl
[rosout][INFO] 2022-05-05 15:41:36,515: publishing ctrl
[rosout][INFO] 2022-05-05 15:41:36,523: publishing ctrl
[rosout][INFO] 2022-05-05 15:41:36,533: publishing ctrl
[rosout][INFO] 2022-05-05 15:41:36,540: publishing ctrl
[rosout][INFO] 2022-05-05 15:41:36,549: publishing ctrl
[rosout][INFO] 2022-05-05 15:41:36,557: publishing ctrl
[rosout][INFO] 2022-05-05 15:41:36,565: publishing ctrl
[rosout][INFO] 2022-05-05 15:41:36,574: publishing ctrl
[rosout][INFO] 2022-05-05 15:41:36,581: publishing ctrl
[rosout][INFO] 2022-05-05 15:41:36,589: publishing ctrl
[rosout][INFO] 2022-05-05 15:41:36,597: publishing ctrl
[rosout][INFO] 2022-05-05 15:41:36,606: publishing ctrl
[rosout][INFO] 2022-05-05 15:41:36,615: publishing ctrl
[rosout][INFO] 2022-05-05 15:41:36,623: publishing ctrl
[rosout][INFO] 2022-05-05 15:41:36,633: publishing ctrl
[rosout][INFO] 2022-05-05 15:41:36,641: publishing ctrl
[rosout][INFO] 2022-05-05 15:41:36,649: publishing ctrl
[rosout][INFO] 2022-05-05 15:41:36,657: publishing ctrl
[rosout][INFO] 2022-05-05 15:41:36,667: publishing ctrl
[rosout][INFO] 2022-05-05 15:41:36,677: publishing ctrl
[rosout][INFO] 2022-05-05 15:41:36,688: publishing ctrl
[rosout][INFO] 2022-05-05 15:41:36,697: publishing ctrl
[rosout][INFO] 2022-05-05 15:41:36,706: publishing ctrl
[rosout][INFO] 2022-05-05 15:41:36,714: publishing ctrl
[rosout][INFO] 2022-05-05 15:41:36,722: publishing ctrl
[rosout][INFO] 2022-05-05 15:41:36,732: publishing ctrl
[rosout][INFO] 2022-05-05 15:41:36,739: publishing ctrl
[rosout][INFO] 2022-05-05 15:41:36,748: publishing ctrl
[rosout][INFO] 2022-05-05 15:41:36,758: publishing ctrl
[rosout][INFO] 2022-05-05 15:41:36,768: publishing ctrl
[rosout][INFO] 2022-05-05 15:41:36,777: publishing ctrl
[rosout][INFO] 2022-05-05 15:41:36,785: publishing ctrl
[rosout][INFO] 2022-05-05 15:41:36,793: publishing ctrl
[rosout][INFO] 2022-05-05 15:41:36,802: publishing ctrl
[rosout][INFO] 2022-05-05 15:41:36,810: publishing ctrl
[rosout][INFO] 2022-05-05 15:41:36,818: publishing ctrl
[rosout][INFO] 2022-05-05 15:41:36,827: publishing ctrl
[rosout][INFO] 2022-05-05 15:41:36,837: publishing ctrl
[rosout][INFO] 2022-05-05 15:41:36,845: publishing ctrl
[rosout][INFO] 2022-05-05 15:41:36,854: publishing ctrl
[rosout][INFO] 2022-05-05 15:41:36,863: publishing ctrl
[rosout][INFO] 2022-05-05 15:41:36,871: publishing ctrl
[rosout][INFO] 2022-05-05 15:41:36,879: publishing ctrl
[rosout][INFO] 2022-05-05 15:41:36,887: publishing ctrl
[rosout][INFO] 2022-05-05 15:41:36,896: publishing ctrl
[rosout][INFO] 2022-05-05 15:41:36,905: publishing ctrl
[rosout][INFO] 2022-05-05 15:41:36,913: publishing ctrl
[rosout][INFO] 2022-05-05 15:41:36,923: publishing ctrl
[rosout][INFO] 2022-05-05 15:41:36,932: publishing ctrl
[rosout][INFO] 2022-05-05 15:41:36,942: publishing ctrl
[rosout][INFO] 2022-05-05 15:41:36,950: publishing ctrl
[rosout][INFO] 2022-05-05 15:41:36,959: publishing ctrl
[rosout][INFO] 2022-05-05 15:41:36,968: publishing ctrl
[rosout][INFO] 2022-05-05 15:41:36,977: publishing ctrl
[rosout][INFO] 2022-05-05 15:41:36,985: publishing ctrl
[rosout][INFO] 2022-05-05 15:41:36,994: publishing ctrl
[rosout][INFO] 2022-05-05 15:41:37,002: publishing ctrl
[rosout][INFO] 2022-05-05 15:41:37,010: publishing ctrl
[rosout][INFO] 2022-05-05 15:41:37,019: publishing ctrl
[rosout][INFO] 2022-05-05 15:41:37,027: publishing ctrl
[rosout][INFO] 2022-05-05 15:41:37,037: publishing ctrl
[rosout][INFO] 2022-05-05 15:41:37,046: publishing ctrl
[rosout][INFO] 2022-05-05 15:41:37,055: publishing ctrl
[rosout][INFO] 2022-05-05 15:41:37,063: publishing ctrl
[rosout][INFO] 2022-05-05 15:41:37,072: publishing ctrl
[rosout][INFO] 2022-05-05 15:41:37,079: publishing ctrl
[rosout][INFO] 2022-05-05 15:41:37,087: publishing ctrl
[rosout][INFO] 2022-05-05 15:41:37,095: publishing ctrl
[rosout][INFO] 2022-05-05 15:41:37,103: publishing ctrl
[rosout][INFO] 2022-05-05 15:41:37,111: publishing ctrl
[rosout][INFO] 2022-05-05 15:41:37,119: publishing ctrl
[rosout][INFO] 2022-05-05 15:41:37,128: publishing ctrl
[rosout][INFO] 2022-05-05 15:41:37,136: publishing ctrl
[rosout][INFO] 2022-05-05 15:41:37,145: publishing ctrl
[rosout][INFO] 2022-05-05 15:41:37,153: publishing ctrl
[rosout][INFO] 2022-05-05 15:41:37,161: publishing ctrl
[rosout][INFO] 2022-05-05 15:41:37,169: publishing ctrl
[rosout][INFO] 2022-05-05 15:41:37,178: publishing ctrl
[rosout][INFO] 2022-05-05 15:41:37,185: publishing ctrl
[rosout][INFO] 2022-05-05 15:41:37,193: publishing ctrl
[rosout][INFO] 2022-05-05 15:41:37,202: publishing ctrl
[rosout][INFO] 2022-05-05 15:41:37,209: publishing ctrl
[rosout][INFO] 2022-05-05 15:41:37,219: publishing ctrl
[rosout][INFO] 2022-05-05 15:41:37,227: publishing ctrl
[rosout][INFO] 2022-05-05 15:41:37,236: publishing ctrl
[rosout][INFO] 2022-05-05 15:41:37,244: publishing ctrl
[rosout][INFO] 2022-05-05 15:41:37,254: publishing ctrl
[rosout][INFO] 2022-05-05 15:41:37,264: publishing ctrl
[rosout][INFO] 2022-05-05 15:41:37,273: publishing ctrl
[rosout][INFO] 2022-05-05 15:41:37,282: publishing ctrl
[rosout][INFO] 2022-05-05 15:41:37,291: publishing ctrl
[rosout][INFO] 2022-05-05 15:41:37,299: publishing ctrl
[rosout][INFO] 2022-05-05 15:41:37,308: publishing ctrl
[rosout][INFO] 2022-05-05 15:41:37,316: publishing ctrl
[rosout][INFO] 2022-05-05 15:41:37,324: publishing ctrl
[rosout][INFO] 2022-05-05 15:41:37,333: publishing ctrl
[rosout][INFO] 2022-05-05 15:41:37,341: publishing ctrl
[rosout][INFO] 2022-05-05 15:41:37,351: publishing ctrl
[rosout][INFO] 2022-05-05 15:41:37,359: publishing ctrl
[rosout][INFO] 2022-05-05 15:41:37,368: publishing ctrl
[rosout][INFO] 2022-05-05 15:41:37,376: publishing ctrl
[rosout][INFO] 2022-05-05 15:41:37,384: publishing ctrl
[rosout][INFO] 2022-05-05 15:41:37,393: publishing ctrl
[rosout][INFO] 2022-05-05 15:41:37,401: publishing ctrl
[rosout][INFO] 2022-05-05 15:41:37,409: publishing ctrl
[rosout][INFO] 2022-05-05 15:41:37,417: publishing ctrl
[rosout][INFO] 2022-05-05 15:41:37,426: publishing ctrl
[rosout][INFO] 2022-05-05 15:41:37,434: publishing ctrl
[rosout][INFO] 2022-05-05 15:41:37,442: publishing ctrl
[rosout][INFO] 2022-05-05 15:41:37,453: publishing ctrl
[rosout][INFO] 2022-05-05 15:41:37,462: publishing ctrl
[rosout][INFO] 2022-05-05 15:41:37,471: publishing ctrl
[rosout][INFO] 2022-05-05 15:41:37,479: publishing ctrl
[rosout][INFO] 2022-05-05 15:41:37,488: publishing ctrl
[rosout][INFO] 2022-05-05 15:41:37,496: publishing ctrl
[rosout][INFO] 2022-05-05 15:41:37,506: publishing ctrl
[rosout][INFO] 2022-05-05 15:41:37,513: publishing ctrl
[rosout][INFO] 2022-05-05 15:41:37,522: publishing ctrl
[rosout][INFO] 2022-05-05 15:41:37,531: publishing ctrl
[rosout][INFO] 2022-05-05 15:41:37,539: publishing ctrl
[rosout][INFO] 2022-05-05 15:41:37,552: publishing ctrl
[rosout][INFO] 2022-05-05 15:41:37,561: publishing ctrl
[rosout][INFO] 2022-05-05 15:41:37,569: publishing ctrl
[rosout][INFO] 2022-05-05 15:41:37,578: publishing ctrl
[rosout][INFO] 2022-05-05 15:41:37,587: publishing ctrl
[rosout][INFO] 2022-05-05 15:41:37,596: publishing ctrl
[rosout][INFO] 2022-05-05 15:41:37,604: publishing ctrl
[rosout][INFO] 2022-05-05 15:41:37,612: publishing ctrl
[rosout][INFO] 2022-05-05 15:41:37,620: publishing ctrl
[rosout][INFO] 2022-05-05 15:41:37,628: publishing ctrl
[rosout][INFO] 2022-05-05 15:41:37,637: publishing ctrl
[rosout][INFO] 2022-05-05 15:41:37,645: publishing ctrl
[rosout][INFO] 2022-05-05 15:41:37,656: publishing ctrl
[rosout][INFO] 2022-05-05 15:41:37,664: publishing ctrl
[rosout][INFO] 2022-05-05 15:41:37,672: publishing ctrl
[rosout][INFO] 2022-05-05 15:41:37,681: publishing ctrl
[rosout][INFO] 2022-05-05 15:41:37,694: publishing ctrl
[rosout][INFO] 2022-05-05 15:41:37,702: publishing ctrl
[rosout][INFO] 2022-05-05 15:41:37,710: publishing ctrl
[rosout][INFO] 2022-05-05 15:41:37,722: publishing ctrl
[rosout][INFO] 2022-05-05 15:41:37,733: publishing ctrl
[rosout][INFO] 2022-05-05 15:41:37,744: publishing ctrl
[rosout][INFO] 2022-05-05 15:41:37,757: publishing ctrl
[rosout][INFO] 2022-05-05 15:41:37,770: publishing ctrl
[rosout][INFO] 2022-05-05 15:41:37,805: publishing ctrl
[rosout][INFO] 2022-05-05 15:41:37,819: publishing ctrl
[rosout][INFO] 2022-05-05 15:41:37,834: publishing ctrl
[rosout][INFO] 2022-05-05 15:41:37,847: publishing ctrl
[rosout][INFO] 2022-05-05 15:41:37,867: publishing ctrl
[rosout][INFO] 2022-05-05 15:41:37,881: publishing ctrl
[rosout][INFO] 2022-05-05 15:41:37,902: publishing ctrl
[rosout][INFO] 2022-05-05 15:41:37,916: publishing ctrl
[rosout][INFO] 2022-05-05 15:41:37,937: publishing ctrl
[rosout][INFO] 2022-05-05 15:41:37,952: publishing ctrl
[rosout][INFO] 2022-05-05 15:41:37,967: publishing ctrl
[rosout][INFO] 2022-05-05 15:41:37,983: publishing ctrl
[rosout][INFO] 2022-05-05 15:41:37,998: publishing ctrl
[rosout][INFO] 2022-05-05 15:41:38,009: publishing ctrl
[rosout][INFO] 2022-05-05 15:41:38,019: publishing ctrl
[rosout][INFO] 2022-05-05 15:41:38,038: publishing ctrl
[rosout][INFO] 2022-05-05 15:41:38,056: publishing ctrl
[rosout][INFO] 2022-05-05 15:41:38,070: publishing ctrl
[rosout][INFO] 2022-05-05 15:41:38,087: publishing ctrl
[rosout][INFO] 2022-05-05 15:41:38,111: publishing ctrl
[rosout][INFO] 2022-05-05 15:41:38,134: publishing ctrl
[rosout][INFO] 2022-05-05 15:41:38,153: publishing ctrl
[rosout][INFO] 2022-05-05 15:41:38,169: publishing ctrl
[rosout][INFO] 2022-05-05 15:41:38,192: publishing ctrl
[rosout][INFO] 2022-05-05 15:41:38,215: publishing ctrl
[rosout][INFO] 2022-05-05 15:41:38,236: publishing ctrl
[rosout][INFO] 2022-05-05 15:41:38,251: publishing ctrl
[rosout][INFO] 2022-05-05 15:41:38,271: publishing ctrl
[rosout][INFO] 2022-05-05 15:41:38,288: publishing ctrl
[rosout][INFO] 2022-05-05 15:41:38,309: publishing ctrl
[rosout][INFO] 2022-05-05 15:41:38,326: publishing ctrl
[rosout][INFO] 2022-05-05 15:41:38,344: publishing ctrl
[rosout][INFO] 2022-05-05 15:41:38,364: publishing ctrl
[rosout][INFO] 2022-05-05 15:41:38,383: publishing ctrl
[rosout][INFO] 2022-05-05 15:41:38,396: publishing ctrl
[rosout][INFO] 2022-05-05 15:41:38,410: publishing ctrl
[rosout][INFO] 2022-05-05 15:41:38,427: publishing ctrl
[rosout][INFO] 2022-05-05 15:41:38,446: publishing ctrl
[rosout][INFO] 2022-05-05 15:41:38,461: publishing ctrl
[rosout][INFO] 2022-05-05 15:41:38,480: publishing ctrl
[rosout][INFO] 2022-05-05 15:41:38,491: publishing ctrl
[rosout][INFO] 2022-05-05 15:41:38,507: publishing ctrl
[rosout][INFO] 2022-05-05 15:41:38,523: publishing ctrl
[rosout][INFO] 2022-05-05 15:41:38,545: publishing ctrl
[rosout][INFO] 2022-05-05 15:41:38,557: publishing ctrl
[rosout][INFO] 2022-05-05 15:41:38,570: publishing ctrl
[rosout][INFO] 2022-05-05 15:41:38,582: publishing ctrl
[rosout][INFO] 2022-05-05 15:41:38,597: publishing ctrl
[rosout][INFO] 2022-05-05 15:41:38,616: publishing ctrl
[rosout][INFO] 2022-05-05 15:41:38,636: publishing ctrl
[rosout][INFO] 2022-05-05 15:41:38,653: publishing ctrl
[rosout][INFO] 2022-05-05 15:41:38,665: publishing ctrl
[rosout][INFO] 2022-05-05 15:41:38,679: publishing ctrl
[rosout][INFO] 2022-05-05 15:41:38,698: publishing ctrl
[rosout][INFO] 2022-05-05 15:41:38,714: publishing ctrl
[rosout][INFO] 2022-05-05 15:41:38,726: publishing ctrl
[rosout][INFO] 2022-05-05 15:41:38,746: publishing ctrl
[rosout][INFO] 2022-05-05 15:41:38,766: publishing ctrl
[rosout][INFO] 2022-05-05 15:41:38,789: publishing ctrl
[rosout][INFO] 2022-05-05 15:41:38,805: publishing ctrl
[rosout][INFO] 2022-05-05 15:41:38,820: publishing ctrl
[rosout][INFO] 2022-05-05 15:41:38,837: publishing ctrl
[rosout][INFO] 2022-05-05 15:41:38,858: publishing ctrl
[rosout][INFO] 2022-05-05 15:41:38,875: publishing ctrl
[rosout][INFO] 2022-05-05 15:41:38,893: publishing ctrl
[rosout][INFO] 2022-05-05 15:41:38,908: publishing ctrl
[rosout][INFO] 2022-05-05 15:41:38,928: publishing ctrl
[rosout][INFO] 2022-05-05 15:41:38,942: publishing ctrl
[rosout][INFO] 2022-05-05 15:41:38,963: publishing ctrl
[rosout][INFO] 2022-05-05 15:41:38,979: publishing ctrl
[rosout][INFO] 2022-05-05 15:41:38,996: publishing ctrl
[rosout][INFO] 2022-05-05 15:41:39,011: publishing ctrl
[rosout][INFO] 2022-05-05 15:41:39,026: publishing ctrl
[rosout][INFO] 2022-05-05 15:41:39,043: publishing ctrl
[rosout][INFO] 2022-05-05 15:41:39,058: publishing ctrl
[rosout][INFO] 2022-05-05 15:41:39,077: publishing ctrl
[rosout][INFO] 2022-05-05 15:41:39,098: publishing ctrl
[rosout][INFO] 2022-05-05 15:41:39,116: publishing ctrl
[rosout][INFO] 2022-05-05 15:41:39,133: publishing ctrl
[rosout][INFO] 2022-05-05 15:41:39,147: publishing ctrl
[rosout][INFO] 2022-05-05 15:41:39,168: publishing ctrl
[rosout][INFO] 2022-05-05 15:41:39,181: publishing ctrl
[rosout][INFO] 2022-05-05 15:41:39,198: publishing ctrl
[rosout][INFO] 2022-05-05 15:41:39,212: publishing ctrl
[rosout][INFO] 2022-05-05 15:41:39,224: publishing ctrl
[rosout][INFO] 2022-05-05 15:41:39,242: publishing ctrl
[rosout][INFO] 2022-05-05 15:41:39,255: publishing ctrl
[rosout][INFO] 2022-05-05 15:41:39,270: publishing ctrl
[rosout][INFO] 2022-05-05 15:41:39,282: publishing ctrl
[rosout][INFO] 2022-05-05 15:41:39,297: publishing ctrl
[rosout][INFO] 2022-05-05 15:41:39,314: publishing ctrl
[rosout][INFO] 2022-05-05 15:41:39,330: publishing ctrl
[rosout][INFO] 2022-05-05 15:41:39,342: publishing ctrl
[rosout][INFO] 2022-05-05 15:41:39,355: publishing ctrl
[rosout][INFO] 2022-05-05 15:41:39,371: publishing ctrl
[rosout][INFO] 2022-05-05 15:41:39,388: publishing ctrl
[rosout][INFO] 2022-05-05 15:41:39,402: publishing ctrl
[rosout][INFO] 2022-05-05 15:41:39,416: publishing ctrl
[rosout][INFO] 2022-05-05 15:41:39,435: publishing ctrl
[rosout][INFO] 2022-05-05 15:41:39,454: publishing ctrl
[rosout][INFO] 2022-05-05 15:41:39,467: publishing ctrl
[rosout][INFO] 2022-05-05 15:41:39,481: publishing ctrl
[rosout][INFO] 2022-05-05 15:41:39,496: publishing ctrl
[rosout][INFO] 2022-05-05 15:41:39,508: publishing ctrl
[rosout][INFO] 2022-05-05 15:41:39,524: publishing ctrl
[rosout][INFO] 2022-05-05 15:41:39,539: publishing ctrl
[rosout][INFO] 2022-05-05 15:41:39,551: publishing ctrl
[rosout][INFO] 2022-05-05 15:41:39,565: publishing ctrl
[rosout][INFO] 2022-05-05 15:41:39,587: publishing ctrl
[rosout][INFO] 2022-05-05 15:41:39,598: publishing ctrl
[rosout][INFO] 2022-05-05 15:41:39,617: publishing ctrl
[rosout][INFO] 2022-05-05 15:41:39,629: publishing ctrl
[rosout][INFO] 2022-05-05 15:41:39,646: publishing ctrl
[rosout][INFO] 2022-05-05 15:41:39,663: publishing ctrl
[rosout][INFO] 2022-05-05 15:41:39,674: publishing ctrl
[rosout][INFO] 2022-05-05 15:41:39,687: publishing ctrl
[rosout][INFO] 2022-05-05 15:41:39,709: publishing ctrl
[rosout][INFO] 2022-05-05 15:41:39,726: publishing ctrl
[rosout][INFO] 2022-05-05 15:41:39,742: publishing ctrl
[rosout][INFO] 2022-05-05 15:41:39,755: publishing ctrl
[rosout][INFO] 2022-05-05 15:41:39,775: publishing ctrl
[rosout][INFO] 2022-05-05 15:41:39,796: publishing ctrl
[rosout][INFO] 2022-05-05 15:41:39,810: publishing ctrl
[rosout][INFO] 2022-05-05 15:41:39,831: publishing ctrl
[rosout][INFO] 2022-05-05 15:41:39,853: publishing ctrl
[rosout][INFO] 2022-05-05 15:41:39,864: publishing ctrl
[rosout][INFO] 2022-05-05 15:41:39,875: publishing ctrl
[rosout][INFO] 2022-05-05 15:41:39,885: publishing ctrl
[rosout][INFO] 2022-05-05 15:41:39,899: publishing ctrl
[rosout][INFO] 2022-05-05 15:41:39,916: publishing ctrl
[rosout][INFO] 2022-05-05 15:41:39,929: publishing ctrl
[rosout][INFO] 2022-05-05 15:41:39,948: publishing ctrl
[rosout][INFO] 2022-05-05 15:41:39,962: publishing ctrl
[rosout][INFO] 2022-05-05 15:41:39,976: publishing ctrl
[rosout][INFO] 2022-05-05 15:41:39,993: publishing ctrl
[rosout][INFO] 2022-05-05 15:41:40,010: publishing ctrl
[rosout][INFO] 2022-05-05 15:41:40,023: publishing ctrl
[rosout][INFO] 2022-05-05 15:41:40,042: publishing ctrl
[rosout][INFO] 2022-05-05 15:41:40,053: publishing ctrl
[rosout][INFO] 2022-05-05 15:41:40,068: publishing ctrl
[rosout][INFO] 2022-05-05 15:41:40,086: publishing ctrl
[rosout][INFO] 2022-05-05 15:41:40,103: publishing ctrl
[rosout][INFO] 2022-05-05 15:41:40,118: publishing ctrl
[rosout][INFO] 2022-05-05 15:41:40,137: publishing ctrl
[rosout][INFO] 2022-05-05 15:41:40,149: publishing ctrl
[rosout][INFO] 2022-05-05 15:41:40,164: publishing ctrl
[rosout][INFO] 2022-05-05 15:41:40,176: publishing ctrl
[rosout][INFO] 2022-05-05 15:41:40,189: publishing ctrl
[rosout][INFO] 2022-05-05 15:41:40,200: publishing ctrl
[rosout][INFO] 2022-05-05 15:41:40,214: publishing ctrl
[rosout][INFO] 2022-05-05 15:41:40,226: publishing ctrl
[rosout][INFO] 2022-05-05 15:41:40,246: publishing ctrl
[rosout][INFO] 2022-05-05 15:41:40,258: publishing ctrl
[rosout][INFO] 2022-05-05 15:41:40,271: publishing ctrl
[rosout][INFO] 2022-05-05 15:41:40,286: publishing ctrl
[rosout][INFO] 2022-05-05 15:41:40,302: publishing ctrl
[rosout][INFO] 2022-05-05 15:41:40,316: publishing ctrl
[rosout][INFO] 2022-05-05 15:41:40,328: publishing ctrl
[rosout][INFO] 2022-05-05 15:41:40,341: publishing ctrl
[rosout][INFO] 2022-05-05 15:41:40,355: publishing ctrl
[rosout][INFO] 2022-05-05 15:41:40,371: publishing ctrl
[rosout][INFO] 2022-05-05 15:41:40,382: publishing ctrl
[rosout][INFO] 2022-05-05 15:41:40,394: publishing ctrl
[rosout][INFO] 2022-05-05 15:41:40,405: publishing ctrl
[rosout][INFO] 2022-05-05 15:41:40,425: publishing ctrl
[rosout][INFO] 2022-05-05 15:41:40,437: publishing ctrl
[rosout][INFO] 2022-05-05 15:41:40,455: publishing ctrl
[rosout][INFO] 2022-05-05 15:41:40,469: publishing ctrl
[rosout][INFO] 2022-05-05 15:41:40,482: publishing ctrl
[rosout][INFO] 2022-05-05 15:41:40,498: publishing ctrl
[rosout][INFO] 2022-05-05 15:41:40,512: publishing ctrl
[rosout][INFO] 2022-05-05 15:41:40,528: publishing ctrl
[rosout][INFO] 2022-05-05 15:41:40,542: publishing ctrl
[rosout][INFO] 2022-05-05 15:41:40,565: publishing ctrl
[rosout][INFO] 2022-05-05 15:41:40,582: publishing ctrl
[rosout][INFO] 2022-05-05 15:41:40,598: publishing ctrl
[rosout][INFO] 2022-05-05 15:41:40,609: publishing ctrl
[rosout][INFO] 2022-05-05 15:41:40,624: publishing ctrl
[rosout][INFO] 2022-05-05 15:41:40,642: publishing ctrl
[rosout][INFO] 2022-05-05 15:41:40,658: publishing ctrl
[rosout][INFO] 2022-05-05 15:41:40,673: publishing ctrl
[rosout][INFO] 2022-05-05 15:41:40,689: publishing ctrl
[rosout][INFO] 2022-05-05 15:41:40,707: publishing ctrl
[rosout][INFO] 2022-05-05 15:41:40,723: publishing ctrl
[rosout][INFO] 2022-05-05 15:41:40,744: publishing ctrl
[rosout][INFO] 2022-05-05 15:41:40,757: publishing ctrl
[rosout][INFO] 2022-05-05 15:41:40,779: publishing ctrl
[rosout][INFO] 2022-05-05 15:41:40,795: publishing ctrl
[rosout][INFO] 2022-05-05 15:41:40,836: publishing ctrl
[rosout][INFO] 2022-05-05 15:41:40,893: publishing ctrl
[rosout][INFO] 2022-05-05 15:41:40,916: publishing ctrl
[rosout][INFO] 2022-05-05 15:41:40,939: publishing ctrl
[rosout][INFO] 2022-05-05 15:41:40,967: publishing ctrl
[rosout][INFO] 2022-05-05 15:41:40,992: publishing ctrl
[rosout][INFO] 2022-05-05 15:41:41,013: publishing ctrl
[rosout][INFO] 2022-05-05 15:41:41,035: publishing ctrl
[rosout][INFO] 2022-05-05 15:41:41,048: publishing ctrl
[rosout][INFO] 2022-05-05 15:41:41,077: publishing ctrl
[rosout][INFO] 2022-05-05 15:41:41,089: publishing ctrl
[rosout][INFO] 2022-05-05 15:41:41,108: publishing ctrl
[rosout][INFO] 2022-05-05 15:41:41,129: publishing ctrl
[rosout][INFO] 2022-05-05 15:41:41,157: publishing ctrl
[rosout][INFO] 2022-05-05 15:41:41,175: publishing ctrl
[rosout][INFO] 2022-05-05 15:41:41,190: publishing ctrl
[rosout][INFO] 2022-05-05 15:41:41,211: publishing ctrl
[rosout][INFO] 2022-05-05 15:41:41,227: publishing ctrl
[rosout][INFO] 2022-05-05 15:41:41,245: publishing ctrl
[rosout][INFO] 2022-05-05 15:41:41,261: publishing ctrl
[rosout][INFO] 2022-05-05 15:41:41,277: publishing ctrl
[rosout][INFO] 2022-05-05 15:41:41,293: publishing ctrl
[rosout][INFO] 2022-05-05 15:41:41,325: publishing ctrl
[rosout][INFO] 2022-05-05 15:41:41,368: publishing ctrl
[rosout][INFO] 2022-05-05 15:41:41,399: publishing ctrl
[rosout][INFO] 2022-05-05 15:41:41,412: publishing ctrl
[rosout][INFO] 2022-05-05 15:41:41,457: publishing ctrl
[rosout][INFO] 2022-05-05 15:41:41,483: publishing ctrl
[rosout][INFO] 2022-05-05 15:41:41,506: publishing ctrl
[rosout][INFO] 2022-05-05 15:41:41,524: publishing ctrl
[rosout][INFO] 2022-05-05 15:41:41,550: publishing ctrl
[rosout][INFO] 2022-05-05 15:41:41,577: publishing ctrl
[rosout][INFO] 2022-05-05 15:41:41,603: publishing ctrl
[rosout][INFO] 2022-05-05 15:41:41,617: publishing ctrl
[rosout][INFO] 2022-05-05 15:41:41,638: publishing ctrl
[rosout][INFO] 2022-05-05 15:41:41,662: publishing ctrl
[rosout][INFO] 2022-05-05 15:41:41,677: publishing ctrl
[rosout][INFO] 2022-05-05 15:41:41,690: publishing ctrl
[rosout][INFO] 2022-05-05 15:41:41,715: publishing ctrl
[rosout][INFO] 2022-05-05 15:41:41,732: publishing ctrl
[rosout][INFO] 2022-05-05 15:41:41,751: publishing ctrl
[rosout][INFO] 2022-05-05 15:41:41,773: publishing ctrl
[rosout][INFO] 2022-05-05 15:41:41,788: publishing ctrl
[rosout][INFO] 2022-05-05 15:41:41,816: publishing ctrl
[rosout][INFO] 2022-05-05 15:41:41,848: publishing ctrl
[rosout][INFO] 2022-05-05 15:41:41,869: publishing ctrl
[rosout][INFO] 2022-05-05 15:41:41,884: publishing ctrl
[rosout][INFO] 2022-05-05 15:41:41,915: publishing ctrl
[rosout][INFO] 2022-05-05 15:41:41,937: publishing ctrl
[rosout][INFO] 2022-05-05 15:41:41,953: publishing ctrl
[rosout][INFO] 2022-05-05 15:41:41,964: publishing ctrl
[rosout][INFO] 2022-05-05 15:41:41,976: publishing ctrl
[rosout][INFO] 2022-05-05 15:41:41,989: publishing ctrl
[rosout][INFO] 2022-05-05 15:41:42,004: publishing ctrl
[rosout][INFO] 2022-05-05 15:41:42,018: publishing ctrl
[rosout][INFO] 2022-05-05 15:41:42,035: publishing ctrl
[rosout][INFO] 2022-05-05 15:41:42,049: publishing ctrl
[rosout][INFO] 2022-05-05 15:41:42,066: publishing ctrl
[rosout][INFO] 2022-05-05 15:41:42,078: publishing ctrl
[rosout][INFO] 2022-05-05 15:41:42,098: publishing ctrl
[rosout][INFO] 2022-05-05 15:41:42,116: publishing ctrl
[rosout][INFO] 2022-05-05 15:41:42,138: publishing ctrl
[rosout][INFO] 2022-05-05 15:41:42,154: publishing ctrl
[rosout][INFO] 2022-05-05 15:41:42,175: publishing ctrl
[rosout][INFO] 2022-05-05 15:41:42,194: publishing ctrl
[rosout][INFO] 2022-05-05 15:41:42,206: publishing ctrl
[rosout][INFO] 2022-05-05 15:41:42,234: publishing ctrl
[rosout][INFO] 2022-05-05 15:41:42,250: publishing ctrl
[rosout][INFO] 2022-05-05 15:41:42,278: publishing ctrl
[rosout][INFO] 2022-05-05 15:41:42,303: publishing ctrl
[rosout][INFO] 2022-05-05 15:41:42,320: publishing ctrl
[rosout][INFO] 2022-05-05 15:41:42,340: publishing ctrl
[rosout][INFO] 2022-05-05 15:41:42,366: publishing ctrl
[rosout][INFO] 2022-05-05 15:41:42,397: publishing ctrl
[rosout][INFO] 2022-05-05 15:41:42,414: publishing ctrl
[rosout][INFO] 2022-05-05 15:41:42,432: publishing ctrl
[rosout][INFO] 2022-05-05 15:41:42,455: publishing ctrl
[rosout][INFO] 2022-05-05 15:41:42,488: publishing ctrl
[rosout][INFO] 2022-05-05 15:41:42,523: publishing ctrl
[rosout][INFO] 2022-05-05 15:41:42,545: publishing ctrl
[rosout][INFO] 2022-05-05 15:41:42,604: publishing ctrl
[rosout][INFO] 2022-05-05 15:41:42,625: publishing ctrl
[rosout][INFO] 2022-05-05 15:41:42,649: publishing ctrl
[rosout][INFO] 2022-05-05 15:41:42,673: publishing ctrl
[rosout][INFO] 2022-05-05 15:41:42,711: publishing ctrl
[rosout][INFO] 2022-05-05 15:41:42,733: publishing ctrl
[rosout][INFO] 2022-05-05 15:41:42,759: publishing ctrl
[rosout][INFO] 2022-05-05 15:41:42,789: publishing ctrl
[rosout][INFO] 2022-05-05 15:41:42,812: publishing ctrl
[rosout][INFO] 2022-05-05 15:41:42,832: publishing ctrl
[rosout][INFO] 2022-05-05 15:41:42,865: publishing ctrl
[rosout][INFO] 2022-05-05 15:41:42,891: publishing ctrl
[rosout][INFO] 2022-05-05 15:41:42,917: publishing ctrl
[rosout][INFO] 2022-05-05 15:41:42,937: publishing ctrl
[rosout][INFO] 2022-05-05 15:41:42,961: publishing ctrl
[rosout][INFO] 2022-05-05 15:41:42,993: publishing ctrl
[rosout][INFO] 2022-05-05 15:41:43,017: publishing ctrl
[rosout][INFO] 2022-05-05 15:41:43,043: publishing ctrl
[rosout][INFO] 2022-05-05 15:41:43,078: publishing ctrl
[rosout][INFO] 2022-05-05 15:41:43,100: publishing ctrl
[rosout][INFO] 2022-05-05 15:41:43,125: publishing ctrl
[rosout][INFO] 2022-05-05 15:41:43,146: publishing ctrl
[rosout][INFO] 2022-05-05 15:41:43,161: publishing ctrl
[rosout][INFO] 2022-05-05 15:41:43,198: publishing ctrl
[rosout][INFO] 2022-05-05 15:41:43,223: publishing ctrl
[rosout][INFO] 2022-05-05 15:41:43,255: publishing ctrl
[rosout][INFO] 2022-05-05 15:41:43,281: publishing ctrl
[rosout][INFO] 2022-05-05 15:41:43,306: publishing ctrl
[rosout][INFO] 2022-05-05 15:41:43,333: publishing ctrl
[rosout][INFO] 2022-05-05 15:41:43,358: publishing ctrl
[rosout][INFO] 2022-05-05 15:41:43,386: publishing ctrl
[rosout][INFO] 2022-05-05 15:41:43,407: publishing ctrl
[rosout][INFO] 2022-05-05 15:41:43,436: publishing ctrl
[rosout][INFO] 2022-05-05 15:41:43,457: publishing ctrl
[rosout][INFO] 2022-05-05 15:41:43,474: publishing ctrl
[rosout][INFO] 2022-05-05 15:41:43,497: publishing ctrl
[rosout][INFO] 2022-05-05 15:41:43,513: publishing ctrl
[rosout][INFO] 2022-05-05 15:41:43,534: publishing ctrl
[rosout][INFO] 2022-05-05 15:41:43,551: publishing ctrl
[rosout][INFO] 2022-05-05 15:41:43,572: publishing ctrl
[rosout][INFO] 2022-05-05 15:41:43,592: publishing ctrl
[rosout][INFO] 2022-05-05 15:41:43,610: publishing ctrl
[rosout][INFO] 2022-05-05 15:41:43,629: publishing ctrl
[rosout][INFO] 2022-05-05 15:41:43,647: publishing ctrl
[rosout][INFO] 2022-05-05 15:41:43,666: publishing ctrl
[rosout][INFO] 2022-05-05 15:41:43,685: publishing ctrl
[rosout][INFO] 2022-05-05 15:41:43,707: publishing ctrl
[rosout][INFO] 2022-05-05 15:41:43,730: publishing ctrl
[rosout][INFO] 2022-05-05 15:41:43,749: publishing ctrl
[rosout][INFO] 2022-05-05 15:41:43,783: publishing ctrl
[rosout][INFO] 2022-05-05 15:41:43,803: publishing ctrl
[rosout][INFO] 2022-05-05 15:41:43,824: publishing ctrl
[rosout][INFO] 2022-05-05 15:41:43,843: publishing ctrl
[rosout][INFO] 2022-05-05 15:41:43,874: publishing ctrl
[rosout][INFO] 2022-05-05 15:41:43,894: publishing ctrl
[rosout][INFO] 2022-05-05 15:41:43,915: publishing ctrl
[rosout][INFO] 2022-05-05 15:41:43,927: publishing ctrl
[rosout][INFO] 2022-05-05 15:41:43,948: publishing ctrl
[rosout][INFO] 2022-05-05 15:41:43,969: publishing ctrl
[rosout][INFO] 2022-05-05 15:41:43,991: publishing ctrl
[rosout][INFO] 2022-05-05 15:41:44,011: publishing ctrl
[rosout][INFO] 2022-05-05 15:41:44,035: publishing ctrl
[rosout][INFO] 2022-05-05 15:41:44,064: publishing ctrl
[rosout][INFO] 2022-05-05 15:41:44,084: publishing ctrl
[rosout][INFO] 2022-05-05 15:41:44,103: publishing ctrl
[rosout][INFO] 2022-05-05 15:41:44,124: publishing ctrl
[rosout][INFO] 2022-05-05 15:41:44,144: publishing ctrl
[rosout][INFO] 2022-05-05 15:41:44,164: publishing ctrl
[rosout][INFO] 2022-05-05 15:41:44,185: publishing ctrl
[rosout][INFO] 2022-05-05 15:41:44,207: publishing ctrl
[rosout][INFO] 2022-05-05 15:41:44,229: publishing ctrl
[rosout][INFO] 2022-05-05 15:41:44,246: publishing ctrl
[rosout][INFO] 2022-05-05 15:41:44,265: publishing ctrl
[rosout][INFO] 2022-05-05 15:41:44,283: publishing ctrl
[rosout][INFO] 2022-05-05 15:41:44,301: publishing ctrl
[rosout][INFO] 2022-05-05 15:41:44,323: publishing ctrl
[rosout][INFO] 2022-05-05 15:41:44,341: publishing ctrl
[rosout][INFO] 2022-05-05 15:41:44,362: publishing ctrl
[rosout][INFO] 2022-05-05 15:41:44,384: publishing ctrl
[rosout][INFO] 2022-05-05 15:41:44,401: publishing ctrl
[rosout][INFO] 2022-05-05 15:41:44,421: publishing ctrl
[rosout][INFO] 2022-05-05 15:41:44,441: publishing ctrl
[rosout][INFO] 2022-05-05 15:41:44,459: publishing ctrl
[rosout][INFO] 2022-05-05 15:41:44,479: publishing ctrl
[rosout][INFO] 2022-05-05 15:41:44,498: publishing ctrl
[rosout][INFO] 2022-05-05 15:41:44,519: publishing ctrl
[rosout][INFO] 2022-05-05 15:41:44,541: publishing ctrl
[rosout][INFO] 2022-05-05 15:41:44,561: publishing ctrl
[rosout][INFO] 2022-05-05 15:41:44,584: publishing ctrl
[rosout][INFO] 2022-05-05 15:41:44,606: publishing ctrl
[rosout][INFO] 2022-05-05 15:41:44,631: publishing ctrl
[rosout][INFO] 2022-05-05 15:41:44,651: publishing ctrl
[rosout][INFO] 2022-05-05 15:41:44,674: publishing ctrl
[rosout][INFO] 2022-05-05 15:41:44,697: publishing ctrl
[rosout][INFO] 2022-05-05 15:41:44,725: publishing ctrl
[rosout][INFO] 2022-05-05 15:41:44,746: publishing ctrl
[rosout][INFO] 2022-05-05 15:41:44,764: publishing ctrl
[rosout][INFO] 2022-05-05 15:41:44,799: publishing ctrl
[rosout][INFO] 2022-05-05 15:41:44,808: publishing ctrl
[rosout][INFO] 2022-05-05 15:41:44,834: publishing ctrl
[rosout][INFO] 2022-05-05 15:41:44,858: publishing ctrl
[rosout][INFO] 2022-05-05 15:41:44,880: publishing ctrl
[rosout][INFO] 2022-05-05 15:41:44,906: publishing ctrl
[rosout][INFO] 2022-05-05 15:41:44,928: publishing ctrl
[rosout][INFO] 2022-05-05 15:41:44,949: publishing ctrl
[rosout][INFO] 2022-05-05 15:41:45,021: publishing ctrl
[rosout][INFO] 2022-05-05 15:41:45,056: publishing ctrl
[rosout][INFO] 2022-05-05 15:41:45,095: publishing ctrl
[rosout][INFO] 2022-05-05 15:41:45,123: publishing ctrl
[rosout][INFO] 2022-05-05 15:41:45,138: publishing ctrl
[rosout][INFO] 2022-05-05 15:41:45,159: publishing ctrl
[rosout][INFO] 2022-05-05 15:41:45,178: publishing ctrl
[rosout][INFO] 2022-05-05 15:41:45,210: publishing ctrl
[rosout][INFO] 2022-05-05 15:41:45,237: publishing ctrl
[rosout][INFO] 2022-05-05 15:41:45,265: publishing ctrl
[rosout][INFO] 2022-05-05 15:41:45,285: publishing ctrl
[rosout][INFO] 2022-05-05 15:41:45,311: publishing ctrl
[rosout][INFO] 2022-05-05 15:41:45,334: publishing ctrl
[rosout][INFO] 2022-05-05 15:41:45,351: publishing ctrl
[rosout][INFO] 2022-05-05 15:41:45,376: publishing ctrl
[rosout][INFO] 2022-05-05 15:41:45,396: publishing ctrl
[rosout][INFO] 2022-05-05 15:41:45,415: publishing ctrl
[rosout][INFO] 2022-05-05 15:41:45,434: publishing ctrl
[rosout][INFO] 2022-05-05 15:41:45,453: publishing ctrl
[rosout][INFO] 2022-05-05 15:41:45,470: publishing ctrl
[rosout][INFO] 2022-05-05 15:41:45,491: publishing ctrl
[rosout][INFO] 2022-05-05 15:41:45,510: publishing ctrl
[rosout][INFO] 2022-05-05 15:41:45,533: publishing ctrl
[rosout][INFO] 2022-05-05 15:41:45,557: publishing ctrl
[rosout][INFO] 2022-05-05 15:41:45,576: publishing ctrl
[rosout][INFO] 2022-05-05 15:41:45,598: publishing ctrl
[rosout][INFO] 2022-05-05 15:41:45,610: publishing ctrl
[rosout][INFO] 2022-05-05 15:41:45,623: publishing ctrl
[rosout][INFO] 2022-05-05 15:41:45,637: publishing ctrl
[rosout][INFO] 2022-05-05 15:41:45,649: publishing ctrl
[rosout][INFO] 2022-05-05 15:41:45,661: publishing ctrl
[rosout][INFO] 2022-05-05 15:41:45,675: publishing ctrl
[rosout][INFO] 2022-05-05 15:41:45,691: publishing ctrl
[rosout][INFO] 2022-05-05 15:41:45,704: publishing ctrl
[rosout][INFO] 2022-05-05 15:41:45,715: publishing ctrl
[rosout][INFO] 2022-05-05 15:41:45,728: publishing ctrl
[rosout][INFO] 2022-05-05 15:41:45,749: publishing ctrl
[rosout][INFO] 2022-05-05 15:41:45,765: publishing ctrl
[rosout][INFO] 2022-05-05 15:41:45,787: publishing ctrl
[rosout][INFO] 2022-05-05 15:41:45,806: publishing ctrl
[rosout][INFO] 2022-05-05 15:41:45,837: publishing ctrl
[rosout][INFO] 2022-05-05 15:41:45,864: publishing ctrl
[rosout][INFO] 2022-05-05 15:41:45,890: publishing ctrl
[rosout][INFO] 2022-05-05 15:41:45,906: publishing ctrl
[rosout][INFO] 2022-05-05 15:41:45,937: publishing ctrl
[rosout][INFO] 2022-05-05 15:41:45,955: publishing ctrl
[rosout][INFO] 2022-05-05 15:41:45,967: publishing ctrl
[rosout][INFO] 2022-05-05 15:41:46,001: publishing ctrl
[rosout][INFO] 2022-05-05 15:41:46,019: publishing ctrl
[rosout][INFO] 2022-05-05 15:41:46,036: publishing ctrl
[rosout][INFO] 2022-05-05 15:41:46,060: publishing ctrl
[rosout][INFO] 2022-05-05 15:41:46,079: publishing ctrl
[rosout][INFO] 2022-05-05 15:41:46,099: publishing ctrl
[rosout][INFO] 2022-05-05 15:41:46,116: publishing ctrl
[rosout][INFO] 2022-05-05 15:41:46,129: publishing ctrl
[rosout][INFO] 2022-05-05 15:41:46,141: publishing ctrl
[rosout][INFO] 2022-05-05 15:41:46,163: publishing ctrl
[rosout][INFO] 2022-05-05 15:41:46,175: publishing ctrl
[rosout][INFO] 2022-05-05 15:41:46,190: publishing ctrl
[rosout][INFO] 2022-05-05 15:41:46,205: publishing ctrl
[rosout][INFO] 2022-05-05 15:41:46,222: publishing ctrl
[rosout][INFO] 2022-05-05 15:41:46,235: publishing ctrl
[rosout][INFO] 2022-05-05 15:41:46,256: publishing ctrl
[rosout][INFO] 2022-05-05 15:41:46,269: publishing ctrl
[rosout][INFO] 2022-05-05 15:41:46,286: publishing ctrl
[rosout][INFO] 2022-05-05 15:41:46,298: publishing ctrl
[rosout][INFO] 2022-05-05 15:41:46,310: publishing ctrl
[rosout][INFO] 2022-05-05 15:41:46,321: publishing ctrl
[rosout][INFO] 2022-05-05 15:41:46,337: publishing ctrl
[rosout][INFO] 2022-05-05 15:41:46,350: publishing ctrl
[rosout][INFO] 2022-05-05 15:41:46,362: publishing ctrl
[rosout][INFO] 2022-05-05 15:41:46,380: publishing ctrl
[rosout][INFO] 2022-05-05 15:41:46,395: publishing ctrl
[rosout][INFO] 2022-05-05 15:41:46,406: publishing ctrl
[rosout][INFO] 2022-05-05 15:41:46,419: publishing ctrl
[rosout][INFO] 2022-05-05 15:41:46,433: publishing ctrl
[rosout][INFO] 2022-05-05 15:41:46,446: publishing ctrl
[rosout][INFO] 2022-05-05 15:41:46,461: publishing ctrl
[rosout][INFO] 2022-05-05 15:41:46,476: publishing ctrl
[rosout][INFO] 2022-05-05 15:41:46,489: publishing ctrl
[rosout][INFO] 2022-05-05 15:41:46,504: publishing ctrl
[rosout][INFO] 2022-05-05 15:41:46,516: publishing ctrl
[rosout][INFO] 2022-05-05 15:41:46,527: publishing ctrl
[rosout][INFO] 2022-05-05 15:41:46,538: publishing ctrl
[rosout][INFO] 2022-05-05 15:41:46,550: publishing ctrl
[rosout][INFO] 2022-05-05 15:41:46,563: publishing ctrl
[rosout][INFO] 2022-05-05 15:41:46,576: publishing ctrl
[rosout][INFO] 2022-05-05 15:41:46,588: publishing ctrl
[rosout][INFO] 2022-05-05 15:41:46,600: publishing ctrl
[rosout][INFO] 2022-05-05 15:41:46,613: publishing ctrl
[rosout][INFO] 2022-05-05 15:41:46,623: publishing ctrl
[rosout][INFO] 2022-05-05 15:41:46,635: publishing ctrl
[rosout][INFO] 2022-05-05 15:41:46,647: publishing ctrl
[rosout][INFO] 2022-05-05 15:41:46,661: publishing ctrl
[rosout][INFO] 2022-05-05 15:41:46,675: publishing ctrl
[rosout][INFO] 2022-05-05 15:41:46,686: publishing ctrl
[rosout][INFO] 2022-05-05 15:41:46,699: publishing ctrl
[rosout][INFO] 2022-05-05 15:41:46,710: publishing ctrl
[rosout][INFO] 2022-05-05 15:41:46,725: publishing ctrl
[rosout][INFO] 2022-05-05 15:41:46,737: publishing ctrl
[rosout][INFO] 2022-05-05 15:41:46,755: publishing ctrl
[rosout][INFO] 2022-05-05 15:41:46,767: publishing ctrl
[rosout][INFO] 2022-05-05 15:41:46,783: publishing ctrl
[rosout][INFO] 2022-05-05 15:41:46,796: publishing ctrl
[rosout][INFO] 2022-05-05 15:41:46,807: publishing ctrl
[rosout][INFO] 2022-05-05 15:41:46,820: publishing ctrl
[rosout][INFO] 2022-05-05 15:41:46,832: publishing ctrl
[rosout][INFO] 2022-05-05 15:41:46,845: publishing ctrl
[rosout][INFO] 2022-05-05 15:41:46,863: publishing ctrl
[rosout][INFO] 2022-05-05 15:41:46,884: publishing ctrl
[rosout][INFO] 2022-05-05 15:41:46,895: publishing ctrl
[rosout][INFO] 2022-05-05 15:41:46,907: publishing ctrl
[rosout][INFO] 2022-05-05 15:41:46,923: publishing ctrl
[rosout][INFO] 2022-05-05 15:41:46,935: publishing ctrl
[rosout][INFO] 2022-05-05 15:41:46,950: publishing ctrl
[rosout][INFO] 2022-05-05 15:41:46,962: publishing ctrl
[rosout][INFO] 2022-05-05 15:41:46,977: publishing ctrl
[rosout][INFO] 2022-05-05 15:41:46,993: publishing ctrl
[rosout][INFO] 2022-05-05 15:41:47,008: publishing ctrl
[rosout][INFO] 2022-05-05 15:41:47,029: publishing ctrl
[rosout][INFO] 2022-05-05 15:41:47,048: publishing ctrl
[rosout][INFO] 2022-05-05 15:41:47,064: publishing ctrl
[rosout][INFO] 2022-05-05 15:41:47,076: publishing ctrl
[rosout][INFO] 2022-05-05 15:41:47,084: publishing ctrl
[rosout][INFO] 2022-05-05 15:41:47,093: publishing ctrl
[rosout][INFO] 2022-05-05 15:41:47,101: publishing ctrl
[rosout][INFO] 2022-05-05 15:41:47,111: publishing ctrl
[rosout][INFO] 2022-05-05 15:41:47,120: publishing ctrl
[rosout][INFO] 2022-05-05 15:41:47,129: publishing ctrl
[rosout][INFO] 2022-05-05 15:41:47,138: publishing ctrl
[rosout][INFO] 2022-05-05 15:41:47,147: publishing ctrl
[rosout][INFO] 2022-05-05 15:41:47,156: publishing ctrl
[rosout][INFO] 2022-05-05 15:41:47,167: publishing ctrl
[rosout][INFO] 2022-05-05 15:41:47,176: publishing ctrl
[rosout][INFO] 2022-05-05 15:41:47,185: publishing ctrl
[rosout][INFO] 2022-05-05 15:41:47,193: publishing ctrl
[rosout][INFO] 2022-05-05 15:41:47,202: publishing ctrl
[rosout][INFO] 2022-05-05 15:41:47,210: publishing ctrl
[rosout][INFO] 2022-05-05 15:41:47,218: publishing ctrl
[rosout][INFO] 2022-05-05 15:41:47,226: publishing ctrl
[rosout][INFO] 2022-05-05 15:41:47,235: publishing ctrl
[rosout][INFO] 2022-05-05 15:41:47,243: publishing ctrl
[rosout][INFO] 2022-05-05 15:41:47,251: publishing ctrl
[rosout][INFO] 2022-05-05 15:41:47,260: publishing ctrl
[rosout][INFO] 2022-05-05 15:41:47,271: publishing ctrl
[rosout][INFO] 2022-05-05 15:41:47,281: publishing ctrl
[rosout][INFO] 2022-05-05 15:41:47,289: publishing ctrl
[rosout][INFO] 2022-05-05 15:41:47,297: publishing ctrl
[rosout][INFO] 2022-05-05 15:41:47,306: publishing ctrl
[rosout][INFO] 2022-05-05 15:41:47,314: publishing ctrl
[rosout][INFO] 2022-05-05 15:41:47,322: publishing ctrl
[rosout][INFO] 2022-05-05 15:41:47,330: publishing ctrl
[rosout][INFO] 2022-05-05 15:41:47,338: publishing ctrl
[rosout][INFO] 2022-05-05 15:41:47,346: publishing ctrl
[rosout][INFO] 2022-05-05 15:41:47,355: publishing ctrl
[rosout][INFO] 2022-05-05 15:41:47,363: publishing ctrl
[rosout][INFO] 2022-05-05 15:41:47,373: publishing ctrl
[rosout][INFO] 2022-05-05 15:41:47,382: publishing ctrl
[rosout][INFO] 2022-05-05 15:41:47,391: publishing ctrl
[rosout][INFO] 2022-05-05 15:41:47,399: publishing ctrl
[rosout][INFO] 2022-05-05 15:41:47,407: publishing ctrl
[rosout][INFO] 2022-05-05 15:41:47,416: publishing ctrl
[rosout][INFO] 2022-05-05 15:41:47,424: publishing ctrl
[rosout][INFO] 2022-05-05 15:41:47,432: publishing ctrl
[rosout][INFO] 2022-05-05 15:41:47,440: publishing ctrl
[rosout][INFO] 2022-05-05 15:41:47,449: publishing ctrl
[rosout][INFO] 2022-05-05 15:41:47,458: publishing ctrl
[rosout][INFO] 2022-05-05 15:41:47,467: publishing ctrl
[rosout][INFO] 2022-05-05 15:41:47,475: publishing ctrl
[rosout][INFO] 2022-05-05 15:41:47,484: publishing ctrl
[rosout][INFO] 2022-05-05 15:41:47,493: publishing ctrl
[rosout][INFO] 2022-05-05 15:41:47,501: publishing ctrl
[rosout][INFO] 2022-05-05 15:41:47,510: publishing ctrl
[rosout][INFO] 2022-05-05 15:41:47,519: publishing ctrl
[rosout][INFO] 2022-05-05 15:41:47,527: publishing ctrl
[rosout][INFO] 2022-05-05 15:41:47,536: publishing ctrl
[rosout][INFO] 2022-05-05 15:41:47,544: publishing ctrl
[rosout][INFO] 2022-05-05 15:41:47,578: publishing ctrl
[rosout][INFO] 2022-05-05 15:41:47,589: publishing ctrl
[rosout][INFO] 2022-05-05 15:41:47,599: publishing ctrl
[rosout][INFO] 2022-05-05 15:41:47,606: publishing ctrl
[rosout][INFO] 2022-05-05 15:41:47,614: publishing ctrl
[rosout][INFO] 2022-05-05 15:41:47,622: publishing ctrl
[rosout][INFO] 2022-05-05 15:41:47,630: publishing ctrl
[rosout][INFO] 2022-05-05 15:41:47,639: publishing ctrl
[rosout][INFO] 2022-05-05 15:41:47,647: publishing ctrl
[rosout][INFO] 2022-05-05 15:41:47,655: publishing ctrl
[rosout][INFO] 2022-05-05 15:41:47,664: publishing ctrl
[rosout][INFO] 2022-05-05 15:41:47,672: publishing ctrl
[rosout][INFO] 2022-05-05 15:41:47,711: publishing ctrl
[rosout][INFO] 2022-05-05 15:41:47,719: publishing ctrl
[rosout][INFO] 2022-05-05 15:41:47,732: publishing ctrl
[rosout][INFO] 2022-05-05 15:41:47,741: publishing ctrl
[rosout][INFO] 2022-05-05 15:41:47,750: publishing ctrl
[rosout][INFO] 2022-05-05 15:41:47,758: publishing ctrl
[rosout][INFO] 2022-05-05 15:41:47,767: publishing ctrl
[rosout][INFO] 2022-05-05 15:41:47,778: publishing ctrl
[rosout][INFO] 2022-05-05 15:41:47,789: publishing ctrl
[rosout][INFO] 2022-05-05 15:41:47,798: publishing ctrl
[rosout][INFO] 2022-05-05 15:41:47,807: publishing ctrl
[rosout][INFO] 2022-05-05 15:41:47,816: publishing ctrl
[rosout][INFO] 2022-05-05 15:41:47,825: publishing ctrl
[rosout][INFO] 2022-05-05 15:41:47,833: publishing ctrl
[rosout][INFO] 2022-05-05 15:41:47,842: publishing ctrl
[rosout][INFO] 2022-05-05 15:41:47,851: publishing ctrl
[rosout][INFO] 2022-05-05 15:41:47,860: publishing ctrl
[rosout][INFO] 2022-05-05 15:41:47,870: publishing ctrl
[rosout][INFO] 2022-05-05 15:41:47,880: publishing ctrl
[rosout][INFO] 2022-05-05 15:41:47,891: publishing ctrl
[rosout][INFO] 2022-05-05 15:41:47,900: publishing ctrl
[rosout][INFO] 2022-05-05 15:41:47,910: publishing ctrl
[rosout][INFO] 2022-05-05 15:41:47,920: publishing ctrl
[rosout][INFO] 2022-05-05 15:41:47,932: publishing ctrl
[rosout][INFO] 2022-05-05 15:41:47,940: publishing ctrl
[rosout][INFO] 2022-05-05 15:41:47,949: publishing ctrl
[rosout][INFO] 2022-05-05 15:41:47,958: publishing ctrl
[rosout][INFO] 2022-05-05 15:41:47,967: publishing ctrl
[rosout][INFO] 2022-05-05 15:41:47,976: publishing ctrl
[rosout][INFO] 2022-05-05 15:41:47,985: publishing ctrl
[rosout][INFO] 2022-05-05 15:41:47,995: publishing ctrl
[rosout][INFO] 2022-05-05 15:41:48,004: publishing ctrl
[rosout][INFO] 2022-05-05 15:41:48,014: publishing ctrl
[rosout][INFO] 2022-05-05 15:41:48,023: publishing ctrl
[rosout][INFO] 2022-05-05 15:41:48,032: publishing ctrl
[rosout][INFO] 2022-05-05 15:41:48,040: publishing ctrl
[rosout][INFO] 2022-05-05 15:41:48,049: publishing ctrl
[rosout][INFO] 2022-05-05 15:41:48,060: publishing ctrl
[rosout][INFO] 2022-05-05 15:41:48,069: publishing ctrl
[rosout][INFO] 2022-05-05 15:41:48,078: publishing ctrl
[rosout][INFO] 2022-05-05 15:41:48,086: publishing ctrl
[rosout][INFO] 2022-05-05 15:41:48,095: publishing ctrl
[rosout][INFO] 2022-05-05 15:41:48,105: publishing ctrl
[rosout][INFO] 2022-05-05 15:41:48,113: publishing ctrl
[rosout][INFO] 2022-05-05 15:41:48,122: publishing ctrl
[rosout][INFO] 2022-05-05 15:41:48,131: publishing ctrl
[rosout][INFO] 2022-05-05 15:41:48,140: publishing ctrl
[rosout][INFO] 2022-05-05 15:41:48,150: publishing ctrl
[rosout][INFO] 2022-05-05 15:41:48,158: publishing ctrl
[rosout][INFO] 2022-05-05 15:41:48,167: publishing ctrl
[rosout][INFO] 2022-05-05 15:41:48,176: publishing ctrl
[rosout][INFO] 2022-05-05 15:41:48,185: publishing ctrl
[rosout][INFO] 2022-05-05 15:41:48,195: publishing ctrl
[rosout][INFO] 2022-05-05 15:41:48,204: publishing ctrl
[rosout][INFO] 2022-05-05 15:41:48,212: publishing ctrl
[rosout][INFO] 2022-05-05 15:41:48,220: publishing ctrl
[rosout][INFO] 2022-05-05 15:41:48,231: publishing ctrl
[rosout][INFO] 2022-05-05 15:41:48,240: publishing ctrl
[rosout][INFO] 2022-05-05 15:41:48,248: publishing ctrl
[rosout][INFO] 2022-05-05 15:41:48,256: publishing ctrl
[rosout][INFO] 2022-05-05 15:41:48,265: publishing ctrl
[rosout][INFO] 2022-05-05 15:41:48,274: publishing ctrl
[rosout][INFO] 2022-05-05 15:41:48,282: publishing ctrl
[rosout][INFO] 2022-05-05 15:41:48,290: publishing ctrl
[rosout][INFO] 2022-05-05 15:41:48,298: publishing ctrl
[rosout][INFO] 2022-05-05 15:41:48,308: publishing ctrl
[rosout][INFO] 2022-05-05 15:41:48,317: publishing ctrl
[rosout][INFO] 2022-05-05 15:41:48,325: publishing ctrl
[rosout][INFO] 2022-05-05 15:41:48,334: publishing ctrl
[rosout][INFO] 2022-05-05 15:41:48,342: publishing ctrl
[rosout][INFO] 2022-05-05 15:41:48,351: publishing ctrl
[rosout][INFO] 2022-05-05 15:41:48,359: publishing ctrl
[rosout][INFO] 2022-05-05 15:41:48,368: publishing ctrl
[rosout][INFO] 2022-05-05 15:41:48,377: publishing ctrl
[rosout][INFO] 2022-05-05 15:41:48,385: publishing ctrl
[rosout][INFO] 2022-05-05 15:41:48,394: publishing ctrl
[rosout][INFO] 2022-05-05 15:41:48,403: publishing ctrl
[rosout][INFO] 2022-05-05 15:41:48,412: publishing ctrl
[rosout][INFO] 2022-05-05 15:41:48,423: publishing ctrl
[rosout][INFO] 2022-05-05 15:41:48,432: publishing ctrl
[rosout][INFO] 2022-05-05 15:41:48,440: publishing ctrl
[rosout][INFO] 2022-05-05 15:41:48,449: publishing ctrl
[rosout][INFO] 2022-05-05 15:41:48,458: publishing ctrl
[rosout][INFO] 2022-05-05 15:41:48,466: publishing ctrl
[rosout][INFO] 2022-05-05 15:41:48,474: publishing ctrl
[rosout][INFO] 2022-05-05 15:41:48,482: publishing ctrl
[rosout][INFO] 2022-05-05 15:41:48,491: publishing ctrl
[rosout][INFO] 2022-05-05 15:41:48,499: publishing ctrl
[rosout][INFO] 2022-05-05 15:41:48,509: publishing ctrl
[rosout][INFO] 2022-05-05 15:41:48,517: publishing ctrl
[rosout][INFO] 2022-05-05 15:41:48,524: publishing ctrl
[rosout][INFO] 2022-05-05 15:41:48,534: publishing ctrl
[rosout][INFO] 2022-05-05 15:41:48,542: publishing ctrl
[rosout][INFO] 2022-05-05 15:41:48,551: publishing ctrl
[rosout][INFO] 2022-05-05 15:41:48,559: publishing ctrl
[rosout][INFO] 2022-05-05 15:41:48,568: publishing ctrl
[rosout][INFO] 2022-05-05 15:41:48,576: publishing ctrl
[rosout][INFO] 2022-05-05 15:41:48,584: publishing ctrl
[rosout][INFO] 2022-05-05 15:41:48,592: publishing ctrl
[rosout][INFO] 2022-05-05 15:41:48,601: publishing ctrl
[rosout][INFO] 2022-05-05 15:41:48,611: publishing ctrl
[rosout][INFO] 2022-05-05 15:41:48,619: publishing ctrl
[rosout][INFO] 2022-05-05 15:41:48,627: publishing ctrl
[rosout][INFO] 2022-05-05 15:41:48,636: publishing ctrl
[rosout][INFO] 2022-05-05 15:41:48,644: publishing ctrl
[rosout][INFO] 2022-05-05 15:41:48,652: publishing ctrl
[rosout][INFO] 2022-05-05 15:41:48,660: publishing ctrl
[rosout][INFO] 2022-05-05 15:41:48,669: publishing ctrl
[rosout][INFO] 2022-05-05 15:41:48,678: publishing ctrl
[rosout][INFO] 2022-05-05 15:41:48,685: publishing ctrl
[rosout][INFO] 2022-05-05 15:41:48,695: publishing ctrl
[rosout][INFO] 2022-05-05 15:41:48,705: publishing ctrl
[rosout][INFO] 2022-05-05 15:41:48,714: publishing ctrl
[rosout][INFO] 2022-05-05 15:41:48,722: publishing ctrl
[rosout][INFO] 2022-05-05 15:41:48,729: publishing ctrl
[rosout][INFO] 2022-05-05 15:41:48,739: publishing ctrl
[rosout][INFO] 2022-05-05 15:41:48,748: publishing ctrl
[rosout][INFO] 2022-05-05 15:41:48,757: publishing ctrl
[rosout][INFO] 2022-05-05 15:41:48,765: publishing ctrl
[rosout][INFO] 2022-05-05 15:41:48,774: publishing ctrl
[rosout][INFO] 2022-05-05 15:41:48,784: publishing ctrl
[rosout][INFO] 2022-05-05 15:41:48,792: publishing ctrl
[rosout][INFO] 2022-05-05 15:41:48,800: publishing ctrl
[rosout][INFO] 2022-05-05 15:41:48,809: publishing ctrl
[rosout][INFO] 2022-05-05 15:41:48,818: publishing ctrl
[rosout][INFO] 2022-05-05 15:41:48,827: publishing ctrl
[rosout][INFO] 2022-05-05 15:41:48,835: publishing ctrl
[rosout][INFO] 2022-05-05 15:41:48,843: publishing ctrl
[rosout][INFO] 2022-05-05 15:41:48,851: publishing ctrl
[rosout][INFO] 2022-05-05 15:41:48,860: publishing ctrl
[rosout][INFO] 2022-05-05 15:41:48,869: publishing ctrl
[rosout][INFO] 2022-05-05 15:41:48,877: publishing ctrl
[rosout][INFO] 2022-05-05 15:41:48,886: publishing ctrl
[rosout][INFO] 2022-05-05 15:41:48,895: publishing ctrl
[rosout][INFO] 2022-05-05 15:41:48,903: publishing ctrl
[rosout][INFO] 2022-05-05 15:41:48,912: publishing ctrl
[rosout][INFO] 2022-05-05 15:41:48,921: publishing ctrl
[rosout][INFO] 2022-05-05 15:41:48,930: publishing ctrl
[rosout][INFO] 2022-05-05 15:41:48,938: publishing ctrl
[rosout][INFO] 2022-05-05 15:41:48,947: publishing ctrl
[rosout][INFO] 2022-05-05 15:41:48,956: publishing ctrl
[rosout][INFO] 2022-05-05 15:41:48,964: publishing ctrl
[rosout][INFO] 2022-05-05 15:41:48,973: publishing ctrl
[rosout][INFO] 2022-05-05 15:41:48,980: publishing ctrl
[rosout][INFO] 2022-05-05 15:41:48,990: publishing ctrl
[rosout][INFO] 2022-05-05 15:41:48,998: publishing ctrl
[rosout][INFO] 2022-05-05 15:41:49,006: publishing ctrl
[rosout][INFO] 2022-05-05 15:41:49,015: publishing ctrl
[rosout][INFO] 2022-05-05 15:41:49,024: publishing ctrl
[rosout][INFO] 2022-05-05 15:41:49,032: publishing ctrl
[rosout][INFO] 2022-05-05 15:41:49,041: publishing ctrl
[rosout][INFO] 2022-05-05 15:41:49,049: publishing ctrl
[rosout][INFO] 2022-05-05 15:41:49,058: publishing ctrl
[rosout][INFO] 2022-05-05 15:41:49,067: publishing ctrl
[rosout][INFO] 2022-05-05 15:41:49,076: publishing ctrl
[rosout][INFO] 2022-05-05 15:41:49,084: publishing ctrl
[rosout][INFO] 2022-05-05 15:41:49,092: publishing ctrl
[rosout][INFO] 2022-05-05 15:41:49,101: publishing ctrl
[rosout][INFO] 2022-05-05 15:41:49,110: publishing ctrl
[rosout][INFO] 2022-05-05 15:41:49,120: publishing ctrl
[rosout][INFO] 2022-05-05 15:41:49,128: publishing ctrl
[rosout][INFO] 2022-05-05 15:41:49,137: publishing ctrl
[rosout][INFO] 2022-05-05 15:41:49,146: publishing ctrl
[rosout][INFO] 2022-05-05 15:41:49,154: publishing ctrl
[rosout][INFO] 2022-05-05 15:41:49,163: publishing ctrl
[rosout][INFO] 2022-05-05 15:41:49,172: publishing ctrl
[rosout][INFO] 2022-05-05 15:41:49,180: publishing ctrl
[rosout][INFO] 2022-05-05 15:41:49,189: publishing ctrl
[rosout][INFO] 2022-05-05 15:41:49,199: publishing ctrl
[rosout][INFO] 2022-05-05 15:41:49,207: publishing ctrl
[rosout][INFO] 2022-05-05 15:41:49,216: publishing ctrl
[rosout][INFO] 2022-05-05 15:41:49,225: publishing ctrl
[rosout][INFO] 2022-05-05 15:41:49,234: publishing ctrl
[rosout][INFO] 2022-05-05 15:41:49,242: publishing ctrl
[rosout][INFO] 2022-05-05 15:41:49,250: publishing ctrl
[rosout][INFO] 2022-05-05 15:41:49,258: publishing ctrl
[rosout][INFO] 2022-05-05 15:41:49,266: publishing ctrl
[rosout][INFO] 2022-05-05 15:41:49,275: publishing ctrl
[rosout][INFO] 2022-05-05 15:41:49,282: publishing ctrl
[rosout][INFO] 2022-05-05 15:41:49,291: publishing ctrl
[rosout][INFO] 2022-05-05 15:41:49,299: publishing ctrl
[rosout][INFO] 2022-05-05 15:41:49,307: publishing ctrl
[rosout][INFO] 2022-05-05 15:41:49,316: publishing ctrl
[rosout][INFO] 2022-05-05 15:41:49,325: publishing ctrl
[rosout][INFO] 2022-05-05 15:41:49,334: publishing ctrl
[rosout][INFO] 2022-05-05 15:41:49,342: publishing ctrl
[rosout][INFO] 2022-05-05 15:41:49,351: publishing ctrl
[rosout][INFO] 2022-05-05 15:41:49,360: publishing ctrl
[rosout][INFO] 2022-05-05 15:41:49,368: publishing ctrl
[rosout][INFO] 2022-05-05 15:41:49,377: publishing ctrl
[rosout][INFO] 2022-05-05 15:41:49,385: publishing ctrl
[rosout][INFO] 2022-05-05 15:41:49,393: publishing ctrl
[rosout][INFO] 2022-05-05 15:41:49,401: publishing ctrl
[rosout][INFO] 2022-05-05 15:41:49,409: publishing ctrl
[rosout][INFO] 2022-05-05 15:41:49,418: publishing ctrl
[rosout][INFO] 2022-05-05 15:41:49,426: publishing ctrl
[rosout][INFO] 2022-05-05 15:41:49,435: publishing ctrl
[rosout][INFO] 2022-05-05 15:41:49,443: publishing ctrl
[rosout][INFO] 2022-05-05 15:41:49,452: publishing ctrl
[rosout][INFO] 2022-05-05 15:41:49,460: publishing ctrl
[rosout][INFO] 2022-05-05 15:41:49,469: publishing ctrl
[rosout][INFO] 2022-05-05 15:41:49,478: publishing ctrl
[rosout][INFO] 2022-05-05 15:41:49,486: publishing ctrl
[rosout][INFO] 2022-05-05 15:41:49,494: publishing ctrl
[rosout][INFO] 2022-05-05 15:41:49,502: publishing ctrl
[rosout][INFO] 2022-05-05 15:41:49,510: publishing ctrl
[rosout][INFO] 2022-05-05 15:41:49,518: publishing ctrl
[rosout][INFO] 2022-05-05 15:41:49,526: publishing ctrl
[rosout][INFO] 2022-05-05 15:41:49,535: publishing ctrl
[rosout][INFO] 2022-05-05 15:41:49,543: publishing ctrl
[rosout][INFO] 2022-05-05 15:41:49,551: publishing ctrl
[rosout][INFO] 2022-05-05 15:41:49,559: publishing ctrl
[rosout][INFO] 2022-05-05 15:41:49,568: publishing ctrl
[rosout][INFO] 2022-05-05 15:41:49,576: publishing ctrl
[rosout][INFO] 2022-05-05 15:41:49,585: publishing ctrl
[rosout][INFO] 2022-05-05 15:41:49,592: publishing ctrl
[rosout][INFO] 2022-05-05 15:41:49,601: publishing ctrl
[rosout][INFO] 2022-05-05 15:41:49,610: publishing ctrl
[rosout][INFO] 2022-05-05 15:41:49,617: publishing ctrl
[rosout][INFO] 2022-05-05 15:41:49,626: publishing ctrl
[rosout][INFO] 2022-05-05 15:41:49,636: publishing ctrl
[rosout][INFO] 2022-05-05 15:41:49,643: publishing ctrl
[rosout][INFO] 2022-05-05 15:41:49,651: publishing ctrl
[rosout][INFO] 2022-05-05 15:41:49,660: publishing ctrl
[rosout][INFO] 2022-05-05 15:41:49,669: publishing ctrl
[rosout][INFO] 2022-05-05 15:41:49,677: publishing ctrl
[rosout][INFO] 2022-05-05 15:41:49,686: publishing ctrl
[rosout][INFO] 2022-05-05 15:41:49,695: publishing ctrl
[rosout][INFO] 2022-05-05 15:41:49,704: publishing ctrl
[rosout][INFO] 2022-05-05 15:41:49,712: publishing ctrl
[rosout][INFO] 2022-05-05 15:41:49,720: publishing ctrl
[rosout][INFO] 2022-05-05 15:41:49,729: publishing ctrl
[rosout][INFO] 2022-05-05 15:41:49,739: publishing ctrl
[rosout][INFO] 2022-05-05 15:41:49,748: publishing ctrl
[rosout][INFO] 2022-05-05 15:41:49,756: publishing ctrl
[rosout][INFO] 2022-05-05 15:41:49,764: publishing ctrl
[rosout][INFO] 2022-05-05 15:41:49,775: publishing ctrl
[rosout][INFO] 2022-05-05 15:41:49,784: publishing ctrl
[rosout][INFO] 2022-05-05 15:41:49,794: publishing ctrl
[rosout][INFO] 2022-05-05 15:41:49,803: publishing ctrl
[rosout][INFO] 2022-05-05 15:41:49,811: publishing ctrl
[rosout][INFO] 2022-05-05 15:41:49,819: publishing ctrl
[rosout][INFO] 2022-05-05 15:41:49,827: publishing ctrl
[rosout][INFO] 2022-05-05 15:41:49,838: publishing ctrl
[rosout][INFO] 2022-05-05 15:41:49,846: publishing ctrl
[rosout][INFO] 2022-05-05 15:41:49,856: publishing ctrl
[rosout][INFO] 2022-05-05 15:41:49,865: publishing ctrl
[rosout][INFO] 2022-05-05 15:41:49,877: publishing ctrl
[rosout][INFO] 2022-05-05 15:41:49,884: publishing ctrl
[rosout][INFO] 2022-05-05 15:41:49,893: publishing ctrl
[rosout][INFO] 2022-05-05 15:41:49,901: publishing ctrl
[rosout][INFO] 2022-05-05 15:41:49,910: publishing ctrl
[rosout][INFO] 2022-05-05 15:41:49,919: publishing ctrl
[rosout][INFO] 2022-05-05 15:41:49,928: publishing ctrl
[rosout][INFO] 2022-05-05 15:41:49,936: publishing ctrl
[rosout][INFO] 2022-05-05 15:41:49,946: publishing ctrl
[rosout][INFO] 2022-05-05 15:41:49,954: publishing ctrl
[rosout][INFO] 2022-05-05 15:41:49,962: publishing ctrl
[rosout][INFO] 2022-05-05 15:41:49,971: publishing ctrl
[rosout][INFO] 2022-05-05 15:41:49,979: publishing ctrl
[rosout][INFO] 2022-05-05 15:41:49,987: publishing ctrl
[rosout][INFO] 2022-05-05 15:41:49,996: publishing ctrl
[rosout][INFO] 2022-05-05 15:41:50,003: publishing ctrl
[rosout][INFO] 2022-05-05 15:41:50,011: publishing ctrl
[rosout][INFO] 2022-05-05 15:41:50,020: publishing ctrl
[rosout][INFO] 2022-05-05 15:41:50,029: publishing ctrl
[rosout][INFO] 2022-05-05 15:41:50,037: publishing ctrl
[rosout][INFO] 2022-05-05 15:41:50,047: publishing ctrl
[rosout][INFO] 2022-05-05 15:41:50,056: publishing ctrl
[rosout][INFO] 2022-05-05 15:41:50,064: publishing ctrl
[rosout][INFO] 2022-05-05 15:41:50,073: publishing ctrl
[rosout][INFO] 2022-05-05 15:41:50,081: publishing ctrl
[rosout][INFO] 2022-05-05 15:41:50,089: publishing ctrl
[rosout][INFO] 2022-05-05 15:41:50,100: publishing ctrl
[rosout][INFO] 2022-05-05 15:41:50,109: publishing ctrl
[rosout][INFO] 2022-05-05 15:41:50,117: publishing ctrl
[rosout][INFO] 2022-05-05 15:41:50,125: publishing ctrl
[rosout][INFO] 2022-05-05 15:41:50,134: publishing ctrl
[rosout][INFO] 2022-05-05 15:41:50,142: publishing ctrl
[rosout][INFO] 2022-05-05 15:41:50,152: publishing ctrl
[rosout][INFO] 2022-05-05 15:41:50,160: publishing ctrl
[rosout][INFO] 2022-05-05 15:41:50,169: publishing ctrl
[rosout][INFO] 2022-05-05 15:41:50,177: publishing ctrl
[rosout][INFO] 2022-05-05 15:41:50,186: publishing ctrl
[rosout][INFO] 2022-05-05 15:41:50,194: publishing ctrl
[rosout][INFO] 2022-05-05 15:41:50,202: publishing ctrl
[rosout][INFO] 2022-05-05 15:41:50,211: publishing ctrl
[rosout][INFO] 2022-05-05 15:41:50,218: publishing ctrl
[rosout][INFO] 2022-05-05 15:41:50,227: publishing ctrl
[rosout][INFO] 2022-05-05 15:41:50,235: publishing ctrl
[rosout][INFO] 2022-05-05 15:41:50,243: publishing ctrl
[rosout][INFO] 2022-05-05 15:41:50,252: publishing ctrl
[rosout][INFO] 2022-05-05 15:41:50,259: publishing ctrl
[rosout][INFO] 2022-05-05 15:41:50,269: publishing ctrl
[rosout][INFO] 2022-05-05 15:41:50,278: publishing ctrl
[rosout][INFO] 2022-05-05 15:41:50,286: publishing ctrl
[rosout][INFO] 2022-05-05 15:41:50,294: publishing ctrl
[rosout][INFO] 2022-05-05 15:41:50,303: publishing ctrl
[rosout][INFO] 2022-05-05 15:41:50,310: publishing ctrl
[rosout][INFO] 2022-05-05 15:41:50,320: publishing ctrl
[rosout][INFO] 2022-05-05 15:41:50,330: publishing ctrl
[rosout][INFO] 2022-05-05 15:41:50,337: publishing ctrl
[rosout][INFO] 2022-05-05 15:41:50,345: publishing ctrl
[rosout][INFO] 2022-05-05 15:41:50,355: publishing ctrl
[rosout][INFO] 2022-05-05 15:41:50,364: publishing ctrl
[rosout][INFO] 2022-05-05 15:41:50,373: publishing ctrl
[rosout][INFO] 2022-05-05 15:41:50,381: publishing ctrl
[rosout][INFO] 2022-05-05 15:41:50,389: publishing ctrl
[rosout][INFO] 2022-05-05 15:41:50,398: publishing ctrl
[rosout][INFO] 2022-05-05 15:41:50,405: publishing ctrl
[rosout][INFO] 2022-05-05 15:41:50,414: publishing ctrl
[rosout][INFO] 2022-05-05 15:41:50,422: publishing ctrl
[rosout][INFO] 2022-05-05 15:41:50,431: publishing ctrl
[rosout][INFO] 2022-05-05 15:41:50,439: publishing ctrl
[rosout][INFO] 2022-05-05 15:41:50,447: publishing ctrl
[rosout][INFO] 2022-05-05 15:41:50,457: publishing ctrl
[rosout][INFO] 2022-05-05 15:41:50,466: publishing ctrl
[rosout][INFO] 2022-05-05 15:41:50,474: publishing ctrl
[rosout][INFO] 2022-05-05 15:41:50,482: publishing ctrl
[rosout][INFO] 2022-05-05 15:41:50,491: publishing ctrl
[rosout][INFO] 2022-05-05 15:41:50,499: publishing ctrl
[rosout][INFO] 2022-05-05 15:41:50,508: publishing ctrl
[rosout][INFO] 2022-05-05 15:41:50,517: publishing ctrl
[rosout][INFO] 2022-05-05 15:41:50,524: publishing ctrl
[rosout][INFO] 2022-05-05 15:41:50,533: publishing ctrl
[rosout][INFO] 2022-05-05 15:41:50,541: publishing ctrl
[rosout][INFO] 2022-05-05 15:41:50,550: publishing ctrl
[rosout][INFO] 2022-05-05 15:41:50,559: publishing ctrl
[rosout][INFO] 2022-05-05 15:41:50,567: publishing ctrl
[rosout][INFO] 2022-05-05 15:41:50,576: publishing ctrl
[rosout][INFO] 2022-05-05 15:41:50,584: publishing ctrl
[rosout][INFO] 2022-05-05 15:41:50,593: publishing ctrl
[rosout][INFO] 2022-05-05 15:41:50,601: publishing ctrl
[rosout][INFO] 2022-05-05 15:41:50,610: publishing ctrl
[rosout][INFO] 2022-05-05 15:41:50,618: publishing ctrl
[rosout][INFO] 2022-05-05 15:41:50,627: publishing ctrl
[rosout][INFO] 2022-05-05 15:41:50,636: publishing ctrl
[rosout][INFO] 2022-05-05 15:41:50,645: publishing ctrl
[rosout][INFO] 2022-05-05 15:41:50,654: publishing ctrl
[rosout][INFO] 2022-05-05 15:41:50,664: publishing ctrl
[rosout][INFO] 2022-05-05 15:41:50,671: publishing ctrl
[rosout][INFO] 2022-05-05 15:41:50,680: publishing ctrl
[rosout][INFO] 2022-05-05 15:41:50,688: publishing ctrl
[rosout][INFO] 2022-05-05 15:41:50,699: publishing ctrl
[rosout][INFO] 2022-05-05 15:41:50,720: publishing ctrl
[rosout][INFO] 2022-05-05 15:41:50,733: publishing ctrl
[rosout][INFO] 2022-05-05 15:41:50,743: publishing ctrl
[rosout][INFO] 2022-05-05 15:41:50,751: publishing ctrl
[rosout][INFO] 2022-05-05 15:41:50,763: publishing ctrl
[rosout][INFO] 2022-05-05 15:41:50,773: publishing ctrl
[rosout][INFO] 2022-05-05 15:41:50,789: publishing ctrl
[rosout][INFO] 2022-05-05 15:41:50,800: publishing ctrl
[rosout][INFO] 2022-05-05 15:41:50,809: publishing ctrl
[rosout][INFO] 2022-05-05 15:41:50,818: publishing ctrl
[rosout][INFO] 2022-05-05 15:41:50,828: publishing ctrl
[rosout][INFO] 2022-05-05 15:41:50,839: publishing ctrl
[rosout][INFO] 2022-05-05 15:41:50,848: publishing ctrl
[rosout][INFO] 2022-05-05 15:41:50,858: publishing ctrl
[rosout][INFO] 2022-05-05 15:41:50,869: publishing ctrl
[rosout][INFO] 2022-05-05 15:41:50,879: publishing ctrl
[rosout][INFO] 2022-05-05 15:41:50,891: publishing ctrl
[rosout][INFO] 2022-05-05 15:41:50,901: publishing ctrl
[rosout][INFO] 2022-05-05 15:41:50,910: publishing ctrl
[rosout][INFO] 2022-05-05 15:41:50,921: publishing ctrl
[rosout][INFO] 2022-05-05 15:41:50,930: publishing ctrl
[rosout][INFO] 2022-05-05 15:41:50,940: publishing ctrl
[rosout][INFO] 2022-05-05 15:41:50,950: publishing ctrl
[rosout][INFO] 2022-05-05 15:41:50,959: publishing ctrl
[rosout][INFO] 2022-05-05 15:41:50,970: publishing ctrl
[rosout][INFO] 2022-05-05 15:41:50,980: publishing ctrl
[rosout][INFO] 2022-05-05 15:41:50,992: publishing ctrl
[rosout][INFO] 2022-05-05 15:41:51,002: publishing ctrl
[rosout][INFO] 2022-05-05 15:41:51,013: publishing ctrl
[rosout][INFO] 2022-05-05 15:41:51,024: publishing ctrl
[rosout][INFO] 2022-05-05 15:41:51,033: publishing ctrl
[rosout][INFO] 2022-05-05 15:41:51,045: publishing ctrl
[rosout][INFO] 2022-05-05 15:41:51,053: publishing ctrl
[rosout][INFO] 2022-05-05 15:41:51,064: publishing ctrl
[rosout][INFO] 2022-05-05 15:41:51,074: publishing ctrl
[rosout][INFO] 2022-05-05 15:41:51,084: publishing ctrl
[rosout][INFO] 2022-05-05 15:41:51,096: publishing ctrl
[rosout][INFO] 2022-05-05 15:41:51,106: publishing ctrl
[rosout][INFO] 2022-05-05 15:41:51,115: publishing ctrl
[rosout][INFO] 2022-05-05 15:41:51,125: publishing ctrl
[rosout][INFO] 2022-05-05 15:41:51,135: publishing ctrl
[rosout][INFO] 2022-05-05 15:41:51,144: publishing ctrl
[rosout][INFO] 2022-05-05 15:41:51,155: publishing ctrl
[rosout][INFO] 2022-05-05 15:41:51,165: publishing ctrl
[rosout][INFO] 2022-05-05 15:41:51,177: publishing ctrl
[rosout][INFO] 2022-05-05 15:41:51,189: publishing ctrl
[rosout][INFO] 2022-05-05 15:41:51,204: publishing ctrl
[rosout][INFO] 2022-05-05 15:41:51,218: publishing ctrl
[rosout][INFO] 2022-05-05 15:41:51,230: publishing ctrl
[rosout][INFO] 2022-05-05 15:41:51,249: publishing ctrl
[rosout][INFO] 2022-05-05 15:41:51,262: publishing ctrl
[rosout][INFO] 2022-05-05 15:41:51,274: publishing ctrl
[rosout][INFO] 2022-05-05 15:41:51,285: publishing ctrl
[rosout][INFO] 2022-05-05 15:41:51,297: publishing ctrl
[rosout][INFO] 2022-05-05 15:41:51,308: publishing ctrl
[rosout][INFO] 2022-05-05 15:41:51,327: publishing ctrl
[rosout][INFO] 2022-05-05 15:41:51,344: publishing ctrl
[rosout][INFO] 2022-05-05 15:41:51,357: publishing ctrl
[rosout][INFO] 2022-05-05 15:41:51,370: publishing ctrl
[rosout][INFO] 2022-05-05 15:41:51,395: publishing ctrl
[rosout][INFO] 2022-05-05 15:41:51,414: publishing ctrl
[rosout][INFO] 2022-05-05 15:41:51,426: publishing ctrl
[rosout][INFO] 2022-05-05 15:41:51,441: publishing ctrl
[rosout][INFO] 2022-05-05 15:41:51,458: publishing ctrl
[rosout][INFO] 2022-05-05 15:41:51,478: publishing ctrl
[rosout][INFO] 2022-05-05 15:41:51,490: publishing ctrl
[rosout][INFO] 2022-05-05 15:41:51,505: publishing ctrl
[rosout][INFO] 2022-05-05 15:41:51,518: publishing ctrl
[rosout][INFO] 2022-05-05 15:41:51,532: publishing ctrl
[rosout][INFO] 2022-05-05 15:41:51,545: publishing ctrl
[rosout][INFO] 2022-05-05 15:41:51,557: publishing ctrl
[rosout][INFO] 2022-05-05 15:41:51,571: publishing ctrl
[rosout][INFO] 2022-05-05 15:41:51,585: publishing ctrl
[rosout][INFO] 2022-05-05 15:41:51,596: publishing ctrl
[rosout][INFO] 2022-05-05 15:41:51,613: publishing ctrl
[rosout][INFO] 2022-05-05 15:41:51,639: publishing ctrl
[rosout][INFO] 2022-05-05 15:41:51,656: publishing ctrl
[rospy.core][INFO] 2022-05-05 15:41:51,742: signal_shutdown [signal-2]
[rosout][INFO] 2022-05-05 15:41:51,686: publishing ctrl
[rospy.internal][INFO] 2022-05-05 15:41:51,885: topic[/car/mux/ackermann_cmd_mux/input/navigation] removing connection to /car/mux/nodelet_manager
[rospy.internal][INFO] 2022-05-05 15:41:51,887: topic[/rosout] removing connection to /rosout
[rospy.internal][INFO] 2022-05-05 15:41:51,891: topic[/csi_cam_0/image_raw] removing connection to http://robot-desktop:39191/
[rospy.impl.masterslave][INFO] 2022-05-05 15:41:51,892: signal-2
[rospy.internal][WARNING] 2022-05-05 15:41:51,894: Unknown error initiating TCP/IP socket to robot-desktop:33551 (http://robot-desktop:39191/): Traceback (most recent call last):
  File "/opt/ros/melodic/lib/python2.7/dist-packages/rospy/impl/tcpros_base.py", line 563, in connect
    self.local_endpoint = self.socket.getsockname()
AttributeError: 'NoneType' object has no attribute 'getsockname'

[rosout][INFO] 2022-05-05 15:41:51,802: publishing ctrl
[rospy.core][INFO] 2022-05-05 15:41:52,399: signal_shutdown [atexit]
