[rospy.client][INFO] 2022-05-05 15:41:29,604: init_node, name[/car/vesc/throttle_interpolator], pid[22096]
[xmlrpc][INFO] 2022-05-05 15:41:29,623: XML-RPC server binding to 0.0.0.0:0
[xmlrpc][INFO] 2022-05-05 15:41:29,625: Started XML-RPC server [http://robot-desktop:41659/]
[rospy.init][INFO] 2022-05-05 15:41:29,626: ROS Slave URI: [http://robot-desktop:41659/]
[rospy.impl.masterslave][INFO] 2022-05-05 15:41:29,627: _ready: http://robot-desktop:41659/
[xmlrpc][INFO] 2022-05-05 15:41:29,629: xml rpc node: starting XML-RPC server
[rospy.registration][INFO] 2022-05-05 15:41:29,633: Registering with master node http://robot-desktop:11311
[rospy.init][INFO] 2022-05-05 15:41:29,728: registered with master
[rospy.rosout][INFO] 2022-05-05 15:41:29,729: initializing /rosout core topic
[rospy.rosout][INFO] 2022-05-05 15:41:29,754: connected to core topic /rosout
[rospy.simtime][INFO] 2022-05-05 15:41:29,776: /use_sim_time is not set, will not subscribe to simulated time [/clock] topic
[rospy.internal][INFO] 2022-05-05 15:41:29,979: topic[/rosout] adding connection to [/rosout], count 0
[rospy.internal][INFO] 2022-05-05 15:41:30,326: topic[/car/vesc/commands/servo/unsmoothed_position] adding connection to [http://robot-desktop:40671/], count 0
[rospy.internal][INFO] 2022-05-05 15:41:30,344: topic[/car/vesc/commands/motor/unsmoothed_speed] adding connection to [http://robot-desktop:40671/], count 0
[rospy.internal][INFO] 2022-05-05 15:41:30,391: topic[/car/vesc/commands/motor/speed] adding connection to [/car/vesc/vesc_driver], count 0
[rospy.internal][INFO] 2022-05-05 15:41:30,497: topic[/car/vesc/commands/servo/position] adding connection to [/car/vesc/vesc_driver], count 0
[rospy.core][INFO] 2022-05-05 15:41:51,698: signal_shutdown [signal-2]
[rospy.internal][INFO] 2022-05-05 15:41:51,827: topic[/car/vesc/commands/motor/speed] removing connection to /car/vesc/vesc_driver
[rospy.internal][INFO] 2022-05-05 15:41:51,831: topic[/rosout] removing connection to /rosout
[rospy.internal][INFO] 2022-05-05 15:41:51,833: topic[/car/vesc/commands/servo/position] removing connection to /car/vesc/vesc_driver
[rospy.internal][INFO] 2022-05-05 15:41:51,842: topic[/car/vesc/commands/motor/unsmoothed_speed] removing connection to http://robot-desktop:40671/
[rospy.internal][WARNING] 2022-05-05 15:41:51,844: Unknown error initiating TCP/IP socket to robot-desktop:58265 (http://robot-desktop:40671/): Traceback (most recent call last):
  File "/opt/ros/melodic/lib/python2.7/dist-packages/rospy/impl/tcpros_base.py", line 563, in connect
    self.local_endpoint = self.socket.getsockname()
AttributeError: 'NoneType' object has no attribute 'getsockname'

[rospy.internal][INFO] 2022-05-05 15:41:51,849: topic[/car/vesc/commands/servo/unsmoothed_position] removing connection to http://robot-desktop:40671/
[rospy.internal][WARNING] 2022-05-05 15:41:51,850: Unknown error initiating TCP/IP socket to robot-desktop:58265 (http://robot-desktop:40671/): Traceback (most recent call last):
  File "/opt/ros/melodic/lib/python2.7/dist-packages/rospy/impl/tcpros_base.py", line 563, in connect
    self.local_endpoint = self.socket.getsockname()
AttributeError: 'NoneType' object has no attribute 'getsockname'

[rospy.impl.masterslave][INFO] 2022-05-05 15:41:51,851: signal-2
[rospy.core][INFO] 2022-05-05 15:41:52,326: signal_shutdown [atexit]
