[rospy.client][INFO] 2022-05-05 15:42:03,571: init_node, name[/car/drive], pid[10016]
[xmlrpc][INFO] 2022-05-05 15:42:03,572: XML-RPC server binding to 0.0.0.0:0
[xmlrpc][INFO] 2022-05-05 15:42:03,573: Started XML-RPC server [http://robot-desktop:45045/]
[rospy.init][INFO] 2022-05-05 15:42:03,573: ROS Slave URI: [http://robot-desktop:45045/]
[rospy.impl.masterslave][INFO] 2022-05-05 15:42:03,574: _ready: http://robot-desktop:45045/
[rospy.registration][INFO] 2022-05-05 15:42:03,576: Registering with master node http://robot-desktop:11311
[xmlrpc][INFO] 2022-05-05 15:42:03,576: xml rpc node: starting XML-RPC server
[rospy.init][INFO] 2022-05-05 15:42:03,674: registered with master
[rospy.rosout][INFO] 2022-05-05 15:42:03,675: initializing /rosout core topic
[rospy.rosout][INFO] 2022-05-05 15:42:03,681: connected to core topic /rosout
[rospy.simtime][INFO] 2022-05-05 15:42:03,684: /use_sim_time is not set, will not subscribe to simulated time [/clock] topic
[rosout][INFO] 2022-05-05 15:42:03,732: publishing ctrl
[rosout][INFO] 2022-05-05 15:42:03,752: publishing ctrl
[rosout][INFO] 2022-05-05 15:42:03,772: publishing ctrl
[rosout][INFO] 2022-05-05 15:42:03,792: publishing ctrl
[rosout][INFO] 2022-05-05 15:42:03,812: publishing ctrl
[rosout][INFO] 2022-05-05 15:42:03,833: publishing ctrl
[rosout][INFO] 2022-05-05 15:42:03,852: publishing ctrl
[rosout][INFO] 2022-05-05 15:42:03,872: publishing ctrl
[rosout][INFO] 2022-05-05 15:42:03,892: publishing ctrl
[rosout][INFO] 2022-05-05 15:42:03,912: publishing ctrl
[rospy.internal][INFO] 2022-05-05 15:42:03,932: topic[/rosout] adding connection to [/rosout], count 0
[rospy.internal][INFO] 2022-05-05 15:42:03,935: topic[/car/mux/ackermann_cmd_mux/input/navigation] adding connection to [/car/mux/nodelet_manager], count 0
[rosout][INFO] 2022-05-05 15:42:03,933: publishing ctrl
[rosout][INFO] 2022-05-05 15:42:03,952: publishing ctrl
[rosout][INFO] 2022-05-05 15:42:03,972: publishing ctrl
[rosout][INFO] 2022-05-05 15:42:03,992: publishing ctrl
[rosout][INFO] 2022-05-05 15:42:04,012: publishing ctrl
[rosout][INFO] 2022-05-05 15:42:04,032: publishing ctrl
[rosout][INFO] 2022-05-05 15:42:04,052: publishing ctrl
[rosout][INFO] 2022-05-05 15:42:04,072: publishing ctrl
[rosout][INFO] 2022-05-05 15:42:04,092: publishing ctrl
[rosout][INFO] 2022-05-05 15:42:04,112: publishing ctrl
[rosout][INFO] 2022-05-05 15:42:04,132: publishing ctrl
[rosout][INFO] 2022-05-05 15:42:04,152: publishing ctrl
[rosout][INFO] 2022-05-05 15:42:04,173: publishing ctrl
[rosout][INFO] 2022-05-05 15:42:04,193: publishing ctrl
[rosout][INFO] 2022-05-05 15:42:04,212: publishing ctrl
[rosout][INFO] 2022-05-05 15:42:04,232: publishing ctrl
[rosout][INFO] 2022-05-05 15:42:04,252: publishing ctrl
[rosout][INFO] 2022-05-05 15:42:04,272: publishing ctrl
[rosout][INFO] 2022-05-05 15:42:04,292: publishing ctrl
[rosout][INFO] 2022-05-05 15:42:04,312: publishing ctrl
[rosout][INFO] 2022-05-05 15:42:04,333: publishing ctrl
[rosout][INFO] 2022-05-05 15:42:04,352: publishing ctrl
[rosout][INFO] 2022-05-05 15:42:04,372: publishing ctrl
[rosout][INFO] 2022-05-05 15:42:04,392: publishing ctrl
[rosout][INFO] 2022-05-05 15:42:04,412: publishing ctrl
[rosout][INFO] 2022-05-05 15:42:04,432: publishing ctrl
[rosout][INFO] 2022-05-05 15:42:04,452: publishing ctrl
[rosout][INFO] 2022-05-05 15:42:04,472: publishing ctrl
[rosout][INFO] 2022-05-05 15:42:04,492: publishing ctrl
[rosout][INFO] 2022-05-05 15:42:04,512: publishing ctrl
[rosout][INFO] 2022-05-05 15:42:04,533: publishing ctrl
[rosout][INFO] 2022-05-05 15:42:04,552: publishing ctrl
[rosout][INFO] 2022-05-05 15:42:04,572: publishing ctrl
[rosout][INFO] 2022-05-05 15:42:04,592: publishing ctrl
[rosout][INFO] 2022-05-05 15:42:04,612: publishing ctrl
[rosout][INFO] 2022-05-05 15:42:04,632: publishing ctrl
[rosout][INFO] 2022-05-05 15:42:04,652: publishing ctrl
[rosout][INFO] 2022-05-05 15:42:04,672: publishing ctrl
[rosout][INFO] 2022-05-05 15:42:04,692: publishing ctrl
[rosout][INFO] 2022-05-05 15:42:04,713: publishing ctrl
[rosout][INFO] 2022-05-05 15:42:04,733: publishing ctrl
[rosout][INFO] 2022-05-05 15:42:04,752: publishing ctrl
[rosout][INFO] 2022-05-05 15:42:04,773: publishing ctrl
[rosout][INFO] 2022-05-05 15:42:04,792: publishing ctrl
[rosout][INFO] 2022-05-05 15:42:04,812: publishing ctrl
[rosout][INFO] 2022-05-05 15:42:04,832: publishing ctrl
[rosout][INFO] 2022-05-05 15:42:04,852: publishing ctrl
[rosout][INFO] 2022-05-05 15:42:04,872: publishing ctrl
[rosout][INFO] 2022-05-05 15:42:04,893: publishing ctrl
[rosout][INFO] 2022-05-05 15:42:04,913: publishing ctrl
[rosout][INFO] 2022-05-05 15:42:04,932: publishing ctrl
[rosout][INFO] 2022-05-05 15:42:04,953: publishing ctrl
[rosout][INFO] 2022-05-05 15:42:04,973: publishing ctrl
[rosout][INFO] 2022-05-05 15:42:04,992: publishing ctrl
[rosout][INFO] 2022-05-05 15:42:05,012: publishing ctrl
[rosout][INFO] 2022-05-05 15:42:05,033: publishing ctrl
[rosout][INFO] 2022-05-05 15:42:05,052: publishing ctrl
[rosout][INFO] 2022-05-05 15:42:05,072: publishing ctrl
[rosout][INFO] 2022-05-05 15:42:05,092: publishing ctrl
[rosout][INFO] 2022-05-05 15:42:05,112: publishing ctrl
[rosout][INFO] 2022-05-05 15:42:05,133: publishing ctrl
[rosout][INFO] 2022-05-05 15:42:05,153: publishing ctrl
[rosout][INFO] 2022-05-05 15:42:05,173: publishing ctrl
[rosout][INFO] 2022-05-05 15:42:05,193: publishing ctrl
[rosout][INFO] 2022-05-05 15:42:05,213: publishing ctrl
[rosout][INFO] 2022-05-05 15:42:05,233: publishing ctrl
[rosout][INFO] 2022-05-05 15:42:05,253: publishing ctrl
[rosout][INFO] 2022-05-05 15:42:05,273: publishing ctrl
[rosout][INFO] 2022-05-05 15:42:05,293: publishing ctrl
[rosout][INFO] 2022-05-05 15:42:05,313: publishing ctrl
[rosout][INFO] 2022-05-05 15:42:05,333: publishing ctrl
[rosout][INFO] 2022-05-05 15:42:05,353: publishing ctrl
[rosout][INFO] 2022-05-05 15:42:05,373: publishing ctrl
[rosout][INFO] 2022-05-05 15:42:05,393: publishing ctrl
[rosout][INFO] 2022-05-05 15:42:05,413: publishing ctrl
[rosout][INFO] 2022-05-05 15:42:05,433: publishing ctrl
[rosout][INFO] 2022-05-05 15:42:05,453: publishing ctrl
[rosout][INFO] 2022-05-05 15:42:05,473: publishing ctrl
[rosout][INFO] 2022-05-05 15:42:05,493: publishing ctrl
[rosout][INFO] 2022-05-05 15:42:05,513: publishing ctrl
[rosout][INFO] 2022-05-05 15:42:05,533: publishing ctrl
[rosout][INFO] 2022-05-05 15:42:05,553: publishing ctrl
[rosout][INFO] 2022-05-05 15:42:05,573: publishing ctrl
[rosout][INFO] 2022-05-05 15:42:05,593: publishing ctrl
[rosout][INFO] 2022-05-05 15:42:05,613: publishing ctrl
[rosout][INFO] 2022-05-05 15:42:05,633: publishing ctrl
[rosout][INFO] 2022-05-05 15:42:05,653: publishing ctrl
[rosout][INFO] 2022-05-05 15:42:05,672: publishing ctrl
[rosout][INFO] 2022-05-05 15:42:05,693: publishing ctrl
[rosout][INFO] 2022-05-05 15:42:05,713: publishing ctrl
[rosout][INFO] 2022-05-05 15:42:05,733: publishing ctrl
[rosout][INFO] 2022-05-05 15:42:05,753: publishing ctrl
[rosout][INFO] 2022-05-05 15:42:05,773: publishing ctrl
[rosout][INFO] 2022-05-05 15:42:05,793: publishing ctrl
[rosout][INFO] 2022-05-05 15:42:05,813: publishing ctrl
[rosout][INFO] 2022-05-05 15:42:05,833: publishing ctrl
[rosout][INFO] 2022-05-05 15:42:05,853: publishing ctrl
[rosout][INFO] 2022-05-05 15:42:05,873: publishing ctrl
[rosout][INFO] 2022-05-05 15:42:05,893: publishing ctrl
[rosout][INFO] 2022-05-05 15:42:05,913: publishing ctrl
[rosout][INFO] 2022-05-05 15:42:05,933: publishing ctrl
[rosout][INFO] 2022-05-05 15:42:05,953: publishing ctrl
[rosout][INFO] 2022-05-05 15:42:05,973: publishing ctrl
[rosout][INFO] 2022-05-05 15:42:05,993: publishing ctrl
[rosout][INFO] 2022-05-05 15:42:06,012: publishing ctrl
[rosout][INFO] 2022-05-05 15:42:06,032: publishing ctrl
[rosout][INFO] 2022-05-05 15:42:06,052: publishing ctrl
[rosout][INFO] 2022-05-05 15:42:06,073: publishing ctrl
[rosout][INFO] 2022-05-05 15:42:06,093: publishing ctrl
[rosout][INFO] 2022-05-05 15:42:06,113: publishing ctrl
[rosout][INFO] 2022-05-05 15:42:06,134: publishing ctrl
[rosout][INFO] 2022-05-05 15:42:06,153: publishing ctrl
[rosout][INFO] 2022-05-05 15:42:06,172: publishing ctrl
[rosout][INFO] 2022-05-05 15:42:06,193: publishing ctrl
[rosout][INFO] 2022-05-05 15:42:06,213: publishing ctrl
[rosout][INFO] 2022-05-05 15:42:06,233: publishing ctrl
[rosout][INFO] 2022-05-05 15:42:06,253: publishing ctrl
[rosout][INFO] 2022-05-05 15:42:06,273: publishing ctrl
[rosout][INFO] 2022-05-05 15:42:06,293: publishing ctrl
[rosout][INFO] 2022-05-05 15:42:06,313: publishing ctrl
[rosout][INFO] 2022-05-05 15:42:06,333: publishing ctrl
[rosout][INFO] 2022-05-05 15:42:06,353: publishing ctrl
[rosout][INFO] 2022-05-05 15:42:06,373: publishing ctrl
[rosout][INFO] 2022-05-05 15:42:06,393: publishing ctrl
[rosout][INFO] 2022-05-05 15:42:06,413: publishing ctrl
[rosout][INFO] 2022-05-05 15:42:06,433: publishing ctrl
[rosout][INFO] 2022-05-05 15:42:06,453: publishing ctrl
[rosout][INFO] 2022-05-05 15:42:06,473: publishing ctrl
[rosout][INFO] 2022-05-05 15:42:06,493: publishing ctrl
[rosout][INFO] 2022-05-05 15:42:06,513: publishing ctrl
[rosout][INFO] 2022-05-05 15:42:06,533: publishing ctrl
[rosout][INFO] 2022-05-05 15:42:06,553: publishing ctrl
[rosout][INFO] 2022-05-05 15:42:06,573: publishing ctrl
[rosout][INFO] 2022-05-05 15:42:06,593: publishing ctrl
[rosout][INFO] 2022-05-05 15:42:06,613: publishing ctrl
[rosout][INFO] 2022-05-05 15:42:06,633: publishing ctrl
[rosout][INFO] 2022-05-05 15:42:06,653: publishing ctrl
[rosout][INFO] 2022-05-05 15:42:06,673: publishing ctrl
[rosout][INFO] 2022-05-05 15:42:06,693: publishing ctrl
[rosout][INFO] 2022-05-05 15:42:06,713: publishing ctrl
[rosout][INFO] 2022-05-05 15:42:06,733: publishing ctrl
[rosout][INFO] 2022-05-05 15:42:06,753: publishing ctrl
[rosout][INFO] 2022-05-05 15:42:06,773: publishing ctrl
[rosout][INFO] 2022-05-05 15:42:06,793: publishing ctrl
[rosout][INFO] 2022-05-05 15:42:06,813: publishing ctrl
[rosout][INFO] 2022-05-05 15:42:06,833: publishing ctrl
[rosout][INFO] 2022-05-05 15:42:06,853: publishing ctrl
[rosout][INFO] 2022-05-05 15:42:06,874: publishing ctrl
[rosout][INFO] 2022-05-05 15:42:06,893: publishing ctrl
[rosout][INFO] 2022-05-05 15:42:06,913: publishing ctrl
[rosout][INFO] 2022-05-05 15:42:06,933: publishing ctrl
[rosout][INFO] 2022-05-05 15:42:06,953: publishing ctrl
[rosout][INFO] 2022-05-05 15:42:06,973: publishing ctrl
[rosout][INFO] 2022-05-05 15:42:06,993: publishing ctrl
[rosout][INFO] 2022-05-05 15:42:07,013: publishing ctrl
[rosout][INFO] 2022-05-05 15:42:07,033: publishing ctrl
[rosout][INFO] 2022-05-05 15:42:07,053: publishing ctrl
[rosout][INFO] 2022-05-05 15:42:07,073: publishing ctrl
[rosout][INFO] 2022-05-05 15:42:07,093: publishing ctrl
[rosout][INFO] 2022-05-05 15:42:07,113: publishing ctrl
[rosout][INFO] 2022-05-05 15:42:07,133: publishing ctrl
[rosout][INFO] 2022-05-05 15:42:07,153: publishing ctrl
[rosout][INFO] 2022-05-05 15:42:07,173: publishing ctrl
[rosout][INFO] 2022-05-05 15:42:07,193: publishing ctrl
[rosout][INFO] 2022-05-05 15:42:07,212: publishing ctrl
[rosout][INFO] 2022-05-05 15:42:07,233: publishing ctrl
[rosout][INFO] 2022-05-05 15:42:07,253: publishing ctrl
[rosout][INFO] 2022-05-05 15:42:07,273: publishing ctrl
[rosout][INFO] 2022-05-05 15:42:07,292: publishing ctrl
[rosout][INFO] 2022-05-05 15:42:07,313: publishing ctrl
[rosout][INFO] 2022-05-05 15:42:07,333: publishing ctrl
[rosout][INFO] 2022-05-05 15:42:07,353: publishing ctrl
[rosout][INFO] 2022-05-05 15:42:07,373: publishing ctrl
[rosout][INFO] 2022-05-05 15:42:07,393: publishing ctrl
[rosout][INFO] 2022-05-05 15:42:07,413: publishing ctrl
[rosout][INFO] 2022-05-05 15:42:07,433: publishing ctrl
[rosout][INFO] 2022-05-05 15:42:07,453: publishing ctrl
[rosout][INFO] 2022-05-05 15:42:07,473: publishing ctrl
[rosout][INFO] 2022-05-05 15:42:07,493: publishing ctrl
[rosout][INFO] 2022-05-05 15:42:07,513: publishing ctrl
[rosout][INFO] 2022-05-05 15:42:07,534: publishing ctrl
[rosout][INFO] 2022-05-05 15:42:07,553: publishing ctrl
[rosout][INFO] 2022-05-05 15:42:07,573: publishing ctrl
[rosout][INFO] 2022-05-05 15:42:07,593: publishing ctrl
[rosout][INFO] 2022-05-05 15:42:07,613: publishing ctrl
[rosout][INFO] 2022-05-05 15:42:07,633: publishing ctrl
[rosout][INFO] 2022-05-05 15:42:07,653: publishing ctrl
[rosout][INFO] 2022-05-05 15:42:07,673: publishing ctrl
[rosout][INFO] 2022-05-05 15:42:07,693: publishing ctrl
[rosout][INFO] 2022-05-05 15:42:07,713: publishing ctrl
[rosout][INFO] 2022-05-05 15:42:07,733: publishing ctrl
[rosout][INFO] 2022-05-05 15:42:07,753: publishing ctrl
[rosout][INFO] 2022-05-05 15:42:07,773: publishing ctrl
[rosout][INFO] 2022-05-05 15:42:07,793: publishing ctrl
[rosout][INFO] 2022-05-05 15:42:07,813: publishing ctrl
[rosout][INFO] 2022-05-05 15:42:07,833: publishing ctrl
[rosout][INFO] 2022-05-05 15:42:07,853: publishing ctrl
[rosout][INFO] 2022-05-05 15:42:07,873: publishing ctrl
[rosout][INFO] 2022-05-05 15:42:07,893: publishing ctrl
[rosout][INFO] 2022-05-05 15:42:07,912: publishing ctrl
[rosout][INFO] 2022-05-05 15:42:07,933: publishing ctrl
[rosout][INFO] 2022-05-05 15:42:07,953: publishing ctrl
[rosout][INFO] 2022-05-05 15:42:07,972: publishing ctrl
[rosout][INFO] 2022-05-05 15:42:07,993: publishing ctrl
[rosout][INFO] 2022-05-05 15:42:08,013: publishing ctrl
[rosout][INFO] 2022-05-05 15:42:08,034: publishing ctrl
[rosout][INFO] 2022-05-05 15:42:08,053: publishing ctrl
[rosout][INFO] 2022-05-05 15:42:08,074: publishing ctrl
[rosout][INFO] 2022-05-05 15:42:08,093: publishing ctrl
[rosout][INFO] 2022-05-05 15:42:08,113: publishing ctrl
[rosout][INFO] 2022-05-05 15:42:08,133: publishing ctrl
[rosout][INFO] 2022-05-05 15:42:08,153: publishing ctrl
[rosout][INFO] 2022-05-05 15:42:08,173: publishing ctrl
[rosout][INFO] 2022-05-05 15:42:08,193: publishing ctrl
[rosout][INFO] 2022-05-05 15:42:08,213: publishing ctrl
[rosout][INFO] 2022-05-05 15:42:08,233: publishing ctrl
[rosout][INFO] 2022-05-05 15:42:08,254: publishing ctrl
[rosout][INFO] 2022-05-05 15:42:08,273: publishing ctrl
[rosout][INFO] 2022-05-05 15:42:08,293: publishing ctrl
[rosout][INFO] 2022-05-05 15:42:08,313: publishing ctrl
[rosout][INFO] 2022-05-05 15:42:08,333: publishing ctrl
[rosout][INFO] 2022-05-05 15:42:08,353: publishing ctrl
[rosout][INFO] 2022-05-05 15:42:08,373: publishing ctrl
[rosout][INFO] 2022-05-05 15:42:08,393: publishing ctrl
[rosout][INFO] 2022-05-05 15:42:08,413: publishing ctrl
[rosout][INFO] 2022-05-05 15:42:08,433: publishing ctrl
[rosout][INFO] 2022-05-05 15:42:08,453: publishing ctrl
[rosout][INFO] 2022-05-05 15:42:08,481: publishing ctrl
[rosout][INFO] 2022-05-05 15:42:08,493: publishing ctrl
[rosout][INFO] 2022-05-05 15:42:08,512: publishing ctrl
[rosout][INFO] 2022-05-05 15:42:08,532: publishing ctrl
[rosout][INFO] 2022-05-05 15:42:08,553: publishing ctrl
[rosout][INFO] 2022-05-05 15:42:08,573: publishing ctrl
[rosout][INFO] 2022-05-05 15:42:08,594: publishing ctrl
[rosout][INFO] 2022-05-05 15:42:08,613: publishing ctrl
[rosout][INFO] 2022-05-05 15:42:08,632: publishing ctrl
[rosout][INFO] 2022-05-05 15:42:08,652: publishing ctrl
[rosout][INFO] 2022-05-05 15:42:08,672: publishing ctrl
[rosout][INFO] 2022-05-05 15:42:08,692: publishing ctrl
[rosout][INFO] 2022-05-05 15:42:08,713: publishing ctrl
[rosout][INFO] 2022-05-05 15:42:08,732: publishing ctrl
[rosout][INFO] 2022-05-05 15:42:08,752: publishing ctrl
[rosout][INFO] 2022-05-05 15:42:08,772: publishing ctrl
[rosout][INFO] 2022-05-05 15:42:08,792: publishing ctrl
[rosout][INFO] 2022-05-05 15:42:08,813: publishing ctrl
[rosout][INFO] 2022-05-05 15:42:08,832: publishing ctrl
[rosout][INFO] 2022-05-05 15:42:08,852: publishing ctrl
[rosout][INFO] 2022-05-05 15:42:08,873: publishing ctrl
[rosout][INFO] 2022-05-05 15:42:08,892: publishing ctrl
[rosout][INFO] 2022-05-05 15:42:08,912: publishing ctrl
[rosout][INFO] 2022-05-05 15:42:08,932: publishing ctrl
[rosout][INFO] 2022-05-05 15:42:08,952: publishing ctrl
[rosout][INFO] 2022-05-05 15:42:08,972: publishing ctrl
[rosout][INFO] 2022-05-05 15:42:08,992: publishing ctrl
[rosout][INFO] 2022-05-05 15:42:09,012: publishing ctrl
[rosout][INFO] 2022-05-05 15:42:09,032: publishing ctrl
[rosout][INFO] 2022-05-05 15:42:09,053: publishing ctrl
[rosout][INFO] 2022-05-05 15:42:09,072: publishing ctrl
[rosout][INFO] 2022-05-05 15:42:09,092: publishing ctrl
[rosout][INFO] 2022-05-05 15:42:09,112: publishing ctrl
[rosout][INFO] 2022-05-05 15:42:09,132: publishing ctrl
[rosout][INFO] 2022-05-05 15:42:09,152: publishing ctrl
[rosout][INFO] 2022-05-05 15:42:09,172: publishing ctrl
[rosout][INFO] 2022-05-05 15:42:09,192: publishing ctrl
[rosout][INFO] 2022-05-05 15:42:09,212: publishing ctrl
[rosout][INFO] 2022-05-05 15:42:09,232: publishing ctrl
[rosout][INFO] 2022-05-05 15:42:09,252: publishing ctrl
[rosout][INFO] 2022-05-05 15:42:09,272: publishing ctrl
[rosout][INFO] 2022-05-05 15:42:09,292: publishing ctrl
[rosout][INFO] 2022-05-05 15:42:09,312: publishing ctrl
[rosout][INFO] 2022-05-05 15:42:09,332: publishing ctrl
[rosout][INFO] 2022-05-05 15:42:09,352: publishing ctrl
[rosout][INFO] 2022-05-05 15:42:09,372: publishing ctrl
[rosout][INFO] 2022-05-05 15:42:09,392: publishing ctrl
[rosout][INFO] 2022-05-05 15:42:09,412: publishing ctrl
[rosout][INFO] 2022-05-05 15:42:09,432: publishing ctrl
[rosout][INFO] 2022-05-05 15:42:09,453: publishing ctrl
[rosout][INFO] 2022-05-05 15:42:09,472: publishing ctrl
[rosout][INFO] 2022-05-05 15:42:09,492: publishing ctrl
[rosout][INFO] 2022-05-05 15:42:09,512: publishing ctrl
[rosout][INFO] 2022-05-05 15:42:09,532: publishing ctrl
[rosout][INFO] 2022-05-05 15:42:09,552: publishing ctrl
[rosout][INFO] 2022-05-05 15:42:09,572: publishing ctrl
[rosout][INFO] 2022-05-05 15:42:09,592: publishing ctrl
[rosout][INFO] 2022-05-05 15:42:09,613: publishing ctrl
[rosout][INFO] 2022-05-05 15:42:09,632: publishing ctrl
[rosout][INFO] 2022-05-05 15:42:09,653: publishing ctrl
[rosout][INFO] 2022-05-05 15:42:09,672: publishing ctrl
[rosout][INFO] 2022-05-05 15:42:09,692: publishing ctrl
[rosout][INFO] 2022-05-05 15:42:09,713: publishing ctrl
[rosout][INFO] 2022-05-05 15:42:09,733: publishing ctrl
[rosout][INFO] 2022-05-05 15:42:09,753: publishing ctrl
[rosout][INFO] 2022-05-05 15:42:09,773: publishing ctrl
[rosout][INFO] 2022-05-05 15:42:09,793: publishing ctrl
[rosout][INFO] 2022-05-05 15:42:09,813: publishing ctrl
[rosout][INFO] 2022-05-05 15:42:09,833: publishing ctrl
[rosout][INFO] 2022-05-05 15:42:09,853: publishing ctrl
[rosout][INFO] 2022-05-05 15:42:09,873: publishing ctrl
[rosout][INFO] 2022-05-05 15:42:09,893: publishing ctrl
[rosout][INFO] 2022-05-05 15:42:09,912: publishing ctrl
[rosout][INFO] 2022-05-05 15:42:09,933: publishing ctrl
[rosout][INFO] 2022-05-05 15:42:09,953: publishing ctrl
[rosout][INFO] 2022-05-05 15:42:09,973: publishing ctrl
[rosout][INFO] 2022-05-05 15:42:09,993: publishing ctrl
[rosout][INFO] 2022-05-05 15:42:10,013: publishing ctrl
[rosout][INFO] 2022-05-05 15:42:10,033: publishing ctrl
[rosout][INFO] 2022-05-05 15:42:10,053: publishing ctrl
[rosout][INFO] 2022-05-05 15:42:10,073: publishing ctrl
[rosout][INFO] 2022-05-05 15:42:10,093: publishing ctrl
[rosout][INFO] 2022-05-05 15:42:10,113: publishing ctrl
[rosout][INFO] 2022-05-05 15:42:10,133: publishing ctrl
[rosout][INFO] 2022-05-05 15:42:10,153: publishing ctrl
[rosout][INFO] 2022-05-05 15:42:10,173: publishing ctrl
[rosout][INFO] 2022-05-05 15:42:10,193: publishing ctrl
[rosout][INFO] 2022-05-05 15:42:10,213: publishing ctrl
[rosout][INFO] 2022-05-05 15:42:10,233: publishing ctrl
[rosout][INFO] 2022-05-05 15:42:10,253: publishing ctrl
[rosout][INFO] 2022-05-05 15:42:10,273: publishing ctrl
[rosout][INFO] 2022-05-05 15:42:10,293: publishing ctrl
[rosout][INFO] 2022-05-05 15:42:10,313: publishing ctrl
[rosout][INFO] 2022-05-05 15:42:10,333: publishing ctrl
[rosout][INFO] 2022-05-05 15:42:10,353: publishing ctrl
[rosout][INFO] 2022-05-05 15:42:10,373: publishing ctrl
[rosout][INFO] 2022-05-05 15:42:10,394: publishing ctrl
[rosout][INFO] 2022-05-05 15:42:10,413: publishing ctrl
[rosout][INFO] 2022-05-05 15:42:10,433: publishing ctrl
[rosout][INFO] 2022-05-05 15:42:10,453: publishing ctrl
[rosout][INFO] 2022-05-05 15:42:10,474: publishing ctrl
[rosout][INFO] 2022-05-05 15:42:10,493: publishing ctrl
[rosout][INFO] 2022-05-05 15:42:10,513: publishing ctrl
[rosout][INFO] 2022-05-05 15:42:10,533: publishing ctrl
[rosout][INFO] 2022-05-05 15:42:10,553: publishing ctrl
[rosout][INFO] 2022-05-05 15:42:10,574: publishing ctrl
[rosout][INFO] 2022-05-05 15:42:10,593: publishing ctrl
[rosout][INFO] 2022-05-05 15:42:10,613: publishing ctrl
[rosout][INFO] 2022-05-05 15:42:10,633: publishing ctrl
[rosout][INFO] 2022-05-05 15:42:10,653: publishing ctrl
[rosout][INFO] 2022-05-05 15:42:10,673: publishing ctrl
[rosout][INFO] 2022-05-05 15:42:10,693: publishing ctrl
[rosout][INFO] 2022-05-05 15:42:10,714: publishing ctrl
[rosout][INFO] 2022-05-05 15:42:10,733: publishing ctrl
[rosout][INFO] 2022-05-05 15:42:10,753: publishing ctrl
[rosout][INFO] 2022-05-05 15:42:10,773: publishing ctrl
[rosout][INFO] 2022-05-05 15:42:10,793: publishing ctrl
[rosout][INFO] 2022-05-05 15:42:10,813: publishing ctrl
[rosout][INFO] 2022-05-05 15:42:10,833: publishing ctrl
[rosout][INFO] 2022-05-05 15:42:10,853: publishing ctrl
[rosout][INFO] 2022-05-05 15:42:10,873: publishing ctrl
[rosout][INFO] 2022-05-05 15:42:10,893: publishing ctrl
[rosout][INFO] 2022-05-05 15:42:10,913: publishing ctrl
[rosout][INFO] 2022-05-05 15:42:10,933: publishing ctrl
[rosout][INFO] 2022-05-05 15:42:10,953: publishing ctrl
[rosout][INFO] 2022-05-05 15:42:10,973: publishing ctrl
[rosout][INFO] 2022-05-05 15:42:10,998: publishing ctrl
[rosout][INFO] 2022-05-05 15:42:11,013: publishing ctrl
[rosout][INFO] 2022-05-05 15:42:11,032: publishing ctrl
[rosout][INFO] 2022-05-05 15:42:11,052: publishing ctrl
[rosout][INFO] 2022-05-05 15:42:11,073: publishing ctrl
[rosout][INFO] 2022-05-05 15:42:11,093: publishing ctrl
[rosout][INFO] 2022-05-05 15:42:11,113: publishing ctrl
[rosout][INFO] 2022-05-05 15:42:11,133: publishing ctrl
[rosout][INFO] 2022-05-05 15:42:11,154: publishing ctrl
[rosout][INFO] 2022-05-05 15:42:11,173: publishing ctrl
[rosout][INFO] 2022-05-05 15:42:11,193: publishing ctrl
[rosout][INFO] 2022-05-05 15:42:11,213: publishing ctrl
[rosout][INFO] 2022-05-05 15:42:11,233: publishing ctrl
[rosout][INFO] 2022-05-05 15:42:11,253: publishing ctrl
[rosout][INFO] 2022-05-05 15:42:11,273: publishing ctrl
[rosout][INFO] 2022-05-05 15:42:11,293: publishing ctrl
[rosout][INFO] 2022-05-05 15:42:11,313: publishing ctrl
[rosout][INFO] 2022-05-05 15:42:11,333: publishing ctrl
[rosout][INFO] 2022-05-05 15:42:11,352: publishing ctrl
[rosout][INFO] 2022-05-05 15:42:11,373: publishing ctrl
[rosout][INFO] 2022-05-05 15:42:11,393: publishing ctrl
[rosout][INFO] 2022-05-05 15:42:11,413: publishing ctrl
[rosout][INFO] 2022-05-05 15:42:11,433: publishing ctrl
[rosout][INFO] 2022-05-05 15:42:11,452: publishing ctrl
[rosout][INFO] 2022-05-05 15:42:11,472: publishing ctrl
[rosout][INFO] 2022-05-05 15:42:11,492: publishing ctrl
[rosout][INFO] 2022-05-05 15:42:11,513: publishing ctrl
[rosout][INFO] 2022-05-05 15:42:11,532: publishing ctrl
[rosout][INFO] 2022-05-05 15:42:11,552: publishing ctrl
[rosout][INFO] 2022-05-05 15:42:11,572: publishing ctrl
[rosout][INFO] 2022-05-05 15:42:11,593: publishing ctrl
[rosout][INFO] 2022-05-05 15:42:11,613: publishing ctrl
[rosout][INFO] 2022-05-05 15:42:11,633: publishing ctrl
[rosout][INFO] 2022-05-05 15:42:11,653: publishing ctrl
[rosout][INFO] 2022-05-05 15:42:11,673: publishing ctrl
[rosout][INFO] 2022-05-05 15:42:11,693: publishing ctrl
[rosout][INFO] 2022-05-05 15:42:11,713: publishing ctrl
[rosout][INFO] 2022-05-05 15:42:11,733: publishing ctrl
[rosout][INFO] 2022-05-05 15:42:11,753: publishing ctrl
[rosout][INFO] 2022-05-05 15:42:11,774: publishing ctrl
[rosout][INFO] 2022-05-05 15:42:11,793: publishing ctrl
[rosout][INFO] 2022-05-05 15:42:11,813: publishing ctrl
[rosout][INFO] 2022-05-05 15:42:11,833: publishing ctrl
[rosout][INFO] 2022-05-05 15:42:11,853: publishing ctrl
[rosout][INFO] 2022-05-05 15:42:11,873: publishing ctrl
[rosout][INFO] 2022-05-05 15:42:11,893: publishing ctrl
[rosout][INFO] 2022-05-05 15:42:11,912: publishing ctrl
[rosout][INFO] 2022-05-05 15:42:11,933: publishing ctrl
[rosout][INFO] 2022-05-05 15:42:11,953: publishing ctrl
[rosout][INFO] 2022-05-05 15:42:11,973: publishing ctrl
[rosout][INFO] 2022-05-05 15:42:11,993: publishing ctrl
[rosout][INFO] 2022-05-05 15:42:12,013: publishing ctrl
[rosout][INFO] 2022-05-05 15:42:12,033: publishing ctrl
[rosout][INFO] 2022-05-05 15:42:12,053: publishing ctrl
[rosout][INFO] 2022-05-05 15:42:12,073: publishing ctrl
[rosout][INFO] 2022-05-05 15:42:12,093: publishing ctrl
[rosout][INFO] 2022-05-05 15:42:12,113: publishing ctrl
[rosout][INFO] 2022-05-05 15:42:12,133: publishing ctrl
[rosout][INFO] 2022-05-05 15:42:12,153: publishing ctrl
[rosout][INFO] 2022-05-05 15:42:12,173: publishing ctrl
[rosout][INFO] 2022-05-05 15:42:12,194: publishing ctrl
[rosout][INFO] 2022-05-05 15:42:12,214: publishing ctrl
[rosout][INFO] 2022-05-05 15:42:12,233: publishing ctrl
[rosout][INFO] 2022-05-05 15:42:12,253: publishing ctrl
[rosout][INFO] 2022-05-05 15:42:12,278: publishing ctrl
[rosout][INFO] 2022-05-05 15:42:12,293: publishing ctrl
[rosout][INFO] 2022-05-05 15:42:12,312: publishing ctrl
[rosout][INFO] 2022-05-05 15:42:12,333: publishing ctrl
[rosout][INFO] 2022-05-05 15:42:12,353: publishing ctrl
[rosout][INFO] 2022-05-05 15:42:12,373: publishing ctrl
[rosout][INFO] 2022-05-05 15:42:12,393: publishing ctrl
[rosout][INFO] 2022-05-05 15:42:12,414: publishing ctrl
[rosout][INFO] 2022-05-05 15:42:12,433: publishing ctrl
[rosout][INFO] 2022-05-05 15:42:12,453: publishing ctrl
[rosout][INFO] 2022-05-05 15:42:12,474: publishing ctrl
[rosout][INFO] 2022-05-05 15:42:12,493: publishing ctrl
[rosout][INFO] 2022-05-05 15:42:12,513: publishing ctrl
[rosout][INFO] 2022-05-05 15:42:12,533: publishing ctrl
[rosout][INFO] 2022-05-05 15:42:12,553: publishing ctrl
[rosout][INFO] 2022-05-05 15:42:12,573: publishing ctrl
[rosout][INFO] 2022-05-05 15:42:12,593: publishing ctrl
[rosout][INFO] 2022-05-05 15:42:12,613: publishing ctrl
[rosout][INFO] 2022-05-05 15:42:12,633: publishing ctrl
[rosout][INFO] 2022-05-05 15:42:12,653: publishing ctrl
[rosout][INFO] 2022-05-05 15:42:12,673: publishing ctrl
[rosout][INFO] 2022-05-05 15:42:12,693: publishing ctrl
[rosout][INFO] 2022-05-05 15:42:12,713: publishing ctrl
[rosout][INFO] 2022-05-05 15:42:12,733: publishing ctrl
[rosout][INFO] 2022-05-05 15:42:12,753: publishing ctrl
[rosout][INFO] 2022-05-05 15:42:12,773: publishing ctrl
[rosout][INFO] 2022-05-05 15:42:12,793: publishing ctrl
[rosout][INFO] 2022-05-05 15:42:12,813: publishing ctrl
[rosout][INFO] 2022-05-05 15:42:12,833: publishing ctrl
[rosout][INFO] 2022-05-05 15:42:12,853: publishing ctrl
[rosout][INFO] 2022-05-05 15:42:12,873: publishing ctrl
[rosout][INFO] 2022-05-05 15:42:12,893: publishing ctrl
[rosout][INFO] 2022-05-05 15:42:12,913: publishing ctrl
[rosout][INFO] 2022-05-05 15:42:12,932: publishing ctrl
[rosout][INFO] 2022-05-05 15:42:12,953: publishing ctrl
[rosout][INFO] 2022-05-05 15:42:12,973: publishing ctrl
[rosout][INFO] 2022-05-05 15:42:12,993: publishing ctrl
[rosout][INFO] 2022-05-05 15:42:13,013: publishing ctrl
[rosout][INFO] 2022-05-05 15:42:13,033: publishing ctrl
[rosout][INFO] 2022-05-05 15:42:13,053: publishing ctrl
[rosout][INFO] 2022-05-05 15:42:13,073: publishing ctrl
[rosout][INFO] 2022-05-05 15:42:13,094: publishing ctrl
[rosout][INFO] 2022-05-05 15:42:13,113: publishing ctrl
[rosout][INFO] 2022-05-05 15:42:13,133: publishing ctrl
[rosout][INFO] 2022-05-05 15:42:13,153: publishing ctrl
[rosout][INFO] 2022-05-05 15:42:13,174: publishing ctrl
[rosout][INFO] 2022-05-05 15:42:13,193: publishing ctrl
[rosout][INFO] 2022-05-05 15:42:13,213: publishing ctrl
[rosout][INFO] 2022-05-05 15:42:13,233: publishing ctrl
[rosout][INFO] 2022-05-05 15:42:13,253: publishing ctrl
[rosout][INFO] 2022-05-05 15:42:13,273: publishing ctrl
[rosout][INFO] 2022-05-05 15:42:13,294: publishing ctrl
[rosout][INFO] 2022-05-05 15:42:13,313: publishing ctrl
[rosout][INFO] 2022-05-05 15:42:13,333: publishing ctrl
[rosout][INFO] 2022-05-05 15:42:13,353: publishing ctrl
[rosout][INFO] 2022-05-05 15:42:13,373: publishing ctrl
[rosout][INFO] 2022-05-05 15:42:13,394: publishing ctrl
[rosout][INFO] 2022-05-05 15:42:13,414: publishing ctrl
[rosout][INFO] 2022-05-05 15:42:13,433: publishing ctrl
[rosout][INFO] 2022-05-05 15:42:13,453: publishing ctrl
[rosout][INFO] 2022-05-05 15:42:13,473: publishing ctrl
[rosout][INFO] 2022-05-05 15:42:13,493: publishing ctrl
[rosout][INFO] 2022-05-05 15:42:13,512: publishing ctrl
[rosout][INFO] 2022-05-05 15:42:13,533: publishing ctrl
[rosout][INFO] 2022-05-05 15:42:13,553: publishing ctrl
[rosout][INFO] 2022-05-05 15:42:13,573: publishing ctrl
[rosout][INFO] 2022-05-05 15:42:13,593: publishing ctrl
[rosout][INFO] 2022-05-05 15:42:13,614: publishing ctrl
[rosout][INFO] 2022-05-05 15:42:13,633: publishing ctrl
[rosout][INFO] 2022-05-05 15:42:13,653: publishing ctrl
[rosout][INFO] 2022-05-05 15:42:13,673: publishing ctrl
[rosout][INFO] 2022-05-05 15:42:13,693: publishing ctrl
[rosout][INFO] 2022-05-05 15:42:13,713: publishing ctrl
[rosout][INFO] 2022-05-05 15:42:13,733: publishing ctrl
[rosout][INFO] 2022-05-05 15:42:13,753: publishing ctrl
[rosout][INFO] 2022-05-05 15:42:13,773: publishing ctrl
[rosout][INFO] 2022-05-05 15:42:13,793: publishing ctrl
[rosout][INFO] 2022-05-05 15:42:13,813: publishing ctrl
[rosout][INFO] 2022-05-05 15:42:13,833: publishing ctrl
[rosout][INFO] 2022-05-05 15:42:13,853: publishing ctrl
[rosout][INFO] 2022-05-05 15:42:13,873: publishing ctrl
[rosout][INFO] 2022-05-05 15:42:13,893: publishing ctrl
[rosout][INFO] 2022-05-05 15:42:13,913: publishing ctrl
[rosout][INFO] 2022-05-05 15:42:13,933: publishing ctrl
[rosout][INFO] 2022-05-05 15:42:13,953: publishing ctrl
[rosout][INFO] 2022-05-05 15:42:13,973: publishing ctrl
[rosout][INFO] 2022-05-05 15:42:13,993: publishing ctrl
[rosout][INFO] 2022-05-05 15:42:14,013: publishing ctrl
[rosout][INFO] 2022-05-05 15:42:14,033: publishing ctrl
[rosout][INFO] 2022-05-05 15:42:14,053: publishing ctrl
[rosout][INFO] 2022-05-05 15:42:14,073: publishing ctrl
[rosout][INFO] 2022-05-05 15:42:14,093: publishing ctrl
[rosout][INFO] 2022-05-05 15:42:14,113: publishing ctrl
[rosout][INFO] 2022-05-05 15:42:14,133: publishing ctrl
[rosout][INFO] 2022-05-05 15:42:14,153: publishing ctrl
[rosout][INFO] 2022-05-05 15:42:14,173: publishing ctrl
[rosout][INFO] 2022-05-05 15:42:14,193: publishing ctrl
[rosout][INFO] 2022-05-05 15:42:14,213: publishing ctrl
[rosout][INFO] 2022-05-05 15:42:14,233: publishing ctrl
[rosout][INFO] 2022-05-05 15:42:14,253: publishing ctrl
[rosout][INFO] 2022-05-05 15:42:14,273: publishing ctrl
[rosout][INFO] 2022-05-05 15:42:14,293: publishing ctrl
[rosout][INFO] 2022-05-05 15:42:14,313: publishing ctrl
[rosout][INFO] 2022-05-05 15:42:14,333: publishing ctrl
[rosout][INFO] 2022-05-05 15:42:14,354: publishing ctrl
[rosout][INFO] 2022-05-05 15:42:14,373: publishing ctrl
[rosout][INFO] 2022-05-05 15:42:14,393: publishing ctrl
[rosout][INFO] 2022-05-05 15:42:14,413: publishing ctrl
[rosout][INFO] 2022-05-05 15:42:14,433: publishing ctrl
[rosout][INFO] 2022-05-05 15:42:14,453: publishing ctrl
[rosout][INFO] 2022-05-05 15:42:14,473: publishing ctrl
[rosout][INFO] 2022-05-05 15:42:14,493: publishing ctrl
[rosout][INFO] 2022-05-05 15:42:14,513: publishing ctrl
[rosout][INFO] 2022-05-05 15:42:14,533: publishing ctrl
[rosout][INFO] 2022-05-05 15:42:14,553: publishing ctrl
[rosout][INFO] 2022-05-05 15:42:14,573: publishing ctrl
[rosout][INFO] 2022-05-05 15:42:14,593: publishing ctrl
[rosout][INFO] 2022-05-05 15:42:14,613: publishing ctrl
[rosout][INFO] 2022-05-05 15:42:14,633: publishing ctrl
[rosout][INFO] 2022-05-05 15:42:14,653: publishing ctrl
[rosout][INFO] 2022-05-05 15:42:14,673: publishing ctrl
[rosout][INFO] 2022-05-05 15:42:14,693: publishing ctrl
[rosout][INFO] 2022-05-05 15:42:14,713: publishing ctrl
[rosout][INFO] 2022-05-05 15:42:14,733: publishing ctrl
[rosout][INFO] 2022-05-05 15:42:14,753: publishing ctrl
[rosout][INFO] 2022-05-05 15:42:14,772: publishing ctrl
[rosout][INFO] 2022-05-05 15:42:14,792: publishing ctrl
[rosout][INFO] 2022-05-05 15:42:14,813: publishing ctrl
[rosout][INFO] 2022-05-05 15:42:14,832: publishing ctrl
[rosout][INFO] 2022-05-05 15:42:14,852: publishing ctrl
[rosout][INFO] 2022-05-05 15:42:14,872: publishing ctrl
[rosout][INFO] 2022-05-05 15:42:14,893: publishing ctrl
[rosout][INFO] 2022-05-05 15:42:14,913: publishing ctrl
[rosout][INFO] 2022-05-05 15:42:14,932: publishing ctrl
[rosout][INFO] 2022-05-05 15:42:14,953: publishing ctrl
[rosout][INFO] 2022-05-05 15:42:14,973: publishing ctrl
[rosout][INFO] 2022-05-05 15:42:14,993: publishing ctrl
[rosout][INFO] 2022-05-05 15:42:15,013: publishing ctrl
[rosout][INFO] 2022-05-05 15:42:15,033: publishing ctrl
[rosout][INFO] 2022-05-05 15:42:15,053: publishing ctrl
[rosout][INFO] 2022-05-05 15:42:15,073: publishing ctrl
[rosout][INFO] 2022-05-05 15:42:15,093: publishing ctrl
[rosout][INFO] 2022-05-05 15:42:15,113: publishing ctrl
[rosout][INFO] 2022-05-05 15:42:15,133: publishing ctrl
[rosout][INFO] 2022-05-05 15:42:15,154: publishing ctrl
[rosout][INFO] 2022-05-05 15:42:15,173: publishing ctrl
[rosout][INFO] 2022-05-05 15:42:15,193: publishing ctrl
[rosout][INFO] 2022-05-05 15:42:15,213: publishing ctrl
[rosout][INFO] 2022-05-05 15:42:15,233: publishing ctrl
[rosout][INFO] 2022-05-05 15:42:15,253: publishing ctrl
[rosout][INFO] 2022-05-05 15:42:15,273: publishing ctrl
[rosout][INFO] 2022-05-05 15:42:15,293: publishing ctrl
[rosout][INFO] 2022-05-05 15:42:15,313: publishing ctrl
[rosout][INFO] 2022-05-05 15:42:15,333: publishing ctrl
[rosout][INFO] 2022-05-05 15:42:15,353: publishing ctrl
[rosout][INFO] 2022-05-05 15:42:15,373: publishing ctrl
[rosout][INFO] 2022-05-05 15:42:15,393: publishing ctrl
[rosout][INFO] 2022-05-05 15:42:15,413: publishing ctrl
[rosout][INFO] 2022-05-05 15:42:15,434: publishing ctrl
[rosout][INFO] 2022-05-05 15:42:15,453: publishing ctrl
[rosout][INFO] 2022-05-05 15:42:15,473: publishing ctrl
[rosout][INFO] 2022-05-05 15:42:15,493: publishing ctrl
[rosout][INFO] 2022-05-05 15:42:15,513: publishing ctrl
[rosout][INFO] 2022-05-05 15:42:15,534: publishing ctrl
[rosout][INFO] 2022-05-05 15:42:15,553: publishing ctrl
[rosout][INFO] 2022-05-05 15:42:15,573: publishing ctrl
[rosout][INFO] 2022-05-05 15:42:15,593: publishing ctrl
[rosout][INFO] 2022-05-05 15:42:15,613: publishing ctrl
[rosout][INFO] 2022-05-05 15:42:15,633: publishing ctrl
[rosout][INFO] 2022-05-05 15:42:15,653: publishing ctrl
[rosout][INFO] 2022-05-05 15:42:15,673: publishing ctrl
[rosout][INFO] 2022-05-05 15:42:15,692: publishing ctrl
[rosout][INFO] 2022-05-05 15:42:15,713: publishing ctrl
[rosout][INFO] 2022-05-05 15:42:15,733: publishing ctrl
[rosout][INFO] 2022-05-05 15:42:15,753: publishing ctrl
[rosout][INFO] 2022-05-05 15:42:15,773: publishing ctrl
[rosout][INFO] 2022-05-05 15:42:15,794: publishing ctrl
[rosout][INFO] 2022-05-05 15:42:15,813: publishing ctrl
[rosout][INFO] 2022-05-05 15:42:15,833: publishing ctrl
[rosout][INFO] 2022-05-05 15:42:15,853: publishing ctrl
[rosout][INFO] 2022-05-05 15:42:15,873: publishing ctrl
[rosout][INFO] 2022-05-05 15:42:15,893: publishing ctrl
[rosout][INFO] 2022-05-05 15:42:15,913: publishing ctrl
[rosout][INFO] 2022-05-05 15:42:15,933: publishing ctrl
[rosout][INFO] 2022-05-05 15:42:15,953: publishing ctrl
[rosout][INFO] 2022-05-05 15:42:15,973: publishing ctrl
[rosout][INFO] 2022-05-05 15:42:15,993: publishing ctrl
[rosout][INFO] 2022-05-05 15:42:16,013: publishing ctrl
[rosout][INFO] 2022-05-05 15:42:16,033: publishing ctrl
[rosout][INFO] 2022-05-05 15:42:16,053: publishing ctrl
[rosout][INFO] 2022-05-05 15:42:16,073: publishing ctrl
[rosout][INFO] 2022-05-05 15:42:16,092: publishing ctrl
[rosout][INFO] 2022-05-05 15:42:16,113: publishing ctrl
[rosout][INFO] 2022-05-05 15:42:16,132: publishing ctrl
[rosout][INFO] 2022-05-05 15:42:16,153: publishing ctrl
[rosout][INFO] 2022-05-05 15:42:16,173: publishing ctrl
[rosout][INFO] 2022-05-05 15:42:16,193: publishing ctrl
[rosout][INFO] 2022-05-05 15:42:16,213: publishing ctrl
[rosout][INFO] 2022-05-05 15:42:16,233: publishing ctrl
[rosout][INFO] 2022-05-05 15:42:16,253: publishing ctrl
[rosout][INFO] 2022-05-05 15:42:16,273: publishing ctrl
[rosout][INFO] 2022-05-05 15:42:16,293: publishing ctrl
[rosout][INFO] 2022-05-05 15:42:16,313: publishing ctrl
[rosout][INFO] 2022-05-05 15:42:16,333: publishing ctrl
[rosout][INFO] 2022-05-05 15:42:16,353: publishing ctrl
[rosout][INFO] 2022-05-05 15:42:16,373: publishing ctrl
[rosout][INFO] 2022-05-05 15:42:16,393: publishing ctrl
[rosout][INFO] 2022-05-05 15:42:16,413: publishing ctrl
[rosout][INFO] 2022-05-05 15:42:16,433: publishing ctrl
[rosout][INFO] 2022-05-05 15:42:16,453: publishing ctrl
[rosout][INFO] 2022-05-05 15:42:16,473: publishing ctrl
[rosout][INFO] 2022-05-05 15:42:16,493: publishing ctrl
[rosout][INFO] 2022-05-05 15:42:16,513: publishing ctrl
[rosout][INFO] 2022-05-05 15:42:16,533: publishing ctrl
[rosout][INFO] 2022-05-05 15:42:16,553: publishing ctrl
[rosout][INFO] 2022-05-05 15:42:16,573: publishing ctrl
[rosout][INFO] 2022-05-05 15:42:16,593: publishing ctrl
[rosout][INFO] 2022-05-05 15:42:16,613: publishing ctrl
[rosout][INFO] 2022-05-05 15:42:16,633: publishing ctrl
[rosout][INFO] 2022-05-05 15:42:16,653: publishing ctrl
[rosout][INFO] 2022-05-05 15:42:16,673: publishing ctrl
[rosout][INFO] 2022-05-05 15:42:16,693: publishing ctrl
[rosout][INFO] 2022-05-05 15:42:16,714: publishing ctrl
[rosout][INFO] 2022-05-05 15:42:16,733: publishing ctrl
[rosout][INFO] 2022-05-05 15:42:16,754: publishing ctrl
[rosout][INFO] 2022-05-05 15:42:16,773: publishing ctrl
[rosout][INFO] 2022-05-05 15:42:16,794: publishing ctrl
[rosout][INFO] 2022-05-05 15:42:16,813: publishing ctrl
[rosout][INFO] 2022-05-05 15:42:16,833: publishing ctrl
[rosout][INFO] 2022-05-05 15:42:16,853: publishing ctrl
[rosout][INFO] 2022-05-05 15:42:16,873: publishing ctrl
[rosout][INFO] 2022-05-05 15:42:16,893: publishing ctrl
[rosout][INFO] 2022-05-05 15:42:16,913: publishing ctrl
[rosout][INFO] 2022-05-05 15:42:16,933: publishing ctrl
[rosout][INFO] 2022-05-05 15:42:16,953: publishing ctrl
[rosout][INFO] 2022-05-05 15:42:16,973: publishing ctrl
[rosout][INFO] 2022-05-05 15:42:16,993: publishing ctrl
[rosout][INFO] 2022-05-05 15:42:17,013: publishing ctrl
[rosout][INFO] 2022-05-05 15:42:17,033: publishing ctrl
[rosout][INFO] 2022-05-05 15:42:17,053: publishing ctrl
[rosout][INFO] 2022-05-05 15:42:17,074: publishing ctrl
[rosout][INFO] 2022-05-05 15:42:17,093: publishing ctrl
[rosout][INFO] 2022-05-05 15:42:17,113: publishing ctrl
[rosout][INFO] 2022-05-05 15:42:17,133: publishing ctrl
[rosout][INFO] 2022-05-05 15:42:17,153: publishing ctrl
[rosout][INFO] 2022-05-05 15:42:17,173: publishing ctrl
[rosout][INFO] 2022-05-05 15:42:17,193: publishing ctrl
[rosout][INFO] 2022-05-05 15:42:17,213: publishing ctrl
[rosout][INFO] 2022-05-05 15:42:17,234: publishing ctrl
[rosout][INFO] 2022-05-05 15:42:17,253: publishing ctrl
[rosout][INFO] 2022-05-05 15:42:17,273: publishing ctrl
[rosout][INFO] 2022-05-05 15:42:17,293: publishing ctrl
[rosout][INFO] 2022-05-05 15:42:17,312: publishing ctrl
[rosout][INFO] 2022-05-05 15:42:17,333: publishing ctrl
[rosout][INFO] 2022-05-05 15:42:17,352: publishing ctrl
[rosout][INFO] 2022-05-05 15:42:17,372: publishing ctrl
[rosout][INFO] 2022-05-05 15:42:17,392: publishing ctrl
[rosout][INFO] 2022-05-05 15:42:17,413: publishing ctrl
[rosout][INFO] 2022-05-05 15:42:17,434: publishing ctrl
[rosout][INFO] 2022-05-05 15:42:17,453: publishing ctrl
[rosout][INFO] 2022-05-05 15:42:17,473: publishing ctrl
[rosout][INFO] 2022-05-05 15:42:17,493: publishing ctrl
[rosout][INFO] 2022-05-05 15:42:17,513: publishing ctrl
[rosout][INFO] 2022-05-05 15:42:17,533: publishing ctrl
[rosout][INFO] 2022-05-05 15:42:17,553: publishing ctrl
[rosout][INFO] 2022-05-05 15:42:17,573: publishing ctrl
[rosout][INFO] 2022-05-05 15:42:17,593: publishing ctrl
[rosout][INFO] 2022-05-05 15:42:17,613: publishing ctrl
[rosout][INFO] 2022-05-05 15:42:17,633: publishing ctrl
[rosout][INFO] 2022-05-05 15:42:17,653: publishing ctrl
[rosout][INFO] 2022-05-05 15:42:17,673: publishing ctrl
[rosout][INFO] 2022-05-05 15:42:17,693: publishing ctrl
[rosout][INFO] 2022-05-05 15:42:17,713: publishing ctrl
[rosout][INFO] 2022-05-05 15:42:17,733: publishing ctrl
[rosout][INFO] 2022-05-05 15:42:17,753: publishing ctrl
[rosout][INFO] 2022-05-05 15:42:17,774: publishing ctrl
[rosout][INFO] 2022-05-05 15:42:17,793: publishing ctrl
[rosout][INFO] 2022-05-05 15:42:17,813: publishing ctrl
[rosout][INFO] 2022-05-05 15:42:17,833: publishing ctrl
[rosout][INFO] 2022-05-05 15:42:17,853: publishing ctrl
[rosout][INFO] 2022-05-05 15:42:17,873: publishing ctrl
[rosout][INFO] 2022-05-05 15:42:17,893: publishing ctrl
[rosout][INFO] 2022-05-05 15:42:17,913: publishing ctrl
[rosout][INFO] 2022-05-05 15:42:17,933: publishing ctrl
[rosout][INFO] 2022-05-05 15:42:17,953: publishing ctrl
[rosout][INFO] 2022-05-05 15:42:17,973: publishing ctrl
[rosout][INFO] 2022-05-05 15:42:17,993: publishing ctrl
[rosout][INFO] 2022-05-05 15:42:18,013: publishing ctrl
[rosout][INFO] 2022-05-05 15:42:18,033: publishing ctrl
[rosout][INFO] 2022-05-05 15:42:18,053: publishing ctrl
[rosout][INFO] 2022-05-05 15:42:18,074: publishing ctrl
[rosout][INFO] 2022-05-05 15:42:18,093: publishing ctrl
[rosout][INFO] 2022-05-05 15:42:18,113: publishing ctrl
[rosout][INFO] 2022-05-05 15:42:18,133: publishing ctrl
[rosout][INFO] 2022-05-05 15:42:18,153: publishing ctrl
[rosout][INFO] 2022-05-05 15:42:18,173: publishing ctrl
[rosout][INFO] 2022-05-05 15:42:18,193: publishing ctrl
[rosout][INFO] 2022-05-05 15:42:18,213: publishing ctrl
[rosout][INFO] 2022-05-05 15:42:18,233: publishing ctrl
[rosout][INFO] 2022-05-05 15:42:18,253: publishing ctrl
[rosout][INFO] 2022-05-05 15:42:18,273: publishing ctrl
[rosout][INFO] 2022-05-05 15:42:18,293: publishing ctrl
[rosout][INFO] 2022-05-05 15:42:18,313: publishing ctrl
[rosout][INFO] 2022-05-05 15:42:18,333: publishing ctrl
[rosout][INFO] 2022-05-05 15:42:18,353: publishing ctrl
[rosout][INFO] 2022-05-05 15:42:18,373: publishing ctrl
[rosout][INFO] 2022-05-05 15:42:18,394: publishing ctrl
[rosout][INFO] 2022-05-05 15:42:18,413: publishing ctrl
[rosout][INFO] 2022-05-05 15:42:18,433: publishing ctrl
[rosout][INFO] 2022-05-05 15:42:18,453: publishing ctrl
[rosout][INFO] 2022-05-05 15:42:18,473: publishing ctrl
[rosout][INFO] 2022-05-05 15:42:18,493: publishing ctrl
[rosout][INFO] 2022-05-05 15:42:18,514: publishing ctrl
[rosout][INFO] 2022-05-05 15:42:18,533: publishing ctrl
[rosout][INFO] 2022-05-05 15:42:18,553: publishing ctrl
[rosout][INFO] 2022-05-05 15:42:18,572: publishing ctrl
[rosout][INFO] 2022-05-05 15:42:18,593: publishing ctrl
[rosout][INFO] 2022-05-05 15:42:18,613: publishing ctrl
[rosout][INFO] 2022-05-05 15:42:18,632: publishing ctrl
[rosout][INFO] 2022-05-05 15:42:18,652: publishing ctrl
[rosout][INFO] 2022-05-05 15:42:18,672: publishing ctrl
[rosout][INFO] 2022-05-05 15:42:18,693: publishing ctrl
[rosout][INFO] 2022-05-05 15:42:18,712: publishing ctrl
[rosout][INFO] 2022-05-05 15:42:18,732: publishing ctrl
[rosout][INFO] 2022-05-05 15:42:18,753: publishing ctrl
[rosout][INFO] 2022-05-05 15:42:18,772: publishing ctrl
[rosout][INFO] 2022-05-05 15:42:18,792: publishing ctrl
[rosout][INFO] 2022-05-05 15:42:18,812: publishing ctrl
[rosout][INFO] 2022-05-05 15:42:18,833: publishing ctrl
[rosout][INFO] 2022-05-05 15:42:18,852: publishing ctrl
[rosout][INFO] 2022-05-05 15:42:18,872: publishing ctrl
[rosout][INFO] 2022-05-05 15:42:18,892: publishing ctrl
[rosout][INFO] 2022-05-05 15:42:18,912: publishing ctrl
[rosout][INFO] 2022-05-05 15:42:18,932: publishing ctrl
[rosout][INFO] 2022-05-05 15:42:18,953: publishing ctrl
[rosout][INFO] 2022-05-05 15:42:18,973: publishing ctrl
[rosout][INFO] 2022-05-05 15:42:18,992: publishing ctrl
[rosout][INFO] 2022-05-05 15:42:19,012: publishing ctrl
[rosout][INFO] 2022-05-05 15:42:19,032: publishing ctrl
[rosout][INFO] 2022-05-05 15:42:19,052: publishing ctrl
[rosout][INFO] 2022-05-05 15:42:19,072: publishing ctrl
[rosout][INFO] 2022-05-05 15:42:19,092: publishing ctrl
[rosout][INFO] 2022-05-05 15:42:19,112: publishing ctrl
[rosout][INFO] 2022-05-05 15:42:19,133: publishing ctrl
[rosout][INFO] 2022-05-05 15:42:19,153: publishing ctrl
[rosout][INFO] 2022-05-05 15:42:19,173: publishing ctrl
[rosout][INFO] 2022-05-05 15:42:19,192: publishing ctrl
[rosout][INFO] 2022-05-05 15:42:19,212: publishing ctrl
[rosout][INFO] 2022-05-05 15:42:19,232: publishing ctrl
[rosout][INFO] 2022-05-05 15:42:19,252: publishing ctrl
[rosout][INFO] 2022-05-05 15:42:19,272: publishing ctrl
[rosout][INFO] 2022-05-05 15:42:19,292: publishing ctrl
[rospy.core][INFO] 2022-05-05 15:42:19,304: signal_shutdown [signal-2]
[rospy.internal][INFO] 2022-05-05 15:42:19,345: topic[/car/mux/ackermann_cmd_mux/input/navigation] removing connection to /car/mux/nodelet_manager
[rospy.internal][INFO] 2022-05-05 15:42:19,346: topic[/rosout] removing connection to /rosout
[rospy.impl.masterslave][INFO] 2022-05-05 15:42:19,348: signal-2
[rosout][INFO] 2022-05-05 15:42:19,313: publishing ctrl
[rospy.core][INFO] 2022-05-05 15:42:19,928: signal_shutdown [atexit]
