[rospy.client][INFO] 2022-05-05 15:42:02,261: init_node, name[/car/vesc/throttle_interpolator], pid[9937]
[xmlrpc][INFO] 2022-05-05 15:42:02,262: XML-RPC server binding to 0.0.0.0:0
[rospy.init][INFO] 2022-05-05 15:42:02,264: ROS Slave URI: [http://robot-desktop:44261/]
[xmlrpc][INFO] 2022-05-05 15:42:02,265: Started XML-RPC server [http://robot-desktop:44261/]
[rospy.impl.masterslave][INFO] 2022-05-05 15:42:02,266: _ready: http://robot-desktop:44261/
[xmlrpc][INFO] 2022-05-05 15:42:02,267: xml rpc node: starting XML-RPC server
[rospy.registration][INFO] 2022-05-05 15:42:02,268: Registering with master node http://robot-desktop:11311
[rospy.init][INFO] 2022-05-05 15:42:02,365: registered with master
[rospy.rosout][INFO] 2022-05-05 15:42:02,366: initializing /rosout core topic
[rospy.rosout][INFO] 2022-05-05 15:42:02,373: connected to core topic /rosout
[rospy.simtime][INFO] 2022-05-05 15:42:02,378: /use_sim_time is not set, will not subscribe to simulated time [/clock] topic
[rospy.internal][INFO] 2022-05-05 15:42:02,588: topic[/car/vesc/commands/servo/unsmoothed_position] adding connection to [http://robot-desktop:38247/], count 0
[rospy.internal][INFO] 2022-05-05 15:42:02,592: topic[/car/vesc/commands/motor/unsmoothed_speed] adding connection to [http://robot-desktop:38247/], count 0
[rospy.internal][INFO] 2022-05-05 15:42:02,626: topic[/rosout] adding connection to [/rosout], count 0
[rospy.internal][INFO] 2022-05-05 15:42:02,733: topic[/car/vesc/commands/motor/speed] adding connection to [/car/vesc/vesc_driver], count 0
[rospy.internal][INFO] 2022-05-05 15:42:02,735: topic[/car/vesc/commands/servo/position] adding connection to [/car/vesc/vesc_driver], count 0
[rospy.core][INFO] 2022-05-05 15:42:19,316: signal_shutdown [signal-2]
[rospy.internal][INFO] 2022-05-05 15:42:19,362: topic[/car/vesc/commands/motor/speed] removing connection to /car/vesc/vesc_driver
[rospy.internal][INFO] 2022-05-05 15:42:19,365: topic[/rosout] removing connection to /rosout
[rospy.internal][INFO] 2022-05-05 15:42:19,370: topic[/car/vesc/commands/servo/position] removing connection to /car/vesc/vesc_driver
[rospy.internal][INFO] 2022-05-05 15:42:19,378: topic[/car/vesc/commands/motor/unsmoothed_speed] removing connection to http://robot-desktop:38247/
[rospy.internal][INFO] 2022-05-05 15:42:19,382: topic[/car/vesc/commands/servo/unsmoothed_position] removing connection to http://robot-desktop:38247/
[rospy.impl.masterslave][INFO] 2022-05-05 15:42:19,383: signal-2
[rospy.core][INFO] 2022-05-05 15:42:19,484: signal_shutdown [atexit]
