[rospy.client][INFO] 2022-05-05 15:52:59,172: init_node, name[/car/vesc/throttle_interpolator], pid[26060]
[xmlrpc][INFO] 2022-05-05 15:52:59,175: XML-RPC server binding to 0.0.0.0:0
[xmlrpc][INFO] 2022-05-05 15:52:59,177: Started XML-RPC server [http://robot-desktop:43097/]
[rospy.impl.masterslave][INFO] 2022-05-05 15:52:59,178: _ready: http://robot-desktop:43097/
[rospy.init][INFO] 2022-05-05 15:52:59,191: ROS Slave URI: [http://robot-desktop:43097/]
[xmlrpc][INFO] 2022-05-05 15:52:59,203: xml rpc node: starting XML-RPC server
[rospy.registration][INFO] 2022-05-05 15:52:59,209: Registering with master node http://robot-desktop:11311
[rospy.init][INFO] 2022-05-05 15:52:59,293: registered with master
[rospy.rosout][INFO] 2022-05-05 15:52:59,294: initializing /rosout core topic
[rospy.rosout][INFO] 2022-05-05 15:52:59,330: connected to core topic /rosout
[rospy.simtime][INFO] 2022-05-05 15:52:59,350: /use_sim_time is not set, will not subscribe to simulated time [/clock] topic
[rospy.internal][INFO] 2022-05-05 15:52:59,616: topic[/rosout] adding connection to [/rosout], count 0
[rospy.internal][INFO] 2022-05-05 15:52:59,852: topic[/car/vesc/commands/motor/unsmoothed_speed] adding connection to [http://robot-desktop:46531/], count 0
[rospy.internal][INFO] 2022-05-05 15:52:59,859: topic[/car/vesc/commands/servo/unsmoothed_position] adding connection to [http://robot-desktop:46531/], count 0
[rospy.internal][INFO] 2022-05-05 15:53:00,024: topic[/car/vesc/commands/motor/speed] adding connection to [/car/vesc/vesc_driver], count 0
[rospy.internal][INFO] 2022-05-05 15:53:00,033: topic[/car/vesc/commands/servo/position] adding connection to [/car/vesc/vesc_driver], count 0
[rospy.core][INFO] 2022-05-05 15:53:26,773: signal_shutdown [signal-2]
[rospy.internal][INFO] 2022-05-05 15:53:26,922: topic[/car/vesc/commands/motor/speed] removing connection to /car/vesc/vesc_driver
[rospy.internal][INFO] 2022-05-05 15:53:26,931: topic[/rosout] removing connection to /rosout
[rospy.internal][INFO] 2022-05-05 15:53:26,935: topic[/car/vesc/commands/servo/position] removing connection to /car/vesc/vesc_driver
[rospy.internal][INFO] 2022-05-05 15:53:26,938: topic[/car/vesc/commands/motor/unsmoothed_speed] removing connection to http://robot-desktop:46531/
[rospy.internal][INFO] 2022-05-05 15:53:26,940: topic[/car/vesc/commands/servo/unsmoothed_position] removing connection to http://robot-desktop:46531/
[rospy.impl.masterslave][INFO] 2022-05-05 15:53:26,943: signal-2
[rospy.internal][WARNING] 2022-05-05 15:53:27,298: Unknown error initiating TCP/IP socket to robot-desktop:48139 (http://robot-desktop:46531/): Traceback (most recent call last):
  File "/opt/ros/melodic/lib/python2.7/dist-packages/rospy/impl/tcpros_base.py", line 562, in connect
    self.read_header()
  File "/opt/ros/melodic/lib/python2.7/dist-packages/rospy/impl/tcpros_base.py", line 657, in read_header
    self._validate_header(read_ros_handshake_header(sock, self.read_buff, self.protocol.buff_size))
  File "/opt/ros/melodic/lib/python2.7/dist-packages/rosgraph/network.py", line 357, in read_ros_handshake_header
    d = sock.recv(buff_size)
error: [Errno 104] Connection reset by peer

[rospy.core][INFO] 2022-05-05 15:53:27,422: signal_shutdown [atexit]
