[rospy.client][INFO] 2022-05-05 15:53:02,897: init_node, name[/car/drive], pid[26161]
[xmlrpc][INFO] 2022-05-05 15:53:02,900: XML-RPC server binding to 0.0.0.0:0
[xmlrpc][INFO] 2022-05-05 15:53:02,902: Started XML-RPC server [http://robot-desktop:33921/]
[rospy.init][INFO] 2022-05-05 15:53:02,903: ROS Slave URI: [http://robot-desktop:33921/]
[rospy.impl.masterslave][INFO] 2022-05-05 15:53:02,904: _ready: http://robot-desktop:33921/
[rospy.registration][INFO] 2022-05-05 15:53:02,907: Registering with master node http://robot-desktop:11311
[xmlrpc][INFO] 2022-05-05 15:53:02,911: xml rpc node: starting XML-RPC server
[rospy.init][INFO] 2022-05-05 15:53:03,004: registered with master
[rospy.rosout][INFO] 2022-05-05 15:53:03,005: initializing /rosout core topic
[rospy.rosout][INFO] 2022-05-05 15:53:03,016: connected to core topic /rosout
[rospy.simtime][INFO] 2022-05-05 15:53:03,020: /use_sim_time is not set, will not subscribe to simulated time [/clock] topic
[rosout][INFO] 2022-05-05 15:53:03,090: publishing ctrl
[rosout][INFO] 2022-05-05 15:53:03,110: publishing ctrl
[rosout][INFO] 2022-05-05 15:53:03,130: publishing ctrl
[rosout][INFO] 2022-05-05 15:53:03,150: publishing ctrl
[rosout][INFO] 2022-05-05 15:53:03,171: publishing ctrl
[rosout][INFO] 2022-05-05 15:53:03,193: publishing ctrl
[rosout][INFO] 2022-05-05 15:53:03,211: publishing ctrl
[rospy.internal][INFO] 2022-05-05 15:53:03,235: topic[/rosout] adding connection to [/rosout], count 0
[rosout][INFO] 2022-05-05 15:53:03,230: publishing ctrl
[rosout][INFO] 2022-05-05 15:53:03,251: publishing ctrl
[rosout][INFO] 2022-05-05 15:53:03,288: publishing ctrl
[rosout][INFO] 2022-05-05 15:53:03,310: publishing ctrl
[rospy.internal][INFO] 2022-05-05 15:53:03,332: topic[/car/mux/ackermann_cmd_mux/input/navigation] adding connection to [/car/mux/nodelet_manager], count 0
[rosout][INFO] 2022-05-05 15:53:03,324: publishing ctrl
[rosout][INFO] 2022-05-05 15:53:03,345: publishing ctrl
[rosout][INFO] 2022-05-05 15:53:03,357: publishing ctrl
[rosout][INFO] 2022-05-05 15:53:03,376: publishing ctrl
[rosout][INFO] 2022-05-05 15:53:03,392: publishing ctrl
[rosout][INFO] 2022-05-05 15:53:03,426: publishing ctrl
[rosout][INFO] 2022-05-05 15:53:03,455: publishing ctrl
[rosout][INFO] 2022-05-05 15:53:03,468: publishing ctrl
[rosout][INFO] 2022-05-05 15:53:03,514: publishing ctrl
[rosout][INFO] 2022-05-05 15:53:03,564: publishing ctrl
[rosout][INFO] 2022-05-05 15:53:03,591: publishing ctrl
[rosout][INFO] 2022-05-05 15:53:03,612: publishing ctrl
[rosout][INFO] 2022-05-05 15:53:03,636: publishing ctrl
[rosout][INFO] 2022-05-05 15:53:03,665: publishing ctrl
[rosout][INFO] 2022-05-05 15:53:03,683: publishing ctrl
[rosout][INFO] 2022-05-05 15:53:03,714: publishing ctrl
[rosout][INFO] 2022-05-05 15:53:03,742: publishing ctrl
[rosout][INFO] 2022-05-05 15:53:03,763: publishing ctrl
[rosout][INFO] 2022-05-05 15:53:03,782: publishing ctrl
[rosout][INFO] 2022-05-05 15:53:03,807: publishing ctrl
[rosout][INFO] 2022-05-05 15:53:03,822: publishing ctrl
[rosout][INFO] 2022-05-05 15:53:03,842: publishing ctrl
[rosout][INFO] 2022-05-05 15:53:03,864: publishing ctrl
[rosout][INFO] 2022-05-05 15:53:03,882: publishing ctrl
[rosout][INFO] 2022-05-05 15:53:03,902: publishing ctrl
[rosout][INFO] 2022-05-05 15:53:03,921: publishing ctrl
[rosout][INFO] 2022-05-05 15:53:03,947: publishing ctrl
[rosout][INFO] 2022-05-05 15:53:03,963: publishing ctrl
[rosout][INFO] 2022-05-05 15:53:03,992: publishing ctrl
[rosout][INFO] 2022-05-05 15:53:04,002: publishing ctrl
[rosout][INFO] 2022-05-05 15:53:04,027: publishing ctrl
[rosout][INFO] 2022-05-05 15:53:04,051: publishing ctrl
[rosout][INFO] 2022-05-05 15:53:04,070: publishing ctrl
[rosout][INFO] 2022-05-05 15:53:04,100: publishing ctrl
[rosout][INFO] 2022-05-05 15:53:04,126: publishing ctrl
[rosout][INFO] 2022-05-05 15:53:04,146: publishing ctrl
[rosout][INFO] 2022-05-05 15:53:04,175: publishing ctrl
[rosout][INFO] 2022-05-05 15:53:04,193: publishing ctrl
[rosout][INFO] 2022-05-05 15:53:04,215: publishing ctrl
[rosout][INFO] 2022-05-05 15:53:04,231: publishing ctrl
[rosout][INFO] 2022-05-05 15:53:04,256: publishing ctrl
[rosout][INFO] 2022-05-05 15:53:04,286: publishing ctrl
[rosout][INFO] 2022-05-05 15:53:04,304: publishing ctrl
[rosout][INFO] 2022-05-05 15:53:04,341: publishing ctrl
[rosout][INFO] 2022-05-05 15:53:04,366: publishing ctrl
[rosout][INFO] 2022-05-05 15:53:04,377: publishing ctrl
[rosout][INFO] 2022-05-05 15:53:04,405: publishing ctrl
[rosout][INFO] 2022-05-05 15:53:04,433: publishing ctrl
[rosout][INFO] 2022-05-05 15:53:04,448: publishing ctrl
[rosout][INFO] 2022-05-05 15:53:04,480: publishing ctrl
[rosout][INFO] 2022-05-05 15:53:04,496: publishing ctrl
[rosout][INFO] 2022-05-05 15:53:04,508: publishing ctrl
[rosout][INFO] 2022-05-05 15:53:04,523: publishing ctrl
[rosout][INFO] 2022-05-05 15:53:04,538: publishing ctrl
[rosout][INFO] 2022-05-05 15:53:04,563: publishing ctrl
[rosout][INFO] 2022-05-05 15:53:04,575: publishing ctrl
[rosout][INFO] 2022-05-05 15:53:04,601: publishing ctrl
[rosout][INFO] 2022-05-05 15:53:04,628: publishing ctrl
[rosout][INFO] 2022-05-05 15:53:04,655: publishing ctrl
[rosout][INFO] 2022-05-05 15:53:04,691: publishing ctrl
[rosout][INFO] 2022-05-05 15:53:04,714: publishing ctrl
[rosout][INFO] 2022-05-05 15:53:04,732: publishing ctrl
[rosout][INFO] 2022-05-05 15:53:04,771: publishing ctrl
[rosout][INFO] 2022-05-05 15:53:04,803: publishing ctrl
[rosout][INFO] 2022-05-05 15:53:04,820: publishing ctrl
[rosout][INFO] 2022-05-05 15:53:04,833: publishing ctrl
[rosout][INFO] 2022-05-05 15:53:04,853: publishing ctrl
[rosout][INFO] 2022-05-05 15:53:04,867: publishing ctrl
[rosout][INFO] 2022-05-05 15:53:04,890: publishing ctrl
[rosout][INFO] 2022-05-05 15:53:04,905: publishing ctrl
[rosout][INFO] 2022-05-05 15:53:04,928: publishing ctrl
[rosout][INFO] 2022-05-05 15:53:04,952: publishing ctrl
[rosout][INFO] 2022-05-05 15:53:04,973: publishing ctrl
[rosout][INFO] 2022-05-05 15:53:04,990: publishing ctrl
[rosout][INFO] 2022-05-05 15:53:05,009: publishing ctrl
[rosout][INFO] 2022-05-05 15:53:05,027: publishing ctrl
[rosout][INFO] 2022-05-05 15:53:05,042: publishing ctrl
[rosout][INFO] 2022-05-05 15:53:05,061: publishing ctrl
[rosout][INFO] 2022-05-05 15:53:05,084: publishing ctrl
[rosout][INFO] 2022-05-05 15:53:05,100: publishing ctrl
[rosout][INFO] 2022-05-05 15:53:05,117: publishing ctrl
[rosout][INFO] 2022-05-05 15:53:05,139: publishing ctrl
[rosout][INFO] 2022-05-05 15:53:05,164: publishing ctrl
[rosout][INFO] 2022-05-05 15:53:05,183: publishing ctrl
[rosout][INFO] 2022-05-05 15:53:05,203: publishing ctrl
[rosout][INFO] 2022-05-05 15:53:05,238: publishing ctrl
[rosout][INFO] 2022-05-05 15:53:05,257: publishing ctrl
[rosout][INFO] 2022-05-05 15:53:05,285: publishing ctrl
[rosout][INFO] 2022-05-05 15:53:05,309: publishing ctrl
[rosout][INFO] 2022-05-05 15:53:05,317: publishing ctrl
[rosout][INFO] 2022-05-05 15:53:05,348: publishing ctrl
[rosout][INFO] 2022-05-05 15:53:05,367: publishing ctrl
[rosout][INFO] 2022-05-05 15:53:05,381: publishing ctrl
[rosout][INFO] 2022-05-05 15:53:05,406: publishing ctrl
[rosout][INFO] 2022-05-05 15:53:05,435: publishing ctrl
[rosout][INFO] 2022-05-05 15:53:05,465: publishing ctrl
[rosout][INFO] 2022-05-05 15:53:05,482: publishing ctrl
[rosout][INFO] 2022-05-05 15:53:05,500: publishing ctrl
[rosout][INFO] 2022-05-05 15:53:05,521: publishing ctrl
[rosout][INFO] 2022-05-05 15:53:05,537: publishing ctrl
[rosout][INFO] 2022-05-05 15:53:05,554: publishing ctrl
[rosout][INFO] 2022-05-05 15:53:05,579: publishing ctrl
[rosout][INFO] 2022-05-05 15:53:05,603: publishing ctrl
[rosout][INFO] 2022-05-05 15:53:05,628: publishing ctrl
[rosout][INFO] 2022-05-05 15:53:05,653: publishing ctrl
[rosout][INFO] 2022-05-05 15:53:05,667: publishing ctrl
[rosout][INFO] 2022-05-05 15:53:05,706: publishing ctrl
[rosout][INFO] 2022-05-05 15:53:05,735: publishing ctrl
[rosout][INFO] 2022-05-05 15:53:05,762: publishing ctrl
[rosout][INFO] 2022-05-05 15:53:05,790: publishing ctrl
[rosout][INFO] 2022-05-05 15:53:05,806: publishing ctrl
[rosout][INFO] 2022-05-05 15:53:05,821: publishing ctrl
[rosout][INFO] 2022-05-05 15:53:05,899: publishing ctrl
[rosout][INFO] 2022-05-05 15:53:05,922: publishing ctrl
[rosout][INFO] 2022-05-05 15:53:05,965: publishing ctrl
[rosout][INFO] 2022-05-05 15:53:05,983: publishing ctrl
[rosout][INFO] 2022-05-05 15:53:05,996: publishing ctrl
[rosout][INFO] 2022-05-05 15:53:06,012: publishing ctrl
[rosout][INFO] 2022-05-05 15:53:06,028: publishing ctrl
[rosout][INFO] 2022-05-05 15:53:06,044: publishing ctrl
[rosout][INFO] 2022-05-05 15:53:06,062: publishing ctrl
[rosout][INFO] 2022-05-05 15:53:06,083: publishing ctrl
[rosout][INFO] 2022-05-05 15:53:06,133: publishing ctrl
[rosout][INFO] 2022-05-05 15:53:06,152: publishing ctrl
[rosout][INFO] 2022-05-05 15:53:06,171: publishing ctrl
[rosout][INFO] 2022-05-05 15:53:06,201: publishing ctrl
[rosout][INFO] 2022-05-05 15:53:06,233: publishing ctrl
[rosout][INFO] 2022-05-05 15:53:06,260: publishing ctrl
[rosout][INFO] 2022-05-05 15:53:06,290: publishing ctrl
[rosout][INFO] 2022-05-05 15:53:06,315: publishing ctrl
[rosout][INFO] 2022-05-05 15:53:06,340: publishing ctrl
[rosout][INFO] 2022-05-05 15:53:06,372: publishing ctrl
[rosout][INFO] 2022-05-05 15:53:06,402: publishing ctrl
[rosout][INFO] 2022-05-05 15:53:06,417: publishing ctrl
[rosout][INFO] 2022-05-05 15:53:06,434: publishing ctrl
[rosout][INFO] 2022-05-05 15:53:06,456: publishing ctrl
[rosout][INFO] 2022-05-05 15:53:06,475: publishing ctrl
[rosout][INFO] 2022-05-05 15:53:06,503: publishing ctrl
[rosout][INFO] 2022-05-05 15:53:06,523: publishing ctrl
[rosout][INFO] 2022-05-05 15:53:06,554: publishing ctrl
[rosout][INFO] 2022-05-05 15:53:06,581: publishing ctrl
[rosout][INFO] 2022-05-05 15:53:06,603: publishing ctrl
[rosout][INFO] 2022-05-05 15:53:06,623: publishing ctrl
[rosout][INFO] 2022-05-05 15:53:06,646: publishing ctrl
[rosout][INFO] 2022-05-05 15:53:06,666: publishing ctrl
[rosout][INFO] 2022-05-05 15:53:06,692: publishing ctrl
[rosout][INFO] 2022-05-05 15:53:06,707: publishing ctrl
[rosout][INFO] 2022-05-05 15:53:06,741: publishing ctrl
[rosout][INFO] 2022-05-05 15:53:06,783: publishing ctrl
[rosout][INFO] 2022-05-05 15:53:06,815: publishing ctrl
[rosout][INFO] 2022-05-05 15:53:06,857: publishing ctrl
[rosout][INFO] 2022-05-05 15:53:06,888: publishing ctrl
[rosout][INFO] 2022-05-05 15:53:06,909: publishing ctrl
[rosout][INFO] 2022-05-05 15:53:06,928: publishing ctrl
[rosout][INFO] 2022-05-05 15:53:06,953: publishing ctrl
[rosout][INFO] 2022-05-05 15:53:06,967: publishing ctrl
[rosout][INFO] 2022-05-05 15:53:06,991: publishing ctrl
[rosout][INFO] 2022-05-05 15:53:07,015: publishing ctrl
[rosout][INFO] 2022-05-05 15:53:07,040: publishing ctrl
[rosout][INFO] 2022-05-05 15:53:07,053: publishing ctrl
[rosout][INFO] 2022-05-05 15:53:07,072: publishing ctrl
[rosout][INFO] 2022-05-05 15:53:07,090: publishing ctrl
[rosout][INFO] 2022-05-05 15:53:07,115: publishing ctrl
[rosout][INFO] 2022-05-05 15:53:07,131: publishing ctrl
[rosout][INFO] 2022-05-05 15:53:07,147: publishing ctrl
[rosout][INFO] 2022-05-05 15:53:07,167: publishing ctrl
[rosout][INFO] 2022-05-05 15:53:07,188: publishing ctrl
[rosout][INFO] 2022-05-05 15:53:07,216: publishing ctrl
[rosout][INFO] 2022-05-05 15:53:07,236: publishing ctrl
[rosout][INFO] 2022-05-05 15:53:07,264: publishing ctrl
[rosout][INFO] 2022-05-05 15:53:07,287: publishing ctrl
[rosout][INFO] 2022-05-05 15:53:07,301: publishing ctrl
[rosout][INFO] 2022-05-05 15:53:07,320: publishing ctrl
[rosout][INFO] 2022-05-05 15:53:07,333: publishing ctrl
[rosout][INFO] 2022-05-05 15:53:07,348: publishing ctrl
[rosout][INFO] 2022-05-05 15:53:07,367: publishing ctrl
[rosout][INFO] 2022-05-05 15:53:07,392: publishing ctrl
[rosout][INFO] 2022-05-05 15:53:07,410: publishing ctrl
[rosout][INFO] 2022-05-05 15:53:07,444: publishing ctrl
[rosout][INFO] 2022-05-05 15:53:07,467: publishing ctrl
[rosout][INFO] 2022-05-05 15:53:07,484: publishing ctrl
[rosout][INFO] 2022-05-05 15:53:07,494: publishing ctrl
[rosout][INFO] 2022-05-05 15:53:07,520: publishing ctrl
[rosout][INFO] 2022-05-05 15:53:07,543: publishing ctrl
[rosout][INFO] 2022-05-05 15:53:07,571: publishing ctrl
[rosout][INFO] 2022-05-05 15:53:07,616: publishing ctrl
[rosout][INFO] 2022-05-05 15:53:07,637: publishing ctrl
[rosout][INFO] 2022-05-05 15:53:07,657: publishing ctrl
[rosout][INFO] 2022-05-05 15:53:07,678: publishing ctrl
[rosout][INFO] 2022-05-05 15:53:07,695: publishing ctrl
[rosout][INFO] 2022-05-05 15:53:07,718: publishing ctrl
[rosout][INFO] 2022-05-05 15:53:07,746: publishing ctrl
[rosout][INFO] 2022-05-05 15:53:07,763: publishing ctrl
[rosout][INFO] 2022-05-05 15:53:07,794: publishing ctrl
[rosout][INFO] 2022-05-05 15:53:07,814: publishing ctrl
[rosout][INFO] 2022-05-05 15:53:07,825: publishing ctrl
[rosout][INFO] 2022-05-05 15:53:07,835: publishing ctrl
[rosout][INFO] 2022-05-05 15:53:07,855: publishing ctrl
[rosout][INFO] 2022-05-05 15:53:07,875: publishing ctrl
[rosout][INFO] 2022-05-05 15:53:07,896: publishing ctrl
[rosout][INFO] 2022-05-05 15:53:07,927: publishing ctrl
[rosout][INFO] 2022-05-05 15:53:07,939: publishing ctrl
[rosout][INFO] 2022-05-05 15:53:07,959: publishing ctrl
[rosout][INFO] 2022-05-05 15:53:07,975: publishing ctrl
[rosout][INFO] 2022-05-05 15:53:07,996: publishing ctrl
[rosout][INFO] 2022-05-05 15:53:08,019: publishing ctrl
[rosout][INFO] 2022-05-05 15:53:08,045: publishing ctrl
[rosout][INFO] 2022-05-05 15:53:08,076: publishing ctrl
[rosout][INFO] 2022-05-05 15:53:08,096: publishing ctrl
[rosout][INFO] 2022-05-05 15:53:08,113: publishing ctrl
[rosout][INFO] 2022-05-05 15:53:08,127: publishing ctrl
[rosout][INFO] 2022-05-05 15:53:08,140: publishing ctrl
[rosout][INFO] 2022-05-05 15:53:08,159: publishing ctrl
[rosout][INFO] 2022-05-05 15:53:08,178: publishing ctrl
[rosout][INFO] 2022-05-05 15:53:08,195: publishing ctrl
[rosout][INFO] 2022-05-05 15:53:08,218: publishing ctrl
[rosout][INFO] 2022-05-05 15:53:08,235: publishing ctrl
[rosout][INFO] 2022-05-05 15:53:08,261: publishing ctrl
[rosout][INFO] 2022-05-05 15:53:08,277: publishing ctrl
[rosout][INFO] 2022-05-05 15:53:08,297: publishing ctrl
[rosout][INFO] 2022-05-05 15:53:08,318: publishing ctrl
[rosout][INFO] 2022-05-05 15:53:08,338: publishing ctrl
[rosout][INFO] 2022-05-05 15:53:08,357: publishing ctrl
[rosout][INFO] 2022-05-05 15:53:08,381: publishing ctrl
[rosout][INFO] 2022-05-05 15:53:08,397: publishing ctrl
[rosout][INFO] 2022-05-05 15:53:08,419: publishing ctrl
[rosout][INFO] 2022-05-05 15:53:08,439: publishing ctrl
[rosout][INFO] 2022-05-05 15:53:08,462: publishing ctrl
[rosout][INFO] 2022-05-05 15:53:08,478: publishing ctrl
[rosout][INFO] 2022-05-05 15:53:08,498: publishing ctrl
[rosout][INFO] 2022-05-05 15:53:08,516: publishing ctrl
[rosout][INFO] 2022-05-05 15:53:08,536: publishing ctrl
[rosout][INFO] 2022-05-05 15:53:08,555: publishing ctrl
[rosout][INFO] 2022-05-05 15:53:08,576: publishing ctrl
[rosout][INFO] 2022-05-05 15:53:08,596: publishing ctrl
[rosout][INFO] 2022-05-05 15:53:08,628: publishing ctrl
[rosout][INFO] 2022-05-05 15:53:08,657: publishing ctrl
[rosout][INFO] 2022-05-05 15:53:08,674: publishing ctrl
[rosout][INFO] 2022-05-05 15:53:08,696: publishing ctrl
[rosout][INFO] 2022-05-05 15:53:08,717: publishing ctrl
[rosout][INFO] 2022-05-05 15:53:08,737: publishing ctrl
[rosout][INFO] 2022-05-05 15:53:08,756: publishing ctrl
[rosout][INFO] 2022-05-05 15:53:08,783: publishing ctrl
[rosout][INFO] 2022-05-05 15:53:08,808: publishing ctrl
[rosout][INFO] 2022-05-05 15:53:08,827: publishing ctrl
[rosout][INFO] 2022-05-05 15:53:08,844: publishing ctrl
[rosout][INFO] 2022-05-05 15:53:08,870: publishing ctrl
[rosout][INFO] 2022-05-05 15:53:08,879: publishing ctrl
[rosout][INFO] 2022-05-05 15:53:08,895: publishing ctrl
[rosout][INFO] 2022-05-05 15:53:08,908: publishing ctrl
[rosout][INFO] 2022-05-05 15:53:08,939: publishing ctrl
[rosout][INFO] 2022-05-05 15:53:08,961: publishing ctrl
[rosout][INFO] 2022-05-05 15:53:08,982: publishing ctrl
[rosout][INFO] 2022-05-05 15:53:09,021: publishing ctrl
[rosout][INFO] 2022-05-05 15:53:09,042: publishing ctrl
[rosout][INFO] 2022-05-05 15:53:09,063: publishing ctrl
[rosout][INFO] 2022-05-05 15:53:09,083: publishing ctrl
[rosout][INFO] 2022-05-05 15:53:09,121: publishing ctrl
[rosout][INFO] 2022-05-05 15:53:09,132: publishing ctrl
[rosout][INFO] 2022-05-05 15:53:09,145: publishing ctrl
[rosout][INFO] 2022-05-05 15:53:09,161: publishing ctrl
[rosout][INFO] 2022-05-05 15:53:09,182: publishing ctrl
[rosout][INFO] 2022-05-05 15:53:09,208: publishing ctrl
[rosout][INFO] 2022-05-05 15:53:09,230: publishing ctrl
[rosout][INFO] 2022-05-05 15:53:09,245: publishing ctrl
[rosout][INFO] 2022-05-05 15:53:09,263: publishing ctrl
[rosout][INFO] 2022-05-05 15:53:09,301: publishing ctrl
[rosout][INFO] 2022-05-05 15:53:09,318: publishing ctrl
[rosout][INFO] 2022-05-05 15:53:09,334: publishing ctrl
[rosout][INFO] 2022-05-05 15:53:09,354: publishing ctrl
[rosout][INFO] 2022-05-05 15:53:09,373: publishing ctrl
[rosout][INFO] 2022-05-05 15:53:09,390: publishing ctrl
[rosout][INFO] 2022-05-05 15:53:09,407: publishing ctrl
[rosout][INFO] 2022-05-05 15:53:09,421: publishing ctrl
[rosout][INFO] 2022-05-05 15:53:09,445: publishing ctrl
[rosout][INFO] 2022-05-05 15:53:09,461: publishing ctrl
[rosout][INFO] 2022-05-05 15:53:09,486: publishing ctrl
[rosout][INFO] 2022-05-05 15:53:09,509: publishing ctrl
[rosout][INFO] 2022-05-05 15:53:09,537: publishing ctrl
[rosout][INFO] 2022-05-05 15:53:09,549: publishing ctrl
[rosout][INFO] 2022-05-05 15:53:09,572: publishing ctrl
[rosout][INFO] 2022-05-05 15:53:09,601: publishing ctrl
[rosout][INFO] 2022-05-05 15:53:09,620: publishing ctrl
[rosout][INFO] 2022-05-05 15:53:09,644: publishing ctrl
[rosout][INFO] 2022-05-05 15:53:09,665: publishing ctrl
[rosout][INFO] 2022-05-05 15:53:09,685: publishing ctrl
[rosout][INFO] 2022-05-05 15:53:09,701: publishing ctrl
[rosout][INFO] 2022-05-05 15:53:09,716: publishing ctrl
[rosout][INFO] 2022-05-05 15:53:09,744: publishing ctrl
[rosout][INFO] 2022-05-05 15:53:09,767: publishing ctrl
[rosout][INFO] 2022-05-05 15:53:09,785: publishing ctrl
[rosout][INFO] 2022-05-05 15:53:09,801: publishing ctrl
[rosout][INFO] 2022-05-05 15:53:09,826: publishing ctrl
[rosout][INFO] 2022-05-05 15:53:09,854: publishing ctrl
[rosout][INFO] 2022-05-05 15:53:09,879: publishing ctrl
[rosout][INFO] 2022-05-05 15:53:09,898: publishing ctrl
[rosout][INFO] 2022-05-05 15:53:09,908: publishing ctrl
[rosout][INFO] 2022-05-05 15:53:09,923: publishing ctrl
[rosout][INFO] 2022-05-05 15:53:09,944: publishing ctrl
[rosout][INFO] 2022-05-05 15:53:09,966: publishing ctrl
[rosout][INFO] 2022-05-05 15:53:09,978: publishing ctrl
[rosout][INFO] 2022-05-05 15:53:09,994: publishing ctrl
[rosout][INFO] 2022-05-05 15:53:10,014: publishing ctrl
[rosout][INFO] 2022-05-05 15:53:10,038: publishing ctrl
[rosout][INFO] 2022-05-05 15:53:10,065: publishing ctrl
[rosout][INFO] 2022-05-05 15:53:10,082: publishing ctrl
[rosout][INFO] 2022-05-05 15:53:10,098: publishing ctrl
[rosout][INFO] 2022-05-05 15:53:10,113: publishing ctrl
[rosout][INFO] 2022-05-05 15:53:10,121: publishing ctrl
[rosout][INFO] 2022-05-05 15:53:10,148: publishing ctrl
[rosout][INFO] 2022-05-05 15:53:10,166: publishing ctrl
[rosout][INFO] 2022-05-05 15:53:10,184: publishing ctrl
[rosout][INFO] 2022-05-05 15:53:10,208: publishing ctrl
[rosout][INFO] 2022-05-05 15:53:10,227: publishing ctrl
[rosout][INFO] 2022-05-05 15:53:10,249: publishing ctrl
[rosout][INFO] 2022-05-05 15:53:10,269: publishing ctrl
[rosout][INFO] 2022-05-05 15:53:10,289: publishing ctrl
[rosout][INFO] 2022-05-05 15:53:10,326: publishing ctrl
[rosout][INFO] 2022-05-05 15:53:10,341: publishing ctrl
[rosout][INFO] 2022-05-05 15:53:10,386: publishing ctrl
[rosout][INFO] 2022-05-05 15:53:10,408: publishing ctrl
[rosout][INFO] 2022-05-05 15:53:10,432: publishing ctrl
[rosout][INFO] 2022-05-05 15:53:10,452: publishing ctrl
[rosout][INFO] 2022-05-05 15:53:10,470: publishing ctrl
[rosout][INFO] 2022-05-05 15:53:10,487: publishing ctrl
[rosout][INFO] 2022-05-05 15:53:10,506: publishing ctrl
[rosout][INFO] 2022-05-05 15:53:10,531: publishing ctrl
[rosout][INFO] 2022-05-05 15:53:10,552: publishing ctrl
[rosout][INFO] 2022-05-05 15:53:10,569: publishing ctrl
[rosout][INFO] 2022-05-05 15:53:10,585: publishing ctrl
[rosout][INFO] 2022-05-05 15:53:10,611: publishing ctrl
[rosout][INFO] 2022-05-05 15:53:10,631: publishing ctrl
[rosout][INFO] 2022-05-05 15:53:10,660: publishing ctrl
[rosout][INFO] 2022-05-05 15:53:10,678: publishing ctrl
[rosout][INFO] 2022-05-05 15:53:10,700: publishing ctrl
[rosout][INFO] 2022-05-05 15:53:10,724: publishing ctrl
[rosout][INFO] 2022-05-05 15:53:10,750: publishing ctrl
[rosout][INFO] 2022-05-05 15:53:10,772: publishing ctrl
[rosout][INFO] 2022-05-05 15:53:10,795: publishing ctrl
[rosout][INFO] 2022-05-05 15:53:10,814: publishing ctrl
[rosout][INFO] 2022-05-05 15:53:10,834: publishing ctrl
[rosout][INFO] 2022-05-05 15:53:10,849: publishing ctrl
[rosout][INFO] 2022-05-05 15:53:10,868: publishing ctrl
[rosout][INFO] 2022-05-05 15:53:10,892: publishing ctrl
[rosout][INFO] 2022-05-05 15:53:10,903: publishing ctrl
[rosout][INFO] 2022-05-05 15:53:10,923: publishing ctrl
[rosout][INFO] 2022-05-05 15:53:10,946: publishing ctrl
[rosout][INFO] 2022-05-05 15:53:10,964: publishing ctrl
[rosout][INFO] 2022-05-05 15:53:10,972: publishing ctrl
[rosout][INFO] 2022-05-05 15:53:10,987: publishing ctrl
[rosout][INFO] 2022-05-05 15:53:11,006: publishing ctrl
[rosout][INFO] 2022-05-05 15:53:11,025: publishing ctrl
[rosout][INFO] 2022-05-05 15:53:11,045: publishing ctrl
[rosout][INFO] 2022-05-05 15:53:11,073: publishing ctrl
[rosout][INFO] 2022-05-05 15:53:11,099: publishing ctrl
[rosout][INFO] 2022-05-05 15:53:11,122: publishing ctrl
[rosout][INFO] 2022-05-05 15:53:11,139: publishing ctrl
[rosout][INFO] 2022-05-05 15:53:11,183: publishing ctrl
[rosout][INFO] 2022-05-05 15:53:11,200: publishing ctrl
[rosout][INFO] 2022-05-05 15:53:11,213: publishing ctrl
[rosout][INFO] 2022-05-05 15:53:11,238: publishing ctrl
[rosout][INFO] 2022-05-05 15:53:11,261: publishing ctrl
[rosout][INFO] 2022-05-05 15:53:11,279: publishing ctrl
[rosout][INFO] 2022-05-05 15:53:11,307: publishing ctrl
[rosout][INFO] 2022-05-05 15:53:11,329: publishing ctrl
[rosout][INFO] 2022-05-05 15:53:11,347: publishing ctrl
[rosout][INFO] 2022-05-05 15:53:11,365: publishing ctrl
[rosout][INFO] 2022-05-05 15:53:11,386: publishing ctrl
[rosout][INFO] 2022-05-05 15:53:11,407: publishing ctrl
[rosout][INFO] 2022-05-05 15:53:11,436: publishing ctrl
[rosout][INFO] 2022-05-05 15:53:11,457: publishing ctrl
[rosout][INFO] 2022-05-05 15:53:11,477: publishing ctrl
[rosout][INFO] 2022-05-05 15:53:11,489: publishing ctrl
[rosout][INFO] 2022-05-05 15:53:11,506: publishing ctrl
[rosout][INFO] 2022-05-05 15:53:11,531: publishing ctrl
[rosout][INFO] 2022-05-05 15:53:11,555: publishing ctrl
[rosout][INFO] 2022-05-05 15:53:11,583: publishing ctrl
[rosout][INFO] 2022-05-05 15:53:11,591: publishing ctrl
[rosout][INFO] 2022-05-05 15:53:11,607: publishing ctrl
[rosout][INFO] 2022-05-05 15:53:11,631: publishing ctrl
[rosout][INFO] 2022-05-05 15:53:11,647: publishing ctrl
[rosout][INFO] 2022-05-05 15:53:11,665: publishing ctrl
[rosout][INFO] 2022-05-05 15:53:11,690: publishing ctrl
[rosout][INFO] 2022-05-05 15:53:11,706: publishing ctrl
[rosout][INFO] 2022-05-05 15:53:11,731: publishing ctrl
[rosout][INFO] 2022-05-05 15:53:11,745: publishing ctrl
[rosout][INFO] 2022-05-05 15:53:11,765: publishing ctrl
[rosout][INFO] 2022-05-05 15:53:11,792: publishing ctrl
[rosout][INFO] 2022-05-05 15:53:11,821: publishing ctrl
[rosout][INFO] 2022-05-05 15:53:11,841: publishing ctrl
[rosout][INFO] 2022-05-05 15:53:11,862: publishing ctrl
[rosout][INFO] 2022-05-05 15:53:11,891: publishing ctrl
[rosout][INFO] 2022-05-05 15:53:11,924: publishing ctrl
[rosout][INFO] 2022-05-05 15:53:11,944: publishing ctrl
[rosout][INFO] 2022-05-05 15:53:11,970: publishing ctrl
[rosout][INFO] 2022-05-05 15:53:11,994: publishing ctrl
[rosout][INFO] 2022-05-05 15:53:12,011: publishing ctrl
[rosout][INFO] 2022-05-05 15:53:12,035: publishing ctrl
[rosout][INFO] 2022-05-05 15:53:12,066: publishing ctrl
[rosout][INFO] 2022-05-05 15:53:12,082: publishing ctrl
[rosout][INFO] 2022-05-05 15:53:12,094: publishing ctrl
[rosout][INFO] 2022-05-05 15:53:12,111: publishing ctrl
[rosout][INFO] 2022-05-05 15:53:12,132: publishing ctrl
[rosout][INFO] 2022-05-05 15:53:12,150: publishing ctrl
[rosout][INFO] 2022-05-05 15:53:12,176: publishing ctrl
[rosout][INFO] 2022-05-05 15:53:12,205: publishing ctrl
[rosout][INFO] 2022-05-05 15:53:12,221: publishing ctrl
[rosout][INFO] 2022-05-05 15:53:12,237: publishing ctrl
[rosout][INFO] 2022-05-05 15:53:12,259: publishing ctrl
[rosout][INFO] 2022-05-05 15:53:12,272: publishing ctrl
[rosout][INFO] 2022-05-05 15:53:12,301: publishing ctrl
[rosout][INFO] 2022-05-05 15:53:12,322: publishing ctrl
[rosout][INFO] 2022-05-05 15:53:12,336: publishing ctrl
[rosout][INFO] 2022-05-05 15:53:12,359: publishing ctrl
[rosout][INFO] 2022-05-05 15:53:12,392: publishing ctrl
[rosout][INFO] 2022-05-05 15:53:12,409: publishing ctrl
[rosout][INFO] 2022-05-05 15:53:12,426: publishing ctrl
[rosout][INFO] 2022-05-05 15:53:12,438: publishing ctrl
[rosout][INFO] 2022-05-05 15:53:12,472: publishing ctrl
[rosout][INFO] 2022-05-05 15:53:12,496: publishing ctrl
[rosout][INFO] 2022-05-05 15:53:12,511: publishing ctrl
[rosout][INFO] 2022-05-05 15:53:12,548: publishing ctrl
[rosout][INFO] 2022-05-05 15:53:12,563: publishing ctrl
[rosout][INFO] 2022-05-05 15:53:12,581: publishing ctrl
[rosout][INFO] 2022-05-05 15:53:12,607: publishing ctrl
[rosout][INFO] 2022-05-05 15:53:12,629: publishing ctrl
[rosout][INFO] 2022-05-05 15:53:12,646: publishing ctrl
[rosout][INFO] 2022-05-05 15:53:12,672: publishing ctrl
[rosout][INFO] 2022-05-05 15:53:12,692: publishing ctrl
[rosout][INFO] 2022-05-05 15:53:12,715: publishing ctrl
[rosout][INFO] 2022-05-05 15:53:12,733: publishing ctrl
[rosout][INFO] 2022-05-05 15:53:12,756: publishing ctrl
[rosout][INFO] 2022-05-05 15:53:12,780: publishing ctrl
[rosout][INFO] 2022-05-05 15:53:12,810: publishing ctrl
[rosout][INFO] 2022-05-05 15:53:12,835: publishing ctrl
[rosout][INFO] 2022-05-05 15:53:12,853: publishing ctrl
[rosout][INFO] 2022-05-05 15:53:12,868: publishing ctrl
[rosout][INFO] 2022-05-05 15:53:12,903: publishing ctrl
[rosout][INFO] 2022-05-05 15:53:12,931: publishing ctrl
[rosout][INFO] 2022-05-05 15:53:12,965: publishing ctrl
[rosout][INFO] 2022-05-05 15:53:12,991: publishing ctrl
[rosout][INFO] 2022-05-05 15:53:13,007: publishing ctrl
[rosout][INFO] 2022-05-05 15:53:13,028: publishing ctrl
[rosout][INFO] 2022-05-05 15:53:13,048: publishing ctrl
[rosout][INFO] 2022-05-05 15:53:13,068: publishing ctrl
[rosout][INFO] 2022-05-05 15:53:13,092: publishing ctrl
[rosout][INFO] 2022-05-05 15:53:13,109: publishing ctrl
[rosout][INFO] 2022-05-05 15:53:13,132: publishing ctrl
[rosout][INFO] 2022-05-05 15:53:13,153: publishing ctrl
[rosout][INFO] 2022-05-05 15:53:13,177: publishing ctrl
[rosout][INFO] 2022-05-05 15:53:13,190: publishing ctrl
[rosout][INFO] 2022-05-05 15:53:13,212: publishing ctrl
[rosout][INFO] 2022-05-05 15:53:13,235: publishing ctrl
[rosout][INFO] 2022-05-05 15:53:13,257: publishing ctrl
[rosout][INFO] 2022-05-05 15:53:13,276: publishing ctrl
[rosout][INFO] 2022-05-05 15:53:13,293: publishing ctrl
[rosout][INFO] 2022-05-05 15:53:13,325: publishing ctrl
[rosout][INFO] 2022-05-05 15:53:13,346: publishing ctrl
[rosout][INFO] 2022-05-05 15:53:13,359: publishing ctrl
[rosout][INFO] 2022-05-05 15:53:13,381: publishing ctrl
[rosout][INFO] 2022-05-05 15:53:13,397: publishing ctrl
[rosout][INFO] 2022-05-05 15:53:13,435: publishing ctrl
[rosout][INFO] 2022-05-05 15:53:13,449: publishing ctrl
[rosout][INFO] 2022-05-05 15:53:13,479: publishing ctrl
[rosout][INFO] 2022-05-05 15:53:13,491: publishing ctrl
[rosout][INFO] 2022-05-05 15:53:13,526: publishing ctrl
[rosout][INFO] 2022-05-05 15:53:13,538: publishing ctrl
[rosout][INFO] 2022-05-05 15:53:13,565: publishing ctrl
[rosout][INFO] 2022-05-05 15:53:13,583: publishing ctrl
[rosout][INFO] 2022-05-05 15:53:13,601: publishing ctrl
[rosout][INFO] 2022-05-05 15:53:13,619: publishing ctrl
[rosout][INFO] 2022-05-05 15:53:13,641: publishing ctrl
[rosout][INFO] 2022-05-05 15:53:13,655: publishing ctrl
[rosout][INFO] 2022-05-05 15:53:13,675: publishing ctrl
[rosout][INFO] 2022-05-05 15:53:13,711: publishing ctrl
[rosout][INFO] 2022-05-05 15:53:13,730: publishing ctrl
[rosout][INFO] 2022-05-05 15:53:13,765: publishing ctrl
[rosout][INFO] 2022-05-05 15:53:13,780: publishing ctrl
[rosout][INFO] 2022-05-05 15:53:13,802: publishing ctrl
[rosout][INFO] 2022-05-05 15:53:13,820: publishing ctrl
[rosout][INFO] 2022-05-05 15:53:13,840: publishing ctrl
[rosout][INFO] 2022-05-05 15:53:13,867: publishing ctrl
[rosout][INFO] 2022-05-05 15:53:13,888: publishing ctrl
[rosout][INFO] 2022-05-05 15:53:13,913: publishing ctrl
[rosout][INFO] 2022-05-05 15:53:13,940: publishing ctrl
[rosout][INFO] 2022-05-05 15:53:13,971: publishing ctrl
[rosout][INFO] 2022-05-05 15:53:13,990: publishing ctrl
[rosout][INFO] 2022-05-05 15:53:14,012: publishing ctrl
[rosout][INFO] 2022-05-05 15:53:14,031: publishing ctrl
[rosout][INFO] 2022-05-05 15:53:14,058: publishing ctrl
[rosout][INFO] 2022-05-05 15:53:14,072: publishing ctrl
[rosout][INFO] 2022-05-05 15:53:14,107: publishing ctrl
[rosout][INFO] 2022-05-05 15:53:14,124: publishing ctrl
[rosout][INFO] 2022-05-05 15:53:14,151: publishing ctrl
[rosout][INFO] 2022-05-05 15:53:14,166: publishing ctrl
[rosout][INFO] 2022-05-05 15:53:14,200: publishing ctrl
[rosout][INFO] 2022-05-05 15:53:14,215: publishing ctrl
[rosout][INFO] 2022-05-05 15:53:14,224: publishing ctrl
[rosout][INFO] 2022-05-05 15:53:14,258: publishing ctrl
[rosout][INFO] 2022-05-05 15:53:14,274: publishing ctrl
[rosout][INFO] 2022-05-05 15:53:14,293: publishing ctrl
[rosout][INFO] 2022-05-05 15:53:14,306: publishing ctrl
[rosout][INFO] 2022-05-05 15:53:14,332: publishing ctrl
[rosout][INFO] 2022-05-05 15:53:14,350: publishing ctrl
[rosout][INFO] 2022-05-05 15:53:14,371: publishing ctrl
[rosout][INFO] 2022-05-05 15:53:14,400: publishing ctrl
[rosout][INFO] 2022-05-05 15:53:14,415: publishing ctrl
[rosout][INFO] 2022-05-05 15:53:14,437: publishing ctrl
[rosout][INFO] 2022-05-05 15:53:14,454: publishing ctrl
[rosout][INFO] 2022-05-05 15:53:14,486: publishing ctrl
[rosout][INFO] 2022-05-05 15:53:14,530: publishing ctrl
[rosout][INFO] 2022-05-05 15:53:14,559: publishing ctrl
[rosout][INFO] 2022-05-05 15:53:14,587: publishing ctrl
[rosout][INFO] 2022-05-05 15:53:14,601: publishing ctrl
[rosout][INFO] 2022-05-05 15:53:14,627: publishing ctrl
[rosout][INFO] 2022-05-05 15:53:14,649: publishing ctrl
[rosout][INFO] 2022-05-05 15:53:14,667: publishing ctrl
[rosout][INFO] 2022-05-05 15:53:14,681: publishing ctrl
[rosout][INFO] 2022-05-05 15:53:14,693: publishing ctrl
[rosout][INFO] 2022-05-05 15:53:14,724: publishing ctrl
[rosout][INFO] 2022-05-05 15:53:14,736: publishing ctrl
[rosout][INFO] 2022-05-05 15:53:14,763: publishing ctrl
[rosout][INFO] 2022-05-05 15:53:14,777: publishing ctrl
[rosout][INFO] 2022-05-05 15:53:14,797: publishing ctrl
[rosout][INFO] 2022-05-05 15:53:14,813: publishing ctrl
[rosout][INFO] 2022-05-05 15:53:14,853: publishing ctrl
[rosout][INFO] 2022-05-05 15:53:14,871: publishing ctrl
[rosout][INFO] 2022-05-05 15:53:14,886: publishing ctrl
[rosout][INFO] 2022-05-05 15:53:14,909: publishing ctrl
[rosout][INFO] 2022-05-05 15:53:14,923: publishing ctrl
[rosout][INFO] 2022-05-05 15:53:14,951: publishing ctrl
[rosout][INFO] 2022-05-05 15:53:14,974: publishing ctrl
[rosout][INFO] 2022-05-05 15:53:15,025: publishing ctrl
[rosout][INFO] 2022-05-05 15:53:15,075: publishing ctrl
[rosout][INFO] 2022-05-05 15:53:15,092: publishing ctrl
[rosout][INFO] 2022-05-05 15:53:15,114: publishing ctrl
[rosout][INFO] 2022-05-05 15:53:15,139: publishing ctrl
[rosout][INFO] 2022-05-05 15:53:15,160: publishing ctrl
[rosout][INFO] 2022-05-05 15:53:15,178: publishing ctrl
[rosout][INFO] 2022-05-05 15:53:15,199: publishing ctrl
[rosout][INFO] 2022-05-05 15:53:15,227: publishing ctrl
[rosout][INFO] 2022-05-05 15:53:15,249: publishing ctrl
[rosout][INFO] 2022-05-05 15:53:15,268: publishing ctrl
[rosout][INFO] 2022-05-05 15:53:15,290: publishing ctrl
[rosout][INFO] 2022-05-05 15:53:15,311: publishing ctrl
[rosout][INFO] 2022-05-05 15:53:15,329: publishing ctrl
[rosout][INFO] 2022-05-05 15:53:15,358: publishing ctrl
[rosout][INFO] 2022-05-05 15:53:15,382: publishing ctrl
[rosout][INFO] 2022-05-05 15:53:15,410: publishing ctrl
[rosout][INFO] 2022-05-05 15:53:15,431: publishing ctrl
[rosout][INFO] 2022-05-05 15:53:15,452: publishing ctrl
[rosout][INFO] 2022-05-05 15:53:15,465: publishing ctrl
[rosout][INFO] 2022-05-05 15:53:15,480: publishing ctrl
[rosout][INFO] 2022-05-05 15:53:15,501: publishing ctrl
[rosout][INFO] 2022-05-05 15:53:15,518: publishing ctrl
[rosout][INFO] 2022-05-05 15:53:15,536: publishing ctrl
[rosout][INFO] 2022-05-05 15:53:15,560: publishing ctrl
[rosout][INFO] 2022-05-05 15:53:15,579: publishing ctrl
[rosout][INFO] 2022-05-05 15:53:15,624: publishing ctrl
[rosout][INFO] 2022-05-05 15:53:15,642: publishing ctrl
[rosout][INFO] 2022-05-05 15:53:15,692: publishing ctrl
[rosout][INFO] 2022-05-05 15:53:15,736: publishing ctrl
[rosout][INFO] 2022-05-05 15:53:15,751: publishing ctrl
[rosout][INFO] 2022-05-05 15:53:15,768: publishing ctrl
[rosout][INFO] 2022-05-05 15:53:15,803: publishing ctrl
[rosout][INFO] 2022-05-05 15:53:15,816: publishing ctrl
[rosout][INFO] 2022-05-05 15:53:15,844: publishing ctrl
[rosout][INFO] 2022-05-05 15:53:15,862: publishing ctrl
[rosout][INFO] 2022-05-05 15:53:15,888: publishing ctrl
[rosout][INFO] 2022-05-05 15:53:15,923: publishing ctrl
[rosout][INFO] 2022-05-05 15:53:15,938: publishing ctrl
[rosout][INFO] 2022-05-05 15:53:15,961: publishing ctrl
[rosout][INFO] 2022-05-05 15:53:15,974: publishing ctrl
[rosout][INFO] 2022-05-05 15:53:15,995: publishing ctrl
[rosout][INFO] 2022-05-05 15:53:16,018: publishing ctrl
[rosout][INFO] 2022-05-05 15:53:16,049: publishing ctrl
[rosout][INFO] 2022-05-05 15:53:16,064: publishing ctrl
[rosout][INFO] 2022-05-05 15:53:16,075: publishing ctrl
[rosout][INFO] 2022-05-05 15:53:16,095: publishing ctrl
[rosout][INFO] 2022-05-05 15:53:16,126: publishing ctrl
[rosout][INFO] 2022-05-05 15:53:16,142: publishing ctrl
[rosout][INFO] 2022-05-05 15:53:16,160: publishing ctrl
[rosout][INFO] 2022-05-05 15:53:16,195: publishing ctrl
[rosout][INFO] 2022-05-05 15:53:16,211: publishing ctrl
[rosout][INFO] 2022-05-05 15:53:16,232: publishing ctrl
[rosout][INFO] 2022-05-05 15:53:16,258: publishing ctrl
[rosout][INFO] 2022-05-05 15:53:16,285: publishing ctrl
[rosout][INFO] 2022-05-05 15:53:16,308: publishing ctrl
[rosout][INFO] 2022-05-05 15:53:16,324: publishing ctrl
[rosout][INFO] 2022-05-05 15:53:16,344: publishing ctrl
[rosout][INFO] 2022-05-05 15:53:16,375: publishing ctrl
[rosout][INFO] 2022-05-05 15:53:16,391: publishing ctrl
[rosout][INFO] 2022-05-05 15:53:16,420: publishing ctrl
[rosout][INFO] 2022-05-05 15:53:16,452: publishing ctrl
[rosout][INFO] 2022-05-05 15:53:16,488: publishing ctrl
[rosout][INFO] 2022-05-05 15:53:16,503: publishing ctrl
[rosout][INFO] 2022-05-05 15:53:16,523: publishing ctrl
[rosout][INFO] 2022-05-05 15:53:16,561: publishing ctrl
[rosout][INFO] 2022-05-05 15:53:16,581: publishing ctrl
[rosout][INFO] 2022-05-05 15:53:16,603: publishing ctrl
[rosout][INFO] 2022-05-05 15:53:16,636: publishing ctrl
[rosout][INFO] 2022-05-05 15:53:16,655: publishing ctrl
[rosout][INFO] 2022-05-05 15:53:16,667: publishing ctrl
[rosout][INFO] 2022-05-05 15:53:16,689: publishing ctrl
[rosout][INFO] 2022-05-05 15:53:16,703: publishing ctrl
[rosout][INFO] 2022-05-05 15:53:16,721: publishing ctrl
[rosout][INFO] 2022-05-05 15:53:16,742: publishing ctrl
[rosout][INFO] 2022-05-05 15:53:16,762: publishing ctrl
[rosout][INFO] 2022-05-05 15:53:16,789: publishing ctrl
[rosout][INFO] 2022-05-05 15:53:16,805: publishing ctrl
[rosout][INFO] 2022-05-05 15:53:16,822: publishing ctrl
[rosout][INFO] 2022-05-05 15:53:16,847: publishing ctrl
[rosout][INFO] 2022-05-05 15:53:16,865: publishing ctrl
[rosout][INFO] 2022-05-05 15:53:16,889: publishing ctrl
[rosout][INFO] 2022-05-05 15:53:16,917: publishing ctrl
[rosout][INFO] 2022-05-05 15:53:16,941: publishing ctrl
[rosout][INFO] 2022-05-05 15:53:16,958: publishing ctrl
[rosout][INFO] 2022-05-05 15:53:16,992: publishing ctrl
[rosout][INFO] 2022-05-05 15:53:17,018: publishing ctrl
[rosout][INFO] 2022-05-05 15:53:17,046: publishing ctrl
[rosout][INFO] 2022-05-05 15:53:17,077: publishing ctrl
[rosout][INFO] 2022-05-05 15:53:17,097: publishing ctrl
[rosout][INFO] 2022-05-05 15:53:17,118: publishing ctrl
[rosout][INFO] 2022-05-05 15:53:17,134: publishing ctrl
[rosout][INFO] 2022-05-05 15:53:17,155: publishing ctrl
[rosout][INFO] 2022-05-05 15:53:17,177: publishing ctrl
[rosout][INFO] 2022-05-05 15:53:17,191: publishing ctrl
[rosout][INFO] 2022-05-05 15:53:17,205: publishing ctrl
[rosout][INFO] 2022-05-05 15:53:17,247: publishing ctrl
[rosout][INFO] 2022-05-05 15:53:17,278: publishing ctrl
[rosout][INFO] 2022-05-05 15:53:17,295: publishing ctrl
[rosout][INFO] 2022-05-05 15:53:17,314: publishing ctrl
[rosout][INFO] 2022-05-05 15:53:17,332: publishing ctrl
[rosout][INFO] 2022-05-05 15:53:17,351: publishing ctrl
[rosout][INFO] 2022-05-05 15:53:17,368: publishing ctrl
[rosout][INFO] 2022-05-05 15:53:17,397: publishing ctrl
[rosout][INFO] 2022-05-05 15:53:17,424: publishing ctrl
[rosout][INFO] 2022-05-05 15:53:17,450: publishing ctrl
[rosout][INFO] 2022-05-05 15:53:17,476: publishing ctrl
[rosout][INFO] 2022-05-05 15:53:17,499: publishing ctrl
[rosout][INFO] 2022-05-05 15:53:17,520: publishing ctrl
[rosout][INFO] 2022-05-05 15:53:17,552: publishing ctrl
[rosout][INFO] 2022-05-05 15:53:17,575: publishing ctrl
[rosout][INFO] 2022-05-05 15:53:17,596: publishing ctrl
[rosout][INFO] 2022-05-05 15:53:17,624: publishing ctrl
[rosout][INFO] 2022-05-05 15:53:17,648: publishing ctrl
[rosout][INFO] 2022-05-05 15:53:17,663: publishing ctrl
[rosout][INFO] 2022-05-05 15:53:17,687: publishing ctrl
[rosout][INFO] 2022-05-05 15:53:17,707: publishing ctrl
[rosout][INFO] 2022-05-05 15:53:17,725: publishing ctrl
[rosout][INFO] 2022-05-05 15:53:17,748: publishing ctrl
[rosout][INFO] 2022-05-05 15:53:17,763: publishing ctrl
[rosout][INFO] 2022-05-05 15:53:17,781: publishing ctrl
[rosout][INFO] 2022-05-05 15:53:17,800: publishing ctrl
[rosout][INFO] 2022-05-05 15:53:17,824: publishing ctrl
[rosout][INFO] 2022-05-05 15:53:17,858: publishing ctrl
[rosout][INFO] 2022-05-05 15:53:17,888: publishing ctrl
[rosout][INFO] 2022-05-05 15:53:17,929: publishing ctrl
[rosout][INFO] 2022-05-05 15:53:17,954: publishing ctrl
[rosout][INFO] 2022-05-05 15:53:17,977: publishing ctrl
[rosout][INFO] 2022-05-05 15:53:17,996: publishing ctrl
[rosout][INFO] 2022-05-05 15:53:18,019: publishing ctrl
[rosout][INFO] 2022-05-05 15:53:18,036: publishing ctrl
[rosout][INFO] 2022-05-05 15:53:18,073: publishing ctrl
[rosout][INFO] 2022-05-05 15:53:18,096: publishing ctrl
[rosout][INFO] 2022-05-05 15:53:18,109: publishing ctrl
[rosout][INFO] 2022-05-05 15:53:18,128: publishing ctrl
[rosout][INFO] 2022-05-05 15:53:18,140: publishing ctrl
[rosout][INFO] 2022-05-05 15:53:18,175: publishing ctrl
[rosout][INFO] 2022-05-05 15:53:18,190: publishing ctrl
[rosout][INFO] 2022-05-05 15:53:18,203: publishing ctrl
[rosout][INFO] 2022-05-05 15:53:18,220: publishing ctrl
[rosout][INFO] 2022-05-05 15:53:18,254: publishing ctrl
[rosout][INFO] 2022-05-05 15:53:18,267: publishing ctrl
[rosout][INFO] 2022-05-05 15:53:18,280: publishing ctrl
[rosout][INFO] 2022-05-05 15:53:18,314: publishing ctrl
[rosout][INFO] 2022-05-05 15:53:18,339: publishing ctrl
[rosout][INFO] 2022-05-05 15:53:18,364: publishing ctrl
[rosout][INFO] 2022-05-05 15:53:18,383: publishing ctrl
[rosout][INFO] 2022-05-05 15:53:18,401: publishing ctrl
[rosout][INFO] 2022-05-05 15:53:18,424: publishing ctrl
[rosout][INFO] 2022-05-05 15:53:18,444: publishing ctrl
[rosout][INFO] 2022-05-05 15:53:18,463: publishing ctrl
[rosout][INFO] 2022-05-05 15:53:18,480: publishing ctrl
[rosout][INFO] 2022-05-05 15:53:18,496: publishing ctrl
[rosout][INFO] 2022-05-05 15:53:18,514: publishing ctrl
[rosout][INFO] 2022-05-05 15:53:18,538: publishing ctrl
[rosout][INFO] 2022-05-05 15:53:18,551: publishing ctrl
[rosout][INFO] 2022-05-05 15:53:18,571: publishing ctrl
[rosout][INFO] 2022-05-05 15:53:18,591: publishing ctrl
[rosout][INFO] 2022-05-05 15:53:18,607: publishing ctrl
[rosout][INFO] 2022-05-05 15:53:18,641: publishing ctrl
[rosout][INFO] 2022-05-05 15:53:18,656: publishing ctrl
[rosout][INFO] 2022-05-05 15:53:18,674: publishing ctrl
[rosout][INFO] 2022-05-05 15:53:18,696: publishing ctrl
[rosout][INFO] 2022-05-05 15:53:18,724: publishing ctrl
[rosout][INFO] 2022-05-05 15:53:18,744: publishing ctrl
[rosout][INFO] 2022-05-05 15:53:18,778: publishing ctrl
[rosout][INFO] 2022-05-05 15:53:18,797: publishing ctrl
[rosout][INFO] 2022-05-05 15:53:18,827: publishing ctrl
[rosout][INFO] 2022-05-05 15:53:18,837: publishing ctrl
[rosout][INFO] 2022-05-05 15:53:18,857: publishing ctrl
[rosout][INFO] 2022-05-05 15:53:18,877: publishing ctrl
[rosout][INFO] 2022-05-05 15:53:18,898: publishing ctrl
[rosout][INFO] 2022-05-05 15:53:18,922: publishing ctrl
[rosout][INFO] 2022-05-05 15:53:18,944: publishing ctrl
[rosout][INFO] 2022-05-05 15:53:18,967: publishing ctrl
[rosout][INFO] 2022-05-05 15:53:18,982: publishing ctrl
[rosout][INFO] 2022-05-05 15:53:19,016: publishing ctrl
[rosout][INFO] 2022-05-05 15:53:19,042: publishing ctrl
[rosout][INFO] 2022-05-05 15:53:19,051: publishing ctrl
[rosout][INFO] 2022-05-05 15:53:19,060: publishing ctrl
[rosout][INFO] 2022-05-05 15:53:19,078: publishing ctrl
[rosout][INFO] 2022-05-05 15:53:19,103: publishing ctrl
[rosout][INFO] 2022-05-05 15:53:19,117: publishing ctrl
[rosout][INFO] 2022-05-05 15:53:19,139: publishing ctrl
[rosout][INFO] 2022-05-05 15:53:19,157: publishing ctrl
[rosout][INFO] 2022-05-05 15:53:19,180: publishing ctrl
[rosout][INFO] 2022-05-05 15:53:19,201: publishing ctrl
[rosout][INFO] 2022-05-05 15:53:19,221: publishing ctrl
[rosout][INFO] 2022-05-05 15:53:19,242: publishing ctrl
[rosout][INFO] 2022-05-05 15:53:19,258: publishing ctrl
[rosout][INFO] 2022-05-05 15:53:19,276: publishing ctrl
[rosout][INFO] 2022-05-05 15:53:19,297: publishing ctrl
[rosout][INFO] 2022-05-05 15:53:19,323: publishing ctrl
[rosout][INFO] 2022-05-05 15:53:19,339: publishing ctrl
[rosout][INFO] 2022-05-05 15:53:19,373: publishing ctrl
[rosout][INFO] 2022-05-05 15:53:19,394: publishing ctrl
[rosout][INFO] 2022-05-05 15:53:19,413: publishing ctrl
[rosout][INFO] 2022-05-05 15:53:19,427: publishing ctrl
[rosout][INFO] 2022-05-05 15:53:19,444: publishing ctrl
[rosout][INFO] 2022-05-05 15:53:19,459: publishing ctrl
[rosout][INFO] 2022-05-05 15:53:19,481: publishing ctrl
[rosout][INFO] 2022-05-05 15:53:19,511: publishing ctrl
[rosout][INFO] 2022-05-05 15:53:19,526: publishing ctrl
[rosout][INFO] 2022-05-05 15:53:19,542: publishing ctrl
[rosout][INFO] 2022-05-05 15:53:19,558: publishing ctrl
[rosout][INFO] 2022-05-05 15:53:19,581: publishing ctrl
[rosout][INFO] 2022-05-05 15:53:19,617: publishing ctrl
[rosout][INFO] 2022-05-05 15:53:19,653: publishing ctrl
[rosout][INFO] 2022-05-05 15:53:19,681: publishing ctrl
[rosout][INFO] 2022-05-05 15:53:19,703: publishing ctrl
[rosout][INFO] 2022-05-05 15:53:19,724: publishing ctrl
[rosout][INFO] 2022-05-05 15:53:19,744: publishing ctrl
[rosout][INFO] 2022-05-05 15:53:19,765: publishing ctrl
[rosout][INFO] 2022-05-05 15:53:19,793: publishing ctrl
[rosout][INFO] 2022-05-05 15:53:19,814: publishing ctrl
[rosout][INFO] 2022-05-05 15:53:19,841: publishing ctrl
[rosout][INFO] 2022-05-05 15:53:19,863: publishing ctrl
[rosout][INFO] 2022-05-05 15:53:19,892: publishing ctrl
[rosout][INFO] 2022-05-05 15:53:19,909: publishing ctrl
[rosout][INFO] 2022-05-05 15:53:19,930: publishing ctrl
[rosout][INFO] 2022-05-05 15:53:19,948: publishing ctrl
[rosout][INFO] 2022-05-05 15:53:19,960: publishing ctrl
[rosout][INFO] 2022-05-05 15:53:19,985: publishing ctrl
[rosout][INFO] 2022-05-05 15:53:20,005: publishing ctrl
[rosout][INFO] 2022-05-05 15:53:20,040: publishing ctrl
[rosout][INFO] 2022-05-05 15:53:20,055: publishing ctrl
[rosout][INFO] 2022-05-05 15:53:20,071: publishing ctrl
[rosout][INFO] 2022-05-05 15:53:20,089: publishing ctrl
[rosout][INFO] 2022-05-05 15:53:20,110: publishing ctrl
[rosout][INFO] 2022-05-05 15:53:20,127: publishing ctrl
[rosout][INFO] 2022-05-05 15:53:20,152: publishing ctrl
[rosout][INFO] 2022-05-05 15:53:20,167: publishing ctrl
[rosout][INFO] 2022-05-05 15:53:20,189: publishing ctrl
[rosout][INFO] 2022-05-05 15:53:20,209: publishing ctrl
[rosout][INFO] 2022-05-05 15:53:20,236: publishing ctrl
[rosout][INFO] 2022-05-05 15:53:20,274: publishing ctrl
[rosout][INFO] 2022-05-05 15:53:20,304: publishing ctrl
[rosout][INFO] 2022-05-05 15:53:20,325: publishing ctrl
[rosout][INFO] 2022-05-05 15:53:20,363: publishing ctrl
[rosout][INFO] 2022-05-05 15:53:20,404: publishing ctrl
[rosout][INFO] 2022-05-05 15:53:20,428: publishing ctrl
[rosout][INFO] 2022-05-05 15:53:20,449: publishing ctrl
[rosout][INFO] 2022-05-05 15:53:20,469: publishing ctrl
[rosout][INFO] 2022-05-05 15:53:20,502: publishing ctrl
[rosout][INFO] 2022-05-05 15:53:20,521: publishing ctrl
[rosout][INFO] 2022-05-05 15:53:20,545: publishing ctrl
[rosout][INFO] 2022-05-05 15:53:20,564: publishing ctrl
[rosout][INFO] 2022-05-05 15:53:20,584: publishing ctrl
[rosout][INFO] 2022-05-05 15:53:20,598: publishing ctrl
[rosout][INFO] 2022-05-05 15:53:20,615: publishing ctrl
[rosout][INFO] 2022-05-05 15:53:20,655: publishing ctrl
[rosout][INFO] 2022-05-05 15:53:20,678: publishing ctrl
[rosout][INFO] 2022-05-05 15:53:20,690: publishing ctrl
[rosout][INFO] 2022-05-05 15:53:20,709: publishing ctrl
[rosout][INFO] 2022-05-05 15:53:20,727: publishing ctrl
[rosout][INFO] 2022-05-05 15:53:20,745: publishing ctrl
[rosout][INFO] 2022-05-05 15:53:20,764: publishing ctrl
[rosout][INFO] 2022-05-05 15:53:20,791: publishing ctrl
[rosout][INFO] 2022-05-05 15:53:20,805: publishing ctrl
[rosout][INFO] 2022-05-05 15:53:20,817: publishing ctrl
[rosout][INFO] 2022-05-05 15:53:20,826: publishing ctrl
[rosout][INFO] 2022-05-05 15:53:20,854: publishing ctrl
[rosout][INFO] 2022-05-05 15:53:20,901: publishing ctrl
[rosout][INFO] 2022-05-05 15:53:20,920: publishing ctrl
[rosout][INFO] 2022-05-05 15:53:20,933: publishing ctrl
[rosout][INFO] 2022-05-05 15:53:20,954: publishing ctrl
[rosout][INFO] 2022-05-05 15:53:20,968: publishing ctrl
[rosout][INFO] 2022-05-05 15:53:20,995: publishing ctrl
[rosout][INFO] 2022-05-05 15:53:21,023: publishing ctrl
[rosout][INFO] 2022-05-05 15:53:21,042: publishing ctrl
[rosout][INFO] 2022-05-05 15:53:21,071: publishing ctrl
[rosout][INFO] 2022-05-05 15:53:21,100: publishing ctrl
[rosout][INFO] 2022-05-05 15:53:21,117: publishing ctrl
[rosout][INFO] 2022-05-05 15:53:21,142: publishing ctrl
[rosout][INFO] 2022-05-05 15:53:21,185: publishing ctrl
[rosout][INFO] 2022-05-05 15:53:21,200: publishing ctrl
[rosout][INFO] 2022-05-05 15:53:21,229: publishing ctrl
[rosout][INFO] 2022-05-05 15:53:21,243: publishing ctrl
[rosout][INFO] 2022-05-05 15:53:21,256: publishing ctrl
[rosout][INFO] 2022-05-05 15:53:21,276: publishing ctrl
[rosout][INFO] 2022-05-05 15:53:21,290: publishing ctrl
[rosout][INFO] 2022-05-05 15:53:21,313: publishing ctrl
[rosout][INFO] 2022-05-05 15:53:21,328: publishing ctrl
[rosout][INFO] 2022-05-05 15:53:21,362: publishing ctrl
[rosout][INFO] 2022-05-05 15:53:21,384: publishing ctrl
[rosout][INFO] 2022-05-05 15:53:21,411: publishing ctrl
[rosout][INFO] 2022-05-05 15:53:21,432: publishing ctrl
[rosout][INFO] 2022-05-05 15:53:21,468: publishing ctrl
[rosout][INFO] 2022-05-05 15:53:21,498: publishing ctrl
[rosout][INFO] 2022-05-05 15:53:21,512: publishing ctrl
[rosout][INFO] 2022-05-05 15:53:21,540: publishing ctrl
[rosout][INFO] 2022-05-05 15:53:21,565: publishing ctrl
[rosout][INFO] 2022-05-05 15:53:21,587: publishing ctrl
[rosout][INFO] 2022-05-05 15:53:21,608: publishing ctrl
[rosout][INFO] 2022-05-05 15:53:21,630: publishing ctrl
[rosout][INFO] 2022-05-05 15:53:21,658: publishing ctrl
[rosout][INFO] 2022-05-05 15:53:21,680: publishing ctrl
[rosout][INFO] 2022-05-05 15:53:21,699: publishing ctrl
[rosout][INFO] 2022-05-05 15:53:21,719: publishing ctrl
[rosout][INFO] 2022-05-05 15:53:21,739: publishing ctrl
[rosout][INFO] 2022-05-05 15:53:21,759: publishing ctrl
[rosout][INFO] 2022-05-05 15:53:21,785: publishing ctrl
[rosout][INFO] 2022-05-05 15:53:21,799: publishing ctrl
[rosout][INFO] 2022-05-05 15:53:21,819: publishing ctrl
[rosout][INFO] 2022-05-05 15:53:21,844: publishing ctrl
[rosout][INFO] 2022-05-05 15:53:21,872: publishing ctrl
[rosout][INFO] 2022-05-05 15:53:21,890: publishing ctrl
[rosout][INFO] 2022-05-05 15:53:21,908: publishing ctrl
[rosout][INFO] 2022-05-05 15:53:21,931: publishing ctrl
[rosout][INFO] 2022-05-05 15:53:21,951: publishing ctrl
[rosout][INFO] 2022-05-05 15:53:21,974: publishing ctrl
[rosout][INFO] 2022-05-05 15:53:21,987: publishing ctrl
[rosout][INFO] 2022-05-05 15:53:21,999: publishing ctrl
[rosout][INFO] 2022-05-05 15:53:22,022: publishing ctrl
[rosout][INFO] 2022-05-05 15:53:22,046: publishing ctrl
[rosout][INFO] 2022-05-05 15:53:22,060: publishing ctrl
[rosout][INFO] 2022-05-05 15:53:22,084: publishing ctrl
[rosout][INFO] 2022-05-05 15:53:22,102: publishing ctrl
[rosout][INFO] 2022-05-05 15:53:22,120: publishing ctrl
[rosout][INFO] 2022-05-05 15:53:22,140: publishing ctrl
[rosout][INFO] 2022-05-05 15:53:22,161: publishing ctrl
[rosout][INFO] 2022-05-05 15:53:22,202: publishing ctrl
[rosout][INFO] 2022-05-05 15:53:22,220: publishing ctrl
[rosout][INFO] 2022-05-05 15:53:22,239: publishing ctrl
[rosout][INFO] 2022-05-05 15:53:22,250: publishing ctrl
[rosout][INFO] 2022-05-05 15:53:22,260: publishing ctrl
[rosout][INFO] 2022-05-05 15:53:22,298: publishing ctrl
[rosout][INFO] 2022-05-05 15:53:22,319: publishing ctrl
[rosout][INFO] 2022-05-05 15:53:22,330: publishing ctrl
[rosout][INFO] 2022-05-05 15:53:22,362: publishing ctrl
[rosout][INFO] 2022-05-05 15:53:22,375: publishing ctrl
[rosout][INFO] 2022-05-05 15:53:22,405: publishing ctrl
[rosout][INFO] 2022-05-05 15:53:22,422: publishing ctrl
[rosout][INFO] 2022-05-05 15:53:22,442: publishing ctrl
[rosout][INFO] 2022-05-05 15:53:22,463: publishing ctrl
[rosout][INFO] 2022-05-05 15:53:22,477: publishing ctrl
[rosout][INFO] 2022-05-05 15:53:22,498: publishing ctrl
[rosout][INFO] 2022-05-05 15:53:22,522: publishing ctrl
[rosout][INFO] 2022-05-05 15:53:22,532: publishing ctrl
[rosout][INFO] 2022-05-05 15:53:22,554: publishing ctrl
[rosout][INFO] 2022-05-05 15:53:22,574: publishing ctrl
[rosout][INFO] 2022-05-05 15:53:22,590: publishing ctrl
[rosout][INFO] 2022-05-05 15:53:22,619: publishing ctrl
[rosout][INFO] 2022-05-05 15:53:22,628: publishing ctrl
[rosout][INFO] 2022-05-05 15:53:22,658: publishing ctrl
[rosout][INFO] 2022-05-05 15:53:22,676: publishing ctrl
[rosout][INFO] 2022-05-05 15:53:22,701: publishing ctrl
[rosout][INFO] 2022-05-05 15:53:22,710: publishing ctrl
[rosout][INFO] 2022-05-05 15:53:22,725: publishing ctrl
[rosout][INFO] 2022-05-05 15:53:22,740: publishing ctrl
[rosout][INFO] 2022-05-05 15:53:22,758: publishing ctrl
[rosout][INFO] 2022-05-05 15:53:22,782: publishing ctrl
[rosout][INFO] 2022-05-05 15:53:22,801: publishing ctrl
[rosout][INFO] 2022-05-05 15:53:22,839: publishing ctrl
[rosout][INFO] 2022-05-05 15:53:22,866: publishing ctrl
[rosout][INFO] 2022-05-05 15:53:22,883: publishing ctrl
[rosout][INFO] 2022-05-05 15:53:22,898: publishing ctrl
[rosout][INFO] 2022-05-05 15:53:22,912: publishing ctrl
[rosout][INFO] 2022-05-05 15:53:22,924: publishing ctrl
[rosout][INFO] 2022-05-05 15:53:22,940: publishing ctrl
[rosout][INFO] 2022-05-05 15:53:22,960: publishing ctrl
[rosout][INFO] 2022-05-05 15:53:22,979: publishing ctrl
[rosout][INFO] 2022-05-05 15:53:23,007: publishing ctrl
[rosout][INFO] 2022-05-05 15:53:23,024: publishing ctrl
[rosout][INFO] 2022-05-05 15:53:23,053: publishing ctrl
[rosout][INFO] 2022-05-05 15:53:23,063: publishing ctrl
[rosout][INFO] 2022-05-05 15:53:23,079: publishing ctrl
[rosout][INFO] 2022-05-05 15:53:23,099: publishing ctrl
[rosout][INFO] 2022-05-05 15:53:23,123: publishing ctrl
[rosout][INFO] 2022-05-05 15:53:23,152: publishing ctrl
[rosout][INFO] 2022-05-05 15:53:23,176: publishing ctrl
[rosout][INFO] 2022-05-05 15:53:23,183: publishing ctrl
[rosout][INFO] 2022-05-05 15:53:23,206: publishing ctrl
[rosout][INFO] 2022-05-05 15:53:23,234: publishing ctrl
[rosout][INFO] 2022-05-05 15:53:23,256: publishing ctrl
[rosout][INFO] 2022-05-05 15:53:23,270: publishing ctrl
[rosout][INFO] 2022-05-05 15:53:23,311: publishing ctrl
[rosout][INFO] 2022-05-05 15:53:23,325: publishing ctrl
[rosout][INFO] 2022-05-05 15:53:23,340: publishing ctrl
[rosout][INFO] 2022-05-05 15:53:23,367: publishing ctrl
[rosout][INFO] 2022-05-05 15:53:23,391: publishing ctrl
[rosout][INFO] 2022-05-05 15:53:23,407: publishing ctrl
[rosout][INFO] 2022-05-05 15:53:23,431: publishing ctrl
[rosout][INFO] 2022-05-05 15:53:23,444: publishing ctrl
[rosout][INFO] 2022-05-05 15:53:23,463: publishing ctrl
[rosout][INFO] 2022-05-05 15:53:23,476: publishing ctrl
[rosout][INFO] 2022-05-05 15:53:23,487: publishing ctrl
[rosout][INFO] 2022-05-05 15:53:23,513: publishing ctrl
[rosout][INFO] 2022-05-05 15:53:23,532: publishing ctrl
[rosout][INFO] 2022-05-05 15:53:23,568: publishing ctrl
[rosout][INFO] 2022-05-05 15:53:23,580: publishing ctrl
[rosout][INFO] 2022-05-05 15:53:23,617: publishing ctrl
[rosout][INFO] 2022-05-05 15:53:23,631: publishing ctrl
[rosout][INFO] 2022-05-05 15:53:23,661: publishing ctrl
[rosout][INFO] 2022-05-05 15:53:23,691: publishing ctrl
[rosout][INFO] 2022-05-05 15:53:23,720: publishing ctrl
[rosout][INFO] 2022-05-05 15:53:23,736: publishing ctrl
[rosout][INFO] 2022-05-05 15:53:23,762: publishing ctrl
[rosout][INFO] 2022-05-05 15:53:23,780: publishing ctrl
[rosout][INFO] 2022-05-05 15:53:23,799: publishing ctrl
[rosout][INFO] 2022-05-05 15:53:23,826: publishing ctrl
[rosout][INFO] 2022-05-05 15:53:23,855: publishing ctrl
[rosout][INFO] 2022-05-05 15:53:23,879: publishing ctrl
[rosout][INFO] 2022-05-05 15:53:23,896: publishing ctrl
[rosout][INFO] 2022-05-05 15:53:23,904: publishing ctrl
[rosout][INFO] 2022-05-05 15:53:23,919: publishing ctrl
[rosout][INFO] 2022-05-05 15:53:23,933: publishing ctrl
[rosout][INFO] 2022-05-05 15:53:23,947: publishing ctrl
[rosout][INFO] 2022-05-05 15:53:23,968: publishing ctrl
[rosout][INFO] 2022-05-05 15:53:23,980: publishing ctrl
[rosout][INFO] 2022-05-05 15:53:24,006: publishing ctrl
[rosout][INFO] 2022-05-05 15:53:24,023: publishing ctrl
[rosout][INFO] 2022-05-05 15:53:24,042: publishing ctrl
[rosout][INFO] 2022-05-05 15:53:24,061: publishing ctrl
[rosout][INFO] 2022-05-05 15:53:24,081: publishing ctrl
[rosout][INFO] 2022-05-05 15:53:24,111: publishing ctrl
[rosout][INFO] 2022-05-05 15:53:24,120: publishing ctrl
[rosout][INFO] 2022-05-05 15:53:24,141: publishing ctrl
[rosout][INFO] 2022-05-05 15:53:24,161: publishing ctrl
[rosout][INFO] 2022-05-05 15:53:24,184: publishing ctrl
[rosout][INFO] 2022-05-05 15:53:24,200: publishing ctrl
[rosout][INFO] 2022-05-05 15:53:24,226: publishing ctrl
[rosout][INFO] 2022-05-05 15:53:24,255: publishing ctrl
[rosout][INFO] 2022-05-05 15:53:24,280: publishing ctrl
[rosout][INFO] 2022-05-05 15:53:24,308: publishing ctrl
[rosout][INFO] 2022-05-05 15:53:24,337: publishing ctrl
[rosout][INFO] 2022-05-05 15:53:24,376: publishing ctrl
[rosout][INFO] 2022-05-05 15:53:24,409: publishing ctrl
[rosout][INFO] 2022-05-05 15:53:24,428: publishing ctrl
[rosout][INFO] 2022-05-05 15:53:24,467: publishing ctrl
[rosout][INFO] 2022-05-05 15:53:24,499: publishing ctrl
[rosout][INFO] 2022-05-05 15:53:24,529: publishing ctrl
[rosout][INFO] 2022-05-05 15:53:24,556: publishing ctrl
[rosout][INFO] 2022-05-05 15:53:24,581: publishing ctrl
[rosout][INFO] 2022-05-05 15:53:24,594: publishing ctrl
[rosout][INFO] 2022-05-05 15:53:24,615: publishing ctrl
[rosout][INFO] 2022-05-05 15:53:24,631: publishing ctrl
[rosout][INFO] 2022-05-05 15:53:24,665: publishing ctrl
[rosout][INFO] 2022-05-05 15:53:24,688: publishing ctrl
[rosout][INFO] 2022-05-05 15:53:24,720: publishing ctrl
[rosout][INFO] 2022-05-05 15:53:24,732: publishing ctrl
[rosout][INFO] 2022-05-05 15:53:24,753: publishing ctrl
[rosout][INFO] 2022-05-05 15:53:24,792: publishing ctrl
[rosout][INFO] 2022-05-05 15:53:24,815: publishing ctrl
[rosout][INFO] 2022-05-05 15:53:24,833: publishing ctrl
[rosout][INFO] 2022-05-05 15:53:24,856: publishing ctrl
[rosout][INFO] 2022-05-05 15:53:24,881: publishing ctrl
[rosout][INFO] 2022-05-05 15:53:24,897: publishing ctrl
[rosout][INFO] 2022-05-05 15:53:24,925: publishing ctrl
[rosout][INFO] 2022-05-05 15:53:24,947: publishing ctrl
[rosout][INFO] 2022-05-05 15:53:24,964: publishing ctrl
[rosout][INFO] 2022-05-05 15:53:25,003: publishing ctrl
[rosout][INFO] 2022-05-05 15:53:25,019: publishing ctrl
[rosout][INFO] 2022-05-05 15:53:25,040: publishing ctrl
[rosout][INFO] 2022-05-05 15:53:25,063: publishing ctrl
[rosout][INFO] 2022-05-05 15:53:25,080: publishing ctrl
[rosout][INFO] 2022-05-05 15:53:25,101: publishing ctrl
[rosout][INFO] 2022-05-05 15:53:25,112: publishing ctrl
[rosout][INFO] 2022-05-05 15:53:25,139: publishing ctrl
[rosout][INFO] 2022-05-05 15:53:25,177: publishing ctrl
[rosout][INFO] 2022-05-05 15:53:25,200: publishing ctrl
[rosout][INFO] 2022-05-05 15:53:25,229: publishing ctrl
[rosout][INFO] 2022-05-05 15:53:25,247: publishing ctrl
[rosout][INFO] 2022-05-05 15:53:25,266: publishing ctrl
[rosout][INFO] 2022-05-05 15:53:25,290: publishing ctrl
[rosout][INFO] 2022-05-05 15:53:25,307: publishing ctrl
[rosout][INFO] 2022-05-05 15:53:25,342: publishing ctrl
[rosout][INFO] 2022-05-05 15:53:25,362: publishing ctrl
[rosout][INFO] 2022-05-05 15:53:25,395: publishing ctrl
[rosout][INFO] 2022-05-05 15:53:25,407: publishing ctrl
[rosout][INFO] 2022-05-05 15:53:25,422: publishing ctrl
[rosout][INFO] 2022-05-05 15:53:25,448: publishing ctrl
[rosout][INFO] 2022-05-05 15:53:25,466: publishing ctrl
[rosout][INFO] 2022-05-05 15:53:25,488: publishing ctrl
[rosout][INFO] 2022-05-05 15:53:25,515: publishing ctrl
[rosout][INFO] 2022-05-05 15:53:25,532: publishing ctrl
[rosout][INFO] 2022-05-05 15:53:25,590: publishing ctrl
[rosout][INFO] 2022-05-05 15:53:25,606: publishing ctrl
[rosout][INFO] 2022-05-05 15:53:25,623: publishing ctrl
[rosout][INFO] 2022-05-05 15:53:25,640: publishing ctrl
[rosout][INFO] 2022-05-05 15:53:25,657: publishing ctrl
[rosout][INFO] 2022-05-05 15:53:25,676: publishing ctrl
[rosout][INFO] 2022-05-05 15:53:25,701: publishing ctrl
[rosout][INFO] 2022-05-05 15:53:25,720: publishing ctrl
[rosout][INFO] 2022-05-05 15:53:25,732: publishing ctrl
[rosout][INFO] 2022-05-05 15:53:25,755: publishing ctrl
[rosout][INFO] 2022-05-05 15:53:25,763: publishing ctrl
[rosout][INFO] 2022-05-05 15:53:25,782: publishing ctrl
[rosout][INFO] 2022-05-05 15:53:25,811: publishing ctrl
[rosout][INFO] 2022-05-05 15:53:25,828: publishing ctrl
[rosout][INFO] 2022-05-05 15:53:25,850: publishing ctrl
[rosout][INFO] 2022-05-05 15:53:25,876: publishing ctrl
[rosout][INFO] 2022-05-05 15:53:25,897: publishing ctrl
[rosout][INFO] 2022-05-05 15:53:25,909: publishing ctrl
[rosout][INFO] 2022-05-05 15:53:25,924: publishing ctrl
[rosout][INFO] 2022-05-05 15:53:25,943: publishing ctrl
[rosout][INFO] 2022-05-05 15:53:25,966: publishing ctrl
[rosout][INFO] 2022-05-05 15:53:25,983: publishing ctrl
[rosout][INFO] 2022-05-05 15:53:26,009: publishing ctrl
[rosout][INFO] 2022-05-05 15:53:26,036: publishing ctrl
[rosout][INFO] 2022-05-05 15:53:26,046: publishing ctrl
[rosout][INFO] 2022-05-05 15:53:26,074: publishing ctrl
[rosout][INFO] 2022-05-05 15:53:26,122: publishing ctrl
[rosout][INFO] 2022-05-05 15:53:26,151: publishing ctrl
[rosout][INFO] 2022-05-05 15:53:26,170: publishing ctrl
[rosout][INFO] 2022-05-05 15:53:26,193: publishing ctrl
[rosout][INFO] 2022-05-05 15:53:26,208: publishing ctrl
[rosout][INFO] 2022-05-05 15:53:26,230: publishing ctrl
[rosout][INFO] 2022-05-05 15:53:26,250: publishing ctrl
[rosout][INFO] 2022-05-05 15:53:26,272: publishing ctrl
[rosout][INFO] 2022-05-05 15:53:26,297: publishing ctrl
[rosout][INFO] 2022-05-05 15:53:26,315: publishing ctrl
[rosout][INFO] 2022-05-05 15:53:26,349: publishing ctrl
[rosout][INFO] 2022-05-05 15:53:26,372: publishing ctrl
[rosout][INFO] 2022-05-05 15:53:26,390: publishing ctrl
[rosout][INFO] 2022-05-05 15:53:26,424: publishing ctrl
[rosout][INFO] 2022-05-05 15:53:26,443: publishing ctrl
[rosout][INFO] 2022-05-05 15:53:26,473: publishing ctrl
[rosout][INFO] 2022-05-05 15:53:26,492: publishing ctrl
[rosout][INFO] 2022-05-05 15:53:26,515: publishing ctrl
[rosout][INFO] 2022-05-05 15:53:26,532: publishing ctrl
[rosout][INFO] 2022-05-05 15:53:26,559: publishing ctrl
[rosout][INFO] 2022-05-05 15:53:26,576: publishing ctrl
[rosout][INFO] 2022-05-05 15:53:26,623: publishing ctrl
[rosout][INFO] 2022-05-05 15:53:26,660: publishing ctrl
[rospy.core][INFO] 2022-05-05 15:53:26,693: signal_shutdown [signal-2]
[rosout][INFO] 2022-05-05 15:53:26,695: publishing ctrl
[rospy.internal][INFO] 2022-05-05 15:53:26,752: topic[/car/mux/ackermann_cmd_mux/input/navigation] removing connection to /car/mux/nodelet_manager
[rospy.internal][INFO] 2022-05-05 15:53:26,755: topic[/rosout] removing connection to /rosout
[rospy.impl.masterslave][INFO] 2022-05-05 15:53:26,761: signal-2
[rosout][INFO] 2022-05-05 15:53:26,749: publishing ctrl
[rospy.core][INFO] 2022-05-05 15:53:27,340: signal_shutdown [atexit]
