[0m[ INFO] [1651785185.890229628]: Loading nodelet /car/mux/ackermann_cmd_mux of type ackermann_cmd_mux/AckermannCmdMuxNodelet to manager nodelet_manager with the following remappings:[0m
[0m[ INFO] [1651785186.170096190]: waitForService: Service [/car/mux/nodelet_manager/load_nodelet] has not been advertised, waiting...[0m
[0m[ INFO] [1651785186.301934524]: waitForService: Service [/car/mux/nodelet_manager/load_nodelet] is now available.[0m
[0m[ INFO] [1651785200.631712956]: Unloading nodelet /car/mux/ackermann_cmd_mux from manager nodelet_manager[0m
[0m[ INFO] [1651785313.155574163]: Loading nodelet /car/mux/ackermann_cmd_mux of type ackermann_cmd_mux/AckermannCmdMuxNodelet to manager nodelet_manager with the following remappings:[0m
[0m[ INFO] [1651785313.333210517]: waitForService: Service [/car/mux/nodelet_manager/load_nodelet] has not been advertised, waiting...[0m
[0m[ INFO] [1651785313.522469475]: waitForService: Service [/car/mux/nodelet_manager/load_nodelet] is now available.[0m
[0m[ INFO] [1651785518.005216272]: Unloading nodelet /car/mux/ackermann_cmd_mux from manager nodelet_manager[0m
[0m[ INFO] [1651785541.785954753]: Loading nodelet /car/mux/ackermann_cmd_mux of type ackermann_cmd_mux/AckermannCmdMuxNodelet to manager nodelet_manager with the following remappings:[0m
[0m[ INFO] [1651785542.031175586]: waitForService: Service [/car/mux/nodelet_manager/load_nodelet] has not been advertised, waiting...[0m
[0m[ INFO] [1651785542.147017669]: waitForService: Service [/car/mux/nodelet_manager/load_nodelet] is now available.[0m
[0m[ INFO] [1651785550.822604905]: Unloading nodelet /car/mux/ackermann_cmd_mux from manager nodelet_manager[0m
[0m[ INFO] [1651785623.892742534]: Loading nodelet /car/mux/ackermann_cmd_mux of type ackermann_cmd_mux/AckermannCmdMuxNodelet to manager nodelet_manager with the following remappings:[0m
[0m[ INFO] [1651785624.175416596]: waitForService: Service [/car/mux/nodelet_manager/load_nodelet] has not been advertised, waiting...[0m
[0m[ INFO] [1651785624.285889565]: waitForService: Service [/car/mux/nodelet_manager/load_nodelet] is now available.[0m
[0m[ INFO] [1651785632.150377843]: Unloading nodelet /car/mux/ackermann_cmd_mux from manager nodelet_manager[0m
[0m[ INFO] [1651785790.948940751]: Loading nodelet /car/mux/ackermann_cmd_mux of type ackermann_cmd_mux/AckermannCmdMuxNodelet to manager nodelet_manager with the following remappings:[0m
[0m[ INFO] [1651785795.769198874]: Unloading nodelet /car/mux/ackermann_cmd_mux from manager nodelet_manager[0m
[0m[ INFO] [1651786047.890200810]: Loading nodelet /car/mux/ackermann_cmd_mux of type ackermann_cmd_mux/AckermannCmdMuxNodelet to manager nodelet_manager with the following remappings:[0m
[0m[ INFO] [1651786048.147947164]: waitForService: Service [/car/mux/nodelet_manager/load_nodelet] has not been advertised, waiting...[0m
[0m[ INFO] [1651786048.289850028]: waitForService: Service [/car/mux/nodelet_manager/load_nodelet] is now available.[0m
[0m[ INFO] [1651786153.893118477]: Unloading nodelet /car/mux/ackermann_cmd_mux from manager nodelet_manager[0m
[0m[ INFO] [1651786235.405347040]: Loading nodelet /car/mux/ackermann_cmd_mux of type ackermann_cmd_mux/AckermannCmdMuxNodelet to manager nodelet_manager with the following remappings:[0m
[0m[ INFO] [1651786246.088158963]: Unloading nodelet /car/mux/ackermann_cmd_mux from manager nodelet_manager[0m
[0m[ INFO] [1651786300.433508317]: Loading nodelet /car/mux/ackermann_cmd_mux of type ackermann_cmd_mux/AckermannCmdMuxNodelet to manager nodelet_manager with the following remappings:[0m
[0m[ INFO] [1651786305.269398888]: Unloading nodelet /car/mux/ackermann_cmd_mux from manager nodelet_manager[0m
[0m[ INFO] [1651786374.374084800]: Loading nodelet /car/mux/ackermann_cmd_mux of type ackermann_cmd_mux/AckermannCmdMuxNodelet to manager nodelet_manager with the following remappings:[0m
[0m[ INFO] [1651786374.674771674]: waitForService: Service [/car/mux/nodelet_manager/load_nodelet] has not been advertised, waiting...[0m
[0m[ INFO] [1651786374.740264435]: waitForService: Service [/car/mux/nodelet_manager/load_nodelet] is now available.[0m
[0m[ INFO] [1651786393.852220313]: Unloading nodelet /car/mux/ackermann_cmd_mux from manager nodelet_manager[0m
[0m[ INFO] [1651786436.011018526]: Loading nodelet /car/mux/ackermann_cmd_mux of type ackermann_cmd_mux/AckermannCmdMuxNodelet to manager nodelet_manager with the following remappings:[0m
[0m[ INFO] [1651786436.246775297]: waitForService: Service [/car/mux/nodelet_manager/load_nodelet] has not been advertised, waiting...[0m
[0m[ INFO] [1651786436.301140193]: waitForService: Service [/car/mux/nodelet_manager/load_nodelet] is now available.[0m
[0m[ INFO] [1651786468.892993305]: Unloading nodelet /car/mux/ackermann_cmd_mux from manager nodelet_manager[0m
[0m[ INFO] [1651786504.104920896]: Loading nodelet /car/mux/ackermann_cmd_mux of type ackermann_cmd_mux/AckermannCmdMuxNodelet to manager nodelet_manager with the following remappings:[0m
[0m[ INFO] [1651786504.345232823]: waitForService: Service [/car/mux/nodelet_manager/load_nodelet] has not been advertised, waiting...[0m
[0m[ INFO] [1651786504.614219229]: waitForService: Service [/car/mux/nodelet_manager/load_nodelet] is now available.[0m
[0m[ INFO] [1651786511.476837820]: Unloading nodelet /car/mux/ackermann_cmd_mux from manager nodelet_manager[0m
[0m[ INFO] [1651786928.389785838]: Loading nodelet /car/mux/ackermann_cmd_mux of type ackermann_cmd_mux/AckermannCmdMuxNodelet to manager nodelet_manager with the following remappings:[0m
[0m[ INFO] [1651786928.625181203]: waitForService: Service [/car/mux/nodelet_manager/load_nodelet] has not been advertised, waiting...[0m
[0m[ INFO] [1651786928.761899484]: waitForService: Service [/car/mux/nodelet_manager/load_nodelet] is now available.[0m
[0m[ INFO] [1651786939.755651771]: Unloading nodelet /car/mux/ackermann_cmd_mux from manager nodelet_manager[0m
[0m[ INFO] [1651786974.244633633]: Loading nodelet /car/mux/ackermann_cmd_mux of type ackermann_cmd_mux/AckermannCmdMuxNodelet to manager nodelet_manager with the following remappings:[0m
[0m[ INFO] [1651786974.389524935]: waitForService: Service [/car/mux/nodelet_manager/load_nodelet] has not been advertised, waiting...[0m
[0m[ INFO] [1651786974.849680456]: waitForService: Service [/car/mux/nodelet_manager/load_nodelet] is now available.[0m
[0m[ INFO] [1651786984.897323733]: Unloading nodelet /car/mux/ackermann_cmd_mux from manager nodelet_manager[0m
[0m[ INFO] [1651787189.015744385]: Loading nodelet /car/mux/ackermann_cmd_mux of type ackermann_cmd_mux/AckermannCmdMuxNodelet to manager nodelet_manager with the following remappings:[0m
[0m[ INFO] [1651787189.235375947]: waitForService: Service [/car/mux/nodelet_manager/load_nodelet] has not been advertised, waiting...[0m
[0m[ INFO] [1651787189.309991364]: waitForService: Service [/car/mux/nodelet_manager/load_nodelet] is now available.[0m
[0m[ INFO] [1651787203.614400889]: Unloading nodelet /car/mux/ackermann_cmd_mux from manager nodelet_manager[0m
[0m[ INFO] [1651787347.195624689]: Loading nodelet /car/mux/ackermann_cmd_mux of type ackermann_cmd_mux/AckermannCmdMuxNodelet to manager nodelet_manager with the following remappings:[0m
[0m[ INFO] [1651787347.445941720]: waitForService: Service [/car/mux/nodelet_manager/load_nodelet] has not been advertised, waiting...[0m
[0m[ INFO] [1651787347.692441720]: waitForService: Service [/car/mux/nodelet_manager/load_nodelet] is now available.[0m
[0m[ INFO] [1651787352.417239531]: Unloading nodelet /car/mux/ackermann_cmd_mux from manager nodelet_manager[0m
[0m[ INFO] [1651787589.525677669]: Loading nodelet /car/mux/ackermann_cmd_mux of type ackermann_cmd_mux/AckermannCmdMuxNodelet to manager nodelet_manager with the following remappings:[0m
[0m[ INFO] [1651787589.717075065]: waitForService: Service [/car/mux/nodelet_manager/load_nodelet] has not been advertised, waiting...[0m
[0m[ INFO] [1651787589.820612409]: waitForService: Service [/car/mux/nodelet_manager/load_nodelet] is now available.[0m
[0m[ INFO] [1651787595.786404750]: Unloading nodelet /car/mux/ackermann_cmd_mux from manager nodelet_manager[0m
[0m[ INFO] [1651787683.886292685]: Loading nodelet /car/mux/ackermann_cmd_mux of type ackermann_cmd_mux/AckermannCmdMuxNodelet to manager nodelet_manager with the following remappings:[0m
[0m[ INFO] [1651787688.041362423]: Unloading nodelet /car/mux/ackermann_cmd_mux from manager nodelet_manager[0m
[0m[ INFO] [1651787763.749807759]: Loading nodelet /car/mux/ackermann_cmd_mux of type ackermann_cmd_mux/AckermannCmdMuxNodelet to manager nodelet_manager with the following remappings:[0m
[0m[ INFO] [1651787764.038661926]: waitForService: Service [/car/mux/nodelet_manager/load_nodelet] has not been advertised, waiting...[0m
[0m[ INFO] [1651787764.105215728]: waitForService: Service [/car/mux/nodelet_manager/load_nodelet] is now available.[0m
[0m[ INFO] [1651787767.797622341]: Unloading nodelet /car/mux/ackermann_cmd_mux from manager nodelet_manager[0m
[0m[ INFO] [1651787813.297331646]: Loading nodelet /car/mux/ackermann_cmd_mux of type ackermann_cmd_mux/AckermannCmdMuxNodelet to manager nodelet_manager with the following remappings:[0m
[0m[ INFO] [1651787813.522859928]: waitForService: Service [/car/mux/nodelet_manager/load_nodelet] has not been advertised, waiting...[0m
[0m[ INFO] [1651787813.694862063]: waitForService: Service [/car/mux/nodelet_manager/load_nodelet] is now available.[0m
[0m[ INFO] [1651787817.479224978]: Unloading nodelet /car/mux/ackermann_cmd_mux from manager nodelet_manager[0m
[0m[ INFO] [1651787862.313578294]: Loading nodelet /car/mux/ackermann_cmd_mux of type ackermann_cmd_mux/AckermannCmdMuxNodelet to manager nodelet_manager with the following remappings:[0m
[0m[ INFO] [1651787862.553299544]: waitForService: Service [/car/mux/nodelet_manager/load_nodelet] has not been advertised, waiting...[0m
[0m[ INFO] [1651787862.688321732]: waitForService: Service [/car/mux/nodelet_manager/load_nodelet] is now available.[0m
[0m[ INFO] [1651787910.790635672]: Unloading nodelet /car/mux/ackermann_cmd_mux from manager nodelet_manager[0m
[0m[ INFO] [1651788419.071402561]: Loading nodelet /car/mux/ackermann_cmd_mux of type ackermann_cmd_mux/AckermannCmdMuxNodelet to manager nodelet_manager with the following remappings:[0m
[0m[ INFO] [1651788419.306812197]: waitForService: Service [/car/mux/nodelet_manager/load_nodelet] has not been advertised, waiting...[0m
[0m[ INFO] [1651788419.505715269]: waitForService: Service [/car/mux/nodelet_manager/load_nodelet] is now available.[0m
[0m[ INFO] [1651788434.992467086]: Unloading nodelet /car/mux/ackermann_cmd_mux from manager nodelet_manager[0m
[0m[ INFO] [1651788530.725596894]: Loading nodelet /car/mux/ackermann_cmd_mux of type ackermann_cmd_mux/AckermannCmdMuxNodelet to manager nodelet_manager with the following remappings:[0m
[0m[ INFO] [1651788530.985922414]: waitForService: Service [/car/mux/nodelet_manager/load_nodelet] has not been advertised, waiting...[0m
[0m[ INFO] [1651788531.061488248]: waitForService: Service [/car/mux/nodelet_manager/load_nodelet] is now available.[0m
[0m[ INFO] [1651788544.776515586]: Unloading nodelet /car/mux/ackermann_cmd_mux from manager nodelet_manager[0m
[0m[ INFO] [1651788654.240780597]: Loading nodelet /car/mux/ackermann_cmd_mux of type ackermann_cmd_mux/AckermannCmdMuxNodelet to manager nodelet_manager with the following remappings:[0m
[0m[ INFO] [1651788654.497435961]: waitForService: Service [/car/mux/nodelet_manager/load_nodelet] has not been advertised, waiting...[0m
[0m[ INFO] [1651788654.554176586]: waitForService: Service [/car/mux/nodelet_manager/load_nodelet] is now available.[0m
[0m[ INFO] [1651788675.809336734]: Unloading nodelet /car/mux/ackermann_cmd_mux from manager nodelet_manager[0m
[0m[ INFO] [1651788760.816820868]: Loading nodelet /car/mux/ackermann_cmd_mux of type ackermann_cmd_mux/AckermannCmdMuxNodelet to manager nodelet_manager with the following remappings:[0m
[0m[ INFO] [1651788761.023138733]: waitForService: Service [/car/mux/nodelet_manager/load_nodelet] has not been advertised, waiting...[0m
[0m[ INFO] [1651788761.277546806]: waitForService: Service [/car/mux/nodelet_manager/load_nodelet] is now available.[0m
[0m[ INFO] [1651788768.260377741]: Unloading nodelet /car/mux/ackermann_cmd_mux from manager nodelet_manager[0m
[0m[ INFO] [1651788833.070104226]: Loading nodelet /car/mux/ackermann_cmd_mux of type ackermann_cmd_mux/AckermannCmdMuxNodelet to manager nodelet_manager with the following remappings:[0m
[0m[ INFO] [1651788833.336508028]: waitForService: Service [/car/mux/nodelet_manager/load_nodelet] has not been advertised, waiting...[0m
[0m[ INFO] [1651788833.554674695]: waitForService: Service [/car/mux/nodelet_manager/load_nodelet] is now available.[0m
[0m[ INFO] [1651788837.749984381]: Unloading nodelet /car/mux/ackermann_cmd_mux from manager nodelet_manager[0m
[0m[ INFO] [1651788951.998395118]: Loading nodelet /car/mux/ackermann_cmd_mux of type ackermann_cmd_mux/AckermannCmdMuxNodelet to manager nodelet_manager with the following remappings:[0m
[0m[ INFO] [1651788960.682176990]: Unloading nodelet /car/mux/ackermann_cmd_mux from manager nodelet_manager[0m
[0m[ INFO] [1651789054.234385444]: Loading nodelet /car/mux/ackermann_cmd_mux of type ackermann_cmd_mux/AckermannCmdMuxNodelet to manager nodelet_manager with the following remappings:[0m
[0m[ INFO] [1651789054.545751798]: waitForService: Service [/car/mux/nodelet_manager/load_nodelet] has not been advertised, waiting...[0m
[0m[ INFO] [1651789054.615285704]: waitForService: Service [/car/mux/nodelet_manager/load_nodelet] is now available.[0m
[0m[ INFO] [1651789066.533791689]: Unloading nodelet /car/mux/ackermann_cmd_mux from manager nodelet_manager[0m
[0m[ INFO] [1651789118.729433909]: Loading nodelet /car/mux/ackermann_cmd_mux of type ackermann_cmd_mux/AckermannCmdMuxNodelet to manager nodelet_manager with the following remappings:[0m
[0m[ INFO] [1651789118.977011669]: waitForService: Service [/car/mux/nodelet_manager/load_nodelet] has not been advertised, waiting...[0m
[0m[ INFO] [1651789119.189733596]: waitForService: Service [/car/mux/nodelet_manager/load_nodelet] is now available.[0m
[0m[ INFO] [1651789132.385259685]: Unloading nodelet /car/mux/ackermann_cmd_mux from manager nodelet_manager[0m
[0m[ INFO] [1651789255.425423076]: Loading nodelet /car/mux/ackermann_cmd_mux of type ackermann_cmd_mux/AckermannCmdMuxNodelet to manager nodelet_manager with the following remappings:[0m
[0m[ INFO] [1651789255.694480523]: waitForService: Service [/car/mux/nodelet_manager/load_nodelet] has not been advertised, waiting...[0m
[0m[ INFO] [1651789255.761320159]: waitForService: Service [/car/mux/nodelet_manager/load_nodelet] is now available.[0m
[0m[ INFO] [1651789267.439563279]: Unloading nodelet /car/mux/ackermann_cmd_mux from manager nodelet_manager[0m
[0m[ INFO] [1651789422.941491293]: Loading nodelet /car/mux/ackermann_cmd_mux of type ackermann_cmd_mux/AckermannCmdMuxNodelet to manager nodelet_manager with the following remappings:[0m
[0m[ INFO] [1651789423.269459991]: waitForService: Service [/car/mux/nodelet_manager/load_nodelet] has not been advertised, waiting...[0m
[0m[ INFO] [1651789423.421807178]: waitForService: Service [/car/mux/nodelet_manager/load_nodelet] is now available.[0m
[0m[ INFO] [1651789448.531742221]: Unloading nodelet /car/mux/ackermann_cmd_mux from manager nodelet_manager[0m
[0m[ INFO] [1651789493.509362985]: Loading nodelet /car/mux/ackermann_cmd_mux of type ackermann_cmd_mux/AckermannCmdMuxNodelet to manager nodelet_manager with the following remappings:[0m
[0m[ INFO] [1651789622.511387050]: Unloading nodelet /car/mux/ackermann_cmd_mux from manager nodelet_manager[0m
[0m[ INFO] [1651789682.684398590]: Loading nodelet /car/mux/ackermann_cmd_mux of type ackermann_cmd_mux/AckermannCmdMuxNodelet to manager nodelet_manager with the following remappings:[0m
[0m[ INFO] [1651789682.939406194]: waitForService: Service [/car/mux/nodelet_manager/load_nodelet] has not been advertised, waiting...[0m
[0m[ INFO] [1651789683.199468225]: waitForService: Service [/car/mux/nodelet_manager/load_nodelet] is now available.[0m
[0m[ INFO] [1651789809.921039166]: Unloading nodelet /car/mux/ackermann_cmd_mux from manager nodelet_manager[0m
[0m[ INFO] [1651789836.409576916]: Loading nodelet /car/mux/ackermann_cmd_mux of type ackermann_cmd_mux/AckermannCmdMuxNodelet to manager nodelet_manager with the following remappings:[0m
[0m[ INFO] [1651789836.703257958]: waitForService: Service [/car/mux/nodelet_manager/load_nodelet] has not been advertised, waiting...[0m
[0m[ INFO] [1651789836.922001708]: waitForService: Service [/car/mux/nodelet_manager/load_nodelet] is now available.[0m
[0m[ INFO] [1651789948.642597134]: Unloading nodelet /car/mux/ackermann_cmd_mux from manager nodelet_manager[0m
[0m[ INFO] [1651790014.312734349]: Loading nodelet /car/mux/ackermann_cmd_mux of type ackermann_cmd_mux/AckermannCmdMuxNodelet to manager nodelet_manager with the following remappings:[0m
[0m[ INFO] [1651790035.341131163]: Unloading nodelet /car/mux/ackermann_cmd_mux from manager nodelet_manager[0m
[0m[ INFO] [1651790063.161312090]: Loading nodelet /car/mux/ackermann_cmd_mux of type ackermann_cmd_mux/AckermannCmdMuxNodelet to manager nodelet_manager with the following remappings:[0m
[0m[ INFO] [1651790063.448129903]: waitForService: Service [/car/mux/nodelet_manager/load_nodelet] has not been advertised, waiting...[0m
[0m[ INFO] [1651790063.613214382]: waitForService: Service [/car/mux/nodelet_manager/load_nodelet] is now available.[0m
[0m[ INFO] [1651790091.468838746]: Unloading nodelet /car/mux/ackermann_cmd_mux from manager nodelet_manager[0m
[0m[ INFO] [1651790115.469960456]: Loading nodelet /car/mux/ackermann_cmd_mux of type ackermann_cmd_mux/AckermannCmdMuxNodelet to manager nodelet_manager with the following remappings:[0m
[0m[ INFO] [1651790115.587993112]: waitForService: Service [/car/mux/nodelet_manager/load_nodelet] has not been advertised, waiting...[0m
[0m[ INFO] [1651790115.927048737]: waitForService: Service [/car/mux/nodelet_manager/load_nodelet] is now available.[0m
[0m[ INFO] [1651790206.424720213]: Unloading nodelet /car/mux/ackermann_cmd_mux from manager nodelet_manager[0m
[0m[ INFO] [1651790309.566865017]: Loading nodelet /car/mux/ackermann_cmd_mux of type ackermann_cmd_mux/AckermannCmdMuxNodelet to manager nodelet_manager with the following remappings:[0m
[0m[ INFO] [1651790309.745449757]: waitForService: Service [/car/mux/nodelet_manager/load_nodelet] has not been advertised, waiting...[0m
[0m[ INFO] [1651790310.009390382]: waitForService: Service [/car/mux/nodelet_manager/load_nodelet] is now available.[0m
[0m[ INFO] [1651790367.739256714]: Unloading nodelet /car/mux/ackermann_cmd_mux from manager nodelet_manager[0m
[0m[ INFO] [1651790399.142096962]: Loading nodelet /car/mux/ackermann_cmd_mux of type ackermann_cmd_mux/AckermannCmdMuxNodelet to manager nodelet_manager with the following remappings:[0m
[0m[ INFO] [1651790399.379547900]: waitForService: Service [/car/mux/nodelet_manager/load_nodelet] has not been advertised, waiting...[0m
[0m[ INFO] [1651790399.520858941]: waitForService: Service [/car/mux/nodelet_manager/load_nodelet] is now available.[0m
[0m[ INFO] [1651790434.478038303]: Unloading nodelet /car/mux/ackermann_cmd_mux from manager nodelet_manager[0m
[0m[ INFO] [1651790456.735790899]: Loading nodelet /car/mux/ackermann_cmd_mux of type ackermann_cmd_mux/AckermannCmdMuxNodelet to manager nodelet_manager with the following remappings:[0m
[0m[ INFO] [1651790457.046442617]: waitForService: Service [/car/mux/nodelet_manager/load_nodelet] has not been advertised, waiting...[0m
[0m[ INFO] [1651790457.110525430]: waitForService: Service [/car/mux/nodelet_manager/load_nodelet] is now available.[0m
[0m[ INFO] [1651790609.283169642]: Unloading nodelet /car/mux/ackermann_cmd_mux from manager nodelet_manager[0m
[0m[ INFO] [1651790672.954385451]: Loading nodelet /car/mux/ackermann_cmd_mux of type ackermann_cmd_mux/AckermannCmdMuxNodelet to manager nodelet_manager with the following remappings:[0m
[0m[ INFO] [1651790673.242894253]: waitForService: Service [/car/mux/nodelet_manager/load_nodelet] has not been advertised, waiting...[0m
[0m[ INFO] [1651790673.390210660]: waitForService: Service [/car/mux/nodelet_manager/load_nodelet] is now available.[0m
[0m[ INFO] [1651790739.212144489]: Unloading nodelet /car/mux/ackermann_cmd_mux from manager nodelet_manager[0m
[0m[ INFO] [1651790761.782739949]: Loading nodelet /car/mux/ackermann_cmd_mux of type ackermann_cmd_mux/AckermannCmdMuxNodelet to manager nodelet_manager with the following remappings:[0m
[0m[ INFO] [1651790762.003287449]: waitForService: Service [/car/mux/nodelet_manager/load_nodelet] has not been advertised, waiting...[0m
[0m[ INFO] [1651790762.304146147]: waitForService: Service [/car/mux/nodelet_manager/load_nodelet] is now available.[0m
[0m[ INFO] [1651790921.986783898]: Unloading nodelet /car/mux/ackermann_cmd_mux from manager nodelet_manager[0m
[0m[ INFO] [1651790966.594134714]: Loading nodelet /car/mux/ackermann_cmd_mux of type ackermann_cmd_mux/AckermannCmdMuxNodelet to manager nodelet_manager with the following remappings:[0m
[0m[ INFO] [1651791361.243279303]: Unloading nodelet /car/mux/ackermann_cmd_mux from manager nodelet_manager[0m
[0m[ INFO] [1651791666.337408770]: Loading nodelet /car/mux/ackermann_cmd_mux of type ackermann_cmd_mux/AckermannCmdMuxNodelet to manager nodelet_manager with the following remappings:[0m
[0m[ INFO] [1651791709.243371514]: Unloading nodelet /car/mux/ackermann_cmd_mux from manager nodelet_manager[0m
[0m[ INFO] [1651793582.173120644]: Loading nodelet /car/mux/ackermann_cmd_mux of type ackermann_cmd_mux/AckermannCmdMuxNodelet to manager nodelet_manager with the following remappings:[0m
[0m[ INFO] [1651793582.452301581]: waitForService: Service [/car/mux/nodelet_manager/load_nodelet] has not been advertised, waiting...[0m
[0m[ INFO] [1651793582.519456425]: waitForService: Service [/car/mux/nodelet_manager/load_nodelet] is now available.[0m
[0m[ INFO] [1651793613.788851309]: Unloading nodelet /car/mux/ackermann_cmd_mux from manager nodelet_manager[0m
[0m[ INFO] [1651795528.153637714]: Loading nodelet /car/mux/ackermann_cmd_mux of type ackermann_cmd_mux/AckermannCmdMuxNodelet to manager nodelet_manager with the following remappings:[0m
[0m[ INFO] [1651795528.477363391]: waitForService: Service [/car/mux/nodelet_manager/load_nodelet] has not been advertised, waiting...[0m
[0m[ INFO] [1651795528.546365058]: waitForService: Service [/car/mux/nodelet_manager/load_nodelet] is now available.[0m
[0m[ INFO] [1651795565.522378273]: Unloading nodelet /car/mux/ackermann_cmd_mux from manager nodelet_manager[0m
[0m[ INFO] [1651795612.659482369]: Loading nodelet /car/mux/ackermann_cmd_mux of type ackermann_cmd_mux/AckermannCmdMuxNodelet to manager nodelet_manager with the following remappings:[0m
[0m[ INFO] [1651795731.091792793]: Unloading nodelet /car/mux/ackermann_cmd_mux from manager nodelet_manager[0m
[0m[ INFO] [1651795764.921126999]: Loading nodelet /car/mux/ackermann_cmd_mux of type ackermann_cmd_mux/AckermannCmdMuxNodelet to manager nodelet_manager with the following remappings:[0m
[0m[ INFO] [1651795821.054116248]: Unloading nodelet /car/mux/ackermann_cmd_mux from manager nodelet_manager[0m
[0m[ INFO] [1651796493.627165262]: Loading nodelet /car/mux/ackermann_cmd_mux of type ackermann_cmd_mux/AckermannCmdMuxNodelet to manager nodelet_manager with the following remappings:[0m
[0m[ INFO] [1651796499.345515312]: Unloading nodelet /car/mux/ackermann_cmd_mux from manager nodelet_manager[0m
[0m[ INFO] [1651796603.677245481]: Loading nodelet /car/mux/ackermann_cmd_mux of type ackermann_cmd_mux/AckermannCmdMuxNodelet to manager nodelet_manager with the following remappings:[0m
[0m[ INFO] [1651796603.943931574]: waitForService: Service [/car/mux/nodelet_manager/load_nodelet] has not been advertised, waiting...[0m
[0m[ INFO] [1651796604.038539439]: waitForService: Service [/car/mux/nodelet_manager/load_nodelet] is now available.[0m
[0m[ INFO] [1651796608.067966052]: Unloading nodelet /car/mux/ackermann_cmd_mux from manager nodelet_manager[0m
[0m[ INFO] [1651796649.294008484]: Loading nodelet /car/mux/ackermann_cmd_mux of type ackermann_cmd_mux/AckermannCmdMuxNodelet to manager nodelet_manager with the following remappings:[0m
[0m[ INFO] [1651796649.534754161]: waitForService: Service [/car/mux/nodelet_manager/load_nodelet] has not been advertised, waiting...[0m
[0m[ INFO] [1651796649.754632755]: waitForService: Service [/car/mux/nodelet_manager/load_nodelet] is now available.[0m
[0m[ INFO] [1651796653.622651347]: Unloading nodelet /car/mux/ackermann_cmd_mux from manager nodelet_manager[0m
[0m[ INFO] [1651796688.300778990]: Loading nodelet /car/mux/ackermann_cmd_mux of type ackermann_cmd_mux/AckermannCmdMuxNodelet to manager nodelet_manager with the following remappings:[0m
[0m[ INFO] [1651796688.541473313]: waitForService: Service [/car/mux/nodelet_manager/load_nodelet] has not been advertised, waiting...[0m
[0m[ INFO] [1651796688.626264667]: waitForService: Service [/car/mux/nodelet_manager/load_nodelet] is now available.[0m
[0m[ INFO] [1651796693.504801384]: Unloading nodelet /car/mux/ackermann_cmd_mux from manager nodelet_manager[0m
[0m[ INFO] [1651796755.433448704]: Loading nodelet /car/mux/ackermann_cmd_mux of type ackermann_cmd_mux/AckermannCmdMuxNodelet to manager nodelet_manager with the following remappings:[0m
[0m[ INFO] [1651796760.119456984]: Unloading nodelet /car/mux/ackermann_cmd_mux from manager nodelet_manager[0m
[0m[ INFO] [1651796817.643285972]: Loading nodelet /car/mux/ackermann_cmd_mux of type ackermann_cmd_mux/AckermannCmdMuxNodelet to manager nodelet_manager with the following remappings:[0m
[0m[ INFO] [1651796817.873503784]: waitForService: Service [/car/mux/nodelet_manager/load_nodelet] has not been advertised, waiting...[0m
[0m[ INFO] [1651796817.946048524]: waitForService: Service [/car/mux/nodelet_manager/load_nodelet] is now available.[0m
[0m[ INFO] [1651796822.233381074]: Unloading nodelet /car/mux/ackermann_cmd_mux from manager nodelet_manager[0m
[0m[ INFO] [1651796857.482199759]: Loading nodelet /car/mux/ackermann_cmd_mux of type ackermann_cmd_mux/AckermannCmdMuxNodelet to manager nodelet_manager with the following remappings:[0m
[0m[ INFO] [1651796857.751165800]: waitForService: Service [/car/mux/nodelet_manager/load_nodelet] has not been advertised, waiting...[0m
[0m[ INFO] [1651796857.871496686]: waitForService: Service [/car/mux/nodelet_manager/load_nodelet] is now available.[0m
[0m[ INFO] [1651796861.802204653]: Unloading nodelet /car/mux/ackermann_cmd_mux from manager nodelet_manager[0m
[0m[ INFO] [1651796905.426996720]: Loading nodelet /car/mux/ackermann_cmd_mux of type ackermann_cmd_mux/AckermannCmdMuxNodelet to manager nodelet_manager with the following remappings:[0m
[0m[ INFO] [1651796905.678234793]: waitForService: Service [/car/mux/nodelet_manager/load_nodelet] has not been advertised, waiting...[0m
[0m[ INFO] [1651796905.803632084]: waitForService: Service [/car/mux/nodelet_manager/load_nodelet] is now available.[0m
[0m[ INFO] [1651796913.544216144]: Unloading nodelet /car/mux/ackermann_cmd_mux from manager nodelet_manager[0m
[0m[ INFO] [1651797068.038935043]: Loading nodelet /car/mux/ackermann_cmd_mux of type ackermann_cmd_mux/AckermannCmdMuxNodelet to manager nodelet_manager with the following remappings:[0m
[0m[ INFO] [1651797076.379946655]: Unloading nodelet /car/mux/ackermann_cmd_mux from manager nodelet_manager[0m
[0m[ INFO] [1651797107.315879507]: Loading nodelet /car/mux/ackermann_cmd_mux of type ackermann_cmd_mux/AckermannCmdMuxNodelet to manager nodelet_manager with the following remappings:[0m
[0m[ INFO] [1651797107.551752164]: waitForService: Service [/car/mux/nodelet_manager/load_nodelet] has not been advertised, waiting...[0m
[0m[ INFO] [1651797107.685558257]: waitForService: Service [/car/mux/nodelet_manager/load_nodelet] is now available.[0m
[0m[ INFO] [1651797132.698431633]: Unloading nodelet /car/mux/ackermann_cmd_mux from manager nodelet_manager[0m
[0m[ INFO] [1651797465.877453121]: Loading nodelet /car/mux/ackermann_cmd_mux of type ackermann_cmd_mux/AckermannCmdMuxNodelet to manager nodelet_manager with the following remappings:[0m
[0m[ INFO] [1651797466.119916662]: waitForService: Service [/car/mux/nodelet_manager/load_nodelet] has not been advertised, waiting...[0m
[0m[ INFO] [1651797466.388175204]: waitForService: Service [/car/mux/nodelet_manager/load_nodelet] is now available.[0m
[0m[ INFO] [1651797480.564346813]: Unloading nodelet /car/mux/ackermann_cmd_mux from manager nodelet_manager[0m
[0m[ INFO] [1651797525.311855910]: Loading nodelet /car/mux/ackermann_cmd_mux of type ackermann_cmd_mux/AckermannCmdMuxNodelet to manager nodelet_manager with the following remappings:[0m
[0m[ INFO] [1651797525.553468827]: waitForService: Service [/car/mux/nodelet_manager/load_nodelet] has not been advertised, waiting...[0m
[0m[ INFO] [1651797525.801531535]: waitForService: Service [/car/mux/nodelet_manager/load_nodelet] is now available.[0m
[0m[ INFO] [1651797534.747023355]: Unloading nodelet /car/mux/ackermann_cmd_mux from manager nodelet_manager[0m
[0m[ INFO] [1651797629.986690558]: Loading nodelet /car/mux/ackermann_cmd_mux of type ackermann_cmd_mux/AckermannCmdMuxNodelet to manager nodelet_manager with the following remappings:[0m
[0m[ INFO] [1651797641.584744199]: Unloading nodelet /car/mux/ackermann_cmd_mux from manager nodelet_manager[0m
[0m[ INFO] [1651797737.504252288]: Loading nodelet /car/mux/ackermann_cmd_mux of type ackermann_cmd_mux/AckermannCmdMuxNodelet to manager nodelet_manager with the following remappings:[0m
[0m[ INFO] [1651797748.166639107]: Unloading nodelet /car/mux/ackermann_cmd_mux from manager nodelet_manager[0m
[0m[ INFO] [1651798080.039042209]: Loading nodelet /car/mux/ackermann_cmd_mux of type ackermann_cmd_mux/AckermannCmdMuxNodelet to manager nodelet_manager with the following remappings:[0m
[0m[ INFO] [1651798080.316455438]: waitForService: Service [/car/mux/nodelet_manager/load_nodelet] has not been advertised, waiting...[0m
[0m[ INFO] [1651798080.394262886]: waitForService: Service [/car/mux/nodelet_manager/load_nodelet] is now available.[0m
[0m[ INFO] [1651798086.791009342]: Unloading nodelet /car/mux/ackermann_cmd_mux from manager nodelet_manager[0m
[0m[ INFO] [1651798110.570723448]: Loading nodelet /car/mux/ackermann_cmd_mux of type ackermann_cmd_mux/AckermannCmdMuxNodelet to manager nodelet_manager with the following remappings:[0m
[0m[ INFO] [1651798110.921329697]: waitForService: Service [/car/mux/nodelet_manager/load_nodelet] has not been advertised, waiting...[0m
[0m[ INFO] [1651798110.976404020]: waitForService: Service [/car/mux/nodelet_manager/load_nodelet] is now available.[0m
[0m[ INFO] [1651798120.645722298]: Unloading nodelet /car/mux/ackermann_cmd_mux from manager nodelet_manager[0m
[0m[ INFO] [1651798159.650190668]: Loading nodelet /car/mux/ackermann_cmd_mux of type ackermann_cmd_mux/AckermannCmdMuxNodelet to manager nodelet_manager with the following remappings:[0m
[0m[ INFO] [1651798159.912941866]: waitForService: Service [/car/mux/nodelet_manager/load_nodelet] has not been advertised, waiting...[0m
[0m[ INFO] [1651798160.045699887]: waitForService: Service [/car/mux/nodelet_manager/load_nodelet] is now available.[0m
[0m[ INFO] [1651798171.339400560]: Unloading nodelet /car/mux/ackermann_cmd_mux from manager nodelet_manager[0m
[0m[ INFO] [1651798393.681429746]: Loading nodelet /car/mux/ackermann_cmd_mux of type ackermann_cmd_mux/AckermannCmdMuxNodelet to manager nodelet_manager with the following remappings:[0m
[0m[ INFO] [1651798393.945377506]: waitForService: Service [/car/mux/nodelet_manager/load_nodelet] has not been advertised, waiting...[0m
[0m[ INFO] [1651798394.071319016]: waitForService: Service [/car/mux/nodelet_manager/load_nodelet] is now available.[0m
[0m[ INFO] [1651798470.957651070]: Unloading nodelet /car/mux/ackermann_cmd_mux from manager nodelet_manager[0m
[0m[ INFO] [1651798535.264945213]: Loading nodelet /car/mux/ackermann_cmd_mux of type ackermann_cmd_mux/AckermannCmdMuxNodelet to manager nodelet_manager with the following remappings:[0m
[0m[ INFO] [1651798535.541041150]: waitForService: Service [/car/mux/nodelet_manager/load_nodelet] has not been advertised, waiting...[0m
[0m[ INFO] [1651798535.713269483]: waitForService: Service [/car/mux/nodelet_manager/load_nodelet] is now available.[0m
[0m[ INFO] [1651798586.449079933]: Unloading nodelet /car/mux/ackermann_cmd_mux from manager nodelet_manager[0m
[0m[ INFO] [1651798668.691579433]: Loading nodelet /car/mux/ackermann_cmd_mux of type ackermann_cmd_mux/AckermannCmdMuxNodelet to manager nodelet_manager with the following remappings:[0m
[0m[ INFO] [1651798668.963643860]: waitForService: Service [/car/mux/nodelet_manager/load_nodelet] has not been advertised, waiting...[0m
[0m[ INFO] [1651798669.042596828]: waitForService: Service [/car/mux/nodelet_manager/load_nodelet] is now available.[0m
[0m[ INFO] [1651798729.109717847]: Unloading nodelet /car/mux/ackermann_cmd_mux from manager nodelet_manager[0m
[0m[ INFO] [1651799671.693305873]: Loading nodelet /car/mux/ackermann_cmd_mux of type ackermann_cmd_mux/AckermannCmdMuxNodelet to manager nodelet_manager with the following remappings:[0m
[0m[ INFO] [1651799671.909194258]: waitForService: Service [/car/mux/nodelet_manager/load_nodelet] has not been advertised, waiting...[0m
[0m[ INFO] [1651799671.981300092]: waitForService: Service [/car/mux/nodelet_manager/load_nodelet] is now available.[0m
[0m[ INFO] [1651799781.649529945]: Unloading nodelet /car/mux/ackermann_cmd_mux from manager nodelet_manager[0m
[0m[ INFO] [1651799803.639000927]: Loading nodelet /car/mux/ackermann_cmd_mux of type ackermann_cmd_mux/AckermannCmdMuxNodelet to manager nodelet_manager with the following remappings:[0m
[0m[ INFO] [1651799803.859520822]: waitForService: Service [/car/mux/nodelet_manager/load_nodelet] has not been advertised, waiting...[0m
[0m[ INFO] [1651799804.007958062]: waitForService: Service [/car/mux/nodelet_manager/load_nodelet] is now available.[0m
[0m[ INFO] [1651799910.069520469]: Unloading nodelet /car/mux/ackermann_cmd_mux from manager nodelet_manager[0m
[0m[ INFO] [1651799932.367479576]: Loading nodelet /car/mux/ackermann_cmd_mux of type ackermann_cmd_mux/AckermannCmdMuxNodelet to manager nodelet_manager with the following remappings:[0m
[0m[ INFO] [1651799932.613628169]: waitForService: Service [/car/mux/nodelet_manager/load_nodelet] has not been advertised, waiting...[0m
[0m[ INFO] [1651799932.678996034]: waitForService: Service [/car/mux/nodelet_manager/load_nodelet] is now available.[0m
[0m[ INFO] [1651800022.604886937]: Unloading nodelet /car/mux/ackermann_cmd_mux from manager nodelet_manager[0m
[0m[ INFO] [1651800369.454090555]: Loading nodelet /car/mux/ackermann_cmd_mux of type ackermann_cmd_mux/AckermannCmdMuxNodelet to manager nodelet_manager with the following remappings:[0m
[0m[ INFO] [1651800400.855455386]: Unloading nodelet /car/mux/ackermann_cmd_mux from manager nodelet_manager[0m
[0m[ INFO] [1651800453.293847554]: Loading nodelet /car/mux/ackermann_cmd_mux of type ackermann_cmd_mux/AckermannCmdMuxNodelet to manager nodelet_manager with the following remappings:[0m
[0m[ INFO] [1651800453.544694637]: waitForService: Service [/car/mux/nodelet_manager/load_nodelet] has not been advertised, waiting...[0m
[0m[ INFO] [1651800453.601533856]: waitForService: Service [/car/mux/nodelet_manager/load_nodelet] is now available.[0m
[0m[ INFO] [1651800460.682924843]: Unloading nodelet /car/mux/ackermann_cmd_mux from manager nodelet_manager[0m
[0m[ INFO] [1651800625.030899468]: Loading nodelet /car/mux/ackermann_cmd_mux of type ackermann_cmd_mux/AckermannCmdMuxNodelet to manager nodelet_manager with the following remappings:[0m
[0m[ INFO] [1651800650.240444250]: Unloading nodelet /car/mux/ackermann_cmd_mux from manager nodelet_manager[0m
[0m[ INFO] [1651800673.496999970]: Loading nodelet /car/mux/ackermann_cmd_mux of type ackermann_cmd_mux/AckermannCmdMuxNodelet to manager nodelet_manager with the following remappings:[0m
[0m[ INFO] [1651800673.801381376]: waitForService: Service [/car/mux/nodelet_manager/load_nodelet] has not been advertised, waiting...[0m
[0m[ INFO] [1651800673.925227157]: waitForService: Service [/car/mux/nodelet_manager/load_nodelet] is now available.[0m
[0m[ INFO] [1651800708.791663498]: Unloading nodelet /car/mux/ackermann_cmd_mux from manager nodelet_manager[0m
[0m[ INFO] [1651800892.958549990]: Loading nodelet /car/mux/ackermann_cmd_mux of type ackermann_cmd_mux/AckermannCmdMuxNodelet to manager nodelet_manager with the following remappings:[0m
[0m[ INFO] [1651800893.183755771]: waitForService: Service [/car/mux/nodelet_manager/load_nodelet] has not been advertised, waiting...[0m
[0m[ INFO] [1651800893.254065094]: waitForService: Service [/car/mux/nodelet_manager/load_nodelet] is now available.[0m
[0m[ INFO] [1651800909.319800505]: Unloading nodelet /car/mux/ackermann_cmd_mux from manager nodelet_manager[0m
[0m[ INFO] [1651801099.955703766]: Loading nodelet /car/mux/ackermann_cmd_mux of type ackermann_cmd_mux/AckermannCmdMuxNodelet to manager nodelet_manager with the following remappings:[0m
[0m[ INFO] [1651801100.193389130]: waitForService: Service [/car/mux/nodelet_manager/load_nodelet] has not been advertised, waiting...[0m
[0m[ INFO] [1651801100.257500432]: waitForService: Service [/car/mux/nodelet_manager/load_nodelet] is now available.[0m
[0m[ INFO] [1651801112.359860219]: Unloading nodelet /car/mux/ackermann_cmd_mux from manager nodelet_manager[0m
[0m[ INFO] [1651801191.809238783]: Loading nodelet /car/mux/ackermann_cmd_mux of type ackermann_cmd_mux/AckermannCmdMuxNodelet to manager nodelet_manager with the following remappings:[0m
[0m[ INFO] [1651801192.057148001]: waitForService: Service [/car/mux/nodelet_manager/load_nodelet] has not been advertised, waiting...[0m
[0m[ INFO] [1651801192.117933574]: waitForService: Service [/car/mux/nodelet_manager/load_nodelet] is now available.[0m
[0m[ INFO] [1651801203.574997788]: Unloading nodelet /car/mux/ackermann_cmd_mux from manager nodelet_manager[0m
[0m[ INFO] [1651801315.413256340]: Loading nodelet /car/mux/ackermann_cmd_mux of type ackermann_cmd_mux/AckermannCmdMuxNodelet to manager nodelet_manager with the following remappings:[0m
[0m[ INFO] [1651801724.785873527]: Unloading nodelet /car/mux/ackermann_cmd_mux from manager nodelet_manager[0m
[0m[ INFO] [1651803078.265089730]: Loading nodelet /car/mux/ackermann_cmd_mux of type ackermann_cmd_mux/AckermannCmdMuxNodelet to manager nodelet_manager with the following remappings:[0m
[0m[ INFO] [1651803078.547972698]: waitForService: Service [/car/mux/nodelet_manager/load_nodelet] has not been advertised, waiting...[0m
[0m[ INFO] [1651803078.663767907]: waitForService: Service [/car/mux/nodelet_manager/load_nodelet] is now available.[0m
[0m[ INFO] [1651803092.382139099]: Unloading nodelet /car/mux/ackermann_cmd_mux from manager nodelet_manager[0m
[0m[ INFO] [1651803166.605551467]: Loading nodelet /car/mux/ackermann_cmd_mux of type ackermann_cmd_mux/AckermannCmdMuxNodelet to manager nodelet_manager with the following remappings:[0m
[0m[ INFO] [1651803166.840972248]: waitForService: Service [/car/mux/nodelet_manager/load_nodelet] has not been advertised, waiting...[0m
[0m[ INFO] [1651803166.913548758]: waitForService: Service [/car/mux/nodelet_manager/load_nodelet] is now available.[0m
[0m[ INFO] [1651803294.987212407]: Unloading nodelet /car/mux/ackermann_cmd_mux from manager nodelet_manager[0m
[0m[ INFO] [1651803386.640734456]: Loading nodelet /car/mux/ackermann_cmd_mux of type ackermann_cmd_mux/AckermannCmdMuxNodelet to manager nodelet_manager with the following remappings:[0m
[0m[ INFO] [1651803386.874128674]: waitForService: Service [/car/mux/nodelet_manager/load_nodelet] has not been advertised, waiting...[0m
[0m[ INFO] [1651803387.074657476]: waitForService: Service [/car/mux/nodelet_manager/load_nodelet] is now available.[0m
[0m[ INFO] [1651803439.836044123]: Unloading nodelet /car/mux/ackermann_cmd_mux from manager nodelet_manager[0m
