[rospy.client][INFO] 2022-05-05 17:13:07,393: init_node, name[/car/mux/zero_ackermann_cmd], pid[15229]
[xmlrpc][INFO] 2022-05-05 17:13:07,394: XML-RPC server binding to 0.0.0.0:0
[xmlrpc][INFO] 2022-05-05 17:13:07,396: Started XML-RPC server [http://robot-desktop:39679/]
[rospy.impl.masterslave][INFO] 2022-05-05 17:13:07,396: _ready: http://robot-desktop:39679/
[rospy.init][INFO] 2022-05-05 17:13:07,398: ROS Slave URI: [http://robot-desktop:39679/]
[xmlrpc][INFO] 2022-05-05 17:13:07,399: xml rpc node: starting XML-RPC server
[rospy.registration][INFO] 2022-05-05 17:13:07,398: Registering with master node http://robot-desktop:11311
[rospy.init][INFO] 2022-05-05 17:13:07,499: registered with master
[rospy.internal][INFO] 2022-05-05 17:13:07,785: topic[/car/mux/ackermann_cmd_mux/input/default] adding connection to [/car/mux/nodelet_manager], count 0
[rospy.core][INFO] 2022-05-05 17:13:20,633: signal_shutdown [signal-2]
[rospy.internal][INFO] 2022-05-05 17:13:20,645: topic[/car/mux/ackermann_cmd_mux/input/default] removing connection to /car/mux/nodelet_manager
[rospy.impl.masterslave][INFO] 2022-05-05 17:13:20,647: signal-2
[rospy.core][INFO] 2022-05-05 17:13:20,782: signal_shutdown [atexit]
[rospy.client][INFO] 2022-05-05 17:15:14,560: init_node, name[/car/mux/zero_ackermann_cmd], pid[15833]
[xmlrpc][INFO] 2022-05-05 17:15:14,561: XML-RPC server binding to 0.0.0.0:0
[xmlrpc][INFO] 2022-05-05 17:15:14,566: Started XML-RPC server [http://robot-desktop:42869/]
[rospy.init][INFO] 2022-05-05 17:15:14,566: ROS Slave URI: [http://robot-desktop:42869/]
[rospy.impl.masterslave][INFO] 2022-05-05 17:15:14,567: _ready: http://robot-desktop:42869/
[rospy.registration][INFO] 2022-05-05 17:15:14,568: Registering with master node http://robot-desktop:11311
[xmlrpc][INFO] 2022-05-05 17:15:14,570: xml rpc node: starting XML-RPC server
[rospy.init][INFO] 2022-05-05 17:15:14,667: registered with master
[rospy.internal][INFO] 2022-05-05 17:15:14,950: topic[/car/mux/ackermann_cmd_mux/input/default] adding connection to [/car/mux/nodelet_manager], count 0
[rospy.core][INFO] 2022-05-05 17:18:38,012: signal_shutdown [signal-2]
[rospy.internal][INFO] 2022-05-05 17:18:38,042: topic[/car/mux/ackermann_cmd_mux/input/default] removing connection to /car/mux/nodelet_manager
[rospy.impl.masterslave][INFO] 2022-05-05 17:18:38,045: signal-2
[rospy.core][INFO] 2022-05-05 17:18:38,166: signal_shutdown [atexit]
[rospy.client][INFO] 2022-05-05 17:19:03,180: init_node, name[/car/mux/zero_ackermann_cmd], pid[16558]
[xmlrpc][INFO] 2022-05-05 17:19:03,182: XML-RPC server binding to 0.0.0.0:0
[xmlrpc][INFO] 2022-05-05 17:19:03,183: Started XML-RPC server [http://robot-desktop:33735/]
[rospy.init][INFO] 2022-05-05 17:19:03,184: ROS Slave URI: [http://robot-desktop:33735/]
[rospy.impl.masterslave][INFO] 2022-05-05 17:19:03,184: _ready: http://robot-desktop:33735/
[rospy.registration][INFO] 2022-05-05 17:19:03,186: Registering with master node http://robot-desktop:11311
[xmlrpc][INFO] 2022-05-05 17:19:03,190: xml rpc node: starting XML-RPC server
[rospy.init][INFO] 2022-05-05 17:19:03,285: registered with master
[rospy.internal][INFO] 2022-05-05 17:19:03,570: topic[/car/mux/ackermann_cmd_mux/input/default] adding connection to [/car/mux/nodelet_manager], count 0
[rospy.core][INFO] 2022-05-05 17:19:10,830: signal_shutdown [signal-2]
[rospy.internal][INFO] 2022-05-05 17:19:10,853: topic[/car/mux/ackermann_cmd_mux/input/default] removing connection to /car/mux/nodelet_manager
[rospy.impl.masterslave][INFO] 2022-05-05 17:19:10,854: signal-2
[rospy.core][INFO] 2022-05-05 17:19:10,960: signal_shutdown [atexit]
[rospy.client][INFO] 2022-05-05 17:20:25,244: init_node, name[/car/mux/zero_ackermann_cmd], pid[17417]
[xmlrpc][INFO] 2022-05-05 17:20:25,251: XML-RPC server binding to 0.0.0.0:0
[xmlrpc][INFO] 2022-05-05 17:20:25,252: Started XML-RPC server [http://robot-desktop:40189/]
[rospy.impl.masterslave][INFO] 2022-05-05 17:20:25,253: _ready: http://robot-desktop:40189/
[rospy.init][INFO] 2022-05-05 17:20:25,263: ROS Slave URI: [http://robot-desktop:40189/]
[xmlrpc][INFO] 2022-05-05 17:20:25,264: xml rpc node: starting XML-RPC server
[rospy.registration][INFO] 2022-05-05 17:20:25,265: Registering with master node http://robot-desktop:11311
[rospy.init][INFO] 2022-05-05 17:20:25,364: registered with master
[rospy.internal][INFO] 2022-05-05 17:20:25,643: topic[/car/mux/ackermann_cmd_mux/input/default] adding connection to [/car/mux/nodelet_manager], count 0
[rospy.core][INFO] 2022-05-05 17:20:32,163: signal_shutdown [signal-2]
[rospy.internal][INFO] 2022-05-05 17:20:32,208: topic[/car/mux/ackermann_cmd_mux/input/default] removing connection to /car/mux/nodelet_manager
[rospy.impl.masterslave][INFO] 2022-05-05 17:20:32,209: signal-2
[rospy.core][INFO] 2022-05-05 17:20:32,829: signal_shutdown [atexit]
[rospy.client][INFO] 2022-05-05 17:23:12,281: init_node, name[/car/mux/zero_ackermann_cmd], pid[18255]
[xmlrpc][INFO] 2022-05-05 17:23:12,283: XML-RPC server binding to 0.0.0.0:0
[xmlrpc][INFO] 2022-05-05 17:23:12,284: Started XML-RPC server [http://robot-desktop:41787/]
[rospy.init][INFO] 2022-05-05 17:23:12,285: ROS Slave URI: [http://robot-desktop:41787/]
[rospy.impl.masterslave][INFO] 2022-05-05 17:23:12,285: _ready: http://robot-desktop:41787/
[rospy.registration][INFO] 2022-05-05 17:23:12,295: Registering with master node http://robot-desktop:11311
[xmlrpc][INFO] 2022-05-05 17:23:12,296: xml rpc node: starting XML-RPC server
[rospy.init][INFO] 2022-05-05 17:23:12,386: registered with master
[rospy.internal][INFO] 2022-05-05 17:23:12,613: topic[/car/mux/ackermann_cmd_mux/input/default] adding connection to [/car/mux/nodelet_manager], count 0
[rospy.core][INFO] 2022-05-05 17:23:15,775: signal_shutdown [signal-2]
[rospy.internal][INFO] 2022-05-05 17:23:15,808: topic[/car/mux/ackermann_cmd_mux/input/default] removing connection to /car/mux/nodelet_manager
[rospy.impl.masterslave][INFO] 2022-05-05 17:23:15,809: signal-2
[rospy.core][INFO] 2022-05-05 17:23:16,443: signal_shutdown [atexit]
[rospy.client][INFO] 2022-05-05 17:27:29,350: init_node, name[/car/mux/zero_ackermann_cmd], pid[18904]
[xmlrpc][INFO] 2022-05-05 17:27:29,351: XML-RPC server binding to 0.0.0.0:0
[rospy.init][INFO] 2022-05-05 17:27:29,353: ROS Slave URI: [http://robot-desktop:44293/]
[xmlrpc][INFO] 2022-05-05 17:27:29,353: Started XML-RPC server [http://robot-desktop:44293/]
[rospy.impl.masterslave][INFO] 2022-05-05 17:27:29,355: _ready: http://robot-desktop:44293/
[xmlrpc][INFO] 2022-05-05 17:27:29,355: xml rpc node: starting XML-RPC server
[rospy.registration][INFO] 2022-05-05 17:27:29,356: Registering with master node http://robot-desktop:11311
[rospy.init][INFO] 2022-05-05 17:27:29,454: registered with master
[rospy.internal][INFO] 2022-05-05 17:27:29,652: topic[/car/mux/ackermann_cmd_mux/input/default] adding connection to [/car/mux/nodelet_manager], count 0
[rospy.core][INFO] 2022-05-05 17:29:13,903: signal_shutdown [signal-2]
[rospy.internal][INFO] 2022-05-05 17:29:13,927: topic[/car/mux/ackermann_cmd_mux/input/default] removing connection to /car/mux/nodelet_manager
[rospy.impl.masterslave][INFO] 2022-05-05 17:29:13,929: signal-2
[rospy.core][INFO] 2022-05-05 17:29:14,034: signal_shutdown [atexit]
[rospy.client][INFO] 2022-05-05 17:30:36,765: init_node, name[/car/mux/zero_ackermann_cmd], pid[19972]
[xmlrpc][INFO] 2022-05-05 17:30:36,766: XML-RPC server binding to 0.0.0.0:0
[xmlrpc][INFO] 2022-05-05 17:30:36,767: Started XML-RPC server [http://robot-desktop:42073/]
[rospy.impl.masterslave][INFO] 2022-05-05 17:30:36,768: _ready: http://robot-desktop:42073/
[rospy.init][INFO] 2022-05-05 17:30:36,769: ROS Slave URI: [http://robot-desktop:42073/]
[xmlrpc][INFO] 2022-05-05 17:30:36,771: xml rpc node: starting XML-RPC server
[rospy.registration][INFO] 2022-05-05 17:30:36,771: Registering with master node http://robot-desktop:11311
[rospy.init][INFO] 2022-05-05 17:30:36,869: registered with master
[rospy.internal][INFO] 2022-05-05 17:30:37,135: topic[/car/mux/ackermann_cmd_mux/input/default] adding connection to [/car/mux/nodelet_manager], count 0
[rospy.core][INFO] 2022-05-05 17:30:46,113: signal_shutdown [signal-2]
[rospy.internal][INFO] 2022-05-05 17:30:46,146: topic[/car/mux/ackermann_cmd_mux/input/default] removing connection to /car/mux/nodelet_manager
[rospy.impl.masterslave][INFO] 2022-05-05 17:30:46,146: signal-2
[rospy.core][INFO] 2022-05-05 17:30:46,249: signal_shutdown [atexit]
[rospy.client][INFO] 2022-05-05 17:31:41,878: init_node, name[/car/mux/zero_ackermann_cmd], pid[20483]
[xmlrpc][INFO] 2022-05-05 17:31:41,879: XML-RPC server binding to 0.0.0.0:0
[xmlrpc][INFO] 2022-05-05 17:31:41,880: Started XML-RPC server [http://robot-desktop:45229/]
[rospy.impl.masterslave][INFO] 2022-05-05 17:31:41,881: _ready: http://robot-desktop:45229/
[rospy.init][INFO] 2022-05-05 17:31:41,881: ROS Slave URI: [http://robot-desktop:45229/]
[rospy.registration][INFO] 2022-05-05 17:31:41,884: Registering with master node http://robot-desktop:11311
[xmlrpc][INFO] 2022-05-05 17:31:41,886: xml rpc node: starting XML-RPC server
[rospy.init][INFO] 2022-05-05 17:31:41,985: registered with master
[rospy.internal][INFO] 2022-05-05 17:31:42,252: topic[/car/mux/ackermann_cmd_mux/input/default] adding connection to [/car/mux/nodelet_manager], count 0
[rospy.core][INFO] 2022-05-05 17:31:45,285: signal_shutdown [signal-2]
[rospy.internal][INFO] 2022-05-05 17:31:45,308: topic[/car/mux/ackermann_cmd_mux/input/default] removing connection to /car/mux/nodelet_manager
[rospy.impl.masterslave][INFO] 2022-05-05 17:31:45,308: signal-2
[rospy.core][INFO] 2022-05-05 17:31:45,926: signal_shutdown [atexit]
[rospy.client][INFO] 2022-05-05 17:32:55,742: init_node, name[/car/mux/zero_ackermann_cmd], pid[20963]
[xmlrpc][INFO] 2022-05-05 17:32:55,743: XML-RPC server binding to 0.0.0.0:0
[rospy.init][INFO] 2022-05-05 17:32:55,748: ROS Slave URI: [http://robot-desktop:33343/]
[xmlrpc][INFO] 2022-05-05 17:32:55,748: Started XML-RPC server [http://robot-desktop:33343/]
[rospy.impl.masterslave][INFO] 2022-05-05 17:32:55,749: _ready: http://robot-desktop:33343/
[rospy.registration][INFO] 2022-05-05 17:32:55,750: Registering with master node http://robot-desktop:11311
[xmlrpc][INFO] 2022-05-05 17:32:55,750: xml rpc node: starting XML-RPC server
[rospy.init][INFO] 2022-05-05 17:32:55,849: registered with master
[rospy.internal][INFO] 2022-05-05 17:32:56,093: topic[/car/mux/ackermann_cmd_mux/input/default] adding connection to [/car/mux/nodelet_manager], count 0
[rospy.core][INFO] 2022-05-05 17:33:13,883: signal_shutdown [signal-2]
[rospy.internal][INFO] 2022-05-05 17:33:13,962: topic[/car/mux/ackermann_cmd_mux/input/default] removing connection to /car/mux/nodelet_manager
[rospy.impl.masterslave][INFO] 2022-05-05 17:33:13,963: signal-2
[rospy.core][INFO] 2022-05-05 17:33:14,580: signal_shutdown [atexit]
[rospy.client][INFO] 2022-05-05 17:33:57,485: init_node, name[/car/mux/zero_ackermann_cmd], pid[21626]
[xmlrpc][INFO] 2022-05-05 17:33:57,486: XML-RPC server binding to 0.0.0.0:0
[xmlrpc][INFO] 2022-05-05 17:33:57,487: Started XML-RPC server [http://robot-desktop:45411/]
[rospy.init][INFO] 2022-05-05 17:33:57,487: ROS Slave URI: [http://robot-desktop:45411/]
[rospy.impl.masterslave][INFO] 2022-05-05 17:33:57,488: _ready: http://robot-desktop:45411/
[rospy.registration][INFO] 2022-05-05 17:33:57,489: Registering with master node http://robot-desktop:11311
[xmlrpc][INFO] 2022-05-05 17:33:57,489: xml rpc node: starting XML-RPC server
[rospy.init][INFO] 2022-05-05 17:33:57,588: registered with master
[rospy.internal][INFO] 2022-05-05 17:33:57,853: topic[/car/mux/ackermann_cmd_mux/input/default] adding connection to [/car/mux/nodelet_manager], count 0
[rospy.core][INFO] 2022-05-05 17:34:28,917: signal_shutdown [signal-2]
[rospy.internal][INFO] 2022-05-05 17:34:28,954: topic[/car/mux/ackermann_cmd_mux/input/default] removing connection to /car/mux/nodelet_manager
[rospy.impl.masterslave][INFO] 2022-05-05 17:34:28,955: signal-2
[rospy.core][INFO] 2022-05-05 17:34:29,575: signal_shutdown [atexit]
[rospy.client][INFO] 2022-05-05 17:35:05,578: init_node, name[/car/mux/zero_ackermann_cmd], pid[22375]
[xmlrpc][INFO] 2022-05-05 17:35:05,579: XML-RPC server binding to 0.0.0.0:0
[xmlrpc][INFO] 2022-05-05 17:35:05,581: Started XML-RPC server [http://robot-desktop:46671/]
[rospy.init][INFO] 2022-05-05 17:35:05,582: ROS Slave URI: [http://robot-desktop:46671/]
[rospy.impl.masterslave][INFO] 2022-05-05 17:35:05,582: _ready: http://robot-desktop:46671/
[rospy.registration][INFO] 2022-05-05 17:35:05,588: Registering with master node http://robot-desktop:11311
[xmlrpc][INFO] 2022-05-05 17:35:05,589: xml rpc node: starting XML-RPC server
[rospy.init][INFO] 2022-05-05 17:35:05,683: registered with master
[rospy.internal][INFO] 2022-05-05 17:35:05,931: topic[/car/mux/ackermann_cmd_mux/input/default] adding connection to [/car/mux/nodelet_manager], count 0
[rospy.core][INFO] 2022-05-05 17:35:11,486: signal_shutdown [signal-2]
[rospy.internal][INFO] 2022-05-05 17:35:11,537: topic[/car/mux/ackermann_cmd_mux/input/default] removing connection to /car/mux/nodelet_manager
[rospy.impl.masterslave][INFO] 2022-05-05 17:35:11,538: signal-2
[rospy.core][INFO] 2022-05-05 17:35:12,160: signal_shutdown [atexit]
[rospy.client][INFO] 2022-05-05 17:42:09,684: init_node, name[/car/mux/zero_ackermann_cmd], pid[23163]
[xmlrpc][INFO] 2022-05-05 17:42:09,685: XML-RPC server binding to 0.0.0.0:0
[xmlrpc][INFO] 2022-05-05 17:42:09,687: Started XML-RPC server [http://robot-desktop:43135/]
[rospy.init][INFO] 2022-05-05 17:42:09,687: ROS Slave URI: [http://robot-desktop:43135/]
[rospy.impl.masterslave][INFO] 2022-05-05 17:42:09,688: _ready: http://robot-desktop:43135/
[rospy.registration][INFO] 2022-05-05 17:42:09,689: Registering with master node http://robot-desktop:11311
[xmlrpc][INFO] 2022-05-05 17:42:09,689: xml rpc node: starting XML-RPC server
[rospy.init][INFO] 2022-05-05 17:42:09,788: registered with master
[rospy.internal][INFO] 2022-05-05 17:42:10,077: topic[/car/mux/ackermann_cmd_mux/input/default] adding connection to [/car/mux/nodelet_manager], count 0
[rospy.core][INFO] 2022-05-05 17:42:19,775: signal_shutdown [signal-2]
[rospy.internal][INFO] 2022-05-05 17:42:19,806: topic[/car/mux/ackermann_cmd_mux/input/default] removing connection to /car/mux/nodelet_manager
[rospy.impl.masterslave][INFO] 2022-05-05 17:42:19,806: signal-2
[rospy.core][INFO] 2022-05-05 17:42:19,913: signal_shutdown [atexit]
[rospy.client][INFO] 2022-05-05 17:42:55,794: init_node, name[/car/mux/zero_ackermann_cmd], pid[23623]
[xmlrpc][INFO] 2022-05-05 17:42:55,796: XML-RPC server binding to 0.0.0.0:0
[rospy.init][INFO] 2022-05-05 17:42:55,798: ROS Slave URI: [http://robot-desktop:41787/]
[xmlrpc][INFO] 2022-05-05 17:42:55,799: Started XML-RPC server [http://robot-desktop:41787/]
[rospy.impl.masterslave][INFO] 2022-05-05 17:42:55,799: _ready: http://robot-desktop:41787/
[rospy.registration][INFO] 2022-05-05 17:42:55,807: Registering with master node http://robot-desktop:11311
[xmlrpc][INFO] 2022-05-05 17:42:55,808: xml rpc node: starting XML-RPC server
[rospy.init][INFO] 2022-05-05 17:42:55,899: registered with master
[rospy.internal][INFO] 2022-05-05 17:42:56,137: topic[/car/mux/ackermann_cmd_mux/input/default] adding connection to [/car/mux/nodelet_manager], count 0
[rospy.core][INFO] 2022-05-05 17:43:04,885: signal_shutdown [signal-2]
[rospy.internal][INFO] 2022-05-05 17:43:04,909: topic[/car/mux/ackermann_cmd_mux/input/default] removing connection to /car/mux/nodelet_manager
[rospy.impl.masterslave][INFO] 2022-05-05 17:43:04,910: signal-2
[rospy.core][INFO] 2022-05-05 17:43:05,044: signal_shutdown [atexit]
[rospy.client][INFO] 2022-05-05 17:46:30,489: init_node, name[/car/mux/zero_ackermann_cmd], pid[24160]
[xmlrpc][INFO] 2022-05-05 17:46:30,507: XML-RPC server binding to 0.0.0.0:0
[xmlrpc][INFO] 2022-05-05 17:46:30,508: Started XML-RPC server [http://robot-desktop:38529/]
[rospy.impl.masterslave][INFO] 2022-05-05 17:46:30,509: _ready: http://robot-desktop:38529/
[rospy.init][INFO] 2022-05-05 17:46:30,509: ROS Slave URI: [http://robot-desktop:38529/]
[rospy.registration][INFO] 2022-05-05 17:46:30,510: Registering with master node http://robot-desktop:11311
[xmlrpc][INFO] 2022-05-05 17:46:30,511: xml rpc node: starting XML-RPC server
[rospy.init][INFO] 2022-05-05 17:46:30,610: registered with master
[rospy.internal][INFO] 2022-05-05 17:46:30,868: topic[/car/mux/ackermann_cmd_mux/input/default] adding connection to [/car/mux/nodelet_manager], count 0
[rospy.core][INFO] 2022-05-05 17:46:43,621: signal_shutdown [signal-2]
[rospy.internal][INFO] 2022-05-05 17:46:43,635: topic[/car/mux/ackermann_cmd_mux/input/default] removing connection to /car/mux/nodelet_manager
[rospy.impl.masterslave][INFO] 2022-05-05 17:46:43,636: signal-2
[rospy.core][INFO] 2022-05-05 17:46:44,253: signal_shutdown [atexit]
[rospy.client][INFO] 2022-05-05 17:49:08,588: init_node, name[/car/mux/zero_ackermann_cmd], pid[24782]
[xmlrpc][INFO] 2022-05-05 17:49:08,591: XML-RPC server binding to 0.0.0.0:0
[xmlrpc][INFO] 2022-05-05 17:49:08,610: Started XML-RPC server [http://robot-desktop:33383/]
[rospy.impl.masterslave][INFO] 2022-05-05 17:49:08,610: _ready: http://robot-desktop:33383/
[rospy.init][INFO] 2022-05-05 17:49:08,612: ROS Slave URI: [http://robot-desktop:33383/]
[xmlrpc][INFO] 2022-05-05 17:49:08,615: xml rpc node: starting XML-RPC server
[rospy.registration][INFO] 2022-05-05 17:49:08,615: Registering with master node http://robot-desktop:11311
[rospy.init][INFO] 2022-05-05 17:49:08,712: registered with master
[rospy.internal][INFO] 2022-05-05 17:49:08,984: topic[/car/mux/ackermann_cmd_mux/input/default] adding connection to [/car/mux/nodelet_manager], count 0
[rospy.core][INFO] 2022-05-05 17:49:12,428: signal_shutdown [signal-2]
[rospy.internal][INFO] 2022-05-05 17:49:12,476: topic[/car/mux/ackermann_cmd_mux/input/default] removing connection to /car/mux/nodelet_manager
[rospy.impl.masterslave][INFO] 2022-05-05 17:49:12,477: signal-2
[rospy.core][INFO] 2022-05-05 17:49:13,044: signal_shutdown [atexit]
[rospy.client][INFO] 2022-05-05 17:53:10,838: init_node, name[/car/mux/zero_ackermann_cmd], pid[25319]
[xmlrpc][INFO] 2022-05-05 17:53:10,839: XML-RPC server binding to 0.0.0.0:0
[xmlrpc][INFO] 2022-05-05 17:53:10,840: Started XML-RPC server [http://robot-desktop:36089/]
[rospy.init][INFO] 2022-05-05 17:53:10,841: ROS Slave URI: [http://robot-desktop:36089/]
[rospy.impl.masterslave][INFO] 2022-05-05 17:53:10,841: _ready: http://robot-desktop:36089/
[rospy.registration][INFO] 2022-05-05 17:53:10,842: Registering with master node http://robot-desktop:11311
[xmlrpc][INFO] 2022-05-05 17:53:10,843: xml rpc node: starting XML-RPC server
[rospy.init][INFO] 2022-05-05 17:53:10,942: registered with master
[rospy.internal][INFO] 2022-05-05 17:53:11,217: topic[/car/mux/ackermann_cmd_mux/input/default] adding connection to [/car/mux/nodelet_manager], count 0
[rospy.core][INFO] 2022-05-05 17:53:15,792: signal_shutdown [signal-2]
[rospy.internal][INFO] 2022-05-05 17:53:15,816: topic[/car/mux/ackermann_cmd_mux/input/default] removing connection to /car/mux/nodelet_manager
[rospy.impl.masterslave][INFO] 2022-05-05 17:53:15,817: signal-2
[rospy.core][INFO] 2022-05-05 17:53:16,440: signal_shutdown [atexit]
[rospy.client][INFO] 2022-05-05 17:54:45,234: init_node, name[/car/mux/zero_ackermann_cmd], pid[25780]
[xmlrpc][INFO] 2022-05-05 17:54:45,235: XML-RPC server binding to 0.0.0.0:0
[rospy.init][INFO] 2022-05-05 17:54:45,237: ROS Slave URI: [http://robot-desktop:36909/]
[xmlrpc][INFO] 2022-05-05 17:54:45,238: Started XML-RPC server [http://robot-desktop:36909/]
[rospy.impl.masterslave][INFO] 2022-05-05 17:54:45,238: _ready: http://robot-desktop:36909/
[xmlrpc][INFO] 2022-05-05 17:54:45,239: xml rpc node: starting XML-RPC server
[rospy.registration][INFO] 2022-05-05 17:54:45,240: Registering with master node http://robot-desktop:11311
[rospy.init][INFO] 2022-05-05 17:54:45,338: registered with master
[rospy.internal][INFO] 2022-05-05 17:54:45,509: topic[/car/mux/ackermann_cmd_mux/input/default] adding connection to [/car/mux/nodelet_manager], count 0
[rospy.core][INFO] 2022-05-05 17:54:48,042: signal_shutdown [signal-2]
[rospy.internal][INFO] 2022-05-05 17:54:48,099: topic[/car/mux/ackermann_cmd_mux/input/default] removing connection to /car/mux/nodelet_manager
[rospy.impl.masterslave][INFO] 2022-05-05 17:54:48,099: signal-2
[rospy.core][INFO] 2022-05-05 17:54:48,674: signal_shutdown [atexit]
[rospy.client][INFO] 2022-05-05 17:56:05,105: init_node, name[/car/mux/zero_ackermann_cmd], pid[26250]
[xmlrpc][INFO] 2022-05-05 17:56:05,106: XML-RPC server binding to 0.0.0.0:0
[xmlrpc][INFO] 2022-05-05 17:56:05,108: Started XML-RPC server [http://robot-desktop:45727/]
[rospy.init][INFO] 2022-05-05 17:56:05,109: ROS Slave URI: [http://robot-desktop:45727/]
[rospy.impl.masterslave][INFO] 2022-05-05 17:56:05,109: _ready: http://robot-desktop:45727/
[xmlrpc][INFO] 2022-05-05 17:56:05,111: xml rpc node: starting XML-RPC server
[rospy.registration][INFO] 2022-05-05 17:56:05,111: Registering with master node http://robot-desktop:11311
[rospy.init][INFO] 2022-05-05 17:56:05,210: registered with master
[rospy.internal][INFO] 2022-05-05 17:56:05,494: topic[/car/mux/ackermann_cmd_mux/input/default] adding connection to [/car/mux/nodelet_manager], count 0
[rospy.core][INFO] 2022-05-05 17:56:07,813: signal_shutdown [signal-2]
[rospy.internal][INFO] 2022-05-05 17:56:07,845: topic[/car/mux/ackermann_cmd_mux/input/default] removing connection to /car/mux/nodelet_manager
[rospy.impl.masterslave][INFO] 2022-05-05 17:56:07,846: signal-2
[rospy.core][INFO] 2022-05-05 17:56:08,465: signal_shutdown [atexit]
[rospy.client][INFO] 2022-05-05 17:56:54,759: init_node, name[/car/mux/zero_ackermann_cmd], pid[26732]
[xmlrpc][INFO] 2022-05-05 17:56:54,760: XML-RPC server binding to 0.0.0.0:0
[xmlrpc][INFO] 2022-05-05 17:56:54,761: Started XML-RPC server [http://robot-desktop:34071/]
[rospy.init][INFO] 2022-05-05 17:56:54,762: ROS Slave URI: [http://robot-desktop:34071/]
[rospy.impl.masterslave][INFO] 2022-05-05 17:56:54,762: _ready: http://robot-desktop:34071/
[rospy.registration][INFO] 2022-05-05 17:56:54,766: Registering with master node http://robot-desktop:11311
[xmlrpc][INFO] 2022-05-05 17:56:54,767: xml rpc node: starting XML-RPC server
[rospy.init][INFO] 2022-05-05 17:56:54,863: registered with master
[rospy.internal][INFO] 2022-05-05 17:56:55,108: topic[/car/mux/ackermann_cmd_mux/input/default] adding connection to [/car/mux/nodelet_manager], count 0
[rospy.core][INFO] 2022-05-05 17:56:57,490: signal_shutdown [signal-2]
[rospy.internal][INFO] 2022-05-05 17:56:57,505: topic[/car/mux/ackermann_cmd_mux/input/default] removing connection to /car/mux/nodelet_manager
[rospy.impl.masterslave][INFO] 2022-05-05 17:56:57,506: signal-2
[rospy.core][INFO] 2022-05-05 17:56:57,639: signal_shutdown [atexit]
[rospy.client][INFO] 2022-05-05 17:57:43,911: init_node, name[/car/mux/zero_ackermann_cmd], pid[27214]
[xmlrpc][INFO] 2022-05-05 17:57:43,913: XML-RPC server binding to 0.0.0.0:0
[xmlrpc][INFO] 2022-05-05 17:57:43,914: Started XML-RPC server [http://robot-desktop:46873/]
[rospy.init][INFO] 2022-05-05 17:57:43,915: ROS Slave URI: [http://robot-desktop:46873/]
[rospy.impl.masterslave][INFO] 2022-05-05 17:57:43,915: _ready: http://robot-desktop:46873/
[rospy.registration][INFO] 2022-05-05 17:57:43,916: Registering with master node http://robot-desktop:11311
[xmlrpc][INFO] 2022-05-05 17:57:43,917: xml rpc node: starting XML-RPC server
[rospy.init][INFO] 2022-05-05 17:57:44,016: registered with master
[rospy.internal][INFO] 2022-05-05 17:57:44,313: topic[/car/mux/ackermann_cmd_mux/input/default] adding connection to [/car/mux/nodelet_manager], count 0
[rospy.core][INFO] 2022-05-05 17:58:30,823: signal_shutdown [signal-2]
[rospy.internal][INFO] 2022-05-05 17:58:30,853: topic[/car/mux/ackermann_cmd_mux/input/default] removing connection to /car/mux/nodelet_manager
[rospy.impl.masterslave][INFO] 2022-05-05 17:58:30,854: signal-2
[rospy.core][INFO] 2022-05-05 17:58:31,470: signal_shutdown [atexit]
[rospy.client][INFO] 2022-05-05 18:07:00,721: init_node, name[/car/mux/zero_ackermann_cmd], pid[30401]
[xmlrpc][INFO] 2022-05-05 18:07:00,723: XML-RPC server binding to 0.0.0.0:0
[xmlrpc][INFO] 2022-05-05 18:07:00,724: Started XML-RPC server [http://robot-desktop:46675/]
[rospy.init][INFO] 2022-05-05 18:07:00,725: ROS Slave URI: [http://robot-desktop:46675/]
[rospy.impl.masterslave][INFO] 2022-05-05 18:07:00,725: _ready: http://robot-desktop:46675/
[xmlrpc][INFO] 2022-05-05 18:07:00,727: xml rpc node: starting XML-RPC server
[rospy.registration][INFO] 2022-05-05 18:07:00,728: Registering with master node http://robot-desktop:11311
[rospy.init][INFO] 2022-05-05 18:07:00,826: registered with master
[rospy.internal][INFO] 2022-05-05 18:07:01,067: topic[/car/mux/ackermann_cmd_mux/input/default] adding connection to [/car/mux/nodelet_manager], count 0
[rospy.core][INFO] 2022-05-05 18:07:15,013: signal_shutdown [signal-2]
[rospy.internal][INFO] 2022-05-05 18:07:15,075: topic[/car/mux/ackermann_cmd_mux/input/default] removing connection to /car/mux/nodelet_manager
[rospy.impl.masterslave][INFO] 2022-05-05 18:07:15,076: signal-2
[rospy.core][INFO] 2022-05-05 18:07:15,695: signal_shutdown [atexit]
[rospy.client][INFO] 2022-05-05 18:08:52,203: init_node, name[/car/mux/zero_ackermann_cmd], pid[31740]
[xmlrpc][INFO] 2022-05-05 18:08:52,205: XML-RPC server binding to 0.0.0.0:0
[xmlrpc][INFO] 2022-05-05 18:08:52,206: Started XML-RPC server [http://robot-desktop:32813/]
[rospy.impl.masterslave][INFO] 2022-05-05 18:08:52,209: _ready: http://robot-desktop:32813/
[rospy.init][INFO] 2022-05-05 18:08:52,207: ROS Slave URI: [http://robot-desktop:32813/]
[xmlrpc][INFO] 2022-05-05 18:08:52,211: xml rpc node: starting XML-RPC server
[rospy.registration][INFO] 2022-05-05 18:08:52,212: Registering with master node http://robot-desktop:11311
[rospy.init][INFO] 2022-05-05 18:08:52,312: registered with master
[rospy.internal][INFO] 2022-05-05 18:08:52,627: topic[/car/mux/ackermann_cmd_mux/input/default] adding connection to [/car/mux/nodelet_manager], count 0
[rospy.core][INFO] 2022-05-05 18:09:04,765: signal_shutdown [signal-2]
[rospy.internal][INFO] 2022-05-05 18:09:04,779: topic[/car/mux/ackermann_cmd_mux/input/default] removing connection to /car/mux/nodelet_manager
[rospy.impl.masterslave][INFO] 2022-05-05 18:09:04,780: signal-2
[rospy.core][INFO] 2022-05-05 18:09:04,897: signal_shutdown [atexit]
[rospy.client][INFO] 2022-05-05 18:10:55,749: init_node, name[/car/mux/zero_ackermann_cmd], pid[397]
[xmlrpc][INFO] 2022-05-05 18:10:55,750: XML-RPC server binding to 0.0.0.0:0
[xmlrpc][INFO] 2022-05-05 18:10:55,755: Started XML-RPC server [http://robot-desktop:43987/]
[rospy.impl.masterslave][INFO] 2022-05-05 18:10:55,755: _ready: http://robot-desktop:43987/
[rospy.init][INFO] 2022-05-05 18:10:55,756: ROS Slave URI: [http://robot-desktop:43987/]
[rospy.registration][INFO] 2022-05-05 18:10:55,758: Registering with master node http://robot-desktop:11311
[xmlrpc][INFO] 2022-05-05 18:10:55,762: xml rpc node: starting XML-RPC server
[rospy.init][INFO] 2022-05-05 18:10:55,857: registered with master
[rospy.internal][INFO] 2022-05-05 18:10:56,099: topic[/car/mux/ackermann_cmd_mux/input/default] adding connection to [/car/mux/nodelet_manager], count 0
[rospy.core][INFO] 2022-05-05 18:11:15,828: signal_shutdown [signal-2]
[rospy.internal][INFO] 2022-05-05 18:11:15,846: topic[/car/mux/ackermann_cmd_mux/input/default] removing connection to /car/mux/nodelet_manager
[rospy.impl.masterslave][INFO] 2022-05-05 18:11:15,846: signal-2
[rospy.core][INFO] 2022-05-05 18:11:15,950: signal_shutdown [atexit]
[rospy.client][INFO] 2022-05-05 18:12:42,348: init_node, name[/car/mux/zero_ackermann_cmd], pid[2109]
[xmlrpc][INFO] 2022-05-05 18:12:42,349: XML-RPC server binding to 0.0.0.0:0
[xmlrpc][INFO] 2022-05-05 18:12:42,350: Started XML-RPC server [http://robot-desktop:41013/]
[rospy.init][INFO] 2022-05-05 18:12:42,351: ROS Slave URI: [http://robot-desktop:41013/]
[rospy.impl.masterslave][INFO] 2022-05-05 18:12:42,351: _ready: http://robot-desktop:41013/
[rospy.registration][INFO] 2022-05-05 18:12:42,353: Registering with master node http://robot-desktop:11311
[xmlrpc][INFO] 2022-05-05 18:12:42,353: xml rpc node: starting XML-RPC server
[rospy.init][INFO] 2022-05-05 18:12:42,452: registered with master
[rospy.internal][INFO] 2022-05-05 18:12:42,752: topic[/car/mux/ackermann_cmd_mux/input/default] adding connection to [/car/mux/nodelet_manager], count 0
[rospy.core][INFO] 2022-05-05 18:12:48,290: signal_shutdown [signal-2]
[rospy.internal][INFO] 2022-05-05 18:12:48,312: topic[/car/mux/ackermann_cmd_mux/input/default] removing connection to /car/mux/nodelet_manager
[rospy.impl.masterslave][INFO] 2022-05-05 18:12:48,313: signal-2
[rospy.core][INFO] 2022-05-05 18:12:48,425: signal_shutdown [atexit]
[rospy.client][INFO] 2022-05-05 18:13:54,611: init_node, name[/car/mux/zero_ackermann_cmd], pid[2622]
[xmlrpc][INFO] 2022-05-05 18:13:54,613: XML-RPC server binding to 0.0.0.0:0
[rospy.init][INFO] 2022-05-05 18:13:54,615: ROS Slave URI: [http://robot-desktop:40537/]
[xmlrpc][INFO] 2022-05-05 18:13:54,616: Started XML-RPC server [http://robot-desktop:40537/]
[rospy.impl.masterslave][INFO] 2022-05-05 18:13:54,616: _ready: http://robot-desktop:40537/
[rospy.registration][INFO] 2022-05-05 18:13:54,617: Registering with master node http://robot-desktop:11311
[xmlrpc][INFO] 2022-05-05 18:13:54,619: xml rpc node: starting XML-RPC server
[rospy.init][INFO] 2022-05-05 18:13:54,716: registered with master
[rospy.internal][INFO] 2022-05-05 18:13:54,986: topic[/car/mux/ackermann_cmd_mux/input/default] adding connection to [/car/mux/nodelet_manager], count 0
[rospy.core][INFO] 2022-05-05 18:13:57,750: signal_shutdown [signal-2]
[rospy.internal][INFO] 2022-05-05 18:13:57,808: topic[/car/mux/ackermann_cmd_mux/input/default] removing connection to /car/mux/nodelet_manager
[rospy.impl.masterslave][INFO] 2022-05-05 18:13:57,809: signal-2
[rospy.core][INFO] 2022-05-05 18:13:58,430: signal_shutdown [atexit]
[rospy.client][INFO] 2022-05-05 18:15:53,349: init_node, name[/car/mux/zero_ackermann_cmd], pid[3117]
[xmlrpc][INFO] 2022-05-05 18:15:53,351: XML-RPC server binding to 0.0.0.0:0
[xmlrpc][INFO] 2022-05-05 18:15:53,352: Started XML-RPC server [http://robot-desktop:41807/]
[rospy.impl.masterslave][INFO] 2022-05-05 18:15:53,353: _ready: http://robot-desktop:41807/
[rospy.init][INFO] 2022-05-05 18:15:53,353: ROS Slave URI: [http://robot-desktop:41807/]
[xmlrpc][INFO] 2022-05-05 18:15:53,355: xml rpc node: starting XML-RPC server
[rospy.registration][INFO] 2022-05-05 18:15:53,354: Registering with master node http://robot-desktop:11311
[rospy.init][INFO] 2022-05-05 18:15:53,454: registered with master
[rospy.internal][INFO] 2022-05-05 18:15:53,599: topic[/car/mux/ackermann_cmd_mux/input/default] adding connection to [/car/mux/nodelet_manager], count 0
[rospy.core][INFO] 2022-05-05 18:16:00,686: signal_shutdown [signal-2]
[rospy.internal][INFO] 2022-05-05 18:16:00,734: topic[/car/mux/ackermann_cmd_mux/input/default] removing connection to /car/mux/nodelet_manager
[rospy.impl.masterslave][INFO] 2022-05-05 18:16:00,735: signal-2
[rospy.core][INFO] 2022-05-05 18:16:00,837: signal_shutdown [atexit]
[rospy.client][INFO] 2022-05-05 18:17:35,700: init_node, name[/car/mux/zero_ackermann_cmd], pid[3939]
[xmlrpc][INFO] 2022-05-05 18:17:35,702: XML-RPC server binding to 0.0.0.0:0
[xmlrpc][INFO] 2022-05-05 18:17:35,704: Started XML-RPC server [http://robot-desktop:40233/]
[rospy.impl.masterslave][INFO] 2022-05-05 18:17:35,711: _ready: http://robot-desktop:40233/
[rospy.init][INFO] 2022-05-05 18:17:35,714: ROS Slave URI: [http://robot-desktop:40233/]
[rospy.registration][INFO] 2022-05-05 18:17:35,716: Registering with master node http://robot-desktop:11311
[xmlrpc][INFO] 2022-05-05 18:17:35,717: xml rpc node: starting XML-RPC server
[rospy.init][INFO] 2022-05-05 18:17:35,815: registered with master
[rospy.internal][INFO] 2022-05-05 18:17:36,107: topic[/car/mux/ackermann_cmd_mux/input/default] adding connection to [/car/mux/nodelet_manager], count 0
[rospy.core][INFO] 2022-05-05 18:17:46,519: signal_shutdown [signal-2]
[rospy.internal][INFO] 2022-05-05 18:17:46,547: topic[/car/mux/ackermann_cmd_mux/input/default] removing connection to /car/mux/nodelet_manager
[rospy.impl.masterslave][INFO] 2022-05-05 18:17:46,548: signal-2
[rospy.core][INFO] 2022-05-05 18:17:46,651: signal_shutdown [atexit]
[rospy.client][INFO] 2022-05-05 18:18:40,164: init_node, name[/car/mux/zero_ackermann_cmd], pid[4990]
[xmlrpc][INFO] 2022-05-05 18:18:40,175: XML-RPC server binding to 0.0.0.0:0
[xmlrpc][INFO] 2022-05-05 18:18:40,176: Started XML-RPC server [http://robot-desktop:41329/]
[rospy.impl.masterslave][INFO] 2022-05-05 18:18:40,177: _ready: http://robot-desktop:41329/
[rospy.init][INFO] 2022-05-05 18:18:40,179: ROS Slave URI: [http://robot-desktop:41329/]
[rospy.registration][INFO] 2022-05-05 18:18:40,178: Registering with master node http://robot-desktop:11311
[xmlrpc][INFO] 2022-05-05 18:18:40,183: xml rpc node: starting XML-RPC server
[rospy.init][INFO] 2022-05-05 18:18:40,280: registered with master
[rospy.internal][INFO] 2022-05-05 18:18:40,471: topic[/car/mux/ackermann_cmd_mux/input/default] adding connection to [/car/mux/nodelet_manager], count 0
[rospy.core][INFO] 2022-05-05 18:18:52,400: signal_shutdown [signal-2]
[rospy.internal][INFO] 2022-05-05 18:18:52,455: topic[/car/mux/ackermann_cmd_mux/input/default] removing connection to /car/mux/nodelet_manager
[rospy.impl.masterslave][INFO] 2022-05-05 18:18:52,456: signal-2
[rospy.core][INFO] 2022-05-05 18:18:53,024: signal_shutdown [atexit]
[rospy.client][INFO] 2022-05-05 18:20:57,003: init_node, name[/car/mux/zero_ackermann_cmd], pid[6230]
[xmlrpc][INFO] 2022-05-05 18:20:57,004: XML-RPC server binding to 0.0.0.0:0
[xmlrpc][INFO] 2022-05-05 18:20:57,005: Started XML-RPC server [http://robot-desktop:38835/]
[rospy.impl.masterslave][INFO] 2022-05-05 18:20:57,006: _ready: http://robot-desktop:38835/
[rospy.init][INFO] 2022-05-05 18:20:57,007: ROS Slave URI: [http://robot-desktop:38835/]
[rospy.registration][INFO] 2022-05-05 18:20:57,008: Registering with master node http://robot-desktop:11311
[xmlrpc][INFO] 2022-05-05 18:20:57,008: xml rpc node: starting XML-RPC server
[rospy.init][INFO] 2022-05-05 18:20:57,108: registered with master
[rospy.internal][INFO] 2022-05-05 18:20:57,356: topic[/car/mux/ackermann_cmd_mux/input/default] adding connection to [/car/mux/nodelet_manager], count 0
[rospy.core][INFO] 2022-05-05 18:21:07,474: signal_shutdown [signal-2]
[rospy.internal][INFO] 2022-05-05 18:21:07,521: topic[/car/mux/ackermann_cmd_mux/input/default] removing connection to /car/mux/nodelet_manager
[rospy.impl.masterslave][INFO] 2022-05-05 18:21:07,521: signal-2
[rospy.core][INFO] 2022-05-05 18:21:08,090: signal_shutdown [atexit]
[rospy.client][INFO] 2022-05-05 18:23:44,530: init_node, name[/car/mux/zero_ackermann_cmd], pid[7317]
[xmlrpc][INFO] 2022-05-05 18:23:44,531: XML-RPC server binding to 0.0.0.0:0
[xmlrpc][INFO] 2022-05-05 18:23:44,532: Started XML-RPC server [http://robot-desktop:44429/]
[rospy.init][INFO] 2022-05-05 18:23:44,533: ROS Slave URI: [http://robot-desktop:44429/]
[rospy.impl.masterslave][INFO] 2022-05-05 18:23:44,533: _ready: http://robot-desktop:44429/
[rospy.registration][INFO] 2022-05-05 18:23:44,534: Registering with master node http://robot-desktop:11311
[xmlrpc][INFO] 2022-05-05 18:23:44,534: xml rpc node: starting XML-RPC server
[rospy.init][INFO] 2022-05-05 18:23:44,634: registered with master
[rospy.internal][INFO] 2022-05-05 18:23:44,897: topic[/car/mux/ackermann_cmd_mux/input/default] adding connection to [/car/mux/nodelet_manager], count 0
[rospy.core][INFO] 2022-05-05 18:24:08,542: signal_shutdown [signal-2]
[rospy.internal][INFO] 2022-05-05 18:24:08,558: topic[/car/mux/ackermann_cmd_mux/input/default] removing connection to /car/mux/nodelet_manager
[rospy.impl.masterslave][INFO] 2022-05-05 18:24:08,560: signal-2
[rospy.core][INFO] 2022-05-05 18:24:08,662: signal_shutdown [atexit]
[rospy.client][INFO] 2022-05-05 18:24:54,974: init_node, name[/car/mux/zero_ackermann_cmd], pid[9155]
[xmlrpc][INFO] 2022-05-05 18:24:54,976: XML-RPC server binding to 0.0.0.0:0
[xmlrpc][INFO] 2022-05-05 18:24:54,977: Started XML-RPC server [http://robot-desktop:42511/]
[rospy.init][INFO] 2022-05-05 18:24:54,978: ROS Slave URI: [http://robot-desktop:42511/]
[rospy.impl.masterslave][INFO] 2022-05-05 18:24:54,978: _ready: http://robot-desktop:42511/
[rospy.registration][INFO] 2022-05-05 18:24:54,979: Registering with master node http://robot-desktop:11311
[xmlrpc][INFO] 2022-05-05 18:24:54,980: xml rpc node: starting XML-RPC server
[rospy.init][INFO] 2022-05-05 18:24:55,079: registered with master
[rospy.internal][INFO] 2022-05-05 18:24:55,290: topic[/car/mux/ackermann_cmd_mux/input/default] adding connection to [/car/mux/nodelet_manager], count 0
[rospy.core][INFO] 2022-05-05 18:27:02,526: signal_shutdown [signal-2]
[rospy.internal][INFO] 2022-05-05 18:27:02,555: topic[/car/mux/ackermann_cmd_mux/input/default] removing connection to /car/mux/nodelet_manager
[rospy.impl.masterslave][INFO] 2022-05-05 18:27:02,557: signal-2
[rospy.core][INFO] 2022-05-05 18:27:02,659: signal_shutdown [atexit]
[rospy.client][INFO] 2022-05-05 18:28:04,165: init_node, name[/car/mux/zero_ackermann_cmd], pid[16620]
[xmlrpc][INFO] 2022-05-05 18:28:04,167: XML-RPC server binding to 0.0.0.0:0
[rospy.init][INFO] 2022-05-05 18:28:04,169: ROS Slave URI: [http://robot-desktop:36843/]
[xmlrpc][INFO] 2022-05-05 18:28:04,170: Started XML-RPC server [http://robot-desktop:36843/]
[rospy.impl.masterslave][INFO] 2022-05-05 18:28:04,170: _ready: http://robot-desktop:36843/
[rospy.registration][INFO] 2022-05-05 18:28:04,171: Registering with master node http://robot-desktop:11311
[xmlrpc][INFO] 2022-05-05 18:28:04,172: xml rpc node: starting XML-RPC server
[rospy.init][INFO] 2022-05-05 18:28:04,270: registered with master
[rospy.internal][INFO] 2022-05-05 18:28:04,501: topic[/car/mux/ackermann_cmd_mux/input/default] adding connection to [/car/mux/nodelet_manager], count 0
[rospy.core][INFO] 2022-05-05 18:30:09,942: signal_shutdown [signal-2]
[rospy.internal][INFO] 2022-05-05 18:30:09,987: topic[/car/mux/ackermann_cmd_mux/input/default] removing connection to /car/mux/nodelet_manager
[rospy.impl.masterslave][INFO] 2022-05-05 18:30:09,988: signal-2
[rospy.core][INFO] 2022-05-05 18:30:10,609: signal_shutdown [atexit]
[rospy.client][INFO] 2022-05-05 18:30:37,847: init_node, name[/car/mux/zero_ackermann_cmd], pid[23906]
[xmlrpc][INFO] 2022-05-05 18:30:37,848: XML-RPC server binding to 0.0.0.0:0
[xmlrpc][INFO] 2022-05-05 18:30:37,849: Started XML-RPC server [http://robot-desktop:44003/]
[rospy.init][INFO] 2022-05-05 18:30:37,853: ROS Slave URI: [http://robot-desktop:44003/]
[rospy.impl.masterslave][INFO] 2022-05-05 18:30:37,853: _ready: http://robot-desktop:44003/
[rospy.registration][INFO] 2022-05-05 18:30:37,855: Registering with master node http://robot-desktop:11311
[xmlrpc][INFO] 2022-05-05 18:30:37,855: xml rpc node: starting XML-RPC server
[rospy.init][INFO] 2022-05-05 18:30:37,954: registered with master
[rospy.internal][INFO] 2022-05-05 18:30:38,222: topic[/car/mux/ackermann_cmd_mux/input/default] adding connection to [/car/mux/nodelet_manager], count 0
[rospy.core][INFO] 2022-05-05 18:32:28,651: signal_shutdown [signal-2]
[rospy.internal][INFO] 2022-05-05 18:32:28,685: topic[/car/mux/ackermann_cmd_mux/input/default] removing connection to /car/mux/nodelet_manager
[rospy.impl.masterslave][INFO] 2022-05-05 18:32:28,686: signal-2
[rospy.core][INFO] 2022-05-05 18:32:29,305: signal_shutdown [atexit]
[rospy.client][INFO] 2022-05-05 18:33:35,715: init_node, name[/car/mux/zero_ackermann_cmd], pid[30396]
[xmlrpc][INFO] 2022-05-05 18:33:35,717: XML-RPC server binding to 0.0.0.0:0
[xmlrpc][INFO] 2022-05-05 18:33:35,720: Started XML-RPC server [http://robot-desktop:44435/]
[rospy.init][INFO] 2022-05-05 18:33:35,721: ROS Slave URI: [http://robot-desktop:44435/]
[rospy.impl.masterslave][INFO] 2022-05-05 18:33:35,721: _ready: http://robot-desktop:44435/
[rospy.registration][INFO] 2022-05-05 18:33:35,722: Registering with master node http://robot-desktop:11311
[xmlrpc][INFO] 2022-05-05 18:33:35,723: xml rpc node: starting XML-RPC server
[rospy.init][INFO] 2022-05-05 18:33:35,822: registered with master
[rospy.internal][INFO] 2022-05-05 18:33:36,118: topic[/car/mux/ackermann_cmd_mux/input/default] adding connection to [/car/mux/nodelet_manager], count 0
[rospy.core][INFO] 2022-05-05 18:33:55,369: signal_shutdown [signal-2]
[rospy.internal][INFO] 2022-05-05 18:33:55,387: topic[/car/mux/ackermann_cmd_mux/input/default] removing connection to /car/mux/nodelet_manager
[rospy.impl.masterslave][INFO] 2022-05-05 18:33:55,388: signal-2
[rospy.core][INFO] 2022-05-05 18:33:55,505: signal_shutdown [atexit]
[rospy.client][INFO] 2022-05-05 18:34:24,539: init_node, name[/car/mux/zero_ackermann_cmd], pid[31979]
[xmlrpc][INFO] 2022-05-05 18:34:24,540: XML-RPC server binding to 0.0.0.0:0
[xmlrpc][INFO] 2022-05-05 18:34:24,545: Started XML-RPC server [http://robot-desktop:34589/]
[rospy.init][INFO] 2022-05-05 18:34:24,546: ROS Slave URI: [http://robot-desktop:34589/]
[rospy.impl.masterslave][INFO] 2022-05-05 18:34:24,546: _ready: http://robot-desktop:34589/
[xmlrpc][INFO] 2022-05-05 18:34:24,548: xml rpc node: starting XML-RPC server
[rospy.registration][INFO] 2022-05-05 18:34:24,548: Registering with master node http://robot-desktop:11311
[rospy.init][INFO] 2022-05-05 18:34:24,647: registered with master
[rospy.internal][INFO] 2022-05-05 18:34:24,934: topic[/car/mux/ackermann_cmd_mux/input/default] adding connection to [/car/mux/nodelet_manager], count 0
[rospy.core][INFO] 2022-05-05 18:34:51,475: signal_shutdown [signal-2]
[rospy.internal][INFO] 2022-05-05 18:34:51,533: topic[/car/mux/ackermann_cmd_mux/input/default] removing connection to /car/mux/nodelet_manager
[rospy.impl.masterslave][INFO] 2022-05-05 18:34:51,534: signal-2
[rospy.core][INFO] 2022-05-05 18:34:52,106: signal_shutdown [atexit]
[rospy.client][INFO] 2022-05-05 18:35:17,129: init_node, name[/car/mux/zero_ackermann_cmd], pid[1550]
[xmlrpc][INFO] 2022-05-05 18:35:17,130: XML-RPC server binding to 0.0.0.0:0
[xmlrpc][INFO] 2022-05-05 18:35:17,131: Started XML-RPC server [http://robot-desktop:45475/]
[rospy.impl.masterslave][INFO] 2022-05-05 18:35:17,132: _ready: http://robot-desktop:45475/
[rospy.init][INFO] 2022-05-05 18:35:17,133: ROS Slave URI: [http://robot-desktop:45475/]
[rospy.registration][INFO] 2022-05-05 18:35:17,134: Registering with master node http://robot-desktop:11311
[xmlrpc][INFO] 2022-05-05 18:35:17,134: xml rpc node: starting XML-RPC server
[rospy.init][INFO] 2022-05-05 18:35:17,235: registered with master
[rospy.internal][INFO] 2022-05-05 18:35:17,525: topic[/car/mux/ackermann_cmd_mux/input/default] adding connection to [/car/mux/nodelet_manager], count 0
[rospy.core][INFO] 2022-05-05 18:36:46,434: signal_shutdown [signal-2]
[rospy.internal][INFO] 2022-05-05 18:36:46,466: topic[/car/mux/ackermann_cmd_mux/input/default] removing connection to /car/mux/nodelet_manager
[rospy.impl.masterslave][INFO] 2022-05-05 18:36:46,467: signal-2
[rospy.core][INFO] 2022-05-05 18:36:46,585: signal_shutdown [atexit]
[rospy.client][INFO] 2022-05-05 18:38:30,938: init_node, name[/car/mux/zero_ackermann_cmd], pid[7215]
[xmlrpc][INFO] 2022-05-05 18:38:30,940: XML-RPC server binding to 0.0.0.0:0
[rospy.init][INFO] 2022-05-05 18:38:30,946: ROS Slave URI: [http://robot-desktop:33257/]
[xmlrpc][INFO] 2022-05-05 18:38:30,946: Started XML-RPC server [http://robot-desktop:33257/]
[rospy.impl.masterslave][INFO] 2022-05-05 18:38:30,947: _ready: http://robot-desktop:33257/
[rospy.registration][INFO] 2022-05-05 18:38:30,951: Registering with master node http://robot-desktop:11311
[xmlrpc][INFO] 2022-05-05 18:38:30,953: xml rpc node: starting XML-RPC server
[rospy.init][INFO] 2022-05-05 18:38:31,046: registered with master
[rospy.internal][INFO] 2022-05-05 18:38:31,355: topic[/car/mux/ackermann_cmd_mux/input/default] adding connection to [/car/mux/nodelet_manager], count 0
[rospy.core][INFO] 2022-05-05 18:39:27,716: signal_shutdown [signal-2]
[rospy.internal][INFO] 2022-05-05 18:39:27,781: topic[/car/mux/ackermann_cmd_mux/input/default] removing connection to /car/mux/nodelet_manager
[rospy.impl.masterslave][INFO] 2022-05-05 18:39:27,781: signal-2
[rospy.core][INFO] 2022-05-05 18:39:28,358: signal_shutdown [atexit]
[rospy.client][INFO] 2022-05-05 18:40:00,678: init_node, name[/car/mux/zero_ackermann_cmd], pid[10847]
[xmlrpc][INFO] 2022-05-05 18:40:00,679: XML-RPC server binding to 0.0.0.0:0
[xmlrpc][INFO] 2022-05-05 18:40:00,681: Started XML-RPC server [http://robot-desktop:33235/]
[rospy.init][INFO] 2022-05-05 18:40:00,681: ROS Slave URI: [http://robot-desktop:33235/]
[rospy.impl.masterslave][INFO] 2022-05-05 18:40:00,682: _ready: http://robot-desktop:33235/
[rospy.registration][INFO] 2022-05-05 18:40:00,690: Registering with master node http://robot-desktop:11311
[xmlrpc][INFO] 2022-05-05 18:40:00,693: xml rpc node: starting XML-RPC server
[rospy.init][INFO] 2022-05-05 18:40:00,783: registered with master
[rospy.internal][INFO] 2022-05-05 18:40:01,015: topic[/car/mux/ackermann_cmd_mux/input/default] adding connection to [/car/mux/nodelet_manager], count 0
[rospy.core][INFO] 2022-05-05 18:40:34,494: signal_shutdown [signal-2]
[rospy.internal][INFO] 2022-05-05 18:40:34,535: topic[/car/mux/ackermann_cmd_mux/input/default] removing connection to /car/mux/nodelet_manager
[rospy.impl.masterslave][INFO] 2022-05-05 18:40:34,536: signal-2
[rospy.core][INFO] 2022-05-05 18:40:35,154: signal_shutdown [atexit]
[rospy.client][INFO] 2022-05-05 18:40:58,250: init_node, name[/car/mux/zero_ackermann_cmd], pid[13271]
[xmlrpc][INFO] 2022-05-05 18:40:58,251: XML-RPC server binding to 0.0.0.0:0
[rospy.init][INFO] 2022-05-05 18:40:58,253: ROS Slave URI: [http://robot-desktop:37013/]
[xmlrpc][INFO] 2022-05-05 18:40:58,254: Started XML-RPC server [http://robot-desktop:37013/]
[rospy.impl.masterslave][INFO] 2022-05-05 18:40:58,254: _ready: http://robot-desktop:37013/
[rospy.registration][INFO] 2022-05-05 18:40:58,259: Registering with master node http://robot-desktop:11311
[xmlrpc][INFO] 2022-05-05 18:40:58,259: xml rpc node: starting XML-RPC server
[rospy.init][INFO] 2022-05-05 18:40:58,354: registered with master
[rospy.internal][INFO] 2022-05-05 18:40:58,610: topic[/car/mux/ackermann_cmd_mux/input/default] adding connection to [/car/mux/nodelet_manager], count 0
[rospy.core][INFO] 2022-05-05 18:43:29,290: signal_shutdown [signal-2]
[rospy.internal][INFO] 2022-05-05 18:43:29,334: topic[/car/mux/ackermann_cmd_mux/input/default] removing connection to /car/mux/nodelet_manager
[rospy.impl.masterslave][INFO] 2022-05-05 18:43:29,335: signal-2
[rospy.core][INFO] 2022-05-05 18:43:29,955: signal_shutdown [atexit]
[rospy.client][INFO] 2022-05-05 18:44:34,390: init_node, name[/car/mux/zero_ackermann_cmd], pid[21923]
[xmlrpc][INFO] 2022-05-05 18:44:34,399: XML-RPC server binding to 0.0.0.0:0
[xmlrpc][INFO] 2022-05-05 18:44:34,401: Started XML-RPC server [http://robot-desktop:32979/]
[rospy.init][INFO] 2022-05-05 18:44:34,411: ROS Slave URI: [http://robot-desktop:32979/]
[rospy.impl.masterslave][INFO] 2022-05-05 18:44:34,415: _ready: http://robot-desktop:32979/
[rospy.registration][INFO] 2022-05-05 18:44:34,419: Registering with master node http://robot-desktop:11311
[xmlrpc][INFO] 2022-05-05 18:44:34,419: xml rpc node: starting XML-RPC server
[rospy.init][INFO] 2022-05-05 18:44:34,517: registered with master
[rospy.internal][INFO] 2022-05-05 18:44:34,753: topic[/car/mux/ackermann_cmd_mux/input/default] adding connection to [/car/mux/nodelet_manager], count 0
[rospy.core][INFO] 2022-05-05 18:45:39,227: signal_shutdown [signal-2]
[rospy.internal][INFO] 2022-05-05 18:45:39,254: topic[/car/mux/ackermann_cmd_mux/input/default] removing connection to /car/mux/nodelet_manager
[rospy.impl.masterslave][INFO] 2022-05-05 18:45:39,254: signal-2
[rospy.core][INFO] 2022-05-05 18:45:39,872: signal_shutdown [atexit]
[rospy.client][INFO] 2022-05-05 18:46:03,253: init_node, name[/car/mux/zero_ackermann_cmd], pid[25927]
[xmlrpc][INFO] 2022-05-05 18:46:03,255: XML-RPC server binding to 0.0.0.0:0
[xmlrpc][INFO] 2022-05-05 18:46:03,257: Started XML-RPC server [http://robot-desktop:38015/]
[rospy.impl.masterslave][INFO] 2022-05-05 18:46:03,258: _ready: http://robot-desktop:38015/
[rospy.init][INFO] 2022-05-05 18:46:03,259: ROS Slave URI: [http://robot-desktop:38015/]
[rospy.registration][INFO] 2022-05-05 18:46:03,259: Registering with master node http://robot-desktop:11311
[xmlrpc][INFO] 2022-05-05 18:46:03,260: xml rpc node: starting XML-RPC server
[rospy.init][INFO] 2022-05-05 18:46:03,359: registered with master
[rospy.internal][INFO] 2022-05-05 18:46:03,552: topic[/car/mux/ackermann_cmd_mux/input/default] adding connection to [/car/mux/nodelet_manager], count 0
[rospy.core][INFO] 2022-05-05 18:48:42,007: signal_shutdown [signal-2]
[rospy.internal][INFO] 2022-05-05 18:48:42,015: topic[/car/mux/ackermann_cmd_mux/input/default] removing connection to /car/mux/nodelet_manager
[rospy.impl.masterslave][INFO] 2022-05-05 18:48:42,015: signal-2
[rospy.core][INFO] 2022-05-05 18:48:42,184: signal_shutdown [atexit]
[rospy.client][INFO] 2022-05-05 18:49:27,932: init_node, name[/car/mux/zero_ackermann_cmd], pid[2436]
[xmlrpc][INFO] 2022-05-05 18:49:27,933: XML-RPC server binding to 0.0.0.0:0
[xmlrpc][INFO] 2022-05-05 18:49:27,934: Started XML-RPC server [http://robot-desktop:41541/]
[rospy.impl.masterslave][INFO] 2022-05-05 18:49:27,934: _ready: http://robot-desktop:41541/
[rospy.init][INFO] 2022-05-05 18:49:27,935: ROS Slave URI: [http://robot-desktop:41541/]
[rospy.registration][INFO] 2022-05-05 18:49:27,936: Registering with master node http://robot-desktop:11311
[xmlrpc][INFO] 2022-05-05 18:49:27,937: xml rpc node: starting XML-RPC server
[rospy.init][INFO] 2022-05-05 18:49:28,036: registered with master
[rospy.internal][INFO] 2022-05-05 18:49:28,270: topic[/car/mux/ackermann_cmd_mux/input/default] adding connection to [/car/mux/nodelet_manager], count 0
[rospy.core][INFO] 2022-05-05 18:56:01,251: signal_shutdown [signal-2]
[rospy.internal][INFO] 2022-05-05 18:56:01,264: topic[/car/mux/ackermann_cmd_mux/input/default] removing connection to /car/mux/nodelet_manager
[rospy.impl.masterslave][INFO] 2022-05-05 18:56:01,264: signal-2
[rospy.core][INFO] 2022-05-05 18:56:01,881: signal_shutdown [atexit]
[rospy.client][INFO] 2022-05-05 19:01:07,703: init_node, name[/car/mux/zero_ackermann_cmd], pid[24585]
[xmlrpc][INFO] 2022-05-05 19:01:07,705: XML-RPC server binding to 0.0.0.0:0
[xmlrpc][INFO] 2022-05-05 19:01:07,706: Started XML-RPC server [http://robot-desktop:34103/]
[rospy.init][INFO] 2022-05-05 19:01:07,706: ROS Slave URI: [http://robot-desktop:34103/]
[rospy.impl.masterslave][INFO] 2022-05-05 19:01:07,706: _ready: http://robot-desktop:34103/
[rospy.registration][INFO] 2022-05-05 19:01:07,708: Registering with master node http://robot-desktop:11311
[xmlrpc][INFO] 2022-05-05 19:01:07,709: xml rpc node: starting XML-RPC server
[rospy.init][INFO] 2022-05-05 19:01:07,807: registered with master
[rospy.internal][INFO] 2022-05-05 19:01:08,088: topic[/car/mux/ackermann_cmd_mux/input/default] adding connection to [/car/mux/nodelet_manager], count 0
[rospy.core][INFO] 2022-05-05 19:01:49,261: signal_shutdown [signal-2]
[rospy.internal][INFO] 2022-05-05 19:01:49,295: topic[/car/mux/ackermann_cmd_mux/input/default] removing connection to /car/mux/nodelet_manager
[rospy.impl.masterslave][INFO] 2022-05-05 19:01:49,296: signal-2
[rospy.core][INFO] 2022-05-05 19:01:49,917: signal_shutdown [atexit]
[rospy.client][INFO] 2022-05-05 19:33:03,475: init_node, name[/car/mux/zero_ackermann_cmd], pid[27742]
[xmlrpc][INFO] 2022-05-05 19:33:03,478: XML-RPC server binding to 0.0.0.0:0
[xmlrpc][INFO] 2022-05-05 19:33:03,479: Started XML-RPC server [http://robot-desktop:39251/]
[rospy.impl.masterslave][INFO] 2022-05-05 19:33:03,480: _ready: http://robot-desktop:39251/
[rospy.init][INFO] 2022-05-05 19:33:03,482: ROS Slave URI: [http://robot-desktop:39251/]
[rospy.registration][INFO] 2022-05-05 19:33:03,487: Registering with master node http://robot-desktop:11311
[xmlrpc][INFO] 2022-05-05 19:33:03,489: xml rpc node: starting XML-RPC server
[rospy.init][INFO] 2022-05-05 19:33:03,582: registered with master
[rospy.internal][INFO] 2022-05-05 19:33:03,858: topic[/car/mux/ackermann_cmd_mux/input/default] adding connection to [/car/mux/nodelet_manager], count 0
[rospy.core][INFO] 2022-05-05 19:33:33,747: signal_shutdown [signal-2]
[rospy.internal][INFO] 2022-05-05 19:33:33,774: topic[/car/mux/ackermann_cmd_mux/input/default] removing connection to /car/mux/nodelet_manager
[rospy.impl.masterslave][INFO] 2022-05-05 19:33:33,777: signal-2
[rospy.core][INFO] 2022-05-05 19:33:33,881: signal_shutdown [atexit]
[rospy.client][INFO] 2022-05-05 20:05:29,452: init_node, name[/car/mux/zero_ackermann_cmd], pid[30306]
[xmlrpc][INFO] 2022-05-05 20:05:29,462: XML-RPC server binding to 0.0.0.0:0
[xmlrpc][INFO] 2022-05-05 20:05:29,464: Started XML-RPC server [http://robot-desktop:33449/]
[rospy.init][INFO] 2022-05-05 20:05:29,464: ROS Slave URI: [http://robot-desktop:33449/]
[rospy.impl.masterslave][INFO] 2022-05-05 20:05:29,465: _ready: http://robot-desktop:33449/
[xmlrpc][INFO] 2022-05-05 20:05:29,467: xml rpc node: starting XML-RPC server
[rospy.registration][INFO] 2022-05-05 20:05:29,468: Registering with master node http://robot-desktop:11311
[rospy.init][INFO] 2022-05-05 20:05:29,565: registered with master
[rospy.internal][INFO] 2022-05-05 20:05:29,875: topic[/car/mux/ackermann_cmd_mux/input/default] adding connection to [/car/mux/nodelet_manager], count 0
[rospy.core][INFO] 2022-05-05 20:06:05,535: signal_shutdown [signal-2]
[rospy.internal][INFO] 2022-05-05 20:06:05,592: topic[/car/mux/ackermann_cmd_mux/input/default] removing connection to /car/mux/nodelet_manager
[rospy.impl.masterslave][INFO] 2022-05-05 20:06:05,592: signal-2
[rospy.core][INFO] 2022-05-05 20:06:06,210: signal_shutdown [atexit]
[rospy.client][INFO] 2022-05-05 20:06:54,068: init_node, name[/car/mux/zero_ackermann_cmd], pid[32760]
[xmlrpc][INFO] 2022-05-05 20:06:54,070: XML-RPC server binding to 0.0.0.0:0
[xmlrpc][INFO] 2022-05-05 20:06:54,071: Started XML-RPC server [http://robot-desktop:33831/]
[rospy.init][INFO] 2022-05-05 20:06:54,086: ROS Slave URI: [http://robot-desktop:33831/]
[rospy.impl.masterslave][INFO] 2022-05-05 20:06:54,087: _ready: http://robot-desktop:33831/
[rospy.registration][INFO] 2022-05-05 20:06:54,091: Registering with master node http://robot-desktop:11311
[xmlrpc][INFO] 2022-05-05 20:06:54,091: xml rpc node: starting XML-RPC server
[rospy.init][INFO] 2022-05-05 20:06:54,187: registered with master
[rospy.internal][INFO] 2022-05-05 20:06:54,453: topic[/car/mux/ackermann_cmd_mux/input/default] adding connection to [/car/mux/nodelet_manager], count 0
[rospy.core][INFO] 2022-05-05 20:08:51,091: signal_shutdown [signal-2]
[rospy.internal][INFO] 2022-05-05 20:08:51,143: topic[/car/mux/ackermann_cmd_mux/input/default] removing connection to /car/mux/nodelet_manager
[rospy.impl.masterslave][INFO] 2022-05-05 20:08:51,144: signal-2
[rospy.core][INFO] 2022-05-05 20:08:51,712: signal_shutdown [atexit]
[rospy.client][INFO] 2022-05-05 20:09:26,370: init_node, name[/car/mux/zero_ackermann_cmd], pid[7463]
[xmlrpc][INFO] 2022-05-05 20:09:26,373: XML-RPC server binding to 0.0.0.0:0
[xmlrpc][INFO] 2022-05-05 20:09:26,374: Started XML-RPC server [http://robot-desktop:42479/]
[rospy.impl.masterslave][INFO] 2022-05-05 20:09:26,375: _ready: http://robot-desktop:42479/
[rospy.init][INFO] 2022-05-05 20:09:26,375: ROS Slave URI: [http://robot-desktop:42479/]
[rospy.registration][INFO] 2022-05-05 20:09:26,379: Registering with master node http://robot-desktop:11311
[xmlrpc][INFO] 2022-05-05 20:09:26,380: xml rpc node: starting XML-RPC server
[rospy.init][INFO] 2022-05-05 20:09:26,476: registered with master
[rospy.internal][INFO] 2022-05-05 20:09:26,755: topic[/car/mux/ackermann_cmd_mux/input/default] adding connection to [/car/mux/nodelet_manager], count 0
[rospy.core][INFO] 2022-05-05 20:10:21,081: signal_shutdown [signal-2]
[rospy.internal][INFO] 2022-05-05 20:10:21,112: topic[/car/mux/ackermann_cmd_mux/input/default] removing connection to /car/mux/nodelet_manager
[rospy.impl.masterslave][INFO] 2022-05-05 20:10:21,113: signal-2
[rospy.core][INFO] 2022-05-05 20:10:21,733: signal_shutdown [atexit]
[rospy.client][INFO] 2022-05-05 20:21:34,958: init_node, name[/car/mux/zero_ackermann_cmd], pid[11126]
[xmlrpc][INFO] 2022-05-05 20:21:34,960: XML-RPC server binding to 0.0.0.0:0
[xmlrpc][INFO] 2022-05-05 20:21:34,961: Started XML-RPC server [http://robot-desktop:44585/]
[rospy.init][INFO] 2022-05-05 20:21:34,961: ROS Slave URI: [http://robot-desktop:44585/]
[rospy.impl.masterslave][INFO] 2022-05-05 20:21:34,961: _ready: http://robot-desktop:44585/
[xmlrpc][INFO] 2022-05-05 20:21:34,962: xml rpc node: starting XML-RPC server
[rospy.registration][INFO] 2022-05-05 20:21:34,963: Registering with master node http://robot-desktop:11311
[rospy.init][INFO] 2022-05-05 20:21:35,062: registered with master
[rospy.internal][INFO] 2022-05-05 20:21:35,295: topic[/car/mux/ackermann_cmd_mux/input/default] adding connection to [/car/mux/nodelet_manager], count 0
[rospy.core][INFO] 2022-05-05 20:21:39,348: signal_shutdown [signal-2]
[rospy.internal][INFO] 2022-05-05 20:21:39,375: topic[/car/mux/ackermann_cmd_mux/input/default] removing connection to /car/mux/nodelet_manager
[rospy.impl.masterslave][INFO] 2022-05-05 20:21:39,376: signal-2
[rospy.core][INFO] 2022-05-05 20:21:39,484: signal_shutdown [atexit]
[rospy.client][INFO] 2022-05-05 20:23:25,137: init_node, name[/car/mux/zero_ackermann_cmd], pid[11813]
[xmlrpc][INFO] 2022-05-05 20:23:25,138: XML-RPC server binding to 0.0.0.0:0
[xmlrpc][INFO] 2022-05-05 20:23:25,139: Started XML-RPC server [http://robot-desktop:32953/]
[rospy.init][INFO] 2022-05-05 20:23:25,140: ROS Slave URI: [http://robot-desktop:32953/]
[rospy.impl.masterslave][INFO] 2022-05-05 20:23:25,140: _ready: http://robot-desktop:32953/
[rospy.registration][INFO] 2022-05-05 20:23:25,141: Registering with master node http://robot-desktop:11311
[xmlrpc][INFO] 2022-05-05 20:23:25,141: xml rpc node: starting XML-RPC server
[rospy.init][INFO] 2022-05-05 20:23:25,241: registered with master
[rospy.internal][INFO] 2022-05-05 20:23:25,526: topic[/car/mux/ackermann_cmd_mux/input/default] adding connection to [/car/mux/nodelet_manager], count 0
[rospy.core][INFO] 2022-05-05 20:23:28,069: signal_shutdown [signal-2]
[rospy.internal][INFO] 2022-05-05 20:23:28,087: topic[/car/mux/ackermann_cmd_mux/input/default] removing connection to /car/mux/nodelet_manager
[rospy.impl.masterslave][INFO] 2022-05-05 20:23:28,088: signal-2
[rospy.core][INFO] 2022-05-05 20:23:28,221: signal_shutdown [atexit]
[rospy.client][INFO] 2022-05-05 20:24:10,753: init_node, name[/car/mux/zero_ackermann_cmd], pid[12385]
[xmlrpc][INFO] 2022-05-05 20:24:10,761: XML-RPC server binding to 0.0.0.0:0
[xmlrpc][INFO] 2022-05-05 20:24:10,763: Started XML-RPC server [http://robot-desktop:38309/]
[rospy.init][INFO] 2022-05-05 20:24:10,764: ROS Slave URI: [http://robot-desktop:38309/]
[rospy.impl.masterslave][INFO] 2022-05-05 20:24:10,764: _ready: http://robot-desktop:38309/
[rospy.registration][INFO] 2022-05-05 20:24:10,766: Registering with master node http://robot-desktop:11311
[xmlrpc][INFO] 2022-05-05 20:24:10,766: xml rpc node: starting XML-RPC server
[rospy.init][INFO] 2022-05-05 20:24:10,865: registered with master
[rospy.internal][INFO] 2022-05-05 20:24:11,127: topic[/car/mux/ackermann_cmd_mux/input/default] adding connection to [/car/mux/nodelet_manager], count 0
[rospy.core][INFO] 2022-05-05 20:24:13,627: signal_shutdown [signal-2]
[rospy.internal][INFO] 2022-05-05 20:24:13,676: topic[/car/mux/ackermann_cmd_mux/input/default] removing connection to /car/mux/nodelet_manager
[rospy.impl.masterslave][INFO] 2022-05-05 20:24:13,676: signal-2
[rospy.core][INFO] 2022-05-05 20:24:14,245: signal_shutdown [atexit]
[rospy.client][INFO] 2022-05-05 20:24:49,706: init_node, name[/car/mux/zero_ackermann_cmd], pid[12972]
[xmlrpc][INFO] 2022-05-05 20:24:49,719: XML-RPC server binding to 0.0.0.0:0
[xmlrpc][INFO] 2022-05-05 20:24:49,720: Started XML-RPC server [http://robot-desktop:41807/]
[rospy.impl.masterslave][INFO] 2022-05-05 20:24:49,721: _ready: http://robot-desktop:41807/
[xmlrpc][INFO] 2022-05-05 20:24:49,723: xml rpc node: starting XML-RPC server
[rospy.init][INFO] 2022-05-05 20:24:49,723: ROS Slave URI: [http://robot-desktop:41807/]
[rospy.registration][INFO] 2022-05-05 20:24:49,722: Registering with master node http://robot-desktop:11311
[rospy.init][INFO] 2022-05-05 20:24:49,824: registered with master
[rospy.internal][INFO] 2022-05-05 20:24:50,115: topic[/car/mux/ackermann_cmd_mux/input/default] adding connection to [/car/mux/nodelet_manager], count 0
[rospy.core][INFO] 2022-05-05 20:24:53,549: signal_shutdown [signal-2]
[rospy.internal][INFO] 2022-05-05 20:24:53,568: topic[/car/mux/ackermann_cmd_mux/input/default] removing connection to /car/mux/nodelet_manager
[rospy.impl.masterslave][INFO] 2022-05-05 20:24:53,569: signal-2
[rospy.core][INFO] 2022-05-05 20:24:53,704: signal_shutdown [atexit]
[rospy.client][INFO] 2022-05-05 20:25:56,760: init_node, name[/car/mux/zero_ackermann_cmd], pid[13595]
[xmlrpc][INFO] 2022-05-05 20:25:56,762: XML-RPC server binding to 0.0.0.0:0
[xmlrpc][INFO] 2022-05-05 20:25:56,764: Started XML-RPC server [http://robot-desktop:38831/]
[rospy.impl.masterslave][INFO] 2022-05-05 20:25:56,764: _ready: http://robot-desktop:38831/
[rospy.registration][INFO] 2022-05-05 20:25:56,765: Registering with master node http://robot-desktop:11311
[xmlrpc][INFO] 2022-05-05 20:25:56,766: xml rpc node: starting XML-RPC server
[rospy.init][INFO] 2022-05-05 20:25:56,766: ROS Slave URI: [http://robot-desktop:38831/]
[rospy.init][INFO] 2022-05-05 20:25:56,767: registered with master
[rospy.internal][INFO] 2022-05-05 20:25:57,065: topic[/car/mux/ackermann_cmd_mux/input/default] adding connection to [/car/mux/nodelet_manager], count 0
[rospy.core][INFO] 2022-05-05 20:26:00,126: signal_shutdown [signal-2]
[rospy.internal][INFO] 2022-05-05 20:26:00,147: topic[/car/mux/ackermann_cmd_mux/input/default] removing connection to /car/mux/nodelet_manager
[rospy.impl.masterslave][INFO] 2022-05-05 20:26:00,151: signal-2
[rospy.core][INFO] 2022-05-05 20:26:00,770: signal_shutdown [atexit]
[rospy.client][INFO] 2022-05-05 20:26:59,023: init_node, name[/car/mux/zero_ackermann_cmd], pid[14208]
[xmlrpc][INFO] 2022-05-05 20:26:59,025: XML-RPC server binding to 0.0.0.0:0
[rospy.init][INFO] 2022-05-05 20:26:59,027: ROS Slave URI: [http://robot-desktop:41849/]
[xmlrpc][INFO] 2022-05-05 20:26:59,027: Started XML-RPC server [http://robot-desktop:41849/]
[rospy.impl.masterslave][INFO] 2022-05-05 20:26:59,028: _ready: http://robot-desktop:41849/
[rospy.registration][INFO] 2022-05-05 20:26:59,029: Registering with master node http://robot-desktop:11311
[xmlrpc][INFO] 2022-05-05 20:26:59,030: xml rpc node: starting XML-RPC server
[rospy.init][INFO] 2022-05-05 20:26:59,128: registered with master
[rospy.internal][INFO] 2022-05-05 20:26:59,400: topic[/car/mux/ackermann_cmd_mux/input/default] adding connection to [/car/mux/nodelet_manager], count 0
[rospy.core][INFO] 2022-05-05 20:27:02,237: signal_shutdown [signal-2]
[rospy.internal][INFO] 2022-05-05 20:27:02,261: topic[/car/mux/ackermann_cmd_mux/input/default] removing connection to /car/mux/nodelet_manager
[rospy.impl.masterslave][INFO] 2022-05-05 20:27:02,262: signal-2
[rospy.core][INFO] 2022-05-05 20:27:02,880: signal_shutdown [atexit]
[rospy.client][INFO] 2022-05-05 20:27:38,860: init_node, name[/car/mux/zero_ackermann_cmd], pid[14799]
[xmlrpc][INFO] 2022-05-05 20:27:38,861: XML-RPC server binding to 0.0.0.0:0
[xmlrpc][INFO] 2022-05-05 20:27:38,862: Started XML-RPC server [http://robot-desktop:46133/]
[rospy.init][INFO] 2022-05-05 20:27:38,862: ROS Slave URI: [http://robot-desktop:46133/]
[rospy.impl.masterslave][INFO] 2022-05-05 20:27:38,863: _ready: http://robot-desktop:46133/
[rospy.registration][INFO] 2022-05-05 20:27:38,865: Registering with master node http://robot-desktop:11311
[xmlrpc][INFO] 2022-05-05 20:27:38,865: xml rpc node: starting XML-RPC server
[rospy.init][INFO] 2022-05-05 20:27:38,964: registered with master
[rospy.internal][INFO] 2022-05-05 20:27:39,219: topic[/car/mux/ackermann_cmd_mux/input/default] adding connection to [/car/mux/nodelet_manager], count 0
[rospy.core][INFO] 2022-05-05 20:27:41,822: signal_shutdown [signal-2]
[rospy.internal][INFO] 2022-05-05 20:27:41,839: topic[/car/mux/ackermann_cmd_mux/input/default] removing connection to /car/mux/nodelet_manager
[rospy.impl.masterslave][INFO] 2022-05-05 20:27:41,842: signal-2
[rospy.core][INFO] 2022-05-05 20:27:42,462: signal_shutdown [atexit]
[rospy.client][INFO] 2022-05-05 20:28:26,775: init_node, name[/car/mux/zero_ackermann_cmd], pid[15369]
[xmlrpc][INFO] 2022-05-05 20:28:26,776: XML-RPC server binding to 0.0.0.0:0
[xmlrpc][INFO] 2022-05-05 20:28:26,778: Started XML-RPC server [http://robot-desktop:33869/]
[rospy.init][INFO] 2022-05-05 20:28:26,779: ROS Slave URI: [http://robot-desktop:33869/]
[rospy.impl.masterslave][INFO] 2022-05-05 20:28:26,779: _ready: http://robot-desktop:33869/
[rospy.registration][INFO] 2022-05-05 20:28:26,785: Registering with master node http://robot-desktop:11311
[xmlrpc][INFO] 2022-05-05 20:28:26,785: xml rpc node: starting XML-RPC server
[rospy.init][INFO] 2022-05-05 20:28:26,880: registered with master
[rospy.internal][INFO] 2022-05-05 20:28:27,193: topic[/car/mux/ackermann_cmd_mux/input/default] adding connection to [/car/mux/nodelet_manager], count 0
[rospy.core][INFO] 2022-05-05 20:28:33,551: signal_shutdown [signal-2]
[rospy.internal][INFO] 2022-05-05 20:28:33,589: topic[/car/mux/ackermann_cmd_mux/input/default] removing connection to /car/mux/nodelet_manager
[rospy.impl.masterslave][INFO] 2022-05-05 20:28:33,590: signal-2
[rospy.core][INFO] 2022-05-05 20:28:34,158: signal_shutdown [atexit]
[rospy.client][INFO] 2022-05-05 20:31:09,492: init_node, name[/car/mux/zero_ackermann_cmd], pid[16198]
[xmlrpc][INFO] 2022-05-05 20:31:09,499: XML-RPC server binding to 0.0.0.0:0
[xmlrpc][INFO] 2022-05-05 20:31:09,501: Started XML-RPC server [http://robot-desktop:35153/]
[rospy.init][INFO] 2022-05-05 20:31:09,501: ROS Slave URI: [http://robot-desktop:35153/]
[rospy.impl.masterslave][INFO] 2022-05-05 20:31:09,502: _ready: http://robot-desktop:35153/
[rospy.registration][INFO] 2022-05-05 20:31:09,507: Registering with master node http://robot-desktop:11311
[xmlrpc][INFO] 2022-05-05 20:31:09,508: xml rpc node: starting XML-RPC server
[rospy.init][INFO] 2022-05-05 20:31:09,603: registered with master
[rospy.internal][INFO] 2022-05-05 20:31:09,835: topic[/car/mux/ackermann_cmd_mux/input/default] adding connection to [/car/mux/nodelet_manager], count 0
[rospy.core][INFO] 2022-05-05 20:31:16,376: signal_shutdown [signal-2]
[rospy.internal][INFO] 2022-05-05 20:31:16,423: topic[/car/mux/ackermann_cmd_mux/input/default] removing connection to /car/mux/nodelet_manager
[rospy.impl.masterslave][INFO] 2022-05-05 20:31:16,424: signal-2
[rospy.core][INFO] 2022-05-05 20:31:16,991: signal_shutdown [atexit]
[rospy.client][INFO] 2022-05-05 20:31:48,844: init_node, name[/car/mux/zero_ackermann_cmd], pid[16967]
[xmlrpc][INFO] 2022-05-05 20:31:48,846: XML-RPC server binding to 0.0.0.0:0
[xmlrpc][INFO] 2022-05-05 20:31:48,847: Started XML-RPC server [http://robot-desktop:35601/]
[rospy.init][INFO] 2022-05-05 20:31:48,847: ROS Slave URI: [http://robot-desktop:35601/]
[rospy.impl.masterslave][INFO] 2022-05-05 20:31:48,848: _ready: http://robot-desktop:35601/
[rospy.registration][INFO] 2022-05-05 20:31:48,849: Registering with master node http://robot-desktop:11311
[xmlrpc][INFO] 2022-05-05 20:31:48,850: xml rpc node: starting XML-RPC server
[rospy.init][INFO] 2022-05-05 20:31:48,949: registered with master
[rospy.internal][INFO] 2022-05-05 20:31:49,242: topic[/car/mux/ackermann_cmd_mux/input/default] adding connection to [/car/mux/nodelet_manager], count 0
[rospy.core][INFO] 2022-05-05 20:32:12,692: signal_shutdown [signal-2]
[rospy.internal][INFO] 2022-05-05 20:32:12,754: topic[/car/mux/ackermann_cmd_mux/input/default] removing connection to /car/mux/nodelet_manager
[rospy.impl.masterslave][INFO] 2022-05-05 20:32:12,754: signal-2
[rospy.core][INFO] 2022-05-05 20:32:13,381: signal_shutdown [atexit]
[rospy.client][INFO] 2022-05-05 20:37:47,384: init_node, name[/car/mux/zero_ackermann_cmd], pid[18931]
[xmlrpc][INFO] 2022-05-05 20:37:47,403: XML-RPC server binding to 0.0.0.0:0
[xmlrpc][INFO] 2022-05-05 20:37:47,404: Started XML-RPC server [http://robot-desktop:46357/]
[rospy.impl.masterslave][INFO] 2022-05-05 20:37:47,405: _ready: http://robot-desktop:46357/
[rospy.init][INFO] 2022-05-05 20:37:47,406: ROS Slave URI: [http://robot-desktop:46357/]
[xmlrpc][INFO] 2022-05-05 20:37:47,411: xml rpc node: starting XML-RPC server
[rospy.registration][INFO] 2022-05-05 20:37:47,412: Registering with master node http://robot-desktop:11311
[rospy.init][INFO] 2022-05-05 20:37:47,506: registered with master
[rospy.internal][INFO] 2022-05-05 20:37:47,791: topic[/car/mux/ackermann_cmd_mux/input/default] adding connection to [/car/mux/nodelet_manager], count 0
[rospy.core][INFO] 2022-05-05 20:38:00,577: signal_shutdown [signal-2]
[rospy.internal][INFO] 2022-05-05 20:38:00,636: topic[/car/mux/ackermann_cmd_mux/input/default] removing connection to /car/mux/nodelet_manager
[rospy.impl.masterslave][INFO] 2022-05-05 20:38:00,637: signal-2
[rospy.core][INFO] 2022-05-05 20:38:01,203: signal_shutdown [atexit]
[rospy.client][INFO] 2022-05-05 20:38:46,831: init_node, name[/car/mux/zero_ackermann_cmd], pid[20181]
[xmlrpc][INFO] 2022-05-05 20:38:46,832: XML-RPC server binding to 0.0.0.0:0
[xmlrpc][INFO] 2022-05-05 20:38:46,834: Started XML-RPC server [http://robot-desktop:40857/]
[rospy.init][INFO] 2022-05-05 20:38:46,835: ROS Slave URI: [http://robot-desktop:40857/]
[rospy.impl.masterslave][INFO] 2022-05-05 20:38:46,835: _ready: http://robot-desktop:40857/
[rospy.registration][INFO] 2022-05-05 20:38:46,837: Registering with master node http://robot-desktop:11311
[xmlrpc][INFO] 2022-05-05 20:38:46,840: xml rpc node: starting XML-RPC server
[rospy.init][INFO] 2022-05-05 20:38:46,936: registered with master
[rospy.internal][INFO] 2022-05-05 20:38:47,161: topic[/car/mux/ackermann_cmd_mux/input/default] adding connection to [/car/mux/nodelet_manager], count 0
[rospy.core][INFO] 2022-05-05 20:38:54,765: signal_shutdown [signal-2]
[rospy.internal][INFO] 2022-05-05 20:38:54,797: topic[/car/mux/ackermann_cmd_mux/input/default] removing connection to /car/mux/nodelet_manager
[rospy.impl.masterslave][INFO] 2022-05-05 20:38:54,798: signal-2
[rospy.core][INFO] 2022-05-05 20:38:54,918: signal_shutdown [atexit]
[rospy.client][INFO] 2022-05-05 20:40:31,365: init_node, name[/car/mux/zero_ackermann_cmd], pid[21038]
[xmlrpc][INFO] 2022-05-05 20:40:31,367: XML-RPC server binding to 0.0.0.0:0
[xmlrpc][INFO] 2022-05-05 20:40:31,368: Started XML-RPC server [http://robot-desktop:34887/]
[rospy.impl.masterslave][INFO] 2022-05-05 20:40:31,369: _ready: http://robot-desktop:34887/
[xmlrpc][INFO] 2022-05-05 20:40:31,371: xml rpc node: starting XML-RPC server
[rospy.init][INFO] 2022-05-05 20:40:31,369: ROS Slave URI: [http://robot-desktop:34887/]
[rospy.registration][INFO] 2022-05-05 20:40:31,372: Registering with master node http://robot-desktop:11311
[rospy.init][INFO] 2022-05-05 20:40:31,472: registered with master
[rospy.internal][INFO] 2022-05-05 20:40:31,726: topic[/car/mux/ackermann_cmd_mux/input/default] adding connection to [/car/mux/nodelet_manager], count 0
[rospy.core][INFO] 2022-05-05 20:40:41,592: signal_shutdown [signal-2]
[rospy.internal][INFO] 2022-05-05 20:40:41,640: topic[/car/mux/ackermann_cmd_mux/input/default] removing connection to /car/mux/nodelet_manager
[rospy.impl.masterslave][INFO] 2022-05-05 20:40:41,640: signal-2
[rospy.core][INFO] 2022-05-05 20:40:42,212: signal_shutdown [atexit]
[rospy.client][INFO] 2022-05-05 20:42:19,066: init_node, name[/car/mux/zero_ackermann_cmd], pid[21995]
[xmlrpc][INFO] 2022-05-05 20:42:19,068: XML-RPC server binding to 0.0.0.0:0
[xmlrpc][INFO] 2022-05-05 20:42:19,069: Started XML-RPC server [http://robot-desktop:44551/]
[rospy.init][INFO] 2022-05-05 20:42:19,070: ROS Slave URI: [http://robot-desktop:44551/]
[rospy.impl.masterslave][INFO] 2022-05-05 20:42:19,071: _ready: http://robot-desktop:44551/
[xmlrpc][INFO] 2022-05-05 20:42:19,072: xml rpc node: starting XML-RPC server
[rospy.registration][INFO] 2022-05-05 20:42:19,072: Registering with master node http://robot-desktop:11311
[rospy.init][INFO] 2022-05-05 20:42:19,171: registered with master
[rospy.internal][INFO] 2022-05-05 20:42:19,392: topic[/car/mux/ackermann_cmd_mux/input/default] adding connection to [/car/mux/nodelet_manager], count 0
[rospy.core][INFO] 2022-05-05 20:42:28,187: signal_shutdown [signal-2]
[rospy.internal][INFO] 2022-05-05 20:42:28,208: topic[/car/mux/ackermann_cmd_mux/input/default] removing connection to /car/mux/nodelet_manager
[rospy.impl.masterslave][INFO] 2022-05-05 20:42:28,209: signal-2
[rospy.core][INFO] 2022-05-05 20:42:28,831: signal_shutdown [atexit]
[rospy.client][INFO] 2022-05-05 20:48:01,462: init_node, name[/car/mux/zero_ackermann_cmd], pid[22954]
[xmlrpc][INFO] 2022-05-05 20:48:01,464: XML-RPC server binding to 0.0.0.0:0
[xmlrpc][INFO] 2022-05-05 20:48:01,465: Started XML-RPC server [http://robot-desktop:36093/]
[rospy.init][INFO] 2022-05-05 20:48:01,465: ROS Slave URI: [http://robot-desktop:36093/]
[rospy.impl.masterslave][INFO] 2022-05-05 20:48:01,466: _ready: http://robot-desktop:36093/
[xmlrpc][INFO] 2022-05-05 20:48:01,472: xml rpc node: starting XML-RPC server
[rospy.registration][INFO] 2022-05-05 20:48:01,473: Registering with master node http://robot-desktop:11311
[rospy.init][INFO] 2022-05-05 20:48:01,567: registered with master
[rospy.internal][INFO] 2022-05-05 20:48:01,889: topic[/car/mux/ackermann_cmd_mux/input/default] adding connection to [/car/mux/nodelet_manager], count 0
[rospy.core][INFO] 2022-05-05 20:48:06,793: signal_shutdown [signal-2]
[rospy.internal][INFO] 2022-05-05 20:48:06,862: topic[/car/mux/ackermann_cmd_mux/input/default] removing connection to /car/mux/nodelet_manager
[rospy.impl.masterslave][INFO] 2022-05-05 20:48:06,863: signal-2
[rospy.core][INFO] 2022-05-05 20:48:07,433: signal_shutdown [atexit]
[rospy.client][INFO] 2022-05-05 20:48:31,862: init_node, name[/car/mux/zero_ackermann_cmd], pid[23649]
[xmlrpc][INFO] 2022-05-05 20:48:31,864: XML-RPC server binding to 0.0.0.0:0
[xmlrpc][INFO] 2022-05-05 20:48:31,865: Started XML-RPC server [http://robot-desktop:36071/]
[rospy.init][INFO] 2022-05-05 20:48:31,866: ROS Slave URI: [http://robot-desktop:36071/]
[rospy.impl.masterslave][INFO] 2022-05-05 20:48:31,866: _ready: http://robot-desktop:36071/
[xmlrpc][INFO] 2022-05-05 20:48:31,879: xml rpc node: starting XML-RPC server
[rospy.registration][INFO] 2022-05-05 20:48:31,879: Registering with master node http://robot-desktop:11311
[rospy.init][INFO] 2022-05-05 20:48:31,967: registered with master
[rospy.internal][INFO] 2022-05-05 20:48:32,266: topic[/car/mux/ackermann_cmd_mux/input/default] adding connection to [/car/mux/nodelet_manager], count 0
[rospy.core][INFO] 2022-05-05 20:48:40,668: signal_shutdown [signal-2]
[rospy.internal][INFO] 2022-05-05 20:48:40,710: topic[/car/mux/ackermann_cmd_mux/input/default] removing connection to /car/mux/nodelet_manager
[rospy.impl.masterslave][INFO] 2022-05-05 20:48:40,710: signal-2
[rospy.core][INFO] 2022-05-05 20:48:41,331: signal_shutdown [atexit]
[rospy.client][INFO] 2022-05-05 20:49:21,112: init_node, name[/car/mux/zero_ackermann_cmd], pid[24514]
[xmlrpc][INFO] 2022-05-05 20:49:21,113: XML-RPC server binding to 0.0.0.0:0
[xmlrpc][INFO] 2022-05-05 20:49:21,114: Started XML-RPC server [http://robot-desktop:45989/]
[rospy.init][INFO] 2022-05-05 20:49:21,115: ROS Slave URI: [http://robot-desktop:45989/]
[rospy.impl.masterslave][INFO] 2022-05-05 20:49:21,115: _ready: http://robot-desktop:45989/
[rospy.registration][INFO] 2022-05-05 20:49:21,116: Registering with master node http://robot-desktop:11311
[xmlrpc][INFO] 2022-05-05 20:49:21,117: xml rpc node: starting XML-RPC server
[rospy.init][INFO] 2022-05-05 20:49:21,216: registered with master
[rospy.internal][INFO] 2022-05-05 20:49:21,440: topic[/car/mux/ackermann_cmd_mux/input/default] adding connection to [/car/mux/nodelet_manager], count 0
[rospy.core][INFO] 2022-05-05 20:49:31,349: signal_shutdown [signal-2]
[rospy.internal][INFO] 2022-05-05 20:49:31,394: topic[/car/mux/ackermann_cmd_mux/input/default] removing connection to /car/mux/nodelet_manager
[rospy.impl.masterslave][INFO] 2022-05-05 20:49:31,396: signal-2
[rospy.core][INFO] 2022-05-05 20:49:31,499: signal_shutdown [atexit]
[rospy.client][INFO] 2022-05-05 20:53:15,160: init_node, name[/car/mux/zero_ackermann_cmd], pid[25500]
[xmlrpc][INFO] 2022-05-05 20:53:15,162: XML-RPC server binding to 0.0.0.0:0
[xmlrpc][INFO] 2022-05-05 20:53:15,164: Started XML-RPC server [http://robot-desktop:36821/]
[rospy.impl.masterslave][INFO] 2022-05-05 20:53:15,164: _ready: http://robot-desktop:36821/
[rospy.init][INFO] 2022-05-05 20:53:15,165: ROS Slave URI: [http://robot-desktop:36821/]
[rospy.registration][INFO] 2022-05-05 20:53:15,167: Registering with master node http://robot-desktop:11311
[xmlrpc][INFO] 2022-05-05 20:53:15,168: xml rpc node: starting XML-RPC server
[rospy.init][INFO] 2022-05-05 20:53:15,266: registered with master
[rospy.internal][INFO] 2022-05-05 20:53:15,514: topic[/car/mux/ackermann_cmd_mux/input/default] adding connection to [/car/mux/nodelet_manager], count 0
[rospy.core][INFO] 2022-05-05 20:54:30,982: signal_shutdown [signal-2]
[rospy.internal][INFO] 2022-05-05 20:54:31,034: topic[/car/mux/ackermann_cmd_mux/input/default] removing connection to /car/mux/nodelet_manager
[rospy.impl.masterslave][INFO] 2022-05-05 20:54:31,035: signal-2
[rospy.core][INFO] 2022-05-05 20:54:31,603: signal_shutdown [atexit]
[rospy.client][INFO] 2022-05-05 20:55:36,668: init_node, name[/car/mux/zero_ackermann_cmd], pid[30097]
[xmlrpc][INFO] 2022-05-05 20:55:36,669: XML-RPC server binding to 0.0.0.0:0
[xmlrpc][INFO] 2022-05-05 20:55:36,670: Started XML-RPC server [http://robot-desktop:36123/]
[rospy.impl.masterslave][INFO] 2022-05-05 20:55:36,671: _ready: http://robot-desktop:36123/
[rospy.init][INFO] 2022-05-05 20:55:36,672: ROS Slave URI: [http://robot-desktop:36123/]
[rospy.registration][INFO] 2022-05-05 20:55:36,675: Registering with master node http://robot-desktop:11311
[xmlrpc][INFO] 2022-05-05 20:55:36,676: xml rpc node: starting XML-RPC server
[rospy.init][INFO] 2022-05-05 20:55:36,773: registered with master
[rospy.internal][INFO] 2022-05-05 20:55:37,075: topic[/car/mux/ackermann_cmd_mux/input/default] adding connection to [/car/mux/nodelet_manager], count 0
[rospy.core][INFO] 2022-05-05 20:56:26,447: signal_shutdown [signal-2]
[rospy.internal][INFO] 2022-05-05 20:56:26,470: topic[/car/mux/ackermann_cmd_mux/input/default] removing connection to /car/mux/nodelet_manager
[rospy.impl.masterslave][INFO] 2022-05-05 20:56:26,474: signal-2
[rospy.core][INFO] 2022-05-05 20:56:26,591: signal_shutdown [atexit]
[rospy.client][INFO] 2022-05-05 20:57:50,353: init_node, name[/car/mux/zero_ackermann_cmd], pid[855]
[xmlrpc][INFO] 2022-05-05 20:57:50,354: XML-RPC server binding to 0.0.0.0:0
[xmlrpc][INFO] 2022-05-05 20:57:50,355: Started XML-RPC server [http://robot-desktop:42593/]
[rospy.init][INFO] 2022-05-05 20:57:50,355: ROS Slave URI: [http://robot-desktop:42593/]
[rospy.impl.masterslave][INFO] 2022-05-05 20:57:50,356: _ready: http://robot-desktop:42593/
[rospy.registration][INFO] 2022-05-05 20:57:50,358: Registering with master node http://robot-desktop:11311
[xmlrpc][INFO] 2022-05-05 20:57:50,358: xml rpc node: starting XML-RPC server
[rospy.init][INFO] 2022-05-05 20:57:50,457: registered with master
[rospy.internal][INFO] 2022-05-05 20:57:50,717: topic[/car/mux/ackermann_cmd_mux/input/default] adding connection to [/car/mux/nodelet_manager], count 0
[rospy.core][INFO] 2022-05-05 20:58:49,108: signal_shutdown [signal-2]
[rospy.internal][INFO] 2022-05-05 20:58:49,163: topic[/car/mux/ackermann_cmd_mux/input/default] removing connection to /car/mux/nodelet_manager
[rospy.impl.masterslave][INFO] 2022-05-05 20:58:49,164: signal-2
[rospy.core][INFO] 2022-05-05 20:58:49,731: signal_shutdown [atexit]
[rospy.client][INFO] 2022-05-05 21:14:33,241: init_node, name[/car/mux/zero_ackermann_cmd], pid[4976]
[xmlrpc][INFO] 2022-05-05 21:14:33,242: XML-RPC server binding to 0.0.0.0:0
[xmlrpc][INFO] 2022-05-05 21:14:33,244: Started XML-RPC server [http://robot-desktop:39621/]
[rospy.init][INFO] 2022-05-05 21:14:33,244: ROS Slave URI: [http://robot-desktop:39621/]
[rospy.impl.masterslave][INFO] 2022-05-05 21:14:33,245: _ready: http://robot-desktop:39621/
[xmlrpc][INFO] 2022-05-05 21:14:33,247: xml rpc node: starting XML-RPC server
[rospy.registration][INFO] 2022-05-05 21:14:33,248: Registering with master node http://robot-desktop:11311
[rospy.init][INFO] 2022-05-05 21:14:33,346: registered with master
[rospy.internal][INFO] 2022-05-05 21:14:33,578: topic[/car/mux/ackermann_cmd_mux/input/default] adding connection to [/car/mux/nodelet_manager], count 0
[rospy.core][INFO] 2022-05-05 21:16:21,670: signal_shutdown [signal-2]
[rospy.internal][INFO] 2022-05-05 21:16:21,694: topic[/car/mux/ackermann_cmd_mux/input/default] removing connection to /car/mux/nodelet_manager
[rospy.impl.masterslave][INFO] 2022-05-05 21:16:21,695: signal-2
[rospy.core][INFO] 2022-05-05 21:16:21,798: signal_shutdown [atexit]
[rospy.client][INFO] 2022-05-05 21:16:45,132: init_node, name[/car/mux/zero_ackermann_cmd], pid[11660]
[xmlrpc][INFO] 2022-05-05 21:16:45,134: XML-RPC server binding to 0.0.0.0:0
[xmlrpc][INFO] 2022-05-05 21:16:45,136: Started XML-RPC server [http://robot-desktop:37787/]
[rospy.init][INFO] 2022-05-05 21:16:45,136: ROS Slave URI: [http://robot-desktop:37787/]
[rospy.impl.masterslave][INFO] 2022-05-05 21:16:45,137: _ready: http://robot-desktop:37787/
[xmlrpc][INFO] 2022-05-05 21:16:45,138: xml rpc node: starting XML-RPC server
[rospy.registration][INFO] 2022-05-05 21:16:45,139: Registering with master node http://robot-desktop:11311
[rospy.init][INFO] 2022-05-05 21:16:45,238: registered with master
[rospy.internal][INFO] 2022-05-05 21:16:45,504: topic[/car/mux/ackermann_cmd_mux/input/default] adding connection to [/car/mux/nodelet_manager], count 0
[rospy.core][INFO] 2022-05-05 21:18:30,101: signal_shutdown [signal-2]
[rospy.internal][INFO] 2022-05-05 21:18:30,139: topic[/car/mux/ackermann_cmd_mux/input/default] removing connection to /car/mux/nodelet_manager
[rospy.impl.masterslave][INFO] 2022-05-05 21:18:30,140: signal-2
[rospy.core][INFO] 2022-05-05 21:18:30,248: signal_shutdown [atexit]
[rospy.client][INFO] 2022-05-05 21:18:53,795: init_node, name[/car/mux/zero_ackermann_cmd], pid[17811]
[xmlrpc][INFO] 2022-05-05 21:18:53,798: XML-RPC server binding to 0.0.0.0:0
[xmlrpc][INFO] 2022-05-05 21:18:53,802: Started XML-RPC server [http://robot-desktop:45025/]
[rospy.init][INFO] 2022-05-05 21:18:53,802: ROS Slave URI: [http://robot-desktop:45025/]
[rospy.impl.masterslave][INFO] 2022-05-05 21:18:53,803: _ready: http://robot-desktop:45025/
[rospy.registration][INFO] 2022-05-05 21:18:53,807: Registering with master node http://robot-desktop:11311
[xmlrpc][INFO] 2022-05-05 21:18:53,807: xml rpc node: starting XML-RPC server
[rospy.init][INFO] 2022-05-05 21:18:53,903: registered with master
[rospy.internal][INFO] 2022-05-05 21:18:54,152: topic[/car/mux/ackermann_cmd_mux/input/default] adding connection to [/car/mux/nodelet_manager], count 0
[rospy.core][INFO] 2022-05-05 21:20:22,607: signal_shutdown [signal-2]
[rospy.internal][INFO] 2022-05-05 21:20:22,632: topic[/car/mux/ackermann_cmd_mux/input/default] removing connection to /car/mux/nodelet_manager
[rospy.impl.masterslave][INFO] 2022-05-05 21:20:22,633: signal-2
[rospy.core][INFO] 2022-05-05 21:20:22,741: signal_shutdown [atexit]
[rospy.client][INFO] 2022-05-05 21:26:10,871: init_node, name[/car/mux/zero_ackermann_cmd], pid[23176]
[xmlrpc][INFO] 2022-05-05 21:26:10,873: XML-RPC server binding to 0.0.0.0:0
[xmlrpc][INFO] 2022-05-05 21:26:10,875: Started XML-RPC server [http://robot-desktop:45775/]
[rospy.init][INFO] 2022-05-05 21:26:10,876: ROS Slave URI: [http://robot-desktop:45775/]
[rospy.impl.masterslave][INFO] 2022-05-05 21:26:10,887: _ready: http://robot-desktop:45775/
[xmlrpc][INFO] 2022-05-05 21:26:10,891: xml rpc node: starting XML-RPC server
[rospy.registration][INFO] 2022-05-05 21:26:10,892: Registering with master node http://robot-desktop:11311
[rospy.init][INFO] 2022-05-05 21:26:10,987: registered with master
[rospy.internal][INFO] 2022-05-05 21:26:11,281: topic[/car/mux/ackermann_cmd_mux/input/default] adding connection to [/car/mux/nodelet_manager], count 0
[rospy.core][INFO] 2022-05-05 21:26:40,852: signal_shutdown [signal-2]
[rospy.internal][INFO] 2022-05-05 21:26:40,885: topic[/car/mux/ackermann_cmd_mux/input/default] removing connection to /car/mux/nodelet_manager
[rospy.impl.masterslave][INFO] 2022-05-05 21:26:40,885: signal-2
[rospy.core][INFO] 2022-05-05 21:26:40,987: signal_shutdown [atexit]
[rospy.client][INFO] 2022-05-05 21:27:34,713: init_node, name[/car/mux/zero_ackermann_cmd], pid[25458]
[xmlrpc][INFO] 2022-05-05 21:27:34,715: XML-RPC server binding to 0.0.0.0:0
[xmlrpc][INFO] 2022-05-05 21:27:34,716: Started XML-RPC server [http://robot-desktop:45037/]
[rospy.impl.masterslave][INFO] 2022-05-05 21:27:34,716: _ready: http://robot-desktop:45037/
[rospy.init][INFO] 2022-05-05 21:27:34,717: ROS Slave URI: [http://robot-desktop:45037/]
[rospy.registration][INFO] 2022-05-05 21:27:34,718: Registering with master node http://robot-desktop:11311
[xmlrpc][INFO] 2022-05-05 21:27:34,718: xml rpc node: starting XML-RPC server
[rospy.init][INFO] 2022-05-05 21:27:34,819: registered with master
[rospy.internal][INFO] 2022-05-05 21:27:35,089: topic[/car/mux/ackermann_cmd_mux/input/default] adding connection to [/car/mux/nodelet_manager], count 0
[rospy.core][INFO] 2022-05-05 21:27:40,711: signal_shutdown [signal-2]
[rospy.internal][INFO] 2022-05-05 21:27:40,788: topic[/car/mux/ackermann_cmd_mux/input/default] removing connection to /car/mux/nodelet_manager
[rospy.impl.masterslave][INFO] 2022-05-05 21:27:40,789: signal-2
[rospy.core][INFO] 2022-05-05 21:27:41,355: signal_shutdown [atexit]
[rospy.client][INFO] 2022-05-05 21:30:26,330: init_node, name[/car/mux/zero_ackermann_cmd], pid[26221]
[xmlrpc][INFO] 2022-05-05 21:30:26,338: XML-RPC server binding to 0.0.0.0:0
[xmlrpc][INFO] 2022-05-05 21:30:26,351: Started XML-RPC server [http://robot-desktop:33415/]
[rospy.impl.masterslave][INFO] 2022-05-05 21:30:26,352: _ready: http://robot-desktop:33415/
[rospy.init][INFO] 2022-05-05 21:30:26,353: ROS Slave URI: [http://robot-desktop:33415/]
[rospy.registration][INFO] 2022-05-05 21:30:26,353: Registering with master node http://robot-desktop:11311
[xmlrpc][INFO] 2022-05-05 21:30:26,354: xml rpc node: starting XML-RPC server
[rospy.init][INFO] 2022-05-05 21:30:26,454: registered with master
[rospy.internal][INFO] 2022-05-05 21:30:26,754: topic[/car/mux/ackermann_cmd_mux/input/default] adding connection to [/car/mux/nodelet_manager], count 0
[rospy.core][INFO] 2022-05-05 21:30:50,246: signal_shutdown [signal-2]
[rospy.internal][INFO] 2022-05-05 21:30:50,278: topic[/car/mux/ackermann_cmd_mux/input/default] removing connection to /car/mux/nodelet_manager
[rospy.impl.masterslave][INFO] 2022-05-05 21:30:50,279: signal-2
[rospy.core][INFO] 2022-05-05 21:30:50,388: signal_shutdown [atexit]
[rospy.client][INFO] 2022-05-05 21:31:14,870: init_node, name[/car/mux/zero_ackermann_cmd], pid[27054]
[xmlrpc][INFO] 2022-05-05 21:31:14,871: XML-RPC server binding to 0.0.0.0:0
[xmlrpc][INFO] 2022-05-05 21:31:14,872: Started XML-RPC server [http://robot-desktop:38227/]
[rospy.init][INFO] 2022-05-05 21:31:14,873: ROS Slave URI: [http://robot-desktop:38227/]
[rospy.impl.masterslave][INFO] 2022-05-05 21:31:14,874: _ready: http://robot-desktop:38227/
[xmlrpc][INFO] 2022-05-05 21:31:14,876: xml rpc node: starting XML-RPC server
[rospy.registration][INFO] 2022-05-05 21:31:14,876: Registering with master node http://robot-desktop:11311
[rospy.init][INFO] 2022-05-05 21:31:14,975: registered with master
[rospy.internal][INFO] 2022-05-05 21:31:15,284: topic[/car/mux/ackermann_cmd_mux/input/default] adding connection to [/car/mux/nodelet_manager], count 0
[rospy.core][INFO] 2022-05-05 21:31:48,793: signal_shutdown [signal-2]
[rospy.internal][INFO] 2022-05-05 21:31:48,855: topic[/car/mux/ackermann_cmd_mux/input/default] removing connection to /car/mux/nodelet_manager
[rospy.impl.masterslave][INFO] 2022-05-05 21:31:48,855: signal-2
[rospy.core][INFO] 2022-05-05 21:31:49,422: signal_shutdown [atexit]
[rospy.client][INFO] 2022-05-05 21:34:54,477: init_node, name[/car/mux/zero_ackermann_cmd], pid[29131]
[xmlrpc][INFO] 2022-05-05 21:34:54,479: XML-RPC server binding to 0.0.0.0:0
[rospy.init][INFO] 2022-05-05 21:34:54,481: ROS Slave URI: [http://robot-desktop:34787/]
[xmlrpc][INFO] 2022-05-05 21:34:54,482: Started XML-RPC server [http://robot-desktop:34787/]
[rospy.impl.masterslave][INFO] 2022-05-05 21:34:54,482: _ready: http://robot-desktop:34787/
[xmlrpc][INFO] 2022-05-05 21:34:54,484: xml rpc node: starting XML-RPC server
[rospy.registration][INFO] 2022-05-05 21:34:54,485: Registering with master node http://robot-desktop:11311
[rospy.init][INFO] 2022-05-05 21:34:54,582: registered with master
[rospy.internal][INFO] 2022-05-05 21:34:54,887: topic[/car/mux/ackermann_cmd_mux/input/default] adding connection to [/car/mux/nodelet_manager], count 0
[rospy.core][INFO] 2022-05-05 21:35:09,339: signal_shutdown [signal-2]
[rospy.internal][INFO] 2022-05-05 21:35:09,351: topic[/car/mux/ackermann_cmd_mux/input/default] removing connection to /car/mux/nodelet_manager
[rospy.impl.masterslave][INFO] 2022-05-05 21:35:09,352: signal-2
[rospy.core][INFO] 2022-05-05 21:35:09,464: signal_shutdown [atexit]
[rospy.client][INFO] 2022-05-05 21:38:21,322: init_node, name[/car/mux/zero_ackermann_cmd], pid[30123]
[xmlrpc][INFO] 2022-05-05 21:38:21,323: XML-RPC server binding to 0.0.0.0:0
[xmlrpc][INFO] 2022-05-05 21:38:21,325: Started XML-RPC server [http://robot-desktop:45389/]
[rospy.init][INFO] 2022-05-05 21:38:21,325: ROS Slave URI: [http://robot-desktop:45389/]
[rospy.impl.masterslave][INFO] 2022-05-05 21:38:21,326: _ready: http://robot-desktop:45389/
[xmlrpc][INFO] 2022-05-05 21:38:21,327: xml rpc node: starting XML-RPC server
[rospy.registration][INFO] 2022-05-05 21:38:21,327: Registering with master node http://robot-desktop:11311
[rospy.init][INFO] 2022-05-05 21:38:21,426: registered with master
[rospy.internal][INFO] 2022-05-05 21:38:21,681: topic[/car/mux/ackermann_cmd_mux/input/default] adding connection to [/car/mux/nodelet_manager], count 0
[rospy.core][INFO] 2022-05-05 21:38:32,379: signal_shutdown [signal-2]
[rospy.internal][INFO] 2022-05-05 21:38:32,403: topic[/car/mux/ackermann_cmd_mux/input/default] removing connection to /car/mux/nodelet_manager
[rospy.impl.masterslave][INFO] 2022-05-05 21:38:32,404: signal-2
[rospy.core][INFO] 2022-05-05 21:38:32,506: signal_shutdown [atexit]
[rospy.client][INFO] 2022-05-05 21:39:53,170: init_node, name[/car/mux/zero_ackermann_cmd], pid[30848]
[xmlrpc][INFO] 2022-05-05 21:39:53,171: XML-RPC server binding to 0.0.0.0:0
[xmlrpc][INFO] 2022-05-05 21:39:53,172: Started XML-RPC server [http://robot-desktop:42537/]
[rospy.init][INFO] 2022-05-05 21:39:53,173: ROS Slave URI: [http://robot-desktop:42537/]
[rospy.impl.masterslave][INFO] 2022-05-05 21:39:53,174: _ready: http://robot-desktop:42537/
[rospy.registration][INFO] 2022-05-05 21:39:53,174: Registering with master node http://robot-desktop:11311
[xmlrpc][INFO] 2022-05-05 21:39:53,175: xml rpc node: starting XML-RPC server
[rospy.init][INFO] 2022-05-05 21:39:53,274: registered with master
[rospy.internal][INFO] 2022-05-05 21:39:53,586: topic[/car/mux/ackermann_cmd_mux/input/default] adding connection to [/car/mux/nodelet_manager], count 0
[rospy.core][INFO] 2022-05-05 21:40:03,623: signal_shutdown [signal-2]
[rospy.internal][INFO] 2022-05-05 21:40:03,674: topic[/car/mux/ackermann_cmd_mux/input/default] removing connection to /car/mux/nodelet_manager
[rospy.impl.masterslave][INFO] 2022-05-05 21:40:03,675: signal-2
[rospy.core][INFO] 2022-05-05 21:40:04,298: signal_shutdown [atexit]
[rospy.client][INFO] 2022-05-05 21:41:56,756: init_node, name[/car/mux/zero_ackermann_cmd], pid[31433]
[xmlrpc][INFO] 2022-05-05 21:41:56,767: XML-RPC server binding to 0.0.0.0:0
[xmlrpc][INFO] 2022-05-05 21:41:56,768: Started XML-RPC server [http://robot-desktop:35661/]
[rospy.init][INFO] 2022-05-05 21:41:56,769: ROS Slave URI: [http://robot-desktop:35661/]
[rospy.impl.masterslave][INFO] 2022-05-05 21:41:56,770: _ready: http://robot-desktop:35661/
[rospy.registration][INFO] 2022-05-05 21:41:56,774: Registering with master node http://robot-desktop:11311
[xmlrpc][INFO] 2022-05-05 21:41:56,774: xml rpc node: starting XML-RPC server
[rospy.init][INFO] 2022-05-05 21:41:56,873: registered with master
[rospy.internal][INFO] 2022-05-05 21:41:57,152: topic[/car/mux/ackermann_cmd_mux/input/default] adding connection to [/car/mux/nodelet_manager], count 0
[rospy.core][INFO] 2022-05-05 21:48:44,810: signal_shutdown [signal-2]
[rospy.internal][INFO] 2022-05-05 21:48:44,825: topic[/car/mux/ackermann_cmd_mux/input/default] removing connection to /car/mux/nodelet_manager
[rospy.impl.masterslave][INFO] 2022-05-05 21:48:44,826: signal-2
[rospy.core][INFO] 2022-05-05 21:48:45,448: signal_shutdown [atexit]
[rospy.client][INFO] 2022-05-05 22:11:19,754: init_node, name[/car/mux/zero_ackermann_cmd], pid[22370]
[xmlrpc][INFO] 2022-05-05 22:11:19,756: XML-RPC server binding to 0.0.0.0:0
[xmlrpc][INFO] 2022-05-05 22:11:19,757: Started XML-RPC server [http://robot-desktop:41523/]
[rospy.impl.masterslave][INFO] 2022-05-05 22:11:19,758: _ready: http://robot-desktop:41523/
[rospy.init][INFO] 2022-05-05 22:11:19,759: ROS Slave URI: [http://robot-desktop:41523/]
[rospy.registration][INFO] 2022-05-05 22:11:19,759: Registering with master node http://robot-desktop:11311
[xmlrpc][INFO] 2022-05-05 22:11:19,760: xml rpc node: starting XML-RPC server
[rospy.init][INFO] 2022-05-05 22:11:19,862: registered with master
[rospy.internal][INFO] 2022-05-05 22:11:20,120: topic[/car/mux/ackermann_cmd_mux/input/default] adding connection to [/car/mux/nodelet_manager], count 0
[rospy.core][INFO] 2022-05-05 22:11:32,395: signal_shutdown [signal-2]
[rospy.internal][INFO] 2022-05-05 22:11:32,444: topic[/car/mux/ackermann_cmd_mux/input/default] removing connection to /car/mux/nodelet_manager
[rospy.impl.masterslave][INFO] 2022-05-05 22:11:32,445: signal-2
[rospy.core][INFO] 2022-05-05 22:11:32,547: signal_shutdown [atexit]
[rospy.client][INFO] 2022-05-05 22:12:48,076: init_node, name[/car/mux/zero_ackermann_cmd], pid[23485]
[xmlrpc][INFO] 2022-05-05 22:12:48,077: XML-RPC server binding to 0.0.0.0:0
[xmlrpc][INFO] 2022-05-05 22:12:48,080: Started XML-RPC server [http://robot-desktop:38879/]
[rospy.impl.masterslave][INFO] 2022-05-05 22:12:48,080: _ready: http://robot-desktop:38879/
[rospy.registration][INFO] 2022-05-05 22:12:48,082: Registering with master node http://robot-desktop:11311
[xmlrpc][INFO] 2022-05-05 22:12:48,083: xml rpc node: starting XML-RPC server
[rospy.init][INFO] 2022-05-05 22:12:48,083: ROS Slave URI: [http://robot-desktop:38879/]
[rospy.init][INFO] 2022-05-05 22:12:48,085: registered with master
[rospy.internal][INFO] 2022-05-05 22:12:48,336: topic[/car/mux/ackermann_cmd_mux/input/default] adding connection to [/car/mux/nodelet_manager], count 0
[rospy.core][INFO] 2022-05-05 22:14:54,985: signal_shutdown [signal-2]
[rospy.internal][INFO] 2022-05-05 22:14:55,002: topic[/car/mux/ackermann_cmd_mux/input/default] removing connection to /car/mux/nodelet_manager
[rospy.impl.masterslave][INFO] 2022-05-05 22:14:55,003: signal-2
[rospy.core][INFO] 2022-05-05 22:14:55,139: signal_shutdown [atexit]
[rospy.client][INFO] 2022-05-05 22:16:28,040: init_node, name[/car/mux/zero_ackermann_cmd], pid[30824]
[xmlrpc][INFO] 2022-05-05 22:16:28,046: XML-RPC server binding to 0.0.0.0:0
[rospy.init][INFO] 2022-05-05 22:16:28,048: ROS Slave URI: [http://robot-desktop:45127/]
[xmlrpc][INFO] 2022-05-05 22:16:28,049: Started XML-RPC server [http://robot-desktop:45127/]
[rospy.impl.masterslave][INFO] 2022-05-05 22:16:28,049: _ready: http://robot-desktop:45127/
[xmlrpc][INFO] 2022-05-05 22:16:28,050: xml rpc node: starting XML-RPC server
[rospy.registration][INFO] 2022-05-05 22:16:28,052: Registering with master node http://robot-desktop:11311
[rospy.init][INFO] 2022-05-05 22:16:28,150: registered with master
[rospy.internal][INFO] 2022-05-05 22:16:28,354: topic[/car/mux/ackermann_cmd_mux/input/default] adding connection to [/car/mux/nodelet_manager], count 0
[rospy.core][INFO] 2022-05-05 22:17:19,837: signal_shutdown [signal-2]
[rospy.internal][INFO] 2022-05-05 22:17:19,907: topic[/car/mux/ackermann_cmd_mux/input/default] removing connection to /car/mux/nodelet_manager
[rospy.impl.masterslave][INFO] 2022-05-05 22:17:19,907: signal-2
[rospy.core][INFO] 2022-05-05 22:17:20,475: signal_shutdown [atexit]
