[rospy.client][INFO] 2022-05-05 15:35:21,347: init_node, name[/car/drive], pid[6982]
[xmlrpc][INFO] 2022-05-05 15:35:21,348: XML-RPC server binding to 0.0.0.0:0
[xmlrpc][INFO] 2022-05-05 15:35:21,349: Started XML-RPC server [http://robot-desktop:45567/]
[rospy.init][INFO] 2022-05-05 15:35:21,349: ROS Slave URI: [http://robot-desktop:45567/]
[rospy.impl.masterslave][INFO] 2022-05-05 15:35:21,350: _ready: http://robot-desktop:45567/
[rospy.registration][INFO] 2022-05-05 15:35:21,352: Registering with master node http://robot-desktop:11311
[xmlrpc][INFO] 2022-05-05 15:35:21,352: xml rpc node: starting XML-RPC server
[rospy.init][INFO] 2022-05-05 15:35:21,450: registered with master
[rospy.rosout][INFO] 2022-05-05 15:35:21,451: initializing /rosout core topic
[rospy.rosout][INFO] 2022-05-05 15:35:21,461: connected to core topic /rosout
[rospy.simtime][INFO] 2022-05-05 15:35:21,466: /use_sim_time is not set, will not subscribe to simulated time [/clock] topic
[rosout][INFO] 2022-05-05 15:35:21,563: publishing ctrl
[rosout][INFO] 2022-05-05 15:35:21,582: publishing ctrl
[rosout][INFO] 2022-05-05 15:35:21,603: publishing ctrl
[rosout][INFO] 2022-05-05 15:35:21,622: publishing ctrl
[rosout][INFO] 2022-05-05 15:35:21,643: publishing ctrl
[rosout][INFO] 2022-05-05 15:35:21,663: publishing ctrl
[rosout][INFO] 2022-05-05 15:35:21,683: publishing ctrl
[rosout][INFO] 2022-05-05 15:35:21,703: publishing ctrl
[rospy.internal][INFO] 2022-05-05 15:35:21,719: topic[/rosout] adding connection to [/rosout], count 0
[rosout][INFO] 2022-05-05 15:35:21,723: publishing ctrl
[rosout][INFO] 2022-05-05 15:35:21,743: publishing ctrl
[rosout][INFO] 2022-05-05 15:35:21,763: publishing ctrl
[rosout][INFO] 2022-05-05 15:35:21,783: publishing ctrl
[rosout][INFO] 2022-05-05 15:35:21,803: publishing ctrl
[rospy.internal][INFO] 2022-05-05 15:35:21,822: topic[/car/mux/ackermann_cmd_mux/input/navigation] adding connection to [/car/mux/nodelet_manager], count 0
[rosout][INFO] 2022-05-05 15:35:21,824: publishing ctrl
[rosout][INFO] 2022-05-05 15:35:21,844: publishing ctrl
[rosout][INFO] 2022-05-05 15:35:21,863: publishing ctrl
[rosout][INFO] 2022-05-05 15:35:21,883: publishing ctrl
[rosout][INFO] 2022-05-05 15:35:21,903: publishing ctrl
[rosout][INFO] 2022-05-05 15:35:21,923: publishing ctrl
[rosout][INFO] 2022-05-05 15:35:21,943: publishing ctrl
[rosout][INFO] 2022-05-05 15:35:21,963: publishing ctrl
[rosout][INFO] 2022-05-05 15:35:21,983: publishing ctrl
[rosout][INFO] 2022-05-05 15:35:22,003: publishing ctrl
[rosout][INFO] 2022-05-05 15:35:22,023: publishing ctrl
[rosout][INFO] 2022-05-05 15:35:22,043: publishing ctrl
[rosout][INFO] 2022-05-05 15:35:22,063: publishing ctrl
[rosout][INFO] 2022-05-05 15:35:22,084: publishing ctrl
[rosout][INFO] 2022-05-05 15:35:22,103: publishing ctrl
[rosout][INFO] 2022-05-05 15:35:22,123: publishing ctrl
[rosout][INFO] 2022-05-05 15:35:22,143: publishing ctrl
[rosout][INFO] 2022-05-05 15:35:22,163: publishing ctrl
[rosout][INFO] 2022-05-05 15:35:22,183: publishing ctrl
[rosout][INFO] 2022-05-05 15:35:22,203: publishing ctrl
[rosout][INFO] 2022-05-05 15:35:22,223: publishing ctrl
[rosout][INFO] 2022-05-05 15:35:22,243: publishing ctrl
[rosout][INFO] 2022-05-05 15:35:22,263: publishing ctrl
[rosout][INFO] 2022-05-05 15:35:22,283: publishing ctrl
[rosout][INFO] 2022-05-05 15:35:22,303: publishing ctrl
[rosout][INFO] 2022-05-05 15:35:22,323: publishing ctrl
[rosout][INFO] 2022-05-05 15:35:22,343: publishing ctrl
[rosout][INFO] 2022-05-05 15:35:22,363: publishing ctrl
[rosout][INFO] 2022-05-05 15:35:22,383: publishing ctrl
[rosout][INFO] 2022-05-05 15:35:22,403: publishing ctrl
[rosout][INFO] 2022-05-05 15:35:22,424: publishing ctrl
[rosout][INFO] 2022-05-05 15:35:22,443: publishing ctrl
[rosout][INFO] 2022-05-05 15:35:22,463: publishing ctrl
[rosout][INFO] 2022-05-05 15:35:22,483: publishing ctrl
[rosout][INFO] 2022-05-05 15:35:22,504: publishing ctrl
[rosout][INFO] 2022-05-05 15:35:22,524: publishing ctrl
[rosout][INFO] 2022-05-05 15:35:22,544: publishing ctrl
[rosout][INFO] 2022-05-05 15:35:22,563: publishing ctrl
[rosout][INFO] 2022-05-05 15:35:22,584: publishing ctrl
[rosout][INFO] 2022-05-05 15:35:22,603: publishing ctrl
[rosout][INFO] 2022-05-05 15:35:22,623: publishing ctrl
[rosout][INFO] 2022-05-05 15:35:22,643: publishing ctrl
[rosout][INFO] 2022-05-05 15:35:22,663: publishing ctrl
[rosout][INFO] 2022-05-05 15:35:22,683: publishing ctrl
[rosout][INFO] 2022-05-05 15:35:22,703: publishing ctrl
[rosout][INFO] 2022-05-05 15:35:22,723: publishing ctrl
[rosout][INFO] 2022-05-05 15:35:22,743: publishing ctrl
[rosout][INFO] 2022-05-05 15:35:22,763: publishing ctrl
[rosout][INFO] 2022-05-05 15:35:22,783: publishing ctrl
[rosout][INFO] 2022-05-05 15:35:22,803: publishing ctrl
[rosout][INFO] 2022-05-05 15:35:22,823: publishing ctrl
[rosout][INFO] 2022-05-05 15:35:22,843: publishing ctrl
[rosout][INFO] 2022-05-05 15:35:22,863: publishing ctrl
[rosout][INFO] 2022-05-05 15:35:22,883: publishing ctrl
[rosout][INFO] 2022-05-05 15:35:22,903: publishing ctrl
[rosout][INFO] 2022-05-05 15:35:22,923: publishing ctrl
[rosout][INFO] 2022-05-05 15:35:22,943: publishing ctrl
[rosout][INFO] 2022-05-05 15:35:22,963: publishing ctrl
[rosout][INFO] 2022-05-05 15:35:22,983: publishing ctrl
[rosout][INFO] 2022-05-05 15:35:23,003: publishing ctrl
[rosout][INFO] 2022-05-05 15:35:23,023: publishing ctrl
[rosout][INFO] 2022-05-05 15:35:23,043: publishing ctrl
[rosout][INFO] 2022-05-05 15:35:23,063: publishing ctrl
[rosout][INFO] 2022-05-05 15:35:23,083: publishing ctrl
[rosout][INFO] 2022-05-05 15:35:23,104: publishing ctrl
[rosout][INFO] 2022-05-05 15:35:23,123: publishing ctrl
[rosout][INFO] 2022-05-05 15:35:23,143: publishing ctrl
[rosout][INFO] 2022-05-05 15:35:23,163: publishing ctrl
[rosout][INFO] 2022-05-05 15:35:23,183: publishing ctrl
[rosout][INFO] 2022-05-05 15:35:23,203: publishing ctrl
[rosout][INFO] 2022-05-05 15:35:23,223: publishing ctrl
[rosout][INFO] 2022-05-05 15:35:23,243: publishing ctrl
[rosout][INFO] 2022-05-05 15:35:23,263: publishing ctrl
[rosout][INFO] 2022-05-05 15:35:23,283: publishing ctrl
[rosout][INFO] 2022-05-05 15:35:23,303: publishing ctrl
[rosout][INFO] 2022-05-05 15:35:23,323: publishing ctrl
[rosout][INFO] 2022-05-05 15:35:23,343: publishing ctrl
[rosout][INFO] 2022-05-05 15:35:23,363: publishing ctrl
[rosout][INFO] 2022-05-05 15:35:23,383: publishing ctrl
[rosout][INFO] 2022-05-05 15:35:23,403: publishing ctrl
[rosout][INFO] 2022-05-05 15:35:23,423: publishing ctrl
[rosout][INFO] 2022-05-05 15:35:23,443: publishing ctrl
[rosout][INFO] 2022-05-05 15:35:23,463: publishing ctrl
[rosout][INFO] 2022-05-05 15:35:23,483: publishing ctrl
[rosout][INFO] 2022-05-05 15:35:23,503: publishing ctrl
[rosout][INFO] 2022-05-05 15:35:23,523: publishing ctrl
[rosout][INFO] 2022-05-05 15:35:23,543: publishing ctrl
[rosout][INFO] 2022-05-05 15:35:23,563: publishing ctrl
[rosout][INFO] 2022-05-05 15:35:23,584: publishing ctrl
[rosout][INFO] 2022-05-05 15:35:23,604: publishing ctrl
[rosout][INFO] 2022-05-05 15:35:23,623: publishing ctrl
[rosout][INFO] 2022-05-05 15:35:23,643: publishing ctrl
[rosout][INFO] 2022-05-05 15:35:23,663: publishing ctrl
[rosout][INFO] 2022-05-05 15:35:23,683: publishing ctrl
[rosout][INFO] 2022-05-05 15:35:23,703: publishing ctrl
[rosout][INFO] 2022-05-05 15:35:23,724: publishing ctrl
[rosout][INFO] 2022-05-05 15:35:23,743: publishing ctrl
[rosout][INFO] 2022-05-05 15:35:23,763: publishing ctrl
[rosout][INFO] 2022-05-05 15:35:23,784: publishing ctrl
[rosout][INFO] 2022-05-05 15:35:23,803: publishing ctrl
[rosout][INFO] 2022-05-05 15:35:23,824: publishing ctrl
[rosout][INFO] 2022-05-05 15:35:23,844: publishing ctrl
[rosout][INFO] 2022-05-05 15:35:23,864: publishing ctrl
[rosout][INFO] 2022-05-05 15:35:23,883: publishing ctrl
[rosout][INFO] 2022-05-05 15:35:23,903: publishing ctrl
[rosout][INFO] 2022-05-05 15:35:23,923: publishing ctrl
[rosout][INFO] 2022-05-05 15:35:23,943: publishing ctrl
[rosout][INFO] 2022-05-05 15:35:23,963: publishing ctrl
[rosout][INFO] 2022-05-05 15:35:23,984: publishing ctrl
[rosout][INFO] 2022-05-05 15:35:24,003: publishing ctrl
[rosout][INFO] 2022-05-05 15:35:24,023: publishing ctrl
[rosout][INFO] 2022-05-05 15:35:24,043: publishing ctrl
[rosout][INFO] 2022-05-05 15:35:24,063: publishing ctrl
[rosout][INFO] 2022-05-05 15:35:24,083: publishing ctrl
[rosout][INFO] 2022-05-05 15:35:24,103: publishing ctrl
[rosout][INFO] 2022-05-05 15:35:24,123: publishing ctrl
[rosout][INFO] 2022-05-05 15:35:24,143: publishing ctrl
[rosout][INFO] 2022-05-05 15:35:24,163: publishing ctrl
[rosout][INFO] 2022-05-05 15:35:24,183: publishing ctrl
[rosout][INFO] 2022-05-05 15:35:24,203: publishing ctrl
[rosout][INFO] 2022-05-05 15:35:24,223: publishing ctrl
[rosout][INFO] 2022-05-05 15:35:24,243: publishing ctrl
[rosout][INFO] 2022-05-05 15:35:24,264: publishing ctrl
[rosout][INFO] 2022-05-05 15:35:24,283: publishing ctrl
[rosout][INFO] 2022-05-05 15:35:24,303: publishing ctrl
[rosout][INFO] 2022-05-05 15:35:24,323: publishing ctrl
[rosout][INFO] 2022-05-05 15:35:24,343: publishing ctrl
[rosout][INFO] 2022-05-05 15:35:24,363: publishing ctrl
[rosout][INFO] 2022-05-05 15:35:24,383: publishing ctrl
[rosout][INFO] 2022-05-05 15:35:24,403: publishing ctrl
[rosout][INFO] 2022-05-05 15:35:24,423: publishing ctrl
[rosout][INFO] 2022-05-05 15:35:24,443: publishing ctrl
[rosout][INFO] 2022-05-05 15:35:24,463: publishing ctrl
[rosout][INFO] 2022-05-05 15:35:24,483: publishing ctrl
[rosout][INFO] 2022-05-05 15:35:24,503: publishing ctrl
[rosout][INFO] 2022-05-05 15:35:24,523: publishing ctrl
[rosout][INFO] 2022-05-05 15:35:24,544: publishing ctrl
[rosout][INFO] 2022-05-05 15:35:24,563: publishing ctrl
[rosout][INFO] 2022-05-05 15:35:24,584: publishing ctrl
[rosout][INFO] 2022-05-05 15:35:24,603: publishing ctrl
[rosout][INFO] 2022-05-05 15:35:24,623: publishing ctrl
[rosout][INFO] 2022-05-05 15:35:24,643: publishing ctrl
[rosout][INFO] 2022-05-05 15:35:24,663: publishing ctrl
[rosout][INFO] 2022-05-05 15:35:24,684: publishing ctrl
[rosout][INFO] 2022-05-05 15:35:24,703: publishing ctrl
[rosout][INFO] 2022-05-05 15:35:24,723: publishing ctrl
[rosout][INFO] 2022-05-05 15:35:24,743: publishing ctrl
[rosout][INFO] 2022-05-05 15:35:24,763: publishing ctrl
[rosout][INFO] 2022-05-05 15:35:24,783: publishing ctrl
[rosout][INFO] 2022-05-05 15:35:24,804: publishing ctrl
[rosout][INFO] 2022-05-05 15:35:24,823: publishing ctrl
[rosout][INFO] 2022-05-05 15:35:24,843: publishing ctrl
[rosout][INFO] 2022-05-05 15:35:24,863: publishing ctrl
[rosout][INFO] 2022-05-05 15:35:24,883: publishing ctrl
[rosout][INFO] 2022-05-05 15:35:24,903: publishing ctrl
[rosout][INFO] 2022-05-05 15:35:24,923: publishing ctrl
[rosout][INFO] 2022-05-05 15:35:24,945: publishing ctrl
[rosout][INFO] 2022-05-05 15:35:24,963: publishing ctrl
[rosout][INFO] 2022-05-05 15:35:24,983: publishing ctrl
[rosout][INFO] 2022-05-05 15:35:25,003: publishing ctrl
[rosout][INFO] 2022-05-05 15:35:25,023: publishing ctrl
[rosout][INFO] 2022-05-05 15:35:25,043: publishing ctrl
[rosout][INFO] 2022-05-05 15:35:25,063: publishing ctrl
[rosout][INFO] 2022-05-05 15:35:25,083: publishing ctrl
[rosout][INFO] 2022-05-05 15:35:25,103: publishing ctrl
[rosout][INFO] 2022-05-05 15:35:25,123: publishing ctrl
[rosout][INFO] 2022-05-05 15:35:25,143: publishing ctrl
[rosout][INFO] 2022-05-05 15:35:25,163: publishing ctrl
[rosout][INFO] 2022-05-05 15:35:25,183: publishing ctrl
[rosout][INFO] 2022-05-05 15:35:25,203: publishing ctrl
[rosout][INFO] 2022-05-05 15:35:25,223: publishing ctrl
[rosout][INFO] 2022-05-05 15:35:25,243: publishing ctrl
[rosout][INFO] 2022-05-05 15:35:25,263: publishing ctrl
[rosout][INFO] 2022-05-05 15:35:25,283: publishing ctrl
[rosout][INFO] 2022-05-05 15:35:25,303: publishing ctrl
[rosout][INFO] 2022-05-05 15:35:25,323: publishing ctrl
[rosout][INFO] 2022-05-05 15:35:25,344: publishing ctrl
[rosout][INFO] 2022-05-05 15:35:25,364: publishing ctrl
[rosout][INFO] 2022-05-05 15:35:25,384: publishing ctrl
[rosout][INFO] 2022-05-05 15:35:25,403: publishing ctrl
[rosout][INFO] 2022-05-05 15:35:25,423: publishing ctrl
[rosout][INFO] 2022-05-05 15:35:25,443: publishing ctrl
[rosout][INFO] 2022-05-05 15:35:25,463: publishing ctrl
[rosout][INFO] 2022-05-05 15:35:25,483: publishing ctrl
[rosout][INFO] 2022-05-05 15:35:25,503: publishing ctrl
[rosout][INFO] 2022-05-05 15:35:25,523: publishing ctrl
[rosout][INFO] 2022-05-05 15:35:25,543: publishing ctrl
[rosout][INFO] 2022-05-05 15:35:25,563: publishing ctrl
[rosout][INFO] 2022-05-05 15:35:25,583: publishing ctrl
[rosout][INFO] 2022-05-05 15:35:25,603: publishing ctrl
[rosout][INFO] 2022-05-05 15:35:25,624: publishing ctrl
[rosout][INFO] 2022-05-05 15:35:25,643: publishing ctrl
[rosout][INFO] 2022-05-05 15:35:25,663: publishing ctrl
[rosout][INFO] 2022-05-05 15:35:25,683: publishing ctrl
[rosout][INFO] 2022-05-05 15:35:25,703: publishing ctrl
[rosout][INFO] 2022-05-05 15:35:25,723: publishing ctrl
[rosout][INFO] 2022-05-05 15:35:25,743: publishing ctrl
[rosout][INFO] 2022-05-05 15:35:25,763: publishing ctrl
[rosout][INFO] 2022-05-05 15:35:25,783: publishing ctrl
[rosout][INFO] 2022-05-05 15:35:25,803: publishing ctrl
[rosout][INFO] 2022-05-05 15:35:25,823: publishing ctrl
[rosout][INFO] 2022-05-05 15:35:25,843: publishing ctrl
[rosout][INFO] 2022-05-05 15:35:25,863: publishing ctrl
[rosout][INFO] 2022-05-05 15:35:25,883: publishing ctrl
[rosout][INFO] 2022-05-05 15:35:25,903: publishing ctrl
[rosout][INFO] 2022-05-05 15:35:25,923: publishing ctrl
[rosout][INFO] 2022-05-05 15:35:25,943: publishing ctrl
[rosout][INFO] 2022-05-05 15:35:25,963: publishing ctrl
[rosout][INFO] 2022-05-05 15:35:25,983: publishing ctrl
[rosout][INFO] 2022-05-05 15:35:26,003: publishing ctrl
[rosout][INFO] 2022-05-05 15:35:26,023: publishing ctrl
[rosout][INFO] 2022-05-05 15:35:26,043: publishing ctrl
[rosout][INFO] 2022-05-05 15:35:26,063: publishing ctrl
[rosout][INFO] 2022-05-05 15:35:26,083: publishing ctrl
[rosout][INFO] 2022-05-05 15:35:26,103: publishing ctrl
[rosout][INFO] 2022-05-05 15:35:26,123: publishing ctrl
[rosout][INFO] 2022-05-05 15:35:26,143: publishing ctrl
[rosout][INFO] 2022-05-05 15:35:26,163: publishing ctrl
[rosout][INFO] 2022-05-05 15:35:26,183: publishing ctrl
[rosout][INFO] 2022-05-05 15:35:26,203: publishing ctrl
[rosout][INFO] 2022-05-05 15:35:26,223: publishing ctrl
[rosout][INFO] 2022-05-05 15:35:26,243: publishing ctrl
[rosout][INFO] 2022-05-05 15:35:26,263: publishing ctrl
[rosout][INFO] 2022-05-05 15:35:26,283: publishing ctrl
[rosout][INFO] 2022-05-05 15:35:26,303: publishing ctrl
[rosout][INFO] 2022-05-05 15:35:26,323: publishing ctrl
[rosout][INFO] 2022-05-05 15:35:26,343: publishing ctrl
[rosout][INFO] 2022-05-05 15:35:26,363: publishing ctrl
[rosout][INFO] 2022-05-05 15:35:26,383: publishing ctrl
[rosout][INFO] 2022-05-05 15:35:26,403: publishing ctrl
[rosout][INFO] 2022-05-05 15:35:26,423: publishing ctrl
[rosout][INFO] 2022-05-05 15:35:26,443: publishing ctrl
[rosout][INFO] 2022-05-05 15:35:26,463: publishing ctrl
[rosout][INFO] 2022-05-05 15:35:26,483: publishing ctrl
[rosout][INFO] 2022-05-05 15:35:26,503: publishing ctrl
[rosout][INFO] 2022-05-05 15:35:26,523: publishing ctrl
[rosout][INFO] 2022-05-05 15:35:26,544: publishing ctrl
[rosout][INFO] 2022-05-05 15:35:26,563: publishing ctrl
[rosout][INFO] 2022-05-05 15:35:26,583: publishing ctrl
[rosout][INFO] 2022-05-05 15:35:26,603: publishing ctrl
[rosout][INFO] 2022-05-05 15:35:26,623: publishing ctrl
[rosout][INFO] 2022-05-05 15:35:26,643: publishing ctrl
[rosout][INFO] 2022-05-05 15:35:26,663: publishing ctrl
[rosout][INFO] 2022-05-05 15:35:26,683: publishing ctrl
[rosout][INFO] 2022-05-05 15:35:26,703: publishing ctrl
[rosout][INFO] 2022-05-05 15:35:26,723: publishing ctrl
[rosout][INFO] 2022-05-05 15:35:26,743: publishing ctrl
[rosout][INFO] 2022-05-05 15:35:26,763: publishing ctrl
[rosout][INFO] 2022-05-05 15:35:26,783: publishing ctrl
[rosout][INFO] 2022-05-05 15:35:26,803: publishing ctrl
[rosout][INFO] 2022-05-05 15:35:26,823: publishing ctrl
[rosout][INFO] 2022-05-05 15:35:26,843: publishing ctrl
[rosout][INFO] 2022-05-05 15:35:26,863: publishing ctrl
[rosout][INFO] 2022-05-05 15:35:26,883: publishing ctrl
[rosout][INFO] 2022-05-05 15:35:26,903: publishing ctrl
[rosout][INFO] 2022-05-05 15:35:26,923: publishing ctrl
[rosout][INFO] 2022-05-05 15:35:26,943: publishing ctrl
[rosout][INFO] 2022-05-05 15:35:26,963: publishing ctrl
[rosout][INFO] 2022-05-05 15:35:26,983: publishing ctrl
[rosout][INFO] 2022-05-05 15:35:27,003: publishing ctrl
[rosout][INFO] 2022-05-05 15:35:27,023: publishing ctrl
[rosout][INFO] 2022-05-05 15:35:27,043: publishing ctrl
[rosout][INFO] 2022-05-05 15:35:27,063: publishing ctrl
[rosout][INFO] 2022-05-05 15:35:27,084: publishing ctrl
[rosout][INFO] 2022-05-05 15:35:27,104: publishing ctrl
[rosout][INFO] 2022-05-05 15:35:27,123: publishing ctrl
[rosout][INFO] 2022-05-05 15:35:27,143: publishing ctrl
[rosout][INFO] 2022-05-05 15:35:27,163: publishing ctrl
[rosout][INFO] 2022-05-05 15:35:27,183: publishing ctrl
[rosout][INFO] 2022-05-05 15:35:27,203: publishing ctrl
[rosout][INFO] 2022-05-05 15:35:27,223: publishing ctrl
[rosout][INFO] 2022-05-05 15:35:27,243: publishing ctrl
[rosout][INFO] 2022-05-05 15:35:27,263: publishing ctrl
[rosout][INFO] 2022-05-05 15:35:27,283: publishing ctrl
[rosout][INFO] 2022-05-05 15:35:27,304: publishing ctrl
[rosout][INFO] 2022-05-05 15:35:27,323: publishing ctrl
[rosout][INFO] 2022-05-05 15:35:27,344: publishing ctrl
[rosout][INFO] 2022-05-05 15:35:27,363: publishing ctrl
[rosout][INFO] 2022-05-05 15:35:27,383: publishing ctrl
[rosout][INFO] 2022-05-05 15:35:27,403: publishing ctrl
[rosout][INFO] 2022-05-05 15:35:27,423: publishing ctrl
[rosout][INFO] 2022-05-05 15:35:27,443: publishing ctrl
[rosout][INFO] 2022-05-05 15:35:27,463: publishing ctrl
[rospy.core][INFO] 2022-05-05 15:35:27,488: signal_shutdown [signal-2]
[rosout][INFO] 2022-05-05 15:35:27,483: publishing ctrl
[rospy.internal][INFO] 2022-05-05 15:35:27,506: topic[/car/mux/ackermann_cmd_mux/input/navigation] removing connection to /car/mux/nodelet_manager
[rospy.internal][INFO] 2022-05-05 15:35:27,507: topic[/rosout] removing connection to /rosout
[rospy.impl.masterslave][INFO] 2022-05-05 15:35:27,508: signal-2
[rosout][INFO] 2022-05-05 15:35:27,503: publishing ctrl
[rospy.core][INFO] 2022-05-05 15:35:28,131: signal_shutdown [atexit]
