

1651779314.233260982  Node Startup
1651779314.747359836 INFO /car/mux/ackermann_cmd_mux [/tmp/binarydeb/ros-melodic-roscpp-1.14.12/src/libros/service.cpp:123(service::waitForService)] [topics: /rosout] waitForService: Service [/car/mux/nodelet_manager/load_nodelet] is now available.
1651779314.695580566 INFO /car/mux/nodelet_manager [/tmp/binarydeb/ros-melodic-nodelet-1.9.16/src/loader.cpp:233(Loader::Impl::advertiseRosApi)] [topics: /rosout] Initializing nodelet with 4 worker threads.
1651779314.888860982 INFO /car/vesc/vesc_driver [/home/robot/catkin_ws/src/mushr/mushr_base/vesc/vesc_driver/src/vesc_driver.cpp:96(VescDriver::timerCallback)] [topics: /rosout, /car/vesc/sensors/core, /car/vesc/sensors/servo_position_command] Connected to VESC with firmware version 2.18
1651779314.929684472 INFO /car/mux/nodelet_manager [/home/robot/catkin_ws/src/mushr/mushr_base/mushr_base/ackermann_cmd_mux/src/ackermann_cmd_mux_nodelet.cpp:181(AckermannCmdMuxNodelet::reloadConfiguration)] [topics: /rosout, /car/mux/ackermann_cmd_mux/parameter_descriptions, /car/mux/ackermann_cmd_mux/parameter_updates, /car/mux/ackermann_cmd_mux/output] AckermannCmdMux : (re)configured [/home/robot/catkin_ws/src/mushr/mushr_base/mushr_base/ackermann_cmd_mux/param/mux.yaml]
1651779321.711107969 INFO /car/drive [part2.py:249(cybertruck2.publish_ctrl)] [topics: /rosout, /csi_cam_0/image_raw, /car/mux/ackermann_cmd_mux/input/navigation, /debug_image] publishing ctrl
1651779321.728665113 INFO /car/drive [part2.py:249(cybertruck2.publish_ctrl)] [topics: /rosout, /csi_cam_0/image_raw, /car/mux/ackermann_cmd_mux/input/navigation, /debug_image] publishing ctrl
1651779321.751357078 INFO /car/drive [part2.py:249(cybertruck2.publish_ctrl)] [topics: /rosout, /csi_cam_0/image_raw, /car/mux/ackermann_cmd_mux/input/navigation, /debug_image] publishing ctrl
1651779321.770021915 INFO /car/drive [part2.py:249(cybertruck2.publish_ctrl)] [topics: /rosout, /csi_cam_0/image_raw, /car/mux/ackermann_cmd_mux/input/navigation, /debug_image] publishing ctrl
1651779321.790781021 INFO /car/drive [part2.py:249(cybertruck2.publish_ctrl)] [topics: /rosout, /csi_cam_0/image_raw, /car/mux/ackermann_cmd_mux/input/navigation, /debug_image] publishing ctrl
1651779321.811054944 INFO /car/drive [part2.py:249(cybertruck2.publish_ctrl)] [topics: /rosout, /csi_cam_0/image_raw, /car/mux/ackermann_cmd_mux/input/navigation, /debug_image] publishing ctrl
1651779321.830373048 INFO /car/drive [part2.py:249(cybertruck2.publish_ctrl)] [topics: /rosout, /csi_cam_0/image_raw, /car/mux/ackermann_cmd_mux/input/navigation, /debug_image] publishing ctrl
1651779321.851932048 INFO /car/drive [part2.py:249(cybertruck2.publish_ctrl)] [topics: /rosout, /csi_cam_0/image_raw, /car/mux/ackermann_cmd_mux/input/navigation, /debug_image] publishing ctrl
1651779321.871510982 INFO /car/drive [part2.py:249(cybertruck2.publish_ctrl)] [topics: /rosout, /csi_cam_0/image_raw, /car/mux/ackermann_cmd_mux/input/navigation, /debug_image] publishing ctrl
1651779321.891628980 INFO /car/drive [part2.py:249(cybertruck2.publish_ctrl)] [topics: /rosout, /csi_cam_0/image_raw, /car/mux/ackermann_cmd_mux/input/navigation, /debug_image] publishing ctrl
1651779321.910640001 INFO /car/drive [part2.py:249(cybertruck2.publish_ctrl)] [topics: /rosout, /csi_cam_0/image_raw, /car/mux/ackermann_cmd_mux/input/navigation, /debug_image] publishing ctrl
1651779321.930561065 INFO /car/drive [part2.py:249(cybertruck2.publish_ctrl)] [topics: /rosout, /csi_cam_0/image_raw, /car/mux/ackermann_cmd_mux/input/navigation, /debug_image] publishing ctrl
1651779321.951096057 INFO /car/drive [part2.py:249(cybertruck2.publish_ctrl)] [topics: /rosout, /csi_cam_0/image_raw, /car/mux/ackermann_cmd_mux/input/navigation, /debug_image] publishing ctrl
1651779321.972249031 INFO /car/drive [part2.py:249(cybertruck2.publish_ctrl)] [topics: /rosout, /csi_cam_0/image_raw, /car/mux/ackermann_cmd_mux/input/navigation, /debug_image] publishing ctrl
1651779321.990912914 INFO /car/drive [part2.py:249(cybertruck2.publish_ctrl)] [topics: /rosout, /csi_cam_0/image_raw, /car/mux/ackermann_cmd_mux/input/navigation, /debug_image] publishing ctrl
1651779322.011179924 INFO /car/drive [part2.py:249(cybertruck2.publish_ctrl)] [topics: /rosout, /csi_cam_0/image_raw, /car/mux/ackermann_cmd_mux/input/navigation, /debug_image] publishing ctrl
1651779322.031208992 INFO /car/drive [part2.py:249(cybertruck2.publish_ctrl)] [topics: /rosout, /csi_cam_0/image_raw, /car/mux/ackermann_cmd_mux/input/navigation, /debug_image] publishing ctrl
1651779322.050946950 INFO /car/drive [part2.py:249(cybertruck2.publish_ctrl)] [topics: /rosout, /csi_cam_0/image_raw, /car/mux/ackermann_cmd_mux/input/navigation, /debug_image] publishing ctrl
1651779322.071943044 INFO /car/drive [part2.py:249(cybertruck2.publish_ctrl)] [topics: /rosout, /csi_cam_0/image_raw, /car/mux/ackermann_cmd_mux/input/navigation, /debug_image] publishing ctrl
1651779322.090982913 INFO /car/drive [part2.py:249(cybertruck2.publish_ctrl)] [topics: /rosout, /csi_cam_0/image_raw, /car/mux/ackermann_cmd_mux/input/navigation, /debug_image] publishing ctrl
1651779322.110557079 INFO /car/drive [part2.py:249(cybertruck2.publish_ctrl)] [topics: /rosout, /csi_cam_0/image_raw, /car/mux/ackermann_cmd_mux/input/navigation, /debug_image] publishing ctrl
1651779322.131076097 INFO /car/drive [part2.py:249(cybertruck2.publish_ctrl)] [topics: /rosout, /csi_cam_0/image_raw, /car/mux/ackermann_cmd_mux/input/navigation, /debug_image] publishing ctrl
1651779322.152378082 INFO /car/drive [part2.py:249(cybertruck2.publish_ctrl)] [topics: /rosout, /csi_cam_0/image_raw, /car/mux/ackermann_cmd_mux/input/navigation, /debug_image] publishing ctrl
1651779322.171350002 INFO /car/drive [part2.py:249(cybertruck2.publish_ctrl)] [topics: /rosout, /csi_cam_0/image_raw, /car/mux/ackermann_cmd_mux/input/navigation, /debug_image] publishing ctrl
1651779322.189893960 INFO /car/drive [part2.py:249(cybertruck2.publish_ctrl)] [topics: /rosout, /csi_cam_0/image_raw, /car/mux/ackermann_cmd_mux/input/navigation, /debug_image] publishing ctrl
1651779322.210741043 INFO /car/drive [part2.py:249(cybertruck2.publish_ctrl)] [topics: /rosout, /csi_cam_0/image_raw, /car/mux/ackermann_cmd_mux/input/navigation, /debug_image] publishing ctrl
1651779322.231329917 INFO /car/drive [part2.py:249(cybertruck2.publish_ctrl)] [topics: /rosout, /csi_cam_0/image_raw, /car/mux/ackermann_cmd_mux/input/navigation, /debug_image] publishing ctrl
1651779322.250613927 INFO /car/drive [part2.py:249(cybertruck2.publish_ctrl)] [topics: /rosout, /csi_cam_0/image_raw, /car/mux/ackermann_cmd_mux/input/navigation, /debug_image] publishing ctrl
1651779322.271152019 INFO /car/drive [part2.py:249(cybertruck2.publish_ctrl)] [topics: /rosout, /csi_cam_0/image_raw, /car/mux/ackermann_cmd_mux/input/navigation, /debug_image] publishing ctrl
1651779322.291127920 INFO /car/drive [part2.py:249(cybertruck2.publish_ctrl)] [topics: /rosout, /csi_cam_0/image_raw, /car/mux/ackermann_cmd_mux/input/navigation, /debug_image] publishing ctrl
1651779322.311435937 INFO /car/drive [part2.py:249(cybertruck2.publish_ctrl)] [topics: /rosout, /csi_cam_0/image_raw, /car/mux/ackermann_cmd_mux/input/navigation, /debug_image] publishing ctrl
1651779322.330842971 INFO /car/drive [part2.py:249(cybertruck2.publish_ctrl)] [topics: /rosout, /csi_cam_0/image_raw, /car/mux/ackermann_cmd_mux/input/navigation, /debug_image] publishing ctrl
1651779322.351444959 INFO /car/drive [part2.py:249(cybertruck2.publish_ctrl)] [topics: /rosout, /csi_cam_0/image_raw, /car/mux/ackermann_cmd_mux/input/navigation, /debug_image] publishing ctrl
1651779322.371109962 INFO /car/drive [part2.py:249(cybertruck2.publish_ctrl)] [topics: /rosout, /csi_cam_0/image_raw, /car/mux/ackermann_cmd_mux/input/navigation, /debug_image] publishing ctrl
1651779322.390964031 INFO /car/drive [part2.py:249(cybertruck2.publish_ctrl)] [topics: /rosout, /csi_cam_0/image_raw, /car/mux/ackermann_cmd_mux/input/navigation, /debug_image] publishing ctrl
1651779322.411345958 INFO /car/drive [part2.py:249(cybertruck2.publish_ctrl)] [topics: /rosout, /csi_cam_0/image_raw, /car/mux/ackermann_cmd_mux/input/navigation, /debug_image] publishing ctrl
1651779322.431701898 INFO /car/drive [part2.py:249(cybertruck2.publish_ctrl)] [topics: /rosout, /csi_cam_0/image_raw, /car/mux/ackermann_cmd_mux/input/navigation, /debug_image] publishing ctrl
1651779322.451805114 INFO /car/drive [part2.py:249(cybertruck2.publish_ctrl)] [topics: /rosout, /csi_cam_0/image_raw, /car/mux/ackermann_cmd_mux/input/navigation, /debug_image] publishing ctrl
1651779322.472201108 INFO /car/drive [part2.py:249(cybertruck2.publish_ctrl)] [topics: /rosout, /csi_cam_0/image_raw, /car/mux/ackermann_cmd_mux/input/navigation, /debug_image] publishing ctrl
1651779322.492038965 INFO /car/drive [part2.py:249(cybertruck2.publish_ctrl)] [topics: /rosout, /csi_cam_0/image_raw, /car/mux/ackermann_cmd_mux/input/navigation, /debug_image] publishing ctrl
1651779322.512085914 INFO /car/drive [part2.py:249(cybertruck2.publish_ctrl)] [topics: /rosout, /csi_cam_0/image_raw, /car/mux/ackermann_cmd_mux/input/navigation, /debug_image] publishing ctrl
1651779322.532121896 INFO /car/drive [part2.py:249(cybertruck2.publish_ctrl)] [topics: /rosout, /csi_cam_0/image_raw, /car/mux/ackermann_cmd_mux/input/navigation, /debug_image] publishing ctrl
1651779322.550998926 INFO /car/drive [part2.py:249(cybertruck2.publish_ctrl)] [topics: /rosout, /csi_cam_0/image_raw, /car/mux/ackermann_cmd_mux/input/navigation, /debug_image] publishing ctrl
1651779322.571116924 INFO /car/drive [part2.py:249(cybertruck2.publish_ctrl)] [topics: /rosout, /csi_cam_0/image_raw, /car/mux/ackermann_cmd_mux/input/navigation, /debug_image] publishing ctrl
1651779322.591221094 INFO /car/drive [part2.py:249(cybertruck2.publish_ctrl)] [topics: /rosout, /csi_cam_0/image_raw, /car/mux/ackermann_cmd_mux/input/navigation, /debug_image] publishing ctrl
1651779322.610518932 INFO /car/drive [part2.py:249(cybertruck2.publish_ctrl)] [topics: /rosout, /csi_cam_0/image_raw, /car/mux/ackermann_cmd_mux/input/navigation, /debug_image] publishing ctrl
1651779322.630435943 INFO /car/drive [part2.py:249(cybertruck2.publish_ctrl)] [topics: /rosout, /csi_cam_0/image_raw, /car/mux/ackermann_cmd_mux/input/navigation, /debug_image] publishing ctrl
1651779322.651233911 INFO /car/drive [part2.py:249(cybertruck2.publish_ctrl)] [topics: /rosout, /csi_cam_0/image_raw, /car/mux/ackermann_cmd_mux/input/navigation, /debug_image] publishing ctrl
1651779322.671797990 INFO /car/drive [part2.py:249(cybertruck2.publish_ctrl)] [topics: /rosout, /csi_cam_0/image_raw, /car/mux/ackermann_cmd_mux/input/navigation, /debug_image] publishing ctrl
1651779322.691194057 INFO /car/drive [part2.py:249(cybertruck2.publish_ctrl)] [topics: /rosout, /csi_cam_0/image_raw, /car/mux/ackermann_cmd_mux/input/navigation, /debug_image] publishing ctrl
1651779322.711245059 INFO /car/drive [part2.py:249(cybertruck2.publish_ctrl)] [topics: /rosout, /csi_cam_0/image_raw, /car/mux/ackermann_cmd_mux/input/navigation, /debug_image] publishing ctrl
1651779322.730194091 INFO /car/drive [part2.py:249(cybertruck2.publish_ctrl)] [topics: /rosout, /csi_cam_0/image_raw, /car/mux/ackermann_cmd_mux/input/navigation, /debug_image] publishing ctrl
1651779322.754684925 INFO /car/drive [part2.py:249(cybertruck2.publish_ctrl)] [topics: /rosout, /csi_cam_0/image_raw, /car/mux/ackermann_cmd_mux/input/navigation, /debug_image] publishing ctrl
1651779322.770648002 INFO /car/drive [part2.py:249(cybertruck2.publish_ctrl)] [topics: /rosout, /csi_cam_0/image_raw, /car/mux/ackermann_cmd_mux/input/navigation, /debug_image] publishing ctrl
1651779322.790889024 INFO /car/drive [part2.py:249(cybertruck2.publish_ctrl)] [topics: /rosout, /csi_cam_0/image_raw, /car/mux/ackermann_cmd_mux/input/navigation, /debug_image] publishing ctrl
1651779322.810738086 INFO /car/drive [part2.py:249(cybertruck2.publish_ctrl)] [topics: /rosout, /csi_cam_0/image_raw, /car/mux/ackermann_cmd_mux/input/navigation, /debug_image] publishing ctrl
1651779322.832067012 INFO /car/drive [part2.py:249(cybertruck2.publish_ctrl)] [topics: /rosout, /csi_cam_0/image_raw, /car/mux/ackermann_cmd_mux/input/navigation, /debug_image] publishing ctrl
1651779322.851317882 INFO /car/drive [part2.py:249(cybertruck2.publish_ctrl)] [topics: /rosout, /csi_cam_0/image_raw, /car/mux/ackermann_cmd_mux/input/navigation, /debug_image] publishing ctrl
1651779322.871330976 INFO /car/drive [part2.py:249(cybertruck2.publish_ctrl)] [topics: /rosout, /csi_cam_0/image_raw, /car/mux/ackermann_cmd_mux/input/navigation, /debug_image] publishing ctrl
1651779322.891083002 INFO /car/drive [part2.py:249(cybertruck2.publish_ctrl)] [topics: /rosout, /csi_cam_0/image_raw, /car/mux/ackermann_cmd_mux/input/navigation, /debug_image] publishing ctrl
1651779322.911264896 INFO /car/drive [part2.py:249(cybertruck2.publish_ctrl)] [topics: /rosout, /csi_cam_0/image_raw, /car/mux/ackermann_cmd_mux/input/navigation, /debug_image] publishing ctrl
1651779322.930989027 INFO /car/drive [part2.py:249(cybertruck2.publish_ctrl)] [topics: /rosout, /csi_cam_0/image_raw, /car/mux/ackermann_cmd_mux/input/navigation, /debug_image] publishing ctrl
1651779322.951248884 INFO /car/drive [part2.py:249(cybertruck2.publish_ctrl)] [topics: /rosout, /csi_cam_0/image_raw, /car/mux/ackermann_cmd_mux/input/navigation, /debug_image] publishing ctrl
1651779322.971090078 INFO /car/drive [part2.py:249(cybertruck2.publish_ctrl)] [topics: /rosout, /csi_cam_0/image_raw, /car/mux/ackermann_cmd_mux/input/navigation, /debug_image] publishing ctrl
1651779322.991264104 INFO /car/drive [part2.py:249(cybertruck2.publish_ctrl)] [topics: /rosout, /csi_cam_0/image_raw, /car/mux/ackermann_cmd_mux/input/navigation, /debug_image] publishing ctrl
1651779323.010974884 INFO /car/drive [part2.py:249(cybertruck2.publish_ctrl)] [topics: /rosout, /csi_cam_0/image_raw, /car/mux/ackermann_cmd_mux/input/navigation, /debug_image] publishing ctrl
1651779323.031275987 INFO /car/drive [part2.py:249(cybertruck2.publish_ctrl)] [topics: /rosout, /csi_cam_0/image_raw, /car/mux/ackermann_cmd_mux/input/navigation, /debug_image] publishing ctrl
1651779323.052134990 INFO /car/drive [part2.py:249(cybertruck2.publish_ctrl)] [topics: /rosout, /csi_cam_0/image_raw, /car/mux/ackermann_cmd_mux/input/navigation, /debug_image] publishing ctrl
1651779323.071784973 INFO /car/drive [part2.py:249(cybertruck2.publish_ctrl)] [topics: /rosout, /csi_cam_0/image_raw, /car/mux/ackermann_cmd_mux/input/navigation, /debug_image] publishing ctrl
1651779323.091907978 INFO /car/drive [part2.py:249(cybertruck2.publish_ctrl)] [topics: /rosout, /csi_cam_0/image_raw, /car/mux/ackermann_cmd_mux/input/navigation, /debug_image] publishing ctrl
1651779323.111685037 INFO /car/drive [part2.py:249(cybertruck2.publish_ctrl)] [topics: /rosout, /csi_cam_0/image_raw, /car/mux/ackermann_cmd_mux/input/navigation, /debug_image] publishing ctrl
1651779323.131470918 INFO /car/drive [part2.py:249(cybertruck2.publish_ctrl)] [topics: /rosout, /csi_cam_0/image_raw, /car/mux/ackermann_cmd_mux/input/navigation, /debug_image] publishing ctrl
1651779323.151665925 INFO /car/drive [part2.py:249(cybertruck2.publish_ctrl)] [topics: /rosout, /csi_cam_0/image_raw, /car/mux/ackermann_cmd_mux/input/navigation, /debug_image] publishing ctrl
1651779323.174056053 INFO /car/drive [part2.py:249(cybertruck2.publish_ctrl)] [topics: /rosout, /csi_cam_0/image_raw, /car/mux/ackermann_cmd_mux/input/navigation, /debug_image] publishing ctrl
1651779323.190084934 INFO /car/drive [part2.py:249(cybertruck2.publish_ctrl)] [topics: /rosout, /csi_cam_0/image_raw, /car/mux/ackermann_cmd_mux/input/navigation, /debug_image] publishing ctrl
1651779323.210352897 INFO /car/drive [part2.py:249(cybertruck2.publish_ctrl)] [topics: /rosout, /csi_cam_0/image_raw, /car/mux/ackermann_cmd_mux/input/navigation, /debug_image] publishing ctrl
1651779323.231714963 INFO /car/drive [part2.py:249(cybertruck2.publish_ctrl)] [topics: /rosout, /csi_cam_0/image_raw, /car/mux/ackermann_cmd_mux/input/navigation, /debug_image] publishing ctrl
1651779323.251034021 INFO /car/drive [part2.py:249(cybertruck2.publish_ctrl)] [topics: /rosout, /csi_cam_0/image_raw, /car/mux/ackermann_cmd_mux/input/navigation, /debug_image] publishing ctrl
1651779323.271549940 INFO /car/drive [part2.py:249(cybertruck2.publish_ctrl)] [topics: /rosout, /csi_cam_0/image_raw, /car/mux/ackermann_cmd_mux/input/navigation, /debug_image] publishing ctrl
1651779323.291213035 INFO /car/drive [part2.py:249(cybertruck2.publish_ctrl)] [topics: /rosout, /csi_cam_0/image_raw, /car/mux/ackermann_cmd_mux/input/navigation, /debug_image] publishing ctrl
1651779323.310815095 INFO /car/drive [part2.py:249(cybertruck2.publish_ctrl)] [topics: /rosout, /csi_cam_0/image_raw, /car/mux/ackermann_cmd_mux/input/navigation, /debug_image] publishing ctrl
1651779323.331163883 INFO /car/drive [part2.py:249(cybertruck2.publish_ctrl)] [topics: /rosout, /csi_cam_0/image_raw, /car/mux/ackermann_cmd_mux/input/navigation, /debug_image] publishing ctrl
1651779323.350941896 INFO /car/drive [part2.py:249(cybertruck2.publish_ctrl)] [topics: /rosout, /csi_cam_0/image_raw, /car/mux/ackermann_cmd_mux/input/navigation, /debug_image] publishing ctrl
1651779323.371198892 INFO /car/drive [part2.py:249(cybertruck2.publish_ctrl)] [topics: /rosout, /csi_cam_0/image_raw, /car/mux/ackermann_cmd_mux/input/navigation, /debug_image] publishing ctrl
1651779323.391697883 INFO /car/drive [part2.py:249(cybertruck2.publish_ctrl)] [topics: /rosout, /csi_cam_0/image_raw, /car/mux/ackermann_cmd_mux/input/navigation, /debug_image] publishing ctrl
1651779323.410947084 INFO /car/drive [part2.py:249(cybertruck2.publish_ctrl)] [topics: /rosout, /csi_cam_0/image_raw, /car/mux/ackermann_cmd_mux/input/navigation, /debug_image] publishing ctrl
1651779323.431622028 INFO /car/drive [part2.py:249(cybertruck2.publish_ctrl)] [topics: /rosout, /csi_cam_0/image_raw, /car/mux/ackermann_cmd_mux/input/navigation, /debug_image] publishing ctrl
1651779323.451076984 INFO /car/drive [part2.py:249(cybertruck2.publish_ctrl)] [topics: /rosout, /csi_cam_0/image_raw, /car/mux/ackermann_cmd_mux/input/navigation, /debug_image] publishing ctrl
1651779323.471221923 INFO /car/drive [part2.py:249(cybertruck2.publish_ctrl)] [topics: /rosout, /csi_cam_0/image_raw, /car/mux/ackermann_cmd_mux/input/navigation, /debug_image] publishing ctrl
1651779323.490632057 INFO /car/drive [part2.py:249(cybertruck2.publish_ctrl)] [topics: /rosout, /csi_cam_0/image_raw, /car/mux/ackermann_cmd_mux/input/navigation, /debug_image] publishing ctrl
1651779323.512167930 INFO /car/drive [part2.py:249(cybertruck2.publish_ctrl)] [topics: /rosout, /csi_cam_0/image_raw, /car/mux/ackermann_cmd_mux/input/navigation, /debug_image] publishing ctrl
1651779323.531529903 INFO /car/drive [part2.py:249(cybertruck2.publish_ctrl)] [topics: /rosout, /csi_cam_0/image_raw, /car/mux/ackermann_cmd_mux/input/navigation, /debug_image] publishing ctrl
1651779323.551899909 INFO /car/drive [part2.py:249(cybertruck2.publish_ctrl)] [topics: /rosout, /csi_cam_0/image_raw, /car/mux/ackermann_cmd_mux/input/navigation, /debug_image] publishing ctrl
1651779323.570982933 INFO /car/drive [part2.py:249(cybertruck2.publish_ctrl)] [topics: /rosout, /csi_cam_0/image_raw, /car/mux/ackermann_cmd_mux/input/navigation, /debug_image] publishing ctrl
1651779323.591128110 INFO /car/drive [part2.py:249(cybertruck2.publish_ctrl)] [topics: /rosout, /csi_cam_0/image_raw, /car/mux/ackermann_cmd_mux/input/navigation, /debug_image] publishing ctrl
1651779323.611166954 INFO /car/drive [part2.py:249(cybertruck2.publish_ctrl)] [topics: /rosout, /csi_cam_0/image_raw, /car/mux/ackermann_cmd_mux/input/navigation, /debug_image] publishing ctrl
1651779323.631627082 INFO /car/drive [part2.py:249(cybertruck2.publish_ctrl)] [topics: /rosout, /csi_cam_0/image_raw, /car/mux/ackermann_cmd_mux/input/navigation, /debug_image] publishing ctrl
1651779323.651767015 INFO /car/drive [part2.py:249(cybertruck2.publish_ctrl)] [topics: /rosout, /csi_cam_0/image_raw, /car/mux/ackermann_cmd_mux/input/navigation, /debug_image] publishing ctrl
1651779323.671134948 INFO /car/drive [part2.py:249(cybertruck2.publish_ctrl)] [topics: /rosout, /csi_cam_0/image_raw, /car/mux/ackermann_cmd_mux/input/navigation, /debug_image] publishing ctrl
1651779323.691534996 INFO /car/drive [part2.py:249(cybertruck2.publish_ctrl)] [topics: /rosout, /csi_cam_0/image_raw, /car/mux/ackermann_cmd_mux/input/navigation, /debug_image] publishing ctrl
1651779323.711978912 INFO /car/drive [part2.py:249(cybertruck2.publish_ctrl)] [topics: /rosout, /csi_cam_0/image_raw, /car/mux/ackermann_cmd_mux/input/navigation, /debug_image] publishing ctrl
1651779323.731502056 INFO /car/drive [part2.py:249(cybertruck2.publish_ctrl)] [topics: /rosout, /csi_cam_0/image_raw, /car/mux/ackermann_cmd_mux/input/navigation, /debug_image] publishing ctrl
1651779323.750336885 INFO /car/drive [part2.py:249(cybertruck2.publish_ctrl)] [topics: /rosout, /csi_cam_0/image_raw, /car/mux/ackermann_cmd_mux/input/navigation, /debug_image] publishing ctrl
1651779323.771409034 INFO /car/drive [part2.py:249(cybertruck2.publish_ctrl)] [topics: /rosout, /csi_cam_0/image_raw, /car/mux/ackermann_cmd_mux/input/navigation, /debug_image] publishing ctrl
1651779323.791038990 INFO /car/drive [part2.py:249(cybertruck2.publish_ctrl)] [topics: /rosout, /csi_cam_0/image_raw, /car/mux/ackermann_cmd_mux/input/navigation, /debug_image] publishing ctrl
1651779323.811242103 INFO /car/drive [part2.py:249(cybertruck2.publish_ctrl)] [topics: /rosout, /csi_cam_0/image_raw, /car/mux/ackermann_cmd_mux/input/navigation, /debug_image] publishing ctrl
1651779323.831690073 INFO /car/drive [part2.py:249(cybertruck2.publish_ctrl)] [topics: /rosout, /csi_cam_0/image_raw, /car/mux/ackermann_cmd_mux/input/navigation, /debug_image] publishing ctrl
1651779323.852066993 INFO /car/drive [part2.py:249(cybertruck2.publish_ctrl)] [topics: /rosout, /csi_cam_0/image_raw, /car/mux/ackermann_cmd_mux/input/navigation, /debug_image] publishing ctrl
1651779323.871825933 INFO /car/drive [part2.py:249(cybertruck2.publish_ctrl)] [topics: /rosout, /csi_cam_0/image_raw, /car/mux/ackermann_cmd_mux/input/navigation, /debug_image] publishing ctrl
1651779323.891107082 INFO /car/drive [part2.py:249(cybertruck2.publish_ctrl)] [topics: /rosout, /csi_cam_0/image_raw, /car/mux/ackermann_cmd_mux/input/navigation, /debug_image] publishing ctrl
1651779323.911174058 INFO /car/drive [part2.py:249(cybertruck2.publish_ctrl)] [topics: /rosout, /csi_cam_0/image_raw, /car/mux/ackermann_cmd_mux/input/navigation, /debug_image] publishing ctrl
1651779323.931396961 INFO /car/drive [part2.py:249(cybertruck2.publish_ctrl)] [topics: /rosout, /csi_cam_0/image_raw, /car/mux/ackermann_cmd_mux/input/navigation, /debug_image] publishing ctrl
1651779323.951863050 INFO /car/drive [part2.py:249(cybertruck2.publish_ctrl)] [topics: /rosout, /csi_cam_0/image_raw, /car/mux/ackermann_cmd_mux/input/navigation, /debug_image] publishing ctrl
1651779323.971802949 INFO /car/drive [part2.py:249(cybertruck2.publish_ctrl)] [topics: /rosout, /csi_cam_0/image_raw, /car/mux/ackermann_cmd_mux/input/navigation, /debug_image] publishing ctrl
1651779323.992131948 INFO /car/drive [part2.py:249(cybertruck2.publish_ctrl)] [topics: /rosout, /csi_cam_0/image_raw, /car/mux/ackermann_cmd_mux/input/navigation, /debug_image] publishing ctrl
1651779324.010554075 INFO /car/drive [part2.py:249(cybertruck2.publish_ctrl)] [topics: /rosout, /csi_cam_0/image_raw, /car/mux/ackermann_cmd_mux/input/navigation, /debug_image] publishing ctrl
1651779324.031012058 INFO /car/drive [part2.py:249(cybertruck2.publish_ctrl)] [topics: /rosout, /csi_cam_0/image_raw, /car/mux/ackermann_cmd_mux/input/navigation, /debug_image] publishing ctrl
1651779324.051460027 INFO /car/drive [part2.py:249(cybertruck2.publish_ctrl)] [topics: /rosout, /csi_cam_0/image_raw, /car/mux/ackermann_cmd_mux/input/navigation, /debug_image] publishing ctrl
1651779324.070769071 INFO /car/drive [part2.py:249(cybertruck2.publish_ctrl)] [topics: /rosout, /csi_cam_0/image_raw, /car/mux/ackermann_cmd_mux/input/navigation, /debug_image] publishing ctrl
1651779324.090787887 INFO /car/drive [part2.py:249(cybertruck2.publish_ctrl)] [topics: /rosout, /csi_cam_0/image_raw, /car/mux/ackermann_cmd_mux/input/navigation, /debug_image] publishing ctrl
1651779324.111063003 INFO /car/drive [part2.py:249(cybertruck2.publish_ctrl)] [topics: /rosout, /csi_cam_0/image_raw, /car/mux/ackermann_cmd_mux/input/navigation, /debug_image] publishing ctrl
1651779324.130779981 INFO /car/drive [part2.py:249(cybertruck2.publish_ctrl)] [topics: /rosout, /csi_cam_0/image_raw, /car/mux/ackermann_cmd_mux/input/navigation, /debug_image] publishing ctrl
1651779324.151608943 INFO /car/drive [part2.py:249(cybertruck2.publish_ctrl)] [topics: /rosout, /csi_cam_0/image_raw, /car/mux/ackermann_cmd_mux/input/navigation, /debug_image] publishing ctrl
1651779324.171251058 INFO /car/drive [part2.py:249(cybertruck2.publish_ctrl)] [topics: /rosout, /csi_cam_0/image_raw, /car/mux/ackermann_cmd_mux/input/navigation, /debug_image] publishing ctrl
1651779324.189246892 INFO /car/drive [part2.py:249(cybertruck2.publish_ctrl)] [topics: /rosout, /csi_cam_0/image_raw, /car/mux/ackermann_cmd_mux/input/navigation, /debug_image] publishing ctrl
1651779324.210525989 INFO /car/drive [part2.py:249(cybertruck2.publish_ctrl)] [topics: /rosout, /csi_cam_0/image_raw, /car/mux/ackermann_cmd_mux/input/navigation, /debug_image] publishing ctrl
1651779324.230848073 INFO /car/drive [part2.py:249(cybertruck2.publish_ctrl)] [topics: /rosout, /csi_cam_0/image_raw, /car/mux/ackermann_cmd_mux/input/navigation, /debug_image] publishing ctrl
1651779324.250874996 INFO /car/drive [part2.py:249(cybertruck2.publish_ctrl)] [topics: /rosout, /csi_cam_0/image_raw, /car/mux/ackermann_cmd_mux/input/navigation, /debug_image] publishing ctrl
1651779324.271554946 INFO /car/drive [part2.py:249(cybertruck2.publish_ctrl)] [topics: /rosout, /csi_cam_0/image_raw, /car/mux/ackermann_cmd_mux/input/navigation, /debug_image] publishing ctrl
1651779324.291265010 INFO /car/drive [part2.py:249(cybertruck2.publish_ctrl)] [topics: /rosout, /csi_cam_0/image_raw, /car/mux/ackermann_cmd_mux/input/navigation, /debug_image] publishing ctrl
1651779324.310708999 INFO /car/drive [part2.py:249(cybertruck2.publish_ctrl)] [topics: /rosout, /csi_cam_0/image_raw, /car/mux/ackermann_cmd_mux/input/navigation, /debug_image] publishing ctrl
1651779324.331470966 INFO /car/drive [part2.py:249(cybertruck2.publish_ctrl)] [topics: /rosout, /csi_cam_0/image_raw, /car/mux/ackermann_cmd_mux/input/navigation, /debug_image] publishing ctrl
1651779324.351013898 INFO /car/drive [part2.py:249(cybertruck2.publish_ctrl)] [topics: /rosout, /csi_cam_0/image_raw, /car/mux/ackermann_cmd_mux/input/navigation, /debug_image] publishing ctrl
1651779324.371617078 INFO /car/drive [part2.py:249(cybertruck2.publish_ctrl)] [topics: /rosout, /csi_cam_0/image_raw, /car/mux/ackermann_cmd_mux/input/navigation, /debug_image] publishing ctrl
1651779324.391331911 INFO /car/drive [part2.py:249(cybertruck2.publish_ctrl)] [topics: /rosout, /csi_cam_0/image_raw, /car/mux/ackermann_cmd_mux/input/navigation, /debug_image] publishing ctrl
1651779324.410412073 INFO /car/drive [part2.py:249(cybertruck2.publish_ctrl)] [topics: /rosout, /csi_cam_0/image_raw, /car/mux/ackermann_cmd_mux/input/navigation, /debug_image] publishing ctrl
1651779324.431535959 INFO /car/drive [part2.py:249(cybertruck2.publish_ctrl)] [topics: /rosout, /csi_cam_0/image_raw, /car/mux/ackermann_cmd_mux/input/navigation, /debug_image] publishing ctrl
1651779324.452111005 INFO /car/drive [part2.py:249(cybertruck2.publish_ctrl)] [topics: /rosout, /csi_cam_0/image_raw, /car/mux/ackermann_cmd_mux/input/navigation, /debug_image] publishing ctrl
1651779324.471398115 INFO /car/drive [part2.py:249(cybertruck2.publish_ctrl)] [topics: /rosout, /csi_cam_0/image_raw, /car/mux/ackermann_cmd_mux/input/navigation, /debug_image] publishing ctrl
1651779324.490684986 INFO /car/drive [part2.py:249(cybertruck2.publish_ctrl)] [topics: /rosout, /csi_cam_0/image_raw, /car/mux/ackermann_cmd_mux/input/navigation, /debug_image] publishing ctrl
1651779324.511413097 INFO /car/drive [part2.py:249(cybertruck2.publish_ctrl)] [topics: /rosout, /csi_cam_0/image_raw, /car/mux/ackermann_cmd_mux/input/navigation, /debug_image] publishing ctrl
1651779324.531971931 INFO /car/drive [part2.py:249(cybertruck2.publish_ctrl)] [topics: /rosout, /csi_cam_0/image_raw, /car/mux/ackermann_cmd_mux/input/navigation, /debug_image] publishing ctrl
1651779324.552453994 INFO /car/drive [part2.py:249(cybertruck2.publish_ctrl)] [topics: /rosout, /csi_cam_0/image_raw, /car/mux/ackermann_cmd_mux/input/navigation, /debug_image] publishing ctrl
1651779324.571453094 INFO /car/drive [part2.py:249(cybertruck2.publish_ctrl)] [topics: /rosout, /csi_cam_0/image_raw, /car/mux/ackermann_cmd_mux/input/navigation, /debug_image] publishing ctrl
1651779324.590754985 INFO /car/drive [part2.py:249(cybertruck2.publish_ctrl)] [topics: /rosout, /csi_cam_0/image_raw, /car/mux/ackermann_cmd_mux/input/navigation, /debug_image] publishing ctrl
1651779324.610860109 INFO /car/drive [part2.py:249(cybertruck2.publish_ctrl)] [topics: /rosout, /csi_cam_0/image_raw, /car/mux/ackermann_cmd_mux/input/navigation, /debug_image] publishing ctrl
1651779324.631001949 INFO /car/drive [part2.py:249(cybertruck2.publish_ctrl)] [topics: /rosout, /csi_cam_0/image_raw, /car/mux/ackermann_cmd_mux/input/navigation, /debug_image] publishing ctrl
1651779324.651036977 INFO /car/drive [part2.py:249(cybertruck2.publish_ctrl)] [topics: /rosout, /csi_cam_0/image_raw, /car/mux/ackermann_cmd_mux/input/navigation, /debug_image] publishing ctrl
1651779324.672450065 INFO /car/drive [part2.py:249(cybertruck2.publish_ctrl)] [topics: /rosout, /csi_cam_0/image_raw, /car/mux/ackermann_cmd_mux/input/navigation, /debug_image] publishing ctrl
1651779324.692632913 INFO /car/drive [part2.py:249(cybertruck2.publish_ctrl)] [topics: /rosout, /csi_cam_0/image_raw, /car/mux/ackermann_cmd_mux/input/navigation, /debug_image] publishing ctrl
1651779324.711117982 INFO /car/drive [part2.py:249(cybertruck2.publish_ctrl)] [topics: /rosout, /csi_cam_0/image_raw, /car/mux/ackermann_cmd_mux/input/navigation, /debug_image] publishing ctrl
1651779324.730911016 INFO /car/drive [part2.py:249(cybertruck2.publish_ctrl)] [topics: /rosout, /csi_cam_0/image_raw, /car/mux/ackermann_cmd_mux/input/navigation, /debug_image] publishing ctrl
1651779324.751404047 INFO /car/drive [part2.py:249(cybertruck2.publish_ctrl)] [topics: /rosout, /csi_cam_0/image_raw, /car/mux/ackermann_cmd_mux/input/navigation, /debug_image] publishing ctrl
1651779324.771531105 INFO /car/drive [part2.py:249(cybertruck2.publish_ctrl)] [topics: /rosout, /csi_cam_0/image_raw, /car/mux/ackermann_cmd_mux/input/navigation, /debug_image] publishing ctrl
1651779324.791081905 INFO /car/drive [part2.py:249(cybertruck2.publish_ctrl)] [topics: /rosout, /csi_cam_0/image_raw, /car/mux/ackermann_cmd_mux/input/navigation, /debug_image] publishing ctrl
1651779324.810687065 INFO /car/drive [part2.py:249(cybertruck2.publish_ctrl)] [topics: /rosout, /csi_cam_0/image_raw, /car/mux/ackermann_cmd_mux/input/navigation, /debug_image] publishing ctrl
1651779324.831069946 INFO /car/drive [part2.py:249(cybertruck2.publish_ctrl)] [topics: /rosout, /csi_cam_0/image_raw, /car/mux/ackermann_cmd_mux/input/navigation, /debug_image] publishing ctrl
1651779324.851994991 INFO /car/drive [part2.py:249(cybertruck2.publish_ctrl)] [topics: /rosout, /csi_cam_0/image_raw, /car/mux/ackermann_cmd_mux/input/navigation, /debug_image] publishing ctrl
1651779324.870985984 INFO /car/drive [part2.py:249(cybertruck2.publish_ctrl)] [topics: /rosout, /csi_cam_0/image_raw, /car/mux/ackermann_cmd_mux/input/navigation, /debug_image] publishing ctrl
1651779324.890522003 INFO /car/drive [part2.py:249(cybertruck2.publish_ctrl)] [topics: /rosout, /csi_cam_0/image_raw, /car/mux/ackermann_cmd_mux/input/navigation, /debug_image] publishing ctrl
1651779324.911932945 INFO /car/drive [part2.py:249(cybertruck2.publish_ctrl)] [topics: /rosout, /csi_cam_0/image_raw, /car/mux/ackermann_cmd_mux/input/navigation, /debug_image] publishing ctrl
1651779324.931687116 INFO /car/drive [part2.py:249(cybertruck2.publish_ctrl)] [topics: /rosout, /csi_cam_0/image_raw, /car/mux/ackermann_cmd_mux/input/navigation, /debug_image] publishing ctrl
1651779324.953151941 INFO /car/drive [part2.py:249(cybertruck2.publish_ctrl)] [topics: /rosout, /csi_cam_0/image_raw, /car/mux/ackermann_cmd_mux/input/navigation, /debug_image] publishing ctrl
1651779324.970865011 INFO /car/drive [part2.py:249(cybertruck2.publish_ctrl)] [topics: /rosout, /csi_cam_0/image_raw, /car/mux/ackermann_cmd_mux/input/navigation, /debug_image] publishing ctrl
1651779324.991144895 INFO /car/drive [part2.py:249(cybertruck2.publish_ctrl)] [topics: /rosout, /csi_cam_0/image_raw, /car/mux/ackermann_cmd_mux/input/navigation, /debug_image] publishing ctrl
1651779325.009712934 INFO /car/drive [part2.py:249(cybertruck2.publish_ctrl)] [topics: /rosout, /csi_cam_0/image_raw, /car/mux/ackermann_cmd_mux/input/navigation, /debug_image] publishing ctrl
1651779325.030827999 INFO /car/drive [part2.py:249(cybertruck2.publish_ctrl)] [topics: /rosout, /csi_cam_0/image_raw, /car/mux/ackermann_cmd_mux/input/navigation, /debug_image] publishing ctrl
1651779325.051088094 INFO /car/drive [part2.py:249(cybertruck2.publish_ctrl)] [topics: /rosout, /csi_cam_0/image_raw, /car/mux/ackermann_cmd_mux/input/navigation, /debug_image] publishing ctrl
1651779325.071032047 INFO /car/drive [part2.py:249(cybertruck2.publish_ctrl)] [topics: /rosout, /csi_cam_0/image_raw, /car/mux/ackermann_cmd_mux/input/navigation, /debug_image] publishing ctrl
1651779325.091145992 INFO /car/drive [part2.py:249(cybertruck2.publish_ctrl)] [topics: /rosout, /csi_cam_0/image_raw, /car/mux/ackermann_cmd_mux/input/navigation, /debug_image] publishing ctrl
1651779325.110903978 INFO /car/drive [part2.py:249(cybertruck2.publish_ctrl)] [topics: /rosout, /csi_cam_0/image_raw, /car/mux/ackermann_cmd_mux/input/navigation, /debug_image] publishing ctrl
1651779325.131107091 INFO /car/drive [part2.py:249(cybertruck2.publish_ctrl)] [topics: /rosout, /csi_cam_0/image_raw, /car/mux/ackermann_cmd_mux/input/navigation, /debug_image] publishing ctrl
1651779325.153285980 INFO /car/drive [part2.py:249(cybertruck2.publish_ctrl)] [topics: /rosout, /csi_cam_0/image_raw, /car/mux/ackermann_cmd_mux/input/navigation, /debug_image] publishing ctrl
1651779325.172297000 INFO /car/drive [part2.py:249(cybertruck2.publish_ctrl)] [topics: /rosout, /csi_cam_0/image_raw, /car/mux/ackermann_cmd_mux/input/navigation, /debug_image] publishing ctrl
1651779325.189213991 INFO /car/drive [part2.py:249(cybertruck2.publish_ctrl)] [topics: /rosout, /csi_cam_0/image_raw, /car/mux/ackermann_cmd_mux/input/navigation, /debug_image] publishing ctrl
1651779325.210900068 INFO /car/drive [part2.py:249(cybertruck2.publish_ctrl)] [topics: /rosout, /csi_cam_0/image_raw, /car/mux/ackermann_cmd_mux/input/navigation, /debug_image] publishing ctrl
1651779325.231416940 INFO /car/drive [part2.py:249(cybertruck2.publish_ctrl)] [topics: /rosout, /csi_cam_0/image_raw, /car/mux/ackermann_cmd_mux/input/navigation, /debug_image] publishing ctrl
1651779325.251707077 INFO /car/drive [part2.py:249(cybertruck2.publish_ctrl)] [topics: /rosout, /csi_cam_0/image_raw, /car/mux/ackermann_cmd_mux/input/navigation, /debug_image] publishing ctrl
1651779325.271600961 INFO /car/drive [part2.py:249(cybertruck2.publish_ctrl)] [topics: /rosout, /csi_cam_0/image_raw, /car/mux/ackermann_cmd_mux/input/navigation, /debug_image] publishing ctrl
1651779325.291395902 INFO /car/drive [part2.py:249(cybertruck2.publish_ctrl)] [topics: /rosout, /csi_cam_0/image_raw, /car/mux/ackermann_cmd_mux/input/navigation, /debug_image] publishing ctrl
1651779325.313208103 INFO /car/drive [part2.py:249(cybertruck2.publish_ctrl)] [topics: /rosout, /csi_cam_0/image_raw, /car/mux/ackermann_cmd_mux/input/navigation, /debug_image] publishing ctrl
1651779325.331294059 INFO /car/drive [part2.py:249(cybertruck2.publish_ctrl)] [topics: /rosout, /csi_cam_0/image_raw, /car/mux/ackermann_cmd_mux/input/navigation, /debug_image] publishing ctrl
1651779325.352108955 INFO /car/drive [part2.py:249(cybertruck2.publish_ctrl)] [topics: /rosout, /csi_cam_0/image_raw, /car/mux/ackermann_cmd_mux/input/navigation, /debug_image] publishing ctrl
1651779325.372270107 INFO /car/drive [part2.py:249(cybertruck2.publish_ctrl)] [topics: /rosout, /csi_cam_0/image_raw, /car/mux/ackermann_cmd_mux/input/navigation, /debug_image] publishing ctrl
1651779325.391566038 INFO /car/drive [part2.py:249(cybertruck2.publish_ctrl)] [topics: /rosout, /csi_cam_0/image_raw, /car/mux/ackermann_cmd_mux/input/navigation, /debug_image] publishing ctrl
1651779325.411849975 INFO /car/drive [part2.py:249(cybertruck2.publish_ctrl)] [topics: /rosout, /csi_cam_0/image_raw, /car/mux/ackermann_cmd_mux/input/navigation, /debug_image] publishing ctrl
1651779325.430922031 INFO /car/drive [part2.py:249(cybertruck2.publish_ctrl)] [topics: /rosout, /csi_cam_0/image_raw, /car/mux/ackermann_cmd_mux/input/navigation, /debug_image] publishing ctrl
1651779325.451642036 INFO /car/drive [part2.py:249(cybertruck2.publish_ctrl)] [topics: /rosout, /csi_cam_0/image_raw, /car/mux/ackermann_cmd_mux/input/navigation, /debug_image] publishing ctrl
1651779325.472498893 INFO /car/drive [part2.py:249(cybertruck2.publish_ctrl)] [topics: /rosout, /csi_cam_0/image_raw, /car/mux/ackermann_cmd_mux/input/navigation, /debug_image] publishing ctrl
1651779325.491158962 INFO /car/drive [part2.py:249(cybertruck2.publish_ctrl)] [topics: /rosout, /csi_cam_0/image_raw, /car/mux/ackermann_cmd_mux/input/navigation, /debug_image] publishing ctrl
1651779325.511135101 INFO /car/drive [part2.py:249(cybertruck2.publish_ctrl)] [topics: /rosout, /csi_cam_0/image_raw, /car/mux/ackermann_cmd_mux/input/navigation, /debug_image] publishing ctrl
1651779325.530786037 INFO /car/drive [part2.py:249(cybertruck2.publish_ctrl)] [topics: /rosout, /csi_cam_0/image_raw, /car/mux/ackermann_cmd_mux/input/navigation, /debug_image] publishing ctrl
1651779325.550446033 INFO /car/drive [part2.py:249(cybertruck2.publish_ctrl)] [topics: /rosout, /csi_cam_0/image_raw, /car/mux/ackermann_cmd_mux/input/navigation, /debug_image] publishing ctrl
1651779325.570844888 INFO /car/drive [part2.py:249(cybertruck2.publish_ctrl)] [topics: /rosout, /csi_cam_0/image_raw, /car/mux/ackermann_cmd_mux/input/navigation, /debug_image] publishing ctrl
1651779325.591073036 INFO /car/drive [part2.py:249(cybertruck2.publish_ctrl)] [topics: /rosout, /csi_cam_0/image_raw, /car/mux/ackermann_cmd_mux/input/navigation, /debug_image] publishing ctrl
1651779325.611079931 INFO /car/drive [part2.py:249(cybertruck2.publish_ctrl)] [topics: /rosout, /csi_cam_0/image_raw, /car/mux/ackermann_cmd_mux/input/navigation, /debug_image] publishing ctrl
1651779325.631829023 INFO /car/drive [part2.py:249(cybertruck2.publish_ctrl)] [topics: /rosout, /csi_cam_0/image_raw, /car/mux/ackermann_cmd_mux/input/navigation, /debug_image] publishing ctrl
1651779325.650804996 INFO /car/drive [part2.py:249(cybertruck2.publish_ctrl)] [topics: /rosout, /csi_cam_0/image_raw, /car/mux/ackermann_cmd_mux/input/navigation, /debug_image] publishing ctrl
1651779325.671782970 INFO /car/drive [part2.py:249(cybertruck2.publish_ctrl)] [topics: /rosout, /csi_cam_0/image_raw, /car/mux/ackermann_cmd_mux/input/navigation, /debug_image] publishing ctrl
1651779325.691237926 INFO /car/drive [part2.py:249(cybertruck2.publish_ctrl)] [topics: /rosout, /csi_cam_0/image_raw, /car/mux/ackermann_cmd_mux/input/navigation, /debug_image] publishing ctrl
1651779325.711402893 INFO /car/drive [part2.py:249(cybertruck2.publish_ctrl)] [topics: /rosout, /csi_cam_0/image_raw, /car/mux/ackermann_cmd_mux/input/navigation, /debug_image] publishing ctrl
1651779325.731091976 INFO /car/drive [part2.py:249(cybertruck2.publish_ctrl)] [topics: /rosout, /csi_cam_0/image_raw, /car/mux/ackermann_cmd_mux/input/navigation, /debug_image] publishing ctrl
1651779325.751105070 INFO /car/drive [part2.py:249(cybertruck2.publish_ctrl)] [topics: /rosout, /csi_cam_0/image_raw, /car/mux/ackermann_cmd_mux/input/navigation, /debug_image] publishing ctrl
1651779325.771069049 INFO /car/drive [part2.py:249(cybertruck2.publish_ctrl)] [topics: /rosout, /csi_cam_0/image_raw, /car/mux/ackermann_cmd_mux/input/navigation, /debug_image] publishing ctrl
1651779325.791796922 INFO /car/drive [part2.py:249(cybertruck2.publish_ctrl)] [topics: /rosout, /csi_cam_0/image_raw, /car/mux/ackermann_cmd_mux/input/navigation, /debug_image] publishing ctrl
1651779325.811279058 INFO /car/drive [part2.py:249(cybertruck2.publish_ctrl)] [topics: /rosout, /csi_cam_0/image_raw, /car/mux/ackermann_cmd_mux/input/navigation, /debug_image] publishing ctrl
1651779325.831168889 INFO /car/drive [part2.py:249(cybertruck2.publish_ctrl)] [topics: /rosout, /csi_cam_0/image_raw, /car/mux/ackermann_cmd_mux/input/navigation, /debug_image] publishing ctrl
1651779325.851211071 INFO /car/drive [part2.py:249(cybertruck2.publish_ctrl)] [topics: /rosout, /csi_cam_0/image_raw, /car/mux/ackermann_cmd_mux/input/navigation, /debug_image] publishing ctrl
1651779325.871244907 INFO /car/drive [part2.py:249(cybertruck2.publish_ctrl)] [topics: /rosout, /csi_cam_0/image_raw, /car/mux/ackermann_cmd_mux/input/navigation, /debug_image] publishing ctrl
1651779325.891374111 INFO /car/drive [part2.py:249(cybertruck2.publish_ctrl)] [topics: /rosout, /csi_cam_0/image_raw, /car/mux/ackermann_cmd_mux/input/navigation, /debug_image] publishing ctrl
1651779325.911592960 INFO /car/drive [part2.py:249(cybertruck2.publish_ctrl)] [topics: /rosout, /csi_cam_0/image_raw, /car/mux/ackermann_cmd_mux/input/navigation, /debug_image] publishing ctrl
1651779325.931235074 INFO /car/drive [part2.py:249(cybertruck2.publish_ctrl)] [topics: /rosout, /csi_cam_0/image_raw, /car/mux/ackermann_cmd_mux/input/navigation, /debug_image] publishing ctrl
1651779325.951288938 INFO /car/drive [part2.py:249(cybertruck2.publish_ctrl)] [topics: /rosout, /csi_cam_0/image_raw, /car/mux/ackermann_cmd_mux/input/navigation, /debug_image] publishing ctrl
1651779325.971074104 INFO /car/drive [part2.py:249(cybertruck2.publish_ctrl)] [topics: /rosout, /csi_cam_0/image_raw, /car/mux/ackermann_cmd_mux/input/navigation, /debug_image] publishing ctrl
1651779325.991250038 INFO /car/drive [part2.py:249(cybertruck2.publish_ctrl)] [topics: /rosout, /csi_cam_0/image_raw, /car/mux/ackermann_cmd_mux/input/navigation, /debug_image] publishing ctrl
1651779326.011603116 INFO /car/drive [part2.py:249(cybertruck2.publish_ctrl)] [topics: /rosout, /csi_cam_0/image_raw, /car/mux/ackermann_cmd_mux/input/navigation, /debug_image] publishing ctrl
1651779326.031049013 INFO /car/drive [part2.py:249(cybertruck2.publish_ctrl)] [topics: /rosout, /csi_cam_0/image_raw, /car/mux/ackermann_cmd_mux/input/navigation, /debug_image] publishing ctrl
1651779326.051042079 INFO /car/drive [part2.py:249(cybertruck2.publish_ctrl)] [topics: /rosout, /csi_cam_0/image_raw, /car/mux/ackermann_cmd_mux/input/navigation, /debug_image] publishing ctrl
1651779326.071511983 INFO /car/drive [part2.py:249(cybertruck2.publish_ctrl)] [topics: /rosout, /csi_cam_0/image_raw, /car/mux/ackermann_cmd_mux/input/navigation, /debug_image] publishing ctrl
1651779326.091176986 INFO /car/drive [part2.py:249(cybertruck2.publish_ctrl)] [topics: /rosout, /csi_cam_0/image_raw, /car/mux/ackermann_cmd_mux/input/navigation, /debug_image] publishing ctrl
1651779326.111136913 INFO /car/drive [part2.py:249(cybertruck2.publish_ctrl)] [topics: /rosout, /csi_cam_0/image_raw, /car/mux/ackermann_cmd_mux/input/navigation, /debug_image] publishing ctrl
1651779326.130970954 INFO /car/drive [part2.py:249(cybertruck2.publish_ctrl)] [topics: /rosout, /csi_cam_0/image_raw, /car/mux/ackermann_cmd_mux/input/navigation, /debug_image] publishing ctrl
1651779326.151667118 INFO /car/drive [part2.py:249(cybertruck2.publish_ctrl)] [topics: /rosout, /csi_cam_0/image_raw, /car/mux/ackermann_cmd_mux/input/navigation, /debug_image] publishing ctrl
1651779326.172260999 INFO /car/drive [part2.py:249(cybertruck2.publish_ctrl)] [topics: /rosout, /csi_cam_0/image_raw, /car/mux/ackermann_cmd_mux/input/navigation, /debug_image] publishing ctrl
1651779326.189274072 INFO /car/drive [part2.py:249(cybertruck2.publish_ctrl)] [topics: /rosout, /csi_cam_0/image_raw, /car/mux/ackermann_cmd_mux/input/navigation, /debug_image] publishing ctrl
1651779326.211153984 INFO /car/drive [part2.py:249(cybertruck2.publish_ctrl)] [topics: /rosout, /csi_cam_0/image_raw, /car/mux/ackermann_cmd_mux/input/navigation, /debug_image] publishing ctrl
1651779326.231358051 INFO /car/drive [part2.py:249(cybertruck2.publish_ctrl)] [topics: /rosout, /csi_cam_0/image_raw, /car/mux/ackermann_cmd_mux/input/navigation, /debug_image] publishing ctrl
1651779326.251136064 INFO /car/drive [part2.py:249(cybertruck2.publish_ctrl)] [topics: /rosout, /csi_cam_0/image_raw, /car/mux/ackermann_cmd_mux/input/navigation, /debug_image] publishing ctrl
1651779326.271934986 INFO /car/drive [part2.py:249(cybertruck2.publish_ctrl)] [topics: /rosout, /csi_cam_0/image_raw, /car/mux/ackermann_cmd_mux/input/navigation, /debug_image] publishing ctrl
1651779326.293108940 INFO /car/drive [part2.py:249(cybertruck2.publish_ctrl)] [topics: /rosout, /csi_cam_0/image_raw, /car/mux/ackermann_cmd_mux/input/navigation, /debug_image] publishing ctrl
1651779326.311242103 INFO /car/drive [part2.py:249(cybertruck2.publish_ctrl)] [topics: /rosout, /csi_cam_0/image_raw, /car/mux/ackermann_cmd_mux/input/navigation, /debug_image] publishing ctrl
1651779326.331437110 INFO /car/drive [part2.py:249(cybertruck2.publish_ctrl)] [topics: /rosout, /csi_cam_0/image_raw, /car/mux/ackermann_cmd_mux/input/navigation, /debug_image] publishing ctrl
1651779326.350409984 INFO /car/drive [part2.py:249(cybertruck2.publish_ctrl)] [topics: /rosout, /csi_cam_0/image_raw, /car/mux/ackermann_cmd_mux/input/navigation, /debug_image] publishing ctrl
1651779326.370769977 INFO /car/drive [part2.py:249(cybertruck2.publish_ctrl)] [topics: /rosout, /csi_cam_0/image_raw, /car/mux/ackermann_cmd_mux/input/navigation, /debug_image] publishing ctrl
1651779326.391051054 INFO /car/drive [part2.py:249(cybertruck2.publish_ctrl)] [topics: /rosout, /csi_cam_0/image_raw, /car/mux/ackermann_cmd_mux/input/navigation, /debug_image] publishing ctrl
1651779326.410768032 INFO /car/drive [part2.py:249(cybertruck2.publish_ctrl)] [topics: /rosout, /csi_cam_0/image_raw, /car/mux/ackermann_cmd_mux/input/navigation, /debug_image] publishing ctrl
1651779326.432290077 INFO /car/drive [part2.py:249(cybertruck2.publish_ctrl)] [topics: /rosout, /csi_cam_0/image_raw, /car/mux/ackermann_cmd_mux/input/navigation, /debug_image] publishing ctrl
1651779326.451116085 INFO /car/drive [part2.py:249(cybertruck2.publish_ctrl)] [topics: /rosout, /csi_cam_0/image_raw, /car/mux/ackermann_cmd_mux/input/navigation, /debug_image] publishing ctrl
1651779326.471060991 INFO /car/drive [part2.py:249(cybertruck2.publish_ctrl)] [topics: /rosout, /csi_cam_0/image_raw, /car/mux/ackermann_cmd_mux/input/navigation, /debug_image] publishing ctrl
1651779326.490852117 INFO /car/drive [part2.py:249(cybertruck2.publish_ctrl)] [topics: /rosout, /csi_cam_0/image_raw, /car/mux/ackermann_cmd_mux/input/navigation, /debug_image] publishing ctrl
1651779326.511574983 INFO /car/drive [part2.py:249(cybertruck2.publish_ctrl)] [topics: /rosout, /csi_cam_0/image_raw, /car/mux/ackermann_cmd_mux/input/navigation, /debug_image] publishing ctrl
1651779326.531974077 INFO /car/drive [part2.py:249(cybertruck2.publish_ctrl)] [topics: /rosout, /csi_cam_0/image_raw, /car/mux/ackermann_cmd_mux/input/navigation, /debug_image] publishing ctrl
1651779326.551795959 INFO /car/drive [part2.py:249(cybertruck2.publish_ctrl)] [topics: /rosout, /csi_cam_0/image_raw, /car/mux/ackermann_cmd_mux/input/navigation, /debug_image] publishing ctrl
1651779326.570804119 INFO /car/drive [part2.py:249(cybertruck2.publish_ctrl)] [topics: /rosout, /csi_cam_0/image_raw, /car/mux/ackermann_cmd_mux/input/navigation, /debug_image] publishing ctrl
1651779326.591056108 INFO /car/drive [part2.py:249(cybertruck2.publish_ctrl)] [topics: /rosout, /csi_cam_0/image_raw, /car/mux/ackermann_cmd_mux/input/navigation, /debug_image] publishing ctrl
1651779326.611219882 INFO /car/drive [part2.py:249(cybertruck2.publish_ctrl)] [topics: /rosout, /csi_cam_0/image_raw, /car/mux/ackermann_cmd_mux/input/navigation, /debug_image] publishing ctrl
1651779326.631577014 INFO /car/drive [part2.py:249(cybertruck2.publish_ctrl)] [topics: /rosout, /csi_cam_0/image_raw, /car/mux/ackermann_cmd_mux/input/navigation, /debug_image] publishing ctrl
1651779326.650819063 INFO /car/drive [part2.py:249(cybertruck2.publish_ctrl)] [topics: /rosout, /csi_cam_0/image_raw, /car/mux/ackermann_cmd_mux/input/navigation, /debug_image] publishing ctrl
1651779326.671241044 INFO /car/drive [part2.py:249(cybertruck2.publish_ctrl)] [topics: /rosout, /csi_cam_0/image_raw, /car/mux/ackermann_cmd_mux/input/navigation, /debug_image] publishing ctrl
1651779326.691298961 INFO /car/drive [part2.py:249(cybertruck2.publish_ctrl)] [topics: /rosout, /csi_cam_0/image_raw, /car/mux/ackermann_cmd_mux/input/navigation, /debug_image] publishing ctrl
1651779326.710738897 INFO /car/drive [part2.py:249(cybertruck2.publish_ctrl)] [topics: /rosout, /csi_cam_0/image_raw, /car/mux/ackermann_cmd_mux/input/navigation, /debug_image] publishing ctrl
1651779326.731548070 INFO /car/drive [part2.py:249(cybertruck2.publish_ctrl)] [topics: /rosout, /csi_cam_0/image_raw, /car/mux/ackermann_cmd_mux/input/navigation, /debug_image] publishing ctrl
1651779326.751107931 INFO /car/drive [part2.py:249(cybertruck2.publish_ctrl)] [topics: /rosout, /csi_cam_0/image_raw, /car/mux/ackermann_cmd_mux/input/navigation, /debug_image] publishing ctrl
1651779326.771089076 INFO /car/drive [part2.py:249(cybertruck2.publish_ctrl)] [topics: /rosout, /csi_cam_0/image_raw, /car/mux/ackermann_cmd_mux/input/navigation, /debug_image] publishing ctrl
1651779326.791376113 INFO /car/drive [part2.py:249(cybertruck2.publish_ctrl)] [topics: /rosout, /csi_cam_0/image_raw, /car/mux/ackermann_cmd_mux/input/navigation, /debug_image] publishing ctrl
1651779326.810750961 INFO /car/drive [part2.py:249(cybertruck2.publish_ctrl)] [topics: /rosout, /csi_cam_0/image_raw, /car/mux/ackermann_cmd_mux/input/navigation, /debug_image] publishing ctrl
1651779326.832000017 INFO /car/drive [part2.py:249(cybertruck2.publish_ctrl)] [topics: /rosout, /csi_cam_0/image_raw, /car/mux/ackermann_cmd_mux/input/navigation, /debug_image] publishing ctrl
1651779326.850958108 INFO /car/drive [part2.py:249(cybertruck2.publish_ctrl)] [topics: /rosout, /csi_cam_0/image_raw, /car/mux/ackermann_cmd_mux/input/navigation, /debug_image] publishing ctrl
1651779326.871001958 INFO /car/drive [part2.py:249(cybertruck2.publish_ctrl)] [topics: /rosout, /csi_cam_0/image_raw, /car/mux/ackermann_cmd_mux/input/navigation, /debug_image] publishing ctrl
1651779326.891113042 INFO /car/drive [part2.py:249(cybertruck2.publish_ctrl)] [topics: /rosout, /csi_cam_0/image_raw, /car/mux/ackermann_cmd_mux/input/navigation, /debug_image] publishing ctrl
1651779326.911407947 INFO /car/drive [part2.py:249(cybertruck2.publish_ctrl)] [topics: /rosout, /csi_cam_0/image_raw, /car/mux/ackermann_cmd_mux/input/navigation, /debug_image] publishing ctrl
1651779326.931324958 INFO /car/drive [part2.py:249(cybertruck2.publish_ctrl)] [topics: /rosout, /csi_cam_0/image_raw, /car/mux/ackermann_cmd_mux/input/navigation, /debug_image] publishing ctrl
1651779326.951033115 INFO /car/drive [part2.py:249(cybertruck2.publish_ctrl)] [topics: /rosout, /csi_cam_0/image_raw, /car/mux/ackermann_cmd_mux/input/navigation, /debug_image] publishing ctrl
1651779326.971596956 INFO /car/drive [part2.py:249(cybertruck2.publish_ctrl)] [topics: /rosout, /csi_cam_0/image_raw, /car/mux/ackermann_cmd_mux/input/navigation, /debug_image] publishing ctrl
1651779326.991687059 INFO /car/drive [part2.py:249(cybertruck2.publish_ctrl)] [topics: /rosout, /csi_cam_0/image_raw, /car/mux/ackermann_cmd_mux/input/navigation, /debug_image] publishing ctrl
1651779327.011001110 INFO /car/drive [part2.py:249(cybertruck2.publish_ctrl)] [topics: /rosout, /csi_cam_0/image_raw, /car/mux/ackermann_cmd_mux/input/navigation, /debug_image] publishing ctrl
1651779327.031716108 INFO /car/drive [part2.py:249(cybertruck2.publish_ctrl)] [topics: /rosout, /csi_cam_0/image_raw, /car/mux/ackermann_cmd_mux/input/navigation, /debug_image] publishing ctrl
1651779327.051568031 INFO /car/drive [part2.py:249(cybertruck2.publish_ctrl)] [topics: /rosout, /csi_cam_0/image_raw, /car/mux/ackermann_cmd_mux/input/navigation, /debug_image] publishing ctrl
1651779327.071207046 INFO /car/drive [part2.py:249(cybertruck2.publish_ctrl)] [topics: /rosout, /csi_cam_0/image_raw, /car/mux/ackermann_cmd_mux/input/navigation, /debug_image] publishing ctrl
1651779327.090948104 INFO /car/drive [part2.py:249(cybertruck2.publish_ctrl)] [topics: /rosout, /csi_cam_0/image_raw, /car/mux/ackermann_cmd_mux/input/navigation, /debug_image] publishing ctrl
1651779327.111171960 INFO /car/drive [part2.py:249(cybertruck2.publish_ctrl)] [topics: /rosout, /csi_cam_0/image_raw, /car/mux/ackermann_cmd_mux/input/navigation, /debug_image] publishing ctrl
1651779327.131387948 INFO /car/drive [part2.py:249(cybertruck2.publish_ctrl)] [topics: /rosout, /csi_cam_0/image_raw, /car/mux/ackermann_cmd_mux/input/navigation, /debug_image] publishing ctrl
1651779327.150995969 INFO /car/drive [part2.py:249(cybertruck2.publish_ctrl)] [topics: /rosout, /csi_cam_0/image_raw, /car/mux/ackermann_cmd_mux/input/navigation, /debug_image] publishing ctrl
1651779327.170815944 INFO /car/drive [part2.py:249(cybertruck2.publish_ctrl)] [topics: /rosout, /csi_cam_0/image_raw, /car/mux/ackermann_cmd_mux/input/navigation, /debug_image] publishing ctrl
1651779327.190938949 INFO /car/drive [part2.py:249(cybertruck2.publish_ctrl)] [topics: /rosout, /csi_cam_0/image_raw, /car/mux/ackermann_cmd_mux/input/navigation, /debug_image] publishing ctrl
1651779327.211420059 INFO /car/drive [part2.py:249(cybertruck2.publish_ctrl)] [topics: /rosout, /csi_cam_0/image_raw, /car/mux/ackermann_cmd_mux/input/navigation, /debug_image] publishing ctrl
1651779327.231436014 INFO /car/drive [part2.py:249(cybertruck2.publish_ctrl)] [topics: /rosout, /csi_cam_0/image_raw, /car/mux/ackermann_cmd_mux/input/navigation, /debug_image] publishing ctrl
1651779327.250874042 INFO /car/drive [part2.py:249(cybertruck2.publish_ctrl)] [topics: /rosout, /csi_cam_0/image_raw, /car/mux/ackermann_cmd_mux/input/navigation, /debug_image] publishing ctrl
1651779327.271667003 INFO /car/drive [part2.py:249(cybertruck2.publish_ctrl)] [topics: /rosout, /csi_cam_0/image_raw, /car/mux/ackermann_cmd_mux/input/navigation, /debug_image] publishing ctrl
1651779327.290720939 INFO /car/drive [part2.py:249(cybertruck2.publish_ctrl)] [topics: /rosout, /csi_cam_0/image_raw, /car/mux/ackermann_cmd_mux/input/navigation, /debug_image] publishing ctrl
1651779327.310879945 INFO /car/drive [part2.py:249(cybertruck2.publish_ctrl)] [topics: /rosout, /csi_cam_0/image_raw, /car/mux/ackermann_cmd_mux/input/navigation, /debug_image] publishing ctrl
1651779327.330324888 INFO /car/drive [part2.py:249(cybertruck2.publish_ctrl)] [topics: /rosout, /csi_cam_0/image_raw, /car/mux/ackermann_cmd_mux/input/navigation, /debug_image] publishing ctrl
1651779327.351164102 INFO /car/drive [part2.py:249(cybertruck2.publish_ctrl)] [topics: /rosout, /csi_cam_0/image_raw, /car/mux/ackermann_cmd_mux/input/navigation, /debug_image] publishing ctrl
1651779327.370990037 INFO /car/drive [part2.py:249(cybertruck2.publish_ctrl)] [topics: /rosout, /csi_cam_0/image_raw, /car/mux/ackermann_cmd_mux/input/navigation, /debug_image] publishing ctrl
1651779327.391724109 INFO /car/drive [part2.py:249(cybertruck2.publish_ctrl)] [topics: /rosout, /csi_cam_0/image_raw, /car/mux/ackermann_cmd_mux/input/navigation, /debug_image] publishing ctrl
1651779327.411123037 INFO /car/drive [part2.py:249(cybertruck2.publish_ctrl)] [topics: /rosout, /csi_cam_0/image_raw, /car/mux/ackermann_cmd_mux/input/navigation, /debug_image] publishing ctrl
1651779327.431655883 INFO /car/drive [part2.py:249(cybertruck2.publish_ctrl)] [topics: /rosout, /csi_cam_0/image_raw, /car/mux/ackermann_cmd_mux/input/navigation, /debug_image] publishing ctrl
1651779327.449351072 INFO /car/drive [part2.py:249(cybertruck2.publish_ctrl)] [topics: /rosout, /csi_cam_0/image_raw, /car/mux/ackermann_cmd_mux/input/navigation, /debug_image] publishing ctrl
1651779327.472477912 INFO /car/drive [part2.py:249(cybertruck2.publish_ctrl)] [topics: /rosout, /csi_cam_0/image_raw, /car/mux/ackermann_cmd_mux/input/navigation, /debug_image] publishing ctrl
1651779327.489495821 INFO /car/mux/ackermann_cmd_mux [/tmp/binarydeb/ros-melodic-nodelet-1.9.16/src/nodelet.cpp:159(unloadNodelet)] [topics: /rosout, /car/mux/nodelet_manager/bond] Unloading nodelet /car/mux/ackermann_cmd_mux from manager nodelet_manager
1651779327.490617990 INFO /car/drive [part2.py:249(cybertruck2.publish_ctrl)] [topics: /rosout, /csi_cam_0/image_raw, /car/mux/ackermann_cmd_mux/input/navigation, /debug_image] publishing ctrl
