[rospy.client][INFO] 2022-05-05 19:36:39,929: init_node, name[/car/vesc/throttle_interpolator], pid[27498]
[xmlrpc][INFO] 2022-05-05 19:36:39,943: XML-RPC server binding to 0.0.0.0:0
[rospy.init][INFO] 2022-05-05 19:36:39,954: ROS Slave URI: [http://robot-desktop:39705/]
[xmlrpc][INFO] 2022-05-05 19:36:39,955: Started XML-RPC server [http://robot-desktop:39705/]
[rospy.impl.masterslave][INFO] 2022-05-05 19:36:39,955: _ready: http://robot-desktop:39705/
[xmlrpc][INFO] 2022-05-05 19:36:39,967: xml rpc node: starting XML-RPC server
[rospy.registration][INFO] 2022-05-05 19:36:39,970: Registering with master node http://robot-desktop:11311
[rospy.init][INFO] 2022-05-05 19:36:40,055: registered with master
[rospy.rosout][INFO] 2022-05-05 19:36:40,059: initializing /rosout core topic
[rospy.rosout][INFO] 2022-05-05 19:36:40,084: connected to core topic /rosout
[rospy.simtime][INFO] 2022-05-05 19:36:40,111: /use_sim_time is not set, will not subscribe to simulated time [/clock] topic
[rospy.internal][INFO] 2022-05-05 19:36:40,317: topic[/rosout] adding connection to [/rosout], count 0
[rospy.internal][INFO] 2022-05-05 19:36:40,714: topic[/car/vesc/commands/servo/unsmoothed_position] adding connection to [http://robot-desktop:36265/], count 0
[rospy.internal][INFO] 2022-05-05 19:36:40,725: topic[/car/vesc/commands/motor/unsmoothed_speed] adding connection to [http://robot-desktop:36265/], count 0
[rospy.internal][INFO] 2022-05-05 19:36:40,917: topic[/car/vesc/commands/motor/speed] adding connection to [/car/vesc/vesc_driver], count 0
[rospy.internal][INFO] 2022-05-05 19:36:40,926: topic[/car/vesc/commands/servo/position] adding connection to [/car/vesc/vesc_driver], count 0
[rospy.core][INFO] 2022-05-05 19:36:48,694: signal_shutdown [signal-2]
[rospy.internal][INFO] 2022-05-05 19:36:48,724: topic[/car/vesc/commands/motor/speed] removing connection to /car/vesc/vesc_driver
[rospy.internal][INFO] 2022-05-05 19:36:48,725: topic[/rosout] removing connection to /rosout
[rospy.internal][INFO] 2022-05-05 19:36:48,726: topic[/car/vesc/commands/servo/position] removing connection to /car/vesc/vesc_driver
[rospy.internal][INFO] 2022-05-05 19:36:48,734: topic[/car/vesc/commands/motor/unsmoothed_speed] removing connection to http://robot-desktop:36265/
[rospy.internal][INFO] 2022-05-05 19:36:48,734: topic[/car/vesc/commands/servo/unsmoothed_position] removing connection to http://robot-desktop:36265/
[rospy.impl.masterslave][INFO] 2022-05-05 19:36:48,735: signal-2
[rospy.core][INFO] 2022-05-05 19:36:48,839: signal_shutdown [atexit]
