[rospy.client][INFO] 2022-05-05 15:41:22,995: init_node, name[/car/vesc/throttle_interpolator], pid[10226]
[xmlrpc][INFO] 2022-05-05 15:41:22,996: XML-RPC server binding to 0.0.0.0:0
[xmlrpc][INFO] 2022-05-05 15:41:22,997: Started XML-RPC server [http://robot-desktop:42269/]
[rospy.init][INFO] 2022-05-05 15:41:22,998: ROS Slave URI: [http://robot-desktop:42269/]
[rospy.impl.masterslave][INFO] 2022-05-05 15:41:22,998: _ready: http://robot-desktop:42269/
[rospy.registration][INFO] 2022-05-05 15:41:23,000: Registering with master node http://robot-desktop:11311
[xmlrpc][INFO] 2022-05-05 15:41:23,001: xml rpc node: starting XML-RPC server
[rospy.init][INFO] 2022-05-05 15:41:23,099: registered with master
[rospy.rosout][INFO] 2022-05-05 15:41:23,100: initializing /rosout core topic
[rospy.rosout][INFO] 2022-05-05 15:41:23,106: connected to core topic /rosout
[rospy.simtime][INFO] 2022-05-05 15:41:23,111: /use_sim_time is not set, will not subscribe to simulated time [/clock] topic
[rospy.internal][INFO] 2022-05-05 15:41:23,271: topic[/car/vesc/commands/motor/unsmoothed_speed] adding connection to [http://robot-desktop:46869/], count 0
[rospy.internal][INFO] 2022-05-05 15:41:23,273: topic[/car/vesc/commands/servo/unsmoothed_position] adding connection to [http://robot-desktop:46869/], count 0
[rospy.internal][INFO] 2022-05-05 15:41:23,344: topic[/rosout] adding connection to [/rosout], count 0
[rospy.internal][INFO] 2022-05-05 15:41:23,451: topic[/car/vesc/commands/motor/speed] adding connection to [/car/vesc/vesc_driver], count 0
[rospy.internal][INFO] 2022-05-05 15:41:23,452: topic[/car/vesc/commands/servo/position] adding connection to [/car/vesc/vesc_driver], count 0
[rospy.core][INFO] 2022-05-05 15:41:35,064: signal_shutdown [signal-2]
[rospy.internal][INFO] 2022-05-05 15:41:35,120: topic[/car/vesc/commands/motor/speed] removing connection to /car/vesc/vesc_driver
[rospy.internal][INFO] 2022-05-05 15:41:35,120: topic[/rosout] removing connection to /rosout
[rospy.internal][INFO] 2022-05-05 15:41:35,121: topic[/car/vesc/commands/servo/position] removing connection to /car/vesc/vesc_driver
[rospy.internal][INFO] 2022-05-05 15:41:35,136: topic[/car/vesc/commands/motor/unsmoothed_speed] removing connection to http://robot-desktop:46869/
[rospy.internal][INFO] 2022-05-05 15:41:35,137: topic[/car/vesc/commands/servo/unsmoothed_position] removing connection to http://robot-desktop:46869/
[rospy.impl.masterslave][INFO] 2022-05-05 15:41:35,138: signal-2
[rospy.internal][WARNING] 2022-05-05 15:41:35,396: Unknown error initiating TCP/IP socket to robot-desktop:48149 (http://robot-desktop:46869/): Traceback (most recent call last):
  File "/opt/ros/melodic/lib/python2.7/dist-packages/rospy/impl/tcpros_base.py", line 562, in connect
    self.read_header()
  File "/opt/ros/melodic/lib/python2.7/dist-packages/rospy/impl/tcpros_base.py", line 657, in read_header
    self._validate_header(read_ros_handshake_header(sock, self.read_buff, self.protocol.buff_size))
  File "/opt/ros/melodic/lib/python2.7/dist-packages/rosgraph/network.py", line 357, in read_ros_handshake_header
    d = sock.recv(buff_size)
error: [Errno 104] Connection reset by peer

[rospy.internal][WARNING] 2022-05-05 15:41:35,397: Unknown error initiating TCP/IP socket to robot-desktop:48149 (http://robot-desktop:46869/): Traceback (most recent call last):
  File "/opt/ros/melodic/lib/python2.7/dist-packages/rospy/impl/tcpros_base.py", line 562, in connect
    self.read_header()
  File "/opt/ros/melodic/lib/python2.7/dist-packages/rospy/impl/tcpros_base.py", line 657, in read_header
    self._validate_header(read_ros_handshake_header(sock, self.read_buff, self.protocol.buff_size))
  File "/opt/ros/melodic/lib/python2.7/dist-packages/rosgraph/network.py", line 357, in read_ros_handshake_header
    d = sock.recv(buff_size)
error: [Errno 104] Connection reset by peer

[rospy.core][INFO] 2022-05-05 15:41:35,705: signal_shutdown [atexit]
