[rospy.client][INFO] 2022-05-05 15:41:24,277: init_node, name[/car/drive], pid[10303]
[xmlrpc][INFO] 2022-05-05 15:41:24,278: XML-RPC server binding to 0.0.0.0:0
[xmlrpc][INFO] 2022-05-05 15:41:24,278: Started XML-RPC server [http://robot-desktop:43391/]
[rospy.init][INFO] 2022-05-05 15:41:24,279: ROS Slave URI: [http://robot-desktop:43391/]
[rospy.impl.masterslave][INFO] 2022-05-05 15:41:24,279: _ready: http://robot-desktop:43391/
[rospy.registration][INFO] 2022-05-05 15:41:24,281: Registering with master node http://robot-desktop:11311
[xmlrpc][INFO] 2022-05-05 15:41:24,282: xml rpc node: starting XML-RPC server
[rospy.init][INFO] 2022-05-05 15:41:24,380: registered with master
[rospy.rosout][INFO] 2022-05-05 15:41:24,382: initializing /rosout core topic
[rospy.rosout][INFO] 2022-05-05 15:41:24,393: connected to core topic /rosout
[rospy.simtime][INFO] 2022-05-05 15:41:24,397: /use_sim_time is not set, will not subscribe to simulated time [/clock] topic
[rosout][INFO] 2022-05-05 15:41:24,448: publishing ctrl
[rosout][INFO] 2022-05-05 15:41:24,468: publishing ctrl
[rosout][INFO] 2022-05-05 15:41:24,488: publishing ctrl
[rosout][INFO] 2022-05-05 15:41:24,508: publishing ctrl
[rosout][INFO] 2022-05-05 15:41:24,528: publishing ctrl
[rosout][INFO] 2022-05-05 15:41:24,549: publishing ctrl
[rosout][INFO] 2022-05-05 15:41:24,568: publishing ctrl
[rosout][INFO] 2022-05-05 15:41:24,589: publishing ctrl
[rosout][INFO] 2022-05-05 15:41:24,608: publishing ctrl
[rosout][INFO] 2022-05-05 15:41:24,628: publishing ctrl
[rosout][INFO] 2022-05-05 15:41:24,649: publishing ctrl
[rospy.internal][INFO] 2022-05-05 15:41:24,664: topic[/rosout] adding connection to [/rosout], count 0
[rospy.internal][INFO] 2022-05-05 15:41:24,668: topic[/car/mux/ackermann_cmd_mux/input/navigation] adding connection to [/car/mux/nodelet_manager], count 0
[rosout][INFO] 2022-05-05 15:41:24,669: publishing ctrl
[rosout][INFO] 2022-05-05 15:41:24,688: publishing ctrl
[rosout][INFO] 2022-05-05 15:41:24,709: publishing ctrl
[rosout][INFO] 2022-05-05 15:41:24,729: publishing ctrl
[rosout][INFO] 2022-05-05 15:41:24,749: publishing ctrl
[rosout][INFO] 2022-05-05 15:41:24,770: publishing ctrl
[rosout][INFO] 2022-05-05 15:41:24,789: publishing ctrl
[rosout][INFO] 2022-05-05 15:41:24,809: publishing ctrl
[rosout][INFO] 2022-05-05 15:41:24,829: publishing ctrl
[rosout][INFO] 2022-05-05 15:41:24,849: publishing ctrl
[rosout][INFO] 2022-05-05 15:41:24,869: publishing ctrl
[rosout][INFO] 2022-05-05 15:41:24,889: publishing ctrl
[rosout][INFO] 2022-05-05 15:41:24,909: publishing ctrl
[rosout][INFO] 2022-05-05 15:41:24,929: publishing ctrl
[rosout][INFO] 2022-05-05 15:41:24,949: publishing ctrl
[rosout][INFO] 2022-05-05 15:41:24,969: publishing ctrl
[rosout][INFO] 2022-05-05 15:41:24,990: publishing ctrl
[rosout][INFO] 2022-05-05 15:41:25,009: publishing ctrl
[rosout][INFO] 2022-05-05 15:41:25,029: publishing ctrl
[rosout][INFO] 2022-05-05 15:41:25,049: publishing ctrl
[rosout][INFO] 2022-05-05 15:41:25,069: publishing ctrl
[rosout][INFO] 2022-05-05 15:41:25,089: publishing ctrl
[rosout][INFO] 2022-05-05 15:41:25,109: publishing ctrl
[rosout][INFO] 2022-05-05 15:41:25,129: publishing ctrl
[rosout][INFO] 2022-05-05 15:41:25,149: publishing ctrl
[rosout][INFO] 2022-05-05 15:41:25,169: publishing ctrl
[rosout][INFO] 2022-05-05 15:41:25,189: publishing ctrl
[rosout][INFO] 2022-05-05 15:41:25,209: publishing ctrl
[rosout][INFO] 2022-05-05 15:41:25,229: publishing ctrl
[rosout][INFO] 2022-05-05 15:41:25,249: publishing ctrl
[rosout][INFO] 2022-05-05 15:41:25,269: publishing ctrl
[rosout][INFO] 2022-05-05 15:41:25,289: publishing ctrl
[rosout][INFO] 2022-05-05 15:41:25,309: publishing ctrl
[rosout][INFO] 2022-05-05 15:41:25,329: publishing ctrl
[rosout][INFO] 2022-05-05 15:41:25,349: publishing ctrl
[rosout][INFO] 2022-05-05 15:41:25,369: publishing ctrl
[rosout][INFO] 2022-05-05 15:41:25,389: publishing ctrl
[rosout][INFO] 2022-05-05 15:41:25,409: publishing ctrl
[rosout][INFO] 2022-05-05 15:41:25,429: publishing ctrl
[rosout][INFO] 2022-05-05 15:41:25,449: publishing ctrl
[rosout][INFO] 2022-05-05 15:41:25,468: publishing ctrl
[rosout][INFO] 2022-05-05 15:41:25,490: publishing ctrl
[rosout][INFO] 2022-05-05 15:41:25,509: publishing ctrl
[rosout][INFO] 2022-05-05 15:41:25,529: publishing ctrl
[rosout][INFO] 2022-05-05 15:41:25,549: publishing ctrl
[rosout][INFO] 2022-05-05 15:41:25,569: publishing ctrl
[rosout][INFO] 2022-05-05 15:41:25,589: publishing ctrl
[rosout][INFO] 2022-05-05 15:41:25,609: publishing ctrl
[rosout][INFO] 2022-05-05 15:41:25,629: publishing ctrl
[rosout][INFO] 2022-05-05 15:41:25,649: publishing ctrl
[rosout][INFO] 2022-05-05 15:41:25,669: publishing ctrl
[rosout][INFO] 2022-05-05 15:41:25,689: publishing ctrl
[rosout][INFO] 2022-05-05 15:41:25,709: publishing ctrl
[rosout][INFO] 2022-05-05 15:41:25,729: publishing ctrl
[rosout][INFO] 2022-05-05 15:41:25,749: publishing ctrl
[rosout][INFO] 2022-05-05 15:41:25,769: publishing ctrl
[rosout][INFO] 2022-05-05 15:41:25,789: publishing ctrl
[rosout][INFO] 2022-05-05 15:41:25,810: publishing ctrl
[rosout][INFO] 2022-05-05 15:41:25,829: publishing ctrl
[rosout][INFO] 2022-05-05 15:41:25,849: publishing ctrl
[rosout][INFO] 2022-05-05 15:41:25,869: publishing ctrl
[rosout][INFO] 2022-05-05 15:41:25,889: publishing ctrl
[rosout][INFO] 2022-05-05 15:41:25,909: publishing ctrl
[rosout][INFO] 2022-05-05 15:41:25,929: publishing ctrl
[rosout][INFO] 2022-05-05 15:41:25,949: publishing ctrl
[rosout][INFO] 2022-05-05 15:41:25,969: publishing ctrl
[rosout][INFO] 2022-05-05 15:41:25,989: publishing ctrl
[rosout][INFO] 2022-05-05 15:41:26,009: publishing ctrl
[rosout][INFO] 2022-05-05 15:41:26,029: publishing ctrl
[rosout][INFO] 2022-05-05 15:41:26,049: publishing ctrl
[rosout][INFO] 2022-05-05 15:41:26,069: publishing ctrl
[rosout][INFO] 2022-05-05 15:41:26,089: publishing ctrl
[rosout][INFO] 2022-05-05 15:41:26,109: publishing ctrl
[rosout][INFO] 2022-05-05 15:41:26,129: publishing ctrl
[rosout][INFO] 2022-05-05 15:41:26,149: publishing ctrl
[rosout][INFO] 2022-05-05 15:41:26,169: publishing ctrl
[rosout][INFO] 2022-05-05 15:41:26,189: publishing ctrl
[rosout][INFO] 2022-05-05 15:41:26,209: publishing ctrl
[rosout][INFO] 2022-05-05 15:41:26,229: publishing ctrl
[rosout][INFO] 2022-05-05 15:41:26,249: publishing ctrl
[rosout][INFO] 2022-05-05 15:41:26,269: publishing ctrl
[rosout][INFO] 2022-05-05 15:41:26,289: publishing ctrl
[rosout][INFO] 2022-05-05 15:41:26,309: publishing ctrl
[rosout][INFO] 2022-05-05 15:41:26,329: publishing ctrl
[rosout][INFO] 2022-05-05 15:41:26,349: publishing ctrl
[rosout][INFO] 2022-05-05 15:41:26,369: publishing ctrl
[rosout][INFO] 2022-05-05 15:41:26,389: publishing ctrl
[rosout][INFO] 2022-05-05 15:41:26,409: publishing ctrl
[rosout][INFO] 2022-05-05 15:41:26,429: publishing ctrl
[rosout][INFO] 2022-05-05 15:41:26,449: publishing ctrl
[rosout][INFO] 2022-05-05 15:41:26,468: publishing ctrl
[rosout][INFO] 2022-05-05 15:41:26,488: publishing ctrl
[rosout][INFO] 2022-05-05 15:41:26,509: publishing ctrl
[rosout][INFO] 2022-05-05 15:41:26,529: publishing ctrl
[rosout][INFO] 2022-05-05 15:41:26,549: publishing ctrl
[rosout][INFO] 2022-05-05 15:41:26,569: publishing ctrl
[rosout][INFO] 2022-05-05 15:41:26,589: publishing ctrl
[rosout][INFO] 2022-05-05 15:41:26,609: publishing ctrl
[rosout][INFO] 2022-05-05 15:41:26,629: publishing ctrl
[rosout][INFO] 2022-05-05 15:41:26,650: publishing ctrl
[rosout][INFO] 2022-05-05 15:41:26,669: publishing ctrl
[rosout][INFO] 2022-05-05 15:41:26,689: publishing ctrl
[rosout][INFO] 2022-05-05 15:41:26,709: publishing ctrl
[rosout][INFO] 2022-05-05 15:41:26,729: publishing ctrl
[rosout][INFO] 2022-05-05 15:41:26,749: publishing ctrl
[rosout][INFO] 2022-05-05 15:41:26,769: publishing ctrl
[rosout][INFO] 2022-05-05 15:41:26,789: publishing ctrl
[rosout][INFO] 2022-05-05 15:41:26,809: publishing ctrl
[rosout][INFO] 2022-05-05 15:41:26,829: publishing ctrl
[rosout][INFO] 2022-05-05 15:41:26,849: publishing ctrl
[rosout][INFO] 2022-05-05 15:41:26,869: publishing ctrl
[rosout][INFO] 2022-05-05 15:41:26,889: publishing ctrl
[rosout][INFO] 2022-05-05 15:41:26,910: publishing ctrl
[rosout][INFO] 2022-05-05 15:41:26,929: publishing ctrl
[rosout][INFO] 2022-05-05 15:41:26,949: publishing ctrl
[rosout][INFO] 2022-05-05 15:41:26,969: publishing ctrl
[rosout][INFO] 2022-05-05 15:41:26,990: publishing ctrl
[rosout][INFO] 2022-05-05 15:41:27,009: publishing ctrl
[rosout][INFO] 2022-05-05 15:41:27,029: publishing ctrl
[rosout][INFO] 2022-05-05 15:41:27,049: publishing ctrl
[rosout][INFO] 2022-05-05 15:41:27,069: publishing ctrl
[rosout][INFO] 2022-05-05 15:41:27,089: publishing ctrl
[rosout][INFO] 2022-05-05 15:41:27,109: publishing ctrl
[rosout][INFO] 2022-05-05 15:41:27,128: publishing ctrl
[rosout][INFO] 2022-05-05 15:41:27,149: publishing ctrl
[rosout][INFO] 2022-05-05 15:41:27,169: publishing ctrl
[rosout][INFO] 2022-05-05 15:41:27,189: publishing ctrl
[rosout][INFO] 2022-05-05 15:41:27,209: publishing ctrl
[rosout][INFO] 2022-05-05 15:41:27,229: publishing ctrl
[rosout][INFO] 2022-05-05 15:41:27,249: publishing ctrl
[rosout][INFO] 2022-05-05 15:41:27,269: publishing ctrl
[rosout][INFO] 2022-05-05 15:41:27,289: publishing ctrl
[rosout][INFO] 2022-05-05 15:41:27,310: publishing ctrl
[rosout][INFO] 2022-05-05 15:41:27,329: publishing ctrl
[rosout][INFO] 2022-05-05 15:41:27,350: publishing ctrl
[rosout][INFO] 2022-05-05 15:41:27,370: publishing ctrl
[rosout][INFO] 2022-05-05 15:41:27,389: publishing ctrl
[rosout][INFO] 2022-05-05 15:41:27,410: publishing ctrl
[rosout][INFO] 2022-05-05 15:41:27,429: publishing ctrl
[rosout][INFO] 2022-05-05 15:41:27,449: publishing ctrl
[rosout][INFO] 2022-05-05 15:41:27,469: publishing ctrl
[rosout][INFO] 2022-05-05 15:41:27,489: publishing ctrl
[rosout][INFO] 2022-05-05 15:41:27,509: publishing ctrl
[rosout][INFO] 2022-05-05 15:41:27,529: publishing ctrl
[rosout][INFO] 2022-05-05 15:41:27,549: publishing ctrl
[rosout][INFO] 2022-05-05 15:41:27,569: publishing ctrl
[rosout][INFO] 2022-05-05 15:41:27,589: publishing ctrl
[rosout][INFO] 2022-05-05 15:41:27,609: publishing ctrl
[rosout][INFO] 2022-05-05 15:41:27,629: publishing ctrl
[rosout][INFO] 2022-05-05 15:41:27,649: publishing ctrl
[rosout][INFO] 2022-05-05 15:41:27,670: publishing ctrl
[rosout][INFO] 2022-05-05 15:41:27,689: publishing ctrl
[rosout][INFO] 2022-05-05 15:41:27,709: publishing ctrl
[rosout][INFO] 2022-05-05 15:41:27,729: publishing ctrl
[rosout][INFO] 2022-05-05 15:41:27,749: publishing ctrl
[rosout][INFO] 2022-05-05 15:41:27,769: publishing ctrl
[rosout][INFO] 2022-05-05 15:41:27,790: publishing ctrl
[rosout][INFO] 2022-05-05 15:41:27,809: publishing ctrl
[rosout][INFO] 2022-05-05 15:41:27,829: publishing ctrl
[rosout][INFO] 2022-05-05 15:41:27,848: publishing ctrl
[rosout][INFO] 2022-05-05 15:41:27,869: publishing ctrl
[rosout][INFO] 2022-05-05 15:41:27,889: publishing ctrl
[rosout][INFO] 2022-05-05 15:41:27,909: publishing ctrl
[rosout][INFO] 2022-05-05 15:41:27,929: publishing ctrl
[rosout][INFO] 2022-05-05 15:41:27,949: publishing ctrl
[rosout][INFO] 2022-05-05 15:41:27,969: publishing ctrl
[rosout][INFO] 2022-05-05 15:41:27,989: publishing ctrl
[rosout][INFO] 2022-05-05 15:41:28,009: publishing ctrl
[rosout][INFO] 2022-05-05 15:41:28,029: publishing ctrl
[rosout][INFO] 2022-05-05 15:41:28,048: publishing ctrl
[rosout][INFO] 2022-05-05 15:41:28,069: publishing ctrl
[rosout][INFO] 2022-05-05 15:41:28,090: publishing ctrl
[rosout][INFO] 2022-05-05 15:41:28,109: publishing ctrl
[rosout][INFO] 2022-05-05 15:41:28,129: publishing ctrl
[rosout][INFO] 2022-05-05 15:41:28,149: publishing ctrl
[rosout][INFO] 2022-05-05 15:41:28,169: publishing ctrl
[rosout][INFO] 2022-05-05 15:41:28,189: publishing ctrl
[rosout][INFO] 2022-05-05 15:41:28,209: publishing ctrl
[rosout][INFO] 2022-05-05 15:41:28,229: publishing ctrl
[rosout][INFO] 2022-05-05 15:41:28,248: publishing ctrl
[rosout][INFO] 2022-05-05 15:41:28,270: publishing ctrl
[rosout][INFO] 2022-05-05 15:41:28,288: publishing ctrl
[rosout][INFO] 2022-05-05 15:41:28,310: publishing ctrl
[rosout][INFO] 2022-05-05 15:41:28,329: publishing ctrl
[rosout][INFO] 2022-05-05 15:41:28,349: publishing ctrl
[rosout][INFO] 2022-05-05 15:41:28,369: publishing ctrl
[rosout][INFO] 2022-05-05 15:41:28,389: publishing ctrl
[rosout][INFO] 2022-05-05 15:41:28,409: publishing ctrl
[rosout][INFO] 2022-05-05 15:41:28,429: publishing ctrl
[rosout][INFO] 2022-05-05 15:41:28,449: publishing ctrl
[rosout][INFO] 2022-05-05 15:41:28,469: publishing ctrl
[rosout][INFO] 2022-05-05 15:41:28,489: publishing ctrl
[rosout][INFO] 2022-05-05 15:41:28,509: publishing ctrl
[rosout][INFO] 2022-05-05 15:41:28,528: publishing ctrl
[rosout][INFO] 2022-05-05 15:41:28,549: publishing ctrl
[rosout][INFO] 2022-05-05 15:41:28,569: publishing ctrl
[rosout][INFO] 2022-05-05 15:41:28,589: publishing ctrl
[rosout][INFO] 2022-05-05 15:41:28,609: publishing ctrl
[rosout][INFO] 2022-05-05 15:41:28,628: publishing ctrl
[rosout][INFO] 2022-05-05 15:41:28,648: publishing ctrl
[rosout][INFO] 2022-05-05 15:41:28,669: publishing ctrl
[rosout][INFO] 2022-05-05 15:41:28,689: publishing ctrl
[rosout][INFO] 2022-05-05 15:41:28,709: publishing ctrl
[rosout][INFO] 2022-05-05 15:41:28,729: publishing ctrl
[rosout][INFO] 2022-05-05 15:41:28,749: publishing ctrl
[rosout][INFO] 2022-05-05 15:41:28,769: publishing ctrl
[rosout][INFO] 2022-05-05 15:41:28,789: publishing ctrl
[rosout][INFO] 2022-05-05 15:41:28,809: publishing ctrl
[rosout][INFO] 2022-05-05 15:41:28,829: publishing ctrl
[rosout][INFO] 2022-05-05 15:41:28,849: publishing ctrl
[rosout][INFO] 2022-05-05 15:41:28,870: publishing ctrl
[rosout][INFO] 2022-05-05 15:41:28,889: publishing ctrl
[rosout][INFO] 2022-05-05 15:41:28,909: publishing ctrl
[rosout][INFO] 2022-05-05 15:41:28,929: publishing ctrl
[rosout][INFO] 2022-05-05 15:41:28,949: publishing ctrl
[rosout][INFO] 2022-05-05 15:41:28,969: publishing ctrl
[rosout][INFO] 2022-05-05 15:41:28,989: publishing ctrl
[rosout][INFO] 2022-05-05 15:41:29,010: publishing ctrl
[rosout][INFO] 2022-05-05 15:41:29,029: publishing ctrl
[rosout][INFO] 2022-05-05 15:41:29,049: publishing ctrl
[rosout][INFO] 2022-05-05 15:41:29,068: publishing ctrl
[rosout][INFO] 2022-05-05 15:41:29,089: publishing ctrl
[rosout][INFO] 2022-05-05 15:41:29,109: publishing ctrl
[rosout][INFO] 2022-05-05 15:41:29,129: publishing ctrl
[rosout][INFO] 2022-05-05 15:41:29,149: publishing ctrl
[rosout][INFO] 2022-05-05 15:41:29,169: publishing ctrl
[rosout][INFO] 2022-05-05 15:41:29,189: publishing ctrl
[rosout][INFO] 2022-05-05 15:41:29,209: publishing ctrl
[rosout][INFO] 2022-05-05 15:41:29,228: publishing ctrl
[rosout][INFO] 2022-05-05 15:41:29,248: publishing ctrl
[rosout][INFO] 2022-05-05 15:41:29,269: publishing ctrl
[rosout][INFO] 2022-05-05 15:41:29,288: publishing ctrl
[rosout][INFO] 2022-05-05 15:41:29,309: publishing ctrl
[rosout][INFO] 2022-05-05 15:41:29,329: publishing ctrl
[rosout][INFO] 2022-05-05 15:41:29,349: publishing ctrl
[rosout][INFO] 2022-05-05 15:41:29,370: publishing ctrl
[rosout][INFO] 2022-05-05 15:41:29,389: publishing ctrl
[rosout][INFO] 2022-05-05 15:41:29,409: publishing ctrl
[rosout][INFO] 2022-05-05 15:41:29,429: publishing ctrl
[rosout][INFO] 2022-05-05 15:41:29,449: publishing ctrl
[rosout][INFO] 2022-05-05 15:41:29,470: publishing ctrl
[rosout][INFO] 2022-05-05 15:41:29,488: publishing ctrl
[rosout][INFO] 2022-05-05 15:41:29,509: publishing ctrl
[rosout][INFO] 2022-05-05 15:41:29,528: publishing ctrl
[rosout][INFO] 2022-05-05 15:41:29,549: publishing ctrl
[rosout][INFO] 2022-05-05 15:41:29,569: publishing ctrl
[rosout][INFO] 2022-05-05 15:41:29,589: publishing ctrl
[rosout][INFO] 2022-05-05 15:41:29,609: publishing ctrl
[rosout][INFO] 2022-05-05 15:41:29,629: publishing ctrl
[rosout][INFO] 2022-05-05 15:41:29,648: publishing ctrl
[rosout][INFO] 2022-05-05 15:41:29,669: publishing ctrl
[rosout][INFO] 2022-05-05 15:41:29,689: publishing ctrl
[rosout][INFO] 2022-05-05 15:41:29,709: publishing ctrl
[rosout][INFO] 2022-05-05 15:41:29,729: publishing ctrl
[rosout][INFO] 2022-05-05 15:41:29,749: publishing ctrl
[rosout][INFO] 2022-05-05 15:41:29,769: publishing ctrl
[rosout][INFO] 2022-05-05 15:41:29,789: publishing ctrl
[rosout][INFO] 2022-05-05 15:41:29,809: publishing ctrl
[rosout][INFO] 2022-05-05 15:41:29,829: publishing ctrl
[rosout][INFO] 2022-05-05 15:41:29,848: publishing ctrl
[rosout][INFO] 2022-05-05 15:41:29,869: publishing ctrl
[rosout][INFO] 2022-05-05 15:41:29,889: publishing ctrl
[rosout][INFO] 2022-05-05 15:41:29,909: publishing ctrl
[rosout][INFO] 2022-05-05 15:41:29,929: publishing ctrl
[rosout][INFO] 2022-05-05 15:41:29,949: publishing ctrl
[rosout][INFO] 2022-05-05 15:41:29,969: publishing ctrl
[rosout][INFO] 2022-05-05 15:41:29,990: publishing ctrl
[rosout][INFO] 2022-05-05 15:41:30,009: publishing ctrl
[rosout][INFO] 2022-05-05 15:41:30,029: publishing ctrl
[rosout][INFO] 2022-05-05 15:41:30,048: publishing ctrl
[rosout][INFO] 2022-05-05 15:41:30,068: publishing ctrl
[rosout][INFO] 2022-05-05 15:41:30,089: publishing ctrl
[rosout][INFO] 2022-05-05 15:41:30,109: publishing ctrl
[rosout][INFO] 2022-05-05 15:41:30,129: publishing ctrl
[rosout][INFO] 2022-05-05 15:41:30,149: publishing ctrl
[rosout][INFO] 2022-05-05 15:41:30,169: publishing ctrl
[rosout][INFO] 2022-05-05 15:41:30,189: publishing ctrl
[rosout][INFO] 2022-05-05 15:41:30,208: publishing ctrl
[rosout][INFO] 2022-05-05 15:41:30,229: publishing ctrl
[rosout][INFO] 2022-05-05 15:41:30,249: publishing ctrl
[rosout][INFO] 2022-05-05 15:41:30,269: publishing ctrl
[rosout][INFO] 2022-05-05 15:41:30,289: publishing ctrl
[rosout][INFO] 2022-05-05 15:41:30,309: publishing ctrl
[rosout][INFO] 2022-05-05 15:41:30,329: publishing ctrl
[rosout][INFO] 2022-05-05 15:41:30,350: publishing ctrl
[rosout][INFO] 2022-05-05 15:41:30,369: publishing ctrl
[rosout][INFO] 2022-05-05 15:41:30,389: publishing ctrl
[rosout][INFO] 2022-05-05 15:41:30,409: publishing ctrl
[rosout][INFO] 2022-05-05 15:41:30,430: publishing ctrl
[rosout][INFO] 2022-05-05 15:41:30,449: publishing ctrl
[rosout][INFO] 2022-05-05 15:41:30,469: publishing ctrl
[rosout][INFO] 2022-05-05 15:41:30,489: publishing ctrl
[rosout][INFO] 2022-05-05 15:41:30,509: publishing ctrl
[rosout][INFO] 2022-05-05 15:41:30,529: publishing ctrl
[rosout][INFO] 2022-05-05 15:41:30,549: publishing ctrl
[rosout][INFO] 2022-05-05 15:41:30,569: publishing ctrl
[rosout][INFO] 2022-05-05 15:41:30,589: publishing ctrl
[rosout][INFO] 2022-05-05 15:41:30,609: publishing ctrl
[rosout][INFO] 2022-05-05 15:41:30,629: publishing ctrl
[rosout][INFO] 2022-05-05 15:41:30,649: publishing ctrl
[rosout][INFO] 2022-05-05 15:41:30,669: publishing ctrl
[rosout][INFO] 2022-05-05 15:41:30,689: publishing ctrl
[rosout][INFO] 2022-05-05 15:41:30,709: publishing ctrl
[rosout][INFO] 2022-05-05 15:41:30,729: publishing ctrl
[rosout][INFO] 2022-05-05 15:41:30,749: publishing ctrl
[rosout][INFO] 2022-05-05 15:41:30,769: publishing ctrl
[rosout][INFO] 2022-05-05 15:41:30,789: publishing ctrl
[rosout][INFO] 2022-05-05 15:41:30,809: publishing ctrl
[rosout][INFO] 2022-05-05 15:41:30,829: publishing ctrl
[rosout][INFO] 2022-05-05 15:41:30,849: publishing ctrl
[rosout][INFO] 2022-05-05 15:41:30,869: publishing ctrl
[rosout][INFO] 2022-05-05 15:41:30,889: publishing ctrl
[rosout][INFO] 2022-05-05 15:41:30,909: publishing ctrl
[rosout][INFO] 2022-05-05 15:41:30,929: publishing ctrl
[rosout][INFO] 2022-05-05 15:41:30,949: publishing ctrl
[rosout][INFO] 2022-05-05 15:41:30,969: publishing ctrl
[rosout][INFO] 2022-05-05 15:41:30,989: publishing ctrl
[rosout][INFO] 2022-05-05 15:41:31,009: publishing ctrl
[rosout][INFO] 2022-05-05 15:41:31,029: publishing ctrl
[rosout][INFO] 2022-05-05 15:41:31,048: publishing ctrl
[rosout][INFO] 2022-05-05 15:41:31,070: publishing ctrl
[rosout][INFO] 2022-05-05 15:41:31,089: publishing ctrl
[rosout][INFO] 2022-05-05 15:41:31,109: publishing ctrl
[rosout][INFO] 2022-05-05 15:41:31,129: publishing ctrl
[rosout][INFO] 2022-05-05 15:41:31,149: publishing ctrl
[rosout][INFO] 2022-05-05 15:41:31,169: publishing ctrl
[rosout][INFO] 2022-05-05 15:41:31,190: publishing ctrl
[rosout][INFO] 2022-05-05 15:41:31,209: publishing ctrl
[rosout][INFO] 2022-05-05 15:41:31,230: publishing ctrl
[rosout][INFO] 2022-05-05 15:41:31,249: publishing ctrl
[rosout][INFO] 2022-05-05 15:41:31,269: publishing ctrl
[rosout][INFO] 2022-05-05 15:41:31,289: publishing ctrl
[rosout][INFO] 2022-05-05 15:41:31,309: publishing ctrl
[rosout][INFO] 2022-05-05 15:41:31,329: publishing ctrl
[rosout][INFO] 2022-05-05 15:41:31,349: publishing ctrl
[rosout][INFO] 2022-05-05 15:41:31,369: publishing ctrl
[rosout][INFO] 2022-05-05 15:41:31,388: publishing ctrl
[rosout][INFO] 2022-05-05 15:41:31,409: publishing ctrl
[rosout][INFO] 2022-05-05 15:41:31,429: publishing ctrl
[rosout][INFO] 2022-05-05 15:41:31,449: publishing ctrl
[rosout][INFO] 2022-05-05 15:41:31,469: publishing ctrl
[rosout][INFO] 2022-05-05 15:41:31,489: publishing ctrl
[rosout][INFO] 2022-05-05 15:41:31,509: publishing ctrl
[rosout][INFO] 2022-05-05 15:41:31,529: publishing ctrl
[rosout][INFO] 2022-05-05 15:41:31,549: publishing ctrl
[rosout][INFO] 2022-05-05 15:41:31,569: publishing ctrl
[rosout][INFO] 2022-05-05 15:41:31,589: publishing ctrl
[rosout][INFO] 2022-05-05 15:41:31,609: publishing ctrl
[rosout][INFO] 2022-05-05 15:41:31,629: publishing ctrl
[rosout][INFO] 2022-05-05 15:41:31,649: publishing ctrl
[rosout][INFO] 2022-05-05 15:41:31,669: publishing ctrl
[rosout][INFO] 2022-05-05 15:41:31,689: publishing ctrl
[rosout][INFO] 2022-05-05 15:41:31,709: publishing ctrl
[rosout][INFO] 2022-05-05 15:41:31,729: publishing ctrl
[rosout][INFO] 2022-05-05 15:41:31,749: publishing ctrl
[rosout][INFO] 2022-05-05 15:41:31,769: publishing ctrl
[rosout][INFO] 2022-05-05 15:41:31,789: publishing ctrl
[rosout][INFO] 2022-05-05 15:41:31,809: publishing ctrl
[rosout][INFO] 2022-05-05 15:41:31,829: publishing ctrl
[rosout][INFO] 2022-05-05 15:41:31,848: publishing ctrl
[rosout][INFO] 2022-05-05 15:41:31,870: publishing ctrl
[rosout][INFO] 2022-05-05 15:41:31,889: publishing ctrl
[rosout][INFO] 2022-05-05 15:41:31,910: publishing ctrl
[rosout][INFO] 2022-05-05 15:41:31,928: publishing ctrl
[rosout][INFO] 2022-05-05 15:41:31,949: publishing ctrl
[rosout][INFO] 2022-05-05 15:41:31,969: publishing ctrl
[rosout][INFO] 2022-05-05 15:41:31,989: publishing ctrl
[rosout][INFO] 2022-05-05 15:41:32,009: publishing ctrl
[rosout][INFO] 2022-05-05 15:41:32,029: publishing ctrl
[rosout][INFO] 2022-05-05 15:41:32,048: publishing ctrl
[rosout][INFO] 2022-05-05 15:41:32,069: publishing ctrl
[rosout][INFO] 2022-05-05 15:41:32,089: publishing ctrl
[rosout][INFO] 2022-05-05 15:41:32,109: publishing ctrl
[rosout][INFO] 2022-05-05 15:41:32,129: publishing ctrl
[rosout][INFO] 2022-05-05 15:41:32,149: publishing ctrl
[rosout][INFO] 2022-05-05 15:41:32,169: publishing ctrl
[rosout][INFO] 2022-05-05 15:41:32,189: publishing ctrl
[rosout][INFO] 2022-05-05 15:41:32,209: publishing ctrl
[rosout][INFO] 2022-05-05 15:41:32,229: publishing ctrl
[rosout][INFO] 2022-05-05 15:41:32,249: publishing ctrl
[rosout][INFO] 2022-05-05 15:41:32,269: publishing ctrl
[rosout][INFO] 2022-05-05 15:41:32,289: publishing ctrl
[rosout][INFO] 2022-05-05 15:41:32,309: publishing ctrl
[rosout][INFO] 2022-05-05 15:41:32,329: publishing ctrl
[rosout][INFO] 2022-05-05 15:41:32,350: publishing ctrl
[rosout][INFO] 2022-05-05 15:41:32,369: publishing ctrl
[rosout][INFO] 2022-05-05 15:41:32,390: publishing ctrl
[rosout][INFO] 2022-05-05 15:41:32,408: publishing ctrl
[rosout][INFO] 2022-05-05 15:41:32,428: publishing ctrl
[rosout][INFO] 2022-05-05 15:41:32,449: publishing ctrl
[rosout][INFO] 2022-05-05 15:41:32,470: publishing ctrl
[rosout][INFO] 2022-05-05 15:41:32,489: publishing ctrl
[rosout][INFO] 2022-05-05 15:41:32,509: publishing ctrl
[rosout][INFO] 2022-05-05 15:41:32,529: publishing ctrl
[rosout][INFO] 2022-05-05 15:41:32,549: publishing ctrl
[rosout][INFO] 2022-05-05 15:41:32,569: publishing ctrl
[rosout][INFO] 2022-05-05 15:41:32,588: publishing ctrl
[rosout][INFO] 2022-05-05 15:41:32,608: publishing ctrl
[rosout][INFO] 2022-05-05 15:41:32,629: publishing ctrl
[rosout][INFO] 2022-05-05 15:41:32,649: publishing ctrl
[rosout][INFO] 2022-05-05 15:41:32,669: publishing ctrl
[rosout][INFO] 2022-05-05 15:41:32,689: publishing ctrl
[rosout][INFO] 2022-05-05 15:41:32,709: publishing ctrl
[rosout][INFO] 2022-05-05 15:41:32,729: publishing ctrl
[rosout][INFO] 2022-05-05 15:41:32,749: publishing ctrl
[rosout][INFO] 2022-05-05 15:41:32,768: publishing ctrl
[rosout][INFO] 2022-05-05 15:41:32,789: publishing ctrl
[rosout][INFO] 2022-05-05 15:41:32,809: publishing ctrl
[rosout][INFO] 2022-05-05 15:41:32,829: publishing ctrl
[rosout][INFO] 2022-05-05 15:41:32,849: publishing ctrl
[rosout][INFO] 2022-05-05 15:41:32,870: publishing ctrl
[rosout][INFO] 2022-05-05 15:41:32,888: publishing ctrl
[rosout][INFO] 2022-05-05 15:41:32,909: publishing ctrl
[rosout][INFO] 2022-05-05 15:41:32,929: publishing ctrl
[rosout][INFO] 2022-05-05 15:41:32,949: publishing ctrl
[rosout][INFO] 2022-05-05 15:41:32,969: publishing ctrl
[rosout][INFO] 2022-05-05 15:41:32,989: publishing ctrl
[rosout][INFO] 2022-05-05 15:41:33,008: publishing ctrl
[rosout][INFO] 2022-05-05 15:41:33,029: publishing ctrl
[rosout][INFO] 2022-05-05 15:41:33,049: publishing ctrl
[rosout][INFO] 2022-05-05 15:41:33,069: publishing ctrl
[rosout][INFO] 2022-05-05 15:41:33,089: publishing ctrl
[rosout][INFO] 2022-05-05 15:41:33,110: publishing ctrl
[rosout][INFO] 2022-05-05 15:41:33,129: publishing ctrl
[rosout][INFO] 2022-05-05 15:41:33,149: publishing ctrl
[rosout][INFO] 2022-05-05 15:41:33,169: publishing ctrl
[rosout][INFO] 2022-05-05 15:41:33,189: publishing ctrl
[rosout][INFO] 2022-05-05 15:41:33,208: publishing ctrl
[rosout][INFO] 2022-05-05 15:41:33,229: publishing ctrl
[rosout][INFO] 2022-05-05 15:41:33,249: publishing ctrl
[rosout][INFO] 2022-05-05 15:41:33,268: publishing ctrl
[rosout][INFO] 2022-05-05 15:41:33,289: publishing ctrl
[rosout][INFO] 2022-05-05 15:41:33,309: publishing ctrl
[rosout][INFO] 2022-05-05 15:41:33,329: publishing ctrl
[rosout][INFO] 2022-05-05 15:41:33,351: publishing ctrl
[rosout][INFO] 2022-05-05 15:41:33,369: publishing ctrl
[rosout][INFO] 2022-05-05 15:41:33,389: publishing ctrl
[rosout][INFO] 2022-05-05 15:41:33,409: publishing ctrl
[rosout][INFO] 2022-05-05 15:41:33,429: publishing ctrl
[rosout][INFO] 2022-05-05 15:41:33,449: publishing ctrl
[rosout][INFO] 2022-05-05 15:41:33,469: publishing ctrl
[rosout][INFO] 2022-05-05 15:41:33,489: publishing ctrl
[rosout][INFO] 2022-05-05 15:41:33,509: publishing ctrl
[rosout][INFO] 2022-05-05 15:41:33,529: publishing ctrl
[rosout][INFO] 2022-05-05 15:41:33,549: publishing ctrl
[rosout][INFO] 2022-05-05 15:41:33,569: publishing ctrl
[rosout][INFO] 2022-05-05 15:41:33,589: publishing ctrl
[rosout][INFO] 2022-05-05 15:41:33,609: publishing ctrl
[rosout][INFO] 2022-05-05 15:41:33,629: publishing ctrl
[rosout][INFO] 2022-05-05 15:41:33,649: publishing ctrl
[rosout][INFO] 2022-05-05 15:41:33,670: publishing ctrl
[rosout][INFO] 2022-05-05 15:41:33,689: publishing ctrl
[rosout][INFO] 2022-05-05 15:41:33,709: publishing ctrl
[rosout][INFO] 2022-05-05 15:41:33,729: publishing ctrl
[rosout][INFO] 2022-05-05 15:41:33,749: publishing ctrl
[rosout][INFO] 2022-05-05 15:41:33,769: publishing ctrl
[rosout][INFO] 2022-05-05 15:41:33,789: publishing ctrl
[rosout][INFO] 2022-05-05 15:41:33,809: publishing ctrl
[rosout][INFO] 2022-05-05 15:41:33,829: publishing ctrl
[rosout][INFO] 2022-05-05 15:41:33,848: publishing ctrl
[rosout][INFO] 2022-05-05 15:41:33,869: publishing ctrl
[rosout][INFO] 2022-05-05 15:41:33,889: publishing ctrl
[rosout][INFO] 2022-05-05 15:41:33,909: publishing ctrl
[rosout][INFO] 2022-05-05 15:41:33,929: publishing ctrl
[rosout][INFO] 2022-05-05 15:41:33,949: publishing ctrl
[rosout][INFO] 2022-05-05 15:41:33,969: publishing ctrl
[rosout][INFO] 2022-05-05 15:41:33,989: publishing ctrl
[rosout][INFO] 2022-05-05 15:41:34,009: publishing ctrl
[rosout][INFO] 2022-05-05 15:41:34,029: publishing ctrl
[rosout][INFO] 2022-05-05 15:41:34,049: publishing ctrl
[rosout][INFO] 2022-05-05 15:41:34,070: publishing ctrl
[rosout][INFO] 2022-05-05 15:41:34,089: publishing ctrl
[rosout][INFO] 2022-05-05 15:41:34,109: publishing ctrl
[rosout][INFO] 2022-05-05 15:41:34,129: publishing ctrl
[rosout][INFO] 2022-05-05 15:41:34,149: publishing ctrl
[rosout][INFO] 2022-05-05 15:41:34,169: publishing ctrl
[rosout][INFO] 2022-05-05 15:41:34,189: publishing ctrl
[rosout][INFO] 2022-05-05 15:41:34,208: publishing ctrl
[rosout][INFO] 2022-05-05 15:41:34,229: publishing ctrl
[rosout][INFO] 2022-05-05 15:41:34,249: publishing ctrl
[rosout][INFO] 2022-05-05 15:41:34,270: publishing ctrl
[rosout][INFO] 2022-05-05 15:41:34,289: publishing ctrl
[rosout][INFO] 2022-05-05 15:41:34,309: publishing ctrl
[rosout][INFO] 2022-05-05 15:41:34,329: publishing ctrl
[rosout][INFO] 2022-05-05 15:41:34,349: publishing ctrl
[rosout][INFO] 2022-05-05 15:41:34,369: publishing ctrl
[rosout][INFO] 2022-05-05 15:41:34,388: publishing ctrl
[rosout][INFO] 2022-05-05 15:41:34,409: publishing ctrl
[rosout][INFO] 2022-05-05 15:41:34,429: publishing ctrl
[rosout][INFO] 2022-05-05 15:41:34,448: publishing ctrl
[rosout][INFO] 2022-05-05 15:41:34,468: publishing ctrl
[rosout][INFO] 2022-05-05 15:41:34,489: publishing ctrl
[rosout][INFO] 2022-05-05 15:41:34,509: publishing ctrl
[rosout][INFO] 2022-05-05 15:41:34,529: publishing ctrl
[rosout][INFO] 2022-05-05 15:41:34,549: publishing ctrl
[rosout][INFO] 2022-05-05 15:41:34,569: publishing ctrl
[rosout][INFO] 2022-05-05 15:41:34,590: publishing ctrl
[rosout][INFO] 2022-05-05 15:41:34,608: publishing ctrl
[rosout][INFO] 2022-05-05 15:41:34,630: publishing ctrl
[rosout][INFO] 2022-05-05 15:41:34,649: publishing ctrl
[rosout][INFO] 2022-05-05 15:41:34,669: publishing ctrl
[rosout][INFO] 2022-05-05 15:41:34,689: publishing ctrl
[rosout][INFO] 2022-05-05 15:41:34,709: publishing ctrl
[rosout][INFO] 2022-05-05 15:41:34,729: publishing ctrl
[rosout][INFO] 2022-05-05 15:41:34,748: publishing ctrl
[rosout][INFO] 2022-05-05 15:41:34,769: publishing ctrl
[rosout][INFO] 2022-05-05 15:41:34,789: publishing ctrl
[rosout][INFO] 2022-05-05 15:41:34,809: publishing ctrl
[rosout][INFO] 2022-05-05 15:41:34,829: publishing ctrl
[rosout][INFO] 2022-05-05 15:41:34,849: publishing ctrl
[rosout][INFO] 2022-05-05 15:41:34,870: publishing ctrl
[rosout][INFO] 2022-05-05 15:41:34,889: publishing ctrl
[rosout][INFO] 2022-05-05 15:41:34,909: publishing ctrl
[rosout][INFO] 2022-05-05 15:41:34,929: publishing ctrl
[rosout][INFO] 2022-05-05 15:41:34,950: publishing ctrl
[rosout][INFO] 2022-05-05 15:41:34,969: publishing ctrl
[rosout][INFO] 2022-05-05 15:41:34,988: publishing ctrl
[rosout][INFO] 2022-05-05 15:41:35,009: publishing ctrl
[rosout][INFO] 2022-05-05 15:41:35,029: publishing ctrl
[rospy.core][INFO] 2022-05-05 15:41:35,052: signal_shutdown [signal-2]
[rosout][INFO] 2022-05-05 15:41:35,048: publishing ctrl
[rospy.internal][INFO] 2022-05-05 15:41:35,067: topic[/car/mux/ackermann_cmd_mux/input/navigation] removing connection to /car/mux/nodelet_manager
[rospy.internal][INFO] 2022-05-05 15:41:35,068: topic[/rosout] removing connection to /rosout
[rospy.impl.masterslave][INFO] 2022-05-05 15:41:35,069: signal-2
[rosout][INFO] 2022-05-05 15:41:35,073: publishing ctrl
[rospy.core][INFO] 2022-05-05 15:41:35,181: signal_shutdown [atexit]
