[rospy.client][INFO] 2022-05-05 20:40:41,817: init_node, name[/car/vesc/throttle_interpolator], pid[1659]
[xmlrpc][INFO] 2022-05-05 20:40:41,830: XML-RPC server binding to 0.0.0.0:0
[rospy.init][INFO] 2022-05-05 20:40:41,834: ROS Slave URI: [http://robot-desktop:45171/]
[xmlrpc][INFO] 2022-05-05 20:40:41,835: Started XML-RPC server [http://robot-desktop:45171/]
[rospy.impl.masterslave][INFO] 2022-05-05 20:40:41,835: _ready: http://robot-desktop:45171/
[rospy.registration][INFO] 2022-05-05 20:40:41,858: Registering with master node http://robot-desktop:11311
[xmlrpc][INFO] 2022-05-05 20:40:41,858: xml rpc node: starting XML-RPC server
[rospy.init][INFO] 2022-05-05 20:40:41,935: registered with master
[rospy.rosout][INFO] 2022-05-05 20:40:41,936: initializing /rosout core topic
[rospy.rosout][INFO] 2022-05-05 20:40:41,952: connected to core topic /rosout
[rospy.simtime][INFO] 2022-05-05 20:40:41,966: /use_sim_time is not set, will not subscribe to simulated time [/clock] topic
[rospy.internal][INFO] 2022-05-05 20:40:42,213: topic[/rosout] adding connection to [/rosout], count 0
[rospy.internal][INFO] 2022-05-05 20:40:42,283: topic[/car/vesc/commands/servo/unsmoothed_position] adding connection to [http://robot-desktop:33003/], count 0
[rospy.internal][INFO] 2022-05-05 20:40:42,292: topic[/car/vesc/commands/motor/unsmoothed_speed] adding connection to [http://robot-desktop:33003/], count 0
[rospy.internal][INFO] 2022-05-05 20:40:42,517: topic[/car/vesc/commands/motor/speed] adding connection to [/car/vesc/vesc_driver], count 0
[rospy.internal][INFO] 2022-05-05 20:40:42,519: topic[/car/vesc/commands/servo/position] adding connection to [/car/vesc/vesc_driver], count 0
[rospy.core][INFO] 2022-05-05 20:41:17,738: signal_shutdown [signal-2]
[rospy.internal][INFO] 2022-05-05 20:41:17,828: topic[/car/vesc/commands/motor/speed] removing connection to /car/vesc/vesc_driver
[rospy.internal][INFO] 2022-05-05 20:41:17,829: topic[/rosout] removing connection to /rosout
[rospy.internal][INFO] 2022-05-05 20:41:17,830: topic[/car/vesc/commands/servo/position] removing connection to /car/vesc/vesc_driver
[rospy.internal][INFO] 2022-05-05 20:41:17,831: topic[/car/vesc/commands/motor/unsmoothed_speed] removing connection to http://robot-desktop:33003/
[rospy.internal][INFO] 2022-05-05 20:41:17,833: topic[/car/vesc/commands/servo/unsmoothed_position] removing connection to http://robot-desktop:33003/
[rospy.impl.masterslave][INFO] 2022-05-05 20:41:17,833: signal-2
[rospy.internal][WARNING] 2022-05-05 20:41:18,117: Unknown error initiating TCP/IP socket to robot-desktop:54455 (http://robot-desktop:33003/): Traceback (most recent call last):
  File "/opt/ros/melodic/lib/python2.7/dist-packages/rospy/impl/tcpros_base.py", line 562, in connect
    self.read_header()
  File "/opt/ros/melodic/lib/python2.7/dist-packages/rospy/impl/tcpros_base.py", line 657, in read_header
    self._validate_header(read_ros_handshake_header(sock, self.read_buff, self.protocol.buff_size))
  File "/opt/ros/melodic/lib/python2.7/dist-packages/rosgraph/network.py", line 357, in read_ros_handshake_header
    d = sock.recv(buff_size)
error: [Errno 104] Connection reset by peer

[rospy.internal][WARNING] 2022-05-05 20:41:18,118: Unknown error initiating TCP/IP socket to robot-desktop:54455 (http://robot-desktop:33003/): Traceback (most recent call last):
  File "/opt/ros/melodic/lib/python2.7/dist-packages/rospy/impl/tcpros_base.py", line 562, in connect
    self.read_header()
  File "/opt/ros/melodic/lib/python2.7/dist-packages/rospy/impl/tcpros_base.py", line 657, in read_header
    self._validate_header(read_ros_handshake_header(sock, self.read_buff, self.protocol.buff_size))
  File "/opt/ros/melodic/lib/python2.7/dist-packages/rosgraph/network.py", line 357, in read_ros_handshake_header
    d = sock.recv(buff_size)
error: [Errno 104] Connection reset by peer

[rospy.core][INFO] 2022-05-05 20:41:18,399: signal_shutdown [atexit]
