[rospy.client][INFO] 2022-05-05 18:02:37,722: init_node, name[/car/mux/zero_ackermann_cmd], pid[30207]
[xmlrpc][INFO] 2022-05-05 18:02:37,723: XML-RPC server binding to 0.0.0.0:0
[xmlrpc][INFO] 2022-05-05 18:02:37,724: Started XML-RPC server [http://robot-desktop:32933/]
[rospy.init][INFO] 2022-05-05 18:02:37,724: ROS Slave URI: [http://robot-desktop:32933/]
[rospy.impl.masterslave][INFO] 2022-05-05 18:02:37,725: _ready: http://robot-desktop:32933/
[rospy.registration][INFO] 2022-05-05 18:02:37,729: Registering with master node http://robot-desktop:11311
[xmlrpc][INFO] 2022-05-05 18:02:37,730: xml rpc node: starting XML-RPC server
[rospy.init][INFO] 2022-05-05 18:02:37,826: registered with master
[rospy.internal][INFO] 2022-05-05 18:02:38,068: topic[/car/mux/ackermann_cmd_mux/input/default] adding connection to [/car/mux/nodelet_manager], count 0
[rospy.core][INFO] 2022-05-05 18:05:13,088: signal_shutdown [signal-2]
[rospy.internal][INFO] 2022-05-05 18:05:13,141: topic[/car/mux/ackermann_cmd_mux/input/default] removing connection to /car/mux/nodelet_manager
[rospy.impl.masterslave][INFO] 2022-05-05 18:05:13,142: signal-2
[rospy.core][INFO] 2022-05-05 18:05:13,727: signal_shutdown [atexit]
[rospy.client][INFO] 2022-05-05 18:09:35,712: init_node, name[/car/mux/zero_ackermann_cmd], pid[13439]
[xmlrpc][INFO] 2022-05-05 18:09:35,726: XML-RPC server binding to 0.0.0.0:0
[xmlrpc][INFO] 2022-05-05 18:09:35,728: Started XML-RPC server [http://robot-desktop:34733/]
[rospy.impl.masterslave][INFO] 2022-05-05 18:09:35,732: _ready: http://robot-desktop:34733/
[xmlrpc][INFO] 2022-05-05 18:09:35,733: xml rpc node: starting XML-RPC server
[rospy.init][INFO] 2022-05-05 18:09:35,734: ROS Slave URI: [http://robot-desktop:34733/]
[rospy.registration][INFO] 2022-05-05 18:09:35,734: Registering with master node http://robot-desktop:11311
[rospy.init][INFO] 2022-05-05 18:09:35,835: registered with master
[rospy.internal][INFO] 2022-05-05 18:09:36,117: topic[/car/mux/ackermann_cmd_mux/input/default] adding connection to [/car/mux/nodelet_manager], count 0
[rospy.core][INFO] 2022-05-05 18:10:13,259: signal_shutdown [signal-2]
[rospy.internal][INFO] 2022-05-05 18:10:13,283: topic[/car/mux/ackermann_cmd_mux/input/default] removing connection to /car/mux/nodelet_manager
[rospy.impl.masterslave][INFO] 2022-05-05 18:10:13,284: signal-2
[rospy.core][INFO] 2022-05-05 18:10:13,906: signal_shutdown [atexit]
[rospy.client][INFO] 2022-05-05 18:12:00,394: init_node, name[/car/mux/zero_ackermann_cmd], pid[16784]
[xmlrpc][INFO] 2022-05-05 18:12:00,402: XML-RPC server binding to 0.0.0.0:0
[xmlrpc][INFO] 2022-05-05 18:12:00,403: Started XML-RPC server [http://robot-desktop:36665/]
[rospy.impl.masterslave][INFO] 2022-05-05 18:12:00,404: _ready: http://robot-desktop:36665/
[rospy.init][INFO] 2022-05-05 18:12:00,408: ROS Slave URI: [http://robot-desktop:36665/]
[rospy.registration][INFO] 2022-05-05 18:12:00,415: Registering with master node http://robot-desktop:11311
[xmlrpc][INFO] 2022-05-05 18:12:00,417: xml rpc node: starting XML-RPC server
[rospy.init][INFO] 2022-05-05 18:12:00,509: registered with master
[rospy.internal][INFO] 2022-05-05 18:12:00,738: topic[/car/mux/ackermann_cmd_mux/input/default] adding connection to [/car/mux/nodelet_manager], count 0
[rospy.core][INFO] 2022-05-05 18:12:39,436: signal_shutdown [signal-2]
[rospy.internal][INFO] 2022-05-05 18:12:39,457: topic[/car/mux/ackermann_cmd_mux/input/default] removing connection to /car/mux/nodelet_manager
[rospy.impl.masterslave][INFO] 2022-05-05 18:12:39,458: signal-2
[rospy.core][INFO] 2022-05-05 18:12:39,563: signal_shutdown [atexit]
[rospy.client][INFO] 2022-05-05 18:13:04,987: init_node, name[/car/mux/zero_ackermann_cmd], pid[20386]
[xmlrpc][INFO] 2022-05-05 18:13:05,001: XML-RPC server binding to 0.0.0.0:0
[xmlrpc][INFO] 2022-05-05 18:13:05,004: Started XML-RPC server [http://robot-desktop:33209/]
[rospy.impl.masterslave][INFO] 2022-05-05 18:13:05,004: _ready: http://robot-desktop:33209/
[rospy.init][INFO] 2022-05-05 18:13:05,005: ROS Slave URI: [http://robot-desktop:33209/]
[rospy.registration][INFO] 2022-05-05 18:13:05,009: Registering with master node http://robot-desktop:11311
[xmlrpc][INFO] 2022-05-05 18:13:05,010: xml rpc node: starting XML-RPC server
[rospy.init][INFO] 2022-05-05 18:13:05,107: registered with master
[rospy.internal][INFO] 2022-05-05 18:13:05,343: topic[/car/mux/ackermann_cmd_mux/input/default] adding connection to [/car/mux/nodelet_manager], count 0
[rospy.core][INFO] 2022-05-05 18:13:56,145: signal_shutdown [signal-2]
[rospy.internal][INFO] 2022-05-05 18:13:56,211: topic[/car/mux/ackermann_cmd_mux/input/default] removing connection to /car/mux/nodelet_manager
[rospy.impl.masterslave][INFO] 2022-05-05 18:13:56,212: signal-2
[rospy.core][INFO] 2022-05-05 18:13:56,830: signal_shutdown [atexit]
[rospy.client][INFO] 2022-05-05 18:14:35,188: init_node, name[/car/mux/zero_ackermann_cmd], pid[24574]
[xmlrpc][INFO] 2022-05-05 18:14:35,203: XML-RPC server binding to 0.0.0.0:0
[xmlrpc][INFO] 2022-05-05 18:14:35,204: Started XML-RPC server [http://robot-desktop:43625/]
[rospy.init][INFO] 2022-05-05 18:14:35,205: ROS Slave URI: [http://robot-desktop:43625/]
[rospy.impl.masterslave][INFO] 2022-05-05 18:14:35,206: _ready: http://robot-desktop:43625/
[rospy.registration][INFO] 2022-05-05 18:14:35,209: Registering with master node http://robot-desktop:11311
[xmlrpc][INFO] 2022-05-05 18:14:35,210: xml rpc node: starting XML-RPC server
[rospy.init][INFO] 2022-05-05 18:14:35,307: registered with master
[rospy.internal][INFO] 2022-05-05 18:14:35,550: topic[/car/mux/ackermann_cmd_mux/input/default] adding connection to [/car/mux/nodelet_manager], count 0
[rospy.core][INFO] 2022-05-05 18:14:48,592: signal_shutdown [signal-2]
[rospy.internal][INFO] 2022-05-05 18:14:48,672: topic[/car/mux/ackermann_cmd_mux/input/default] removing connection to /car/mux/nodelet_manager
[rospy.impl.masterslave][INFO] 2022-05-05 18:14:48,673: signal-2
[rospy.core][INFO] 2022-05-05 18:14:49,240: signal_shutdown [atexit]
[rospy.client][INFO] 2022-05-05 18:15:43,638: init_node, name[/car/mux/zero_ackermann_cmd], pid[26149]
[xmlrpc][INFO] 2022-05-05 18:15:43,653: XML-RPC server binding to 0.0.0.0:0
[xmlrpc][INFO] 2022-05-05 18:15:43,654: Started XML-RPC server [http://robot-desktop:43635/]
[rospy.impl.masterslave][INFO] 2022-05-05 18:15:43,658: _ready: http://robot-desktop:43635/
[rospy.init][INFO] 2022-05-05 18:15:43,655: ROS Slave URI: [http://robot-desktop:43635/]
[rospy.registration][INFO] 2022-05-05 18:15:43,659: Registering with master node http://robot-desktop:11311
[xmlrpc][INFO] 2022-05-05 18:15:43,662: xml rpc node: starting XML-RPC server
[rospy.init][INFO] 2022-05-05 18:15:43,759: registered with master
[rospy.internal][INFO] 2022-05-05 18:15:43,936: topic[/car/mux/ackermann_cmd_mux/input/default] adding connection to [/car/mux/nodelet_manager], count 0
[rospy.core][INFO] 2022-05-05 18:16:07,440: signal_shutdown [signal-2]
[rospy.internal][INFO] 2022-05-05 18:16:07,497: topic[/car/mux/ackermann_cmd_mux/input/default] removing connection to /car/mux/nodelet_manager
[rospy.impl.masterslave][INFO] 2022-05-05 18:16:07,498: signal-2
[rospy.core][INFO] 2022-05-05 18:16:08,076: signal_shutdown [atexit]
