[rospy.client][INFO] 2022-05-05 15:48:02,527: init_node, name[/car/vesc/throttle_interpolator], pid[14945]
[xmlrpc][INFO] 2022-05-05 15:48:02,528: XML-RPC server binding to 0.0.0.0:0
[rospy.init][INFO] 2022-05-05 15:48:02,530: ROS Slave URI: [http://robot-desktop:44699/]
[xmlrpc][INFO] 2022-05-05 15:48:02,530: Started XML-RPC server [http://robot-desktop:44699/]
[rospy.impl.masterslave][INFO] 2022-05-05 15:48:02,531: _ready: http://robot-desktop:44699/
[rospy.registration][INFO] 2022-05-05 15:48:02,533: Registering with master node http://robot-desktop:11311
[xmlrpc][INFO] 2022-05-05 15:48:02,534: xml rpc node: starting XML-RPC server
[rospy.init][INFO] 2022-05-05 15:48:02,631: registered with master
[rospy.rosout][INFO] 2022-05-05 15:48:02,632: initializing /rosout core topic
[rospy.rosout][INFO] 2022-05-05 15:48:02,639: connected to core topic /rosout
[rospy.simtime][INFO] 2022-05-05 15:48:02,645: /use_sim_time is not set, will not subscribe to simulated time [/clock] topic
[rospy.internal][INFO] 2022-05-05 15:48:02,853: topic[/car/vesc/commands/servo/unsmoothed_position] adding connection to [http://robot-desktop:34085/], count 0
[rospy.internal][INFO] 2022-05-05 15:48:02,856: topic[/car/vesc/commands/motor/unsmoothed_speed] adding connection to [http://robot-desktop:34085/], count 0
[rospy.internal][INFO] 2022-05-05 15:48:02,901: topic[/rosout] adding connection to [/rosout], count 0
[rospy.internal][INFO] 2022-05-05 15:48:03,113: topic[/car/vesc/commands/motor/speed] adding connection to [/car/vesc/vesc_driver], count 0
[rospy.internal][INFO] 2022-05-05 15:48:03,114: topic[/car/vesc/commands/servo/position] adding connection to [/car/vesc/vesc_driver], count 0
[rospy.core][INFO] 2022-05-05 15:51:58,501: signal_shutdown [signal-2]
[rospy.internal][INFO] 2022-05-05 15:51:58,602: topic[/car/vesc/commands/motor/speed] removing connection to /car/vesc/vesc_driver
[rospy.internal][INFO] 2022-05-05 15:51:58,617: topic[/rosout] removing connection to /rosout
[rospy.internal][INFO] 2022-05-05 15:51:58,620: topic[/car/vesc/commands/servo/position] removing connection to /car/vesc/vesc_driver
[rospy.internal][INFO] 2022-05-05 15:51:58,648: topic[/car/vesc/commands/motor/unsmoothed_speed] removing connection to http://robot-desktop:34085/
[rospy.internal][INFO] 2022-05-05 15:51:58,652: topic[/car/vesc/commands/servo/unsmoothed_position] removing connection to http://robot-desktop:34085/
[rospy.impl.masterslave][INFO] 2022-05-05 15:51:58,656: signal-2
[rospy.internal][WARNING] 2022-05-05 15:51:59,085: Unknown error initiating TCP/IP socket to robot-desktop:57421 (http://robot-desktop:34085/): Traceback (most recent call last):
  File "/opt/ros/melodic/lib/python2.7/dist-packages/rospy/impl/tcpros_base.py", line 562, in connect
    self.read_header()
  File "/opt/ros/melodic/lib/python2.7/dist-packages/rospy/impl/tcpros_base.py", line 657, in read_header
    self._validate_header(read_ros_handshake_header(sock, self.read_buff, self.protocol.buff_size))
  File "/opt/ros/melodic/lib/python2.7/dist-packages/rosgraph/network.py", line 357, in read_ros_handshake_header
    d = sock.recv(buff_size)
error: [Errno 104] Connection reset by peer

[rospy.internal][WARNING] 2022-05-05 15:51:59,086: Unknown error initiating TCP/IP socket to robot-desktop:57421 (http://robot-desktop:34085/): Traceback (most recent call last):
  File "/opt/ros/melodic/lib/python2.7/dist-packages/rospy/impl/tcpros_base.py", line 562, in connect
    self.read_header()
  File "/opt/ros/melodic/lib/python2.7/dist-packages/rospy/impl/tcpros_base.py", line 657, in read_header
    self._validate_header(read_ros_handshake_header(sock, self.read_buff, self.protocol.buff_size))
  File "/opt/ros/melodic/lib/python2.7/dist-packages/rosgraph/network.py", line 357, in read_ros_handshake_header
    d = sock.recv(buff_size)
error: [Errno 104] Connection reset by peer

[rospy.core][INFO] 2022-05-05 15:51:59,134: signal_shutdown [atexit]
