[0m[ INFO] [1651793929.322391084]: Loading nodelet /car/mux/ackermann_cmd_mux of type ackermann_cmd_mux/AckermannCmdMuxNodelet to manager nodelet_manager with the following remappings:[0m
[0m[ INFO] [1651793929.637063063]: waitForService: Service [/car/mux/nodelet_manager/load_nodelet] has not been advertised, waiting...[0m
[0m[ INFO] [1651793929.708084574]: waitForService: Service [/car/mux/nodelet_manager/load_nodelet] is now available.[0m
[0m[ INFO] [1651793938.390554154]: Unloading nodelet /car/mux/ackermann_cmd_mux from manager nodelet_manager[0m
[0m[ INFO] [1651793977.575573670]: Loading nodelet /car/mux/ackermann_cmd_mux of type ackermann_cmd_mux/AckermannCmdMuxNodelet to manager nodelet_manager with the following remappings:[0m
[0m[ INFO] [1651793977.702116066]: waitForService: Service [/car/mux/nodelet_manager/load_nodelet] has not been advertised, waiting...[0m
[0m[ INFO] [1651793978.002321222]: waitForService: Service [/car/mux/nodelet_manager/load_nodelet] is now available.[0m
[0m[ INFO] [1651793986.450175177]: Unloading nodelet /car/mux/ackermann_cmd_mux from manager nodelet_manager[0m
[0m[ INFO] [1651794027.752268755]: Loading nodelet /car/mux/ackermann_cmd_mux of type ackermann_cmd_mux/AckermannCmdMuxNodelet to manager nodelet_manager with the following remappings:[0m
[0m[ INFO] [1651794028.084605682]: waitForService: Service [/car/mux/nodelet_manager/load_nodelet] has not been advertised, waiting...[0m
[0m[ INFO] [1651794028.234598442]: waitForService: Service [/car/mux/nodelet_manager/load_nodelet] is now available.[0m
[0m[ INFO] [1651794034.532303232]: Unloading nodelet /car/mux/ackermann_cmd_mux from manager nodelet_manager[0m
[0m[ INFO] [1651794065.436255095]: Loading nodelet /car/mux/ackermann_cmd_mux of type ackermann_cmd_mux/AckermannCmdMuxNodelet to manager nodelet_manager with the following remappings:[0m
[0m[ INFO] [1651794065.660453220]: waitForService: Service [/car/mux/nodelet_manager/load_nodelet] has not been advertised, waiting...[0m
[0m[ INFO] [1651794065.988053845]: waitForService: Service [/car/mux/nodelet_manager/load_nodelet] is now available.[0m
[0m[ INFO] [1651794071.265746395]: Unloading nodelet /car/mux/ackermann_cmd_mux from manager nodelet_manager[0m
[0m[ INFO] [1651797226.167803056]: Loading nodelet /car/mux/ackermann_cmd_mux of type ackermann_cmd_mux/AckermannCmdMuxNodelet to manager nodelet_manager with the following remappings:[0m
[0m[ INFO] [1651797226.511791754]: waitForService: Service [/car/mux/nodelet_manager/load_nodelet] has not been advertised, waiting...[0m
[0m[ INFO] [1651797226.680043316]: waitForService: Service [/car/mux/nodelet_manager/load_nodelet] is now available.[0m
[0m[ INFO] [1651797256.426547836]: Unloading nodelet /car/mux/ackermann_cmd_mux from manager nodelet_manager[0m
[0m[ INFO] [1651797350.275980665]: Loading nodelet /car/mux/ackermann_cmd_mux of type ackermann_cmd_mux/AckermannCmdMuxNodelet to manager nodelet_manager with the following remappings:[0m
[0m[ INFO] [1651797350.607461029]: waitForService: Service [/car/mux/nodelet_manager/load_nodelet] has not been advertised, waiting...[0m
[0m[ INFO] [1651797350.907997331]: waitForService: Service [/car/mux/nodelet_manager/load_nodelet] is now available.[0m
[0m[ INFO] [1651797364.881584097]: Unloading nodelet /car/mux/ackermann_cmd_mux from manager nodelet_manager[0m
[0m[ INFO] [1651797442.642113650]: Loading nodelet /car/mux/ackermann_cmd_mux of type ackermann_cmd_mux/AckermannCmdMuxNodelet to manager nodelet_manager with the following remappings:[0m
[0m[ INFO] [1651797442.910842921]: waitForService: Service [/car/mux/nodelet_manager/load_nodelet] has not been advertised, waiting...[0m
[0m[ INFO] [1651797443.197004848]: waitForService: Service [/car/mux/nodelet_manager/load_nodelet] is now available.[0m
[0m[ INFO] [1651797575.011614381]: Unloading nodelet /car/mux/ackermann_cmd_mux from manager nodelet_manager[0m
[0m[ INFO] [1651797575.012117141]: waitForService: Service [/car/mux/nodelet_manager/unload_nodelet] has not been advertised, waiting...[0m
