[rospy.client][INFO] 2022-05-05 15:44:34,100: init_node, name[/car/vesc/throttle_interpolator], pid[12512]
[xmlrpc][INFO] 2022-05-05 15:44:34,102: XML-RPC server binding to 0.0.0.0:0
[xmlrpc][INFO] 2022-05-05 15:44:34,103: Started XML-RPC server [http://robot-desktop:37869/]
[rospy.impl.masterslave][INFO] 2022-05-05 15:44:34,104: _ready: http://robot-desktop:37869/
[rospy.init][INFO] 2022-05-05 15:44:34,105: ROS Slave URI: [http://robot-desktop:37869/]
[xmlrpc][INFO] 2022-05-05 15:44:34,106: xml rpc node: starting XML-RPC server
[rospy.registration][INFO] 2022-05-05 15:44:34,107: Registering with master node http://robot-desktop:11311
[rospy.init][INFO] 2022-05-05 15:44:34,208: registered with master
[rospy.rosout][INFO] 2022-05-05 15:44:34,209: initializing /rosout core topic
[rospy.rosout][INFO] 2022-05-05 15:44:34,216: connected to core topic /rosout
[rospy.simtime][INFO] 2022-05-05 15:44:34,220: /use_sim_time is not set, will not subscribe to simulated time [/clock] topic
[rospy.internal][INFO] 2022-05-05 15:44:34,378: topic[/car/vesc/commands/motor/unsmoothed_speed] adding connection to [http://robot-desktop:37929/], count 0
[rospy.internal][INFO] 2022-05-05 15:44:34,382: topic[/car/vesc/commands/servo/unsmoothed_position] adding connection to [http://robot-desktop:37929/], count 0
[rospy.internal][INFO] 2022-05-05 15:44:34,457: topic[/rosout] adding connection to [/rosout], count 0
[rospy.internal][INFO] 2022-05-05 15:44:34,472: topic[/car/vesc/commands/motor/speed] adding connection to [/car/vesc/vesc_driver], count 0
[rospy.internal][INFO] 2022-05-05 15:44:34,474: topic[/car/vesc/commands/servo/position] adding connection to [/car/vesc/vesc_driver], count 0
[rospy.core][INFO] 2022-05-05 15:45:08,733: signal_shutdown [signal-2]
[rospy.internal][INFO] 2022-05-05 15:45:08,771: topic[/car/vesc/commands/motor/speed] removing connection to /car/vesc/vesc_driver
[rospy.internal][INFO] 2022-05-05 15:45:08,771: topic[/rosout] removing connection to /rosout
[rospy.internal][INFO] 2022-05-05 15:45:08,772: topic[/car/vesc/commands/servo/position] removing connection to /car/vesc/vesc_driver
[rospy.internal][INFO] 2022-05-05 15:45:08,772: topic[/car/vesc/commands/motor/unsmoothed_speed] removing connection to http://robot-desktop:37929/
[rospy.internal][INFO] 2022-05-05 15:45:08,772: topic[/car/vesc/commands/servo/unsmoothed_position] removing connection to http://robot-desktop:37929/
[rospy.impl.masterslave][INFO] 2022-05-05 15:45:08,782: signal-2
[rospy.core][INFO] 2022-05-05 15:45:09,404: signal_shutdown [atexit]
