[rospy.client][INFO] 2022-05-05 15:44:35,425: init_node, name[/car/drive], pid[12589]
[xmlrpc][INFO] 2022-05-05 15:44:35,426: XML-RPC server binding to 0.0.0.0:0
[xmlrpc][INFO] 2022-05-05 15:44:35,427: Started XML-RPC server [http://robot-desktop:36691/]
[rospy.init][INFO] 2022-05-05 15:44:35,427: ROS Slave URI: [http://robot-desktop:36691/]
[rospy.impl.masterslave][INFO] 2022-05-05 15:44:35,428: _ready: http://robot-desktop:36691/
[rospy.registration][INFO] 2022-05-05 15:44:35,430: Registering with master node http://robot-desktop:11311
[xmlrpc][INFO] 2022-05-05 15:44:35,430: xml rpc node: starting XML-RPC server
[rospy.init][INFO] 2022-05-05 15:44:35,529: registered with master
[rospy.rosout][INFO] 2022-05-05 15:44:35,530: initializing /rosout core topic
[rospy.rosout][INFO] 2022-05-05 15:44:35,539: connected to core topic /rosout
[rospy.simtime][INFO] 2022-05-05 15:44:35,547: /use_sim_time is not set, will not subscribe to simulated time [/clock] topic
[rosout][INFO] 2022-05-05 15:44:35,602: publishing ctrl
[rosout][INFO] 2022-05-05 15:44:35,622: publishing ctrl
[rosout][INFO] 2022-05-05 15:44:35,642: publishing ctrl
[rosout][INFO] 2022-05-05 15:44:35,662: publishing ctrl
[rosout][INFO] 2022-05-05 15:44:35,682: publishing ctrl
[rosout][INFO] 2022-05-05 15:44:35,702: publishing ctrl
[rosout][INFO] 2022-05-05 15:44:35,722: publishing ctrl
[rosout][INFO] 2022-05-05 15:44:35,742: publishing ctrl
[rosout][INFO] 2022-05-05 15:44:35,761: publishing ctrl
[rospy.internal][INFO] 2022-05-05 15:44:35,771: topic[/rosout] adding connection to [/rosout], count 0
[rosout][INFO] 2022-05-05 15:44:35,782: publishing ctrl
[rosout][INFO] 2022-05-05 15:44:35,801: publishing ctrl
[rosout][INFO] 2022-05-05 15:44:35,822: publishing ctrl
[rosout][INFO] 2022-05-05 15:44:35,842: publishing ctrl
[rosout][INFO] 2022-05-05 15:44:35,863: publishing ctrl
[rospy.internal][INFO] 2022-05-05 15:44:35,870: topic[/car/mux/ackermann_cmd_mux/input/navigation] adding connection to [/car/mux/nodelet_manager], count 0
[rosout][INFO] 2022-05-05 15:44:35,882: publishing ctrl
[rosout][INFO] 2022-05-05 15:44:35,902: publishing ctrl
[rosout][INFO] 2022-05-05 15:44:35,922: publishing ctrl
[rosout][INFO] 2022-05-05 15:44:35,942: publishing ctrl
[rosout][INFO] 2022-05-05 15:44:35,962: publishing ctrl
[rosout][INFO] 2022-05-05 15:44:35,982: publishing ctrl
[rosout][INFO] 2022-05-05 15:44:36,002: publishing ctrl
[rosout][INFO] 2022-05-05 15:44:36,022: publishing ctrl
[rosout][INFO] 2022-05-05 15:44:36,042: publishing ctrl
[rosout][INFO] 2022-05-05 15:44:36,062: publishing ctrl
[rosout][INFO] 2022-05-05 15:44:36,082: publishing ctrl
[rosout][INFO] 2022-05-05 15:44:36,102: publishing ctrl
[rosout][INFO] 2022-05-05 15:44:36,122: publishing ctrl
[rosout][INFO] 2022-05-05 15:44:36,142: publishing ctrl
[rosout][INFO] 2022-05-05 15:44:36,162: publishing ctrl
[rosout][INFO] 2022-05-05 15:44:36,183: publishing ctrl
[rosout][INFO] 2022-05-05 15:44:36,202: publishing ctrl
[rosout][INFO] 2022-05-05 15:44:36,222: publishing ctrl
[rosout][INFO] 2022-05-05 15:44:36,242: publishing ctrl
[rosout][INFO] 2022-05-05 15:44:36,262: publishing ctrl
[rosout][INFO] 2022-05-05 15:44:36,282: publishing ctrl
[rosout][INFO] 2022-05-05 15:44:36,302: publishing ctrl
[rosout][INFO] 2022-05-05 15:44:36,322: publishing ctrl
[rosout][INFO] 2022-05-05 15:44:36,342: publishing ctrl
[rosout][INFO] 2022-05-05 15:44:36,362: publishing ctrl
[rosout][INFO] 2022-05-05 15:44:36,383: publishing ctrl
[rosout][INFO] 2022-05-05 15:44:36,401: publishing ctrl
[rosout][INFO] 2022-05-05 15:44:36,422: publishing ctrl
[rosout][INFO] 2022-05-05 15:44:36,442: publishing ctrl
[rosout][INFO] 2022-05-05 15:44:36,462: publishing ctrl
[rosout][INFO] 2022-05-05 15:44:36,482: publishing ctrl
[rosout][INFO] 2022-05-05 15:44:36,502: publishing ctrl
[rosout][INFO] 2022-05-05 15:44:36,522: publishing ctrl
[rosout][INFO] 2022-05-05 15:44:36,542: publishing ctrl
[rosout][INFO] 2022-05-05 15:44:36,562: publishing ctrl
[rosout][INFO] 2022-05-05 15:44:36,582: publishing ctrl
[rosout][INFO] 2022-05-05 15:44:36,602: publishing ctrl
[rosout][INFO] 2022-05-05 15:44:36,622: publishing ctrl
[rosout][INFO] 2022-05-05 15:44:36,642: publishing ctrl
[rosout][INFO] 2022-05-05 15:44:36,661: publishing ctrl
[rosout][INFO] 2022-05-05 15:44:36,682: publishing ctrl
[rosout][INFO] 2022-05-05 15:44:36,702: publishing ctrl
[rosout][INFO] 2022-05-05 15:44:36,722: publishing ctrl
[rosout][INFO] 2022-05-05 15:44:36,742: publishing ctrl
[rosout][INFO] 2022-05-05 15:44:36,762: publishing ctrl
[rosout][INFO] 2022-05-05 15:44:36,782: publishing ctrl
[rosout][INFO] 2022-05-05 15:44:36,802: publishing ctrl
[rosout][INFO] 2022-05-05 15:44:36,822: publishing ctrl
[rosout][INFO] 2022-05-05 15:44:36,843: publishing ctrl
[rosout][INFO] 2022-05-05 15:44:36,862: publishing ctrl
[rosout][INFO] 2022-05-05 15:44:36,882: publishing ctrl
[rosout][INFO] 2022-05-05 15:44:36,902: publishing ctrl
[rosout][INFO] 2022-05-05 15:44:36,922: publishing ctrl
[rosout][INFO] 2022-05-05 15:44:36,942: publishing ctrl
[rosout][INFO] 2022-05-05 15:44:36,962: publishing ctrl
[rosout][INFO] 2022-05-05 15:44:36,982: publishing ctrl
[rosout][INFO] 2022-05-05 15:44:37,002: publishing ctrl
[rosout][INFO] 2022-05-05 15:44:37,022: publishing ctrl
[rosout][INFO] 2022-05-05 15:44:37,042: publishing ctrl
[rosout][INFO] 2022-05-05 15:44:37,062: publishing ctrl
[rosout][INFO] 2022-05-05 15:44:37,083: publishing ctrl
[rosout][INFO] 2022-05-05 15:44:37,102: publishing ctrl
[rosout][INFO] 2022-05-05 15:44:37,122: publishing ctrl
[rosout][INFO] 2022-05-05 15:44:37,142: publishing ctrl
[rosout][INFO] 2022-05-05 15:44:37,162: publishing ctrl
[rosout][INFO] 2022-05-05 15:44:37,182: publishing ctrl
[rosout][INFO] 2022-05-05 15:44:37,202: publishing ctrl
[rosout][INFO] 2022-05-05 15:44:37,222: publishing ctrl
[rosout][INFO] 2022-05-05 15:44:37,242: publishing ctrl
[rosout][INFO] 2022-05-05 15:44:37,262: publishing ctrl
[rosout][INFO] 2022-05-05 15:44:37,282: publishing ctrl
[rosout][INFO] 2022-05-05 15:44:37,302: publishing ctrl
[rosout][INFO] 2022-05-05 15:44:37,322: publishing ctrl
[rosout][INFO] 2022-05-05 15:44:37,342: publishing ctrl
[rosout][INFO] 2022-05-05 15:44:37,362: publishing ctrl
[rosout][INFO] 2022-05-05 15:44:37,382: publishing ctrl
[rosout][INFO] 2022-05-05 15:44:37,402: publishing ctrl
[rosout][INFO] 2022-05-05 15:44:37,422: publishing ctrl
[rosout][INFO] 2022-05-05 15:44:37,442: publishing ctrl
[rosout][INFO] 2022-05-05 15:44:37,462: publishing ctrl
[rosout][INFO] 2022-05-05 15:44:37,482: publishing ctrl
[rosout][INFO] 2022-05-05 15:44:37,502: publishing ctrl
[rosout][INFO] 2022-05-05 15:44:37,522: publishing ctrl
[rosout][INFO] 2022-05-05 15:44:37,542: publishing ctrl
[rosout][INFO] 2022-05-05 15:44:37,562: publishing ctrl
[rosout][INFO] 2022-05-05 15:44:37,582: publishing ctrl
[rosout][INFO] 2022-05-05 15:44:37,602: publishing ctrl
[rosout][INFO] 2022-05-05 15:44:37,622: publishing ctrl
[rosout][INFO] 2022-05-05 15:44:37,642: publishing ctrl
[rosout][INFO] 2022-05-05 15:44:37,662: publishing ctrl
[rosout][INFO] 2022-05-05 15:44:37,682: publishing ctrl
[rosout][INFO] 2022-05-05 15:44:37,703: publishing ctrl
[rosout][INFO] 2022-05-05 15:44:37,722: publishing ctrl
[rosout][INFO] 2022-05-05 15:44:37,742: publishing ctrl
[rosout][INFO] 2022-05-05 15:44:37,762: publishing ctrl
[rosout][INFO] 2022-05-05 15:44:37,782: publishing ctrl
[rosout][INFO] 2022-05-05 15:44:37,802: publishing ctrl
[rosout][INFO] 2022-05-05 15:44:37,822: publishing ctrl
[rosout][INFO] 2022-05-05 15:44:37,843: publishing ctrl
[rosout][INFO] 2022-05-05 15:44:37,862: publishing ctrl
[rosout][INFO] 2022-05-05 15:44:37,882: publishing ctrl
[rosout][INFO] 2022-05-05 15:44:37,902: publishing ctrl
[rosout][INFO] 2022-05-05 15:44:37,922: publishing ctrl
[rosout][INFO] 2022-05-05 15:44:37,942: publishing ctrl
[rosout][INFO] 2022-05-05 15:44:37,962: publishing ctrl
[rosout][INFO] 2022-05-05 15:44:37,982: publishing ctrl
[rosout][INFO] 2022-05-05 15:44:38,002: publishing ctrl
[rosout][INFO] 2022-05-05 15:44:38,022: publishing ctrl
[rosout][INFO] 2022-05-05 15:44:38,042: publishing ctrl
[rosout][INFO] 2022-05-05 15:44:38,062: publishing ctrl
[rosout][INFO] 2022-05-05 15:44:38,082: publishing ctrl
[rosout][INFO] 2022-05-05 15:44:38,102: publishing ctrl
[rosout][INFO] 2022-05-05 15:44:38,122: publishing ctrl
[rosout][INFO] 2022-05-05 15:44:38,142: publishing ctrl
[rosout][INFO] 2022-05-05 15:44:38,162: publishing ctrl
[rosout][INFO] 2022-05-05 15:44:38,182: publishing ctrl
[rosout][INFO] 2022-05-05 15:44:38,203: publishing ctrl
[rosout][INFO] 2022-05-05 15:44:38,222: publishing ctrl
[rosout][INFO] 2022-05-05 15:44:38,242: publishing ctrl
[rosout][INFO] 2022-05-05 15:44:38,263: publishing ctrl
[rosout][INFO] 2022-05-05 15:44:38,283: publishing ctrl
[rosout][INFO] 2022-05-05 15:44:38,303: publishing ctrl
[rosout][INFO] 2022-05-05 15:44:38,322: publishing ctrl
[rosout][INFO] 2022-05-05 15:44:38,342: publishing ctrl
[rosout][INFO] 2022-05-05 15:44:38,362: publishing ctrl
[rosout][INFO] 2022-05-05 15:44:38,382: publishing ctrl
[rosout][INFO] 2022-05-05 15:44:38,403: publishing ctrl
[rosout][INFO] 2022-05-05 15:44:38,422: publishing ctrl
[rosout][INFO] 2022-05-05 15:44:38,442: publishing ctrl
[rosout][INFO] 2022-05-05 15:44:38,462: publishing ctrl
[rosout][INFO] 2022-05-05 15:44:38,482: publishing ctrl
[rosout][INFO] 2022-05-05 15:44:38,503: publishing ctrl
[rosout][INFO] 2022-05-05 15:44:38,522: publishing ctrl
[rosout][INFO] 2022-05-05 15:44:38,542: publishing ctrl
[rosout][INFO] 2022-05-05 15:44:38,563: publishing ctrl
[rosout][INFO] 2022-05-05 15:44:38,582: publishing ctrl
[rosout][INFO] 2022-05-05 15:44:38,602: publishing ctrl
[rosout][INFO] 2022-05-05 15:44:38,622: publishing ctrl
[rosout][INFO] 2022-05-05 15:44:38,642: publishing ctrl
[rosout][INFO] 2022-05-05 15:44:38,662: publishing ctrl
[rosout][INFO] 2022-05-05 15:44:38,683: publishing ctrl
[rosout][INFO] 2022-05-05 15:44:38,702: publishing ctrl
[rosout][INFO] 2022-05-05 15:44:38,722: publishing ctrl
[rosout][INFO] 2022-05-05 15:44:38,742: publishing ctrl
[rosout][INFO] 2022-05-05 15:44:38,762: publishing ctrl
[rosout][INFO] 2022-05-05 15:44:38,782: publishing ctrl
[rosout][INFO] 2022-05-05 15:44:38,802: publishing ctrl
[rosout][INFO] 2022-05-05 15:44:38,822: publishing ctrl
[rosout][INFO] 2022-05-05 15:44:38,842: publishing ctrl
[rosout][INFO] 2022-05-05 15:44:38,862: publishing ctrl
[rosout][INFO] 2022-05-05 15:44:38,882: publishing ctrl
[rosout][INFO] 2022-05-05 15:44:38,902: publishing ctrl
[rosout][INFO] 2022-05-05 15:44:38,922: publishing ctrl
[rosout][INFO] 2022-05-05 15:44:38,942: publishing ctrl
[rosout][INFO] 2022-05-05 15:44:38,962: publishing ctrl
[rosout][INFO] 2022-05-05 15:44:38,981: publishing ctrl
[rosout][INFO] 2022-05-05 15:44:39,001: publishing ctrl
[rosout][INFO] 2022-05-05 15:44:39,021: publishing ctrl
[rosout][INFO] 2022-05-05 15:44:39,042: publishing ctrl
[rosout][INFO] 2022-05-05 15:44:39,061: publishing ctrl
[rosout][INFO] 2022-05-05 15:44:39,081: publishing ctrl
[rosout][INFO] 2022-05-05 15:44:39,102: publishing ctrl
[rosout][INFO] 2022-05-05 15:44:39,122: publishing ctrl
[rosout][INFO] 2022-05-05 15:44:39,142: publishing ctrl
[rosout][INFO] 2022-05-05 15:44:39,161: publishing ctrl
[rosout][INFO] 2022-05-05 15:44:39,181: publishing ctrl
[rosout][INFO] 2022-05-05 15:44:39,202: publishing ctrl
[rosout][INFO] 2022-05-05 15:44:39,221: publishing ctrl
[rosout][INFO] 2022-05-05 15:44:39,241: publishing ctrl
[rosout][INFO] 2022-05-05 15:44:39,261: publishing ctrl
[rosout][INFO] 2022-05-05 15:44:39,282: publishing ctrl
[rosout][INFO] 2022-05-05 15:44:39,302: publishing ctrl
[rosout][INFO] 2022-05-05 15:44:39,322: publishing ctrl
[rosout][INFO] 2022-05-05 15:44:39,342: publishing ctrl
[rosout][INFO] 2022-05-05 15:44:39,362: publishing ctrl
[rosout][INFO] 2022-05-05 15:44:39,382: publishing ctrl
[rosout][INFO] 2022-05-05 15:44:39,402: publishing ctrl
[rosout][INFO] 2022-05-05 15:44:39,422: publishing ctrl
[rosout][INFO] 2022-05-05 15:44:39,443: publishing ctrl
[rosout][INFO] 2022-05-05 15:44:39,462: publishing ctrl
[rosout][INFO] 2022-05-05 15:44:39,482: publishing ctrl
[rosout][INFO] 2022-05-05 15:44:39,502: publishing ctrl
[rosout][INFO] 2022-05-05 15:44:39,522: publishing ctrl
[rosout][INFO] 2022-05-05 15:44:39,542: publishing ctrl
[rosout][INFO] 2022-05-05 15:44:39,561: publishing ctrl
[rosout][INFO] 2022-05-05 15:44:39,581: publishing ctrl
[rosout][INFO] 2022-05-05 15:44:39,601: publishing ctrl
[rosout][INFO] 2022-05-05 15:44:39,622: publishing ctrl
[rosout][INFO] 2022-05-05 15:44:39,642: publishing ctrl
[rosout][INFO] 2022-05-05 15:44:39,662: publishing ctrl
[rosout][INFO] 2022-05-05 15:44:39,681: publishing ctrl
[rosout][INFO] 2022-05-05 15:44:39,701: publishing ctrl
[rosout][INFO] 2022-05-05 15:44:39,721: publishing ctrl
[rosout][INFO] 2022-05-05 15:44:39,741: publishing ctrl
[rosout][INFO] 2022-05-05 15:44:39,762: publishing ctrl
[rosout][INFO] 2022-05-05 15:44:39,781: publishing ctrl
[rosout][INFO] 2022-05-05 15:44:39,801: publishing ctrl
[rosout][INFO] 2022-05-05 15:44:39,822: publishing ctrl
[rosout][INFO] 2022-05-05 15:44:39,841: publishing ctrl
[rosout][INFO] 2022-05-05 15:44:39,862: publishing ctrl
[rosout][INFO] 2022-05-05 15:44:39,882: publishing ctrl
[rosout][INFO] 2022-05-05 15:44:39,901: publishing ctrl
[rosout][INFO] 2022-05-05 15:44:39,922: publishing ctrl
[rosout][INFO] 2022-05-05 15:44:39,941: publishing ctrl
[rosout][INFO] 2022-05-05 15:44:39,961: publishing ctrl
[rosout][INFO] 2022-05-05 15:44:39,982: publishing ctrl
[rosout][INFO] 2022-05-05 15:44:40,001: publishing ctrl
[rosout][INFO] 2022-05-05 15:44:40,021: publishing ctrl
[rosout][INFO] 2022-05-05 15:44:40,041: publishing ctrl
[rosout][INFO] 2022-05-05 15:44:40,062: publishing ctrl
[rosout][INFO] 2022-05-05 15:44:40,082: publishing ctrl
[rosout][INFO] 2022-05-05 15:44:40,103: publishing ctrl
[rosout][INFO] 2022-05-05 15:44:40,122: publishing ctrl
[rosout][INFO] 2022-05-05 15:44:40,142: publishing ctrl
[rosout][INFO] 2022-05-05 15:44:40,162: publishing ctrl
[rosout][INFO] 2022-05-05 15:44:40,181: publishing ctrl
[rosout][INFO] 2022-05-05 15:44:40,202: publishing ctrl
[rosout][INFO] 2022-05-05 15:44:40,222: publishing ctrl
[rosout][INFO] 2022-05-05 15:44:40,242: publishing ctrl
[rosout][INFO] 2022-05-05 15:44:40,262: publishing ctrl
[rosout][INFO] 2022-05-05 15:44:40,281: publishing ctrl
[rosout][INFO] 2022-05-05 15:44:40,301: publishing ctrl
[rosout][INFO] 2022-05-05 15:44:40,321: publishing ctrl
[rosout][INFO] 2022-05-05 15:44:40,341: publishing ctrl
[rosout][INFO] 2022-05-05 15:44:40,362: publishing ctrl
[rosout][INFO] 2022-05-05 15:44:40,382: publishing ctrl
[rosout][INFO] 2022-05-05 15:44:40,402: publishing ctrl
[rosout][INFO] 2022-05-05 15:44:40,422: publishing ctrl
[rosout][INFO] 2022-05-05 15:44:40,442: publishing ctrl
[rosout][INFO] 2022-05-05 15:44:40,462: publishing ctrl
[rosout][INFO] 2022-05-05 15:44:40,482: publishing ctrl
[rosout][INFO] 2022-05-05 15:44:40,502: publishing ctrl
[rosout][INFO] 2022-05-05 15:44:40,523: publishing ctrl
[rosout][INFO] 2022-05-05 15:44:40,542: publishing ctrl
[rosout][INFO] 2022-05-05 15:44:40,562: publishing ctrl
[rosout][INFO] 2022-05-05 15:44:40,582: publishing ctrl
[rosout][INFO] 2022-05-05 15:44:40,602: publishing ctrl
[rosout][INFO] 2022-05-05 15:44:40,622: publishing ctrl
[rosout][INFO] 2022-05-05 15:44:40,642: publishing ctrl
[rosout][INFO] 2022-05-05 15:44:40,662: publishing ctrl
[rosout][INFO] 2022-05-05 15:44:40,682: publishing ctrl
[rosout][INFO] 2022-05-05 15:44:40,702: publishing ctrl
[rosout][INFO] 2022-05-05 15:44:40,723: publishing ctrl
[rosout][INFO] 2022-05-05 15:44:40,742: publishing ctrl
[rosout][INFO] 2022-05-05 15:44:40,762: publishing ctrl
[rosout][INFO] 2022-05-05 15:44:40,782: publishing ctrl
[rosout][INFO] 2022-05-05 15:44:40,802: publishing ctrl
[rosout][INFO] 2022-05-05 15:44:40,822: publishing ctrl
[rosout][INFO] 2022-05-05 15:44:40,842: publishing ctrl
[rosout][INFO] 2022-05-05 15:44:40,862: publishing ctrl
[rosout][INFO] 2022-05-05 15:44:40,882: publishing ctrl
[rosout][INFO] 2022-05-05 15:44:40,903: publishing ctrl
[rosout][INFO] 2022-05-05 15:44:40,922: publishing ctrl
[rosout][INFO] 2022-05-05 15:44:40,942: publishing ctrl
[rosout][INFO] 2022-05-05 15:44:40,962: publishing ctrl
[rosout][INFO] 2022-05-05 15:44:40,983: publishing ctrl
[rosout][INFO] 2022-05-05 15:44:41,002: publishing ctrl
[rosout][INFO] 2022-05-05 15:44:41,022: publishing ctrl
[rosout][INFO] 2022-05-05 15:44:41,043: publishing ctrl
[rosout][INFO] 2022-05-05 15:44:41,062: publishing ctrl
[rosout][INFO] 2022-05-05 15:44:41,082: publishing ctrl
[rosout][INFO] 2022-05-05 15:44:41,102: publishing ctrl
[rosout][INFO] 2022-05-05 15:44:41,122: publishing ctrl
[rosout][INFO] 2022-05-05 15:44:41,142: publishing ctrl
[rosout][INFO] 2022-05-05 15:44:41,162: publishing ctrl
[rosout][INFO] 2022-05-05 15:44:41,182: publishing ctrl
[rosout][INFO] 2022-05-05 15:44:41,202: publishing ctrl
[rosout][INFO] 2022-05-05 15:44:41,222: publishing ctrl
[rosout][INFO] 2022-05-05 15:44:41,241: publishing ctrl
[rosout][INFO] 2022-05-05 15:44:41,262: publishing ctrl
[rosout][INFO] 2022-05-05 15:44:41,281: publishing ctrl
[rosout][INFO] 2022-05-05 15:44:41,302: publishing ctrl
[rosout][INFO] 2022-05-05 15:44:41,322: publishing ctrl
[rosout][INFO] 2022-05-05 15:44:41,341: publishing ctrl
[rosout][INFO] 2022-05-05 15:44:41,362: publishing ctrl
[rosout][INFO] 2022-05-05 15:44:41,382: publishing ctrl
[rosout][INFO] 2022-05-05 15:44:41,401: publishing ctrl
[rosout][INFO] 2022-05-05 15:44:41,421: publishing ctrl
[rosout][INFO] 2022-05-05 15:44:41,442: publishing ctrl
[rosout][INFO] 2022-05-05 15:44:41,462: publishing ctrl
[rosout][INFO] 2022-05-05 15:44:41,482: publishing ctrl
[rosout][INFO] 2022-05-05 15:44:41,502: publishing ctrl
[rosout][INFO] 2022-05-05 15:44:41,523: publishing ctrl
[rosout][INFO] 2022-05-05 15:44:41,542: publishing ctrl
[rosout][INFO] 2022-05-05 15:44:41,562: publishing ctrl
[rosout][INFO] 2022-05-05 15:44:41,582: publishing ctrl
[rosout][INFO] 2022-05-05 15:44:41,602: publishing ctrl
[rosout][INFO] 2022-05-05 15:44:41,622: publishing ctrl
[rosout][INFO] 2022-05-05 15:44:41,642: publishing ctrl
[rosout][INFO] 2022-05-05 15:44:41,662: publishing ctrl
[rosout][INFO] 2022-05-05 15:44:41,682: publishing ctrl
[rosout][INFO] 2022-05-05 15:44:41,702: publishing ctrl
[rosout][INFO] 2022-05-05 15:44:41,722: publishing ctrl
[rosout][INFO] 2022-05-05 15:44:41,742: publishing ctrl
[rosout][INFO] 2022-05-05 15:44:41,762: publishing ctrl
[rosout][INFO] 2022-05-05 15:44:41,782: publishing ctrl
[rosout][INFO] 2022-05-05 15:44:41,802: publishing ctrl
[rosout][INFO] 2022-05-05 15:44:41,822: publishing ctrl
[rosout][INFO] 2022-05-05 15:44:41,842: publishing ctrl
[rosout][INFO] 2022-05-05 15:44:41,862: publishing ctrl
[rosout][INFO] 2022-05-05 15:44:41,882: publishing ctrl
[rosout][INFO] 2022-05-05 15:44:41,902: publishing ctrl
[rosout][INFO] 2022-05-05 15:44:41,922: publishing ctrl
[rosout][INFO] 2022-05-05 15:44:41,942: publishing ctrl
[rosout][INFO] 2022-05-05 15:44:41,962: publishing ctrl
[rosout][INFO] 2022-05-05 15:44:41,982: publishing ctrl
[rosout][INFO] 2022-05-05 15:44:42,002: publishing ctrl
[rosout][INFO] 2022-05-05 15:44:42,022: publishing ctrl
[rosout][INFO] 2022-05-05 15:44:42,042: publishing ctrl
[rosout][INFO] 2022-05-05 15:44:42,062: publishing ctrl
[rosout][INFO] 2022-05-05 15:44:42,082: publishing ctrl
[rosout][INFO] 2022-05-05 15:44:42,102: publishing ctrl
[rosout][INFO] 2022-05-05 15:44:42,122: publishing ctrl
[rosout][INFO] 2022-05-05 15:44:42,142: publishing ctrl
[rosout][INFO] 2022-05-05 15:44:42,162: publishing ctrl
[rosout][INFO] 2022-05-05 15:44:42,182: publishing ctrl
[rosout][INFO] 2022-05-05 15:44:42,202: publishing ctrl
[rosout][INFO] 2022-05-05 15:44:42,223: publishing ctrl
[rosout][INFO] 2022-05-05 15:44:42,242: publishing ctrl
[rosout][INFO] 2022-05-05 15:44:42,262: publishing ctrl
[rosout][INFO] 2022-05-05 15:44:42,282: publishing ctrl
[rosout][INFO] 2022-05-05 15:44:42,303: publishing ctrl
[rosout][INFO] 2022-05-05 15:44:42,322: publishing ctrl
[rosout][INFO] 2022-05-05 15:44:42,342: publishing ctrl
[rosout][INFO] 2022-05-05 15:44:42,362: publishing ctrl
[rosout][INFO] 2022-05-05 15:44:42,382: publishing ctrl
[rosout][INFO] 2022-05-05 15:44:42,402: publishing ctrl
[rosout][INFO] 2022-05-05 15:44:42,422: publishing ctrl
[rosout][INFO] 2022-05-05 15:44:42,442: publishing ctrl
[rosout][INFO] 2022-05-05 15:44:42,461: publishing ctrl
[rosout][INFO] 2022-05-05 15:44:42,481: publishing ctrl
[rosout][INFO] 2022-05-05 15:44:42,502: publishing ctrl
[rosout][INFO] 2022-05-05 15:44:42,521: publishing ctrl
[rosout][INFO] 2022-05-05 15:44:42,542: publishing ctrl
[rosout][INFO] 2022-05-05 15:44:42,561: publishing ctrl
[rosout][INFO] 2022-05-05 15:44:42,581: publishing ctrl
[rosout][INFO] 2022-05-05 15:44:42,602: publishing ctrl
[rosout][INFO] 2022-05-05 15:44:42,622: publishing ctrl
[rosout][INFO] 2022-05-05 15:44:42,642: publishing ctrl
[rosout][INFO] 2022-05-05 15:44:42,662: publishing ctrl
[rosout][INFO] 2022-05-05 15:44:42,682: publishing ctrl
[rosout][INFO] 2022-05-05 15:44:42,702: publishing ctrl
[rosout][INFO] 2022-05-05 15:44:42,722: publishing ctrl
[rosout][INFO] 2022-05-05 15:44:42,742: publishing ctrl
[rosout][INFO] 2022-05-05 15:44:42,762: publishing ctrl
[rosout][INFO] 2022-05-05 15:44:42,782: publishing ctrl
[rosout][INFO] 2022-05-05 15:44:42,802: publishing ctrl
[rosout][INFO] 2022-05-05 15:44:42,822: publishing ctrl
[rosout][INFO] 2022-05-05 15:44:42,842: publishing ctrl
[rosout][INFO] 2022-05-05 15:44:42,862: publishing ctrl
[rosout][INFO] 2022-05-05 15:44:42,882: publishing ctrl
[rosout][INFO] 2022-05-05 15:44:42,902: publishing ctrl
[rosout][INFO] 2022-05-05 15:44:42,922: publishing ctrl
[rosout][INFO] 2022-05-05 15:44:42,942: publishing ctrl
[rosout][INFO] 2022-05-05 15:44:42,962: publishing ctrl
[rosout][INFO] 2022-05-05 15:44:42,982: publishing ctrl
[rosout][INFO] 2022-05-05 15:44:43,002: publishing ctrl
[rosout][INFO] 2022-05-05 15:44:43,022: publishing ctrl
[rosout][INFO] 2022-05-05 15:44:43,042: publishing ctrl
[rosout][INFO] 2022-05-05 15:44:43,062: publishing ctrl
[rosout][INFO] 2022-05-05 15:44:43,082: publishing ctrl
[rosout][INFO] 2022-05-05 15:44:43,102: publishing ctrl
[rosout][INFO] 2022-05-05 15:44:43,122: publishing ctrl
[rosout][INFO] 2022-05-05 15:44:43,142: publishing ctrl
[rosout][INFO] 2022-05-05 15:44:43,162: publishing ctrl
[rosout][INFO] 2022-05-05 15:44:43,182: publishing ctrl
[rosout][INFO] 2022-05-05 15:44:43,202: publishing ctrl
[rosout][INFO] 2022-05-05 15:44:43,222: publishing ctrl
[rosout][INFO] 2022-05-05 15:44:43,242: publishing ctrl
[rosout][INFO] 2022-05-05 15:44:43,262: publishing ctrl
[rosout][INFO] 2022-05-05 15:44:43,282: publishing ctrl
[rosout][INFO] 2022-05-05 15:44:43,302: publishing ctrl
[rosout][INFO] 2022-05-05 15:44:43,322: publishing ctrl
[rosout][INFO] 2022-05-05 15:44:43,341: publishing ctrl
[rosout][INFO] 2022-05-05 15:44:43,362: publishing ctrl
[rosout][INFO] 2022-05-05 15:44:43,382: publishing ctrl
[rosout][INFO] 2022-05-05 15:44:43,402: publishing ctrl
[rosout][INFO] 2022-05-05 15:44:43,422: publishing ctrl
[rosout][INFO] 2022-05-05 15:44:43,442: publishing ctrl
[rosout][INFO] 2022-05-05 15:44:43,461: publishing ctrl
[rosout][INFO] 2022-05-05 15:44:43,482: publishing ctrl
[rosout][INFO] 2022-05-05 15:44:43,502: publishing ctrl
[rosout][INFO] 2022-05-05 15:44:43,521: publishing ctrl
[rosout][INFO] 2022-05-05 15:44:43,542: publishing ctrl
[rosout][INFO] 2022-05-05 15:44:43,561: publishing ctrl
[rosout][INFO] 2022-05-05 15:44:43,582: publishing ctrl
[rosout][INFO] 2022-05-05 15:44:43,602: publishing ctrl
[rosout][INFO] 2022-05-05 15:44:43,622: publishing ctrl
[rosout][INFO] 2022-05-05 15:44:43,642: publishing ctrl
[rosout][INFO] 2022-05-05 15:44:43,662: publishing ctrl
[rosout][INFO] 2022-05-05 15:44:43,682: publishing ctrl
[rosout][INFO] 2022-05-05 15:44:43,702: publishing ctrl
[rosout][INFO] 2022-05-05 15:44:43,723: publishing ctrl
[rosout][INFO] 2022-05-05 15:44:43,742: publishing ctrl
[rosout][INFO] 2022-05-05 15:44:43,762: publishing ctrl
[rosout][INFO] 2022-05-05 15:44:43,782: publishing ctrl
[rosout][INFO] 2022-05-05 15:44:43,802: publishing ctrl
[rosout][INFO] 2022-05-05 15:44:43,822: publishing ctrl
[rosout][INFO] 2022-05-05 15:44:43,843: publishing ctrl
[rosout][INFO] 2022-05-05 15:44:43,862: publishing ctrl
[rosout][INFO] 2022-05-05 15:44:43,882: publishing ctrl
[rosout][INFO] 2022-05-05 15:44:43,902: publishing ctrl
[rosout][INFO] 2022-05-05 15:44:43,922: publishing ctrl
[rosout][INFO] 2022-05-05 15:44:43,942: publishing ctrl
[rosout][INFO] 2022-05-05 15:44:43,962: publishing ctrl
[rosout][INFO] 2022-05-05 15:44:43,982: publishing ctrl
[rosout][INFO] 2022-05-05 15:44:44,002: publishing ctrl
[rosout][INFO] 2022-05-05 15:44:44,022: publishing ctrl
[rosout][INFO] 2022-05-05 15:44:44,042: publishing ctrl
[rosout][INFO] 2022-05-05 15:44:44,062: publishing ctrl
[rosout][INFO] 2022-05-05 15:44:44,083: publishing ctrl
[rosout][INFO] 2022-05-05 15:44:44,103: publishing ctrl
[rosout][INFO] 2022-05-05 15:44:44,122: publishing ctrl
[rosout][INFO] 2022-05-05 15:44:44,142: publishing ctrl
[rosout][INFO] 2022-05-05 15:44:44,162: publishing ctrl
[rosout][INFO] 2022-05-05 15:44:44,182: publishing ctrl
[rosout][INFO] 2022-05-05 15:44:44,202: publishing ctrl
[rosout][INFO] 2022-05-05 15:44:44,222: publishing ctrl
[rosout][INFO] 2022-05-05 15:44:44,242: publishing ctrl
[rosout][INFO] 2022-05-05 15:44:44,262: publishing ctrl
[rosout][INFO] 2022-05-05 15:44:44,282: publishing ctrl
[rosout][INFO] 2022-05-05 15:44:44,302: publishing ctrl
[rosout][INFO] 2022-05-05 15:44:44,322: publishing ctrl
[rosout][INFO] 2022-05-05 15:44:44,342: publishing ctrl
[rosout][INFO] 2022-05-05 15:44:44,362: publishing ctrl
[rosout][INFO] 2022-05-05 15:44:44,382: publishing ctrl
[rosout][INFO] 2022-05-05 15:44:44,402: publishing ctrl
[rosout][INFO] 2022-05-05 15:44:44,422: publishing ctrl
[rosout][INFO] 2022-05-05 15:44:44,442: publishing ctrl
[rosout][INFO] 2022-05-05 15:44:44,462: publishing ctrl
[rosout][INFO] 2022-05-05 15:44:44,482: publishing ctrl
[rosout][INFO] 2022-05-05 15:44:44,502: publishing ctrl
[rosout][INFO] 2022-05-05 15:44:44,522: publishing ctrl
[rosout][INFO] 2022-05-05 15:44:44,542: publishing ctrl
[rosout][INFO] 2022-05-05 15:44:44,563: publishing ctrl
[rosout][INFO] 2022-05-05 15:44:44,582: publishing ctrl
[rosout][INFO] 2022-05-05 15:44:44,602: publishing ctrl
[rosout][INFO] 2022-05-05 15:44:44,622: publishing ctrl
[rosout][INFO] 2022-05-05 15:44:44,643: publishing ctrl
[rosout][INFO] 2022-05-05 15:44:44,662: publishing ctrl
[rosout][INFO] 2022-05-05 15:44:44,682: publishing ctrl
[rosout][INFO] 2022-05-05 15:44:44,702: publishing ctrl
[rosout][INFO] 2022-05-05 15:44:44,722: publishing ctrl
[rosout][INFO] 2022-05-05 15:44:44,742: publishing ctrl
[rosout][INFO] 2022-05-05 15:44:44,762: publishing ctrl
[rosout][INFO] 2022-05-05 15:44:44,782: publishing ctrl
[rosout][INFO] 2022-05-05 15:44:44,802: publishing ctrl
[rosout][INFO] 2022-05-05 15:44:44,823: publishing ctrl
[rosout][INFO] 2022-05-05 15:44:44,842: publishing ctrl
[rosout][INFO] 2022-05-05 15:44:44,862: publishing ctrl
[rosout][INFO] 2022-05-05 15:44:44,882: publishing ctrl
[rosout][INFO] 2022-05-05 15:44:44,902: publishing ctrl
[rosout][INFO] 2022-05-05 15:44:44,922: publishing ctrl
[rosout][INFO] 2022-05-05 15:44:44,942: publishing ctrl
[rosout][INFO] 2022-05-05 15:44:44,962: publishing ctrl
[rosout][INFO] 2022-05-05 15:44:44,982: publishing ctrl
[rosout][INFO] 2022-05-05 15:44:45,002: publishing ctrl
[rosout][INFO] 2022-05-05 15:44:45,022: publishing ctrl
[rosout][INFO] 2022-05-05 15:44:45,042: publishing ctrl
[rosout][INFO] 2022-05-05 15:44:45,063: publishing ctrl
[rosout][INFO] 2022-05-05 15:44:45,082: publishing ctrl
[rosout][INFO] 2022-05-05 15:44:45,102: publishing ctrl
[rosout][INFO] 2022-05-05 15:44:45,122: publishing ctrl
[rosout][INFO] 2022-05-05 15:44:45,142: publishing ctrl
[rosout][INFO] 2022-05-05 15:44:45,162: publishing ctrl
[rosout][INFO] 2022-05-05 15:44:45,182: publishing ctrl
[rosout][INFO] 2022-05-05 15:44:45,202: publishing ctrl
[rosout][INFO] 2022-05-05 15:44:45,222: publishing ctrl
[rosout][INFO] 2022-05-05 15:44:45,242: publishing ctrl
[rosout][INFO] 2022-05-05 15:44:45,262: publishing ctrl
[rosout][INFO] 2022-05-05 15:44:45,283: publishing ctrl
[rosout][INFO] 2022-05-05 15:44:45,302: publishing ctrl
[rosout][INFO] 2022-05-05 15:44:45,322: publishing ctrl
[rosout][INFO] 2022-05-05 15:44:45,343: publishing ctrl
[rosout][INFO] 2022-05-05 15:44:45,362: publishing ctrl
[rosout][INFO] 2022-05-05 15:44:45,382: publishing ctrl
[rosout][INFO] 2022-05-05 15:44:45,403: publishing ctrl
[rosout][INFO] 2022-05-05 15:44:45,422: publishing ctrl
[rosout][INFO] 2022-05-05 15:44:45,442: publishing ctrl
[rosout][INFO] 2022-05-05 15:44:45,462: publishing ctrl
[rosout][INFO] 2022-05-05 15:44:45,483: publishing ctrl
[rosout][INFO] 2022-05-05 15:44:45,502: publishing ctrl
[rosout][INFO] 2022-05-05 15:44:45,522: publishing ctrl
[rosout][INFO] 2022-05-05 15:44:45,542: publishing ctrl
[rosout][INFO] 2022-05-05 15:44:45,563: publishing ctrl
[rosout][INFO] 2022-05-05 15:44:45,582: publishing ctrl
[rosout][INFO] 2022-05-05 15:44:45,603: publishing ctrl
[rosout][INFO] 2022-05-05 15:44:45,622: publishing ctrl
[rosout][INFO] 2022-05-05 15:44:45,642: publishing ctrl
[rosout][INFO] 2022-05-05 15:44:45,662: publishing ctrl
[rosout][INFO] 2022-05-05 15:44:45,683: publishing ctrl
[rosout][INFO] 2022-05-05 15:44:45,702: publishing ctrl
[rosout][INFO] 2022-05-05 15:44:45,722: publishing ctrl
[rosout][INFO] 2022-05-05 15:44:45,743: publishing ctrl
[rosout][INFO] 2022-05-05 15:44:45,763: publishing ctrl
[rosout][INFO] 2022-05-05 15:44:45,782: publishing ctrl
[rosout][INFO] 2022-05-05 15:44:45,802: publishing ctrl
[rosout][INFO] 2022-05-05 15:44:45,822: publishing ctrl
[rosout][INFO] 2022-05-05 15:44:45,842: publishing ctrl
[rosout][INFO] 2022-05-05 15:44:45,862: publishing ctrl
[rosout][INFO] 2022-05-05 15:44:45,882: publishing ctrl
[rosout][INFO] 2022-05-05 15:44:45,903: publishing ctrl
[rosout][INFO] 2022-05-05 15:44:45,922: publishing ctrl
[rosout][INFO] 2022-05-05 15:44:45,942: publishing ctrl
[rosout][INFO] 2022-05-05 15:44:45,962: publishing ctrl
[rosout][INFO] 2022-05-05 15:44:45,982: publishing ctrl
[rosout][INFO] 2022-05-05 15:44:46,002: publishing ctrl
[rosout][INFO] 2022-05-05 15:44:46,022: publishing ctrl
[rosout][INFO] 2022-05-05 15:44:46,042: publishing ctrl
[rosout][INFO] 2022-05-05 15:44:46,062: publishing ctrl
[rosout][INFO] 2022-05-05 15:44:46,082: publishing ctrl
[rosout][INFO] 2022-05-05 15:44:46,102: publishing ctrl
[rosout][INFO] 2022-05-05 15:44:46,123: publishing ctrl
[rosout][INFO] 2022-05-05 15:44:46,142: publishing ctrl
[rosout][INFO] 2022-05-05 15:44:46,162: publishing ctrl
[rosout][INFO] 2022-05-05 15:44:46,182: publishing ctrl
[rosout][INFO] 2022-05-05 15:44:46,202: publishing ctrl
[rosout][INFO] 2022-05-05 15:44:46,222: publishing ctrl
[rosout][INFO] 2022-05-05 15:44:46,242: publishing ctrl
[rosout][INFO] 2022-05-05 15:44:46,262: publishing ctrl
[rosout][INFO] 2022-05-05 15:44:46,282: publishing ctrl
[rosout][INFO] 2022-05-05 15:44:46,302: publishing ctrl
[rosout][INFO] 2022-05-05 15:44:46,322: publishing ctrl
[rosout][INFO] 2022-05-05 15:44:46,342: publishing ctrl
[rosout][INFO] 2022-05-05 15:44:46,362: publishing ctrl
[rosout][INFO] 2022-05-05 15:44:46,383: publishing ctrl
[rosout][INFO] 2022-05-05 15:44:46,402: publishing ctrl
[rosout][INFO] 2022-05-05 15:44:46,422: publishing ctrl
[rosout][INFO] 2022-05-05 15:44:46,442: publishing ctrl
[rosout][INFO] 2022-05-05 15:44:46,462: publishing ctrl
[rosout][INFO] 2022-05-05 15:44:46,482: publishing ctrl
[rosout][INFO] 2022-05-05 15:44:46,503: publishing ctrl
[rosout][INFO] 2022-05-05 15:44:46,523: publishing ctrl
[rosout][INFO] 2022-05-05 15:44:46,542: publishing ctrl
[rosout][INFO] 2022-05-05 15:44:46,562: publishing ctrl
[rosout][INFO] 2022-05-05 15:44:46,583: publishing ctrl
[rosout][INFO] 2022-05-05 15:44:46,602: publishing ctrl
[rosout][INFO] 2022-05-05 15:44:46,622: publishing ctrl
[rosout][INFO] 2022-05-05 15:44:46,642: publishing ctrl
[rosout][INFO] 2022-05-05 15:44:46,662: publishing ctrl
[rosout][INFO] 2022-05-05 15:44:46,682: publishing ctrl
[rosout][INFO] 2022-05-05 15:44:46,702: publishing ctrl
[rosout][INFO] 2022-05-05 15:44:46,722: publishing ctrl
[rosout][INFO] 2022-05-05 15:44:46,742: publishing ctrl
[rosout][INFO] 2022-05-05 15:44:46,762: publishing ctrl
[rosout][INFO] 2022-05-05 15:44:46,782: publishing ctrl
[rosout][INFO] 2022-05-05 15:44:46,803: publishing ctrl
[rosout][INFO] 2022-05-05 15:44:46,822: publishing ctrl
[rosout][INFO] 2022-05-05 15:44:46,842: publishing ctrl
[rosout][INFO] 2022-05-05 15:44:46,863: publishing ctrl
[rosout][INFO] 2022-05-05 15:44:46,882: publishing ctrl
[rosout][INFO] 2022-05-05 15:44:46,902: publishing ctrl
[rosout][INFO] 2022-05-05 15:44:46,922: publishing ctrl
[rosout][INFO] 2022-05-05 15:44:46,942: publishing ctrl
[rosout][INFO] 2022-05-05 15:44:46,962: publishing ctrl
[rosout][INFO] 2022-05-05 15:44:46,982: publishing ctrl
[rosout][INFO] 2022-05-05 15:44:47,002: publishing ctrl
[rosout][INFO] 2022-05-05 15:44:47,023: publishing ctrl
[rosout][INFO] 2022-05-05 15:44:47,042: publishing ctrl
[rosout][INFO] 2022-05-05 15:44:47,062: publishing ctrl
[rosout][INFO] 2022-05-05 15:44:47,082: publishing ctrl
[rosout][INFO] 2022-05-05 15:44:47,102: publishing ctrl
[rosout][INFO] 2022-05-05 15:44:47,122: publishing ctrl
[rosout][INFO] 2022-05-05 15:44:47,141: publishing ctrl
[rosout][INFO] 2022-05-05 15:44:47,162: publishing ctrl
[rosout][INFO] 2022-05-05 15:44:47,182: publishing ctrl
[rosout][INFO] 2022-05-05 15:44:47,201: publishing ctrl
[rosout][INFO] 2022-05-05 15:44:47,221: publishing ctrl
[rosout][INFO] 2022-05-05 15:44:47,242: publishing ctrl
[rosout][INFO] 2022-05-05 15:44:47,261: publishing ctrl
[rosout][INFO] 2022-05-05 15:44:47,282: publishing ctrl
[rosout][INFO] 2022-05-05 15:44:47,302: publishing ctrl
[rosout][INFO] 2022-05-05 15:44:47,322: publishing ctrl
[rosout][INFO] 2022-05-05 15:44:47,342: publishing ctrl
[rosout][INFO] 2022-05-05 15:44:47,362: publishing ctrl
[rosout][INFO] 2022-05-05 15:44:47,382: publishing ctrl
[rosout][INFO] 2022-05-05 15:44:47,402: publishing ctrl
[rosout][INFO] 2022-05-05 15:44:47,421: publishing ctrl
[rosout][INFO] 2022-05-05 15:44:47,442: publishing ctrl
[rosout][INFO] 2022-05-05 15:44:47,463: publishing ctrl
[rosout][INFO] 2022-05-05 15:44:47,481: publishing ctrl
[rosout][INFO] 2022-05-05 15:44:47,502: publishing ctrl
[rosout][INFO] 2022-05-05 15:44:47,521: publishing ctrl
[rosout][INFO] 2022-05-05 15:44:47,542: publishing ctrl
[rosout][INFO] 2022-05-05 15:44:47,562: publishing ctrl
[rosout][INFO] 2022-05-05 15:44:47,583: publishing ctrl
[rosout][INFO] 2022-05-05 15:44:47,601: publishing ctrl
[rosout][INFO] 2022-05-05 15:44:47,622: publishing ctrl
[rosout][INFO] 2022-05-05 15:44:47,642: publishing ctrl
[rosout][INFO] 2022-05-05 15:44:47,661: publishing ctrl
[rosout][INFO] 2022-05-05 15:44:47,681: publishing ctrl
[rosout][INFO] 2022-05-05 15:44:47,701: publishing ctrl
[rosout][INFO] 2022-05-05 15:44:47,722: publishing ctrl
[rosout][INFO] 2022-05-05 15:44:47,742: publishing ctrl
[rosout][INFO] 2022-05-05 15:44:47,761: publishing ctrl
[rosout][INFO] 2022-05-05 15:44:47,781: publishing ctrl
[rosout][INFO] 2022-05-05 15:44:47,802: publishing ctrl
[rosout][INFO] 2022-05-05 15:44:47,821: publishing ctrl
[rosout][INFO] 2022-05-05 15:44:47,841: publishing ctrl
[rosout][INFO] 2022-05-05 15:44:47,863: publishing ctrl
[rosout][INFO] 2022-05-05 15:44:47,883: publishing ctrl
[rosout][INFO] 2022-05-05 15:44:47,902: publishing ctrl
[rosout][INFO] 2022-05-05 15:44:47,921: publishing ctrl
[rosout][INFO] 2022-05-05 15:44:47,941: publishing ctrl
[rosout][INFO] 2022-05-05 15:44:47,961: publishing ctrl
[rosout][INFO] 2022-05-05 15:44:47,981: publishing ctrl
[rosout][INFO] 2022-05-05 15:44:48,003: publishing ctrl
[rosout][INFO] 2022-05-05 15:44:48,022: publishing ctrl
[rosout][INFO] 2022-05-05 15:44:48,042: publishing ctrl
[rosout][INFO] 2022-05-05 15:44:48,062: publishing ctrl
[rosout][INFO] 2022-05-05 15:44:48,082: publishing ctrl
[rosout][INFO] 2022-05-05 15:44:48,102: publishing ctrl
[rosout][INFO] 2022-05-05 15:44:48,121: publishing ctrl
[rosout][INFO] 2022-05-05 15:44:48,142: publishing ctrl
[rosout][INFO] 2022-05-05 15:44:48,163: publishing ctrl
[rosout][INFO] 2022-05-05 15:44:48,182: publishing ctrl
[rosout][INFO] 2022-05-05 15:44:48,202: publishing ctrl
[rosout][INFO] 2022-05-05 15:44:48,221: publishing ctrl
[rosout][INFO] 2022-05-05 15:44:48,241: publishing ctrl
[rosout][INFO] 2022-05-05 15:44:48,262: publishing ctrl
[rosout][INFO] 2022-05-05 15:44:48,282: publishing ctrl
[rosout][INFO] 2022-05-05 15:44:48,302: publishing ctrl
[rosout][INFO] 2022-05-05 15:44:48,322: publishing ctrl
[rosout][INFO] 2022-05-05 15:44:48,341: publishing ctrl
[rosout][INFO] 2022-05-05 15:44:48,362: publishing ctrl
[rosout][INFO] 2022-05-05 15:44:48,381: publishing ctrl
[rosout][INFO] 2022-05-05 15:44:48,402: publishing ctrl
[rosout][INFO] 2022-05-05 15:44:48,421: publishing ctrl
[rosout][INFO] 2022-05-05 15:44:48,442: publishing ctrl
[rosout][INFO] 2022-05-05 15:44:48,461: publishing ctrl
[rosout][INFO] 2022-05-05 15:44:48,482: publishing ctrl
[rosout][INFO] 2022-05-05 15:44:48,501: publishing ctrl
[rosout][INFO] 2022-05-05 15:44:48,522: publishing ctrl
[rosout][INFO] 2022-05-05 15:44:48,542: publishing ctrl
[rosout][INFO] 2022-05-05 15:44:48,562: publishing ctrl
[rosout][INFO] 2022-05-05 15:44:48,581: publishing ctrl
[rosout][INFO] 2022-05-05 15:44:48,601: publishing ctrl
[rosout][INFO] 2022-05-05 15:44:48,623: publishing ctrl
[rosout][INFO] 2022-05-05 15:44:48,641: publishing ctrl
[rosout][INFO] 2022-05-05 15:44:48,663: publishing ctrl
[rosout][INFO] 2022-05-05 15:44:48,681: publishing ctrl
[rosout][INFO] 2022-05-05 15:44:48,703: publishing ctrl
[rosout][INFO] 2022-05-05 15:44:48,722: publishing ctrl
[rosout][INFO] 2022-05-05 15:44:48,742: publishing ctrl
[rosout][INFO] 2022-05-05 15:44:48,761: publishing ctrl
[rosout][INFO] 2022-05-05 15:44:48,781: publishing ctrl
[rosout][INFO] 2022-05-05 15:44:48,802: publishing ctrl
[rosout][INFO] 2022-05-05 15:44:48,821: publishing ctrl
[rosout][INFO] 2022-05-05 15:44:48,841: publishing ctrl
[rosout][INFO] 2022-05-05 15:44:48,862: publishing ctrl
[rosout][INFO] 2022-05-05 15:44:48,882: publishing ctrl
[rosout][INFO] 2022-05-05 15:44:48,902: publishing ctrl
[rosout][INFO] 2022-05-05 15:44:48,922: publishing ctrl
[rosout][INFO] 2022-05-05 15:44:48,942: publishing ctrl
[rosout][INFO] 2022-05-05 15:44:48,962: publishing ctrl
[rosout][INFO] 2022-05-05 15:44:48,984: publishing ctrl
[rosout][INFO] 2022-05-05 15:44:49,002: publishing ctrl
[rosout][INFO] 2022-05-05 15:44:49,021: publishing ctrl
[rosout][INFO] 2022-05-05 15:44:49,041: publishing ctrl
[rosout][INFO] 2022-05-05 15:44:49,062: publishing ctrl
[rosout][INFO] 2022-05-05 15:44:49,082: publishing ctrl
[rosout][INFO] 2022-05-05 15:44:49,103: publishing ctrl
[rosout][INFO] 2022-05-05 15:44:49,122: publishing ctrl
[rosout][INFO] 2022-05-05 15:44:49,141: publishing ctrl
[rosout][INFO] 2022-05-05 15:44:49,162: publishing ctrl
[rosout][INFO] 2022-05-05 15:44:49,182: publishing ctrl
[rosout][INFO] 2022-05-05 15:44:49,202: publishing ctrl
[rosout][INFO] 2022-05-05 15:44:49,222: publishing ctrl
[rosout][INFO] 2022-05-05 15:44:49,242: publishing ctrl
[rosout][INFO] 2022-05-05 15:44:49,262: publishing ctrl
[rosout][INFO] 2022-05-05 15:44:49,282: publishing ctrl
[rosout][INFO] 2022-05-05 15:44:49,301: publishing ctrl
[rosout][INFO] 2022-05-05 15:44:49,321: publishing ctrl
[rosout][INFO] 2022-05-05 15:44:49,342: publishing ctrl
[rosout][INFO] 2022-05-05 15:44:49,362: publishing ctrl
[rosout][INFO] 2022-05-05 15:44:49,382: publishing ctrl
[rosout][INFO] 2022-05-05 15:44:49,402: publishing ctrl
[rosout][INFO] 2022-05-05 15:44:49,422: publishing ctrl
[rosout][INFO] 2022-05-05 15:44:49,442: publishing ctrl
[rosout][INFO] 2022-05-05 15:44:49,462: publishing ctrl
[rosout][INFO] 2022-05-05 15:44:49,482: publishing ctrl
[rosout][INFO] 2022-05-05 15:44:49,502: publishing ctrl
[rosout][INFO] 2022-05-05 15:44:49,521: publishing ctrl
[rosout][INFO] 2022-05-05 15:44:49,542: publishing ctrl
[rosout][INFO] 2022-05-05 15:44:49,562: publishing ctrl
[rosout][INFO] 2022-05-05 15:44:49,582: publishing ctrl
[rosout][INFO] 2022-05-05 15:44:49,602: publishing ctrl
[rosout][INFO] 2022-05-05 15:44:49,621: publishing ctrl
[rosout][INFO] 2022-05-05 15:44:49,641: publishing ctrl
[rosout][INFO] 2022-05-05 15:44:49,661: publishing ctrl
[rosout][INFO] 2022-05-05 15:44:49,682: publishing ctrl
[rosout][INFO] 2022-05-05 15:44:49,702: publishing ctrl
[rosout][INFO] 2022-05-05 15:44:49,721: publishing ctrl
[rosout][INFO] 2022-05-05 15:44:49,742: publishing ctrl
[rosout][INFO] 2022-05-05 15:44:49,762: publishing ctrl
[rosout][INFO] 2022-05-05 15:44:49,782: publishing ctrl
[rosout][INFO] 2022-05-05 15:44:49,802: publishing ctrl
[rosout][INFO] 2022-05-05 15:44:49,821: publishing ctrl
[rosout][INFO] 2022-05-05 15:44:49,842: publishing ctrl
[rosout][INFO] 2022-05-05 15:44:49,862: publishing ctrl
[rosout][INFO] 2022-05-05 15:44:49,882: publishing ctrl
[rosout][INFO] 2022-05-05 15:44:49,902: publishing ctrl
[rosout][INFO] 2022-05-05 15:44:49,922: publishing ctrl
[rosout][INFO] 2022-05-05 15:44:49,942: publishing ctrl
[rosout][INFO] 2022-05-05 15:44:49,961: publishing ctrl
[rosout][INFO] 2022-05-05 15:44:49,982: publishing ctrl
[rosout][INFO] 2022-05-05 15:44:50,002: publishing ctrl
[rosout][INFO] 2022-05-05 15:44:50,022: publishing ctrl
[rosout][INFO] 2022-05-05 15:44:50,043: publishing ctrl
[rosout][INFO] 2022-05-05 15:44:50,062: publishing ctrl
[rosout][INFO] 2022-05-05 15:44:50,082: publishing ctrl
[rosout][INFO] 2022-05-05 15:44:50,102: publishing ctrl
[rosout][INFO] 2022-05-05 15:44:50,122: publishing ctrl
[rosout][INFO] 2022-05-05 15:44:50,142: publishing ctrl
[rosout][INFO] 2022-05-05 15:44:50,162: publishing ctrl
[rosout][INFO] 2022-05-05 15:44:50,182: publishing ctrl
[rosout][INFO] 2022-05-05 15:44:50,202: publishing ctrl
[rosout][INFO] 2022-05-05 15:44:50,222: publishing ctrl
[rosout][INFO] 2022-05-05 15:44:50,242: publishing ctrl
[rosout][INFO] 2022-05-05 15:44:50,262: publishing ctrl
[rosout][INFO] 2022-05-05 15:44:50,282: publishing ctrl
[rosout][INFO] 2022-05-05 15:44:50,303: publishing ctrl
[rosout][INFO] 2022-05-05 15:44:50,322: publishing ctrl
[rosout][INFO] 2022-05-05 15:44:50,342: publishing ctrl
[rosout][INFO] 2022-05-05 15:44:50,362: publishing ctrl
[rosout][INFO] 2022-05-05 15:44:50,382: publishing ctrl
[rosout][INFO] 2022-05-05 15:44:50,402: publishing ctrl
[rosout][INFO] 2022-05-05 15:44:50,422: publishing ctrl
[rosout][INFO] 2022-05-05 15:44:50,441: publishing ctrl
[rosout][INFO] 2022-05-05 15:44:50,463: publishing ctrl
[rosout][INFO] 2022-05-05 15:44:50,482: publishing ctrl
[rosout][INFO] 2022-05-05 15:44:50,502: publishing ctrl
[rosout][INFO] 2022-05-05 15:44:50,521: publishing ctrl
[rosout][INFO] 2022-05-05 15:44:50,543: publishing ctrl
[rosout][INFO] 2022-05-05 15:44:50,561: publishing ctrl
[rosout][INFO] 2022-05-05 15:44:50,582: publishing ctrl
[rosout][INFO] 2022-05-05 15:44:50,602: publishing ctrl
[rosout][INFO] 2022-05-05 15:44:50,622: publishing ctrl
[rosout][INFO] 2022-05-05 15:44:50,642: publishing ctrl
[rosout][INFO] 2022-05-05 15:44:50,662: publishing ctrl
[rosout][INFO] 2022-05-05 15:44:50,682: publishing ctrl
[rosout][INFO] 2022-05-05 15:44:50,702: publishing ctrl
[rosout][INFO] 2022-05-05 15:44:50,721: publishing ctrl
[rosout][INFO] 2022-05-05 15:44:50,742: publishing ctrl
[rosout][INFO] 2022-05-05 15:44:50,763: publishing ctrl
[rosout][INFO] 2022-05-05 15:44:50,782: publishing ctrl
[rosout][INFO] 2022-05-05 15:44:50,802: publishing ctrl
[rosout][INFO] 2022-05-05 15:44:50,822: publishing ctrl
[rosout][INFO] 2022-05-05 15:44:50,842: publishing ctrl
[rosout][INFO] 2022-05-05 15:44:50,862: publishing ctrl
[rosout][INFO] 2022-05-05 15:44:50,882: publishing ctrl
[rosout][INFO] 2022-05-05 15:44:50,901: publishing ctrl
[rosout][INFO] 2022-05-05 15:44:50,922: publishing ctrl
[rosout][INFO] 2022-05-05 15:44:50,942: publishing ctrl
[rosout][INFO] 2022-05-05 15:44:50,962: publishing ctrl
[rosout][INFO] 2022-05-05 15:44:50,982: publishing ctrl
[rosout][INFO] 2022-05-05 15:44:51,002: publishing ctrl
[rosout][INFO] 2022-05-05 15:44:51,022: publishing ctrl
[rosout][INFO] 2022-05-05 15:44:51,043: publishing ctrl
[rosout][INFO] 2022-05-05 15:44:51,062: publishing ctrl
[rosout][INFO] 2022-05-05 15:44:51,082: publishing ctrl
[rosout][INFO] 2022-05-05 15:44:51,102: publishing ctrl
[rosout][INFO] 2022-05-05 15:44:51,122: publishing ctrl
[rosout][INFO] 2022-05-05 15:44:51,142: publishing ctrl
[rosout][INFO] 2022-05-05 15:44:51,162: publishing ctrl
[rosout][INFO] 2022-05-05 15:44:51,182: publishing ctrl
[rosout][INFO] 2022-05-05 15:44:51,202: publishing ctrl
[rosout][INFO] 2022-05-05 15:44:51,221: publishing ctrl
[rosout][INFO] 2022-05-05 15:44:51,242: publishing ctrl
[rosout][INFO] 2022-05-05 15:44:51,261: publishing ctrl
[rosout][INFO] 2022-05-05 15:44:51,281: publishing ctrl
[rosout][INFO] 2022-05-05 15:44:51,302: publishing ctrl
[rosout][INFO] 2022-05-05 15:44:51,322: publishing ctrl
[rosout][INFO] 2022-05-05 15:44:51,342: publishing ctrl
[rosout][INFO] 2022-05-05 15:44:51,362: publishing ctrl
[rosout][INFO] 2022-05-05 15:44:51,381: publishing ctrl
[rosout][INFO] 2022-05-05 15:44:51,401: publishing ctrl
[rosout][INFO] 2022-05-05 15:44:51,422: publishing ctrl
[rosout][INFO] 2022-05-05 15:44:51,442: publishing ctrl
[rosout][INFO] 2022-05-05 15:44:51,462: publishing ctrl
[rosout][INFO] 2022-05-05 15:44:51,482: publishing ctrl
[rosout][INFO] 2022-05-05 15:44:51,502: publishing ctrl
[rosout][INFO] 2022-05-05 15:44:51,522: publishing ctrl
[rosout][INFO] 2022-05-05 15:44:51,542: publishing ctrl
[rosout][INFO] 2022-05-05 15:44:51,562: publishing ctrl
[rosout][INFO] 2022-05-05 15:44:51,582: publishing ctrl
[rosout][INFO] 2022-05-05 15:44:51,602: publishing ctrl
[rosout][INFO] 2022-05-05 15:44:51,622: publishing ctrl
[rosout][INFO] 2022-05-05 15:44:51,642: publishing ctrl
[rosout][INFO] 2022-05-05 15:44:51,662: publishing ctrl
[rosout][INFO] 2022-05-05 15:44:51,682: publishing ctrl
[rosout][INFO] 2022-05-05 15:44:51,702: publishing ctrl
[rosout][INFO] 2022-05-05 15:44:51,722: publishing ctrl
[rosout][INFO] 2022-05-05 15:44:51,742: publishing ctrl
[rosout][INFO] 2022-05-05 15:44:51,762: publishing ctrl
[rosout][INFO] 2022-05-05 15:44:51,782: publishing ctrl
[rosout][INFO] 2022-05-05 15:44:51,802: publishing ctrl
[rosout][INFO] 2022-05-05 15:44:51,822: publishing ctrl
[rosout][INFO] 2022-05-05 15:44:51,842: publishing ctrl
[rosout][INFO] 2022-05-05 15:44:51,862: publishing ctrl
[rosout][INFO] 2022-05-05 15:44:51,882: publishing ctrl
[rosout][INFO] 2022-05-05 15:44:51,902: publishing ctrl
[rosout][INFO] 2022-05-05 15:44:51,922: publishing ctrl
[rosout][INFO] 2022-05-05 15:44:51,942: publishing ctrl
[rosout][INFO] 2022-05-05 15:44:51,962: publishing ctrl
[rosout][INFO] 2022-05-05 15:44:51,982: publishing ctrl
[rosout][INFO] 2022-05-05 15:44:52,002: publishing ctrl
[rosout][INFO] 2022-05-05 15:44:52,022: publishing ctrl
[rosout][INFO] 2022-05-05 15:44:52,042: publishing ctrl
[rosout][INFO] 2022-05-05 15:44:52,062: publishing ctrl
[rosout][INFO] 2022-05-05 15:44:52,082: publishing ctrl
[rosout][INFO] 2022-05-05 15:44:52,102: publishing ctrl
[rosout][INFO] 2022-05-05 15:44:52,122: publishing ctrl
[rosout][INFO] 2022-05-05 15:44:52,142: publishing ctrl
[rosout][INFO] 2022-05-05 15:44:52,162: publishing ctrl
[rosout][INFO] 2022-05-05 15:44:52,181: publishing ctrl
[rosout][INFO] 2022-05-05 15:44:52,202: publishing ctrl
[rosout][INFO] 2022-05-05 15:44:52,222: publishing ctrl
[rosout][INFO] 2022-05-05 15:44:52,242: publishing ctrl
[rosout][INFO] 2022-05-05 15:44:52,262: publishing ctrl
[rosout][INFO] 2022-05-05 15:44:52,282: publishing ctrl
[rosout][INFO] 2022-05-05 15:44:52,302: publishing ctrl
[rosout][INFO] 2022-05-05 15:44:52,322: publishing ctrl
[rosout][INFO] 2022-05-05 15:44:52,342: publishing ctrl
[rosout][INFO] 2022-05-05 15:44:52,362: publishing ctrl
[rosout][INFO] 2022-05-05 15:44:52,382: publishing ctrl
[rosout][INFO] 2022-05-05 15:44:52,402: publishing ctrl
[rosout][INFO] 2022-05-05 15:44:52,422: publishing ctrl
[rosout][INFO] 2022-05-05 15:44:52,442: publishing ctrl
[rosout][INFO] 2022-05-05 15:44:52,462: publishing ctrl
[rosout][INFO] 2022-05-05 15:44:52,482: publishing ctrl
[rosout][INFO] 2022-05-05 15:44:52,502: publishing ctrl
[rosout][INFO] 2022-05-05 15:44:52,522: publishing ctrl
[rosout][INFO] 2022-05-05 15:44:52,542: publishing ctrl
[rosout][INFO] 2022-05-05 15:44:52,562: publishing ctrl
[rosout][INFO] 2022-05-05 15:44:52,582: publishing ctrl
[rosout][INFO] 2022-05-05 15:44:52,602: publishing ctrl
[rosout][INFO] 2022-05-05 15:44:52,622: publishing ctrl
[rosout][INFO] 2022-05-05 15:44:52,642: publishing ctrl
[rosout][INFO] 2022-05-05 15:44:52,662: publishing ctrl
[rosout][INFO] 2022-05-05 15:44:52,682: publishing ctrl
[rosout][INFO] 2022-05-05 15:44:52,702: publishing ctrl
[rosout][INFO] 2022-05-05 15:44:52,722: publishing ctrl
[rosout][INFO] 2022-05-05 15:44:52,742: publishing ctrl
[rosout][INFO] 2022-05-05 15:44:52,762: publishing ctrl
[rosout][INFO] 2022-05-05 15:44:52,782: publishing ctrl
[rosout][INFO] 2022-05-05 15:44:52,802: publishing ctrl
[rosout][INFO] 2022-05-05 15:44:52,822: publishing ctrl
[rosout][INFO] 2022-05-05 15:44:52,842: publishing ctrl
[rosout][INFO] 2022-05-05 15:44:52,862: publishing ctrl
[rosout][INFO] 2022-05-05 15:44:52,881: publishing ctrl
[rosout][INFO] 2022-05-05 15:44:52,902: publishing ctrl
[rosout][INFO] 2022-05-05 15:44:52,922: publishing ctrl
[rosout][INFO] 2022-05-05 15:44:52,942: publishing ctrl
[rosout][INFO] 2022-05-05 15:44:52,962: publishing ctrl
[rosout][INFO] 2022-05-05 15:44:52,982: publishing ctrl
[rosout][INFO] 2022-05-05 15:44:53,002: publishing ctrl
[rosout][INFO] 2022-05-05 15:44:53,022: publishing ctrl
[rosout][INFO] 2022-05-05 15:44:53,042: publishing ctrl
[rosout][INFO] 2022-05-05 15:44:53,062: publishing ctrl
[rosout][INFO] 2022-05-05 15:44:53,082: publishing ctrl
[rosout][INFO] 2022-05-05 15:44:53,102: publishing ctrl
[rosout][INFO] 2022-05-05 15:44:53,122: publishing ctrl
[rosout][INFO] 2022-05-05 15:44:53,142: publishing ctrl
[rosout][INFO] 2022-05-05 15:44:53,162: publishing ctrl
[rosout][INFO] 2022-05-05 15:44:53,182: publishing ctrl
[rosout][INFO] 2022-05-05 15:44:53,202: publishing ctrl
[rosout][INFO] 2022-05-05 15:44:53,222: publishing ctrl
[rosout][INFO] 2022-05-05 15:44:53,242: publishing ctrl
[rosout][INFO] 2022-05-05 15:44:53,262: publishing ctrl
[rosout][INFO] 2022-05-05 15:44:53,281: publishing ctrl
[rosout][INFO] 2022-05-05 15:44:53,302: publishing ctrl
[rosout][INFO] 2022-05-05 15:44:53,322: publishing ctrl
[rosout][INFO] 2022-05-05 15:44:53,342: publishing ctrl
[rosout][INFO] 2022-05-05 15:44:53,362: publishing ctrl
[rosout][INFO] 2022-05-05 15:44:53,382: publishing ctrl
[rosout][INFO] 2022-05-05 15:44:53,402: publishing ctrl
[rosout][INFO] 2022-05-05 15:44:53,422: publishing ctrl
[rosout][INFO] 2022-05-05 15:44:53,442: publishing ctrl
[rosout][INFO] 2022-05-05 15:44:53,462: publishing ctrl
[rosout][INFO] 2022-05-05 15:44:53,482: publishing ctrl
[rosout][INFO] 2022-05-05 15:44:53,502: publishing ctrl
[rosout][INFO] 2022-05-05 15:44:53,522: publishing ctrl
[rosout][INFO] 2022-05-05 15:44:53,542: publishing ctrl
[rosout][INFO] 2022-05-05 15:44:53,562: publishing ctrl
[rosout][INFO] 2022-05-05 15:44:53,582: publishing ctrl
[rosout][INFO] 2022-05-05 15:44:53,602: publishing ctrl
[rosout][INFO] 2022-05-05 15:44:53,622: publishing ctrl
[rosout][INFO] 2022-05-05 15:44:53,642: publishing ctrl
[rosout][INFO] 2022-05-05 15:44:53,662: publishing ctrl
[rosout][INFO] 2022-05-05 15:44:53,682: publishing ctrl
[rosout][INFO] 2022-05-05 15:44:53,702: publishing ctrl
[rosout][INFO] 2022-05-05 15:44:53,722: publishing ctrl
[rosout][INFO] 2022-05-05 15:44:53,742: publishing ctrl
[rosout][INFO] 2022-05-05 15:44:53,761: publishing ctrl
[rosout][INFO] 2022-05-05 15:44:53,782: publishing ctrl
[rosout][INFO] 2022-05-05 15:44:53,802: publishing ctrl
[rosout][INFO] 2022-05-05 15:44:53,822: publishing ctrl
[rosout][INFO] 2022-05-05 15:44:53,842: publishing ctrl
[rosout][INFO] 2022-05-05 15:44:53,862: publishing ctrl
[rosout][INFO] 2022-05-05 15:44:53,883: publishing ctrl
[rosout][INFO] 2022-05-05 15:44:53,902: publishing ctrl
[rosout][INFO] 2022-05-05 15:44:53,922: publishing ctrl
[rosout][INFO] 2022-05-05 15:44:53,942: publishing ctrl
[rosout][INFO] 2022-05-05 15:44:53,962: publishing ctrl
[rosout][INFO] 2022-05-05 15:44:53,982: publishing ctrl
[rosout][INFO] 2022-05-05 15:44:54,003: publishing ctrl
[rosout][INFO] 2022-05-05 15:44:54,022: publishing ctrl
[rosout][INFO] 2022-05-05 15:44:54,042: publishing ctrl
[rosout][INFO] 2022-05-05 15:44:54,062: publishing ctrl
[rosout][INFO] 2022-05-05 15:44:54,082: publishing ctrl
[rosout][INFO] 2022-05-05 15:44:54,102: publishing ctrl
[rosout][INFO] 2022-05-05 15:44:54,122: publishing ctrl
[rosout][INFO] 2022-05-05 15:44:54,142: publishing ctrl
[rosout][INFO] 2022-05-05 15:44:54,163: publishing ctrl
[rosout][INFO] 2022-05-05 15:44:54,182: publishing ctrl
[rosout][INFO] 2022-05-05 15:44:54,202: publishing ctrl
[rosout][INFO] 2022-05-05 15:44:54,222: publishing ctrl
[rosout][INFO] 2022-05-05 15:44:54,242: publishing ctrl
[rosout][INFO] 2022-05-05 15:44:54,261: publishing ctrl
[rosout][INFO] 2022-05-05 15:44:54,282: publishing ctrl
[rosout][INFO] 2022-05-05 15:44:54,302: publishing ctrl
[rosout][INFO] 2022-05-05 15:44:54,322: publishing ctrl
[rosout][INFO] 2022-05-05 15:44:54,342: publishing ctrl
[rosout][INFO] 2022-05-05 15:44:54,362: publishing ctrl
[rosout][INFO] 2022-05-05 15:44:54,382: publishing ctrl
[rosout][INFO] 2022-05-05 15:44:54,402: publishing ctrl
[rosout][INFO] 2022-05-05 15:44:54,422: publishing ctrl
[rosout][INFO] 2022-05-05 15:44:54,442: publishing ctrl
[rosout][INFO] 2022-05-05 15:44:54,462: publishing ctrl
[rosout][INFO] 2022-05-05 15:44:54,482: publishing ctrl
[rosout][INFO] 2022-05-05 15:44:54,502: publishing ctrl
[rosout][INFO] 2022-05-05 15:44:54,522: publishing ctrl
[rosout][INFO] 2022-05-05 15:44:54,542: publishing ctrl
[rosout][INFO] 2022-05-05 15:44:54,562: publishing ctrl
[rosout][INFO] 2022-05-05 15:44:54,582: publishing ctrl
[rosout][INFO] 2022-05-05 15:44:54,602: publishing ctrl
[rosout][INFO] 2022-05-05 15:44:54,622: publishing ctrl
[rosout][INFO] 2022-05-05 15:44:54,642: publishing ctrl
[rosout][INFO] 2022-05-05 15:44:54,662: publishing ctrl
[rosout][INFO] 2022-05-05 15:44:54,682: publishing ctrl
[rosout][INFO] 2022-05-05 15:44:54,702: publishing ctrl
[rosout][INFO] 2022-05-05 15:44:54,722: publishing ctrl
[rosout][INFO] 2022-05-05 15:44:54,742: publishing ctrl
[rosout][INFO] 2022-05-05 15:44:54,763: publishing ctrl
[rosout][INFO] 2022-05-05 15:44:54,782: publishing ctrl
[rosout][INFO] 2022-05-05 15:44:54,802: publishing ctrl
[rosout][INFO] 2022-05-05 15:44:54,822: publishing ctrl
[rosout][INFO] 2022-05-05 15:44:54,843: publishing ctrl
[rosout][INFO] 2022-05-05 15:44:54,862: publishing ctrl
[rosout][INFO] 2022-05-05 15:44:54,882: publishing ctrl
[rosout][INFO] 2022-05-05 15:44:54,902: publishing ctrl
[rosout][INFO] 2022-05-05 15:44:54,922: publishing ctrl
[rosout][INFO] 2022-05-05 15:44:54,942: publishing ctrl
[rosout][INFO] 2022-05-05 15:44:54,962: publishing ctrl
[rosout][INFO] 2022-05-05 15:44:54,982: publishing ctrl
[rosout][INFO] 2022-05-05 15:44:55,002: publishing ctrl
[rosout][INFO] 2022-05-05 15:44:55,022: publishing ctrl
[rosout][INFO] 2022-05-05 15:44:55,042: publishing ctrl
[rosout][INFO] 2022-05-05 15:44:55,062: publishing ctrl
[rosout][INFO] 2022-05-05 15:44:55,082: publishing ctrl
[rosout][INFO] 2022-05-05 15:44:55,102: publishing ctrl
[rosout][INFO] 2022-05-05 15:44:55,122: publishing ctrl
[rosout][INFO] 2022-05-05 15:44:55,142: publishing ctrl
[rosout][INFO] 2022-05-05 15:44:55,162: publishing ctrl
[rosout][INFO] 2022-05-05 15:44:55,182: publishing ctrl
[rosout][INFO] 2022-05-05 15:44:55,202: publishing ctrl
[rosout][INFO] 2022-05-05 15:44:55,222: publishing ctrl
[rosout][INFO] 2022-05-05 15:44:55,242: publishing ctrl
[rosout][INFO] 2022-05-05 15:44:55,262: publishing ctrl
[rosout][INFO] 2022-05-05 15:44:55,282: publishing ctrl
[rosout][INFO] 2022-05-05 15:44:55,301: publishing ctrl
[rosout][INFO] 2022-05-05 15:44:55,322: publishing ctrl
[rosout][INFO] 2022-05-05 15:44:55,342: publishing ctrl
[rosout][INFO] 2022-05-05 15:44:55,362: publishing ctrl
[rosout][INFO] 2022-05-05 15:44:55,382: publishing ctrl
[rosout][INFO] 2022-05-05 15:44:55,402: publishing ctrl
[rosout][INFO] 2022-05-05 15:44:55,422: publishing ctrl
[rosout][INFO] 2022-05-05 15:44:55,442: publishing ctrl
[rosout][INFO] 2022-05-05 15:44:55,462: publishing ctrl
[rosout][INFO] 2022-05-05 15:44:55,482: publishing ctrl
[rosout][INFO] 2022-05-05 15:44:55,502: publishing ctrl
[rosout][INFO] 2022-05-05 15:44:55,522: publishing ctrl
[rosout][INFO] 2022-05-05 15:44:55,542: publishing ctrl
[rosout][INFO] 2022-05-05 15:44:55,562: publishing ctrl
[rosout][INFO] 2022-05-05 15:44:55,582: publishing ctrl
[rosout][INFO] 2022-05-05 15:44:55,602: publishing ctrl
[rosout][INFO] 2022-05-05 15:44:55,622: publishing ctrl
[rosout][INFO] 2022-05-05 15:44:55,642: publishing ctrl
[rosout][INFO] 2022-05-05 15:44:55,661: publishing ctrl
[rosout][INFO] 2022-05-05 15:44:55,682: publishing ctrl
[rosout][INFO] 2022-05-05 15:44:55,702: publishing ctrl
[rosout][INFO] 2022-05-05 15:44:55,722: publishing ctrl
[rosout][INFO] 2022-05-05 15:44:55,742: publishing ctrl
[rosout][INFO] 2022-05-05 15:44:55,762: publishing ctrl
[rosout][INFO] 2022-05-05 15:44:55,782: publishing ctrl
[rosout][INFO] 2022-05-05 15:44:55,802: publishing ctrl
[rosout][INFO] 2022-05-05 15:44:55,822: publishing ctrl
[rosout][INFO] 2022-05-05 15:44:55,842: publishing ctrl
[rosout][INFO] 2022-05-05 15:44:55,862: publishing ctrl
[rosout][INFO] 2022-05-05 15:44:55,882: publishing ctrl
[rosout][INFO] 2022-05-05 15:44:55,902: publishing ctrl
[rosout][INFO] 2022-05-05 15:44:55,922: publishing ctrl
[rosout][INFO] 2022-05-05 15:44:55,942: publishing ctrl
[rosout][INFO] 2022-05-05 15:44:55,963: publishing ctrl
[rosout][INFO] 2022-05-05 15:44:55,982: publishing ctrl
[rosout][INFO] 2022-05-05 15:44:56,002: publishing ctrl
[rosout][INFO] 2022-05-05 15:44:56,022: publishing ctrl
[rosout][INFO] 2022-05-05 15:44:56,042: publishing ctrl
[rosout][INFO] 2022-05-05 15:44:56,062: publishing ctrl
[rosout][INFO] 2022-05-05 15:44:56,082: publishing ctrl
[rosout][INFO] 2022-05-05 15:44:56,103: publishing ctrl
[rosout][INFO] 2022-05-05 15:44:56,122: publishing ctrl
[rosout][INFO] 2022-05-05 15:44:56,143: publishing ctrl
[rosout][INFO] 2022-05-05 15:44:56,162: publishing ctrl
[rosout][INFO] 2022-05-05 15:44:56,182: publishing ctrl
[rosout][INFO] 2022-05-05 15:44:56,202: publishing ctrl
[rosout][INFO] 2022-05-05 15:44:56,222: publishing ctrl
[rosout][INFO] 2022-05-05 15:44:56,242: publishing ctrl
[rosout][INFO] 2022-05-05 15:44:56,262: publishing ctrl
[rosout][INFO] 2022-05-05 15:44:56,282: publishing ctrl
[rosout][INFO] 2022-05-05 15:44:56,302: publishing ctrl
[rosout][INFO] 2022-05-05 15:44:56,322: publishing ctrl
[rosout][INFO] 2022-05-05 15:44:56,342: publishing ctrl
[rosout][INFO] 2022-05-05 15:44:56,362: publishing ctrl
[rosout][INFO] 2022-05-05 15:44:56,382: publishing ctrl
[rosout][INFO] 2022-05-05 15:44:56,403: publishing ctrl
[rosout][INFO] 2022-05-05 15:44:56,422: publishing ctrl
[rosout][INFO] 2022-05-05 15:44:56,442: publishing ctrl
[rosout][INFO] 2022-05-05 15:44:56,462: publishing ctrl
[rosout][INFO] 2022-05-05 15:44:56,482: publishing ctrl
[rosout][INFO] 2022-05-05 15:44:56,502: publishing ctrl
[rosout][INFO] 2022-05-05 15:44:56,521: publishing ctrl
[rosout][INFO] 2022-05-05 15:44:56,542: publishing ctrl
[rosout][INFO] 2022-05-05 15:44:56,562: publishing ctrl
[rosout][INFO] 2022-05-05 15:44:56,582: publishing ctrl
[rosout][INFO] 2022-05-05 15:44:56,601: publishing ctrl
[rosout][INFO] 2022-05-05 15:44:56,621: publishing ctrl
[rosout][INFO] 2022-05-05 15:44:56,643: publishing ctrl
[rosout][INFO] 2022-05-05 15:44:56,662: publishing ctrl
[rosout][INFO] 2022-05-05 15:44:56,682: publishing ctrl
[rosout][INFO] 2022-05-05 15:44:56,702: publishing ctrl
[rosout][INFO] 2022-05-05 15:44:56,722: publishing ctrl
[rosout][INFO] 2022-05-05 15:44:56,741: publishing ctrl
[rosout][INFO] 2022-05-05 15:44:56,763: publishing ctrl
[rosout][INFO] 2022-05-05 15:44:56,781: publishing ctrl
[rosout][INFO] 2022-05-05 15:44:56,802: publishing ctrl
[rosout][INFO] 2022-05-05 15:44:56,823: publishing ctrl
[rosout][INFO] 2022-05-05 15:44:56,842: publishing ctrl
[rosout][INFO] 2022-05-05 15:44:56,863: publishing ctrl
[rosout][INFO] 2022-05-05 15:44:56,883: publishing ctrl
[rosout][INFO] 2022-05-05 15:44:56,903: publishing ctrl
[rospy.internal][INFO] 2022-05-05 15:44:56,916: topic[/debug_image] adding connection to [/rviz_1651779887598177430], count 0
[rosout][INFO] 2022-05-05 15:44:56,922: publishing ctrl
[rosout][INFO] 2022-05-05 15:44:56,942: publishing ctrl
[rosout][INFO] 2022-05-05 15:44:56,962: publishing ctrl
[rosout][INFO] 2022-05-05 15:44:56,982: publishing ctrl
[rosout][INFO] 2022-05-05 15:44:57,002: publishing ctrl
[rosout][INFO] 2022-05-05 15:44:57,022: publishing ctrl
[rosout][INFO] 2022-05-05 15:44:57,041: publishing ctrl
[rosout][INFO] 2022-05-05 15:44:57,062: publishing ctrl
[rosout][INFO] 2022-05-05 15:44:57,082: publishing ctrl
[rosout][INFO] 2022-05-05 15:44:57,102: publishing ctrl
[rosout][INFO] 2022-05-05 15:44:57,122: publishing ctrl
[rosout][INFO] 2022-05-05 15:44:57,142: publishing ctrl
[rosout][INFO] 2022-05-05 15:44:57,162: publishing ctrl
[rosout][INFO] 2022-05-05 15:44:57,182: publishing ctrl
[rosout][INFO] 2022-05-05 15:44:57,203: publishing ctrl
[rosout][INFO] 2022-05-05 15:44:57,222: publishing ctrl
[rosout][INFO] 2022-05-05 15:44:57,243: publishing ctrl
[rosout][INFO] 2022-05-05 15:44:57,262: publishing ctrl
[rosout][INFO] 2022-05-05 15:44:57,282: publishing ctrl
[rosout][INFO] 2022-05-05 15:44:57,302: publishing ctrl
[rosout][INFO] 2022-05-05 15:44:57,322: publishing ctrl
[rosout][INFO] 2022-05-05 15:44:57,341: publishing ctrl
[rosout][INFO] 2022-05-05 15:44:57,362: publishing ctrl
[rosout][INFO] 2022-05-05 15:44:57,382: publishing ctrl
[rosout][INFO] 2022-05-05 15:44:57,402: publishing ctrl
[rosout][INFO] 2022-05-05 15:44:57,422: publishing ctrl
[rosout][INFO] 2022-05-05 15:44:57,443: publishing ctrl
[rosout][INFO] 2022-05-05 15:44:57,462: publishing ctrl
[rosout][INFO] 2022-05-05 15:44:57,482: publishing ctrl
[rosout][INFO] 2022-05-05 15:44:57,502: publishing ctrl
[rosout][INFO] 2022-05-05 15:44:57,522: publishing ctrl
[rosout][INFO] 2022-05-05 15:44:57,542: publishing ctrl
[rosout][INFO] 2022-05-05 15:44:57,562: publishing ctrl
[rosout][INFO] 2022-05-05 15:44:57,581: publishing ctrl
[rosout][INFO] 2022-05-05 15:44:57,602: publishing ctrl
[rosout][INFO] 2022-05-05 15:44:57,622: publishing ctrl
[rosout][INFO] 2022-05-05 15:44:57,642: publishing ctrl
[rosout][INFO] 2022-05-05 15:44:57,661: publishing ctrl
[rosout][INFO] 2022-05-05 15:44:57,683: publishing ctrl
[rosout][INFO] 2022-05-05 15:44:57,702: publishing ctrl
[rosout][INFO] 2022-05-05 15:44:57,722: publishing ctrl
[rosout][INFO] 2022-05-05 15:44:57,743: publishing ctrl
[rosout][INFO] 2022-05-05 15:44:57,762: publishing ctrl
[rosout][INFO] 2022-05-05 15:44:57,782: publishing ctrl
[rosout][INFO] 2022-05-05 15:44:57,802: publishing ctrl
[rosout][INFO] 2022-05-05 15:44:57,821: publishing ctrl
[rosout][INFO] 2022-05-05 15:44:57,841: publishing ctrl
[rosout][INFO] 2022-05-05 15:44:57,863: publishing ctrl
[rosout][INFO] 2022-05-05 15:44:57,882: publishing ctrl
[rosout][INFO] 2022-05-05 15:44:57,903: publishing ctrl
[rosout][INFO] 2022-05-05 15:44:57,922: publishing ctrl
[rosout][INFO] 2022-05-05 15:44:57,942: publishing ctrl
[rosout][INFO] 2022-05-05 15:44:57,962: publishing ctrl
[rosout][INFO] 2022-05-05 15:44:57,982: publishing ctrl
[rosout][INFO] 2022-05-05 15:44:58,002: publishing ctrl
[rosout][INFO] 2022-05-05 15:44:58,022: publishing ctrl
[rosout][INFO] 2022-05-05 15:44:58,042: publishing ctrl
[rosout][INFO] 2022-05-05 15:44:58,062: publishing ctrl
[rosout][INFO] 2022-05-05 15:44:58,082: publishing ctrl
[rosout][INFO] 2022-05-05 15:44:58,102: publishing ctrl
[rosout][INFO] 2022-05-05 15:44:58,122: publishing ctrl
[rosout][INFO] 2022-05-05 15:44:58,142: publishing ctrl
[rosout][INFO] 2022-05-05 15:44:58,162: publishing ctrl
[rosout][INFO] 2022-05-05 15:44:58,182: publishing ctrl
[rosout][INFO] 2022-05-05 15:44:58,201: publishing ctrl
[rosout][INFO] 2022-05-05 15:44:58,222: publishing ctrl
[rosout][INFO] 2022-05-05 15:44:58,242: publishing ctrl
[rosout][INFO] 2022-05-05 15:44:58,262: publishing ctrl
[rosout][INFO] 2022-05-05 15:44:58,282: publishing ctrl
[rosout][INFO] 2022-05-05 15:44:58,302: publishing ctrl
[rosout][INFO] 2022-05-05 15:44:58,322: publishing ctrl
[rosout][INFO] 2022-05-05 15:44:58,342: publishing ctrl
[rosout][INFO] 2022-05-05 15:44:58,361: publishing ctrl
[rosout][INFO] 2022-05-05 15:44:58,382: publishing ctrl
[rosout][INFO] 2022-05-05 15:44:58,402: publishing ctrl
[rosout][INFO] 2022-05-05 15:44:58,421: publishing ctrl
[rosout][INFO] 2022-05-05 15:44:58,442: publishing ctrl
[rosout][INFO] 2022-05-05 15:44:58,461: publishing ctrl
[rosout][INFO] 2022-05-05 15:44:58,481: publishing ctrl
[rosout][INFO] 2022-05-05 15:44:58,502: publishing ctrl
[rosout][INFO] 2022-05-05 15:44:58,522: publishing ctrl
[rosout][INFO] 2022-05-05 15:44:58,542: publishing ctrl
[rosout][INFO] 2022-05-05 15:44:58,562: publishing ctrl
[rosout][INFO] 2022-05-05 15:44:58,581: publishing ctrl
[rosout][INFO] 2022-05-05 15:44:58,602: publishing ctrl
[rosout][INFO] 2022-05-05 15:44:58,622: publishing ctrl
[rosout][INFO] 2022-05-05 15:44:58,642: publishing ctrl
[rosout][INFO] 2022-05-05 15:44:58,661: publishing ctrl
[rosout][INFO] 2022-05-05 15:44:58,682: publishing ctrl
[rosout][INFO] 2022-05-05 15:44:58,702: publishing ctrl
[rosout][INFO] 2022-05-05 15:44:58,722: publishing ctrl
[rosout][INFO] 2022-05-05 15:44:58,742: publishing ctrl
[rosout][INFO] 2022-05-05 15:44:58,762: publishing ctrl
[rosout][INFO] 2022-05-05 15:44:58,782: publishing ctrl
[rosout][INFO] 2022-05-05 15:44:58,802: publishing ctrl
[rosout][INFO] 2022-05-05 15:44:58,823: publishing ctrl
[rosout][INFO] 2022-05-05 15:44:58,842: publishing ctrl
[rosout][INFO] 2022-05-05 15:44:58,862: publishing ctrl
[rosout][INFO] 2022-05-05 15:44:58,883: publishing ctrl
[rosout][INFO] 2022-05-05 15:44:58,901: publishing ctrl
[rosout][INFO] 2022-05-05 15:44:58,922: publishing ctrl
[rosout][INFO] 2022-05-05 15:44:58,942: publishing ctrl
[rosout][INFO] 2022-05-05 15:44:58,962: publishing ctrl
[rosout][INFO] 2022-05-05 15:44:58,982: publishing ctrl
[rosout][INFO] 2022-05-05 15:44:59,001: publishing ctrl
[rosout][INFO] 2022-05-05 15:44:59,021: publishing ctrl
[rosout][INFO] 2022-05-05 15:44:59,043: publishing ctrl
[rosout][INFO] 2022-05-05 15:44:59,061: publishing ctrl
[rosout][INFO] 2022-05-05 15:44:59,081: publishing ctrl
[rosout][INFO] 2022-05-05 15:44:59,102: publishing ctrl
[rosout][INFO] 2022-05-05 15:44:59,121: publishing ctrl
[rosout][INFO] 2022-05-05 15:44:59,142: publishing ctrl
[rosout][INFO] 2022-05-05 15:44:59,161: publishing ctrl
[rosout][INFO] 2022-05-05 15:44:59,182: publishing ctrl
[rosout][INFO] 2022-05-05 15:44:59,202: publishing ctrl
[rosout][INFO] 2022-05-05 15:44:59,222: publishing ctrl
[rosout][INFO] 2022-05-05 15:44:59,242: publishing ctrl
[rosout][INFO] 2022-05-05 15:44:59,262: publishing ctrl
[rosout][INFO] 2022-05-05 15:44:59,282: publishing ctrl
[rosout][INFO] 2022-05-05 15:44:59,302: publishing ctrl
[rosout][INFO] 2022-05-05 15:44:59,322: publishing ctrl
[rosout][INFO] 2022-05-05 15:44:59,342: publishing ctrl
[rosout][INFO] 2022-05-05 15:44:59,362: publishing ctrl
[rosout][INFO] 2022-05-05 15:44:59,381: publishing ctrl
[rosout][INFO] 2022-05-05 15:44:59,402: publishing ctrl
[rosout][INFO] 2022-05-05 15:44:59,422: publishing ctrl
[rosout][INFO] 2022-05-05 15:44:59,442: publishing ctrl
[rosout][INFO] 2022-05-05 15:44:59,461: publishing ctrl
[rosout][INFO] 2022-05-05 15:44:59,482: publishing ctrl
[rosout][INFO] 2022-05-05 15:44:59,502: publishing ctrl
[rosout][INFO] 2022-05-05 15:44:59,522: publishing ctrl
[rosout][INFO] 2022-05-05 15:44:59,542: publishing ctrl
[rosout][INFO] 2022-05-05 15:44:59,561: publishing ctrl
[rosout][INFO] 2022-05-05 15:44:59,581: publishing ctrl
[rosout][INFO] 2022-05-05 15:44:59,602: publishing ctrl
[rosout][INFO] 2022-05-05 15:44:59,622: publishing ctrl
[rosout][INFO] 2022-05-05 15:44:59,643: publishing ctrl
[rosout][INFO] 2022-05-05 15:44:59,662: publishing ctrl
[rosout][INFO] 2022-05-05 15:44:59,681: publishing ctrl
[rosout][INFO] 2022-05-05 15:44:59,702: publishing ctrl
[rosout][INFO] 2022-05-05 15:44:59,722: publishing ctrl
[rosout][INFO] 2022-05-05 15:44:59,742: publishing ctrl
[rosout][INFO] 2022-05-05 15:44:59,763: publishing ctrl
[rosout][INFO] 2022-05-05 15:44:59,781: publishing ctrl
[rosout][INFO] 2022-05-05 15:44:59,802: publishing ctrl
[rosout][INFO] 2022-05-05 15:44:59,822: publishing ctrl
[rosout][INFO] 2022-05-05 15:44:59,843: publishing ctrl
[rosout][INFO] 2022-05-05 15:44:59,862: publishing ctrl
[rosout][INFO] 2022-05-05 15:44:59,882: publishing ctrl
[rosout][INFO] 2022-05-05 15:44:59,902: publishing ctrl
[rosout][INFO] 2022-05-05 15:44:59,922: publishing ctrl
[rosout][INFO] 2022-05-05 15:44:59,942: publishing ctrl
[rosout][INFO] 2022-05-05 15:44:59,962: publishing ctrl
[rosout][INFO] 2022-05-05 15:44:59,982: publishing ctrl
[rosout][INFO] 2022-05-05 15:45:00,002: publishing ctrl
[rosout][INFO] 2022-05-05 15:45:00,022: publishing ctrl
[rosout][INFO] 2022-05-05 15:45:00,042: publishing ctrl
[rosout][INFO] 2022-05-05 15:45:00,062: publishing ctrl
[rosout][INFO] 2022-05-05 15:45:00,081: publishing ctrl
[rosout][INFO] 2022-05-05 15:45:00,102: publishing ctrl
[rosout][INFO] 2022-05-05 15:45:00,122: publishing ctrl
[rosout][INFO] 2022-05-05 15:45:00,142: publishing ctrl
[rosout][INFO] 2022-05-05 15:45:00,162: publishing ctrl
[rosout][INFO] 2022-05-05 15:45:00,182: publishing ctrl
[rosout][INFO] 2022-05-05 15:45:00,202: publishing ctrl
[rosout][INFO] 2022-05-05 15:45:00,222: publishing ctrl
[rosout][INFO] 2022-05-05 15:45:00,241: publishing ctrl
[rosout][INFO] 2022-05-05 15:45:00,262: publishing ctrl
[rosout][INFO] 2022-05-05 15:45:00,282: publishing ctrl
[rosout][INFO] 2022-05-05 15:45:00,302: publishing ctrl
[rosout][INFO] 2022-05-05 15:45:00,322: publishing ctrl
[rosout][INFO] 2022-05-05 15:45:00,342: publishing ctrl
[rosout][INFO] 2022-05-05 15:45:00,362: publishing ctrl
[rosout][INFO] 2022-05-05 15:45:00,382: publishing ctrl
[rosout][INFO] 2022-05-05 15:45:00,402: publishing ctrl
[rosout][INFO] 2022-05-05 15:45:00,422: publishing ctrl
[rosout][INFO] 2022-05-05 15:45:00,442: publishing ctrl
[rosout][INFO] 2022-05-05 15:45:00,461: publishing ctrl
[rosout][INFO] 2022-05-05 15:45:00,482: publishing ctrl
[rosout][INFO] 2022-05-05 15:45:00,502: publishing ctrl
[rosout][INFO] 2022-05-05 15:45:00,521: publishing ctrl
[rosout][INFO] 2022-05-05 15:45:00,541: publishing ctrl
[rosout][INFO] 2022-05-05 15:45:00,562: publishing ctrl
[rosout][INFO] 2022-05-05 15:45:00,582: publishing ctrl
[rosout][INFO] 2022-05-05 15:45:00,602: publishing ctrl
[rosout][INFO] 2022-05-05 15:45:00,622: publishing ctrl
[rosout][INFO] 2022-05-05 15:45:00,642: publishing ctrl
[rosout][INFO] 2022-05-05 15:45:00,663: publishing ctrl
[rosout][INFO] 2022-05-05 15:45:00,682: publishing ctrl
[rosout][INFO] 2022-05-05 15:45:00,702: publishing ctrl
[rosout][INFO] 2022-05-05 15:45:00,722: publishing ctrl
[rosout][INFO] 2022-05-05 15:45:00,742: publishing ctrl
[rosout][INFO] 2022-05-05 15:45:00,762: publishing ctrl
[rosout][INFO] 2022-05-05 15:45:00,782: publishing ctrl
[rosout][INFO] 2022-05-05 15:45:00,802: publishing ctrl
[rosout][INFO] 2022-05-05 15:45:00,822: publishing ctrl
[rosout][INFO] 2022-05-05 15:45:00,842: publishing ctrl
[rosout][INFO] 2022-05-05 15:45:00,862: publishing ctrl
[rosout][INFO] 2022-05-05 15:45:00,882: publishing ctrl
[rosout][INFO] 2022-05-05 15:45:00,903: publishing ctrl
[rosout][INFO] 2022-05-05 15:45:00,921: publishing ctrl
[rosout][INFO] 2022-05-05 15:45:00,943: publishing ctrl
[rosout][INFO] 2022-05-05 15:45:00,962: publishing ctrl
[rosout][INFO] 2022-05-05 15:45:00,982: publishing ctrl
[rosout][INFO] 2022-05-05 15:45:01,002: publishing ctrl
[rosout][INFO] 2022-05-05 15:45:01,022: publishing ctrl
[rosout][INFO] 2022-05-05 15:45:01,042: publishing ctrl
[rosout][INFO] 2022-05-05 15:45:01,062: publishing ctrl
[rosout][INFO] 2022-05-05 15:45:01,082: publishing ctrl
[rosout][INFO] 2022-05-05 15:45:01,101: publishing ctrl
[rosout][INFO] 2022-05-05 15:45:01,122: publishing ctrl
[rosout][INFO] 2022-05-05 15:45:01,141: publishing ctrl
[rosout][INFO] 2022-05-05 15:45:01,161: publishing ctrl
[rosout][INFO] 2022-05-05 15:45:01,182: publishing ctrl
[rosout][INFO] 2022-05-05 15:45:01,202: publishing ctrl
[rosout][INFO] 2022-05-05 15:45:01,222: publishing ctrl
[rosout][INFO] 2022-05-05 15:45:01,242: publishing ctrl
[rosout][INFO] 2022-05-05 15:45:01,262: publishing ctrl
[rosout][INFO] 2022-05-05 15:45:01,282: publishing ctrl
[rosout][INFO] 2022-05-05 15:45:01,301: publishing ctrl
[rosout][INFO] 2022-05-05 15:45:01,322: publishing ctrl
[rosout][INFO] 2022-05-05 15:45:01,342: publishing ctrl
[rosout][INFO] 2022-05-05 15:45:01,362: publishing ctrl
[rosout][INFO] 2022-05-05 15:45:01,382: publishing ctrl
[rosout][INFO] 2022-05-05 15:45:01,402: publishing ctrl
[rosout][INFO] 2022-05-05 15:45:01,422: publishing ctrl
[rosout][INFO] 2022-05-05 15:45:01,442: publishing ctrl
[rosout][INFO] 2022-05-05 15:45:01,462: publishing ctrl
[rosout][INFO] 2022-05-05 15:45:01,482: publishing ctrl
[rosout][INFO] 2022-05-05 15:45:01,502: publishing ctrl
[rosout][INFO] 2022-05-05 15:45:01,522: publishing ctrl
[rosout][INFO] 2022-05-05 15:45:01,542: publishing ctrl
[rosout][INFO] 2022-05-05 15:45:01,563: publishing ctrl
[rosout][INFO] 2022-05-05 15:45:01,582: publishing ctrl
[rosout][INFO] 2022-05-05 15:45:01,602: publishing ctrl
[rosout][INFO] 2022-05-05 15:45:01,622: publishing ctrl
[rosout][INFO] 2022-05-05 15:45:01,642: publishing ctrl
[rosout][INFO] 2022-05-05 15:45:01,662: publishing ctrl
[rosout][INFO] 2022-05-05 15:45:01,682: publishing ctrl
[rosout][INFO] 2022-05-05 15:45:01,702: publishing ctrl
[rosout][INFO] 2022-05-05 15:45:01,722: publishing ctrl
[rosout][INFO] 2022-05-05 15:45:01,742: publishing ctrl
[rosout][INFO] 2022-05-05 15:45:01,762: publishing ctrl
[rosout][INFO] 2022-05-05 15:45:01,782: publishing ctrl
[rosout][INFO] 2022-05-05 15:45:01,802: publishing ctrl
[rosout][INFO] 2022-05-05 15:45:01,822: publishing ctrl
[rosout][INFO] 2022-05-05 15:45:01,842: publishing ctrl
[rosout][INFO] 2022-05-05 15:45:01,862: publishing ctrl
[rosout][INFO] 2022-05-05 15:45:01,882: publishing ctrl
[rosout][INFO] 2022-05-05 15:45:01,902: publishing ctrl
[rosout][INFO] 2022-05-05 15:45:01,922: publishing ctrl
[rosout][INFO] 2022-05-05 15:45:01,942: publishing ctrl
[rosout][INFO] 2022-05-05 15:45:01,962: publishing ctrl
[rosout][INFO] 2022-05-05 15:45:01,982: publishing ctrl
[rosout][INFO] 2022-05-05 15:45:02,002: publishing ctrl
[rosout][INFO] 2022-05-05 15:45:02,022: publishing ctrl
[rosout][INFO] 2022-05-05 15:45:02,042: publishing ctrl
[rosout][INFO] 2022-05-05 15:45:02,063: publishing ctrl
[rosout][INFO] 2022-05-05 15:45:02,082: publishing ctrl
[rosout][INFO] 2022-05-05 15:45:02,102: publishing ctrl
[rosout][INFO] 2022-05-05 15:45:02,121: publishing ctrl
[rosout][INFO] 2022-05-05 15:45:02,142: publishing ctrl
[rosout][INFO] 2022-05-05 15:45:02,161: publishing ctrl
[rosout][INFO] 2022-05-05 15:45:02,182: publishing ctrl
[rosout][INFO] 2022-05-05 15:45:02,201: publishing ctrl
[rosout][INFO] 2022-05-05 15:45:02,222: publishing ctrl
[rosout][INFO] 2022-05-05 15:45:02,242: publishing ctrl
[rosout][INFO] 2022-05-05 15:45:02,262: publishing ctrl
[rosout][INFO] 2022-05-05 15:45:02,282: publishing ctrl
[rosout][INFO] 2022-05-05 15:45:02,301: publishing ctrl
[rosout][INFO] 2022-05-05 15:45:02,322: publishing ctrl
[rosout][INFO] 2022-05-05 15:45:02,342: publishing ctrl
[rosout][INFO] 2022-05-05 15:45:02,361: publishing ctrl
[rosout][INFO] 2022-05-05 15:45:02,382: publishing ctrl
[rosout][INFO] 2022-05-05 15:45:02,402: publishing ctrl
[rosout][INFO] 2022-05-05 15:45:02,422: publishing ctrl
[rosout][INFO] 2022-05-05 15:45:02,443: publishing ctrl
[rosout][INFO] 2022-05-05 15:45:02,462: publishing ctrl
[rosout][INFO] 2022-05-05 15:45:02,482: publishing ctrl
[rosout][INFO] 2022-05-05 15:45:02,502: publishing ctrl
[rosout][INFO] 2022-05-05 15:45:02,522: publishing ctrl
[rosout][INFO] 2022-05-05 15:45:02,542: publishing ctrl
[rosout][INFO] 2022-05-05 15:45:02,562: publishing ctrl
[rosout][INFO] 2022-05-05 15:45:02,581: publishing ctrl
[rosout][INFO] 2022-05-05 15:45:02,601: publishing ctrl
[rosout][INFO] 2022-05-05 15:45:02,621: publishing ctrl
[rosout][INFO] 2022-05-05 15:45:02,642: publishing ctrl
[rosout][INFO] 2022-05-05 15:45:02,662: publishing ctrl
[rosout][INFO] 2022-05-05 15:45:02,682: publishing ctrl
[rosout][INFO] 2022-05-05 15:45:02,702: publishing ctrl
[rosout][INFO] 2022-05-05 15:45:02,722: publishing ctrl
[rosout][INFO] 2022-05-05 15:45:02,742: publishing ctrl
[rosout][INFO] 2022-05-05 15:45:02,763: publishing ctrl
[rosout][INFO] 2022-05-05 15:45:03,344: publishing ctrl
[rosout][INFO] 2022-05-05 15:45:03,397: publishing ctrl
[rosout][INFO] 2022-05-05 15:45:03,404: publishing ctrl
[rosout][INFO] 2022-05-05 15:45:03,410: publishing ctrl
[rosout][INFO] 2022-05-05 15:45:03,424: publishing ctrl
[rosout][INFO] 2022-05-05 15:45:03,443: publishing ctrl
[rosout][INFO] 2022-05-05 15:45:03,463: publishing ctrl
[rosout][INFO] 2022-05-05 15:45:03,483: publishing ctrl
[rosout][INFO] 2022-05-05 15:45:03,504: publishing ctrl
[rosout][INFO] 2022-05-05 15:45:03,523: publishing ctrl
[rosout][INFO] 2022-05-05 15:45:03,544: publishing ctrl
[rosout][INFO] 2022-05-05 15:45:03,563: publishing ctrl
[rosout][INFO] 2022-05-05 15:45:03,584: publishing ctrl
[rosout][INFO] 2022-05-05 15:45:03,603: publishing ctrl
[rosout][INFO] 2022-05-05 15:45:03,623: publishing ctrl
[rosout][INFO] 2022-05-05 15:45:03,644: publishing ctrl
[rosout][INFO] 2022-05-05 15:45:03,664: publishing ctrl
[rosout][INFO] 2022-05-05 15:45:03,684: publishing ctrl
[rosout][INFO] 2022-05-05 15:45:03,703: publishing ctrl
[rosout][INFO] 2022-05-05 15:45:03,724: publishing ctrl
[rosout][INFO] 2022-05-05 15:45:03,743: publishing ctrl
[rosout][INFO] 2022-05-05 15:45:03,763: publishing ctrl
[rosout][INFO] 2022-05-05 15:45:03,785: publishing ctrl
[rosout][INFO] 2022-05-05 15:45:03,803: publishing ctrl
[rosout][INFO] 2022-05-05 15:45:03,823: publishing ctrl
[rosout][INFO] 2022-05-05 15:45:03,843: publishing ctrl
[rosout][INFO] 2022-05-05 15:45:03,864: publishing ctrl
[rosout][INFO] 2022-05-05 15:45:03,884: publishing ctrl
[rosout][INFO] 2022-05-05 15:45:03,904: publishing ctrl
[rosout][INFO] 2022-05-05 15:45:03,923: publishing ctrl
[rosout][INFO] 2022-05-05 15:45:03,944: publishing ctrl
[rosout][INFO] 2022-05-05 15:45:03,964: publishing ctrl
[rosout][INFO] 2022-05-05 15:45:03,983: publishing ctrl
[rosout][INFO] 2022-05-05 15:45:04,004: publishing ctrl
[rosout][INFO] 2022-05-05 15:45:04,023: publishing ctrl
[rosout][INFO] 2022-05-05 15:45:04,044: publishing ctrl
[rosout][INFO] 2022-05-05 15:45:04,063: publishing ctrl
[rosout][INFO] 2022-05-05 15:45:04,083: publishing ctrl
[rosout][INFO] 2022-05-05 15:45:04,104: publishing ctrl
[rosout][INFO] 2022-05-05 15:45:04,123: publishing ctrl
[rosout][INFO] 2022-05-05 15:45:04,143: publishing ctrl
[rosout][INFO] 2022-05-05 15:45:04,164: publishing ctrl
[rosout][INFO] 2022-05-05 15:45:04,183: publishing ctrl
[rosout][INFO] 2022-05-05 15:45:04,204: publishing ctrl
[rosout][INFO] 2022-05-05 15:45:04,223: publishing ctrl
[rosout][INFO] 2022-05-05 15:45:04,244: publishing ctrl
[rosout][INFO] 2022-05-05 15:45:04,264: publishing ctrl
[rosout][INFO] 2022-05-05 15:45:04,284: publishing ctrl
[rosout][INFO] 2022-05-05 15:45:04,303: publishing ctrl
[rosout][INFO] 2022-05-05 15:45:04,324: publishing ctrl
[rosout][INFO] 2022-05-05 15:45:04,344: publishing ctrl
[rosout][INFO] 2022-05-05 15:45:04,364: publishing ctrl
[rosout][INFO] 2022-05-05 15:45:04,383: publishing ctrl
[rosout][INFO] 2022-05-05 15:45:04,403: publishing ctrl
[rosout][INFO] 2022-05-05 15:45:04,423: publishing ctrl
[rosout][INFO] 2022-05-05 15:45:04,443: publishing ctrl
[rosout][INFO] 2022-05-05 15:45:04,463: publishing ctrl
[rosout][INFO] 2022-05-05 15:45:04,483: publishing ctrl
[rosout][INFO] 2022-05-05 15:45:04,503: publishing ctrl
[rosout][INFO] 2022-05-05 15:45:04,525: publishing ctrl
[rosout][INFO] 2022-05-05 15:45:04,543: publishing ctrl
[rosout][INFO] 2022-05-05 15:45:04,564: publishing ctrl
[rosout][INFO] 2022-05-05 15:45:04,583: publishing ctrl
[rosout][INFO] 2022-05-05 15:45:04,603: publishing ctrl
[rosout][INFO] 2022-05-05 15:45:04,624: publishing ctrl
[rosout][INFO] 2022-05-05 15:45:04,643: publishing ctrl
[rosout][INFO] 2022-05-05 15:45:04,664: publishing ctrl
[rosout][INFO] 2022-05-05 15:45:04,684: publishing ctrl
[rosout][INFO] 2022-05-05 15:45:04,703: publishing ctrl
[rosout][INFO] 2022-05-05 15:45:04,724: publishing ctrl
[rosout][INFO] 2022-05-05 15:45:04,744: publishing ctrl
[rosout][INFO] 2022-05-05 15:45:04,764: publishing ctrl
[rosout][INFO] 2022-05-05 15:45:04,783: publishing ctrl
[rosout][INFO] 2022-05-05 15:45:04,804: publishing ctrl
[rosout][INFO] 2022-05-05 15:45:04,824: publishing ctrl
[rosout][INFO] 2022-05-05 15:45:04,844: publishing ctrl
[rosout][INFO] 2022-05-05 15:45:04,864: publishing ctrl
[rosout][INFO] 2022-05-05 15:45:04,884: publishing ctrl
[rosout][INFO] 2022-05-05 15:45:04,904: publishing ctrl
[rosout][INFO] 2022-05-05 15:45:04,923: publishing ctrl
[rosout][INFO] 2022-05-05 15:45:04,943: publishing ctrl
[rosout][INFO] 2022-05-05 15:45:04,963: publishing ctrl
[rosout][INFO] 2022-05-05 15:45:04,983: publishing ctrl
[rosout][INFO] 2022-05-05 15:45:05,003: publishing ctrl
[rosout][INFO] 2022-05-05 15:45:05,024: publishing ctrl
[rosout][INFO] 2022-05-05 15:45:05,043: publishing ctrl
[rosout][INFO] 2022-05-05 15:45:05,064: publishing ctrl
[rosout][INFO] 2022-05-05 15:45:05,084: publishing ctrl
[rosout][INFO] 2022-05-05 15:45:05,103: publishing ctrl
[rosout][INFO] 2022-05-05 15:45:05,123: publishing ctrl
[rosout][INFO] 2022-05-05 15:45:05,143: publishing ctrl
[rosout][INFO] 2022-05-05 15:45:05,163: publishing ctrl
[rosout][INFO] 2022-05-05 15:45:05,184: publishing ctrl
[rosout][INFO] 2022-05-05 15:45:05,203: publishing ctrl
[rosout][INFO] 2022-05-05 15:45:05,224: publishing ctrl
[rosout][INFO] 2022-05-05 15:45:05,244: publishing ctrl
[rosout][INFO] 2022-05-05 15:45:05,263: publishing ctrl
[rosout][INFO] 2022-05-05 15:45:05,284: publishing ctrl
[rosout][INFO] 2022-05-05 15:45:05,303: publishing ctrl
[rosout][INFO] 2022-05-05 15:45:05,323: publishing ctrl
[rosout][INFO] 2022-05-05 15:45:05,344: publishing ctrl
[rosout][INFO] 2022-05-05 15:45:05,363: publishing ctrl
[rosout][INFO] 2022-05-05 15:45:05,383: publishing ctrl
[rosout][INFO] 2022-05-05 15:45:05,403: publishing ctrl
[rosout][INFO] 2022-05-05 15:45:05,424: publishing ctrl
[rosout][INFO] 2022-05-05 15:45:05,444: publishing ctrl
[rosout][INFO] 2022-05-05 15:45:05,464: publishing ctrl
[rosout][INFO] 2022-05-05 15:45:05,483: publishing ctrl
[rosout][INFO] 2022-05-05 15:45:05,503: publishing ctrl
[rosout][INFO] 2022-05-05 15:45:05,525: publishing ctrl
[rosout][INFO] 2022-05-05 15:45:05,544: publishing ctrl
[rosout][INFO] 2022-05-05 15:45:05,563: publishing ctrl
[rosout][INFO] 2022-05-05 15:45:05,583: publishing ctrl
[rosout][INFO] 2022-05-05 15:45:05,604: publishing ctrl
[rosout][INFO] 2022-05-05 15:45:05,624: publishing ctrl
[rosout][INFO] 2022-05-05 15:45:05,643: publishing ctrl
[rosout][INFO] 2022-05-05 15:45:05,663: publishing ctrl
[rosout][INFO] 2022-05-05 15:45:05,683: publishing ctrl
[rosout][INFO] 2022-05-05 15:45:05,704: publishing ctrl
[rosout][INFO] 2022-05-05 15:45:05,723: publishing ctrl
[rosout][INFO] 2022-05-05 15:45:05,743: publishing ctrl
[rosout][INFO] 2022-05-05 15:45:05,764: publishing ctrl
[rosout][INFO] 2022-05-05 15:45:05,784: publishing ctrl
[rosout][INFO] 2022-05-05 15:45:05,803: publishing ctrl
[rosout][INFO] 2022-05-05 15:45:05,824: publishing ctrl
[rosout][INFO] 2022-05-05 15:45:05,844: publishing ctrl
[rosout][INFO] 2022-05-05 15:45:05,864: publishing ctrl
[rosout][INFO] 2022-05-05 15:45:05,883: publishing ctrl
[rosout][INFO] 2022-05-05 15:45:05,904: publishing ctrl
[rosout][INFO] 2022-05-05 15:45:05,924: publishing ctrl
[rosout][INFO] 2022-05-05 15:45:05,943: publishing ctrl
[rosout][INFO] 2022-05-05 15:45:05,964: publishing ctrl
[rosout][INFO] 2022-05-05 15:45:05,983: publishing ctrl
[rosout][INFO] 2022-05-05 15:45:06,004: publishing ctrl
[rosout][INFO] 2022-05-05 15:45:06,024: publishing ctrl
[rosout][INFO] 2022-05-05 15:45:06,043: publishing ctrl
[rosout][INFO] 2022-05-05 15:45:06,063: publishing ctrl
[rosout][INFO] 2022-05-05 15:45:06,084: publishing ctrl
[rosout][INFO] 2022-05-05 15:45:06,104: publishing ctrl
[rosout][INFO] 2022-05-05 15:45:06,124: publishing ctrl
[rosout][INFO] 2022-05-05 15:45:06,143: publishing ctrl
[rosout][INFO] 2022-05-05 15:45:06,163: publishing ctrl
[rosout][INFO] 2022-05-05 15:45:06,184: publishing ctrl
[rosout][INFO] 2022-05-05 15:45:06,204: publishing ctrl
[rosout][INFO] 2022-05-05 15:45:06,223: publishing ctrl
[rosout][INFO] 2022-05-05 15:45:06,243: publishing ctrl
[rosout][INFO] 2022-05-05 15:45:06,264: publishing ctrl
[rosout][INFO] 2022-05-05 15:45:06,283: publishing ctrl
[rosout][INFO] 2022-05-05 15:45:06,304: publishing ctrl
[rosout][INFO] 2022-05-05 15:45:06,323: publishing ctrl
[rosout][INFO] 2022-05-05 15:45:06,344: publishing ctrl
[rosout][INFO] 2022-05-05 15:45:06,363: publishing ctrl
[rosout][INFO] 2022-05-05 15:45:06,383: publishing ctrl
[rosout][INFO] 2022-05-05 15:45:06,403: publishing ctrl
[rosout][INFO] 2022-05-05 15:45:06,424: publishing ctrl
[rosout][INFO] 2022-05-05 15:45:06,443: publishing ctrl
[rosout][INFO] 2022-05-05 15:45:06,464: publishing ctrl
[rosout][INFO] 2022-05-05 15:45:06,483: publishing ctrl
[rosout][INFO] 2022-05-05 15:45:06,503: publishing ctrl
[rosout][INFO] 2022-05-05 15:45:06,524: publishing ctrl
[rosout][INFO] 2022-05-05 15:45:06,543: publishing ctrl
[rosout][INFO] 2022-05-05 15:45:06,564: publishing ctrl
[rosout][INFO] 2022-05-05 15:45:06,583: publishing ctrl
[rosout][INFO] 2022-05-05 15:45:06,603: publishing ctrl
[rosout][INFO] 2022-05-05 15:45:06,624: publishing ctrl
[rosout][INFO] 2022-05-05 15:45:06,643: publishing ctrl
[rosout][INFO] 2022-05-05 15:45:06,664: publishing ctrl
[rosout][INFO] 2022-05-05 15:45:06,683: publishing ctrl
[rosout][INFO] 2022-05-05 15:45:06,703: publishing ctrl
[rosout][INFO] 2022-05-05 15:45:06,724: publishing ctrl
[rosout][INFO] 2022-05-05 15:45:06,745: publishing ctrl
[rosout][INFO] 2022-05-05 15:45:06,764: publishing ctrl
[rosout][INFO] 2022-05-05 15:45:06,783: publishing ctrl
[rosout][INFO] 2022-05-05 15:45:06,803: publishing ctrl
[rosout][INFO] 2022-05-05 15:45:06,824: publishing ctrl
[rosout][INFO] 2022-05-05 15:45:06,843: publishing ctrl
[rosout][INFO] 2022-05-05 15:45:06,863: publishing ctrl
[rosout][INFO] 2022-05-05 15:45:06,883: publishing ctrl
[rosout][INFO] 2022-05-05 15:45:06,903: publishing ctrl
[rosout][INFO] 2022-05-05 15:45:06,924: publishing ctrl
[rosout][INFO] 2022-05-05 15:45:06,944: publishing ctrl
[rosout][INFO] 2022-05-05 15:45:06,963: publishing ctrl
[rosout][INFO] 2022-05-05 15:45:06,983: publishing ctrl
[rosout][INFO] 2022-05-05 15:45:07,003: publishing ctrl
[rosout][INFO] 2022-05-05 15:45:07,023: publishing ctrl
[rosout][INFO] 2022-05-05 15:45:07,044: publishing ctrl
[rosout][INFO] 2022-05-05 15:45:07,063: publishing ctrl
[rosout][INFO] 2022-05-05 15:45:07,083: publishing ctrl
[rosout][INFO] 2022-05-05 15:45:07,103: publishing ctrl
[rosout][INFO] 2022-05-05 15:45:07,124: publishing ctrl
[rosout][INFO] 2022-05-05 15:45:07,143: publishing ctrl
[rosout][INFO] 2022-05-05 15:45:07,164: publishing ctrl
[rosout][INFO] 2022-05-05 15:45:07,184: publishing ctrl
[rosout][INFO] 2022-05-05 15:45:07,204: publishing ctrl
[rosout][INFO] 2022-05-05 15:45:07,223: publishing ctrl
[rosout][INFO] 2022-05-05 15:45:07,243: publishing ctrl
[rosout][INFO] 2022-05-05 15:45:07,263: publishing ctrl
[rosout][INFO] 2022-05-05 15:45:07,284: publishing ctrl
[rosout][INFO] 2022-05-05 15:45:07,303: publishing ctrl
[rosout][INFO] 2022-05-05 15:45:07,323: publishing ctrl
[rosout][INFO] 2022-05-05 15:45:07,344: publishing ctrl
[rosout][INFO] 2022-05-05 15:45:07,363: publishing ctrl
[rosout][INFO] 2022-05-05 15:45:07,384: publishing ctrl
[rosout][INFO] 2022-05-05 15:45:07,404: publishing ctrl
[rosout][INFO] 2022-05-05 15:45:07,423: publishing ctrl
[rosout][INFO] 2022-05-05 15:45:07,444: publishing ctrl
[rosout][INFO] 2022-05-05 15:45:07,463: publishing ctrl
[rosout][INFO] 2022-05-05 15:45:07,483: publishing ctrl
[rosout][INFO] 2022-05-05 15:45:07,503: publishing ctrl
[rosout][INFO] 2022-05-05 15:45:07,523: publishing ctrl
[rosout][INFO] 2022-05-05 15:45:07,543: publishing ctrl
[rosout][INFO] 2022-05-05 15:45:07,563: publishing ctrl
[rosout][INFO] 2022-05-05 15:45:07,583: publishing ctrl
[rosout][INFO] 2022-05-05 15:45:07,603: publishing ctrl
[rosout][INFO] 2022-05-05 15:45:07,624: publishing ctrl
[rosout][INFO] 2022-05-05 15:45:07,643: publishing ctrl
[rosout][INFO] 2022-05-05 15:45:07,663: publishing ctrl
[rosout][INFO] 2022-05-05 15:45:07,683: publishing ctrl
[rosout][INFO] 2022-05-05 15:45:07,704: publishing ctrl
[rosout][INFO] 2022-05-05 15:45:07,723: publishing ctrl
[rosout][INFO] 2022-05-05 15:45:07,743: publishing ctrl
[rosout][INFO] 2022-05-05 15:45:07,763: publishing ctrl
[rosout][INFO] 2022-05-05 15:45:07,783: publishing ctrl
[rosout][INFO] 2022-05-05 15:45:07,803: publishing ctrl
[rosout][INFO] 2022-05-05 15:45:07,824: publishing ctrl
[rosout][INFO] 2022-05-05 15:45:07,843: publishing ctrl
[rosout][INFO] 2022-05-05 15:45:07,863: publishing ctrl
[rosout][INFO] 2022-05-05 15:45:07,883: publishing ctrl
[rosout][INFO] 2022-05-05 15:45:07,903: publishing ctrl
[rosout][INFO] 2022-05-05 15:45:07,923: publishing ctrl
[rosout][INFO] 2022-05-05 15:45:07,943: publishing ctrl
[rosout][INFO] 2022-05-05 15:45:07,964: publishing ctrl
[rosout][INFO] 2022-05-05 15:45:07,983: publishing ctrl
[rosout][INFO] 2022-05-05 15:45:08,003: publishing ctrl
[rosout][INFO] 2022-05-05 15:45:08,023: publishing ctrl
[rosout][INFO] 2022-05-05 15:45:08,043: publishing ctrl
[rosout][INFO] 2022-05-05 15:45:08,063: publishing ctrl
[rosout][INFO] 2022-05-05 15:45:08,083: publishing ctrl
[rosout][INFO] 2022-05-05 15:45:08,103: publishing ctrl
[rosout][INFO] 2022-05-05 15:45:08,124: publishing ctrl
[rosout][INFO] 2022-05-05 15:45:08,143: publishing ctrl
[rosout][INFO] 2022-05-05 15:45:08,163: publishing ctrl
[rosout][INFO] 2022-05-05 15:45:08,183: publishing ctrl
[rosout][INFO] 2022-05-05 15:45:08,204: publishing ctrl
[rosout][INFO] 2022-05-05 15:45:08,223: publishing ctrl
[rosout][INFO] 2022-05-05 15:45:08,244: publishing ctrl
[rosout][INFO] 2022-05-05 15:45:08,264: publishing ctrl
[rosout][INFO] 2022-05-05 15:45:08,283: publishing ctrl
[rosout][INFO] 2022-05-05 15:45:08,304: publishing ctrl
[rosout][INFO] 2022-05-05 15:45:08,324: publishing ctrl
[rosout][INFO] 2022-05-05 15:45:08,344: publishing ctrl
[rosout][INFO] 2022-05-05 15:45:08,363: publishing ctrl
[rosout][INFO] 2022-05-05 15:45:08,384: publishing ctrl
[rosout][INFO] 2022-05-05 15:45:08,403: publishing ctrl
[rosout][INFO] 2022-05-05 15:45:08,423: publishing ctrl
[rosout][INFO] 2022-05-05 15:45:08,443: publishing ctrl
[rosout][INFO] 2022-05-05 15:45:08,463: publishing ctrl
[rosout][INFO] 2022-05-05 15:45:08,484: publishing ctrl
[rosout][INFO] 2022-05-05 15:45:08,503: publishing ctrl
[rosout][INFO] 2022-05-05 15:45:08,523: publishing ctrl
[rosout][INFO] 2022-05-05 15:45:08,544: publishing ctrl
[rosout][INFO] 2022-05-05 15:45:08,563: publishing ctrl
[rosout][INFO] 2022-05-05 15:45:08,584: publishing ctrl
[rosout][INFO] 2022-05-05 15:45:08,604: publishing ctrl
[rosout][INFO] 2022-05-05 15:45:08,624: publishing ctrl
[rosout][INFO] 2022-05-05 15:45:08,644: publishing ctrl
[rosout][INFO] 2022-05-05 15:45:08,663: publishing ctrl
[rosout][INFO] 2022-05-05 15:45:08,683: publishing ctrl
[rosout][INFO] 2022-05-05 15:45:08,703: publishing ctrl
[rospy.core][INFO] 2022-05-05 15:45:08,728: signal_shutdown [signal-2]
[rosout][INFO] 2022-05-05 15:45:08,723: publishing ctrl
[rospy.internal][INFO] 2022-05-05 15:45:08,772: topic[/car/mux/ackermann_cmd_mux/input/navigation] removing connection to /car/mux/nodelet_manager
[rospy.internal][INFO] 2022-05-05 15:45:08,773: topic[/debug_image] removing connection to /rviz_1651779887598177430
[rospy.internal][INFO] 2022-05-05 15:45:08,774: topic[/rosout] removing connection to /rosout
[rospy.impl.masterslave][INFO] 2022-05-05 15:45:08,774: signal-2
[rosout][INFO] 2022-05-05 15:45:08,745: publishing ctrl
[rospy.core][INFO] 2022-05-05 15:45:09,349: signal_shutdown [atexit]
