[rospy.client][INFO] 2022-05-05 15:39:33,609: init_node, name[/car/push_button], pid[8370]
[xmlrpc][INFO] 2022-05-05 15:39:33,610: XML-RPC server binding to 0.0.0.0:0
[rospy.init][INFO] 2022-05-05 15:39:33,613: ROS Slave URI: [http://robot-desktop:38073/]
[xmlrpc][INFO] 2022-05-05 15:39:33,612: Started XML-RPC server [http://robot-desktop:38073/]
[rospy.impl.masterslave][INFO] 2022-05-05 15:39:33,614: _ready: http://robot-desktop:38073/
[xmlrpc][INFO] 2022-05-05 15:39:33,618: xml rpc node: starting XML-RPC server
[rospy.registration][INFO] 2022-05-05 15:39:33,620: Registering with master node http://robot-desktop:11311
[rospy.init][INFO] 2022-05-05 15:39:33,714: registered with master
[rospy.rosout][INFO] 2022-05-05 15:39:33,714: initializing /rosout core topic
[rospy.rosout][INFO] 2022-05-05 15:39:33,723: connected to core topic /rosout
[rospy.simtime][INFO] 2022-05-05 15:39:33,729: /use_sim_time is not set, will not subscribe to simulated time [/clock] topic
[rospy.internal][INFO] 2022-05-05 15:39:33,936: topic[/rosout] adding connection to [/rosout], count 0
[rospy.core][INFO] 2022-05-05 15:40:24,212: signal_shutdown [signal-2]
[rospy.internal][INFO] 2022-05-05 15:40:24,241: topic[/rosout] removing connection to /rosout
[rospy.impl.masterslave][INFO] 2022-05-05 15:40:24,242: signal-2
[rospy.core][INFO] 2022-05-05 15:40:39,274: signal_shutdown [signal-15]
[rospy.client][INFO] 2022-05-05 15:49:39,522: init_node, name[/car/push_button], pid[9780]
[xmlrpc][INFO] 2022-05-05 15:49:39,538: XML-RPC server binding to 0.0.0.0:0
[xmlrpc][INFO] 2022-05-05 15:49:39,543: Started XML-RPC server [http://robot-desktop:41203/]
[rospy.init][INFO] 2022-05-05 15:49:39,544: ROS Slave URI: [http://robot-desktop:41203/]
[rospy.impl.masterslave][INFO] 2022-05-05 15:49:39,551: _ready: http://robot-desktop:41203/
[xmlrpc][INFO] 2022-05-05 15:49:39,571: xml rpc node: starting XML-RPC server
[rospy.registration][INFO] 2022-05-05 15:49:39,574: Registering with master node http://robot-desktop:11311
[rospy.init][INFO] 2022-05-05 15:49:39,651: registered with master
[rospy.rosout][INFO] 2022-05-05 15:49:39,652: initializing /rosout core topic
[rospy.rosout][INFO] 2022-05-05 15:49:39,689: connected to core topic /rosout
[rospy.simtime][INFO] 2022-05-05 15:49:39,696: /use_sim_time is not set, will not subscribe to simulated time [/clock] topic
[rospy.internal][INFO] 2022-05-05 15:49:39,859: topic[/rosout] adding connection to [/rosout], count 0
[rospy.core][INFO] 2022-05-05 15:50:49,556: signal_shutdown [signal-2]
[rospy.internal][INFO] 2022-05-05 15:50:49,591: topic[/rosout] removing connection to /rosout
[rospy.impl.masterslave][INFO] 2022-05-05 15:50:49,603: signal-2
[rospy.core][INFO] 2022-05-05 15:51:04,608: signal_shutdown [signal-15]
[rospy.client][INFO] 2022-05-05 15:52:14,698: init_node, name[/car/push_button], pid[11387]
[xmlrpc][INFO] 2022-05-05 15:52:14,726: XML-RPC server binding to 0.0.0.0:0
[rospy.init][INFO] 2022-05-05 15:52:14,734: ROS Slave URI: [http://robot-desktop:38403/]
[xmlrpc][INFO] 2022-05-05 15:52:14,735: Started XML-RPC server [http://robot-desktop:38403/]
[rospy.impl.masterslave][INFO] 2022-05-05 15:52:14,735: _ready: http://robot-desktop:38403/
[xmlrpc][INFO] 2022-05-05 15:52:14,743: xml rpc node: starting XML-RPC server
[rospy.registration][INFO] 2022-05-05 15:52:14,746: Registering with master node http://robot-desktop:11311
[rospy.init][INFO] 2022-05-05 15:52:14,835: registered with master
[rospy.rosout][INFO] 2022-05-05 15:52:14,836: initializing /rosout core topic
[rospy.rosout][INFO] 2022-05-05 15:52:14,859: connected to core topic /rosout
[rospy.simtime][INFO] 2022-05-05 15:52:14,893: /use_sim_time is not set, will not subscribe to simulated time [/clock] topic
[rospy.internal][INFO] 2022-05-05 15:52:15,144: topic[/rosout] adding connection to [/rosout], count 0
[rospy.core][INFO] 2022-05-05 15:53:07,627: signal_shutdown [signal-2]
[rospy.internal][INFO] 2022-05-05 15:53:07,693: topic[/rosout] removing connection to /rosout
[rospy.impl.masterslave][INFO] 2022-05-05 15:53:07,694: signal-2
[rospy.core][INFO] 2022-05-05 15:53:22,684: signal_shutdown [signal-15]
[rospy.client][INFO] 2022-05-05 15:54:59,740: init_node, name[/car/push_button], pid[12584]
[xmlrpc][INFO] 2022-05-05 15:54:59,742: XML-RPC server binding to 0.0.0.0:0
[rospy.init][INFO] 2022-05-05 15:54:59,745: ROS Slave URI: [http://robot-desktop:38241/]
[xmlrpc][INFO] 2022-05-05 15:54:59,746: Started XML-RPC server [http://robot-desktop:38241/]
[rospy.impl.masterslave][INFO] 2022-05-05 15:54:59,747: _ready: http://robot-desktop:38241/
[xmlrpc][INFO] 2022-05-05 15:54:59,748: xml rpc node: starting XML-RPC server
[rospy.registration][INFO] 2022-05-05 15:54:59,750: Registering with master node http://robot-desktop:11311
[rospy.init][INFO] 2022-05-05 15:54:59,846: registered with master
[rospy.rosout][INFO] 2022-05-05 15:54:59,847: initializing /rosout core topic
[rospy.rosout][INFO] 2022-05-05 15:54:59,880: connected to core topic /rosout
[rospy.simtime][INFO] 2022-05-05 15:54:59,894: /use_sim_time is not set, will not subscribe to simulated time [/clock] topic
[rospy.internal][INFO] 2022-05-05 15:55:00,120: topic[/rosout] adding connection to [/rosout], count 0
[rospy.core][INFO] 2022-05-05 15:55:58,859: signal_shutdown [signal-2]
[rospy.internal][INFO] 2022-05-05 15:55:58,913: topic[/rosout] removing connection to /rosout
[rospy.impl.masterslave][INFO] 2022-05-05 15:55:58,914: signal-2
[rospy.core][INFO] 2022-05-05 15:56:13,914: signal_shutdown [signal-15]
[rospy.client][INFO] 2022-05-05 15:59:35,936: init_node, name[/car/push_button], pid[15613]
[xmlrpc][INFO] 2022-05-05 15:59:35,947: XML-RPC server binding to 0.0.0.0:0
[xmlrpc][INFO] 2022-05-05 15:59:35,960: Started XML-RPC server [http://robot-desktop:43579/]
[rospy.impl.masterslave][INFO] 2022-05-05 15:59:35,961: _ready: http://robot-desktop:43579/
[rospy.init][INFO] 2022-05-05 15:59:35,962: ROS Slave URI: [http://robot-desktop:43579/]
[xmlrpc][INFO] 2022-05-05 15:59:35,971: xml rpc node: starting XML-RPC server
[rospy.registration][INFO] 2022-05-05 15:59:35,973: Registering with master node http://robot-desktop:11311
[rospy.init][INFO] 2022-05-05 15:59:36,068: registered with master
[rospy.rosout][INFO] 2022-05-05 15:59:36,071: initializing /rosout core topic
[rospy.rosout][INFO] 2022-05-05 15:59:36,122: connected to core topic /rosout
[rospy.simtime][INFO] 2022-05-05 15:59:36,145: /use_sim_time is not set, will not subscribe to simulated time [/clock] topic
[rospy.internal][INFO] 2022-05-05 15:59:36,333: topic[/rosout] adding connection to [/rosout], count 0
[rospy.core][INFO] 2022-05-05 16:00:02,957: signal_shutdown [signal-2]
[rospy.internal][INFO] 2022-05-05 16:00:03,012: topic[/rosout] removing connection to /rosout
[rospy.impl.masterslave][INFO] 2022-05-05 16:00:03,013: signal-2
[rospy.core][INFO] 2022-05-05 16:00:18,012: signal_shutdown [signal-15]
[rospy.client][INFO] 2022-05-05 16:01:20,782: init_node, name[/car/push_button], pid[16267]
[xmlrpc][INFO] 2022-05-05 16:01:20,785: XML-RPC server binding to 0.0.0.0:0
[rospy.init][INFO] 2022-05-05 16:01:20,787: ROS Slave URI: [http://robot-desktop:36155/]
[xmlrpc][INFO] 2022-05-05 16:01:20,788: Started XML-RPC server [http://robot-desktop:36155/]
[rospy.impl.masterslave][INFO] 2022-05-05 16:01:20,789: _ready: http://robot-desktop:36155/
[xmlrpc][INFO] 2022-05-05 16:01:20,790: xml rpc node: starting XML-RPC server
[rospy.registration][INFO] 2022-05-05 16:01:20,793: Registering with master node http://robot-desktop:11311
[rospy.init][INFO] 2022-05-05 16:01:20,888: registered with master
[rospy.rosout][INFO] 2022-05-05 16:01:20,891: initializing /rosout core topic
[rospy.rosout][INFO] 2022-05-05 16:01:20,918: connected to core topic /rosout
[rospy.simtime][INFO] 2022-05-05 16:01:20,945: /use_sim_time is not set, will not subscribe to simulated time [/clock] topic
[rospy.internal][INFO] 2022-05-05 16:01:21,073: topic[/rosout] adding connection to [/rosout], count 0
[rospy.core][INFO] 2022-05-05 16:01:46,712: signal_shutdown [signal-2]
[rospy.internal][INFO] 2022-05-05 16:01:46,728: topic[/rosout] removing connection to /rosout
[rospy.impl.masterslave][INFO] 2022-05-05 16:01:46,732: signal-2
[rospy.core][INFO] 2022-05-05 16:02:01,780: signal_shutdown [signal-15]
[rospy.client][INFO] 2022-05-05 16:03:52,846: init_node, name[/car/push_button], pid[16977]
[xmlrpc][INFO] 2022-05-05 16:03:52,848: XML-RPC server binding to 0.0.0.0:0
[rospy.init][INFO] 2022-05-05 16:03:52,851: ROS Slave URI: [http://robot-desktop:40285/]
[xmlrpc][INFO] 2022-05-05 16:03:52,852: Started XML-RPC server [http://robot-desktop:40285/]
[rospy.impl.masterslave][INFO] 2022-05-05 16:03:52,853: _ready: http://robot-desktop:40285/
[xmlrpc][INFO] 2022-05-05 16:03:52,854: xml rpc node: starting XML-RPC server
[rospy.registration][INFO] 2022-05-05 16:03:52,856: Registering with master node http://robot-desktop:11311
[rospy.init][INFO] 2022-05-05 16:03:52,952: registered with master
[rospy.rosout][INFO] 2022-05-05 16:03:52,953: initializing /rosout core topic
[rospy.rosout][INFO] 2022-05-05 16:03:52,970: connected to core topic /rosout
[rospy.simtime][INFO] 2022-05-05 16:03:52,987: /use_sim_time is not set, will not subscribe to simulated time [/clock] topic
[rospy.internal][INFO] 2022-05-05 16:03:53,257: topic[/rosout] adding connection to [/rosout], count 0
[rospy.core][INFO] 2022-05-05 16:04:22,252: signal_shutdown [signal-2]
[rospy.internal][INFO] 2022-05-05 16:04:22,313: topic[/rosout] removing connection to /rosout
[rospy.impl.masterslave][INFO] 2022-05-05 16:04:22,314: signal-2
[rospy.core][INFO] 2022-05-05 16:04:37,310: signal_shutdown [signal-15]
[rospy.client][INFO] 2022-05-05 16:15:32,581: init_node, name[/car/push_button], pid[18923]
[xmlrpc][INFO] 2022-05-05 16:15:32,583: XML-RPC server binding to 0.0.0.0:0
[rospy.init][INFO] 2022-05-05 16:15:32,585: ROS Slave URI: [http://robot-desktop:43609/]
[xmlrpc][INFO] 2022-05-05 16:15:32,586: Started XML-RPC server [http://robot-desktop:43609/]
[rospy.impl.masterslave][INFO] 2022-05-05 16:15:32,587: _ready: http://robot-desktop:43609/
[xmlrpc][INFO] 2022-05-05 16:15:32,588: xml rpc node: starting XML-RPC server
[rospy.registration][INFO] 2022-05-05 16:15:32,590: Registering with master node http://robot-desktop:11311
[rospy.init][INFO] 2022-05-05 16:15:32,686: registered with master
[rospy.rosout][INFO] 2022-05-05 16:15:32,687: initializing /rosout core topic
[rospy.rosout][INFO] 2022-05-05 16:15:32,705: connected to core topic /rosout
[rospy.simtime][INFO] 2022-05-05 16:15:32,738: /use_sim_time is not set, will not subscribe to simulated time [/clock] topic
[rospy.internal][INFO] 2022-05-05 16:15:32,924: topic[/rosout] adding connection to [/rosout], count 0
[rospy.core][INFO] 2022-05-05 16:16:25,381: signal_shutdown [signal-2]
[rospy.internal][INFO] 2022-05-05 16:16:25,425: topic[/rosout] removing connection to /rosout
[rospy.impl.masterslave][INFO] 2022-05-05 16:16:25,426: signal-2
[rospy.core][INFO] 2022-05-05 16:16:40,438: signal_shutdown [signal-15]
[rospy.client][INFO] 2022-05-05 16:17:59,760: init_node, name[/car/push_button], pid[21765]
[xmlrpc][INFO] 2022-05-05 16:17:59,771: XML-RPC server binding to 0.0.0.0:0
[rospy.init][INFO] 2022-05-05 16:17:59,777: ROS Slave URI: [http://robot-desktop:45185/]
[xmlrpc][INFO] 2022-05-05 16:17:59,778: Started XML-RPC server [http://robot-desktop:45185/]
[rospy.impl.masterslave][INFO] 2022-05-05 16:17:59,779: _ready: http://robot-desktop:45185/
[rospy.registration][INFO] 2022-05-05 16:17:59,797: Registering with master node http://robot-desktop:11311
[xmlrpc][INFO] 2022-05-05 16:17:59,798: xml rpc node: starting XML-RPC server
[rospy.init][INFO] 2022-05-05 16:17:59,879: registered with master
[rospy.rosout][INFO] 2022-05-05 16:17:59,880: initializing /rosout core topic
[rospy.rosout][INFO] 2022-05-05 16:17:59,905: connected to core topic /rosout
[rospy.simtime][INFO] 2022-05-05 16:17:59,912: /use_sim_time is not set, will not subscribe to simulated time [/clock] topic
[rospy.internal][INFO] 2022-05-05 16:18:00,183: topic[/rosout] adding connection to [/rosout], count 0
[rospy.core][INFO] 2022-05-05 16:19:47,562: signal_shutdown [signal-2]
[rospy.internal][INFO] 2022-05-05 16:19:47,588: topic[/rosout] removing connection to /rosout
[rospy.impl.masterslave][INFO] 2022-05-05 16:19:47,589: signal-2
[rospy.core][INFO] 2022-05-05 16:20:02,616: signal_shutdown [signal-15]
[rospy.client][INFO] 2022-05-05 16:24:21,297: init_node, name[/car/push_button], pid[26931]
[xmlrpc][INFO] 2022-05-05 16:24:21,300: XML-RPC server binding to 0.0.0.0:0
[rospy.init][INFO] 2022-05-05 16:24:21,303: ROS Slave URI: [http://robot-desktop:41795/]
[xmlrpc][INFO] 2022-05-05 16:24:21,304: Started XML-RPC server [http://robot-desktop:41795/]
[rospy.impl.masterslave][INFO] 2022-05-05 16:24:21,305: _ready: http://robot-desktop:41795/
[xmlrpc][INFO] 2022-05-05 16:24:21,311: xml rpc node: starting XML-RPC server
[rospy.registration][INFO] 2022-05-05 16:24:21,312: Registering with master node http://robot-desktop:11311
[rospy.init][INFO] 2022-05-05 16:24:21,404: registered with master
[rospy.rosout][INFO] 2022-05-05 16:24:21,405: initializing /rosout core topic
[rospy.rosout][INFO] 2022-05-05 16:24:21,422: connected to core topic /rosout
[rospy.simtime][INFO] 2022-05-05 16:24:21,444: /use_sim_time is not set, will not subscribe to simulated time [/clock] topic
[rospy.internal][INFO] 2022-05-05 16:24:21,680: topic[/rosout] adding connection to [/rosout], count 0
[rospy.core][INFO] 2022-05-05 16:24:49,254: signal_shutdown [signal-2]
[rospy.internal][INFO] 2022-05-05 16:24:49,315: topic[/rosout] removing connection to /rosout
[rospy.impl.masterslave][INFO] 2022-05-05 16:24:49,317: signal-2
[rospy.core][INFO] 2022-05-05 16:25:04,310: signal_shutdown [signal-15]
[rospy.client][INFO] 2022-05-05 16:26:25,723: init_node, name[/car/push_button], pid[27650]
[xmlrpc][INFO] 2022-05-05 16:26:25,732: XML-RPC server binding to 0.0.0.0:0
[rospy.init][INFO] 2022-05-05 16:26:25,746: ROS Slave URI: [http://robot-desktop:44729/]
[xmlrpc][INFO] 2022-05-05 16:26:25,747: Started XML-RPC server [http://robot-desktop:44729/]
[rospy.impl.masterslave][INFO] 2022-05-05 16:26:25,747: _ready: http://robot-desktop:44729/
[xmlrpc][INFO] 2022-05-05 16:26:25,748: xml rpc node: starting XML-RPC server
[rospy.registration][INFO] 2022-05-05 16:26:25,751: Registering with master node http://robot-desktop:11311
[rospy.init][INFO] 2022-05-05 16:26:25,847: registered with master
[rospy.rosout][INFO] 2022-05-05 16:26:25,848: initializing /rosout core topic
[rospy.rosout][INFO] 2022-05-05 16:26:25,865: connected to core topic /rosout
[rospy.simtime][INFO] 2022-05-05 16:26:25,877: /use_sim_time is not set, will not subscribe to simulated time [/clock] topic
[rospy.internal][INFO] 2022-05-05 16:26:26,041: topic[/rosout] adding connection to [/rosout], count 0
[rospy.core][INFO] 2022-05-05 16:26:59,288: signal_shutdown [signal-2]
[rospy.internal][INFO] 2022-05-05 16:26:59,346: topic[/rosout] removing connection to /rosout
[rospy.impl.masterslave][INFO] 2022-05-05 16:26:59,347: signal-2
[rospy.core][INFO] 2022-05-05 16:27:14,352: signal_shutdown [signal-15]
[rospy.client][INFO] 2022-05-05 16:28:25,067: init_node, name[/car/push_button], pid[29609]
[xmlrpc][INFO] 2022-05-05 16:28:25,072: XML-RPC server binding to 0.0.0.0:0
[rospy.init][INFO] 2022-05-05 16:28:25,074: ROS Slave URI: [http://robot-desktop:43063/]
[xmlrpc][INFO] 2022-05-05 16:28:25,076: Started XML-RPC server [http://robot-desktop:43063/]
[rospy.impl.masterslave][INFO] 2022-05-05 16:28:25,076: _ready: http://robot-desktop:43063/
[xmlrpc][INFO] 2022-05-05 16:28:25,077: xml rpc node: starting XML-RPC server
[rospy.registration][INFO] 2022-05-05 16:28:25,080: Registering with master node http://robot-desktop:11311
[rospy.init][INFO] 2022-05-05 16:28:25,176: registered with master
[rospy.rosout][INFO] 2022-05-05 16:28:25,176: initializing /rosout core topic
[rospy.rosout][INFO] 2022-05-05 16:28:25,202: connected to core topic /rosout
[rospy.simtime][INFO] 2022-05-05 16:28:25,217: /use_sim_time is not set, will not subscribe to simulated time [/clock] topic
[rospy.internal][INFO] 2022-05-05 16:28:25,476: topic[/rosout] adding connection to [/rosout], count 0
[rospy.core][INFO] 2022-05-05 16:28:32,328: signal_shutdown [signal-2]
[rospy.internal][INFO] 2022-05-05 16:28:32,368: topic[/rosout] removing connection to /rosout
[rospy.impl.masterslave][INFO] 2022-05-05 16:28:32,373: signal-2
[rospy.core][INFO] 2022-05-05 16:28:47,381: signal_shutdown [signal-15]
[rospy.client][INFO] 2022-05-05 16:30:15,163: init_node, name[/car/push_button], pid[30299]
[xmlrpc][INFO] 2022-05-05 16:30:15,167: XML-RPC server binding to 0.0.0.0:0
[xmlrpc][INFO] 2022-05-05 16:30:15,171: Started XML-RPC server [http://robot-desktop:37219/]
[rospy.impl.masterslave][INFO] 2022-05-05 16:30:15,172: _ready: http://robot-desktop:37219/
[xmlrpc][INFO] 2022-05-05 16:30:15,174: xml rpc node: starting XML-RPC server
[rospy.registration][INFO] 2022-05-05 16:30:15,184: Registering with master node http://robot-desktop:11311
[rospy.init][INFO] 2022-05-05 16:30:15,187: ROS Slave URI: [http://robot-desktop:37219/]
[rospy.init][INFO] 2022-05-05 16:30:15,187: registered with master
[rospy.rosout][INFO] 2022-05-05 16:30:15,188: initializing /rosout core topic
[rospy.rosout][INFO] 2022-05-05 16:30:15,221: connected to core topic /rosout
[rospy.simtime][INFO] 2022-05-05 16:30:15,232: /use_sim_time is not set, will not subscribe to simulated time [/clock] topic
[rospy.internal][INFO] 2022-05-05 16:30:15,488: topic[/rosout] adding connection to [/rosout], count 0
[rospy.core][INFO] 2022-05-05 16:30:35,261: signal_shutdown [signal-2]
[rospy.internal][INFO] 2022-05-05 16:30:35,352: topic[/rosout] removing connection to /rosout
[rospy.impl.masterslave][INFO] 2022-05-05 16:30:35,353: signal-2
[rospy.core][INFO] 2022-05-05 16:30:50,315: signal_shutdown [signal-15]
[rospy.client][INFO] 2022-05-05 16:33:28,252: init_node, name[/car/push_button], pid[30972]
[xmlrpc][INFO] 2022-05-05 16:33:28,260: XML-RPC server binding to 0.0.0.0:0
[rospy.init][INFO] 2022-05-05 16:33:28,263: ROS Slave URI: [http://robot-desktop:42705/]
[xmlrpc][INFO] 2022-05-05 16:33:28,265: Started XML-RPC server [http://robot-desktop:42705/]
[rospy.impl.masterslave][INFO] 2022-05-05 16:33:28,265: _ready: http://robot-desktop:42705/
[rospy.registration][INFO] 2022-05-05 16:33:28,279: Registering with master node http://robot-desktop:11311
[xmlrpc][INFO] 2022-05-05 16:33:28,279: xml rpc node: starting XML-RPC server
[rospy.init][INFO] 2022-05-05 16:33:28,365: registered with master
[rospy.rosout][INFO] 2022-05-05 16:33:28,366: initializing /rosout core topic
[rospy.rosout][INFO] 2022-05-05 16:33:28,411: connected to core topic /rosout
[rospy.simtime][INFO] 2022-05-05 16:33:28,435: /use_sim_time is not set, will not subscribe to simulated time [/clock] topic
[rospy.internal][INFO] 2022-05-05 16:33:28,671: topic[/rosout] adding connection to [/rosout], count 0
[rospy.core][INFO] 2022-05-05 16:33:46,152: signal_shutdown [signal-2]
[rospy.internal][INFO] 2022-05-05 16:33:46,182: topic[/rosout] removing connection to /rosout
[rospy.impl.masterslave][INFO] 2022-05-05 16:33:46,183: signal-2
[rospy.core][INFO] 2022-05-05 16:34:01,207: signal_shutdown [signal-15]
[rospy.client][INFO] 2022-05-05 16:37:01,110: init_node, name[/car/push_button], pid[31668]
[xmlrpc][INFO] 2022-05-05 16:37:01,122: XML-RPC server binding to 0.0.0.0:0
[rospy.init][INFO] 2022-05-05 16:37:01,125: ROS Slave URI: [http://robot-desktop:40633/]
[xmlrpc][INFO] 2022-05-05 16:37:01,126: Started XML-RPC server [http://robot-desktop:40633/]
[rospy.impl.masterslave][INFO] 2022-05-05 16:37:01,126: _ready: http://robot-desktop:40633/
[xmlrpc][INFO] 2022-05-05 16:37:01,127: xml rpc node: starting XML-RPC server
[rospy.registration][INFO] 2022-05-05 16:37:01,130: Registering with master node http://robot-desktop:11311
[rospy.init][INFO] 2022-05-05 16:37:01,226: registered with master
[rospy.rosout][INFO] 2022-05-05 16:37:01,227: initializing /rosout core topic
[rospy.rosout][INFO] 2022-05-05 16:37:01,270: connected to core topic /rosout
[rospy.simtime][INFO] 2022-05-05 16:37:01,285: /use_sim_time is not set, will not subscribe to simulated time [/clock] topic
[rospy.internal][INFO] 2022-05-05 16:37:01,473: topic[/rosout] adding connection to [/rosout], count 0
[rospy.core][INFO] 2022-05-05 16:37:38,129: signal_shutdown [signal-2]
[rospy.internal][INFO] 2022-05-05 16:37:38,171: topic[/rosout] removing connection to /rosout
[rospy.impl.masterslave][INFO] 2022-05-05 16:37:38,172: signal-2
[rospy.core][INFO] 2022-05-05 16:37:53,181: signal_shutdown [signal-15]
[rospy.client][INFO] 2022-05-05 16:40:22,253: init_node, name[/car/push_button], pid[348]
[xmlrpc][INFO] 2022-05-05 16:40:22,273: XML-RPC server binding to 0.0.0.0:0
[xmlrpc][INFO] 2022-05-05 16:40:22,274: Started XML-RPC server [http://robot-desktop:42175/]
[rospy.impl.masterslave][INFO] 2022-05-05 16:40:22,275: _ready: http://robot-desktop:42175/
[rospy.init][INFO] 2022-05-05 16:40:22,277: ROS Slave URI: [http://robot-desktop:42175/]
[xmlrpc][INFO] 2022-05-05 16:40:22,279: xml rpc node: starting XML-RPC server
[rospy.registration][INFO] 2022-05-05 16:40:22,281: Registering with master node http://robot-desktop:11311
[rospy.init][INFO] 2022-05-05 16:40:22,378: registered with master
[rospy.rosout][INFO] 2022-05-05 16:40:22,378: initializing /rosout core topic
[rospy.rosout][INFO] 2022-05-05 16:40:22,410: connected to core topic /rosout
[rospy.simtime][INFO] 2022-05-05 16:40:22,416: /use_sim_time is not set, will not subscribe to simulated time [/clock] topic
[rospy.internal][INFO] 2022-05-05 16:40:22,647: topic[/rosout] adding connection to [/rosout], count 0
[rospy.core][INFO] 2022-05-05 16:42:02,618: signal_shutdown [signal-2]
[rospy.internal][INFO] 2022-05-05 16:42:02,653: topic[/rosout] removing connection to /rosout
[rospy.impl.masterslave][INFO] 2022-05-05 16:42:02,654: signal-2
[rospy.core][INFO] 2022-05-05 16:42:17,679: signal_shutdown [signal-15]
