[rospy.client][INFO] 2022-05-05 15:39:33,975: init_node, name[/car/mux/zero_ackermann_cmd], pid[8321]
[xmlrpc][INFO] 2022-05-05 15:39:33,977: XML-RPC server binding to 0.0.0.0:0
[xmlrpc][INFO] 2022-05-05 15:39:33,978: Started XML-RPC server [http://robot-desktop:39373/]
[rospy.init][INFO] 2022-05-05 15:39:33,978: ROS Slave URI: [http://robot-desktop:39373/]
[rospy.impl.masterslave][INFO] 2022-05-05 15:39:33,979: _ready: http://robot-desktop:39373/
[rospy.registration][INFO] 2022-05-05 15:39:33,980: Registering with master node http://robot-desktop:11311
[xmlrpc][INFO] 2022-05-05 15:39:33,981: xml rpc node: starting XML-RPC server
[rospy.init][INFO] 2022-05-05 15:39:34,080: registered with master
[rospy.internal][INFO] 2022-05-05 15:39:34,341: topic[/car/mux/ackermann_cmd_mux/input/default] adding connection to [/car/mux/nodelet_manager], count 0
[rospy.core][INFO] 2022-05-05 15:40:24,262: signal_shutdown [signal-2]
[rospy.internal][INFO] 2022-05-05 15:40:24,276: topic[/car/mux/ackermann_cmd_mux/input/default] removing connection to /car/mux/nodelet_manager
[rospy.impl.masterslave][INFO] 2022-05-05 15:40:24,278: signal-2
[rospy.core][INFO] 2022-05-05 15:40:24,417: signal_shutdown [atexit]
[rospy.client][INFO] 2022-05-05 15:49:39,684: init_node, name[/car/mux/zero_ackermann_cmd], pid[9744]
[xmlrpc][INFO] 2022-05-05 15:49:39,686: XML-RPC server binding to 0.0.0.0:0
[rospy.init][INFO] 2022-05-05 15:49:39,688: ROS Slave URI: [http://robot-desktop:34799/]
[xmlrpc][INFO] 2022-05-05 15:49:39,688: Started XML-RPC server [http://robot-desktop:34799/]
[rospy.impl.masterslave][INFO] 2022-05-05 15:49:39,689: _ready: http://robot-desktop:34799/
[xmlrpc][INFO] 2022-05-05 15:49:39,690: xml rpc node: starting XML-RPC server
[rospy.registration][INFO] 2022-05-05 15:49:39,691: Registering with master node http://robot-desktop:11311
[rospy.init][INFO] 2022-05-05 15:49:39,789: registered with master
[rospy.internal][INFO] 2022-05-05 15:49:40,131: topic[/car/mux/ackermann_cmd_mux/input/default] adding connection to [/car/mux/nodelet_manager], count 0
[rospy.core][INFO] 2022-05-05 15:50:49,627: signal_shutdown [signal-2]
[rospy.internal][INFO] 2022-05-05 15:50:49,709: topic[/car/mux/ackermann_cmd_mux/input/default] removing connection to /car/mux/nodelet_manager
[rospy.impl.masterslave][INFO] 2022-05-05 15:50:49,710: signal-2
[rospy.core][INFO] 2022-05-05 15:50:50,283: signal_shutdown [atexit]
[rospy.client][INFO] 2022-05-05 15:52:15,241: init_node, name[/car/mux/zero_ackermann_cmd], pid[11339]
[xmlrpc][INFO] 2022-05-05 15:52:15,244: XML-RPC server binding to 0.0.0.0:0
[rospy.init][INFO] 2022-05-05 15:52:15,252: ROS Slave URI: [http://robot-desktop:44303/]
[xmlrpc][INFO] 2022-05-05 15:52:15,252: Started XML-RPC server [http://robot-desktop:44303/]
[rospy.impl.masterslave][INFO] 2022-05-05 15:52:15,253: _ready: http://robot-desktop:44303/
[xmlrpc][INFO] 2022-05-05 15:52:15,266: xml rpc node: starting XML-RPC server
[rospy.registration][INFO] 2022-05-05 15:52:15,267: Registering with master node http://robot-desktop:11311
[rospy.init][INFO] 2022-05-05 15:52:15,353: registered with master
[rospy.internal][INFO] 2022-05-05 15:52:15,661: topic[/car/mux/ackermann_cmd_mux/input/default] adding connection to [/car/mux/nodelet_manager], count 0
[rospy.core][INFO] 2022-05-05 15:53:07,699: signal_shutdown [signal-2]
[rospy.internal][INFO] 2022-05-05 15:53:07,766: topic[/car/mux/ackermann_cmd_mux/input/default] removing connection to /car/mux/nodelet_manager
[rospy.impl.masterslave][INFO] 2022-05-05 15:53:07,766: signal-2
[rospy.core][INFO] 2022-05-05 15:53:08,338: signal_shutdown [atexit]
[rospy.client][INFO] 2022-05-05 15:55:00,088: init_node, name[/car/mux/zero_ackermann_cmd], pid[12541]
[xmlrpc][INFO] 2022-05-05 15:55:00,091: XML-RPC server binding to 0.0.0.0:0
[rospy.init][INFO] 2022-05-05 15:55:00,093: ROS Slave URI: [http://robot-desktop:37211/]
[xmlrpc][INFO] 2022-05-05 15:55:00,094: Started XML-RPC server [http://robot-desktop:37211/]
[rospy.impl.masterslave][INFO] 2022-05-05 15:55:00,094: _ready: http://robot-desktop:37211/
[rospy.registration][INFO] 2022-05-05 15:55:00,107: Registering with master node http://robot-desktop:11311
[xmlrpc][INFO] 2022-05-05 15:55:00,113: xml rpc node: starting XML-RPC server
[rospy.init][INFO] 2022-05-05 15:55:00,194: registered with master
[rospy.internal][INFO] 2022-05-05 15:55:00,526: topic[/car/mux/ackermann_cmd_mux/input/default] adding connection to [/car/mux/nodelet_manager], count 0
[rospy.core][INFO] 2022-05-05 15:55:58,909: signal_shutdown [signal-2]
[rospy.internal][INFO] 2022-05-05 15:55:58,977: topic[/car/mux/ackermann_cmd_mux/input/default] removing connection to /car/mux/nodelet_manager
[rospy.impl.masterslave][INFO] 2022-05-05 15:55:58,977: signal-2
[rospy.core][INFO] 2022-05-05 15:55:59,598: signal_shutdown [atexit]
[rospy.client][INFO] 2022-05-05 15:59:36,324: init_node, name[/car/mux/zero_ackermann_cmd], pid[15561]
[xmlrpc][INFO] 2022-05-05 15:59:36,339: XML-RPC server binding to 0.0.0.0:0
[rospy.init][INFO] 2022-05-05 15:59:36,350: ROS Slave URI: [http://robot-desktop:35691/]
[xmlrpc][INFO] 2022-05-05 15:59:36,351: Started XML-RPC server [http://robot-desktop:35691/]
[rospy.impl.masterslave][INFO] 2022-05-05 15:59:36,351: _ready: http://robot-desktop:35691/
[xmlrpc][INFO] 2022-05-05 15:59:36,352: xml rpc node: starting XML-RPC server
[rospy.registration][INFO] 2022-05-05 15:59:36,353: Registering with master node http://robot-desktop:11311
[rospy.init][INFO] 2022-05-05 15:59:36,452: registered with master
[rospy.internal][INFO] 2022-05-05 15:59:36,846: topic[/car/mux/ackermann_cmd_mux/input/default] adding connection to [/car/mux/nodelet_manager], count 0
[rospy.core][INFO] 2022-05-05 16:00:03,004: signal_shutdown [signal-2]
[rospy.internal][INFO] 2022-05-05 16:00:03,088: topic[/car/mux/ackermann_cmd_mux/input/default] removing connection to /car/mux/nodelet_manager
[rospy.impl.masterslave][INFO] 2022-05-05 16:00:03,090: signal-2
[rospy.core][INFO] 2022-05-05 16:00:03,660: signal_shutdown [atexit]
[rospy.client][INFO] 2022-05-05 16:01:21,186: init_node, name[/car/mux/zero_ackermann_cmd], pid[16223]
[xmlrpc][INFO] 2022-05-05 16:01:21,188: XML-RPC server binding to 0.0.0.0:0
[rospy.init][INFO] 2022-05-05 16:01:21,190: ROS Slave URI: [http://robot-desktop:45999/]
[xmlrpc][INFO] 2022-05-05 16:01:21,191: Started XML-RPC server [http://robot-desktop:45999/]
[rospy.impl.masterslave][INFO] 2022-05-05 16:01:21,192: _ready: http://robot-desktop:45999/
[xmlrpc][INFO] 2022-05-05 16:01:21,193: xml rpc node: starting XML-RPC server
[rospy.registration][INFO] 2022-05-05 16:01:21,194: Registering with master node http://robot-desktop:11311
[rospy.init][INFO] 2022-05-05 16:01:21,291: registered with master
[rospy.internal][INFO] 2022-05-05 16:01:21,593: topic[/car/mux/ackermann_cmd_mux/input/default] adding connection to [/car/mux/nodelet_manager], count 0
[rospy.core][INFO] 2022-05-05 16:01:46,805: signal_shutdown [signal-2]
[rospy.internal][INFO] 2022-05-05 16:01:46,849: topic[/car/mux/ackermann_cmd_mux/input/default] removing connection to /car/mux/nodelet_manager
[rospy.impl.masterslave][INFO] 2022-05-05 16:01:46,852: signal-2
[rospy.core][INFO] 2022-05-05 16:01:46,955: signal_shutdown [atexit]
[rospy.client][INFO] 2022-05-05 16:03:53,194: init_node, name[/car/mux/zero_ackermann_cmd], pid[16910]
[xmlrpc][INFO] 2022-05-05 16:03:53,196: XML-RPC server binding to 0.0.0.0:0
[rospy.init][INFO] 2022-05-05 16:03:53,199: ROS Slave URI: [http://robot-desktop:34387/]
[xmlrpc][INFO] 2022-05-05 16:03:53,201: Started XML-RPC server [http://robot-desktop:34387/]
[rospy.impl.masterslave][INFO] 2022-05-05 16:03:53,202: _ready: http://robot-desktop:34387/
[rospy.registration][INFO] 2022-05-05 16:03:53,218: Registering with master node http://robot-desktop:11311
[xmlrpc][INFO] 2022-05-05 16:03:53,221: xml rpc node: starting XML-RPC server
[rospy.init][INFO] 2022-05-05 16:03:53,300: registered with master
[rospy.internal][INFO] 2022-05-05 16:03:53,654: topic[/car/mux/ackermann_cmd_mux/input/default] adding connection to [/car/mux/nodelet_manager], count 0
[rospy.core][INFO] 2022-05-05 16:04:22,309: signal_shutdown [signal-2]
[rospy.internal][INFO] 2022-05-05 16:04:22,364: topic[/car/mux/ackermann_cmd_mux/input/default] removing connection to /car/mux/nodelet_manager
[rospy.impl.masterslave][INFO] 2022-05-05 16:04:22,365: signal-2
[rospy.core][INFO] 2022-05-05 16:04:22,931: signal_shutdown [atexit]
[rospy.client][INFO] 2022-05-05 16:15:32,717: init_node, name[/car/mux/zero_ackermann_cmd], pid[18870]
[xmlrpc][INFO] 2022-05-05 16:15:32,720: XML-RPC server binding to 0.0.0.0:0
[rospy.init][INFO] 2022-05-05 16:15:32,727: ROS Slave URI: [http://robot-desktop:41631/]
[xmlrpc][INFO] 2022-05-05 16:15:32,727: Started XML-RPC server [http://robot-desktop:41631/]
[rospy.impl.masterslave][INFO] 2022-05-05 16:15:32,728: _ready: http://robot-desktop:41631/
[xmlrpc][INFO] 2022-05-05 16:15:32,735: xml rpc node: starting XML-RPC server
[rospy.registration][INFO] 2022-05-05 16:15:32,736: Registering with master node http://robot-desktop:11311
[rospy.init][INFO] 2022-05-05 16:15:32,828: registered with master
[rospy.internal][INFO] 2022-05-05 16:15:33,119: topic[/car/mux/ackermann_cmd_mux/input/default] adding connection to [/car/mux/nodelet_manager], count 0
[rospy.core][INFO] 2022-05-05 16:16:25,446: signal_shutdown [signal-2]
[rospy.internal][INFO] 2022-05-05 16:16:25,496: topic[/car/mux/ackermann_cmd_mux/input/default] removing connection to /car/mux/nodelet_manager
[rospy.impl.masterslave][INFO] 2022-05-05 16:16:25,497: signal-2
[rospy.core][INFO] 2022-05-05 16:16:26,114: signal_shutdown [atexit]
[rospy.client][INFO] 2022-05-05 16:18:00,110: init_node, name[/car/mux/zero_ackermann_cmd], pid[21720]
[xmlrpc][INFO] 2022-05-05 16:18:00,118: XML-RPC server binding to 0.0.0.0:0
[rospy.init][INFO] 2022-05-05 16:18:00,121: ROS Slave URI: [http://robot-desktop:42651/]
[xmlrpc][INFO] 2022-05-05 16:18:00,122: Started XML-RPC server [http://robot-desktop:42651/]
[rospy.impl.masterslave][INFO] 2022-05-05 16:18:00,122: _ready: http://robot-desktop:42651/
[rospy.registration][INFO] 2022-05-05 16:18:00,136: Registering with master node http://robot-desktop:11311
[xmlrpc][INFO] 2022-05-05 16:18:00,146: xml rpc node: starting XML-RPC server
[rospy.init][INFO] 2022-05-05 16:18:00,222: registered with master
[rospy.internal][INFO] 2022-05-05 16:18:00,486: topic[/car/mux/ackermann_cmd_mux/input/default] adding connection to [/car/mux/nodelet_manager], count 0
[rospy.core][INFO] 2022-05-05 16:19:47,593: signal_shutdown [signal-2]
[rospy.internal][INFO] 2022-05-05 16:19:47,617: topic[/car/mux/ackermann_cmd_mux/input/default] removing connection to /car/mux/nodelet_manager
[rospy.impl.masterslave][INFO] 2022-05-05 16:19:47,618: signal-2
[rospy.core][INFO] 2022-05-05 16:19:48,243: signal_shutdown [atexit]
[rospy.client][INFO] 2022-05-05 16:24:21,280: init_node, name[/car/mux/zero_ackermann_cmd], pid[26878]
[xmlrpc][INFO] 2022-05-05 16:24:21,283: XML-RPC server binding to 0.0.0.0:0
[rospy.init][INFO] 2022-05-05 16:24:21,285: ROS Slave URI: [http://robot-desktop:39515/]
[xmlrpc][INFO] 2022-05-05 16:24:21,286: Started XML-RPC server [http://robot-desktop:39515/]
[rospy.impl.masterslave][INFO] 2022-05-05 16:24:21,287: _ready: http://robot-desktop:39515/
[xmlrpc][INFO] 2022-05-05 16:24:21,288: xml rpc node: starting XML-RPC server
[rospy.registration][INFO] 2022-05-05 16:24:21,289: Registering with master node http://robot-desktop:11311
[rospy.init][INFO] 2022-05-05 16:24:21,386: registered with master
[rospy.internal][INFO] 2022-05-05 16:24:21,678: topic[/car/mux/ackermann_cmd_mux/input/default] adding connection to [/car/mux/nodelet_manager], count 0
[rospy.core][INFO] 2022-05-05 16:24:49,337: signal_shutdown [signal-2]
[rospy.internal][INFO] 2022-05-05 16:24:49,366: topic[/car/mux/ackermann_cmd_mux/input/default] removing connection to /car/mux/nodelet_manager
[rospy.impl.masterslave][INFO] 2022-05-05 16:24:49,366: signal-2
[rospy.core][INFO] 2022-05-05 16:24:49,985: signal_shutdown [atexit]
[rospy.client][INFO] 2022-05-05 16:26:26,171: init_node, name[/car/mux/zero_ackermann_cmd], pid[27596]
[xmlrpc][INFO] 2022-05-05 16:26:26,182: XML-RPC server binding to 0.0.0.0:0
[rospy.init][INFO] 2022-05-05 16:26:26,184: ROS Slave URI: [http://robot-desktop:46875/]
[xmlrpc][INFO] 2022-05-05 16:26:26,186: Started XML-RPC server [http://robot-desktop:46875/]
[rospy.impl.masterslave][INFO] 2022-05-05 16:26:26,199: _ready: http://robot-desktop:46875/
[xmlrpc][INFO] 2022-05-05 16:26:26,212: xml rpc node: starting XML-RPC server
[rospy.registration][INFO] 2022-05-05 16:26:26,220: Registering with master node http://robot-desktop:11311
[rospy.init][INFO] 2022-05-05 16:26:26,285: registered with master
[rospy.internal][INFO] 2022-05-05 16:26:26,621: topic[/car/mux/ackermann_cmd_mux/input/default] adding connection to [/car/mux/nodelet_manager], count 0
[rospy.core][INFO] 2022-05-05 16:26:59,362: signal_shutdown [signal-2]
[rospy.internal][INFO] 2022-05-05 16:26:59,404: topic[/car/mux/ackermann_cmd_mux/input/default] removing connection to /car/mux/nodelet_manager
[rospy.impl.masterslave][INFO] 2022-05-05 16:26:59,405: signal-2
[rospy.core][INFO] 2022-05-05 16:26:59,527: signal_shutdown [atexit]
[rospy.client][INFO] 2022-05-05 16:28:25,354: init_node, name[/car/mux/zero_ackermann_cmd], pid[29560]
[xmlrpc][INFO] 2022-05-05 16:28:25,356: XML-RPC server binding to 0.0.0.0:0
[rospy.init][INFO] 2022-05-05 16:28:25,360: ROS Slave URI: [http://robot-desktop:43461/]
[xmlrpc][INFO] 2022-05-05 16:28:25,361: Started XML-RPC server [http://robot-desktop:43461/]
[rospy.impl.masterslave][INFO] 2022-05-05 16:28:25,362: _ready: http://robot-desktop:43461/
[xmlrpc][INFO] 2022-05-05 16:28:25,364: xml rpc node: starting XML-RPC server
[rospy.registration][INFO] 2022-05-05 16:28:25,379: Registering with master node http://robot-desktop:11311
[rospy.init][INFO] 2022-05-05 16:28:25,461: registered with master
[rospy.internal][INFO] 2022-05-05 16:28:25,787: topic[/car/mux/ackermann_cmd_mux/input/default] adding connection to [/car/mux/nodelet_manager], count 0
[rospy.core][INFO] 2022-05-05 16:28:32,380: signal_shutdown [signal-2]
[rospy.internal][INFO] 2022-05-05 16:28:32,434: topic[/car/mux/ackermann_cmd_mux/input/default] removing connection to /car/mux/nodelet_manager
[rospy.impl.masterslave][INFO] 2022-05-05 16:28:32,435: signal-2
[rospy.core][INFO] 2022-05-05 16:28:33,011: signal_shutdown [atexit]
[rospy.client][INFO] 2022-05-05 16:30:15,590: init_node, name[/car/mux/zero_ackermann_cmd], pid[30238]
[xmlrpc][INFO] 2022-05-05 16:30:15,591: XML-RPC server binding to 0.0.0.0:0
[rospy.init][INFO] 2022-05-05 16:30:15,594: ROS Slave URI: [http://robot-desktop:39141/]
[xmlrpc][INFO] 2022-05-05 16:30:15,594: Started XML-RPC server [http://robot-desktop:39141/]
[rospy.impl.masterslave][INFO] 2022-05-05 16:30:15,595: _ready: http://robot-desktop:39141/
[xmlrpc][INFO] 2022-05-05 16:30:15,596: xml rpc node: starting XML-RPC server
[rospy.registration][INFO] 2022-05-05 16:30:15,597: Registering with master node http://robot-desktop:11311
[rospy.init][INFO] 2022-05-05 16:30:15,695: registered with master
[rospy.internal][INFO] 2022-05-05 16:30:15,987: topic[/car/mux/ackermann_cmd_mux/input/default] adding connection to [/car/mux/nodelet_manager], count 0
[rospy.core][INFO] 2022-05-05 16:30:35,330: signal_shutdown [signal-2]
[rospy.internal][INFO] 2022-05-05 16:30:35,407: topic[/car/mux/ackermann_cmd_mux/input/default] removing connection to /car/mux/nodelet_manager
[rospy.impl.masterslave][INFO] 2022-05-05 16:30:35,408: signal-2
[rospy.core][INFO] 2022-05-05 16:30:35,979: signal_shutdown [atexit]
[rospy.client][INFO] 2022-05-05 16:33:29,075: init_node, name[/car/mux/zero_ackermann_cmd], pid[30937]
[xmlrpc][INFO] 2022-05-05 16:33:29,078: XML-RPC server binding to 0.0.0.0:0
[rospy.init][INFO] 2022-05-05 16:33:29,083: ROS Slave URI: [http://robot-desktop:36175/]
[xmlrpc][INFO] 2022-05-05 16:33:29,084: Started XML-RPC server [http://robot-desktop:36175/]
[rospy.impl.masterslave][INFO] 2022-05-05 16:33:29,084: _ready: http://robot-desktop:36175/
[xmlrpc][INFO] 2022-05-05 16:33:29,089: xml rpc node: starting XML-RPC server
[rospy.registration][INFO] 2022-05-05 16:33:29,090: Registering with master node http://robot-desktop:11311
[rospy.init][INFO] 2022-05-05 16:33:29,184: registered with master
[rospy.internal][INFO] 2022-05-05 16:33:29,485: topic[/car/mux/ackermann_cmd_mux/input/default] adding connection to [/car/mux/nodelet_manager], count 0
[rospy.core][INFO] 2022-05-05 16:33:46,192: signal_shutdown [signal-2]
[rospy.internal][INFO] 2022-05-05 16:33:46,211: topic[/car/mux/ackermann_cmd_mux/input/default] removing connection to /car/mux/nodelet_manager
[rospy.impl.masterslave][INFO] 2022-05-05 16:33:46,212: signal-2
[rospy.core][INFO] 2022-05-05 16:33:46,332: signal_shutdown [atexit]
[rospy.client][INFO] 2022-05-05 16:37:01,472: init_node, name[/car/mux/zero_ackermann_cmd], pid[31609]
[xmlrpc][INFO] 2022-05-05 16:37:01,488: XML-RPC server binding to 0.0.0.0:0
[xmlrpc][INFO] 2022-05-05 16:37:01,493: Started XML-RPC server [http://robot-desktop:39221/]
[rospy.init][INFO] 2022-05-05 16:37:01,494: ROS Slave URI: [http://robot-desktop:39221/]
[rospy.impl.masterslave][INFO] 2022-05-05 16:37:01,495: _ready: http://robot-desktop:39221/
[rospy.registration][INFO] 2022-05-05 16:37:01,505: Registering with master node http://robot-desktop:11311
[xmlrpc][INFO] 2022-05-05 16:37:01,506: xml rpc node: starting XML-RPC server
[rospy.init][INFO] 2022-05-05 16:37:01,596: registered with master
[rospy.internal][INFO] 2022-05-05 16:37:01,881: topic[/car/mux/ackermann_cmd_mux/input/default] adding connection to [/car/mux/nodelet_manager], count 0
[rospy.core][INFO] 2022-05-05 16:37:38,178: signal_shutdown [signal-2]
[rospy.internal][INFO] 2022-05-05 16:37:38,187: topic[/car/mux/ackermann_cmd_mux/input/default] removing connection to /car/mux/nodelet_manager
[rospy.impl.masterslave][INFO] 2022-05-05 16:37:38,188: signal-2
[rospy.core][INFO] 2022-05-05 16:37:38,809: signal_shutdown [atexit]
[rospy.client][INFO] 2022-05-05 16:40:22,802: init_node, name[/car/mux/zero_ackermann_cmd], pid[304]
[xmlrpc][INFO] 2022-05-05 16:40:22,808: XML-RPC server binding to 0.0.0.0:0
[rospy.init][INFO] 2022-05-05 16:40:22,812: ROS Slave URI: [http://robot-desktop:43737/]
[xmlrpc][INFO] 2022-05-05 16:40:22,813: Started XML-RPC server [http://robot-desktop:43737/]
[rospy.impl.masterslave][INFO] 2022-05-05 16:40:22,813: _ready: http://robot-desktop:43737/
[xmlrpc][INFO] 2022-05-05 16:40:22,815: xml rpc node: starting XML-RPC server
[rospy.registration][INFO] 2022-05-05 16:40:22,817: Registering with master node http://robot-desktop:11311
[rospy.init][INFO] 2022-05-05 16:40:22,913: registered with master
[rospy.internal][INFO] 2022-05-05 16:40:23,246: topic[/car/mux/ackermann_cmd_mux/input/default] adding connection to [/car/mux/nodelet_manager], count 0
[rospy.core][INFO] 2022-05-05 16:42:02,653: signal_shutdown [signal-2]
[rospy.internal][INFO] 2022-05-05 16:42:02,678: topic[/car/mux/ackermann_cmd_mux/input/default] removing connection to /car/mux/nodelet_manager
[rospy.impl.masterslave][INFO] 2022-05-05 16:42:02,679: signal-2
[rospy.core][INFO] 2022-05-05 16:42:02,802: signal_shutdown [atexit]
