[rospy.client][INFO] 2022-05-05 15:36:21,833: init_node, name[/car/vesc/throttle_interpolator], pid[6982]
[xmlrpc][INFO] 2022-05-05 15:36:21,835: XML-RPC server binding to 0.0.0.0:0
[rospy.init][INFO] 2022-05-05 15:36:21,840: ROS Slave URI: [http://robot-desktop:46435/]
[xmlrpc][INFO] 2022-05-05 15:36:21,845: Started XML-RPC server [http://robot-desktop:46435/]
[rospy.impl.masterslave][INFO] 2022-05-05 15:36:21,846: _ready: http://robot-desktop:46435/
[rospy.registration][INFO] 2022-05-05 15:36:21,849: Registering with master node http://robot-desktop:11311
[xmlrpc][INFO] 2022-05-05 15:36:21,852: xml rpc node: starting XML-RPC server
[rospy.init][INFO] 2022-05-05 15:36:21,942: registered with master
[rospy.rosout][INFO] 2022-05-05 15:36:21,942: initializing /rosout core topic
[rospy.rosout][INFO] 2022-05-05 15:36:21,956: connected to core topic /rosout
[rospy.simtime][INFO] 2022-05-05 15:36:21,962: /use_sim_time is not set, will not subscribe to simulated time [/clock] topic
[rospy.internal][INFO] 2022-05-05 15:36:22,260: topic[/rosout] adding connection to [/rosout], count 0
[rospy.internal][INFO] 2022-05-05 15:36:22,275: topic[/car/vesc/commands/servo/unsmoothed_position] adding connection to [http://robot-desktop:42971/], count 0
[rospy.internal][INFO] 2022-05-05 15:36:22,279: topic[/car/vesc/commands/motor/unsmoothed_speed] adding connection to [http://robot-desktop:42971/], count 0
[rospy.internal][INFO] 2022-05-05 15:36:22,457: topic[/car/vesc/commands/motor/speed] adding connection to [/car/vesc/vesc_driver], count 0
[rospy.internal][INFO] 2022-05-05 15:36:22,458: topic[/car/vesc/commands/servo/position] adding connection to [/car/vesc/vesc_driver], count 0
[rospy.core][INFO] 2022-05-05 15:37:17,351: signal_shutdown [signal-2]
[rospy.internal][INFO] 2022-05-05 15:37:17,437: topic[/car/vesc/commands/motor/speed] removing connection to /car/vesc/vesc_driver
[rospy.internal][INFO] 2022-05-05 15:37:17,438: topic[/rosout] removing connection to /rosout
[rospy.internal][INFO] 2022-05-05 15:37:17,441: topic[/car/vesc/commands/servo/position] removing connection to /car/vesc/vesc_driver
[rospy.internal][INFO] 2022-05-05 15:37:17,469: topic[/car/vesc/commands/motor/unsmoothed_speed] removing connection to http://robot-desktop:42971/
[rospy.internal][INFO] 2022-05-05 15:37:17,471: topic[/car/vesc/commands/servo/unsmoothed_position] removing connection to http://robot-desktop:42971/
[rospy.impl.masterslave][INFO] 2022-05-05 15:37:17,472: signal-2
[rospy.core][INFO] 2022-05-05 15:37:17,992: signal_shutdown [atexit]
[rospy.client][INFO] 2022-05-05 15:42:03,212: init_node, name[/car/vesc/throttle_interpolator], pid[12773]
[xmlrpc][INFO] 2022-05-05 15:42:03,213: XML-RPC server binding to 0.0.0.0:0
[rospy.init][INFO] 2022-05-05 15:42:03,216: ROS Slave URI: [http://robot-desktop:37901/]
[xmlrpc][INFO] 2022-05-05 15:42:03,217: Started XML-RPC server [http://robot-desktop:37901/]
[rospy.impl.masterslave][INFO] 2022-05-05 15:42:03,217: _ready: http://robot-desktop:37901/
[xmlrpc][INFO] 2022-05-05 15:42:03,224: xml rpc node: starting XML-RPC server
[rospy.registration][INFO] 2022-05-05 15:42:03,226: Registering with master node http://robot-desktop:11311
[rospy.init][INFO] 2022-05-05 15:42:03,317: registered with master
[rospy.rosout][INFO] 2022-05-05 15:42:03,317: initializing /rosout core topic
[rospy.rosout][INFO] 2022-05-05 15:42:03,355: connected to core topic /rosout
[rospy.simtime][INFO] 2022-05-05 15:42:03,379: /use_sim_time is not set, will not subscribe to simulated time [/clock] topic
[rospy.internal][INFO] 2022-05-05 15:42:03,578: topic[/rosout] adding connection to [/rosout], count 0
[rospy.internal][INFO] 2022-05-05 15:42:04,005: topic[/car/vesc/commands/servo/unsmoothed_position] adding connection to [http://robot-desktop:45841/], count 0
[rospy.internal][INFO] 2022-05-05 15:42:04,011: topic[/car/vesc/commands/motor/unsmoothed_speed] adding connection to [http://robot-desktop:45841/], count 0
[rospy.internal][INFO] 2022-05-05 15:42:04,196: topic[/car/vesc/commands/motor/speed] adding connection to [/car/vesc/vesc_driver], count 0
[rospy.internal][INFO] 2022-05-05 15:42:04,207: topic[/car/vesc/commands/servo/position] adding connection to [/car/vesc/vesc_driver], count 0
[rospy.core][INFO] 2022-05-05 15:42:45,554: signal_shutdown [signal-2]
[rospy.internal][INFO] 2022-05-05 15:42:45,581: topic[/car/vesc/commands/motor/speed] removing connection to /car/vesc/vesc_driver
[rospy.internal][INFO] 2022-05-05 15:42:45,582: topic[/rosout] removing connection to /rosout
[rospy.internal][INFO] 2022-05-05 15:42:45,585: topic[/car/vesc/commands/servo/position] removing connection to /car/vesc/vesc_driver
[rospy.internal][INFO] 2022-05-05 15:42:45,587: topic[/car/vesc/commands/motor/unsmoothed_speed] removing connection to http://robot-desktop:45841/
[rospy.internal][INFO] 2022-05-05 15:42:45,589: topic[/car/vesc/commands/servo/unsmoothed_position] removing connection to http://robot-desktop:45841/
[rospy.impl.masterslave][INFO] 2022-05-05 15:42:45,590: signal-2
[rospy.internal][WARNING] 2022-05-05 15:42:46,034: Unknown error initiating TCP/IP socket to robot-desktop:52895 (http://robot-desktop:45841/): Traceback (most recent call last):
  File "/opt/ros/melodic/lib/python2.7/dist-packages/rospy/impl/tcpros_base.py", line 562, in connect
    self.read_header()
  File "/opt/ros/melodic/lib/python2.7/dist-packages/rospy/impl/tcpros_base.py", line 657, in read_header
    self._validate_header(read_ros_handshake_header(sock, self.read_buff, self.protocol.buff_size))
  File "/opt/ros/melodic/lib/python2.7/dist-packages/rosgraph/network.py", line 357, in read_ros_handshake_header
    d = sock.recv(buff_size)
error: [Errno 104] Connection reset by peer

[rospy.internal][WARNING] 2022-05-05 15:42:46,034: Unknown error initiating TCP/IP socket to robot-desktop:52895 (http://robot-desktop:45841/): Traceback (most recent call last):
  File "/opt/ros/melodic/lib/python2.7/dist-packages/rospy/impl/tcpros_base.py", line 562, in connect
    self.read_header()
  File "/opt/ros/melodic/lib/python2.7/dist-packages/rospy/impl/tcpros_base.py", line 657, in read_header
    self._validate_header(read_ros_handshake_header(sock, self.read_buff, self.protocol.buff_size))
  File "/opt/ros/melodic/lib/python2.7/dist-packages/rosgraph/network.py", line 357, in read_ros_handshake_header
    d = sock.recv(buff_size)
error: [Errno 104] Connection reset by peer

[rospy.core][INFO] 2022-05-05 15:42:46,207: signal_shutdown [atexit]
