[rospy.client][INFO] 2022-05-05 18:59:08,377: init_node, name[/car/vesc/throttle_interpolator], pid[17929]
[xmlrpc][INFO] 2022-05-05 18:59:08,410: XML-RPC server binding to 0.0.0.0:0
[rospy.init][INFO] 2022-05-05 18:59:08,413: ROS Slave URI: [http://robot-desktop:41927/]
[xmlrpc][INFO] 2022-05-05 18:59:08,414: Started XML-RPC server [http://robot-desktop:41927/]
[rospy.impl.masterslave][INFO] 2022-05-05 18:59:08,414: _ready: http://robot-desktop:41927/
[xmlrpc][INFO] 2022-05-05 18:59:08,416: xml rpc node: starting XML-RPC server
[rospy.registration][INFO] 2022-05-05 18:59:08,424: Registering with master node http://robot-desktop:11311
[rospy.init][INFO] 2022-05-05 18:59:08,514: registered with master
[rospy.rosout][INFO] 2022-05-05 18:59:08,515: initializing /rosout core topic
[rospy.rosout][INFO] 2022-05-05 18:59:08,559: connected to core topic /rosout
[rospy.simtime][INFO] 2022-05-05 18:59:08,619: /use_sim_time is not set, will not subscribe to simulated time [/clock] topic
[rospy.internal][INFO] 2022-05-05 18:59:08,801: topic[/rosout] adding connection to [/rosout], count 0
[rospy.internal][INFO] 2022-05-05 18:59:09,373: topic[/car/vesc/commands/servo/unsmoothed_position] adding connection to [http://robot-desktop:37189/], count 0
[rospy.internal][INFO] 2022-05-05 18:59:09,386: topic[/car/vesc/commands/motor/unsmoothed_speed] adding connection to [http://robot-desktop:37189/], count 0
[rospy.internal][INFO] 2022-05-05 18:59:09,525: topic[/car/vesc/commands/motor/speed] adding connection to [/car/vesc/vesc_driver], count 0
[rospy.internal][INFO] 2022-05-05 18:59:09,533: topic[/car/vesc/commands/servo/position] adding connection to [/car/vesc/vesc_driver], count 0
[rospy.core][INFO] 2022-05-05 18:59:19,229: signal_shutdown [signal-2]
[rospy.internal][INFO] 2022-05-05 18:59:19,294: topic[/car/vesc/commands/motor/speed] removing connection to /car/vesc/vesc_driver
[rospy.internal][INFO] 2022-05-05 18:59:19,296: topic[/rosout] removing connection to /rosout
[rospy.internal][INFO] 2022-05-05 18:59:19,296: topic[/car/vesc/commands/servo/position] removing connection to /car/vesc/vesc_driver
[rospy.internal][INFO] 2022-05-05 18:59:19,299: topic[/car/vesc/commands/motor/unsmoothed_speed] removing connection to http://robot-desktop:37189/
[rospy.internal][INFO] 2022-05-05 18:59:19,300: topic[/car/vesc/commands/servo/unsmoothed_position] removing connection to http://robot-desktop:37189/
[rospy.internal][WARNING] 2022-05-05 18:59:19,301: Unknown error initiating TCP/IP socket to robot-desktop:35247 (http://robot-desktop:37189/): Traceback (most recent call last):
  File "/opt/ros/melodic/lib/python2.7/dist-packages/rospy/impl/tcpros_base.py", line 563, in connect
    self.local_endpoint = self.socket.getsockname()
AttributeError: 'NoneType' object has no attribute 'getsockname'

[rospy.impl.masterslave][INFO] 2022-05-05 18:59:19,303: signal-2
[rospy.core][INFO] 2022-05-05 18:59:19,871: signal_shutdown [atexit]
[rospy.client][INFO] 2022-05-05 19:04:06,012: init_node, name[/car/vesc/throttle_interpolator], pid[18813]
[xmlrpc][INFO] 2022-05-05 19:04:06,022: XML-RPC server binding to 0.0.0.0:0
[rospy.init][INFO] 2022-05-05 19:04:06,027: ROS Slave URI: [http://robot-desktop:37619/]
[xmlrpc][INFO] 2022-05-05 19:04:06,028: Started XML-RPC server [http://robot-desktop:37619/]
[rospy.impl.masterslave][INFO] 2022-05-05 19:04:06,028: _ready: http://robot-desktop:37619/
[xmlrpc][INFO] 2022-05-05 19:04:06,030: xml rpc node: starting XML-RPC server
[rospy.registration][INFO] 2022-05-05 19:04:06,042: Registering with master node http://robot-desktop:11311
[rospy.init][INFO] 2022-05-05 19:04:06,128: registered with master
[rospy.rosout][INFO] 2022-05-05 19:04:06,129: initializing /rosout core topic
[rospy.rosout][INFO] 2022-05-05 19:04:06,161: connected to core topic /rosout
[rospy.simtime][INFO] 2022-05-05 19:04:06,181: /use_sim_time is not set, will not subscribe to simulated time [/clock] topic
[rospy.internal][INFO] 2022-05-05 19:04:06,331: topic[/rosout] adding connection to [/rosout], count 0
[rospy.internal][INFO] 2022-05-05 19:04:06,563: topic[/car/vesc/commands/servo/unsmoothed_position] adding connection to [http://robot-desktop:35901/], count 0
[rospy.internal][INFO] 2022-05-05 19:04:06,577: topic[/car/vesc/commands/motor/unsmoothed_speed] adding connection to [http://robot-desktop:35901/], count 0
[rospy.internal][INFO] 2022-05-05 19:04:06,825: topic[/car/vesc/commands/motor/speed] adding connection to [/car/vesc/vesc_driver], count 0
[rospy.internal][INFO] 2022-05-05 19:04:06,826: topic[/car/vesc/commands/servo/position] adding connection to [/car/vesc/vesc_driver], count 0
[rospy.core][INFO] 2022-05-05 19:04:11,253: signal_shutdown [signal-2]
[rospy.internal][INFO] 2022-05-05 19:04:11,299: topic[/car/vesc/commands/motor/speed] removing connection to /car/vesc/vesc_driver
[rospy.internal][INFO] 2022-05-05 19:04:11,307: topic[/rosout] removing connection to /rosout
[rospy.internal][INFO] 2022-05-05 19:04:11,308: topic[/car/vesc/commands/servo/position] removing connection to /car/vesc/vesc_driver
[rospy.internal][INFO] 2022-05-05 19:04:11,322: topic[/car/vesc/commands/motor/unsmoothed_speed] removing connection to http://robot-desktop:35901/
[rospy.internal][INFO] 2022-05-05 19:04:11,323: topic[/car/vesc/commands/servo/unsmoothed_position] removing connection to http://robot-desktop:35901/
[rospy.impl.masterslave][INFO] 2022-05-05 19:04:11,323: signal-2
[rospy.internal][WARNING] 2022-05-05 19:04:11,688: Unknown error initiating TCP/IP socket to robot-desktop:57923 (http://robot-desktop:35901/): Traceback (most recent call last):
  File "/opt/ros/melodic/lib/python2.7/dist-packages/rospy/impl/tcpros_base.py", line 562, in connect
    self.read_header()
  File "/opt/ros/melodic/lib/python2.7/dist-packages/rospy/impl/tcpros_base.py", line 657, in read_header
    self._validate_header(read_ros_handshake_header(sock, self.read_buff, self.protocol.buff_size))
  File "/opt/ros/melodic/lib/python2.7/dist-packages/rosgraph/network.py", line 357, in read_ros_handshake_header
    d = sock.recv(buff_size)
error: [Errno 104] Connection reset by peer

[rospy.core][INFO] 2022-05-05 19:04:11,944: signal_shutdown [atexit]
[rospy.client][INFO] 2022-05-05 19:06:05,496: init_node, name[/car/vesc/throttle_interpolator], pid[19442]
[xmlrpc][INFO] 2022-05-05 19:06:05,498: XML-RPC server binding to 0.0.0.0:0
[rospy.init][INFO] 2022-05-05 19:06:05,500: ROS Slave URI: [http://robot-desktop:39665/]
[xmlrpc][INFO] 2022-05-05 19:06:05,503: Started XML-RPC server [http://robot-desktop:39665/]
[rospy.impl.masterslave][INFO] 2022-05-05 19:06:05,503: _ready: http://robot-desktop:39665/
[xmlrpc][INFO] 2022-05-05 19:06:05,529: xml rpc node: starting XML-RPC server
[rospy.registration][INFO] 2022-05-05 19:06:05,531: Registering with master node http://robot-desktop:11311
[rospy.init][INFO] 2022-05-05 19:06:05,603: registered with master
[rospy.rosout][INFO] 2022-05-05 19:06:05,604: initializing /rosout core topic
[rospy.rosout][INFO] 2022-05-05 19:06:05,625: connected to core topic /rosout
[rospy.simtime][INFO] 2022-05-05 19:06:05,644: /use_sim_time is not set, will not subscribe to simulated time [/clock] topic
[rospy.internal][INFO] 2022-05-05 19:06:05,872: topic[/rosout] adding connection to [/rosout], count 0
[rospy.internal][INFO] 2022-05-05 19:06:06,201: topic[/car/vesc/commands/motor/unsmoothed_speed] adding connection to [http://robot-desktop:45105/], count 0
[rospy.internal][INFO] 2022-05-05 19:06:06,220: topic[/car/vesc/commands/servo/unsmoothed_position] adding connection to [http://robot-desktop:45105/], count 0
[rospy.internal][INFO] 2022-05-05 19:06:06,391: topic[/car/vesc/commands/motor/speed] adding connection to [/car/vesc/vesc_driver], count 0
[rospy.internal][INFO] 2022-05-05 19:06:06,393: topic[/car/vesc/commands/servo/position] adding connection to [/car/vesc/vesc_driver], count 0
[rospy.core][INFO] 2022-05-05 19:06:11,275: signal_shutdown [signal-2]
[rospy.internal][INFO] 2022-05-05 19:06:11,343: topic[/car/vesc/commands/motor/speed] removing connection to /car/vesc/vesc_driver
[rospy.internal][INFO] 2022-05-05 19:06:11,353: topic[/rosout] removing connection to /rosout
[rospy.internal][INFO] 2022-05-05 19:06:11,354: topic[/car/vesc/commands/servo/position] removing connection to /car/vesc/vesc_driver
[rospy.internal][INFO] 2022-05-05 19:06:11,359: topic[/car/vesc/commands/motor/unsmoothed_speed] removing connection to http://robot-desktop:45105/
[rospy.internal][INFO] 2022-05-05 19:06:11,363: topic[/car/vesc/commands/servo/unsmoothed_position] removing connection to http://robot-desktop:45105/
[rospy.impl.masterslave][INFO] 2022-05-05 19:06:11,364: signal-2
[rospy.core][INFO] 2022-05-05 19:06:11,913: signal_shutdown [atexit]
[rospy.client][INFO] 2022-05-05 19:10:35,876: init_node, name[/car/vesc/throttle_interpolator], pid[20102]
[xmlrpc][INFO] 2022-05-05 19:10:35,879: XML-RPC server binding to 0.0.0.0:0
[rospy.init][INFO] 2022-05-05 19:10:35,881: ROS Slave URI: [http://robot-desktop:44019/]
[xmlrpc][INFO] 2022-05-05 19:10:35,881: Started XML-RPC server [http://robot-desktop:44019/]
[rospy.impl.masterslave][INFO] 2022-05-05 19:10:35,882: _ready: http://robot-desktop:44019/
[rospy.registration][INFO] 2022-05-05 19:10:35,897: Registering with master node http://robot-desktop:11311
[xmlrpc][INFO] 2022-05-05 19:10:35,901: xml rpc node: starting XML-RPC server
[rospy.init][INFO] 2022-05-05 19:10:35,982: registered with master
[rospy.rosout][INFO] 2022-05-05 19:10:35,982: initializing /rosout core topic
[rospy.rosout][INFO] 2022-05-05 19:10:36,009: connected to core topic /rosout
[rospy.simtime][INFO] 2022-05-05 19:10:36,038: /use_sim_time is not set, will not subscribe to simulated time [/clock] topic
[rospy.internal][INFO] 2022-05-05 19:10:36,148: topic[/rosout] adding connection to [/rosout], count 0
[rospy.internal][INFO] 2022-05-05 19:10:36,579: topic[/car/vesc/commands/servo/unsmoothed_position] adding connection to [http://robot-desktop:39601/], count 0
[rospy.internal][INFO] 2022-05-05 19:10:36,594: topic[/car/vesc/commands/motor/unsmoothed_speed] adding connection to [http://robot-desktop:39601/], count 0
[rospy.internal][INFO] 2022-05-05 19:10:36,757: topic[/car/vesc/commands/motor/speed] adding connection to [/car/vesc/vesc_driver], count 0
[rospy.internal][INFO] 2022-05-05 19:10:36,760: topic[/car/vesc/commands/servo/position] adding connection to [/car/vesc/vesc_driver], count 0
[rospy.core][INFO] 2022-05-05 19:10:41,621: signal_shutdown [signal-2]
[rospy.internal][INFO] 2022-05-05 19:10:41,712: topic[/car/vesc/commands/motor/speed] removing connection to /car/vesc/vesc_driver
[rospy.internal][INFO] 2022-05-05 19:10:41,714: topic[/rosout] removing connection to /rosout
[rospy.internal][INFO] 2022-05-05 19:10:41,714: topic[/car/vesc/commands/servo/position] removing connection to /car/vesc/vesc_driver
[rospy.internal][INFO] 2022-05-05 19:10:41,722: topic[/car/vesc/commands/motor/unsmoothed_speed] removing connection to http://robot-desktop:39601/
[rospy.internal][WARNING] 2022-05-05 19:10:41,725: Unknown error initiating TCP/IP socket to robot-desktop:54297 (http://robot-desktop:39601/): Traceback (most recent call last):
  File "/opt/ros/melodic/lib/python2.7/dist-packages/rospy/impl/tcpros_base.py", line 562, in connect
    self.read_header()
  File "/opt/ros/melodic/lib/python2.7/dist-packages/rospy/impl/tcpros_base.py", line 657, in read_header
    self._validate_header(read_ros_handshake_header(sock, self.read_buff, self.protocol.buff_size))
AttributeError: 'NoneType' object has no attribute 'buff_size'

[rospy.internal][INFO] 2022-05-05 19:10:41,726: topic[/car/vesc/commands/servo/unsmoothed_position] removing connection to http://robot-desktop:39601/
[rospy.internal][INFO] 2022-05-05 19:10:41,726: topic[/car/vesc/commands/servo/unsmoothed_position] removing connection to http://robot-desktop:39601/
[rospy.impl.masterslave][INFO] 2022-05-05 19:10:41,727: signal-2
[rospy.core][INFO] 2022-05-05 19:10:42,244: signal_shutdown [atexit]
[rospy.client][INFO] 2022-05-05 19:11:33,224: init_node, name[/car/vesc/throttle_interpolator], pid[20723]
[xmlrpc][INFO] 2022-05-05 19:11:33,234: XML-RPC server binding to 0.0.0.0:0
[rospy.init][INFO] 2022-05-05 19:11:33,239: ROS Slave URI: [http://robot-desktop:46119/]
[xmlrpc][INFO] 2022-05-05 19:11:33,240: Started XML-RPC server [http://robot-desktop:46119/]
[rospy.impl.masterslave][INFO] 2022-05-05 19:11:33,240: _ready: http://robot-desktop:46119/
[xmlrpc][INFO] 2022-05-05 19:11:33,249: xml rpc node: starting XML-RPC server
[rospy.registration][INFO] 2022-05-05 19:11:33,251: Registering with master node http://robot-desktop:11311
[rospy.init][INFO] 2022-05-05 19:11:33,340: registered with master
[rospy.rosout][INFO] 2022-05-05 19:11:33,341: initializing /rosout core topic
[rospy.rosout][INFO] 2022-05-05 19:11:33,380: connected to core topic /rosout
[rospy.simtime][INFO] 2022-05-05 19:11:33,399: /use_sim_time is not set, will not subscribe to simulated time [/clock] topic
[rospy.internal][INFO] 2022-05-05 19:11:33,650: topic[/rosout] adding connection to [/rosout], count 0
[rospy.internal][INFO] 2022-05-05 19:11:34,014: topic[/car/vesc/commands/motor/unsmoothed_speed] adding connection to [http://robot-desktop:40421/], count 0
[rospy.internal][INFO] 2022-05-05 19:11:34,025: topic[/car/vesc/commands/servo/unsmoothed_position] adding connection to [http://robot-desktop:40421/], count 0
[rospy.internal][INFO] 2022-05-05 19:11:34,175: topic[/car/vesc/commands/motor/speed] adding connection to [/car/vesc/vesc_driver], count 0
[rospy.internal][INFO] 2022-05-05 19:11:34,178: topic[/car/vesc/commands/servo/position] adding connection to [/car/vesc/vesc_driver], count 0
[rospy.core][INFO] 2022-05-05 19:11:39,364: signal_shutdown [signal-2]
[rospy.internal][INFO] 2022-05-05 19:11:39,433: topic[/car/vesc/commands/motor/speed] removing connection to /car/vesc/vesc_driver
[rospy.internal][INFO] 2022-05-05 19:11:39,434: topic[/rosout] removing connection to /rosout
[rospy.internal][INFO] 2022-05-05 19:11:39,435: topic[/car/vesc/commands/servo/position] removing connection to /car/vesc/vesc_driver
[rospy.internal][INFO] 2022-05-05 19:11:39,437: topic[/car/vesc/commands/motor/unsmoothed_speed] removing connection to http://robot-desktop:40421/
[rospy.internal][INFO] 2022-05-05 19:11:39,438: topic[/car/vesc/commands/servo/unsmoothed_position] removing connection to http://robot-desktop:40421/
[rospy.impl.masterslave][INFO] 2022-05-05 19:11:39,439: signal-2
[rospy.internal][WARNING] 2022-05-05 19:11:39,847: Unknown error initiating TCP/IP socket to robot-desktop:47923 (http://robot-desktop:40421/): Traceback (most recent call last):
  File "/opt/ros/melodic/lib/python2.7/dist-packages/rospy/impl/tcpros_base.py", line 562, in connect
    self.read_header()
  File "/opt/ros/melodic/lib/python2.7/dist-packages/rospy/impl/tcpros_base.py", line 657, in read_header
    self._validate_header(read_ros_handshake_header(sock, self.read_buff, self.protocol.buff_size))
  File "/opt/ros/melodic/lib/python2.7/dist-packages/rosgraph/network.py", line 357, in read_ros_handshake_header
    d = sock.recv(buff_size)
error: [Errno 104] Connection reset by peer

[rospy.core][INFO] 2022-05-05 19:11:40,057: signal_shutdown [atexit]
[rospy.client][INFO] 2022-05-05 19:13:09,706: init_node, name[/car/vesc/throttle_interpolator], pid[21363]
[xmlrpc][INFO] 2022-05-05 19:13:09,718: XML-RPC server binding to 0.0.0.0:0
[rospy.init][INFO] 2022-05-05 19:13:09,720: ROS Slave URI: [http://robot-desktop:41201/]
[xmlrpc][INFO] 2022-05-05 19:13:09,721: Started XML-RPC server [http://robot-desktop:41201/]
[rospy.impl.masterslave][INFO] 2022-05-05 19:13:09,722: _ready: http://robot-desktop:41201/
[xmlrpc][INFO] 2022-05-05 19:13:09,736: xml rpc node: starting XML-RPC server
[rospy.registration][INFO] 2022-05-05 19:13:09,738: Registering with master node http://robot-desktop:11311
[rospy.init][INFO] 2022-05-05 19:13:09,821: registered with master
[rospy.rosout][INFO] 2022-05-05 19:13:09,822: initializing /rosout core topic
[rospy.rosout][INFO] 2022-05-05 19:13:09,860: connected to core topic /rosout
[rospy.simtime][INFO] 2022-05-05 19:13:09,883: /use_sim_time is not set, will not subscribe to simulated time [/clock] topic
[rospy.internal][INFO] 2022-05-05 19:13:10,142: topic[/rosout] adding connection to [/rosout], count 0
[rospy.internal][INFO] 2022-05-05 19:13:10,531: topic[/car/vesc/commands/servo/unsmoothed_position] adding connection to [http://robot-desktop:36523/], count 0
[rospy.internal][INFO] 2022-05-05 19:13:10,534: topic[/car/vesc/commands/motor/unsmoothed_speed] adding connection to [http://robot-desktop:36523/], count 0
[rospy.internal][INFO] 2022-05-05 19:13:10,661: topic[/car/vesc/commands/motor/speed] adding connection to [/car/vesc/vesc_driver], count 0
[rospy.internal][INFO] 2022-05-05 19:13:10,663: topic[/car/vesc/commands/servo/position] adding connection to [/car/vesc/vesc_driver], count 0
[rospy.core][INFO] 2022-05-05 19:13:15,540: signal_shutdown [signal-2]
[rospy.internal][INFO] 2022-05-05 19:13:15,619: topic[/car/vesc/commands/motor/speed] removing connection to /car/vesc/vesc_driver
[rospy.internal][INFO] 2022-05-05 19:13:15,623: topic[/rosout] removing connection to /rosout
[rospy.internal][INFO] 2022-05-05 19:13:15,624: topic[/car/vesc/commands/servo/position] removing connection to /car/vesc/vesc_driver
[rospy.internal][INFO] 2022-05-05 19:13:15,625: topic[/car/vesc/commands/motor/unsmoothed_speed] removing connection to http://robot-desktop:36523/
[rospy.internal][INFO] 2022-05-05 19:13:15,625: topic[/car/vesc/commands/servo/unsmoothed_position] removing connection to http://robot-desktop:36523/
[rospy.impl.masterslave][INFO] 2022-05-05 19:13:15,626: signal-2
[rospy.core][INFO] 2022-05-05 19:13:16,156: signal_shutdown [atexit]
[rospy.client][INFO] 2022-05-05 19:15:14,942: init_node, name[/car/vesc/throttle_interpolator], pid[22000]
[xmlrpc][INFO] 2022-05-05 19:15:14,952: XML-RPC server binding to 0.0.0.0:0
[xmlrpc][INFO] 2022-05-05 19:15:14,958: Started XML-RPC server [http://robot-desktop:39859/]
[rospy.init][INFO] 2022-05-05 19:15:14,959: ROS Slave URI: [http://robot-desktop:39859/]
[rospy.impl.masterslave][INFO] 2022-05-05 19:15:14,959: _ready: http://robot-desktop:39859/
[rospy.registration][INFO] 2022-05-05 19:15:14,972: Registering with master node http://robot-desktop:11311
[xmlrpc][INFO] 2022-05-05 19:15:14,972: xml rpc node: starting XML-RPC server
[rospy.init][INFO] 2022-05-05 19:15:15,059: registered with master
[rospy.rosout][INFO] 2022-05-05 19:15:15,060: initializing /rosout core topic
[rospy.rosout][INFO] 2022-05-05 19:15:15,077: connected to core topic /rosout
[rospy.simtime][INFO] 2022-05-05 19:15:15,091: /use_sim_time is not set, will not subscribe to simulated time [/clock] topic
[rospy.internal][INFO] 2022-05-05 19:15:15,302: topic[/rosout] adding connection to [/rosout], count 0
[rospy.internal][INFO] 2022-05-05 19:15:15,413: topic[/car/vesc/commands/servo/unsmoothed_position] adding connection to [http://robot-desktop:35165/], count 0
[rospy.internal][INFO] 2022-05-05 19:15:15,430: topic[/car/vesc/commands/motor/unsmoothed_speed] adding connection to [http://robot-desktop:35165/], count 0
[rospy.internal][INFO] 2022-05-05 19:15:15,592: topic[/car/vesc/commands/motor/speed] adding connection to [/car/vesc/vesc_driver], count 0
[rospy.internal][INFO] 2022-05-05 19:15:15,593: topic[/car/vesc/commands/servo/position] adding connection to [/car/vesc/vesc_driver], count 0
[rospy.core][INFO] 2022-05-05 19:15:19,195: signal_shutdown [signal-2]
[rospy.internal][INFO] 2022-05-05 19:15:19,245: topic[/car/vesc/commands/motor/speed] removing connection to /car/vesc/vesc_driver
[rospy.internal][INFO] 2022-05-05 19:15:19,249: topic[/rosout] removing connection to /rosout
[rospy.internal][INFO] 2022-05-05 19:15:19,250: topic[/car/vesc/commands/servo/position] removing connection to /car/vesc/vesc_driver
[rospy.internal][INFO] 2022-05-05 19:15:19,251: topic[/car/vesc/commands/motor/unsmoothed_speed] removing connection to http://robot-desktop:35165/
[rospy.internal][INFO] 2022-05-05 19:15:19,255: topic[/car/vesc/commands/servo/unsmoothed_position] removing connection to http://robot-desktop:35165/
[rospy.impl.masterslave][INFO] 2022-05-05 19:15:19,256: signal-2
[rospy.internal][WARNING] 2022-05-05 19:15:19,620: Unknown error initiating TCP/IP socket to robot-desktop:45051 (http://robot-desktop:35165/): Traceback (most recent call last):
  File "/opt/ros/melodic/lib/python2.7/dist-packages/rospy/impl/tcpros_base.py", line 562, in connect
    self.read_header()
  File "/opt/ros/melodic/lib/python2.7/dist-packages/rospy/impl/tcpros_base.py", line 657, in read_header
    self._validate_header(read_ros_handshake_header(sock, self.read_buff, self.protocol.buff_size))
  File "/opt/ros/melodic/lib/python2.7/dist-packages/rosgraph/network.py", line 357, in read_ros_handshake_header
    d = sock.recv(buff_size)
error: [Errno 104] Connection reset by peer

[rospy.core][INFO] 2022-05-05 19:15:19,874: signal_shutdown [atexit]
[rospy.client][INFO] 2022-05-05 19:16:59,674: init_node, name[/car/vesc/throttle_interpolator], pid[22589]
[xmlrpc][INFO] 2022-05-05 19:16:59,690: XML-RPC server binding to 0.0.0.0:0
[xmlrpc][INFO] 2022-05-05 19:16:59,691: Started XML-RPC server [http://robot-desktop:37827/]
[rospy.init][INFO] 2022-05-05 19:16:59,692: ROS Slave URI: [http://robot-desktop:37827/]
[rospy.impl.masterslave][INFO] 2022-05-05 19:16:59,693: _ready: http://robot-desktop:37827/
[xmlrpc][INFO] 2022-05-05 19:16:59,706: xml rpc node: starting XML-RPC server
[rospy.registration][INFO] 2022-05-05 19:16:59,708: Registering with master node http://robot-desktop:11311
[rospy.init][INFO] 2022-05-05 19:16:59,793: registered with master
[rospy.rosout][INFO] 2022-05-05 19:16:59,794: initializing /rosout core topic
[rospy.rosout][INFO] 2022-05-05 19:16:59,811: connected to core topic /rosout
[rospy.simtime][INFO] 2022-05-05 19:16:59,820: /use_sim_time is not set, will not subscribe to simulated time [/clock] topic
[rospy.internal][INFO] 2022-05-05 19:17:00,137: topic[/rosout] adding connection to [/rosout], count 0
[rospy.internal][INFO] 2022-05-05 19:17:00,296: topic[/car/vesc/commands/motor/unsmoothed_speed] adding connection to [http://robot-desktop:35945/], count 0
[rospy.internal][INFO] 2022-05-05 19:17:00,300: topic[/car/vesc/commands/servo/unsmoothed_position] adding connection to [http://robot-desktop:35945/], count 0
[rospy.internal][INFO] 2022-05-05 19:17:00,518: topic[/car/vesc/commands/motor/speed] adding connection to [/car/vesc/vesc_driver], count 0
[rospy.internal][INFO] 2022-05-05 19:17:00,533: topic[/car/vesc/commands/servo/position] adding connection to [/car/vesc/vesc_driver], count 0
[rospy.core][INFO] 2022-05-05 19:17:03,347: signal_shutdown [signal-2]
[rospy.internal][INFO] 2022-05-05 19:17:03,414: topic[/car/vesc/commands/motor/speed] removing connection to /car/vesc/vesc_driver
[rospy.internal][INFO] 2022-05-05 19:17:03,415: topic[/rosout] removing connection to /rosout
[rospy.internal][INFO] 2022-05-05 19:17:03,423: topic[/car/vesc/commands/servo/position] removing connection to /car/vesc/vesc_driver
[rospy.internal][INFO] 2022-05-05 19:17:03,427: topic[/car/vesc/commands/motor/unsmoothed_speed] removing connection to http://robot-desktop:35945/
[rospy.internal][INFO] 2022-05-05 19:17:03,431: topic[/car/vesc/commands/servo/unsmoothed_position] removing connection to http://robot-desktop:35945/
[rospy.impl.masterslave][INFO] 2022-05-05 19:17:03,433: signal-2
[rospy.internal][WARNING] 2022-05-05 19:17:03,853: Unknown error initiating TCP/IP socket to robot-desktop:50029 (http://robot-desktop:35945/): Traceback (most recent call last):
  File "/opt/ros/melodic/lib/python2.7/dist-packages/rospy/impl/tcpros_base.py", line 562, in connect
    self.read_header()
  File "/opt/ros/melodic/lib/python2.7/dist-packages/rospy/impl/tcpros_base.py", line 657, in read_header
    self._validate_header(read_ros_handshake_header(sock, self.read_buff, self.protocol.buff_size))
  File "/opt/ros/melodic/lib/python2.7/dist-packages/rosgraph/network.py", line 357, in read_ros_handshake_header
    d = sock.recv(buff_size)
error: [Errno 104] Connection reset by peer

[rospy.internal][WARNING] 2022-05-05 19:17:03,853: Unknown error initiating TCP/IP socket to robot-desktop:50029 (http://robot-desktop:35945/): Traceback (most recent call last):
  File "/opt/ros/melodic/lib/python2.7/dist-packages/rospy/impl/tcpros_base.py", line 562, in connect
    self.read_header()
  File "/opt/ros/melodic/lib/python2.7/dist-packages/rospy/impl/tcpros_base.py", line 657, in read_header
    self._validate_header(read_ros_handshake_header(sock, self.read_buff, self.protocol.buff_size))
  File "/opt/ros/melodic/lib/python2.7/dist-packages/rosgraph/network.py", line 357, in read_ros_handshake_header
    d = sock.recv(buff_size)
error: [Errno 104] Connection reset by peer

[rospy.core][INFO] 2022-05-05 19:17:04,014: signal_shutdown [atexit]
[rospy.client][INFO] 2022-05-05 19:20:52,028: init_node, name[/car/vesc/throttle_interpolator], pid[23183]
[xmlrpc][INFO] 2022-05-05 19:20:52,031: XML-RPC server binding to 0.0.0.0:0
[rospy.init][INFO] 2022-05-05 19:20:52,045: ROS Slave URI: [http://robot-desktop:44497/]
[xmlrpc][INFO] 2022-05-05 19:20:52,045: Started XML-RPC server [http://robot-desktop:44497/]
[rospy.impl.masterslave][INFO] 2022-05-05 19:20:52,046: _ready: http://robot-desktop:44497/
[xmlrpc][INFO] 2022-05-05 19:20:52,052: xml rpc node: starting XML-RPC server
[rospy.registration][INFO] 2022-05-05 19:20:52,054: Registering with master node http://robot-desktop:11311
[rospy.init][INFO] 2022-05-05 19:20:52,146: registered with master
[rospy.rosout][INFO] 2022-05-05 19:20:52,146: initializing /rosout core topic
[rospy.rosout][INFO] 2022-05-05 19:20:52,160: connected to core topic /rosout
[rospy.simtime][INFO] 2022-05-05 19:20:52,179: /use_sim_time is not set, will not subscribe to simulated time [/clock] topic
[rospy.internal][INFO] 2022-05-05 19:20:52,392: topic[/rosout] adding connection to [/rosout], count 0
[rospy.internal][INFO] 2022-05-05 19:20:52,563: topic[/car/vesc/commands/servo/unsmoothed_position] adding connection to [http://robot-desktop:33637/], count 0
[rospy.internal][INFO] 2022-05-05 19:20:52,575: topic[/car/vesc/commands/motor/unsmoothed_speed] adding connection to [http://robot-desktop:33637/], count 0
[rospy.internal][INFO] 2022-05-05 19:20:52,776: topic[/car/vesc/commands/motor/speed] adding connection to [/car/vesc/vesc_driver], count 0
[rospy.internal][INFO] 2022-05-05 19:20:52,778: topic[/car/vesc/commands/servo/position] adding connection to [/car/vesc/vesc_driver], count 0
[rospy.core][INFO] 2022-05-05 19:20:56,610: signal_shutdown [signal-2]
[rospy.internal][INFO] 2022-05-05 19:20:56,632: topic[/car/vesc/commands/motor/speed] removing connection to /car/vesc/vesc_driver
[rospy.internal][INFO] 2022-05-05 19:20:56,639: topic[/rosout] removing connection to /rosout
[rospy.internal][INFO] 2022-05-05 19:20:56,640: topic[/car/vesc/commands/servo/position] removing connection to /car/vesc/vesc_driver
[rospy.internal][INFO] 2022-05-05 19:20:56,641: topic[/car/vesc/commands/motor/unsmoothed_speed] removing connection to http://robot-desktop:33637/
[rospy.internal][INFO] 2022-05-05 19:20:56,642: topic[/car/vesc/commands/servo/unsmoothed_position] removing connection to http://robot-desktop:33637/
[rospy.impl.masterslave][INFO] 2022-05-05 19:20:56,643: signal-2
[rospy.core][INFO] 2022-05-05 19:20:56,744: signal_shutdown [atexit]
[rospy.client][INFO] 2022-05-05 19:24:05,456: init_node, name[/car/vesc/throttle_interpolator], pid[23801]
[xmlrpc][INFO] 2022-05-05 19:24:05,457: XML-RPC server binding to 0.0.0.0:0
[rospy.init][INFO] 2022-05-05 19:24:05,459: ROS Slave URI: [http://robot-desktop:45297/]
[xmlrpc][INFO] 2022-05-05 19:24:05,460: Started XML-RPC server [http://robot-desktop:45297/]
[rospy.impl.masterslave][INFO] 2022-05-05 19:24:05,460: _ready: http://robot-desktop:45297/
[xmlrpc][INFO] 2022-05-05 19:24:05,462: xml rpc node: starting XML-RPC server
[rospy.registration][INFO] 2022-05-05 19:24:05,464: Registering with master node http://robot-desktop:11311
[rospy.init][INFO] 2022-05-05 19:24:05,560: registered with master
[rospy.rosout][INFO] 2022-05-05 19:24:05,561: initializing /rosout core topic
[rospy.rosout][INFO] 2022-05-05 19:24:05,597: connected to core topic /rosout
[rospy.simtime][INFO] 2022-05-05 19:24:05,648: /use_sim_time is not set, will not subscribe to simulated time [/clock] topic
[rospy.internal][INFO] 2022-05-05 19:24:05,877: topic[/rosout] adding connection to [/rosout], count 0
[rospy.internal][INFO] 2022-05-05 19:24:06,332: topic[/car/vesc/commands/motor/unsmoothed_speed] adding connection to [http://robot-desktop:46141/], count 0
[rospy.internal][INFO] 2022-05-05 19:24:06,336: topic[/car/vesc/commands/servo/unsmoothed_position] adding connection to [http://robot-desktop:46141/], count 0
[rospy.internal][INFO] 2022-05-05 19:24:06,480: topic[/car/vesc/commands/motor/speed] adding connection to [/car/vesc/vesc_driver], count 0
[rospy.internal][INFO] 2022-05-05 19:24:06,482: topic[/car/vesc/commands/servo/position] adding connection to [/car/vesc/vesc_driver], count 0
[rospy.core][INFO] 2022-05-05 19:24:11,194: signal_shutdown [signal-2]
[rospy.internal][INFO] 2022-05-05 19:24:11,260: topic[/car/vesc/commands/motor/speed] removing connection to /car/vesc/vesc_driver
[rospy.internal][INFO] 2022-05-05 19:24:11,262: topic[/rosout] removing connection to /rosout
[rospy.internal][INFO] 2022-05-05 19:24:11,263: topic[/car/vesc/commands/servo/position] removing connection to /car/vesc/vesc_driver
[rospy.internal][INFO] 2022-05-05 19:24:11,270: topic[/car/vesc/commands/motor/unsmoothed_speed] removing connection to http://robot-desktop:46141/
[rospy.internal][INFO] 2022-05-05 19:24:11,272: topic[/car/vesc/commands/servo/unsmoothed_position] removing connection to http://robot-desktop:46141/
[rospy.impl.masterslave][INFO] 2022-05-05 19:24:11,272: signal-2
[rospy.internal][WARNING] 2022-05-05 19:24:11,657: Unknown error initiating TCP/IP socket to robot-desktop:48135 (http://robot-desktop:46141/): Traceback (most recent call last):
  File "/opt/ros/melodic/lib/python2.7/dist-packages/rospy/impl/tcpros_base.py", line 562, in connect
    self.read_header()
  File "/opt/ros/melodic/lib/python2.7/dist-packages/rospy/impl/tcpros_base.py", line 657, in read_header
    self._validate_header(read_ros_handshake_header(sock, self.read_buff, self.protocol.buff_size))
  File "/opt/ros/melodic/lib/python2.7/dist-packages/rosgraph/network.py", line 357, in read_ros_handshake_header
    d = sock.recv(buff_size)
error: [Errno 104] Connection reset by peer

[rospy.internal][WARNING] 2022-05-05 19:24:11,658: Unknown error initiating TCP/IP socket to robot-desktop:48135 (http://robot-desktop:46141/): Traceback (most recent call last):
  File "/opt/ros/melodic/lib/python2.7/dist-packages/rospy/impl/tcpros_base.py", line 562, in connect
    self.read_header()
  File "/opt/ros/melodic/lib/python2.7/dist-packages/rospy/impl/tcpros_base.py", line 657, in read_header
    self._validate_header(read_ros_handshake_header(sock, self.read_buff, self.protocol.buff_size))
  File "/opt/ros/melodic/lib/python2.7/dist-packages/rosgraph/network.py", line 357, in read_ros_handshake_header
    d = sock.recv(buff_size)
error: [Errno 104] Connection reset by peer

[rospy.core][INFO] 2022-05-05 19:24:11,817: signal_shutdown [atexit]
[rospy.client][INFO] 2022-05-05 19:26:29,078: init_node, name[/car/vesc/throttle_interpolator], pid[24426]
[xmlrpc][INFO] 2022-05-05 19:26:29,091: XML-RPC server binding to 0.0.0.0:0
[xmlrpc][INFO] 2022-05-05 19:26:29,101: Started XML-RPC server [http://robot-desktop:42989/]
[rospy.impl.masterslave][INFO] 2022-05-05 19:26:29,102: _ready: http://robot-desktop:42989/
[rospy.init][INFO] 2022-05-05 19:26:29,103: ROS Slave URI: [http://robot-desktop:42989/]
[xmlrpc][INFO] 2022-05-05 19:26:29,103: xml rpc node: starting XML-RPC server
[rospy.registration][INFO] 2022-05-05 19:26:29,105: Registering with master node http://robot-desktop:11311
[rospy.init][INFO] 2022-05-05 19:26:29,204: registered with master
[rospy.rosout][INFO] 2022-05-05 19:26:29,204: initializing /rosout core topic
[rospy.rosout][INFO] 2022-05-05 19:26:29,229: connected to core topic /rosout
[rospy.simtime][INFO] 2022-05-05 19:26:29,246: /use_sim_time is not set, will not subscribe to simulated time [/clock] topic
[rospy.internal][INFO] 2022-05-05 19:26:29,485: topic[/rosout] adding connection to [/rosout], count 0
[rospy.internal][INFO] 2022-05-05 19:26:29,842: topic[/car/vesc/commands/servo/unsmoothed_position] adding connection to [http://robot-desktop:36315/], count 0
[rospy.internal][INFO] 2022-05-05 19:26:29,844: topic[/car/vesc/commands/motor/unsmoothed_speed] adding connection to [http://robot-desktop:36315/], count 0
[rospy.internal][INFO] 2022-05-05 19:26:29,994: topic[/car/vesc/commands/motor/speed] adding connection to [/car/vesc/vesc_driver], count 0
[rospy.internal][INFO] 2022-05-05 19:26:29,995: topic[/car/vesc/commands/servo/position] adding connection to [/car/vesc/vesc_driver], count 0
[rospy.core][INFO] 2022-05-05 19:26:33,659: signal_shutdown [signal-2]
[rospy.internal][INFO] 2022-05-05 19:26:33,683: topic[/car/vesc/commands/motor/speed] removing connection to /car/vesc/vesc_driver
[rospy.internal][INFO] 2022-05-05 19:26:33,690: topic[/rosout] removing connection to /rosout
[rospy.internal][INFO] 2022-05-05 19:26:33,692: topic[/car/vesc/commands/servo/position] removing connection to /car/vesc/vesc_driver
[rospy.internal][INFO] 2022-05-05 19:26:33,695: topic[/car/vesc/commands/motor/unsmoothed_speed] removing connection to http://robot-desktop:36315/
[rospy.internal][INFO] 2022-05-05 19:26:33,698: topic[/car/vesc/commands/servo/unsmoothed_position] removing connection to http://robot-desktop:36315/
[rospy.impl.masterslave][INFO] 2022-05-05 19:26:33,699: signal-2
[rospy.core][INFO] 2022-05-05 19:26:34,277: signal_shutdown [atexit]
[rospy.client][INFO] 2022-05-05 19:27:50,309: init_node, name[/car/vesc/throttle_interpolator], pid[25007]
[xmlrpc][INFO] 2022-05-05 19:27:50,318: XML-RPC server binding to 0.0.0.0:0
[rospy.init][INFO] 2022-05-05 19:27:50,323: ROS Slave URI: [http://robot-desktop:41659/]
[xmlrpc][INFO] 2022-05-05 19:27:50,323: Started XML-RPC server [http://robot-desktop:41659/]
[rospy.impl.masterslave][INFO] 2022-05-05 19:27:50,324: _ready: http://robot-desktop:41659/
[xmlrpc][INFO] 2022-05-05 19:27:50,335: xml rpc node: starting XML-RPC server
[rospy.registration][INFO] 2022-05-05 19:27:50,343: Registering with master node http://robot-desktop:11311
[rospy.init][INFO] 2022-05-05 19:27:50,424: registered with master
[rospy.rosout][INFO] 2022-05-05 19:27:50,424: initializing /rosout core topic
[rospy.rosout][INFO] 2022-05-05 19:27:50,455: connected to core topic /rosout
[rospy.simtime][INFO] 2022-05-05 19:27:50,483: /use_sim_time is not set, will not subscribe to simulated time [/clock] topic
[rospy.internal][INFO] 2022-05-05 19:27:50,768: topic[/rosout] adding connection to [/rosout], count 0
[rospy.internal][INFO] 2022-05-05 19:27:51,083: topic[/car/vesc/commands/motor/unsmoothed_speed] adding connection to [http://robot-desktop:39969/], count 0
[rospy.internal][INFO] 2022-05-05 19:27:51,097: topic[/car/vesc/commands/servo/unsmoothed_position] adding connection to [http://robot-desktop:39969/], count 0
[rospy.internal][INFO] 2022-05-05 19:27:51,284: topic[/car/vesc/commands/motor/speed] adding connection to [/car/vesc/vesc_driver], count 0
[rospy.internal][INFO] 2022-05-05 19:27:51,286: topic[/car/vesc/commands/servo/position] adding connection to [/car/vesc/vesc_driver], count 0
[rospy.core][INFO] 2022-05-05 19:27:58,838: signal_shutdown [signal-2]
[rospy.internal][INFO] 2022-05-05 19:27:58,853: topic[/car/vesc/commands/motor/speed] removing connection to /car/vesc/vesc_driver
[rospy.internal][INFO] 2022-05-05 19:27:58,858: topic[/rosout] removing connection to /rosout
[rospy.internal][INFO] 2022-05-05 19:27:58,860: topic[/car/vesc/commands/servo/position] removing connection to /car/vesc/vesc_driver
[rospy.internal][INFO] 2022-05-05 19:27:58,862: topic[/car/vesc/commands/motor/unsmoothed_speed] removing connection to http://robot-desktop:39969/
[rospy.internal][INFO] 2022-05-05 19:27:58,883: topic[/car/vesc/commands/servo/unsmoothed_position] removing connection to http://robot-desktop:39969/
[rospy.impl.masterslave][INFO] 2022-05-05 19:27:58,883: signal-2
[rospy.core][INFO] 2022-05-05 19:27:58,987: signal_shutdown [atexit]
[rospy.client][INFO] 2022-05-05 19:28:35,854: init_node, name[/car/vesc/throttle_interpolator], pid[25737]
[xmlrpc][INFO] 2022-05-05 19:28:35,866: XML-RPC server binding to 0.0.0.0:0
[rospy.init][INFO] 2022-05-05 19:28:35,868: ROS Slave URI: [http://robot-desktop:33011/]
[xmlrpc][INFO] 2022-05-05 19:28:35,868: Started XML-RPC server [http://robot-desktop:33011/]
[rospy.impl.masterslave][INFO] 2022-05-05 19:28:35,869: _ready: http://robot-desktop:33011/
[xmlrpc][INFO] 2022-05-05 19:28:35,877: xml rpc node: starting XML-RPC server
[rospy.registration][INFO] 2022-05-05 19:28:35,879: Registering with master node http://robot-desktop:11311
[rospy.init][INFO] 2022-05-05 19:28:35,968: registered with master
[rospy.rosout][INFO] 2022-05-05 19:28:35,969: initializing /rosout core topic
[rospy.rosout][INFO] 2022-05-05 19:28:36,015: connected to core topic /rosout
[rospy.simtime][INFO] 2022-05-05 19:28:36,030: /use_sim_time is not set, will not subscribe to simulated time [/clock] topic
[rospy.internal][INFO] 2022-05-05 19:28:36,256: topic[/rosout] adding connection to [/rosout], count 0
[rospy.internal][INFO] 2022-05-05 19:28:36,706: topic[/car/vesc/commands/servo/unsmoothed_position] adding connection to [http://robot-desktop:45403/], count 0
[rospy.internal][INFO] 2022-05-05 19:28:36,719: topic[/car/vesc/commands/motor/unsmoothed_speed] adding connection to [http://robot-desktop:45403/], count 0
[rospy.internal][INFO] 2022-05-05 19:28:36,901: topic[/car/vesc/commands/motor/speed] adding connection to [/car/vesc/vesc_driver], count 0
[rospy.internal][INFO] 2022-05-05 19:28:36,906: topic[/car/vesc/commands/servo/position] adding connection to [/car/vesc/vesc_driver], count 0
[rospy.core][INFO] 2022-05-05 19:28:44,609: signal_shutdown [signal-2]
[rospy.internal][INFO] 2022-05-05 19:28:44,655: topic[/car/vesc/commands/motor/speed] removing connection to /car/vesc/vesc_driver
[rospy.internal][INFO] 2022-05-05 19:28:44,664: topic[/rosout] removing connection to /rosout
[rospy.internal][INFO] 2022-05-05 19:28:44,665: topic[/car/vesc/commands/servo/position] removing connection to /car/vesc/vesc_driver
[rospy.internal][INFO] 2022-05-05 19:28:44,674: topic[/car/vesc/commands/motor/unsmoothed_speed] removing connection to http://robot-desktop:45403/
[rospy.internal][INFO] 2022-05-05 19:28:44,675: topic[/car/vesc/commands/servo/unsmoothed_position] removing connection to http://robot-desktop:45403/
[rospy.impl.masterslave][INFO] 2022-05-05 19:28:44,678: signal-2
[rospy.core][INFO] 2022-05-05 19:28:45,253: signal_shutdown [atexit]
