[rospy.client][INFO] 2022-05-05 15:56:55,743: init_node, name[/car/drive], pid[28806]
[xmlrpc][INFO] 2022-05-05 15:56:55,744: XML-RPC server binding to 0.0.0.0:0
[xmlrpc][INFO] 2022-05-05 15:56:55,745: Started XML-RPC server [http://robot-desktop:46235/]
[rospy.init][INFO] 2022-05-05 15:56:55,746: ROS Slave URI: [http://robot-desktop:46235/]
[rospy.impl.masterslave][INFO] 2022-05-05 15:56:55,746: _ready: http://robot-desktop:46235/
[rospy.registration][INFO] 2022-05-05 15:56:55,748: Registering with master node http://robot-desktop:11311
[xmlrpc][INFO] 2022-05-05 15:56:55,748: xml rpc node: starting XML-RPC server
[rospy.init][INFO] 2022-05-05 15:56:55,847: registered with master
[rospy.rosout][INFO] 2022-05-05 15:56:55,847: initializing /rosout core topic
[rospy.rosout][INFO] 2022-05-05 15:56:55,855: connected to core topic /rosout
[rospy.simtime][INFO] 2022-05-05 15:56:55,864: /use_sim_time is not set, will not subscribe to simulated time [/clock] topic
[rosout][INFO] 2022-05-05 15:56:55,937: publishing ctrl
[rosout][INFO] 2022-05-05 15:56:55,952: publishing ctrl
[rosout][INFO] 2022-05-05 15:56:55,976: publishing ctrl
[rosout][INFO] 2022-05-05 15:56:55,994: publishing ctrl
[rosout][INFO] 2022-05-05 15:56:56,012: publishing ctrl
[rosout][INFO] 2022-05-05 15:56:56,032: publishing ctrl
[rosout][INFO] 2022-05-05 15:56:56,052: publishing ctrl
[rosout][INFO] 2022-05-05 15:56:56,072: publishing ctrl
[rosout][INFO] 2022-05-05 15:56:56,092: publishing ctrl
[rosout][INFO] 2022-05-05 15:56:56,113: publishing ctrl
[rospy.internal][INFO] 2022-05-05 15:56:56,124: topic[/rosout] adding connection to [/rosout], count 0
[rospy.internal][INFO] 2022-05-05 15:56:56,129: topic[/car/mux/ackermann_cmd_mux/input/navigation] adding connection to [/car/mux/nodelet_manager], count 0
[rosout][INFO] 2022-05-05 15:56:56,132: publishing ctrl
[rosout][INFO] 2022-05-05 15:56:56,152: publishing ctrl
[rosout][INFO] 2022-05-05 15:56:56,174: publishing ctrl
[rosout][INFO] 2022-05-05 15:56:56,192: publishing ctrl
[rosout][INFO] 2022-05-05 15:56:56,213: publishing ctrl
[rosout][INFO] 2022-05-05 15:56:56,232: publishing ctrl
[rosout][INFO] 2022-05-05 15:56:56,252: publishing ctrl
[rosout][INFO] 2022-05-05 15:56:56,274: publishing ctrl
[rosout][INFO] 2022-05-05 15:56:56,292: publishing ctrl
[rosout][INFO] 2022-05-05 15:56:56,313: publishing ctrl
[rosout][INFO] 2022-05-05 15:56:56,332: publishing ctrl
[rosout][INFO] 2022-05-05 15:56:56,353: publishing ctrl
[rosout][INFO] 2022-05-05 15:56:56,372: publishing ctrl
[rosout][INFO] 2022-05-05 15:56:56,394: publishing ctrl
[rosout][INFO] 2022-05-05 15:56:56,412: publishing ctrl
[rosout][INFO] 2022-05-05 15:56:56,433: publishing ctrl
[rosout][INFO] 2022-05-05 15:56:56,453: publishing ctrl
[rosout][INFO] 2022-05-05 15:56:56,473: publishing ctrl
[rosout][INFO] 2022-05-05 15:56:56,492: publishing ctrl
[rosout][INFO] 2022-05-05 15:56:56,512: publishing ctrl
[rosout][INFO] 2022-05-05 15:56:56,533: publishing ctrl
[rosout][INFO] 2022-05-05 15:56:56,552: publishing ctrl
[rosout][INFO] 2022-05-05 15:56:56,576: publishing ctrl
[rosout][INFO] 2022-05-05 15:56:56,592: publishing ctrl
[rosout][INFO] 2022-05-05 15:56:56,612: publishing ctrl
[rosout][INFO] 2022-05-05 15:56:56,632: publishing ctrl
[rosout][INFO] 2022-05-05 15:56:56,652: publishing ctrl
[rosout][INFO] 2022-05-05 15:56:56,672: publishing ctrl
[rosout][INFO] 2022-05-05 15:56:56,692: publishing ctrl
[rosout][INFO] 2022-05-05 15:56:56,712: publishing ctrl
[rosout][INFO] 2022-05-05 15:56:56,732: publishing ctrl
[rosout][INFO] 2022-05-05 15:56:56,756: publishing ctrl
[rosout][INFO] 2022-05-05 15:56:56,772: publishing ctrl
[rosout][INFO] 2022-05-05 15:56:56,793: publishing ctrl
[rosout][INFO] 2022-05-05 15:56:56,812: publishing ctrl
[rosout][INFO] 2022-05-05 15:56:56,832: publishing ctrl
[rosout][INFO] 2022-05-05 15:56:56,854: publishing ctrl
[rosout][INFO] 2022-05-05 15:56:56,874: publishing ctrl
[rosout][INFO] 2022-05-05 15:56:56,892: publishing ctrl
[rosout][INFO] 2022-05-05 15:56:56,913: publishing ctrl
[rosout][INFO] 2022-05-05 15:56:56,933: publishing ctrl
[rosout][INFO] 2022-05-05 15:56:56,952: publishing ctrl
[rosout][INFO] 2022-05-05 15:56:56,976: publishing ctrl
[rosout][INFO] 2022-05-05 15:56:56,993: publishing ctrl
[rosout][INFO] 2022-05-05 15:56:57,013: publishing ctrl
[rosout][INFO] 2022-05-05 15:56:57,032: publishing ctrl
[rosout][INFO] 2022-05-05 15:56:57,053: publishing ctrl
[rosout][INFO] 2022-05-05 15:56:57,075: publishing ctrl
[rosout][INFO] 2022-05-05 15:56:57,092: publishing ctrl
[rosout][INFO] 2022-05-05 15:56:57,112: publishing ctrl
[rosout][INFO] 2022-05-05 15:56:57,132: publishing ctrl
[rosout][INFO] 2022-05-05 15:56:57,152: publishing ctrl
[rosout][INFO] 2022-05-05 15:56:57,173: publishing ctrl
[rosout][INFO] 2022-05-05 15:56:57,192: publishing ctrl
[rosout][INFO] 2022-05-05 15:56:57,212: publishing ctrl
[rosout][INFO] 2022-05-05 15:56:57,235: publishing ctrl
[rosout][INFO] 2022-05-05 15:56:57,253: publishing ctrl
[rosout][INFO] 2022-05-05 15:56:57,274: publishing ctrl
[rosout][INFO] 2022-05-05 15:56:57,293: publishing ctrl
[rosout][INFO] 2022-05-05 15:56:57,312: publishing ctrl
[rosout][INFO] 2022-05-05 15:56:57,333: publishing ctrl
[rosout][INFO] 2022-05-05 15:56:57,352: publishing ctrl
[rosout][INFO] 2022-05-05 15:56:57,374: publishing ctrl
[rosout][INFO] 2022-05-05 15:56:57,394: publishing ctrl
[rosout][INFO] 2022-05-05 15:56:57,412: publishing ctrl
[rosout][INFO] 2022-05-05 15:56:57,432: publishing ctrl
[rosout][INFO] 2022-05-05 15:56:57,452: publishing ctrl
[rosout][INFO] 2022-05-05 15:56:57,476: publishing ctrl
[rosout][INFO] 2022-05-05 15:56:57,493: publishing ctrl
[rosout][INFO] 2022-05-05 15:56:57,512: publishing ctrl
[rosout][INFO] 2022-05-05 15:56:57,533: publishing ctrl
[rosout][INFO] 2022-05-05 15:56:57,553: publishing ctrl
[rosout][INFO] 2022-05-05 15:56:57,572: publishing ctrl
[rosout][INFO] 2022-05-05 15:56:57,593: publishing ctrl
[rosout][INFO] 2022-05-05 15:56:57,612: publishing ctrl
[rosout][INFO] 2022-05-05 15:56:57,633: publishing ctrl
[rosout][INFO] 2022-05-05 15:56:57,653: publishing ctrl
[rosout][INFO] 2022-05-05 15:56:57,673: publishing ctrl
[rosout][INFO] 2022-05-05 15:56:57,692: publishing ctrl
[rosout][INFO] 2022-05-05 15:56:57,713: publishing ctrl
[rosout][INFO] 2022-05-05 15:56:57,732: publishing ctrl
[rosout][INFO] 2022-05-05 15:56:57,752: publishing ctrl
[rosout][INFO] 2022-05-05 15:56:57,772: publishing ctrl
[rosout][INFO] 2022-05-05 15:56:57,793: publishing ctrl
[rosout][INFO] 2022-05-05 15:56:57,813: publishing ctrl
[rosout][INFO] 2022-05-05 15:56:57,832: publishing ctrl
[rosout][INFO] 2022-05-05 15:56:57,852: publishing ctrl
[rosout][INFO] 2022-05-05 15:56:57,873: publishing ctrl
[rosout][INFO] 2022-05-05 15:56:57,892: publishing ctrl
[rosout][INFO] 2022-05-05 15:56:57,912: publishing ctrl
[rosout][INFO] 2022-05-05 15:56:57,932: publishing ctrl
[rosout][INFO] 2022-05-05 15:56:57,952: publishing ctrl
[rosout][INFO] 2022-05-05 15:56:57,974: publishing ctrl
[rosout][INFO] 2022-05-05 15:56:57,993: publishing ctrl
[rosout][INFO] 2022-05-05 15:56:58,012: publishing ctrl
[rosout][INFO] 2022-05-05 15:56:58,042: publishing ctrl
[rosout][INFO] 2022-05-05 15:56:58,053: publishing ctrl
[rosout][INFO] 2022-05-05 15:56:58,073: publishing ctrl
[rosout][INFO] 2022-05-05 15:56:58,092: publishing ctrl
[rosout][INFO] 2022-05-05 15:56:58,112: publishing ctrl
[rosout][INFO] 2022-05-05 15:56:58,137: publishing ctrl
[rosout][INFO] 2022-05-05 15:56:58,152: publishing ctrl
[rosout][INFO] 2022-05-05 15:56:58,172: publishing ctrl
[rosout][INFO] 2022-05-05 15:56:58,192: publishing ctrl
[rosout][INFO] 2022-05-05 15:56:58,213: publishing ctrl
[rosout][INFO] 2022-05-05 15:56:58,232: publishing ctrl
[rosout][INFO] 2022-05-05 15:56:58,252: publishing ctrl
[rosout][INFO] 2022-05-05 15:56:58,272: publishing ctrl
[rosout][INFO] 2022-05-05 15:56:58,293: publishing ctrl
[rosout][INFO] 2022-05-05 15:56:58,312: publishing ctrl
[rosout][INFO] 2022-05-05 15:56:58,333: publishing ctrl
[rosout][INFO] 2022-05-05 15:56:58,353: publishing ctrl
[rosout][INFO] 2022-05-05 15:56:58,372: publishing ctrl
[rosout][INFO] 2022-05-05 15:56:58,394: publishing ctrl
[rosout][INFO] 2022-05-05 15:56:58,413: publishing ctrl
[rosout][INFO] 2022-05-05 15:56:58,432: publishing ctrl
[rosout][INFO] 2022-05-05 15:56:58,452: publishing ctrl
[rosout][INFO] 2022-05-05 15:56:58,472: publishing ctrl
[rosout][INFO] 2022-05-05 15:56:58,494: publishing ctrl
[rosout][INFO] 2022-05-05 15:56:58,513: publishing ctrl
[rosout][INFO] 2022-05-05 15:56:58,534: publishing ctrl
[rosout][INFO] 2022-05-05 15:56:58,552: publishing ctrl
[rosout][INFO] 2022-05-05 15:56:58,572: publishing ctrl
[rosout][INFO] 2022-05-05 15:56:58,592: publishing ctrl
[rosout][INFO] 2022-05-05 15:56:58,612: publishing ctrl
[rosout][INFO] 2022-05-05 15:56:58,632: publishing ctrl
[rosout][INFO] 2022-05-05 15:56:58,652: publishing ctrl
[rosout][INFO] 2022-05-05 15:56:58,673: publishing ctrl
[rosout][INFO] 2022-05-05 15:56:58,692: publishing ctrl
[rosout][INFO] 2022-05-05 15:56:58,712: publishing ctrl
[rosout][INFO] 2022-05-05 15:56:58,732: publishing ctrl
[rosout][INFO] 2022-05-05 15:56:58,752: publishing ctrl
[rosout][INFO] 2022-05-05 15:56:58,772: publishing ctrl
[rosout][INFO] 2022-05-05 15:56:58,798: publishing ctrl
[rosout][INFO] 2022-05-05 15:56:58,812: publishing ctrl
[rosout][INFO] 2022-05-05 15:56:58,834: publishing ctrl
[rosout][INFO] 2022-05-05 15:56:58,852: publishing ctrl
[rosout][INFO] 2022-05-05 15:56:58,873: publishing ctrl
[rosout][INFO] 2022-05-05 15:56:58,892: publishing ctrl
[rosout][INFO] 2022-05-05 15:56:58,913: publishing ctrl
[rosout][INFO] 2022-05-05 15:56:58,933: publishing ctrl
[rosout][INFO] 2022-05-05 15:56:58,952: publishing ctrl
[rosout][INFO] 2022-05-05 15:56:58,975: publishing ctrl
[rosout][INFO] 2022-05-05 15:56:59,003: publishing ctrl
[rosout][INFO] 2022-05-05 15:56:59,015: publishing ctrl
[rospy.core][INFO] 2022-05-05 15:56:59,028: signal_shutdown [signal-2]
[rospy.internal][INFO] 2022-05-05 15:56:59,108: topic[/car/mux/ackermann_cmd_mux/input/navigation] removing connection to /car/mux/nodelet_manager
[rospy.internal][INFO] 2022-05-05 15:56:59,109: topic[/rosout] removing connection to /rosout
[rospy.impl.masterslave][INFO] 2022-05-05 15:56:59,110: signal-2
[rosout][INFO] 2022-05-05 15:56:59,034: publishing ctrl
[rospy.core][INFO] 2022-05-05 15:56:59,683: signal_shutdown [atexit]
