[rospy.client][INFO] 2022-05-05 15:56:53,899: init_node, name[/car/vesc/throttle_interpolator], pid[28728]
[xmlrpc][INFO] 2022-05-05 15:56:53,901: XML-RPC server binding to 0.0.0.0:0
[rospy.init][INFO] 2022-05-05 15:56:53,903: ROS Slave URI: [http://robot-desktop:41155/]
[xmlrpc][INFO] 2022-05-05 15:56:53,904: Started XML-RPC server [http://robot-desktop:41155/]
[rospy.impl.masterslave][INFO] 2022-05-05 15:56:53,905: _ready: http://robot-desktop:41155/
[xmlrpc][INFO] 2022-05-05 15:56:53,918: xml rpc node: starting XML-RPC server
[rospy.registration][INFO] 2022-05-05 15:56:53,919: Registering with master node http://robot-desktop:11311
[rospy.init][INFO] 2022-05-05 15:56:54,004: registered with master
[rospy.rosout][INFO] 2022-05-05 15:56:54,006: initializing /rosout core topic
[rospy.rosout][INFO] 2022-05-05 15:56:54,028: connected to core topic /rosout
[rospy.simtime][INFO] 2022-05-05 15:56:54,034: /use_sim_time is not set, will not subscribe to simulated time [/clock] topic
[rospy.internal][INFO] 2022-05-05 15:56:54,321: topic[/rosout] adding connection to [/rosout], count 0
[rospy.internal][INFO] 2022-05-05 15:56:54,374: topic[/car/vesc/commands/motor/unsmoothed_speed] adding connection to [http://robot-desktop:38281/], count 0
[rospy.internal][INFO] 2022-05-05 15:56:54,378: topic[/car/vesc/commands/servo/unsmoothed_position] adding connection to [http://robot-desktop:38281/], count 0
[rospy.internal][INFO] 2022-05-05 15:56:54,627: topic[/car/vesc/commands/motor/speed] adding connection to [/car/vesc/vesc_driver], count 0
[rospy.internal][INFO] 2022-05-05 15:56:54,629: topic[/car/vesc/commands/servo/position] adding connection to [/car/vesc/vesc_driver], count 0
[rospy.core][INFO] 2022-05-05 15:56:59,035: signal_shutdown [signal-2]
[rospy.internal][INFO] 2022-05-05 15:56:59,064: topic[/car/vesc/commands/motor/speed] removing connection to /car/vesc/vesc_driver
[rospy.internal][INFO] 2022-05-05 15:56:59,065: topic[/rosout] removing connection to /rosout
[rospy.internal][INFO] 2022-05-05 15:56:59,066: topic[/car/vesc/commands/servo/position] removing connection to /car/vesc/vesc_driver
[rospy.internal][INFO] 2022-05-05 15:56:59,077: topic[/car/vesc/commands/motor/unsmoothed_speed] removing connection to http://robot-desktop:38281/
[rospy.internal][INFO] 2022-05-05 15:56:59,078: topic[/car/vesc/commands/servo/unsmoothed_position] removing connection to http://robot-desktop:38281/
[rospy.impl.masterslave][INFO] 2022-05-05 15:56:59,079: signal-2
[rospy.internal][WARNING] 2022-05-05 15:56:59,615: Unknown error initiating TCP/IP socket to robot-desktop:36245 (http://robot-desktop:38281/): Traceback (most recent call last):
  File "/opt/ros/melodic/lib/python2.7/dist-packages/rospy/impl/tcpros_base.py", line 562, in connect
    self.read_header()
  File "/opt/ros/melodic/lib/python2.7/dist-packages/rospy/impl/tcpros_base.py", line 657, in read_header
    self._validate_header(read_ros_handshake_header(sock, self.read_buff, self.protocol.buff_size))
  File "/opt/ros/melodic/lib/python2.7/dist-packages/rosgraph/network.py", line 357, in read_ros_handshake_header
    d = sock.recv(buff_size)
error: [Errno 104] Connection reset by peer

[rospy.internal][WARNING] 2022-05-05 15:56:59,617: Unknown error initiating TCP/IP socket to robot-desktop:36245 (http://robot-desktop:38281/): Traceback (most recent call last):
  File "/opt/ros/melodic/lib/python2.7/dist-packages/rospy/impl/tcpros_base.py", line 562, in connect
    self.read_header()
  File "/opt/ros/melodic/lib/python2.7/dist-packages/rospy/impl/tcpros_base.py", line 657, in read_header
    self._validate_header(read_ros_handshake_header(sock, self.read_buff, self.protocol.buff_size))
  File "/opt/ros/melodic/lib/python2.7/dist-packages/rosgraph/network.py", line 357, in read_ros_handshake_header
    d = sock.recv(buff_size)
error: [Errno 104] Connection reset by peer

[rospy.core][INFO] 2022-05-05 15:56:59,654: signal_shutdown [atexit]
