[rospy.client][INFO] 2022-05-05 15:43:16,661: init_node, name[/car/drive], pid[11285]
[xmlrpc][INFO] 2022-05-05 15:43:16,663: XML-RPC server binding to 0.0.0.0:0
[xmlrpc][INFO] 2022-05-05 15:43:16,663: Started XML-RPC server [http://robot-desktop:36331/]
[rospy.init][INFO] 2022-05-05 15:43:16,664: ROS Slave URI: [http://robot-desktop:36331/]
[rospy.impl.masterslave][INFO] 2022-05-05 15:43:16,664: _ready: http://robot-desktop:36331/
[rospy.registration][INFO] 2022-05-05 15:43:16,667: Registering with master node http://robot-desktop:11311
[xmlrpc][INFO] 2022-05-05 15:43:16,667: xml rpc node: starting XML-RPC server
[rospy.init][INFO] 2022-05-05 15:43:16,765: registered with master
[rospy.rosout][INFO] 2022-05-05 15:43:16,766: initializing /rosout core topic
[rospy.rosout][INFO] 2022-05-05 15:43:16,774: connected to core topic /rosout
[rospy.simtime][INFO] 2022-05-05 15:43:16,779: /use_sim_time is not set, will not subscribe to simulated time [/clock] topic
[rosout][INFO] 2022-05-05 15:43:16,828: publishing ctrl
[rosout][INFO] 2022-05-05 15:43:16,849: publishing ctrl
[rosout][INFO] 2022-05-05 15:43:16,868: publishing ctrl
[rospy.internal][INFO] 2022-05-05 15:43:16,887: topic[/rosout] adding connection to [/rosout], count 0
[rosout][INFO] 2022-05-05 15:43:16,889: publishing ctrl
[rosout][INFO] 2022-05-05 15:43:16,909: publishing ctrl
[rosout][INFO] 2022-05-05 15:43:16,929: publishing ctrl
[rosout][INFO] 2022-05-05 15:43:16,949: publishing ctrl
[rosout][INFO] 2022-05-05 15:43:16,968: publishing ctrl
[rosout][INFO] 2022-05-05 15:43:16,989: publishing ctrl
[rosout][INFO] 2022-05-05 15:43:17,009: publishing ctrl
[rospy.internal][INFO] 2022-05-05 15:43:17,027: topic[/car/mux/ackermann_cmd_mux/input/navigation] adding connection to [/car/mux/nodelet_manager], count 0
[rosout][INFO] 2022-05-05 15:43:17,029: publishing ctrl
[rosout][INFO] 2022-05-05 15:43:17,049: publishing ctrl
[rosout][INFO] 2022-05-05 15:43:17,069: publishing ctrl
[rosout][INFO] 2022-05-05 15:43:17,089: publishing ctrl
[rosout][INFO] 2022-05-05 15:43:17,109: publishing ctrl
[rosout][INFO] 2022-05-05 15:43:17,129: publishing ctrl
[rosout][INFO] 2022-05-05 15:43:17,149: publishing ctrl
[rosout][INFO] 2022-05-05 15:43:17,169: publishing ctrl
[rosout][INFO] 2022-05-05 15:43:17,189: publishing ctrl
[rosout][INFO] 2022-05-05 15:43:17,209: publishing ctrl
[rosout][INFO] 2022-05-05 15:43:17,229: publishing ctrl
[rosout][INFO] 2022-05-05 15:43:17,248: publishing ctrl
[rosout][INFO] 2022-05-05 15:43:17,269: publishing ctrl
[rosout][INFO] 2022-05-05 15:43:17,289: publishing ctrl
[rosout][INFO] 2022-05-05 15:43:17,309: publishing ctrl
[rosout][INFO] 2022-05-05 15:43:17,329: publishing ctrl
[rosout][INFO] 2022-05-05 15:43:17,349: publishing ctrl
[rosout][INFO] 2022-05-05 15:43:17,369: publishing ctrl
[rosout][INFO] 2022-05-05 15:43:17,389: publishing ctrl
[rosout][INFO] 2022-05-05 15:43:17,409: publishing ctrl
[rosout][INFO] 2022-05-05 15:43:17,429: publishing ctrl
[rosout][INFO] 2022-05-05 15:43:17,450: publishing ctrl
[rosout][INFO] 2022-05-05 15:43:17,469: publishing ctrl
[rosout][INFO] 2022-05-05 15:43:17,489: publishing ctrl
[rosout][INFO] 2022-05-05 15:43:17,509: publishing ctrl
[rosout][INFO] 2022-05-05 15:43:17,529: publishing ctrl
[rosout][INFO] 2022-05-05 15:43:17,549: publishing ctrl
[rosout][INFO] 2022-05-05 15:43:17,569: publishing ctrl
[rosout][INFO] 2022-05-05 15:43:17,589: publishing ctrl
[rosout][INFO] 2022-05-05 15:43:17,609: publishing ctrl
[rosout][INFO] 2022-05-05 15:43:17,629: publishing ctrl
[rosout][INFO] 2022-05-05 15:43:17,649: publishing ctrl
[rosout][INFO] 2022-05-05 15:43:17,669: publishing ctrl
[rosout][INFO] 2022-05-05 15:43:17,689: publishing ctrl
[rosout][INFO] 2022-05-05 15:43:17,709: publishing ctrl
[rosout][INFO] 2022-05-05 15:43:17,729: publishing ctrl
[rosout][INFO] 2022-05-05 15:43:17,749: publishing ctrl
[rosout][INFO] 2022-05-05 15:43:17,769: publishing ctrl
[rosout][INFO] 2022-05-05 15:43:17,789: publishing ctrl
[rosout][INFO] 2022-05-05 15:43:17,809: publishing ctrl
[rosout][INFO] 2022-05-05 15:43:17,829: publishing ctrl
[rosout][INFO] 2022-05-05 15:43:17,849: publishing ctrl
[rosout][INFO] 2022-05-05 15:43:17,869: publishing ctrl
[rosout][INFO] 2022-05-05 15:43:17,890: publishing ctrl
[rosout][INFO] 2022-05-05 15:43:17,910: publishing ctrl
[rosout][INFO] 2022-05-05 15:43:17,929: publishing ctrl
[rosout][INFO] 2022-05-05 15:43:17,949: publishing ctrl
[rosout][INFO] 2022-05-05 15:43:17,969: publishing ctrl
[rosout][INFO] 2022-05-05 15:43:17,989: publishing ctrl
[rosout][INFO] 2022-05-05 15:43:18,010: publishing ctrl
[rosout][INFO] 2022-05-05 15:43:18,030: publishing ctrl
[rosout][INFO] 2022-05-05 15:43:18,050: publishing ctrl
[rosout][INFO] 2022-05-05 15:43:18,069: publishing ctrl
[rosout][INFO] 2022-05-05 15:43:18,089: publishing ctrl
[rosout][INFO] 2022-05-05 15:43:18,109: publishing ctrl
[rosout][INFO] 2022-05-05 15:43:18,129: publishing ctrl
[rosout][INFO] 2022-05-05 15:43:18,149: publishing ctrl
[rosout][INFO] 2022-05-05 15:43:18,169: publishing ctrl
[rosout][INFO] 2022-05-05 15:43:18,189: publishing ctrl
[rosout][INFO] 2022-05-05 15:43:18,209: publishing ctrl
[rosout][INFO] 2022-05-05 15:43:18,229: publishing ctrl
[rosout][INFO] 2022-05-05 15:43:18,249: publishing ctrl
[rosout][INFO] 2022-05-05 15:43:18,269: publishing ctrl
[rosout][INFO] 2022-05-05 15:43:18,289: publishing ctrl
[rosout][INFO] 2022-05-05 15:43:18,309: publishing ctrl
[rosout][INFO] 2022-05-05 15:43:18,329: publishing ctrl
[rosout][INFO] 2022-05-05 15:43:18,349: publishing ctrl
[rosout][INFO] 2022-05-05 15:43:18,369: publishing ctrl
[rosout][INFO] 2022-05-05 15:43:18,389: publishing ctrl
[rosout][INFO] 2022-05-05 15:43:18,409: publishing ctrl
[rosout][INFO] 2022-05-05 15:43:18,429: publishing ctrl
[rosout][INFO] 2022-05-05 15:43:18,449: publishing ctrl
[rosout][INFO] 2022-05-05 15:43:18,469: publishing ctrl
[rosout][INFO] 2022-05-05 15:43:18,489: publishing ctrl
[rosout][INFO] 2022-05-05 15:43:18,508: publishing ctrl
[rosout][INFO] 2022-05-05 15:43:18,529: publishing ctrl
[rosout][INFO] 2022-05-05 15:43:18,549: publishing ctrl
[rosout][INFO] 2022-05-05 15:43:18,569: publishing ctrl
[rosout][INFO] 2022-05-05 15:43:18,589: publishing ctrl
[rosout][INFO] 2022-05-05 15:43:18,609: publishing ctrl
[rosout][INFO] 2022-05-05 15:43:18,629: publishing ctrl
[rosout][INFO] 2022-05-05 15:43:18,649: publishing ctrl
[rosout][INFO] 2022-05-05 15:43:18,669: publishing ctrl
[rosout][INFO] 2022-05-05 15:43:18,689: publishing ctrl
[rosout][INFO] 2022-05-05 15:43:18,709: publishing ctrl
[rosout][INFO] 2022-05-05 15:43:18,729: publishing ctrl
[rosout][INFO] 2022-05-05 15:43:18,749: publishing ctrl
[rosout][INFO] 2022-05-05 15:43:18,769: publishing ctrl
[rosout][INFO] 2022-05-05 15:43:18,789: publishing ctrl
[rosout][INFO] 2022-05-05 15:43:18,809: publishing ctrl
[rosout][INFO] 2022-05-05 15:43:18,829: publishing ctrl
[rosout][INFO] 2022-05-05 15:43:18,849: publishing ctrl
[rosout][INFO] 2022-05-05 15:43:18,869: publishing ctrl
[rosout][INFO] 2022-05-05 15:43:18,890: publishing ctrl
[rosout][INFO] 2022-05-05 15:43:18,909: publishing ctrl
[rosout][INFO] 2022-05-05 15:43:18,929: publishing ctrl
[rosout][INFO] 2022-05-05 15:43:18,949: publishing ctrl
[rosout][INFO] 2022-05-05 15:43:18,970: publishing ctrl
[rosout][INFO] 2022-05-05 15:43:18,989: publishing ctrl
[rosout][INFO] 2022-05-05 15:43:19,009: publishing ctrl
[rosout][INFO] 2022-05-05 15:43:19,029: publishing ctrl
[rosout][INFO] 2022-05-05 15:43:19,049: publishing ctrl
[rosout][INFO] 2022-05-05 15:43:19,069: publishing ctrl
[rosout][INFO] 2022-05-05 15:43:19,089: publishing ctrl
[rosout][INFO] 2022-05-05 15:43:19,109: publishing ctrl
[rosout][INFO] 2022-05-05 15:43:19,129: publishing ctrl
[rosout][INFO] 2022-05-05 15:43:19,150: publishing ctrl
[rosout][INFO] 2022-05-05 15:43:19,169: publishing ctrl
[rosout][INFO] 2022-05-05 15:43:19,190: publishing ctrl
[rosout][INFO] 2022-05-05 15:43:19,209: publishing ctrl
[rosout][INFO] 2022-05-05 15:43:19,230: publishing ctrl
[rosout][INFO] 2022-05-05 15:43:19,249: publishing ctrl
[rosout][INFO] 2022-05-05 15:43:19,269: publishing ctrl
[rosout][INFO] 2022-05-05 15:43:19,289: publishing ctrl
[rosout][INFO] 2022-05-05 15:43:19,309: publishing ctrl
[rosout][INFO] 2022-05-05 15:43:19,329: publishing ctrl
[rosout][INFO] 2022-05-05 15:43:19,349: publishing ctrl
[rosout][INFO] 2022-05-05 15:43:19,369: publishing ctrl
[rosout][INFO] 2022-05-05 15:43:19,389: publishing ctrl
[rosout][INFO] 2022-05-05 15:43:19,409: publishing ctrl
[rosout][INFO] 2022-05-05 15:43:19,429: publishing ctrl
[rosout][INFO] 2022-05-05 15:43:19,449: publishing ctrl
[rosout][INFO] 2022-05-05 15:43:19,469: publishing ctrl
[rosout][INFO] 2022-05-05 15:43:19,489: publishing ctrl
[rosout][INFO] 2022-05-05 15:43:19,509: publishing ctrl
[rosout][INFO] 2022-05-05 15:43:19,529: publishing ctrl
[rosout][INFO] 2022-05-05 15:43:19,550: publishing ctrl
[rosout][INFO] 2022-05-05 15:43:19,569: publishing ctrl
[rosout][INFO] 2022-05-05 15:43:19,589: publishing ctrl
[rosout][INFO] 2022-05-05 15:43:19,609: publishing ctrl
[rosout][INFO] 2022-05-05 15:43:19,629: publishing ctrl
[rosout][INFO] 2022-05-05 15:43:19,649: publishing ctrl
[rosout][INFO] 2022-05-05 15:43:19,669: publishing ctrl
[rosout][INFO] 2022-05-05 15:43:19,690: publishing ctrl
[rosout][INFO] 2022-05-05 15:43:19,708: publishing ctrl
[rosout][INFO] 2022-05-05 15:43:19,728: publishing ctrl
[rosout][INFO] 2022-05-05 15:43:19,748: publishing ctrl
[rosout][INFO] 2022-05-05 15:43:19,768: publishing ctrl
[rosout][INFO] 2022-05-05 15:43:19,789: publishing ctrl
[rosout][INFO] 2022-05-05 15:43:19,809: publishing ctrl
[rosout][INFO] 2022-05-05 15:43:19,830: publishing ctrl
[rosout][INFO] 2022-05-05 15:43:19,849: publishing ctrl
[rosout][INFO] 2022-05-05 15:43:19,869: publishing ctrl
[rosout][INFO] 2022-05-05 15:43:19,890: publishing ctrl
[rosout][INFO] 2022-05-05 15:43:19,909: publishing ctrl
[rosout][INFO] 2022-05-05 15:43:19,930: publishing ctrl
[rosout][INFO] 2022-05-05 15:43:19,950: publishing ctrl
[rosout][INFO] 2022-05-05 15:43:19,969: publishing ctrl
[rosout][INFO] 2022-05-05 15:43:19,989: publishing ctrl
[rosout][INFO] 2022-05-05 15:43:20,009: publishing ctrl
[rosout][INFO] 2022-05-05 15:43:20,030: publishing ctrl
[rosout][INFO] 2022-05-05 15:43:20,049: publishing ctrl
[rosout][INFO] 2022-05-05 15:43:20,070: publishing ctrl
[rosout][INFO] 2022-05-05 15:43:20,089: publishing ctrl
[rosout][INFO] 2022-05-05 15:43:20,109: publishing ctrl
[rosout][INFO] 2022-05-05 15:43:20,129: publishing ctrl
[rosout][INFO] 2022-05-05 15:43:20,149: publishing ctrl
[rosout][INFO] 2022-05-05 15:43:20,169: publishing ctrl
[rosout][INFO] 2022-05-05 15:43:20,189: publishing ctrl
[rosout][INFO] 2022-05-05 15:43:20,209: publishing ctrl
[rosout][INFO] 2022-05-05 15:43:20,229: publishing ctrl
[rosout][INFO] 2022-05-05 15:43:20,249: publishing ctrl
[rosout][INFO] 2022-05-05 15:43:20,269: publishing ctrl
[rosout][INFO] 2022-05-05 15:43:20,289: publishing ctrl
[rosout][INFO] 2022-05-05 15:43:20,309: publishing ctrl
[rosout][INFO] 2022-05-05 15:43:20,329: publishing ctrl
[rosout][INFO] 2022-05-05 15:43:20,349: publishing ctrl
[rosout][INFO] 2022-05-05 15:43:20,369: publishing ctrl
[rosout][INFO] 2022-05-05 15:43:20,389: publishing ctrl
[rosout][INFO] 2022-05-05 15:43:20,409: publishing ctrl
[rosout][INFO] 2022-05-05 15:43:20,429: publishing ctrl
[rosout][INFO] 2022-05-05 15:43:20,449: publishing ctrl
[rosout][INFO] 2022-05-05 15:43:20,469: publishing ctrl
[rosout][INFO] 2022-05-05 15:43:20,489: publishing ctrl
[rosout][INFO] 2022-05-05 15:43:20,509: publishing ctrl
[rosout][INFO] 2022-05-05 15:43:20,529: publishing ctrl
[rosout][INFO] 2022-05-05 15:43:20,549: publishing ctrl
[rosout][INFO] 2022-05-05 15:43:20,569: publishing ctrl
[rosout][INFO] 2022-05-05 15:43:20,589: publishing ctrl
[rosout][INFO] 2022-05-05 15:43:20,609: publishing ctrl
[rosout][INFO] 2022-05-05 15:43:20,629: publishing ctrl
[rosout][INFO] 2022-05-05 15:43:20,649: publishing ctrl
[rosout][INFO] 2022-05-05 15:43:20,669: publishing ctrl
[rosout][INFO] 2022-05-05 15:43:20,689: publishing ctrl
[rosout][INFO] 2022-05-05 15:43:20,709: publishing ctrl
[rosout][INFO] 2022-05-05 15:43:20,729: publishing ctrl
[rosout][INFO] 2022-05-05 15:43:20,749: publishing ctrl
[rosout][INFO] 2022-05-05 15:43:20,769: publishing ctrl
[rosout][INFO] 2022-05-05 15:43:20,789: publishing ctrl
[rosout][INFO] 2022-05-05 15:43:20,809: publishing ctrl
[rosout][INFO] 2022-05-05 15:43:20,829: publishing ctrl
[rosout][INFO] 2022-05-05 15:43:20,849: publishing ctrl
[rosout][INFO] 2022-05-05 15:43:20,869: publishing ctrl
[rosout][INFO] 2022-05-05 15:43:20,890: publishing ctrl
[rosout][INFO] 2022-05-05 15:43:20,910: publishing ctrl
[rosout][INFO] 2022-05-05 15:43:20,929: publishing ctrl
[rosout][INFO] 2022-05-05 15:43:20,949: publishing ctrl
[rosout][INFO] 2022-05-05 15:43:20,969: publishing ctrl
[rosout][INFO] 2022-05-05 15:43:20,989: publishing ctrl
[rosout][INFO] 2022-05-05 15:43:21,009: publishing ctrl
[rosout][INFO] 2022-05-05 15:43:21,029: publishing ctrl
[rosout][INFO] 2022-05-05 15:43:21,049: publishing ctrl
[rosout][INFO] 2022-05-05 15:43:21,069: publishing ctrl
[rosout][INFO] 2022-05-05 15:43:21,089: publishing ctrl
[rosout][INFO] 2022-05-05 15:43:21,110: publishing ctrl
[rosout][INFO] 2022-05-05 15:43:21,129: publishing ctrl
[rosout][INFO] 2022-05-05 15:43:21,149: publishing ctrl
[rosout][INFO] 2022-05-05 15:43:21,169: publishing ctrl
[rosout][INFO] 2022-05-05 15:43:21,189: publishing ctrl
[rosout][INFO] 2022-05-05 15:43:21,209: publishing ctrl
[rosout][INFO] 2022-05-05 15:43:21,229: publishing ctrl
[rosout][INFO] 2022-05-05 15:43:21,249: publishing ctrl
[rosout][INFO] 2022-05-05 15:43:21,269: publishing ctrl
[rosout][INFO] 2022-05-05 15:43:21,289: publishing ctrl
[rosout][INFO] 2022-05-05 15:43:21,310: publishing ctrl
[rosout][INFO] 2022-05-05 15:43:21,329: publishing ctrl
[rosout][INFO] 2022-05-05 15:43:21,349: publishing ctrl
[rosout][INFO] 2022-05-05 15:43:21,369: publishing ctrl
[rosout][INFO] 2022-05-05 15:43:21,389: publishing ctrl
[rosout][INFO] 2022-05-05 15:43:21,409: publishing ctrl
[rosout][INFO] 2022-05-05 15:43:21,429: publishing ctrl
[rosout][INFO] 2022-05-05 15:43:21,449: publishing ctrl
[rosout][INFO] 2022-05-05 15:43:21,470: publishing ctrl
[rosout][INFO] 2022-05-05 15:43:21,489: publishing ctrl
[rosout][INFO] 2022-05-05 15:43:21,509: publishing ctrl
[rosout][INFO] 2022-05-05 15:43:21,529: publishing ctrl
[rosout][INFO] 2022-05-05 15:43:21,549: publishing ctrl
[rosout][INFO] 2022-05-05 15:43:21,568: publishing ctrl
[rosout][INFO] 2022-05-05 15:43:21,589: publishing ctrl
[rosout][INFO] 2022-05-05 15:43:21,609: publishing ctrl
[rosout][INFO] 2022-05-05 15:43:21,629: publishing ctrl
[rosout][INFO] 2022-05-05 15:43:21,649: publishing ctrl
[rosout][INFO] 2022-05-05 15:43:21,669: publishing ctrl
[rosout][INFO] 2022-05-05 15:43:21,689: publishing ctrl
[rosout][INFO] 2022-05-05 15:43:21,709: publishing ctrl
[rosout][INFO] 2022-05-05 15:43:21,729: publishing ctrl
[rosout][INFO] 2022-05-05 15:43:21,749: publishing ctrl
[rosout][INFO] 2022-05-05 15:43:21,769: publishing ctrl
[rosout][INFO] 2022-05-05 15:43:21,789: publishing ctrl
[rosout][INFO] 2022-05-05 15:43:21,809: publishing ctrl
[rosout][INFO] 2022-05-05 15:43:21,829: publishing ctrl
[rosout][INFO] 2022-05-05 15:43:21,850: publishing ctrl
[rosout][INFO] 2022-05-05 15:43:21,869: publishing ctrl
[rosout][INFO] 2022-05-05 15:43:21,889: publishing ctrl
[rosout][INFO] 2022-05-05 15:43:21,909: publishing ctrl
[rosout][INFO] 2022-05-05 15:43:21,929: publishing ctrl
[rosout][INFO] 2022-05-05 15:43:21,949: publishing ctrl
[rosout][INFO] 2022-05-05 15:43:21,969: publishing ctrl
[rosout][INFO] 2022-05-05 15:43:21,989: publishing ctrl
[rosout][INFO] 2022-05-05 15:43:22,009: publishing ctrl
[rosout][INFO] 2022-05-05 15:43:22,029: publishing ctrl
[rosout][INFO] 2022-05-05 15:43:22,050: publishing ctrl
[rosout][INFO] 2022-05-05 15:43:22,069: publishing ctrl
[rosout][INFO] 2022-05-05 15:43:22,089: publishing ctrl
[rosout][INFO] 2022-05-05 15:43:22,110: publishing ctrl
[rosout][INFO] 2022-05-05 15:43:22,129: publishing ctrl
[rosout][INFO] 2022-05-05 15:43:22,150: publishing ctrl
[rosout][INFO] 2022-05-05 15:43:22,169: publishing ctrl
[rosout][INFO] 2022-05-05 15:43:22,189: publishing ctrl
[rosout][INFO] 2022-05-05 15:43:22,209: publishing ctrl
[rosout][INFO] 2022-05-05 15:43:22,229: publishing ctrl
[rosout][INFO] 2022-05-05 15:43:22,248: publishing ctrl
[rosout][INFO] 2022-05-05 15:43:22,268: publishing ctrl
[rosout][INFO] 2022-05-05 15:43:22,288: publishing ctrl
[rosout][INFO] 2022-05-05 15:43:22,309: publishing ctrl
[rosout][INFO] 2022-05-05 15:43:22,329: publishing ctrl
[rosout][INFO] 2022-05-05 15:43:22,349: publishing ctrl
[rosout][INFO] 2022-05-05 15:43:22,369: publishing ctrl
[rosout][INFO] 2022-05-05 15:43:22,389: publishing ctrl
[rosout][INFO] 2022-05-05 15:43:22,409: publishing ctrl
[rosout][INFO] 2022-05-05 15:43:22,429: publishing ctrl
[rosout][INFO] 2022-05-05 15:43:22,449: publishing ctrl
[rosout][INFO] 2022-05-05 15:43:22,469: publishing ctrl
[rosout][INFO] 2022-05-05 15:43:22,489: publishing ctrl
[rosout][INFO] 2022-05-05 15:43:22,509: publishing ctrl
[rosout][INFO] 2022-05-05 15:43:22,529: publishing ctrl
[rosout][INFO] 2022-05-05 15:43:22,549: publishing ctrl
[rosout][INFO] 2022-05-05 15:43:22,568: publishing ctrl
[rosout][INFO] 2022-05-05 15:43:22,589: publishing ctrl
[rosout][INFO] 2022-05-05 15:43:22,609: publishing ctrl
[rosout][INFO] 2022-05-05 15:43:22,629: publishing ctrl
[rosout][INFO] 2022-05-05 15:43:22,649: publishing ctrl
[rosout][INFO] 2022-05-05 15:43:22,669: publishing ctrl
[rosout][INFO] 2022-05-05 15:43:22,689: publishing ctrl
[rosout][INFO] 2022-05-05 15:43:22,709: publishing ctrl
[rosout][INFO] 2022-05-05 15:43:22,729: publishing ctrl
[rosout][INFO] 2022-05-05 15:43:22,749: publishing ctrl
[rosout][INFO] 2022-05-05 15:43:22,769: publishing ctrl
[rosout][INFO] 2022-05-05 15:43:22,789: publishing ctrl
[rosout][INFO] 2022-05-05 15:43:22,809: publishing ctrl
[rosout][INFO] 2022-05-05 15:43:22,829: publishing ctrl
[rosout][INFO] 2022-05-05 15:43:22,849: publishing ctrl
[rosout][INFO] 2022-05-05 15:43:22,869: publishing ctrl
[rosout][INFO] 2022-05-05 15:43:22,889: publishing ctrl
[rosout][INFO] 2022-05-05 15:43:22,909: publishing ctrl
[rosout][INFO] 2022-05-05 15:43:22,929: publishing ctrl
[rosout][INFO] 2022-05-05 15:43:22,949: publishing ctrl
[rosout][INFO] 2022-05-05 15:43:22,969: publishing ctrl
[rosout][INFO] 2022-05-05 15:43:22,989: publishing ctrl
[rosout][INFO] 2022-05-05 15:43:23,009: publishing ctrl
[rosout][INFO] 2022-05-05 15:43:23,029: publishing ctrl
[rosout][INFO] 2022-05-05 15:43:23,049: publishing ctrl
[rosout][INFO] 2022-05-05 15:43:23,069: publishing ctrl
[rosout][INFO] 2022-05-05 15:43:23,089: publishing ctrl
[rosout][INFO] 2022-05-05 15:43:23,109: publishing ctrl
[rosout][INFO] 2022-05-05 15:43:23,129: publishing ctrl
[rosout][INFO] 2022-05-05 15:43:23,150: publishing ctrl
[rosout][INFO] 2022-05-05 15:43:23,169: publishing ctrl
[rosout][INFO] 2022-05-05 15:43:23,190: publishing ctrl
[rosout][INFO] 2022-05-05 15:43:23,209: publishing ctrl
[rosout][INFO] 2022-05-05 15:43:23,230: publishing ctrl
[rosout][INFO] 2022-05-05 15:43:23,249: publishing ctrl
[rosout][INFO] 2022-05-05 15:43:23,269: publishing ctrl
[rosout][INFO] 2022-05-05 15:43:23,289: publishing ctrl
[rosout][INFO] 2022-05-05 15:43:23,309: publishing ctrl
[rosout][INFO] 2022-05-05 15:43:23,329: publishing ctrl
[rosout][INFO] 2022-05-05 15:43:23,349: publishing ctrl
[rosout][INFO] 2022-05-05 15:43:23,369: publishing ctrl
[rosout][INFO] 2022-05-05 15:43:23,389: publishing ctrl
[rosout][INFO] 2022-05-05 15:43:23,411: publishing ctrl
[rosout][INFO] 2022-05-05 15:43:23,430: publishing ctrl
[rosout][INFO] 2022-05-05 15:43:23,449: publishing ctrl
[rosout][INFO] 2022-05-05 15:43:23,469: publishing ctrl
[rosout][INFO] 2022-05-05 15:43:23,489: publishing ctrl
[rosout][INFO] 2022-05-05 15:43:23,509: publishing ctrl
[rosout][INFO] 2022-05-05 15:43:23,528: publishing ctrl
[rosout][INFO] 2022-05-05 15:43:23,548: publishing ctrl
[rosout][INFO] 2022-05-05 15:43:23,570: publishing ctrl
[rosout][INFO] 2022-05-05 15:43:23,589: publishing ctrl
[rosout][INFO] 2022-05-05 15:43:23,609: publishing ctrl
[rosout][INFO] 2022-05-05 15:43:23,628: publishing ctrl
[rosout][INFO] 2022-05-05 15:43:23,649: publishing ctrl
[rosout][INFO] 2022-05-05 15:43:23,669: publishing ctrl
[rosout][INFO] 2022-05-05 15:43:23,689: publishing ctrl
[rosout][INFO] 2022-05-05 15:43:23,709: publishing ctrl
[rosout][INFO] 2022-05-05 15:43:23,729: publishing ctrl
[rosout][INFO] 2022-05-05 15:43:23,749: publishing ctrl
[rosout][INFO] 2022-05-05 15:43:23,770: publishing ctrl
[rosout][INFO] 2022-05-05 15:43:23,789: publishing ctrl
[rosout][INFO] 2022-05-05 15:43:23,810: publishing ctrl
[rosout][INFO] 2022-05-05 15:43:23,829: publishing ctrl
[rosout][INFO] 2022-05-05 15:43:23,849: publishing ctrl
[rosout][INFO] 2022-05-05 15:43:23,870: publishing ctrl
[rosout][INFO] 2022-05-05 15:43:23,889: publishing ctrl
[rosout][INFO] 2022-05-05 15:43:23,910: publishing ctrl
[rosout][INFO] 2022-05-05 15:43:23,929: publishing ctrl
[rosout][INFO] 2022-05-05 15:43:23,949: publishing ctrl
[rosout][INFO] 2022-05-05 15:43:23,969: publishing ctrl
[rosout][INFO] 2022-05-05 15:43:23,989: publishing ctrl
[rosout][INFO] 2022-05-05 15:43:24,009: publishing ctrl
[rosout][INFO] 2022-05-05 15:43:24,029: publishing ctrl
[rosout][INFO] 2022-05-05 15:43:24,049: publishing ctrl
[rosout][INFO] 2022-05-05 15:43:24,069: publishing ctrl
[rosout][INFO] 2022-05-05 15:43:24,089: publishing ctrl
[rosout][INFO] 2022-05-05 15:43:24,109: publishing ctrl
[rosout][INFO] 2022-05-05 15:43:24,129: publishing ctrl
[rosout][INFO] 2022-05-05 15:43:24,149: publishing ctrl
[rosout][INFO] 2022-05-05 15:43:24,169: publishing ctrl
[rosout][INFO] 2022-05-05 15:43:24,189: publishing ctrl
[rosout][INFO] 2022-05-05 15:43:24,209: publishing ctrl
[rosout][INFO] 2022-05-05 15:43:24,229: publishing ctrl
[rosout][INFO] 2022-05-05 15:43:24,249: publishing ctrl
[rosout][INFO] 2022-05-05 15:43:24,269: publishing ctrl
[rosout][INFO] 2022-05-05 15:43:24,289: publishing ctrl
[rosout][INFO] 2022-05-05 15:43:24,310: publishing ctrl
[rosout][INFO] 2022-05-05 15:43:24,329: publishing ctrl
[rosout][INFO] 2022-05-05 15:43:24,349: publishing ctrl
[rosout][INFO] 2022-05-05 15:43:24,369: publishing ctrl
[rosout][INFO] 2022-05-05 15:43:24,389: publishing ctrl
[rosout][INFO] 2022-05-05 15:43:24,409: publishing ctrl
[rosout][INFO] 2022-05-05 15:43:24,429: publishing ctrl
[rosout][INFO] 2022-05-05 15:43:24,449: publishing ctrl
[rosout][INFO] 2022-05-05 15:43:24,468: publishing ctrl
[rosout][INFO] 2022-05-05 15:43:24,489: publishing ctrl
[rosout][INFO] 2022-05-05 15:43:24,509: publishing ctrl
[rosout][INFO] 2022-05-05 15:43:24,529: publishing ctrl
[rosout][INFO] 2022-05-05 15:43:24,549: publishing ctrl
[rosout][INFO] 2022-05-05 15:43:24,569: publishing ctrl
[rosout][INFO] 2022-05-05 15:43:24,589: publishing ctrl
[rosout][INFO] 2022-05-05 15:43:24,609: publishing ctrl
[rosout][INFO] 2022-05-05 15:43:24,629: publishing ctrl
[rosout][INFO] 2022-05-05 15:43:24,649: publishing ctrl
[rosout][INFO] 2022-05-05 15:43:24,669: publishing ctrl
[rosout][INFO] 2022-05-05 15:43:24,689: publishing ctrl
[rosout][INFO] 2022-05-05 15:43:24,709: publishing ctrl
[rosout][INFO] 2022-05-05 15:43:24,729: publishing ctrl
[rosout][INFO] 2022-05-05 15:43:24,750: publishing ctrl
[rosout][INFO] 2022-05-05 15:43:24,769: publishing ctrl
[rosout][INFO] 2022-05-05 15:43:24,788: publishing ctrl
[rosout][INFO] 2022-05-05 15:43:24,808: publishing ctrl
[rosout][INFO] 2022-05-05 15:43:24,829: publishing ctrl
[rosout][INFO] 2022-05-05 15:43:24,849: publishing ctrl
[rosout][INFO] 2022-05-05 15:43:24,869: publishing ctrl
[rosout][INFO] 2022-05-05 15:43:24,889: publishing ctrl
[rosout][INFO] 2022-05-05 15:43:24,909: publishing ctrl
[rosout][INFO] 2022-05-05 15:43:24,929: publishing ctrl
[rosout][INFO] 2022-05-05 15:43:24,949: publishing ctrl
[rosout][INFO] 2022-05-05 15:43:24,970: publishing ctrl
[rosout][INFO] 2022-05-05 15:43:24,989: publishing ctrl
[rosout][INFO] 2022-05-05 15:43:25,009: publishing ctrl
[rosout][INFO] 2022-05-05 15:43:25,029: publishing ctrl
[rosout][INFO] 2022-05-05 15:43:25,049: publishing ctrl
[rosout][INFO] 2022-05-05 15:43:25,069: publishing ctrl
[rosout][INFO] 2022-05-05 15:43:25,089: publishing ctrl
[rosout][INFO] 2022-05-05 15:43:25,109: publishing ctrl
[rosout][INFO] 2022-05-05 15:43:25,129: publishing ctrl
[rosout][INFO] 2022-05-05 15:43:25,149: publishing ctrl
[rosout][INFO] 2022-05-05 15:43:25,169: publishing ctrl
[rosout][INFO] 2022-05-05 15:43:25,189: publishing ctrl
[rosout][INFO] 2022-05-05 15:43:25,210: publishing ctrl
[rosout][INFO] 2022-05-05 15:43:25,229: publishing ctrl
[rosout][INFO] 2022-05-05 15:43:25,249: publishing ctrl
[rosout][INFO] 2022-05-05 15:43:25,269: publishing ctrl
[rosout][INFO] 2022-05-05 15:43:25,289: publishing ctrl
[rosout][INFO] 2022-05-05 15:43:25,309: publishing ctrl
[rosout][INFO] 2022-05-05 15:43:25,329: publishing ctrl
[rosout][INFO] 2022-05-05 15:43:25,349: publishing ctrl
[rosout][INFO] 2022-05-05 15:43:25,369: publishing ctrl
[rosout][INFO] 2022-05-05 15:43:25,389: publishing ctrl
[rosout][INFO] 2022-05-05 15:43:25,409: publishing ctrl
[rosout][INFO] 2022-05-05 15:43:25,429: publishing ctrl
[rosout][INFO] 2022-05-05 15:43:25,450: publishing ctrl
[rosout][INFO] 2022-05-05 15:43:25,469: publishing ctrl
[rosout][INFO] 2022-05-05 15:43:25,489: publishing ctrl
[rosout][INFO] 2022-05-05 15:43:25,509: publishing ctrl
[rosout][INFO] 2022-05-05 15:43:25,529: publishing ctrl
[rosout][INFO] 2022-05-05 15:43:25,549: publishing ctrl
[rosout][INFO] 2022-05-05 15:43:25,569: publishing ctrl
[rosout][INFO] 2022-05-05 15:43:25,589: publishing ctrl
[rosout][INFO] 2022-05-05 15:43:25,609: publishing ctrl
[rosout][INFO] 2022-05-05 15:43:25,629: publishing ctrl
[rosout][INFO] 2022-05-05 15:43:25,650: publishing ctrl
[rosout][INFO] 2022-05-05 15:43:25,670: publishing ctrl
[rosout][INFO] 2022-05-05 15:43:25,689: publishing ctrl
[rosout][INFO] 2022-05-05 15:43:25,709: publishing ctrl
[rosout][INFO] 2022-05-05 15:43:25,729: publishing ctrl
[rosout][INFO] 2022-05-05 15:43:25,749: publishing ctrl
[rosout][INFO] 2022-05-05 15:43:25,770: publishing ctrl
[rosout][INFO] 2022-05-05 15:43:25,789: publishing ctrl
[rosout][INFO] 2022-05-05 15:43:25,809: publishing ctrl
[rosout][INFO] 2022-05-05 15:43:25,829: publishing ctrl
[rosout][INFO] 2022-05-05 15:43:25,849: publishing ctrl
[rosout][INFO] 2022-05-05 15:43:25,869: publishing ctrl
[rosout][INFO] 2022-05-05 15:43:25,889: publishing ctrl
[rosout][INFO] 2022-05-05 15:43:25,909: publishing ctrl
[rosout][INFO] 2022-05-05 15:43:25,929: publishing ctrl
[rosout][INFO] 2022-05-05 15:43:25,949: publishing ctrl
[rosout][INFO] 2022-05-05 15:43:25,969: publishing ctrl
[rosout][INFO] 2022-05-05 15:43:25,989: publishing ctrl
[rosout][INFO] 2022-05-05 15:43:26,009: publishing ctrl
[rosout][INFO] 2022-05-05 15:43:26,028: publishing ctrl
[rosout][INFO] 2022-05-05 15:43:26,049: publishing ctrl
[rosout][INFO] 2022-05-05 15:43:26,069: publishing ctrl
[rosout][INFO] 2022-05-05 15:43:26,089: publishing ctrl
[rosout][INFO] 2022-05-05 15:43:26,109: publishing ctrl
[rosout][INFO] 2022-05-05 15:43:26,129: publishing ctrl
[rosout][INFO] 2022-05-05 15:43:26,149: publishing ctrl
[rosout][INFO] 2022-05-05 15:43:26,169: publishing ctrl
[rosout][INFO] 2022-05-05 15:43:26,189: publishing ctrl
[rosout][INFO] 2022-05-05 15:43:26,209: publishing ctrl
[rosout][INFO] 2022-05-05 15:43:26,229: publishing ctrl
[rosout][INFO] 2022-05-05 15:43:26,249: publishing ctrl
[rosout][INFO] 2022-05-05 15:43:26,270: publishing ctrl
[rosout][INFO] 2022-05-05 15:43:26,289: publishing ctrl
[rosout][INFO] 2022-05-05 15:43:26,310: publishing ctrl
[rosout][INFO] 2022-05-05 15:43:26,329: publishing ctrl
[rosout][INFO] 2022-05-05 15:43:26,349: publishing ctrl
[rosout][INFO] 2022-05-05 15:43:26,370: publishing ctrl
[rosout][INFO] 2022-05-05 15:43:26,389: publishing ctrl
[rosout][INFO] 2022-05-05 15:43:26,410: publishing ctrl
[rosout][INFO] 2022-05-05 15:43:26,429: publishing ctrl
[rosout][INFO] 2022-05-05 15:43:26,449: publishing ctrl
[rosout][INFO] 2022-05-05 15:43:26,469: publishing ctrl
[rosout][INFO] 2022-05-05 15:43:26,489: publishing ctrl
[rosout][INFO] 2022-05-05 15:43:26,509: publishing ctrl
[rosout][INFO] 2022-05-05 15:43:26,529: publishing ctrl
[rosout][INFO] 2022-05-05 15:43:26,549: publishing ctrl
[rosout][INFO] 2022-05-05 15:43:26,569: publishing ctrl
[rosout][INFO] 2022-05-05 15:43:26,589: publishing ctrl
[rosout][INFO] 2022-05-05 15:43:26,609: publishing ctrl
[rosout][INFO] 2022-05-05 15:43:26,629: publishing ctrl
[rosout][INFO] 2022-05-05 15:43:26,649: publishing ctrl
[rosout][INFO] 2022-05-05 15:43:26,669: publishing ctrl
[rosout][INFO] 2022-05-05 15:43:26,690: publishing ctrl
[rosout][INFO] 2022-05-05 15:43:26,709: publishing ctrl
[rosout][INFO] 2022-05-05 15:43:26,729: publishing ctrl
[rosout][INFO] 2022-05-05 15:43:26,750: publishing ctrl
[rosout][INFO] 2022-05-05 15:43:26,769: publishing ctrl
[rosout][INFO] 2022-05-05 15:43:26,789: publishing ctrl
[rosout][INFO] 2022-05-05 15:43:26,810: publishing ctrl
[rosout][INFO] 2022-05-05 15:43:26,829: publishing ctrl
[rosout][INFO] 2022-05-05 15:43:26,849: publishing ctrl
[rosout][INFO] 2022-05-05 15:43:26,869: publishing ctrl
[rosout][INFO] 2022-05-05 15:43:26,889: publishing ctrl
[rosout][INFO] 2022-05-05 15:43:26,909: publishing ctrl
[rosout][INFO] 2022-05-05 15:43:26,929: publishing ctrl
[rosout][INFO] 2022-05-05 15:43:26,949: publishing ctrl
[rosout][INFO] 2022-05-05 15:43:26,969: publishing ctrl
[rosout][INFO] 2022-05-05 15:43:26,988: publishing ctrl
[rosout][INFO] 2022-05-05 15:43:27,009: publishing ctrl
[rosout][INFO] 2022-05-05 15:43:27,029: publishing ctrl
[rosout][INFO] 2022-05-05 15:43:27,049: publishing ctrl
[rosout][INFO] 2022-05-05 15:43:27,069: publishing ctrl
[rosout][INFO] 2022-05-05 15:43:27,089: publishing ctrl
[rosout][INFO] 2022-05-05 15:43:27,110: publishing ctrl
[rosout][INFO] 2022-05-05 15:43:27,130: publishing ctrl
[rosout][INFO] 2022-05-05 15:43:27,149: publishing ctrl
[rosout][INFO] 2022-05-05 15:43:27,170: publishing ctrl
[rosout][INFO] 2022-05-05 15:43:27,189: publishing ctrl
[rosout][INFO] 2022-05-05 15:43:27,209: publishing ctrl
[rosout][INFO] 2022-05-05 15:43:27,231: publishing ctrl
[rosout][INFO] 2022-05-05 15:43:27,249: publishing ctrl
[rosout][INFO] 2022-05-05 15:43:27,270: publishing ctrl
[rosout][INFO] 2022-05-05 15:43:27,289: publishing ctrl
[rosout][INFO] 2022-05-05 15:43:27,308: publishing ctrl
[rosout][INFO] 2022-05-05 15:43:27,328: publishing ctrl
[rosout][INFO] 2022-05-05 15:43:27,348: publishing ctrl
[rosout][INFO] 2022-05-05 15:43:27,368: publishing ctrl
[rosout][INFO] 2022-05-05 15:43:27,388: publishing ctrl
[rosout][INFO] 2022-05-05 15:43:27,409: publishing ctrl
[rosout][INFO] 2022-05-05 15:43:27,429: publishing ctrl
[rosout][INFO] 2022-05-05 15:43:27,449: publishing ctrl
[rosout][INFO] 2022-05-05 15:43:27,469: publishing ctrl
[rosout][INFO] 2022-05-05 15:43:27,489: publishing ctrl
[rosout][INFO] 2022-05-05 15:43:27,509: publishing ctrl
[rosout][INFO] 2022-05-05 15:43:27,529: publishing ctrl
[rosout][INFO] 2022-05-05 15:43:27,549: publishing ctrl
[rosout][INFO] 2022-05-05 15:43:27,569: publishing ctrl
[rosout][INFO] 2022-05-05 15:43:27,589: publishing ctrl
[rosout][INFO] 2022-05-05 15:43:27,609: publishing ctrl
[rosout][INFO] 2022-05-05 15:43:27,629: publishing ctrl
[rosout][INFO] 2022-05-05 15:43:27,649: publishing ctrl
[rosout][INFO] 2022-05-05 15:43:27,669: publishing ctrl
[rosout][INFO] 2022-05-05 15:43:27,689: publishing ctrl
[rosout][INFO] 2022-05-05 15:43:27,710: publishing ctrl
[rosout][INFO] 2022-05-05 15:43:27,729: publishing ctrl
[rosout][INFO] 2022-05-05 15:43:27,749: publishing ctrl
[rosout][INFO] 2022-05-05 15:43:27,769: publishing ctrl
[rosout][INFO] 2022-05-05 15:43:27,789: publishing ctrl
[rosout][INFO] 2022-05-05 15:43:27,809: publishing ctrl
[rosout][INFO] 2022-05-05 15:43:27,829: publishing ctrl
[rosout][INFO] 2022-05-05 15:43:27,849: publishing ctrl
[rosout][INFO] 2022-05-05 15:43:27,869: publishing ctrl
[rosout][INFO] 2022-05-05 15:43:27,889: publishing ctrl
[rosout][INFO] 2022-05-05 15:43:27,909: publishing ctrl
[rosout][INFO] 2022-05-05 15:43:27,929: publishing ctrl
[rosout][INFO] 2022-05-05 15:43:27,949: publishing ctrl
[rosout][INFO] 2022-05-05 15:43:27,970: publishing ctrl
[rosout][INFO] 2022-05-05 15:43:27,989: publishing ctrl
[rosout][INFO] 2022-05-05 15:43:28,009: publishing ctrl
[rosout][INFO] 2022-05-05 15:43:28,029: publishing ctrl
[rosout][INFO] 2022-05-05 15:43:28,049: publishing ctrl
[rosout][INFO] 2022-05-05 15:43:28,070: publishing ctrl
[rosout][INFO] 2022-05-05 15:43:28,089: publishing ctrl
[rosout][INFO] 2022-05-05 15:43:28,109: publishing ctrl
[rosout][INFO] 2022-05-05 15:43:28,130: publishing ctrl
[rosout][INFO] 2022-05-05 15:43:28,149: publishing ctrl
[rosout][INFO] 2022-05-05 15:43:28,169: publishing ctrl
[rosout][INFO] 2022-05-05 15:43:28,189: publishing ctrl
[rosout][INFO] 2022-05-05 15:43:28,209: publishing ctrl
[rosout][INFO] 2022-05-05 15:43:28,229: publishing ctrl
[rosout][INFO] 2022-05-05 15:43:28,249: publishing ctrl
[rosout][INFO] 2022-05-05 15:43:28,269: publishing ctrl
[rosout][INFO] 2022-05-05 15:43:28,289: publishing ctrl
[rosout][INFO] 2022-05-05 15:43:28,309: publishing ctrl
[rosout][INFO] 2022-05-05 15:43:28,329: publishing ctrl
[rosout][INFO] 2022-05-05 15:43:28,349: publishing ctrl
[rosout][INFO] 2022-05-05 15:43:28,369: publishing ctrl
[rosout][INFO] 2022-05-05 15:43:28,389: publishing ctrl
[rosout][INFO] 2022-05-05 15:43:28,409: publishing ctrl
[rosout][INFO] 2022-05-05 15:43:28,429: publishing ctrl
[rosout][INFO] 2022-05-05 15:43:28,449: publishing ctrl
[rosout][INFO] 2022-05-05 15:43:28,469: publishing ctrl
[rosout][INFO] 2022-05-05 15:43:28,489: publishing ctrl
[rosout][INFO] 2022-05-05 15:43:28,509: publishing ctrl
[rosout][INFO] 2022-05-05 15:43:28,529: publishing ctrl
[rosout][INFO] 2022-05-05 15:43:28,548: publishing ctrl
[rosout][INFO] 2022-05-05 15:43:28,569: publishing ctrl
[rosout][INFO] 2022-05-05 15:43:28,589: publishing ctrl
[rosout][INFO] 2022-05-05 15:43:28,609: publishing ctrl
[rosout][INFO] 2022-05-05 15:43:28,629: publishing ctrl
[rosout][INFO] 2022-05-05 15:43:28,649: publishing ctrl
[rosout][INFO] 2022-05-05 15:43:28,669: publishing ctrl
[rosout][INFO] 2022-05-05 15:43:28,689: publishing ctrl
[rosout][INFO] 2022-05-05 15:43:28,709: publishing ctrl
[rosout][INFO] 2022-05-05 15:43:28,729: publishing ctrl
[rosout][INFO] 2022-05-05 15:43:28,749: publishing ctrl
[rosout][INFO] 2022-05-05 15:43:28,770: publishing ctrl
[rosout][INFO] 2022-05-05 15:43:28,790: publishing ctrl
[rosout][INFO] 2022-05-05 15:43:28,809: publishing ctrl
[rosout][INFO] 2022-05-05 15:43:28,830: publishing ctrl
[rosout][INFO] 2022-05-05 15:43:28,849: publishing ctrl
[rosout][INFO] 2022-05-05 15:43:28,869: publishing ctrl
[rosout][INFO] 2022-05-05 15:43:28,889: publishing ctrl
[rosout][INFO] 2022-05-05 15:43:28,909: publishing ctrl
[rosout][INFO] 2022-05-05 15:43:28,930: publishing ctrl
[rosout][INFO] 2022-05-05 15:43:28,949: publishing ctrl
[rosout][INFO] 2022-05-05 15:43:28,970: publishing ctrl
[rosout][INFO] 2022-05-05 15:43:28,989: publishing ctrl
[rosout][INFO] 2022-05-05 15:43:29,009: publishing ctrl
[rosout][INFO] 2022-05-05 15:43:29,029: publishing ctrl
[rosout][INFO] 2022-05-05 15:43:29,048: publishing ctrl
[rosout][INFO] 2022-05-05 15:43:29,069: publishing ctrl
[rosout][INFO] 2022-05-05 15:43:29,089: publishing ctrl
[rosout][INFO] 2022-05-05 15:43:29,109: publishing ctrl
[rosout][INFO] 2022-05-05 15:43:29,129: publishing ctrl
[rosout][INFO] 2022-05-05 15:43:29,149: publishing ctrl
[rosout][INFO] 2022-05-05 15:43:29,169: publishing ctrl
[rosout][INFO] 2022-05-05 15:43:29,189: publishing ctrl
[rosout][INFO] 2022-05-05 15:43:29,209: publishing ctrl
[rosout][INFO] 2022-05-05 15:43:29,229: publishing ctrl
[rosout][INFO] 2022-05-05 15:43:29,249: publishing ctrl
[rosout][INFO] 2022-05-05 15:43:29,269: publishing ctrl
[rosout][INFO] 2022-05-05 15:43:29,289: publishing ctrl
[rosout][INFO] 2022-05-05 15:43:29,309: publishing ctrl
[rosout][INFO] 2022-05-05 15:43:29,329: publishing ctrl
[rosout][INFO] 2022-05-05 15:43:29,349: publishing ctrl
[rosout][INFO] 2022-05-05 15:43:29,369: publishing ctrl
[rosout][INFO] 2022-05-05 15:43:29,389: publishing ctrl
[rosout][INFO] 2022-05-05 15:43:29,409: publishing ctrl
[rosout][INFO] 2022-05-05 15:43:29,429: publishing ctrl
[rosout][INFO] 2022-05-05 15:43:29,450: publishing ctrl
[rosout][INFO] 2022-05-05 15:43:29,469: publishing ctrl
[rosout][INFO] 2022-05-05 15:43:29,489: publishing ctrl
[rosout][INFO] 2022-05-05 15:43:29,509: publishing ctrl
[rosout][INFO] 2022-05-05 15:43:29,529: publishing ctrl
[rosout][INFO] 2022-05-05 15:43:29,550: publishing ctrl
[rosout][INFO] 2022-05-05 15:43:29,570: publishing ctrl
[rosout][INFO] 2022-05-05 15:43:29,589: publishing ctrl
[rosout][INFO] 2022-05-05 15:43:29,609: publishing ctrl
[rosout][INFO] 2022-05-05 15:43:29,630: publishing ctrl
[rosout][INFO] 2022-05-05 15:43:29,650: publishing ctrl
[rosout][INFO] 2022-05-05 15:43:29,669: publishing ctrl
[rosout][INFO] 2022-05-05 15:43:29,690: publishing ctrl
[rosout][INFO] 2022-05-05 15:43:29,709: publishing ctrl
[rosout][INFO] 2022-05-05 15:43:29,729: publishing ctrl
[rosout][INFO] 2022-05-05 15:43:29,749: publishing ctrl
[rosout][INFO] 2022-05-05 15:43:29,769: publishing ctrl
[rosout][INFO] 2022-05-05 15:43:29,789: publishing ctrl
[rosout][INFO] 2022-05-05 15:43:29,810: publishing ctrl
[rosout][INFO] 2022-05-05 15:43:29,829: publishing ctrl
[rosout][INFO] 2022-05-05 15:43:29,848: publishing ctrl
[rosout][INFO] 2022-05-05 15:43:29,869: publishing ctrl
[rosout][INFO] 2022-05-05 15:43:29,889: publishing ctrl
[rosout][INFO] 2022-05-05 15:43:29,908: publishing ctrl
[rosout][INFO] 2022-05-05 15:43:29,929: publishing ctrl
[rosout][INFO] 2022-05-05 15:43:29,949: publishing ctrl
[rosout][INFO] 2022-05-05 15:43:29,969: publishing ctrl
[rosout][INFO] 2022-05-05 15:43:29,990: publishing ctrl
[rosout][INFO] 2022-05-05 15:43:30,009: publishing ctrl
[rosout][INFO] 2022-05-05 15:43:30,030: publishing ctrl
[rosout][INFO] 2022-05-05 15:43:30,049: publishing ctrl
[rosout][INFO] 2022-05-05 15:43:30,069: publishing ctrl
[rosout][INFO] 2022-05-05 15:43:30,089: publishing ctrl
[rosout][INFO] 2022-05-05 15:43:30,109: publishing ctrl
[rosout][INFO] 2022-05-05 15:43:30,129: publishing ctrl
[rosout][INFO] 2022-05-05 15:43:30,149: publishing ctrl
[rosout][INFO] 2022-05-05 15:43:30,170: publishing ctrl
[rosout][INFO] 2022-05-05 15:43:30,189: publishing ctrl
[rosout][INFO] 2022-05-05 15:43:30,209: publishing ctrl
[rosout][INFO] 2022-05-05 15:43:30,229: publishing ctrl
[rosout][INFO] 2022-05-05 15:43:30,249: publishing ctrl
[rosout][INFO] 2022-05-05 15:43:30,269: publishing ctrl
[rosout][INFO] 2022-05-05 15:43:30,289: publishing ctrl
[rosout][INFO] 2022-05-05 15:43:30,309: publishing ctrl
[rosout][INFO] 2022-05-05 15:43:30,329: publishing ctrl
[rosout][INFO] 2022-05-05 15:43:30,350: publishing ctrl
[rosout][INFO] 2022-05-05 15:43:30,369: publishing ctrl
[rosout][INFO] 2022-05-05 15:43:30,389: publishing ctrl
[rosout][INFO] 2022-05-05 15:43:30,409: publishing ctrl
[rosout][INFO] 2022-05-05 15:43:30,429: publishing ctrl
[rosout][INFO] 2022-05-05 15:43:30,449: publishing ctrl
[rosout][INFO] 2022-05-05 15:43:30,469: publishing ctrl
[rosout][INFO] 2022-05-05 15:43:30,489: publishing ctrl
[rosout][INFO] 2022-05-05 15:43:30,509: publishing ctrl
[rosout][INFO] 2022-05-05 15:43:30,529: publishing ctrl
[rosout][INFO] 2022-05-05 15:43:30,549: publishing ctrl
[rosout][INFO] 2022-05-05 15:43:30,569: publishing ctrl
[rospy.core][INFO] 2022-05-05 15:43:30,593: signal_shutdown [signal-2]
[rosout][INFO] 2022-05-05 15:43:30,589: publishing ctrl
[rospy.internal][INFO] 2022-05-05 15:43:30,611: topic[/car/mux/ackermann_cmd_mux/input/navigation] removing connection to /car/mux/nodelet_manager
[rospy.internal][INFO] 2022-05-05 15:43:30,612: topic[/rosout] removing connection to /rosout
[rospy.impl.masterslave][INFO] 2022-05-05 15:43:30,624: signal-2
[rospy.core][INFO] 2022-05-05 15:43:30,727: signal_shutdown [atexit]
