[rospy.client][INFO] 2022-05-05 19:36:08,938: init_node, name[/car/vesc/throttle_interpolator], pid[26850]
[xmlrpc][INFO] 2022-05-05 19:36:08,942: XML-RPC server binding to 0.0.0.0:0
[rospy.init][INFO] 2022-05-05 19:36:08,944: ROS Slave URI: [http://robot-desktop:37373/]
[xmlrpc][INFO] 2022-05-05 19:36:08,944: Started XML-RPC server [http://robot-desktop:37373/]
[rospy.impl.masterslave][INFO] 2022-05-05 19:36:08,945: _ready: http://robot-desktop:37373/
[xmlrpc][INFO] 2022-05-05 19:36:08,969: xml rpc node: starting XML-RPC server
[rospy.registration][INFO] 2022-05-05 19:36:08,971: Registering with master node http://robot-desktop:11311
[rospy.init][INFO] 2022-05-05 19:36:09,044: registered with master
[rospy.rosout][INFO] 2022-05-05 19:36:09,045: initializing /rosout core topic
[rospy.rosout][INFO] 2022-05-05 19:36:09,078: connected to core topic /rosout
[rospy.simtime][INFO] 2022-05-05 19:36:09,089: /use_sim_time is not set, will not subscribe to simulated time [/clock] topic
[rospy.internal][INFO] 2022-05-05 19:36:09,337: topic[/rosout] adding connection to [/rosout], count 0
[rospy.internal][INFO] 2022-05-05 19:36:09,801: topic[/car/vesc/commands/servo/unsmoothed_position] adding connection to [http://robot-desktop:42671/], count 0
[rospy.internal][INFO] 2022-05-05 19:36:09,804: topic[/car/vesc/commands/motor/unsmoothed_speed] adding connection to [http://robot-desktop:42671/], count 0
[rospy.internal][INFO] 2022-05-05 19:36:09,944: topic[/car/vesc/commands/motor/speed] adding connection to [/car/vesc/vesc_driver], count 0
[rospy.internal][INFO] 2022-05-05 19:36:09,946: topic[/car/vesc/commands/servo/position] adding connection to [/car/vesc/vesc_driver], count 0
[rospy.core][INFO] 2022-05-05 19:36:14,335: signal_shutdown [signal-2]
[rospy.internal][INFO] 2022-05-05 19:36:14,346: topic[/car/vesc/commands/motor/speed] removing connection to /car/vesc/vesc_driver
[rospy.internal][INFO] 2022-05-05 19:36:14,350: topic[/rosout] removing connection to /rosout
[rospy.internal][INFO] 2022-05-05 19:36:14,350: topic[/car/vesc/commands/servo/position] removing connection to /car/vesc/vesc_driver
[rospy.internal][INFO] 2022-05-05 19:36:14,362: topic[/car/vesc/commands/motor/unsmoothed_speed] removing connection to http://robot-desktop:42671/
[rospy.internal][INFO] 2022-05-05 19:36:14,365: topic[/car/vesc/commands/servo/unsmoothed_position] removing connection to http://robot-desktop:42671/
[rospy.impl.masterslave][INFO] 2022-05-05 19:36:14,366: signal-2
[rospy.internal][WARNING] 2022-05-05 19:36:14,643: Unknown error initiating TCP/IP socket to robot-desktop:45329 (http://robot-desktop:42671/): Traceback (most recent call last):
  File "/opt/ros/melodic/lib/python2.7/dist-packages/rospy/impl/tcpros_base.py", line 562, in connect
    self.read_header()
  File "/opt/ros/melodic/lib/python2.7/dist-packages/rospy/impl/tcpros_base.py", line 657, in read_header
    self._validate_header(read_ros_handshake_header(sock, self.read_buff, self.protocol.buff_size))
  File "/opt/ros/melodic/lib/python2.7/dist-packages/rosgraph/network.py", line 357, in read_ros_handshake_header
    d = sock.recv(buff_size)
error: [Errno 104] Connection reset by peer

[rospy.internal][WARNING] 2022-05-05 19:36:14,644: Unknown error initiating TCP/IP socket to robot-desktop:45329 (http://robot-desktop:42671/): Traceback (most recent call last):
  File "/opt/ros/melodic/lib/python2.7/dist-packages/rospy/impl/tcpros_base.py", line 562, in connect
    self.read_header()
  File "/opt/ros/melodic/lib/python2.7/dist-packages/rospy/impl/tcpros_base.py", line 657, in read_header
    self._validate_header(read_ros_handshake_header(sock, self.read_buff, self.protocol.buff_size))
  File "/opt/ros/melodic/lib/python2.7/dist-packages/rosgraph/network.py", line 357, in read_ros_handshake_header
    d = sock.recv(buff_size)
error: [Errno 104] Connection reset by peer

[rospy.core][INFO] 2022-05-05 19:36:14,984: signal_shutdown [atexit]
