

1651793767.684108854  Node Startup
1651793768.158505156 INFO /car/mux/ackermann_cmd_mux [/tmp/binarydeb/ros-melodic-nodelet-1.9.16/src/nodelet.cpp:196(loadNodelet)] [topics: /rosout] Loading nodelet /car/mux/ackermann_cmd_mux of type ackermann_cmd_mux/AckermannCmdMuxNodelet to manager nodelet_manager with the following remappings:
1651793768.312489739 INFO /car/mux/nodelet_manager [/tmp/binarydeb/ros-melodic-nodelet-1.9.16/src/loader.cpp:233(Loader::Impl::advertiseRosApi)] [topics: /rosout] Initializing nodelet with 4 worker threads.
1651793768.435647031 INFO /car/mux/ackermann_cmd_mux [/tmp/binarydeb/ros-melodic-roscpp-1.14.12/src/libros/service.cpp:80(service::exists)] [topics: /rosout] waitForService: Service [/car/mux/nodelet_manager/load_nodelet] has not been advertised, waiting...
1651793768.507190468 INFO /car/mux/ackermann_cmd_mux [/tmp/binarydeb/ros-melodic-roscpp-1.14.12/src/libros/service.cpp:123(service::waitForService)] [topics: /rosout] waitForService: Service [/car/mux/nodelet_manager/load_nodelet] is now available.
1651793769.576115572 INFO /car/mux/nodelet_manager [/home/robot/catkin_ws/src/mushr/mushr_base/mushr_base/ackermann_cmd_mux/src/ackermann_cmd_mux_nodelet.cpp:181(AckermannCmdMuxNodelet::reloadConfiguration)] [topics: /rosout, /car/mux/ackermann_cmd_mux/parameter_descriptions, /car/mux/ackermann_cmd_mux/parameter_updates, /car/mux/ackermann_cmd_mux/output] AckermannCmdMux : (re)configured [/home/robot/catkin_ws/src/mushr/mushr_base/mushr_base/ackermann_cmd_mux/param/mux.yaml]
1651793769.673948385 INFO /car/vesc/vesc_driver [/home/robot/catkin_ws/src/mushr/mushr_base/vesc/vesc_driver/src/vesc_driver.cpp:96(VescDriver::timerCallback)] [topics: /rosout, /car/vesc/sensors/core, /car/vesc/sensors/servo_position_command] Connected to VESC with firmware version 2.18
1651793770.812117099 INFO /car/drive [cybertruck2.py:113(publish_ctrl)] [topics: /rosout, /csi_cam_0/image_raw, /car/mux/ackermann_cmd_mux/input/navigation] publishing ctrl
1651793770.912509918 INFO /car/drive [cybertruck2.py:113(publish_ctrl)] [topics: /rosout, /csi_cam_0/image_raw, /car/mux/ackermann_cmd_mux/input/navigation] publishing ctrl
1651793771.013257026 INFO /car/drive [cybertruck2.py:113(publish_ctrl)] [topics: /rosout, /csi_cam_0/image_raw, /car/mux/ackermann_cmd_mux/input/navigation] publishing ctrl
1651793771.112409114 INFO /car/drive [cybertruck2.py:113(publish_ctrl)] [topics: /rosout, /csi_cam_0/image_raw, /car/mux/ackermann_cmd_mux/input/navigation] publishing ctrl
1651793771.212316036 INFO /car/drive [cybertruck2.py:113(publish_ctrl)] [topics: /rosout, /csi_cam_0/image_raw, /car/mux/ackermann_cmd_mux/input/navigation] publishing ctrl
1651793771.312877893 INFO /car/drive [cybertruck2.py:113(publish_ctrl)] [topics: /rosout, /csi_cam_0/image_raw, /car/mux/ackermann_cmd_mux/input/navigation] publishing ctrl
1651793771.412317037 INFO /car/drive [cybertruck2.py:113(publish_ctrl)] [topics: /rosout, /csi_cam_0/image_raw, /car/mux/ackermann_cmd_mux/input/navigation] publishing ctrl
1651793771.512156009 INFO /car/drive [cybertruck2.py:113(publish_ctrl)] [topics: /rosout, /csi_cam_0/image_raw, /car/mux/ackermann_cmd_mux/input/navigation] publishing ctrl
1651793771.612951040 INFO /car/drive [cybertruck2.py:113(publish_ctrl)] [topics: /rosout, /csi_cam_0/image_raw, /car/mux/ackermann_cmd_mux/input/navigation] publishing ctrl
1651793771.712745904 INFO /car/drive [cybertruck2.py:113(publish_ctrl)] [topics: /rosout, /csi_cam_0/image_raw, /car/mux/ackermann_cmd_mux/input/navigation] publishing ctrl
1651793771.812385082 INFO /car/drive [cybertruck2.py:113(publish_ctrl)] [topics: /rosout, /csi_cam_0/image_raw, /car/mux/ackermann_cmd_mux/input/navigation] publishing ctrl
1651793771.913258075 INFO /car/drive [cybertruck2.py:113(publish_ctrl)] [topics: /rosout, /csi_cam_0/image_raw, /car/mux/ackermann_cmd_mux/input/navigation] publishing ctrl
1651793772.012875080 INFO /car/drive [cybertruck2.py:113(publish_ctrl)] [topics: /rosout, /csi_cam_0/image_raw, /car/mux/ackermann_cmd_mux/input/navigation] publishing ctrl
1651793772.112554073 INFO /car/drive [cybertruck2.py:113(publish_ctrl)] [topics: /rosout, /csi_cam_0/image_raw, /car/mux/ackermann_cmd_mux/input/navigation] publishing ctrl
1651793772.212609052 INFO /car/drive [cybertruck2.py:113(publish_ctrl)] [topics: /rosout, /csi_cam_0/image_raw, /car/mux/ackermann_cmd_mux/input/navigation] publishing ctrl
1651793772.312313079 INFO /car/drive [cybertruck2.py:113(publish_ctrl)] [topics: /rosout, /csi_cam_0/image_raw, /car/mux/ackermann_cmd_mux/input/navigation] publishing ctrl
1651793772.413068056 INFO /car/drive [cybertruck2.py:113(publish_ctrl)] [topics: /rosout, /csi_cam_0/image_raw, /car/mux/ackermann_cmd_mux/input/navigation] publishing ctrl
1651793772.513190984 INFO /car/drive [cybertruck2.py:113(publish_ctrl)] [topics: /rosout, /csi_cam_0/image_raw, /car/mux/ackermann_cmd_mux/input/navigation] publishing ctrl
1651793772.612488031 INFO /car/drive [cybertruck2.py:113(publish_ctrl)] [topics: /rosout, /csi_cam_0/image_raw, /car/mux/ackermann_cmd_mux/input/navigation] publishing ctrl
1651793772.713579893 INFO /car/drive [cybertruck2.py:113(publish_ctrl)] [topics: /rosout, /csi_cam_0/image_raw, /car/mux/ackermann_cmd_mux/input/navigation] publishing ctrl
1651793772.813353061 INFO /car/drive [cybertruck2.py:113(publish_ctrl)] [topics: /rosout, /csi_cam_0/image_raw, /car/mux/ackermann_cmd_mux/input/navigation] publishing ctrl
1651793772.913058996 INFO /car/drive [cybertruck2.py:113(publish_ctrl)] [topics: /rosout, /csi_cam_0/image_raw, /car/mux/ackermann_cmd_mux/input/navigation] publishing ctrl
1651793773.013659954 INFO /car/drive [cybertruck2.py:113(publish_ctrl)] [topics: /rosout, /csi_cam_0/image_raw, /car/mux/ackermann_cmd_mux/input/navigation] publishing ctrl
1651793773.113353967 INFO /car/drive [cybertruck2.py:113(publish_ctrl)] [topics: /rosout, /csi_cam_0/image_raw, /car/mux/ackermann_cmd_mux/input/navigation] publishing ctrl
1651793773.212497949 INFO /car/drive [cybertruck2.py:113(publish_ctrl)] [topics: /rosout, /csi_cam_0/image_raw, /car/mux/ackermann_cmd_mux/input/navigation] publishing ctrl
1651793773.313038110 INFO /car/drive [cybertruck2.py:113(publish_ctrl)] [topics: /rosout, /csi_cam_0/image_raw, /car/mux/ackermann_cmd_mux/input/navigation] publishing ctrl
1651793773.412920951 INFO /car/drive [cybertruck2.py:113(publish_ctrl)] [topics: /rosout, /csi_cam_0/image_raw, /car/mux/ackermann_cmd_mux/input/navigation] publishing ctrl
1651793773.513418912 INFO /car/drive [cybertruck2.py:113(publish_ctrl)] [topics: /rosout, /csi_cam_0/image_raw, /car/mux/ackermann_cmd_mux/input/navigation] publishing ctrl
1651793773.612430095 INFO /car/drive [cybertruck2.py:113(publish_ctrl)] [topics: /rosout, /csi_cam_0/image_raw, /car/mux/ackermann_cmd_mux/input/navigation] publishing ctrl
1651793773.713146924 INFO /car/drive [cybertruck2.py:113(publish_ctrl)] [topics: /rosout, /csi_cam_0/image_raw, /car/mux/ackermann_cmd_mux/input/navigation] publishing ctrl
1651793773.812438011 INFO /car/drive [cybertruck2.py:113(publish_ctrl)] [topics: /rosout, /csi_cam_0/image_raw, /car/mux/ackermann_cmd_mux/input/navigation] publishing ctrl
1651793773.912344932 INFO /car/drive [cybertruck2.py:113(publish_ctrl)] [topics: /rosout, /csi_cam_0/image_raw, /car/mux/ackermann_cmd_mux/input/navigation] publishing ctrl
1651793774.013216018 INFO /car/drive [cybertruck2.py:113(publish_ctrl)] [topics: /rosout, /csi_cam_0/image_raw, /car/mux/ackermann_cmd_mux/input/navigation] publishing ctrl
1651793774.112464904 INFO /car/drive [cybertruck2.py:113(publish_ctrl)] [topics: /rosout, /csi_cam_0/image_raw, /car/mux/ackermann_cmd_mux/input/navigation] publishing ctrl
1651793774.212907075 INFO /car/drive [cybertruck2.py:113(publish_ctrl)] [topics: /rosout, /csi_cam_0/image_raw, /car/mux/ackermann_cmd_mux/input/navigation] publishing ctrl
1651793774.312881925 INFO /car/mux/ackermann_cmd_mux [/tmp/binarydeb/ros-melodic-nodelet-1.9.16/src/nodelet.cpp:159(unloadNodelet)] [topics: /rosout, /car/mux/nodelet_manager/bond] Unloading nodelet /car/mux/ackermann_cmd_mux from manager nodelet_manager
1651793780.883123068 INFO /csi_cam_0 [/home/robot/catkin_ws/src/gscam/src/gscam.cpp:210(GSCam::init_stream)] [topics: /rosout] Time offset: 1651779265.614
1651793780.894599787 INFO /csi_cam_0 [/home/robot/catkin_ws/src/gscam/src/gscam.cpp:234(GSCam::publish_stream)] [topics: /rosout, /csi_cam_0/image_raw, /csi_cam_0/camera_info] Publishing stream...
1651793780.895397339 INFO /csi_cam_0 [/home/robot/catkin_ws/src/gscam/src/gscam.cpp:263(GSCam::publish_stream)] [topics: /rosout, /csi_cam_0/image_raw, /csi_cam_0/camera_info] Started stream.
