[rospy.client][INFO] 2022-05-05 15:38:22,051: init_node, name[/car/vesc/throttle_interpolator], pid[8173]
[xmlrpc][INFO] 2022-05-05 15:38:22,053: XML-RPC server binding to 0.0.0.0:0
[rospy.init][INFO] 2022-05-05 15:38:22,059: ROS Slave URI: [http://robot-desktop:42621/]
[xmlrpc][INFO] 2022-05-05 15:38:22,059: Started XML-RPC server [http://robot-desktop:42621/]
[rospy.impl.masterslave][INFO] 2022-05-05 15:38:22,060: _ready: http://robot-desktop:42621/
[rospy.registration][INFO] 2022-05-05 15:38:22,063: Registering with master node http://robot-desktop:11311
[xmlrpc][INFO] 2022-05-05 15:38:22,065: xml rpc node: starting XML-RPC server
[rospy.init][INFO] 2022-05-05 15:38:22,160: registered with master
[rospy.rosout][INFO] 2022-05-05 15:38:22,160: initializing /rosout core topic
[rospy.rosout][INFO] 2022-05-05 15:38:22,177: connected to core topic /rosout
[rospy.simtime][INFO] 2022-05-05 15:38:22,196: /use_sim_time is not set, will not subscribe to simulated time [/clock] topic
[rospy.internal][INFO] 2022-05-05 15:38:22,420: topic[/rosout] adding connection to [/rosout], count 0
[rospy.internal][INFO] 2022-05-05 15:38:22,492: topic[/car/vesc/commands/motor/unsmoothed_speed] adding connection to [http://robot-desktop:36751/], count 0
[rospy.internal][INFO] 2022-05-05 15:38:22,494: topic[/car/vesc/commands/servo/unsmoothed_position] adding connection to [http://robot-desktop:36751/], count 0
[rospy.internal][INFO] 2022-05-05 15:38:22,617: topic[/car/vesc/commands/motor/speed] adding connection to [/car/vesc/vesc_driver], count 0
[rospy.internal][INFO] 2022-05-05 15:38:22,715: topic[/car/vesc/commands/servo/position] adding connection to [/car/vesc/vesc_driver], count 0
[rospy.core][INFO] 2022-05-05 15:40:06,057: signal_shutdown [signal-2]
[rospy.internal][INFO] 2022-05-05 15:40:06,152: topic[/car/vesc/commands/motor/speed] removing connection to /car/vesc/vesc_driver
[rospy.internal][INFO] 2022-05-05 15:40:06,154: topic[/rosout] removing connection to /rosout
[rospy.internal][INFO] 2022-05-05 15:40:06,177: topic[/car/vesc/commands/servo/position] removing connection to /car/vesc/vesc_driver
[rospy.internal][INFO] 2022-05-05 15:40:06,199: topic[/car/vesc/commands/motor/unsmoothed_speed] removing connection to http://robot-desktop:36751/
[rospy.internal][INFO] 2022-05-05 15:40:06,211: topic[/car/vesc/commands/servo/unsmoothed_position] removing connection to http://robot-desktop:36751/
[rospy.internal][WARNING] 2022-05-05 15:40:06,220: Unknown error initiating TCP/IP socket to robot-desktop:34239 (http://robot-desktop:36751/): Traceback (most recent call last):
  File "/opt/ros/melodic/lib/python2.7/dist-packages/rospy/impl/tcpros_base.py", line 563, in connect
    self.local_endpoint = self.socket.getsockname()
AttributeError: 'NoneType' object has no attribute 'getsockname'

[rospy.impl.masterslave][INFO] 2022-05-05 15:40:06,223: signal-2
[rospy.core][INFO] 2022-05-05 15:40:06,699: signal_shutdown [atexit]
[rospy.client][INFO] 2022-05-05 15:41:18,362: init_node, name[/car/vesc/throttle_interpolator], pid[13201]
[xmlrpc][INFO] 2022-05-05 15:41:18,365: XML-RPC server binding to 0.0.0.0:0
[rospy.init][INFO] 2022-05-05 15:41:18,371: ROS Slave URI: [http://robot-desktop:41289/]
[xmlrpc][INFO] 2022-05-05 15:41:18,372: Started XML-RPC server [http://robot-desktop:41289/]
[rospy.impl.masterslave][INFO] 2022-05-05 15:41:18,373: _ready: http://robot-desktop:41289/
[xmlrpc][INFO] 2022-05-05 15:41:18,376: xml rpc node: starting XML-RPC server
[rospy.registration][INFO] 2022-05-05 15:41:18,381: Registering with master node http://robot-desktop:11311
[rospy.init][INFO] 2022-05-05 15:41:18,473: registered with master
[rospy.rosout][INFO] 2022-05-05 15:41:18,474: initializing /rosout core topic
[rospy.rosout][INFO] 2022-05-05 15:41:18,499: connected to core topic /rosout
[rospy.simtime][INFO] 2022-05-05 15:41:18,520: /use_sim_time is not set, will not subscribe to simulated time [/clock] topic
[rospy.internal][INFO] 2022-05-05 15:41:18,731: topic[/rosout] adding connection to [/rosout], count 0
[rospy.internal][INFO] 2022-05-05 15:41:19,295: topic[/car/vesc/commands/motor/unsmoothed_speed] adding connection to [http://robot-desktop:36421/], count 0
[rospy.internal][INFO] 2022-05-05 15:41:19,310: topic[/car/vesc/commands/servo/unsmoothed_position] adding connection to [http://robot-desktop:36421/], count 0
[rospy.internal][INFO] 2022-05-05 15:41:19,376: topic[/car/vesc/commands/motor/speed] adding connection to [/car/vesc/vesc_driver], count 0
[rospy.internal][INFO] 2022-05-05 15:41:19,398: topic[/car/vesc/commands/servo/position] adding connection to [/car/vesc/vesc_driver], count 0
[rospy.core][INFO] 2022-05-05 15:42:03,606: signal_shutdown [signal-2]
[rospy.internal][INFO] 2022-05-05 15:42:03,776: topic[/car/vesc/commands/motor/speed] removing connection to /car/vesc/vesc_driver
[rospy.internal][INFO] 2022-05-05 15:42:03,786: topic[/rosout] removing connection to /rosout
[rospy.internal][INFO] 2022-05-05 15:42:03,792: topic[/car/vesc/commands/servo/position] removing connection to /car/vesc/vesc_driver
[rospy.internal][INFO] 2022-05-05 15:42:03,808: topic[/car/vesc/commands/motor/unsmoothed_speed] removing connection to http://robot-desktop:36421/
[rospy.internal][INFO] 2022-05-05 15:42:03,821: topic[/car/vesc/commands/servo/unsmoothed_position] removing connection to http://robot-desktop:36421/
[rospy.impl.masterslave][INFO] 2022-05-05 15:42:03,825: signal-2
[rospy.core][INFO] 2022-05-05 15:42:04,259: signal_shutdown [atexit]
