[rospy.client][INFO] 2022-05-05 15:38:22,617: init_node, name[/car/mux/zero_ackermann_cmd], pid[8203]
[xmlrpc][INFO] 2022-05-05 15:38:22,618: XML-RPC server binding to 0.0.0.0:0
[xmlrpc][INFO] 2022-05-05 15:38:22,620: Started XML-RPC server [http://robot-desktop:37073/]
[rospy.init][INFO] 2022-05-05 15:38:22,621: ROS Slave URI: [http://robot-desktop:37073/]
[rospy.impl.masterslave][INFO] 2022-05-05 15:38:22,621: _ready: http://robot-desktop:37073/
[rospy.registration][INFO] 2022-05-05 15:38:22,622: Registering with master node http://robot-desktop:11311
[xmlrpc][INFO] 2022-05-05 15:38:22,622: xml rpc node: starting XML-RPC server
[rospy.init][INFO] 2022-05-05 15:38:22,723: registered with master
[rospy.internal][INFO] 2022-05-05 15:38:23,019: topic[/car/mux/ackermann_cmd_mux/input/default] adding connection to [/car/mux/nodelet_manager], count 0
[rospy.core][INFO] 2022-05-05 15:40:05,951: signal_shutdown [signal-2]
[rospy.internal][INFO] 2022-05-05 15:40:06,063: topic[/car/mux/ackermann_cmd_mux/input/default] removing connection to /car/mux/nodelet_manager
[rospy.impl.masterslave][INFO] 2022-05-05 15:40:06,064: signal-2
[rospy.core][INFO] 2022-05-05 15:40:06,632: signal_shutdown [atexit]
[rospy.client][INFO] 2022-05-05 15:41:19,814: init_node, name[/car/mux/zero_ackermann_cmd], pid[13230]
[xmlrpc][INFO] 2022-05-05 15:41:19,830: XML-RPC server binding to 0.0.0.0:0
[rospy.init][INFO] 2022-05-05 15:41:19,834: ROS Slave URI: [http://robot-desktop:42043/]
[xmlrpc][INFO] 2022-05-05 15:41:19,843: Started XML-RPC server [http://robot-desktop:42043/]
[rospy.impl.masterslave][INFO] 2022-05-05 15:41:19,843: _ready: http://robot-desktop:42043/
[xmlrpc][INFO] 2022-05-05 15:41:19,845: xml rpc node: starting XML-RPC server
[rospy.registration][INFO] 2022-05-05 15:41:19,846: Registering with master node http://robot-desktop:11311
[rospy.init][INFO] 2022-05-05 15:41:19,943: registered with master
[rospy.internal][INFO] 2022-05-05 15:41:20,257: topic[/car/mux/ackermann_cmd_mux/input/default] adding connection to [/car/mux/nodelet_manager], count 0
[rospy.core][INFO] 2022-05-05 15:42:03,591: signal_shutdown [signal-2]
[rospy.internal][INFO] 2022-05-05 15:42:03,685: topic[/car/mux/ackermann_cmd_mux/input/default] removing connection to /car/mux/nodelet_manager
[rospy.impl.masterslave][INFO] 2022-05-05 15:42:03,692: signal-2
[rospy.core][INFO] 2022-05-05 15:42:04,222: signal_shutdown [atexit]
