[rospy.client][INFO] 2022-05-05 15:45:14,457: init_node, name[/car/vesc/throttle_interpolator], pid[15677]
[xmlrpc][INFO] 2022-05-05 15:45:14,460: XML-RPC server binding to 0.0.0.0:0
[rospy.init][INFO] 2022-05-05 15:45:14,466: ROS Slave URI: [http://robot-desktop:34447/]
[xmlrpc][INFO] 2022-05-05 15:45:14,467: Started XML-RPC server [http://robot-desktop:34447/]
[rospy.impl.masterslave][INFO] 2022-05-05 15:45:14,467: _ready: http://robot-desktop:34447/
[xmlrpc][INFO] 2022-05-05 15:45:14,469: xml rpc node: starting XML-RPC server
[rospy.registration][INFO] 2022-05-05 15:45:14,471: Registering with master node http://robot-desktop:11311
[rospy.init][INFO] 2022-05-05 15:45:14,567: registered with master
[rospy.rosout][INFO] 2022-05-05 15:45:14,568: initializing /rosout core topic
[rospy.rosout][INFO] 2022-05-05 15:45:14,589: connected to core topic /rosout
[rospy.simtime][INFO] 2022-05-05 15:45:14,607: /use_sim_time is not set, will not subscribe to simulated time [/clock] topic
[rospy.internal][INFO] 2022-05-05 15:45:14,862: topic[/rosout] adding connection to [/rosout], count 0
[rospy.internal][INFO] 2022-05-05 15:45:15,198: topic[/car/vesc/commands/motor/unsmoothed_speed] adding connection to [http://robot-desktop:36737/], count 0
[rospy.internal][INFO] 2022-05-05 15:45:15,203: topic[/car/vesc/commands/servo/unsmoothed_position] adding connection to [http://robot-desktop:36737/], count 0
[rospy.internal][INFO] 2022-05-05 15:45:15,370: topic[/car/vesc/commands/motor/speed] adding connection to [/car/vesc/vesc_driver], count 0
[rospy.internal][INFO] 2022-05-05 15:45:15,371: topic[/car/vesc/commands/servo/position] adding connection to [/car/vesc/vesc_driver], count 0
[rospy.core][INFO] 2022-05-05 15:46:20,335: signal_shutdown [signal-2]
[rospy.internal][INFO] 2022-05-05 15:46:20,499: topic[/car/vesc/commands/motor/speed] removing connection to /car/vesc/vesc_driver
[rospy.internal][INFO] 2022-05-05 15:46:20,501: topic[/rosout] removing connection to /rosout
[rospy.internal][INFO] 2022-05-05 15:46:20,514: topic[/car/vesc/commands/servo/position] removing connection to /car/vesc/vesc_driver
[rospy.internal][INFO] 2022-05-05 15:46:20,527: topic[/car/vesc/commands/motor/unsmoothed_speed] removing connection to http://robot-desktop:36737/
[rospy.internal][INFO] 2022-05-05 15:46:20,537: topic[/car/vesc/commands/servo/unsmoothed_position] removing connection to http://robot-desktop:36737/
[rospy.impl.masterslave][INFO] 2022-05-05 15:46:20,539: signal-2
[rospy.core][INFO] 2022-05-05 15:46:20,959: signal_shutdown [atexit]
