[rospy.client][INFO] 2022-05-05 15:37:03,217: init_node, name[/car/vesc/throttle_interpolator], pid[6922]
[xmlrpc][INFO] 2022-05-05 15:37:03,219: XML-RPC server binding to 0.0.0.0:0
[rospy.init][INFO] 2022-05-05 15:37:03,220: ROS Slave URI: [http://robot-desktop:44799/]
[xmlrpc][INFO] 2022-05-05 15:37:03,221: Started XML-RPC server [http://robot-desktop:44799/]
[rospy.impl.masterslave][INFO] 2022-05-05 15:37:03,221: _ready: http://robot-desktop:44799/
[xmlrpc][INFO] 2022-05-05 15:37:03,222: xml rpc node: starting XML-RPC server
[rospy.registration][INFO] 2022-05-05 15:37:03,223: Registering with master node http://robot-desktop:11311
[rospy.init][INFO] 2022-05-05 15:37:03,321: registered with master
[rospy.rosout][INFO] 2022-05-05 15:37:03,322: initializing /rosout core topic
[rospy.rosout][INFO] 2022-05-05 15:37:03,331: connected to core topic /rosout
[rospy.simtime][INFO] 2022-05-05 15:37:03,343: /use_sim_time is not set, will not subscribe to simulated time [/clock] topic
[rospy.internal][INFO] 2022-05-05 15:37:03,601: topic[/car/vesc/commands/servo/unsmoothed_position] adding connection to [http://robot-desktop:46529/], count 0
[rospy.internal][INFO] 2022-05-05 15:37:03,603: topic[/car/vesc/commands/motor/unsmoothed_speed] adding connection to [http://robot-desktop:46529/], count 0
[rospy.internal][INFO] 2022-05-05 15:37:03,605: topic[/rosout] adding connection to [/rosout], count 0
[rospy.internal][INFO] 2022-05-05 15:37:03,806: topic[/car/vesc/commands/motor/speed] adding connection to [/car/vesc/vesc_driver], count 0
[rospy.internal][INFO] 2022-05-05 15:37:03,807: topic[/car/vesc/commands/servo/position] adding connection to [/car/vesc/vesc_driver], count 0
[rospy.core][INFO] 2022-05-05 15:37:42,188: signal_shutdown [signal-2]
[rospy.internal][INFO] 2022-05-05 15:37:42,222: topic[/car/vesc/commands/motor/speed] removing connection to /car/vesc/vesc_driver
[rospy.internal][INFO] 2022-05-05 15:37:42,223: topic[/rosout] removing connection to /rosout
[rospy.internal][INFO] 2022-05-05 15:37:42,223: topic[/car/vesc/commands/servo/position] removing connection to /car/vesc/vesc_driver
[rospy.internal][INFO] 2022-05-05 15:37:42,226: topic[/car/vesc/commands/motor/unsmoothed_speed] removing connection to http://robot-desktop:46529/
[rospy.internal][INFO] 2022-05-05 15:37:42,228: topic[/car/vesc/commands/servo/unsmoothed_position] removing connection to http://robot-desktop:46529/
[rospy.impl.masterslave][INFO] 2022-05-05 15:37:42,229: signal-2
[rospy.internal][WARNING] 2022-05-05 15:37:42,232: Unknown error initiating TCP/IP socket to robot-desktop:58077 (http://robot-desktop:46529/): Traceback (most recent call last):
  File "/opt/ros/melodic/lib/python2.7/dist-packages/rospy/impl/tcpros_base.py", line 563, in connect
    self.local_endpoint = self.socket.getsockname()
AttributeError: 'NoneType' object has no attribute 'getsockname'

[rospy.core][INFO] 2022-05-05 15:37:42,337: signal_shutdown [atexit]
