[rospy.client][INFO] 2022-05-05 16:02:16,347: init_node, name[/car/drive], pid[22630]
[xmlrpc][INFO] 2022-05-05 16:02:16,349: XML-RPC server binding to 0.0.0.0:0
[xmlrpc][INFO] 2022-05-05 16:02:16,350: Started XML-RPC server [http://robot-desktop:43323/]
[rospy.init][INFO] 2022-05-05 16:02:16,351: ROS Slave URI: [http://robot-desktop:43323/]
[rospy.impl.masterslave][INFO] 2022-05-05 16:02:16,351: _ready: http://robot-desktop:43323/
[rospy.registration][INFO] 2022-05-05 16:02:16,354: Registering with master node http://robot-desktop:11311
[xmlrpc][INFO] 2022-05-05 16:02:16,355: xml rpc node: starting XML-RPC server
[rospy.init][INFO] 2022-05-05 16:02:16,452: registered with master
[rospy.rosout][INFO] 2022-05-05 16:02:16,453: initializing /rosout core topic
[rospy.rosout][INFO] 2022-05-05 16:02:16,462: connected to core topic /rosout
[rospy.simtime][INFO] 2022-05-05 16:02:16,467: /use_sim_time is not set, will not subscribe to simulated time [/clock] topic
[rospy.internal][INFO] 2022-05-05 16:02:16,695: topic[/rosout] adding connection to [/rosout], count 0
[rosout][INFO] 2022-05-05 16:02:16,886: publishing ctrl
[rosout][INFO] 2022-05-05 16:02:16,986: publishing ctrl
[rospy.internal][INFO] 2022-05-05 16:02:17,000: topic[/car/mux/ackermann_cmd_mux/input/navigation] adding connection to [/car/mux/nodelet_manager], count 0
[rosout][INFO] 2022-05-05 16:02:17,086: publishing ctrl
[rosout][INFO] 2022-05-05 16:02:17,186: publishing ctrl
[rosout][INFO] 2022-05-05 16:02:17,286: publishing ctrl
[rosout][INFO] 2022-05-05 16:02:17,389: publishing ctrl
[rosout][INFO] 2022-05-05 16:02:17,486: publishing ctrl
[rosout][INFO] 2022-05-05 16:02:17,586: publishing ctrl
[rosout][INFO] 2022-05-05 16:02:17,686: publishing ctrl
[rosout][INFO] 2022-05-05 16:02:17,786: publishing ctrl
[rosout][INFO] 2022-05-05 16:02:17,886: publishing ctrl
[rosout][INFO] 2022-05-05 16:02:17,986: publishing ctrl
[rosout][INFO] 2022-05-05 16:02:18,086: publishing ctrl
[rosout][INFO] 2022-05-05 16:02:18,186: publishing ctrl
[rosout][INFO] 2022-05-05 16:02:18,286: publishing ctrl
[rosout][INFO] 2022-05-05 16:02:18,386: publishing ctrl
[rosout][INFO] 2022-05-05 16:02:18,486: publishing ctrl
[rosout][INFO] 2022-05-05 16:02:18,586: publishing ctrl
[rosout][INFO] 2022-05-05 16:02:18,686: publishing ctrl
[rosout][INFO] 2022-05-05 16:02:18,786: publishing ctrl
[rosout][INFO] 2022-05-05 16:02:18,886: publishing ctrl
[rosout][INFO] 2022-05-05 16:02:18,986: publishing ctrl
[rosout][INFO] 2022-05-05 16:02:19,086: publishing ctrl
[rosout][INFO] 2022-05-05 16:02:19,186: publishing ctrl
[rosout][INFO] 2022-05-05 16:02:19,287: publishing ctrl
[rosout][INFO] 2022-05-05 16:02:19,387: publishing ctrl
[rosout][INFO] 2022-05-05 16:02:19,486: publishing ctrl
[rosout][INFO] 2022-05-05 16:02:19,587: publishing ctrl
[rosout][INFO] 2022-05-05 16:02:19,686: publishing ctrl
[rosout][INFO] 2022-05-05 16:02:19,786: publishing ctrl
[rosout][INFO] 2022-05-05 16:02:19,886: publishing ctrl
[rosout][INFO] 2022-05-05 16:02:19,986: publishing ctrl
[rosout][INFO] 2022-05-05 16:02:20,086: publishing ctrl
[rosout][INFO] 2022-05-05 16:02:20,187: publishing ctrl
[rosout][INFO] 2022-05-05 16:02:20,286: publishing ctrl
[rosout][INFO] 2022-05-05 16:02:20,387: publishing ctrl
[rosout][INFO] 2022-05-05 16:02:20,486: publishing ctrl
[rosout][INFO] 2022-05-05 16:02:20,586: publishing ctrl
[rosout][INFO] 2022-05-05 16:02:20,686: publishing ctrl
[rosout][INFO] 2022-05-05 16:02:20,786: publishing ctrl
[rosout][INFO] 2022-05-05 16:02:20,886: publishing ctrl
[rosout][INFO] 2022-05-05 16:02:20,986: publishing ctrl
[rosout][INFO] 2022-05-05 16:02:21,086: publishing ctrl
[rosout][INFO] 2022-05-05 16:02:21,186: publishing ctrl
[rosout][INFO] 2022-05-05 16:02:21,286: publishing ctrl
[rosout][INFO] 2022-05-05 16:02:21,386: publishing ctrl
[rosout][INFO] 2022-05-05 16:02:21,486: publishing ctrl
[rosout][INFO] 2022-05-05 16:02:21,587: publishing ctrl
[rosout][INFO] 2022-05-05 16:02:21,686: publishing ctrl
[rosout][INFO] 2022-05-05 16:02:21,786: publishing ctrl
[rosout][INFO] 2022-05-05 16:02:21,886: publishing ctrl
[rosout][INFO] 2022-05-05 16:02:21,986: publishing ctrl
[rosout][INFO] 2022-05-05 16:02:22,086: publishing ctrl
[rosout][INFO] 2022-05-05 16:02:22,186: publishing ctrl
[rosout][INFO] 2022-05-05 16:02:22,286: publishing ctrl
[rosout][INFO] 2022-05-05 16:02:22,386: publishing ctrl
[rosout][INFO] 2022-05-05 16:02:22,486: publishing ctrl
[rosout][INFO] 2022-05-05 16:02:22,586: publishing ctrl
[rosout][INFO] 2022-05-05 16:02:22,686: publishing ctrl
[rosout][INFO] 2022-05-05 16:02:22,787: publishing ctrl
[rosout][INFO] 2022-05-05 16:02:22,886: publishing ctrl
[rosout][INFO] 2022-05-05 16:02:22,987: publishing ctrl
[rosout][INFO] 2022-05-05 16:02:23,086: publishing ctrl
[rosout][INFO] 2022-05-05 16:02:23,186: publishing ctrl
[rosout][INFO] 2022-05-05 16:02:23,286: publishing ctrl
[rosout][INFO] 2022-05-05 16:02:23,386: publishing ctrl
[rosout][INFO] 2022-05-05 16:02:23,486: publishing ctrl
[rosout][INFO] 2022-05-05 16:02:23,586: publishing ctrl
[rosout][INFO] 2022-05-05 16:02:23,686: publishing ctrl
[rosout][INFO] 2022-05-05 16:02:23,786: publishing ctrl
[rosout][INFO] 2022-05-05 16:02:23,886: publishing ctrl
[rosout][INFO] 2022-05-05 16:02:23,986: publishing ctrl
[rosout][INFO] 2022-05-05 16:02:24,086: publishing ctrl
[rosout][INFO] 2022-05-05 16:02:24,186: publishing ctrl
[rosout][INFO] 2022-05-05 16:02:24,286: publishing ctrl
[rosout][INFO] 2022-05-05 16:02:24,386: publishing ctrl
[rosout][INFO] 2022-05-05 16:02:24,486: publishing ctrl
[rosout][INFO] 2022-05-05 16:02:24,586: publishing ctrl
[rosout][INFO] 2022-05-05 16:02:24,686: publishing ctrl
[rosout][INFO] 2022-05-05 16:02:24,786: publishing ctrl
[rosout][INFO] 2022-05-05 16:02:24,886: publishing ctrl
[rosout][INFO] 2022-05-05 16:02:24,986: publishing ctrl
[rosout][INFO] 2022-05-05 16:02:25,086: publishing ctrl
[rosout][INFO] 2022-05-05 16:02:25,186: publishing ctrl
[rosout][INFO] 2022-05-05 16:02:25,286: publishing ctrl
[rosout][INFO] 2022-05-05 16:02:25,386: publishing ctrl
[rosout][INFO] 2022-05-05 16:02:25,486: publishing ctrl
[rosout][INFO] 2022-05-05 16:02:25,586: publishing ctrl
[rosout][INFO] 2022-05-05 16:02:25,686: publishing ctrl
[rosout][INFO] 2022-05-05 16:02:25,789: publishing ctrl
[rosout][INFO] 2022-05-05 16:02:25,886: publishing ctrl
[rosout][INFO] 2022-05-05 16:02:25,988: publishing ctrl
[rosout][INFO] 2022-05-05 16:02:26,086: publishing ctrl
[rosout][INFO] 2022-05-05 16:02:26,186: publishing ctrl
[rosout][INFO] 2022-05-05 16:02:26,286: publishing ctrl
[rosout][INFO] 2022-05-05 16:02:26,386: publishing ctrl
[rosout][INFO] 2022-05-05 16:02:26,486: publishing ctrl
[rosout][INFO] 2022-05-05 16:02:26,586: publishing ctrl
[rosout][INFO] 2022-05-05 16:02:26,686: publishing ctrl
[rosout][INFO] 2022-05-05 16:02:26,786: publishing ctrl
[rosout][INFO] 2022-05-05 16:02:26,886: publishing ctrl
[rosout][INFO] 2022-05-05 16:02:26,986: publishing ctrl
[rosout][INFO] 2022-05-05 16:02:27,086: publishing ctrl
[rosout][INFO] 2022-05-05 16:02:27,186: publishing ctrl
[rosout][INFO] 2022-05-05 16:02:27,286: publishing ctrl
[rosout][INFO] 2022-05-05 16:02:27,386: publishing ctrl
[rosout][INFO] 2022-05-05 16:02:27,486: publishing ctrl
[rosout][INFO] 2022-05-05 16:02:27,586: publishing ctrl
[rosout][INFO] 2022-05-05 16:02:27,686: publishing ctrl
[rosout][INFO] 2022-05-05 16:02:27,787: publishing ctrl
[rosout][INFO] 2022-05-05 16:02:27,886: publishing ctrl
[rosout][INFO] 2022-05-05 16:02:27,986: publishing ctrl
[rosout][INFO] 2022-05-05 16:02:28,086: publishing ctrl
[rosout][INFO] 2022-05-05 16:02:28,186: publishing ctrl
[rosout][INFO] 2022-05-05 16:02:28,287: publishing ctrl
[rosout][INFO] 2022-05-05 16:02:28,387: publishing ctrl
[rosout][INFO] 2022-05-05 16:02:28,486: publishing ctrl
[rosout][INFO] 2022-05-05 16:02:28,587: publishing ctrl
[rosout][INFO] 2022-05-05 16:02:28,686: publishing ctrl
[rosout][INFO] 2022-05-05 16:02:28,786: publishing ctrl
[rosout][INFO] 2022-05-05 16:02:28,886: publishing ctrl
[rosout][INFO] 2022-05-05 16:02:28,987: publishing ctrl
[rosout][INFO] 2022-05-05 16:02:29,086: publishing ctrl
[rosout][INFO] 2022-05-05 16:02:29,186: publishing ctrl
[rosout][INFO] 2022-05-05 16:02:29,286: publishing ctrl
[rosout][INFO] 2022-05-05 16:02:29,386: publishing ctrl
[rosout][INFO] 2022-05-05 16:02:29,486: publishing ctrl
[rosout][INFO] 2022-05-05 16:02:29,586: publishing ctrl
[rosout][INFO] 2022-05-05 16:02:29,686: publishing ctrl
[rosout][INFO] 2022-05-05 16:02:29,786: publishing ctrl
[rosout][INFO] 2022-05-05 16:02:29,886: publishing ctrl
[rosout][INFO] 2022-05-05 16:02:29,986: publishing ctrl
[rosout][INFO] 2022-05-05 16:02:30,086: publishing ctrl
[rosout][INFO] 2022-05-05 16:02:30,186: publishing ctrl
[rosout][INFO] 2022-05-05 16:02:30,286: publishing ctrl
[rosout][INFO] 2022-05-05 16:02:30,386: publishing ctrl
[rosout][INFO] 2022-05-05 16:02:30,486: publishing ctrl
[rosout][INFO] 2022-05-05 16:02:30,586: publishing ctrl
[rosout][INFO] 2022-05-05 16:02:30,686: publishing ctrl
[rosout][INFO] 2022-05-05 16:02:30,786: publishing ctrl
[rosout][INFO] 2022-05-05 16:02:30,886: publishing ctrl
[rosout][INFO] 2022-05-05 16:02:30,986: publishing ctrl
[rosout][INFO] 2022-05-05 16:02:31,086: publishing ctrl
[rosout][INFO] 2022-05-05 16:02:31,186: publishing ctrl
[rosout][INFO] 2022-05-05 16:02:31,286: publishing ctrl
[rosout][INFO] 2022-05-05 16:02:31,386: publishing ctrl
[rosout][INFO] 2022-05-05 16:02:31,486: publishing ctrl
[rosout][INFO] 2022-05-05 16:02:31,586: publishing ctrl
[rosout][INFO] 2022-05-05 16:02:31,686: publishing ctrl
[rosout][INFO] 2022-05-05 16:02:31,786: publishing ctrl
[rosout][INFO] 2022-05-05 16:02:31,886: publishing ctrl
[rosout][INFO] 2022-05-05 16:02:31,986: publishing ctrl
[rosout][INFO] 2022-05-05 16:02:32,086: publishing ctrl
[rosout][INFO] 2022-05-05 16:02:32,187: publishing ctrl
[rosout][INFO] 2022-05-05 16:02:32,286: publishing ctrl
[rosout][INFO] 2022-05-05 16:02:32,386: publishing ctrl
[rosout][INFO] 2022-05-05 16:02:32,486: publishing ctrl
[rosout][INFO] 2022-05-05 16:02:32,586: publishing ctrl
[rosout][INFO] 2022-05-05 16:02:32,686: publishing ctrl
[rosout][INFO] 2022-05-05 16:02:32,786: publishing ctrl
[rosout][INFO] 2022-05-05 16:02:32,886: publishing ctrl
[rosout][INFO] 2022-05-05 16:02:32,986: publishing ctrl
[rosout][INFO] 2022-05-05 16:02:33,086: publishing ctrl
[rosout][INFO] 2022-05-05 16:02:33,186: publishing ctrl
[rosout][INFO] 2022-05-05 16:02:33,286: publishing ctrl
[rosout][INFO] 2022-05-05 16:02:33,386: publishing ctrl
[rosout][INFO] 2022-05-05 16:02:33,486: publishing ctrl
[rosout][INFO] 2022-05-05 16:02:33,586: publishing ctrl
[rosout][INFO] 2022-05-05 16:02:33,686: publishing ctrl
[rosout][INFO] 2022-05-05 16:02:33,786: publishing ctrl
[rosout][INFO] 2022-05-05 16:02:33,886: publishing ctrl
[rosout][INFO] 2022-05-05 16:02:33,986: publishing ctrl
[rosout][INFO] 2022-05-05 16:02:34,086: publishing ctrl
[rosout][INFO] 2022-05-05 16:02:34,186: publishing ctrl
[rosout][INFO] 2022-05-05 16:02:34,286: publishing ctrl
[rosout][INFO] 2022-05-05 16:02:34,387: publishing ctrl
[rosout][INFO] 2022-05-05 16:02:34,486: publishing ctrl
[rosout][INFO] 2022-05-05 16:02:34,586: publishing ctrl
[rosout][INFO] 2022-05-05 16:02:34,686: publishing ctrl
[rosout][INFO] 2022-05-05 16:02:34,786: publishing ctrl
[rosout][INFO] 2022-05-05 16:02:34,886: publishing ctrl
[rosout][INFO] 2022-05-05 16:02:34,986: publishing ctrl
[rosout][INFO] 2022-05-05 16:02:35,086: publishing ctrl
[rosout][INFO] 2022-05-05 16:02:35,186: publishing ctrl
[rosout][INFO] 2022-05-05 16:02:35,286: publishing ctrl
[rosout][INFO] 2022-05-05 16:02:35,386: publishing ctrl
[rosout][INFO] 2022-05-05 16:02:35,486: publishing ctrl
[rosout][INFO] 2022-05-05 16:02:35,586: publishing ctrl
[rosout][INFO] 2022-05-05 16:02:35,686: publishing ctrl
[rosout][INFO] 2022-05-05 16:02:35,786: publishing ctrl
[rosout][INFO] 2022-05-05 16:02:35,886: publishing ctrl
[rosout][INFO] 2022-05-05 16:02:35,986: publishing ctrl
[rosout][INFO] 2022-05-05 16:02:36,086: publishing ctrl
[rosout][INFO] 2022-05-05 16:02:36,186: publishing ctrl
[rosout][INFO] 2022-05-05 16:02:36,286: publishing ctrl
[rosout][INFO] 2022-05-05 16:02:36,386: publishing ctrl
[rosout][INFO] 2022-05-05 16:02:36,486: publishing ctrl
[rosout][INFO] 2022-05-05 16:02:36,586: publishing ctrl
[rosout][INFO] 2022-05-05 16:02:36,686: publishing ctrl
[rosout][INFO] 2022-05-05 16:02:36,786: publishing ctrl
[rosout][INFO] 2022-05-05 16:02:36,886: publishing ctrl
[rosout][INFO] 2022-05-05 16:02:36,986: publishing ctrl
[rosout][INFO] 2022-05-05 16:02:37,086: publishing ctrl
[rosout][INFO] 2022-05-05 16:02:37,187: publishing ctrl
[rosout][INFO] 2022-05-05 16:02:37,286: publishing ctrl
[rosout][INFO] 2022-05-05 16:02:37,386: publishing ctrl
[rosout][INFO] 2022-05-05 16:02:37,486: publishing ctrl
[rosout][INFO] 2022-05-05 16:02:37,586: publishing ctrl
[rosout][INFO] 2022-05-05 16:02:37,686: publishing ctrl
[rosout][INFO] 2022-05-05 16:02:37,786: publishing ctrl
[rosout][INFO] 2022-05-05 16:02:37,886: publishing ctrl
[rosout][INFO] 2022-05-05 16:02:37,987: publishing ctrl
[rosout][INFO] 2022-05-05 16:02:38,086: publishing ctrl
[rosout][INFO] 2022-05-05 16:02:38,186: publishing ctrl
[rosout][INFO] 2022-05-05 16:02:38,286: publishing ctrl
[rosout][INFO] 2022-05-05 16:02:38,386: publishing ctrl
[rosout][INFO] 2022-05-05 16:02:38,487: publishing ctrl
[rosout][INFO] 2022-05-05 16:02:38,586: publishing ctrl
[rosout][INFO] 2022-05-05 16:02:38,686: publishing ctrl
[rosout][INFO] 2022-05-05 16:02:38,786: publishing ctrl
[rosout][INFO] 2022-05-05 16:02:38,886: publishing ctrl
[rosout][INFO] 2022-05-05 16:02:38,986: publishing ctrl
[rosout][INFO] 2022-05-05 16:02:39,086: publishing ctrl
[rosout][INFO] 2022-05-05 16:02:39,186: publishing ctrl
[rosout][INFO] 2022-05-05 16:02:39,286: publishing ctrl
[rosout][INFO] 2022-05-05 16:02:39,386: publishing ctrl
[rosout][INFO] 2022-05-05 16:02:39,486: publishing ctrl
[rosout][INFO] 2022-05-05 16:02:39,586: publishing ctrl
[rosout][INFO] 2022-05-05 16:02:39,686: publishing ctrl
[rosout][INFO] 2022-05-05 16:02:39,786: publishing ctrl
[rosout][INFO] 2022-05-05 16:02:39,886: publishing ctrl
[rosout][INFO] 2022-05-05 16:02:39,986: publishing ctrl
[rosout][INFO] 2022-05-05 16:02:40,086: publishing ctrl
[rosout][INFO] 2022-05-05 16:02:40,186: publishing ctrl
[rosout][INFO] 2022-05-05 16:02:40,286: publishing ctrl
[rosout][INFO] 2022-05-05 16:02:40,386: publishing ctrl
[rosout][INFO] 2022-05-05 16:02:40,486: publishing ctrl
[rosout][INFO] 2022-05-05 16:02:40,586: publishing ctrl
[rosout][INFO] 2022-05-05 16:02:40,686: publishing ctrl
[rosout][INFO] 2022-05-05 16:02:40,786: publishing ctrl
[rosout][INFO] 2022-05-05 16:02:40,886: publishing ctrl
[rosout][INFO] 2022-05-05 16:02:40,986: publishing ctrl
[rosout][INFO] 2022-05-05 16:02:41,086: publishing ctrl
[rosout][INFO] 2022-05-05 16:02:41,187: publishing ctrl
[rosout][INFO] 2022-05-05 16:02:41,286: publishing ctrl
[rosout][INFO] 2022-05-05 16:02:41,386: publishing ctrl
[rosout][INFO] 2022-05-05 16:02:41,486: publishing ctrl
[rosout][INFO] 2022-05-05 16:02:41,586: publishing ctrl
[rosout][INFO] 2022-05-05 16:02:41,686: publishing ctrl
[rosout][INFO] 2022-05-05 16:02:41,786: publishing ctrl
[rosout][INFO] 2022-05-05 16:02:41,886: publishing ctrl
[rosout][INFO] 2022-05-05 16:02:41,986: publishing ctrl
[rosout][INFO] 2022-05-05 16:02:42,086: publishing ctrl
[rosout][INFO] 2022-05-05 16:02:42,187: publishing ctrl
[rosout][INFO] 2022-05-05 16:02:42,287: publishing ctrl
[rosout][INFO] 2022-05-05 16:02:42,386: publishing ctrl
[rosout][INFO] 2022-05-05 16:02:42,486: publishing ctrl
[rosout][INFO] 2022-05-05 16:02:42,586: publishing ctrl
[rosout][INFO] 2022-05-05 16:02:42,686: publishing ctrl
[rosout][INFO] 2022-05-05 16:02:42,786: publishing ctrl
[rosout][INFO] 2022-05-05 16:02:42,886: publishing ctrl
[rosout][INFO] 2022-05-05 16:02:42,986: publishing ctrl
[rosout][INFO] 2022-05-05 16:02:43,086: publishing ctrl
[rosout][INFO] 2022-05-05 16:02:43,186: publishing ctrl
[rosout][INFO] 2022-05-05 16:02:43,286: publishing ctrl
[rosout][INFO] 2022-05-05 16:02:43,386: publishing ctrl
[rosout][INFO] 2022-05-05 16:02:43,486: publishing ctrl
[rosout][INFO] 2022-05-05 16:02:43,586: publishing ctrl
[rosout][INFO] 2022-05-05 16:02:43,686: publishing ctrl
[rosout][INFO] 2022-05-05 16:02:43,786: publishing ctrl
[rosout][INFO] 2022-05-05 16:02:43,886: publishing ctrl
[rosout][INFO] 2022-05-05 16:02:43,986: publishing ctrl
[rosout][INFO] 2022-05-05 16:02:44,086: publishing ctrl
[rosout][INFO] 2022-05-05 16:02:44,186: publishing ctrl
[rosout][INFO] 2022-05-05 16:02:44,286: publishing ctrl
[rosout][INFO] 2022-05-05 16:02:44,386: publishing ctrl
[rosout][INFO] 2022-05-05 16:02:44,486: publishing ctrl
[rosout][INFO] 2022-05-05 16:02:44,591: publishing ctrl
[rosout][INFO] 2022-05-05 16:02:44,686: publishing ctrl
[rosout][INFO] 2022-05-05 16:02:44,786: publishing ctrl
[rosout][INFO] 2022-05-05 16:02:44,886: publishing ctrl
[rosout][INFO] 2022-05-05 16:02:44,986: publishing ctrl
[rosout][INFO] 2022-05-05 16:02:45,086: publishing ctrl
[rosout][INFO] 2022-05-05 16:02:45,187: publishing ctrl
[rosout][INFO] 2022-05-05 16:02:45,286: publishing ctrl
[rosout][INFO] 2022-05-05 16:02:45,386: publishing ctrl
[rosout][INFO] 2022-05-05 16:02:45,486: publishing ctrl
[rosout][INFO] 2022-05-05 16:02:45,586: publishing ctrl
[rosout][INFO] 2022-05-05 16:02:45,686: publishing ctrl
[rosout][INFO] 2022-05-05 16:02:45,786: publishing ctrl
[rosout][INFO] 2022-05-05 16:02:45,886: publishing ctrl
[rosout][INFO] 2022-05-05 16:02:45,986: publishing ctrl
[rosout][INFO] 2022-05-05 16:02:46,086: publishing ctrl
[rosout][INFO] 2022-05-05 16:02:46,186: publishing ctrl
[rosout][INFO] 2022-05-05 16:02:46,286: publishing ctrl
[rosout][INFO] 2022-05-05 16:02:46,386: publishing ctrl
[rosout][INFO] 2022-05-05 16:02:46,486: publishing ctrl
[rosout][INFO] 2022-05-05 16:02:46,586: publishing ctrl
[rosout][INFO] 2022-05-05 16:02:46,686: publishing ctrl
[rosout][INFO] 2022-05-05 16:02:46,786: publishing ctrl
[rosout][INFO] 2022-05-05 16:02:46,886: publishing ctrl
[rosout][INFO] 2022-05-05 16:02:46,986: publishing ctrl
[rosout][INFO] 2022-05-05 16:02:47,086: publishing ctrl
[rosout][INFO] 2022-05-05 16:02:47,186: publishing ctrl
[rosout][INFO] 2022-05-05 16:02:47,286: publishing ctrl
[rosout][INFO] 2022-05-05 16:02:47,386: publishing ctrl
[rosout][INFO] 2022-05-05 16:02:47,486: publishing ctrl
[rosout][INFO] 2022-05-05 16:02:47,586: publishing ctrl
[rosout][INFO] 2022-05-05 16:02:47,686: publishing ctrl
[rosout][INFO] 2022-05-05 16:02:47,786: publishing ctrl
[rosout][INFO] 2022-05-05 16:02:47,886: publishing ctrl
[rosout][INFO] 2022-05-05 16:02:47,986: publishing ctrl
[rosout][INFO] 2022-05-05 16:02:48,086: publishing ctrl
[rosout][INFO] 2022-05-05 16:02:48,186: publishing ctrl
[rosout][INFO] 2022-05-05 16:02:48,286: publishing ctrl
[rosout][INFO] 2022-05-05 16:02:48,386: publishing ctrl
[rosout][INFO] 2022-05-05 16:02:48,486: publishing ctrl
[rosout][INFO] 2022-05-05 16:02:48,586: publishing ctrl
[rosout][INFO] 2022-05-05 16:02:48,686: publishing ctrl
[rosout][INFO] 2022-05-05 16:02:48,786: publishing ctrl
[rosout][INFO] 2022-05-05 16:02:48,886: publishing ctrl
[rosout][INFO] 2022-05-05 16:02:48,986: publishing ctrl
[rosout][INFO] 2022-05-05 16:02:49,086: publishing ctrl
[rosout][INFO] 2022-05-05 16:02:49,186: publishing ctrl
[rosout][INFO] 2022-05-05 16:02:49,286: publishing ctrl
[rosout][INFO] 2022-05-05 16:02:49,386: publishing ctrl
[rosout][INFO] 2022-05-05 16:02:49,486: publishing ctrl
[rosout][INFO] 2022-05-05 16:02:49,586: publishing ctrl
[rosout][INFO] 2022-05-05 16:02:49,686: publishing ctrl
[rosout][INFO] 2022-05-05 16:02:49,786: publishing ctrl
[rosout][INFO] 2022-05-05 16:02:49,886: publishing ctrl
[rosout][INFO] 2022-05-05 16:02:49,986: publishing ctrl
[rosout][INFO] 2022-05-05 16:02:50,086: publishing ctrl
[rosout][INFO] 2022-05-05 16:02:50,186: publishing ctrl
[rosout][INFO] 2022-05-05 16:02:50,286: publishing ctrl
[rosout][INFO] 2022-05-05 16:02:50,386: publishing ctrl
[rosout][INFO] 2022-05-05 16:02:50,486: publishing ctrl
[rosout][INFO] 2022-05-05 16:02:50,586: publishing ctrl
[rosout][INFO] 2022-05-05 16:02:50,686: publishing ctrl
[rosout][INFO] 2022-05-05 16:02:50,786: publishing ctrl
[rosout][INFO] 2022-05-05 16:02:50,886: publishing ctrl
[rosout][INFO] 2022-05-05 16:02:50,986: publishing ctrl
[rosout][INFO] 2022-05-05 16:02:51,086: publishing ctrl
[rosout][INFO] 2022-05-05 16:02:51,186: publishing ctrl
[rosout][INFO] 2022-05-05 16:02:51,286: publishing ctrl
[rosout][INFO] 2022-05-05 16:02:51,386: publishing ctrl
[rosout][INFO] 2022-05-05 16:02:51,486: publishing ctrl
[rosout][INFO] 2022-05-05 16:02:51,586: publishing ctrl
[rosout][INFO] 2022-05-05 16:02:51,686: publishing ctrl
[rosout][INFO] 2022-05-05 16:02:51,786: publishing ctrl
[rosout][INFO] 2022-05-05 16:02:51,886: publishing ctrl
[rosout][INFO] 2022-05-05 16:02:51,986: publishing ctrl
[rosout][INFO] 2022-05-05 16:02:52,086: publishing ctrl
[rosout][INFO] 2022-05-05 16:02:52,186: publishing ctrl
[rosout][INFO] 2022-05-05 16:02:52,286: publishing ctrl
[rosout][INFO] 2022-05-05 16:02:52,386: publishing ctrl
[rosout][INFO] 2022-05-05 16:02:52,486: publishing ctrl
[rosout][INFO] 2022-05-05 16:02:52,586: publishing ctrl
[rosout][INFO] 2022-05-05 16:02:52,686: publishing ctrl
[rosout][INFO] 2022-05-05 16:02:52,786: publishing ctrl
[rosout][INFO] 2022-05-05 16:02:52,887: publishing ctrl
[rosout][INFO] 2022-05-05 16:02:52,986: publishing ctrl
[rosout][INFO] 2022-05-05 16:02:53,086: publishing ctrl
[rosout][INFO] 2022-05-05 16:02:53,186: publishing ctrl
[rosout][INFO] 2022-05-05 16:02:53,286: publishing ctrl
[rosout][INFO] 2022-05-05 16:02:53,386: publishing ctrl
[rosout][INFO] 2022-05-05 16:02:53,486: publishing ctrl
[rosout][INFO] 2022-05-05 16:02:53,586: publishing ctrl
[rosout][INFO] 2022-05-05 16:02:53,686: publishing ctrl
[rosout][INFO] 2022-05-05 16:02:53,786: publishing ctrl
[rosout][INFO] 2022-05-05 16:02:53,886: publishing ctrl
[rosout][INFO] 2022-05-05 16:02:53,986: publishing ctrl
[rosout][INFO] 2022-05-05 16:02:54,086: publishing ctrl
[rosout][INFO] 2022-05-05 16:02:54,186: publishing ctrl
[rosout][INFO] 2022-05-05 16:02:54,286: publishing ctrl
[rosout][INFO] 2022-05-05 16:02:54,386: publishing ctrl
[rosout][INFO] 2022-05-05 16:02:54,486: publishing ctrl
[rosout][INFO] 2022-05-05 16:02:54,586: publishing ctrl
[rosout][INFO] 2022-05-05 16:02:54,686: publishing ctrl
[rosout][INFO] 2022-05-05 16:02:54,786: publishing ctrl
[rosout][INFO] 2022-05-05 16:02:54,886: publishing ctrl
[rosout][INFO] 2022-05-05 16:02:54,986: publishing ctrl
[rosout][INFO] 2022-05-05 16:02:55,086: publishing ctrl
[rosout][INFO] 2022-05-05 16:02:55,186: publishing ctrl
[rosout][INFO] 2022-05-05 16:02:55,286: publishing ctrl
[rosout][INFO] 2022-05-05 16:02:55,386: publishing ctrl
[rosout][INFO] 2022-05-05 16:02:55,486: publishing ctrl
[rospy.internal][INFO] 2022-05-05 16:02:55,519: topic[/debug_image] adding connection to [/rviz_1651779533513881055], count 0
[rosout][INFO] 2022-05-05 16:02:55,586: publishing ctrl
[rosout][INFO] 2022-05-05 16:02:55,690: publishing ctrl
[rosout][INFO] 2022-05-05 16:02:55,787: publishing ctrl
[rosout][INFO] 2022-05-05 16:02:55,889: publishing ctrl
[rosout][INFO] 2022-05-05 16:02:55,986: publishing ctrl
[rosout][INFO] 2022-05-05 16:02:56,089: publishing ctrl
[rosout][INFO] 2022-05-05 16:02:56,186: publishing ctrl
[rosout][INFO] 2022-05-05 16:02:56,286: publishing ctrl
[rosout][INFO] 2022-05-05 16:02:56,386: publishing ctrl
[rosout][INFO] 2022-05-05 16:02:56,486: publishing ctrl
[rosout][INFO] 2022-05-05 16:02:56,586: publishing ctrl
[rosout][INFO] 2022-05-05 16:02:56,686: publishing ctrl
[rosout][INFO] 2022-05-05 16:02:56,786: publishing ctrl
[rosout][INFO] 2022-05-05 16:02:56,887: publishing ctrl
[rosout][INFO] 2022-05-05 16:02:56,986: publishing ctrl
[rosout][INFO] 2022-05-05 16:02:57,086: publishing ctrl
[rosout][INFO] 2022-05-05 16:02:57,186: publishing ctrl
[rosout][INFO] 2022-05-05 16:02:57,286: publishing ctrl
[rosout][INFO] 2022-05-05 16:02:57,386: publishing ctrl
[rosout][INFO] 2022-05-05 16:02:57,487: publishing ctrl
[rosout][INFO] 2022-05-05 16:02:57,586: publishing ctrl
[rosout][INFO] 2022-05-05 16:02:57,686: publishing ctrl
[rosout][INFO] 2022-05-05 16:02:57,786: publishing ctrl
[rosout][INFO] 2022-05-05 16:02:57,891: publishing ctrl
[rosout][INFO] 2022-05-05 16:02:57,986: publishing ctrl
[rosout][INFO] 2022-05-05 16:02:58,086: publishing ctrl
[rosout][INFO] 2022-05-05 16:02:58,186: publishing ctrl
[rosout][INFO] 2022-05-05 16:02:58,287: publishing ctrl
[rosout][INFO] 2022-05-05 16:02:58,386: publishing ctrl
[rosout][INFO] 2022-05-05 16:02:58,488: publishing ctrl
[rosout][INFO] 2022-05-05 16:02:58,586: publishing ctrl
[rosout][INFO] 2022-05-05 16:02:58,687: publishing ctrl
[rosout][INFO] 2022-05-05 16:02:58,786: publishing ctrl
[rosout][INFO] 2022-05-05 16:02:58,886: publishing ctrl
[rosout][INFO] 2022-05-05 16:02:58,986: publishing ctrl
[rosout][INFO] 2022-05-05 16:02:59,086: publishing ctrl
[rosout][INFO] 2022-05-05 16:02:59,186: publishing ctrl
[rosout][INFO] 2022-05-05 16:02:59,287: publishing ctrl
[rosout][INFO] 2022-05-05 16:02:59,386: publishing ctrl
[rosout][INFO] 2022-05-05 16:02:59,486: publishing ctrl
[rosout][INFO] 2022-05-05 16:02:59,586: publishing ctrl
[rosout][INFO] 2022-05-05 16:02:59,686: publishing ctrl
[rosout][INFO] 2022-05-05 16:02:59,786: publishing ctrl
[rosout][INFO] 2022-05-05 16:02:59,887: publishing ctrl
[rosout][INFO] 2022-05-05 16:02:59,986: publishing ctrl
[rosout][INFO] 2022-05-05 16:03:00,086: publishing ctrl
[rosout][INFO] 2022-05-05 16:03:00,186: publishing ctrl
[rosout][INFO] 2022-05-05 16:03:00,286: publishing ctrl
[rosout][INFO] 2022-05-05 16:03:00,386: publishing ctrl
[rosout][INFO] 2022-05-05 16:03:00,486: publishing ctrl
[rosout][INFO] 2022-05-05 16:03:00,586: publishing ctrl
[rosout][INFO] 2022-05-05 16:03:00,686: publishing ctrl
[rosout][INFO] 2022-05-05 16:03:00,786: publishing ctrl
[rosout][INFO] 2022-05-05 16:03:00,887: publishing ctrl
[rosout][INFO] 2022-05-05 16:03:00,986: publishing ctrl
[rosout][INFO] 2022-05-05 16:03:01,086: publishing ctrl
[rosout][INFO] 2022-05-05 16:03:01,186: publishing ctrl
[rosout][INFO] 2022-05-05 16:03:01,289: publishing ctrl
[rosout][INFO] 2022-05-05 16:03:01,386: publishing ctrl
[rosout][INFO] 2022-05-05 16:03:01,486: publishing ctrl
[rosout][INFO] 2022-05-05 16:03:01,586: publishing ctrl
[rosout][INFO] 2022-05-05 16:03:01,687: publishing ctrl
[rosout][INFO] 2022-05-05 16:03:01,786: publishing ctrl
[rosout][INFO] 2022-05-05 16:03:01,886: publishing ctrl
[rosout][INFO] 2022-05-05 16:03:01,986: publishing ctrl
[rosout][INFO] 2022-05-05 16:03:02,087: publishing ctrl
[rosout][INFO] 2022-05-05 16:03:02,187: publishing ctrl
[rosout][INFO] 2022-05-05 16:03:02,289: publishing ctrl
[rosout][INFO] 2022-05-05 16:03:02,386: publishing ctrl
[rosout][INFO] 2022-05-05 16:03:02,486: publishing ctrl
[rosout][INFO] 2022-05-05 16:03:02,586: publishing ctrl
[rosout][INFO] 2022-05-05 16:03:02,686: publishing ctrl
[rosout][INFO] 2022-05-05 16:03:02,786: publishing ctrl
[rosout][INFO] 2022-05-05 16:03:02,886: publishing ctrl
[rosout][INFO] 2022-05-05 16:03:02,986: publishing ctrl
[rosout][INFO] 2022-05-05 16:03:03,086: publishing ctrl
[rosout][INFO] 2022-05-05 16:03:03,186: publishing ctrl
[rosout][INFO] 2022-05-05 16:03:03,286: publishing ctrl
[rosout][INFO] 2022-05-05 16:03:03,386: publishing ctrl
[rosout][INFO] 2022-05-05 16:03:03,487: publishing ctrl
[rosout][INFO] 2022-05-05 16:03:03,587: publishing ctrl
[rosout][INFO] 2022-05-05 16:03:03,686: publishing ctrl
[rosout][INFO] 2022-05-05 16:03:03,786: publishing ctrl
[rosout][INFO] 2022-05-05 16:03:03,887: publishing ctrl
[rosout][INFO] 2022-05-05 16:03:03,986: publishing ctrl
[rosout][INFO] 2022-05-05 16:03:04,089: publishing ctrl
[rosout][INFO] 2022-05-05 16:03:04,186: publishing ctrl
[rosout][INFO] 2022-05-05 16:03:04,288: publishing ctrl
[rosout][INFO] 2022-05-05 16:03:04,387: publishing ctrl
[rosout][INFO] 2022-05-05 16:03:04,486: publishing ctrl
[rosout][INFO] 2022-05-05 16:03:04,586: publishing ctrl
[rosout][INFO] 2022-05-05 16:03:04,687: publishing ctrl
[rosout][INFO] 2022-05-05 16:03:04,786: publishing ctrl
[rosout][INFO] 2022-05-05 16:03:04,887: publishing ctrl
[rosout][INFO] 2022-05-05 16:03:04,986: publishing ctrl
[rosout][INFO] 2022-05-05 16:03:05,089: publishing ctrl
[rosout][INFO] 2022-05-05 16:03:05,186: publishing ctrl
[rosout][INFO] 2022-05-05 16:03:05,287: publishing ctrl
[rosout][INFO] 2022-05-05 16:03:05,386: publishing ctrl
[rosout][INFO] 2022-05-05 16:03:05,490: publishing ctrl
[rosout][INFO] 2022-05-05 16:03:05,587: publishing ctrl
[rosout][INFO] 2022-05-05 16:03:05,686: publishing ctrl
[rosout][INFO] 2022-05-05 16:03:05,786: publishing ctrl
[rosout][INFO] 2022-05-05 16:03:05,887: publishing ctrl
[rosout][INFO] 2022-05-05 16:03:05,986: publishing ctrl
[rosout][INFO] 2022-05-05 16:03:06,088: publishing ctrl
[rosout][INFO] 2022-05-05 16:03:06,186: publishing ctrl
[rosout][INFO] 2022-05-05 16:03:06,286: publishing ctrl
[rosout][INFO] 2022-05-05 16:03:06,386: publishing ctrl
[rosout][INFO] 2022-05-05 16:03:06,487: publishing ctrl
[rosout][INFO] 2022-05-05 16:03:06,586: publishing ctrl
[rospy.core][INFO] 2022-05-05 16:03:06,615: signal_shutdown [signal-2]
[rospy.internal][INFO] 2022-05-05 16:03:06,632: topic[/car/mux/ackermann_cmd_mux/input/navigation] removing connection to /car/mux/nodelet_manager
[rospy.internal][INFO] 2022-05-05 16:03:06,633: topic[/debug_image] removing connection to /rviz_1651779533513881055
[rospy.internal][INFO] 2022-05-05 16:03:06,648: topic[/rosout] removing connection to /rosout
[rospy.impl.masterslave][INFO] 2022-05-05 16:03:06,650: signal-2
[rosout][INFO] 2022-05-05 16:03:06,686: publishing ctrl
[rospy.core][INFO] 2022-05-05 16:03:06,763: signal_shutdown [atexit]
