[rospy.client][INFO] 2022-05-05 16:02:14,158: init_node, name[/car/vesc/throttle_interpolator], pid[22535]
[xmlrpc][INFO] 2022-05-05 16:02:14,160: XML-RPC server binding to 0.0.0.0:0
[xmlrpc][INFO] 2022-05-05 16:02:14,162: Started XML-RPC server [http://robot-desktop:39973/]
[rospy.impl.masterslave][INFO] 2022-05-05 16:02:14,162: _ready: http://robot-desktop:39973/
[rospy.init][INFO] 2022-05-05 16:02:14,163: ROS Slave URI: [http://robot-desktop:39973/]
[xmlrpc][INFO] 2022-05-05 16:02:14,168: xml rpc node: starting XML-RPC server
[rospy.registration][INFO] 2022-05-05 16:02:14,171: Registering with master node http://robot-desktop:11311
[rospy.init][INFO] 2022-05-05 16:02:14,264: registered with master
[rospy.rosout][INFO] 2022-05-05 16:02:14,264: initializing /rosout core topic
[rospy.rosout][INFO] 2022-05-05 16:02:14,303: connected to core topic /rosout
[rospy.simtime][INFO] 2022-05-05 16:02:14,347: /use_sim_time is not set, will not subscribe to simulated time [/clock] topic
[rospy.internal][INFO] 2022-05-05 16:02:14,553: topic[/rosout] adding connection to [/rosout], count 0
[rospy.internal][INFO] 2022-05-05 16:02:15,069: topic[/car/vesc/commands/servo/unsmoothed_position] adding connection to [http://robot-desktop:40381/], count 0
[rospy.internal][INFO] 2022-05-05 16:02:15,074: topic[/car/vesc/commands/motor/unsmoothed_speed] adding connection to [http://robot-desktop:40381/], count 0
[rospy.internal][INFO] 2022-05-05 16:02:15,194: topic[/car/vesc/commands/motor/speed] adding connection to [/car/vesc/vesc_driver], count 0
[rospy.internal][INFO] 2022-05-05 16:02:15,196: topic[/car/vesc/commands/servo/position] adding connection to [/car/vesc/vesc_driver], count 0
[rospy.core][INFO] 2022-05-05 16:03:06,655: signal_shutdown [signal-2]
[rospy.internal][INFO] 2022-05-05 16:03:06,730: topic[/car/vesc/commands/motor/speed] removing connection to /car/vesc/vesc_driver
[rospy.internal][INFO] 2022-05-05 16:03:06,731: topic[/rosout] removing connection to /rosout
[rospy.internal][INFO] 2022-05-05 16:03:06,733: topic[/car/vesc/commands/servo/position] removing connection to /car/vesc/vesc_driver
[rospy.internal][INFO] 2022-05-05 16:03:06,734: topic[/car/vesc/commands/motor/unsmoothed_speed] removing connection to http://robot-desktop:40381/
[rospy.internal][INFO] 2022-05-05 16:03:06,740: topic[/car/vesc/commands/servo/unsmoothed_position] removing connection to http://robot-desktop:40381/
[rospy.impl.masterslave][INFO] 2022-05-05 16:03:06,741: signal-2
[rospy.core][INFO] 2022-05-05 16:03:07,257: signal_shutdown [atexit]
