[rospy.client][INFO] 2022-05-05 19:37:18,476: init_node, name[/car/vesc/throttle_interpolator], pid[28064]
[xmlrpc][INFO] 2022-05-05 19:37:18,482: XML-RPC server binding to 0.0.0.0:0
[rospy.init][INFO] 2022-05-05 19:37:18,495: ROS Slave URI: [http://robot-desktop:42071/]
[xmlrpc][INFO] 2022-05-05 19:37:18,495: Started XML-RPC server [http://robot-desktop:42071/]
[rospy.impl.masterslave][INFO] 2022-05-05 19:37:18,496: _ready: http://robot-desktop:42071/
[xmlrpc][INFO] 2022-05-05 19:37:18,497: xml rpc node: starting XML-RPC server
[rospy.registration][INFO] 2022-05-05 19:37:18,498: Registering with master node http://robot-desktop:11311
[rospy.init][INFO] 2022-05-05 19:37:18,596: registered with master
[rospy.rosout][INFO] 2022-05-05 19:37:18,597: initializing /rosout core topic
[rospy.rosout][INFO] 2022-05-05 19:37:18,605: connected to core topic /rosout
[rospy.simtime][INFO] 2022-05-05 19:37:18,614: /use_sim_time is not set, will not subscribe to simulated time [/clock] topic
[rospy.internal][INFO] 2022-05-05 19:37:18,745: topic[/rosout] adding connection to [/rosout], count 0
[rospy.internal][INFO] 2022-05-05 19:37:19,180: topic[/car/vesc/commands/servo/unsmoothed_position] adding connection to [http://robot-desktop:41591/], count 0
[rospy.internal][INFO] 2022-05-05 19:37:19,188: topic[/car/vesc/commands/motor/unsmoothed_speed] adding connection to [http://robot-desktop:41591/], count 0
[rospy.internal][INFO] 2022-05-05 19:37:19,360: topic[/car/vesc/commands/motor/speed] adding connection to [/car/vesc/vesc_driver], count 0
[rospy.internal][INFO] 2022-05-05 19:37:19,366: topic[/car/vesc/commands/servo/position] adding connection to [/car/vesc/vesc_driver], count 0
[rospy.core][INFO] 2022-05-05 19:37:25,021: signal_shutdown [signal-2]
[rospy.internal][INFO] 2022-05-05 19:37:25,110: topic[/car/vesc/commands/motor/speed] removing connection to /car/vesc/vesc_driver
[rospy.internal][INFO] 2022-05-05 19:37:25,111: topic[/rosout] removing connection to /rosout
[rospy.internal][INFO] 2022-05-05 19:37:25,112: topic[/car/vesc/commands/servo/position] removing connection to /car/vesc/vesc_driver
[rospy.internal][INFO] 2022-05-05 19:37:25,114: topic[/car/vesc/commands/motor/unsmoothed_speed] removing connection to http://robot-desktop:41591/
[rospy.internal][INFO] 2022-05-05 19:37:25,115: topic[/car/vesc/commands/servo/unsmoothed_position] removing connection to http://robot-desktop:41591/
[rospy.impl.masterslave][INFO] 2022-05-05 19:37:25,116: signal-2
[rospy.internal][WARNING] 2022-05-05 19:37:25,324: Unknown error initiating TCP/IP socket to robot-desktop:50461 (http://robot-desktop:41591/): Traceback (most recent call last):
  File "/opt/ros/melodic/lib/python2.7/dist-packages/rospy/impl/tcpros_base.py", line 562, in connect
    self.read_header()
  File "/opt/ros/melodic/lib/python2.7/dist-packages/rospy/impl/tcpros_base.py", line 657, in read_header
    self._validate_header(read_ros_handshake_header(sock, self.read_buff, self.protocol.buff_size))
  File "/opt/ros/melodic/lib/python2.7/dist-packages/rosgraph/network.py", line 357, in read_ros_handshake_header
    d = sock.recv(buff_size)
error: [Errno 104] Connection reset by peer

[rospy.core][INFO] 2022-05-05 19:37:25,687: signal_shutdown [atexit]
