[rospy.client][INFO] 2022-05-05 15:35:58,873: init_node, name[/car/vesc/throttle_interpolator], pid[7048]
[xmlrpc][INFO] 2022-05-05 15:35:58,874: XML-RPC server binding to 0.0.0.0:0
[xmlrpc][INFO] 2022-05-05 15:35:58,876: Started XML-RPC server [http://robot-desktop:33407/]
[rospy.init][INFO] 2022-05-05 15:35:58,876: ROS Slave URI: [http://robot-desktop:33407/]
[rospy.impl.masterslave][INFO] 2022-05-05 15:35:58,877: _ready: http://robot-desktop:33407/
[xmlrpc][INFO] 2022-05-05 15:35:58,879: xml rpc node: starting XML-RPC server
[rospy.registration][INFO] 2022-05-05 15:35:58,879: Registering with master node http://robot-desktop:11311
[rospy.init][INFO] 2022-05-05 15:35:58,977: registered with master
[rospy.rosout][INFO] 2022-05-05 15:35:58,978: initializing /rosout core topic
[rospy.rosout][INFO] 2022-05-05 15:35:58,994: connected to core topic /rosout
[rospy.simtime][INFO] 2022-05-05 15:35:58,998: /use_sim_time is not set, will not subscribe to simulated time [/clock] topic
[rospy.internal][INFO] 2022-05-05 15:35:59,250: topic[/car/vesc/commands/servo/unsmoothed_position] adding connection to [http://robot-desktop:33475/], count 0
[rospy.internal][INFO] 2022-05-05 15:35:59,258: topic[/car/vesc/commands/motor/unsmoothed_speed] adding connection to [http://robot-desktop:33475/], count 0
[rospy.internal][INFO] 2022-05-05 15:35:59,272: topic[/rosout] adding connection to [/rosout], count 0
[rospy.core][INFO] 2022-05-05 15:36:05,583: signal_shutdown [signal-2]
[rospy.internal][INFO] 2022-05-05 15:36:05,605: topic[/rosout] removing connection to /rosout
[rospy.internal][INFO] 2022-05-05 15:36:05,608: topic[/car/vesc/commands/motor/unsmoothed_speed] removing connection to http://robot-desktop:33475/
[rospy.internal][INFO] 2022-05-05 15:36:05,610: topic[/car/vesc/commands/servo/unsmoothed_position] removing connection to http://robot-desktop:33475/
[rospy.impl.masterslave][INFO] 2022-05-05 15:36:05,610: signal-2
[rospy.core][INFO] 2022-05-05 15:36:05,723: signal_shutdown [atexit]
[rospy.client][INFO] 2022-05-05 15:39:05,375: init_node, name[/car/vesc/throttle_interpolator], pid[8010]
[xmlrpc][INFO] 2022-05-05 15:39:05,376: XML-RPC server binding to 0.0.0.0:0
[xmlrpc][INFO] 2022-05-05 15:39:05,378: Started XML-RPC server [http://robot-desktop:46433/]
[rospy.init][INFO] 2022-05-05 15:39:05,378: ROS Slave URI: [http://robot-desktop:46433/]
[rospy.impl.masterslave][INFO] 2022-05-05 15:39:05,378: _ready: http://robot-desktop:46433/
[rospy.registration][INFO] 2022-05-05 15:39:05,386: Registering with master node http://robot-desktop:11311
[xmlrpc][INFO] 2022-05-05 15:39:05,387: xml rpc node: starting XML-RPC server
[rospy.init][INFO] 2022-05-05 15:39:05,479: registered with master
[rospy.rosout][INFO] 2022-05-05 15:39:05,480: initializing /rosout core topic
[rospy.rosout][INFO] 2022-05-05 15:39:05,487: connected to core topic /rosout
[rospy.simtime][INFO] 2022-05-05 15:39:05,491: /use_sim_time is not set, will not subscribe to simulated time [/clock] topic
[rospy.internal][INFO] 2022-05-05 15:39:05,666: topic[/car/vesc/commands/servo/unsmoothed_position] adding connection to [http://robot-desktop:37917/], count 0
[rospy.internal][INFO] 2022-05-05 15:39:05,678: topic[/car/vesc/commands/motor/unsmoothed_speed] adding connection to [http://robot-desktop:37917/], count 0
[rospy.internal][INFO] 2022-05-05 15:39:05,753: topic[/rosout] adding connection to [/rosout], count 0
[rospy.core][INFO] 2022-05-05 15:39:07,369: signal_shutdown [signal-2]
[rospy.internal][INFO] 2022-05-05 15:39:07,395: topic[/rosout] removing connection to /rosout
[rospy.internal][INFO] 2022-05-05 15:39:07,400: topic[/car/vesc/commands/motor/unsmoothed_speed] removing connection to http://robot-desktop:37917/
[rospy.internal][INFO] 2022-05-05 15:39:07,406: topic[/car/vesc/commands/servo/unsmoothed_position] removing connection to http://robot-desktop:37917/
[rospy.impl.masterslave][INFO] 2022-05-05 15:39:07,407: signal-2
[rospy.internal][WARNING] 2022-05-05 15:39:07,699: Unknown error initiating TCP/IP socket to robot-desktop:50397 (http://robot-desktop:37917/): Traceback (most recent call last):
  File "/opt/ros/melodic/lib/python2.7/dist-packages/rospy/impl/tcpros_base.py", line 562, in connect
    self.read_header()
  File "/opt/ros/melodic/lib/python2.7/dist-packages/rospy/impl/tcpros_base.py", line 657, in read_header
    self._validate_header(read_ros_handshake_header(sock, self.read_buff, self.protocol.buff_size))
  File "/opt/ros/melodic/lib/python2.7/dist-packages/rosgraph/network.py", line 357, in read_ros_handshake_header
    d = sock.recv(buff_size)
error: [Errno 104] Connection reset by peer

[rospy.internal][WARNING] 2022-05-05 15:39:07,700: Unknown error initiating TCP/IP socket to robot-desktop:50397 (http://robot-desktop:37917/): Traceback (most recent call last):
  File "/opt/ros/melodic/lib/python2.7/dist-packages/rospy/impl/tcpros_base.py", line 562, in connect
    self.read_header()
  File "/opt/ros/melodic/lib/python2.7/dist-packages/rospy/impl/tcpros_base.py", line 657, in read_header
    self._validate_header(read_ros_handshake_header(sock, self.read_buff, self.protocol.buff_size))
  File "/opt/ros/melodic/lib/python2.7/dist-packages/rosgraph/network.py", line 357, in read_ros_handshake_header
    d = sock.recv(buff_size)
error: [Errno 104] Connection reset by peer

[rospy.core][INFO] 2022-05-05 15:39:08,023: signal_shutdown [atexit]
[rospy.client][INFO] 2022-05-05 15:39:52,430: init_node, name[/car/vesc/throttle_interpolator], pid[8598]
[xmlrpc][INFO] 2022-05-05 15:39:52,431: XML-RPC server binding to 0.0.0.0:0
[xmlrpc][INFO] 2022-05-05 15:39:52,432: Started XML-RPC server [http://robot-desktop:46791/]
[rospy.init][INFO] 2022-05-05 15:39:52,433: ROS Slave URI: [http://robot-desktop:46791/]
[rospy.impl.masterslave][INFO] 2022-05-05 15:39:52,433: _ready: http://robot-desktop:46791/
[xmlrpc][INFO] 2022-05-05 15:39:52,434: xml rpc node: starting XML-RPC server
[rospy.registration][INFO] 2022-05-05 15:39:52,436: Registering with master node http://robot-desktop:11311
[rospy.init][INFO] 2022-05-05 15:39:52,534: registered with master
[rospy.rosout][INFO] 2022-05-05 15:39:52,535: initializing /rosout core topic
[rospy.rosout][INFO] 2022-05-05 15:39:52,542: connected to core topic /rosout
[rospy.simtime][INFO] 2022-05-05 15:39:52,546: /use_sim_time is not set, will not subscribe to simulated time [/clock] topic
[rospy.internal][INFO] 2022-05-05 15:39:52,700: topic[/rosout] adding connection to [/rosout], count 0
[rospy.internal][INFO] 2022-05-05 15:39:52,806: topic[/car/vesc/commands/servo/unsmoothed_position] adding connection to [http://robot-desktop:38043/], count 0
[rospy.internal][INFO] 2022-05-05 15:39:52,809: topic[/car/vesc/commands/motor/unsmoothed_speed] adding connection to [http://robot-desktop:38043/], count 0
[rospy.core][INFO] 2022-05-05 15:39:56,496: signal_shutdown [signal-2]
[rospy.internal][INFO] 2022-05-05 15:39:56,515: topic[/rosout] removing connection to /rosout
[rospy.internal][INFO] 2022-05-05 15:39:56,516: topic[/car/vesc/commands/motor/unsmoothed_speed] removing connection to http://robot-desktop:38043/
[rospy.internal][WARNING] 2022-05-05 15:39:56,523: Unknown error initiating TCP/IP socket to robot-desktop:36377 (http://robot-desktop:38043/): Traceback (most recent call last):
  File "/opt/ros/melodic/lib/python2.7/dist-packages/rospy/impl/tcpros_base.py", line 562, in connect
    self.read_header()
  File "/opt/ros/melodic/lib/python2.7/dist-packages/rospy/impl/tcpros_base.py", line 657, in read_header
    self._validate_header(read_ros_handshake_header(sock, self.read_buff, self.protocol.buff_size))
AttributeError: 'NoneType' object has no attribute 'buff_size'

[rospy.topics][ERROR] 2022-05-05 15:39:56,539: Traceback (most recent call last):
  File "/opt/ros/melodic/lib/python2.7/dist-packages/rospy/topics.py", line 326, in close
    c.close()
  File "/opt/ros/melodic/lib/python2.7/dist-packages/rospy/impl/tcpros_base.py", line 846, in close
    self.socket.close()
AttributeError: 'NoneType' object has no attribute 'close'

[rospy.internal][INFO] 2022-05-05 15:39:56,541: topic[/car/vesc/commands/servo/unsmoothed_position] removing connection to http://robot-desktop:38043/
[rospy.impl.masterslave][INFO] 2022-05-05 15:39:56,541: signal-2
[rospy.core][INFO] 2022-05-05 15:39:56,647: signal_shutdown [atexit]
[rospy.client][INFO] 2022-05-05 15:43:07,572: init_node, name[/car/vesc/throttle_interpolator], pid[9456]
[xmlrpc][INFO] 2022-05-05 15:43:07,574: XML-RPC server binding to 0.0.0.0:0
[rospy.init][INFO] 2022-05-05 15:43:07,576: ROS Slave URI: [http://robot-desktop:43783/]
[xmlrpc][INFO] 2022-05-05 15:43:07,576: Started XML-RPC server [http://robot-desktop:43783/]
[rospy.impl.masterslave][INFO] 2022-05-05 15:43:07,577: _ready: http://robot-desktop:43783/
[xmlrpc][INFO] 2022-05-05 15:43:07,579: xml rpc node: starting XML-RPC server
[rospy.registration][INFO] 2022-05-05 15:43:07,580: Registering with master node http://robot-desktop:11311
[rospy.init][INFO] 2022-05-05 15:43:07,677: registered with master
[rospy.rosout][INFO] 2022-05-05 15:43:07,677: initializing /rosout core topic
[rospy.rosout][INFO] 2022-05-05 15:43:07,684: connected to core topic /rosout
[rospy.simtime][INFO] 2022-05-05 15:43:07,688: /use_sim_time is not set, will not subscribe to simulated time [/clock] topic
[rospy.internal][INFO] 2022-05-05 15:43:07,809: topic[/rosout] adding connection to [/rosout], count 0
[rospy.internal][INFO] 2022-05-05 15:43:07,952: topic[/car/vesc/commands/servo/unsmoothed_position] adding connection to [http://robot-desktop:42681/], count 0
[rospy.internal][INFO] 2022-05-05 15:43:07,965: topic[/car/vesc/commands/motor/unsmoothed_speed] adding connection to [http://robot-desktop:42681/], count 0
[rospy.core][INFO] 2022-05-05 15:43:10,243: signal_shutdown [signal-2]
[rospy.internal][INFO] 2022-05-05 15:43:10,269: topic[/rosout] removing connection to /rosout
[rospy.internal][INFO] 2022-05-05 15:43:10,270: topic[/car/vesc/commands/motor/unsmoothed_speed] removing connection to http://robot-desktop:42681/
[rospy.internal][INFO] 2022-05-05 15:43:10,271: topic[/car/vesc/commands/servo/unsmoothed_position] removing connection to http://robot-desktop:42681/
[rospy.impl.masterslave][INFO] 2022-05-05 15:43:10,272: signal-2
[rospy.core][INFO] 2022-05-05 15:43:10,374: signal_shutdown [atexit]
