[rospy.client][INFO] 2022-05-05 20:46:47,996: init_node, name[/car/vesc/throttle_interpolator], pid[3306]
[xmlrpc][INFO] 2022-05-05 20:46:48,016: XML-RPC server binding to 0.0.0.0:0
[xmlrpc][INFO] 2022-05-05 20:46:48,018: Started XML-RPC server [http://robot-desktop:34551/]
[rospy.impl.masterslave][INFO] 2022-05-05 20:46:48,018: _ready: http://robot-desktop:34551/
[xmlrpc][INFO] 2022-05-05 20:46:48,019: xml rpc node: starting XML-RPC server
[rospy.registration][INFO] 2022-05-05 20:46:48,021: Registering with master node http://robot-desktop:11311
[rospy.init][INFO] 2022-05-05 20:46:48,021: ROS Slave URI: [http://robot-desktop:34551/]
[rospy.init][INFO] 2022-05-05 20:46:48,022: registered with master
[rospy.rosout][INFO] 2022-05-05 20:46:48,023: initializing /rosout core topic
[rospy.rosout][INFO] 2022-05-05 20:46:48,047: connected to core topic /rosout
[rospy.simtime][INFO] 2022-05-05 20:46:48,071: /use_sim_time is not set, will not subscribe to simulated time [/clock] topic
[rospy.internal][INFO] 2022-05-05 20:46:48,265: topic[/rosout] adding connection to [/rosout], count 0
[rospy.internal][INFO] 2022-05-05 20:46:48,494: topic[/car/vesc/commands/servo/unsmoothed_position] adding connection to [http://robot-desktop:42377/], count 0
[rospy.internal][INFO] 2022-05-05 20:46:48,497: topic[/car/vesc/commands/motor/unsmoothed_speed] adding connection to [http://robot-desktop:42377/], count 0
[rospy.internal][INFO] 2022-05-05 20:46:48,654: topic[/car/vesc/commands/motor/speed] adding connection to [/car/vesc/vesc_driver], count 0
[rospy.internal][INFO] 2022-05-05 20:46:48,656: topic[/car/vesc/commands/servo/position] adding connection to [/car/vesc/vesc_driver], count 0
[rospy.core][INFO] 2022-05-05 20:46:54,963: signal_shutdown [signal-2]
[rospy.internal][INFO] 2022-05-05 20:46:54,983: topic[/car/vesc/commands/motor/speed] removing connection to /car/vesc/vesc_driver
[rospy.internal][INFO] 2022-05-05 20:46:54,984: topic[/rosout] removing connection to /rosout
[rospy.internal][INFO] 2022-05-05 20:46:54,985: topic[/car/vesc/commands/servo/position] removing connection to /car/vesc/vesc_driver
[rospy.internal][WARNING] 2022-05-05 20:46:54,987: Unknown error initiating TCP/IP socket to robot-desktop:49187 (http://robot-desktop:42377/): Traceback (most recent call last):
  File "/opt/ros/melodic/lib/python2.7/dist-packages/rospy/impl/tcpros_base.py", line 562, in connect
    self.read_header()
  File "/opt/ros/melodic/lib/python2.7/dist-packages/rospy/impl/tcpros_base.py", line 657, in read_header
    self._validate_header(read_ros_handshake_header(sock, self.read_buff, self.protocol.buff_size))
AttributeError: 'NoneType' object has no attribute 'buff_size'

[rospy.internal][INFO] 2022-05-05 20:46:54,988: topic[/car/vesc/commands/motor/unsmoothed_speed] removing connection to http://robot-desktop:42377/
[rospy.topics][ERROR] 2022-05-05 20:46:54,989: Traceback (most recent call last):
  File "/opt/ros/melodic/lib/python2.7/dist-packages/rospy/topics.py", line 326, in close
    c.close()
  File "/opt/ros/melodic/lib/python2.7/dist-packages/rospy/impl/tcpros_base.py", line 846, in close
    self.socket.close()
AttributeError: 'NoneType' object has no attribute 'close'

[rospy.internal][INFO] 2022-05-05 20:46:54,991: topic[/car/vesc/commands/servo/unsmoothed_position] removing connection to http://robot-desktop:42377/
[rospy.internal][WARNING] 2022-05-05 20:46:54,993: Unknown error initiating TCP/IP socket to robot-desktop:49187 (http://robot-desktop:42377/): Traceback (most recent call last):
  File "/opt/ros/melodic/lib/python2.7/dist-packages/rospy/impl/tcpros_base.py", line 563, in connect
    self.local_endpoint = self.socket.getsockname()
AttributeError: 'NoneType' object has no attribute 'getsockname'

[rospy.impl.masterslave][INFO] 2022-05-05 20:46:54,993: signal-2
[rospy.core][INFO] 2022-05-05 20:46:55,098: signal_shutdown [atexit]
