[rospy.client][INFO] 2022-05-05 15:39:01,673: init_node, name[/car/drive], pid[17960]
[xmlrpc][INFO] 2022-05-05 15:39:01,674: XML-RPC server binding to 0.0.0.0:0
[xmlrpc][INFO] 2022-05-05 15:39:01,675: Started XML-RPC server [http://robot-desktop:45847/]
[rospy.impl.masterslave][INFO] 2022-05-05 15:39:01,676: _ready: http://robot-desktop:45847/
[rospy.init][INFO] 2022-05-05 15:39:01,676: ROS Slave URI: [http://robot-desktop:45847/]
[rospy.registration][INFO] 2022-05-05 15:39:01,678: Registering with master node http://robot-desktop:11311
[xmlrpc][INFO] 2022-05-05 15:39:01,679: xml rpc node: starting XML-RPC server
[rospy.init][INFO] 2022-05-05 15:39:01,779: registered with master
[rospy.rosout][INFO] 2022-05-05 15:39:01,780: initializing /rosout core topic
[rospy.rosout][INFO] 2022-05-05 15:39:01,790: connected to core topic /rosout
[rospy.simtime][INFO] 2022-05-05 15:39:01,795: /use_sim_time is not set, will not subscribe to simulated time [/clock] topic
[rosout][INFO] 2022-05-05 15:39:01,836: publishing ctrl
[rosout][INFO] 2022-05-05 15:39:01,841: publishing ctrl
[rosout][INFO] 2022-05-05 15:39:01,846: publishing ctrl
[rosout][INFO] 2022-05-05 15:39:01,853: publishing ctrl
[rosout][INFO] 2022-05-05 15:39:01,858: publishing ctrl
[rosout][INFO] 2022-05-05 15:39:01,862: publishing ctrl
[rosout][INFO] 2022-05-05 15:39:01,866: publishing ctrl
[rosout][INFO] 2022-05-05 15:39:01,871: publishing ctrl
[rosout][INFO] 2022-05-05 15:39:01,875: publishing ctrl
[rosout][INFO] 2022-05-05 15:39:01,880: publishing ctrl
[rosout][INFO] 2022-05-05 15:39:01,884: publishing ctrl
[rosout][INFO] 2022-05-05 15:39:01,889: publishing ctrl
[rosout][INFO] 2022-05-05 15:39:01,893: publishing ctrl
[rosout][INFO] 2022-05-05 15:39:01,898: publishing ctrl
[rosout][INFO] 2022-05-05 15:39:01,902: publishing ctrl
[rosout][INFO] 2022-05-05 15:39:01,906: publishing ctrl
[rosout][INFO] 2022-05-05 15:39:01,911: publishing ctrl
[rosout][INFO] 2022-05-05 15:39:01,915: publishing ctrl
[rosout][INFO] 2022-05-05 15:39:01,919: publishing ctrl
[rosout][INFO] 2022-05-05 15:39:01,924: publishing ctrl
[rosout][INFO] 2022-05-05 15:39:01,928: publishing ctrl
[rosout][INFO] 2022-05-05 15:39:01,932: publishing ctrl
[rosout][INFO] 2022-05-05 15:39:01,936: publishing ctrl
[rosout][INFO] 2022-05-05 15:39:01,940: publishing ctrl
[rosout][INFO] 2022-05-05 15:39:01,944: publishing ctrl
[rosout][INFO] 2022-05-05 15:39:01,951: publishing ctrl
[rosout][INFO] 2022-05-05 15:39:01,955: publishing ctrl
[rosout][INFO] 2022-05-05 15:39:01,959: publishing ctrl
[rosout][INFO] 2022-05-05 15:39:01,963: publishing ctrl
[rosout][INFO] 2022-05-05 15:39:01,968: publishing ctrl
[rosout][INFO] 2022-05-05 15:39:01,972: publishing ctrl
[rosout][INFO] 2022-05-05 15:39:01,976: publishing ctrl
[rosout][INFO] 2022-05-05 15:39:01,980: publishing ctrl
[rosout][INFO] 2022-05-05 15:39:01,985: publishing ctrl
[rosout][INFO] 2022-05-05 15:39:01,989: publishing ctrl
[rosout][INFO] 2022-05-05 15:39:01,993: publishing ctrl
[rosout][INFO] 2022-05-05 15:39:01,998: publishing ctrl
[rosout][INFO] 2022-05-05 15:39:02,003: publishing ctrl
[rosout][INFO] 2022-05-05 15:39:02,007: publishing ctrl
[rosout][INFO] 2022-05-05 15:39:02,011: publishing ctrl
[rosout][INFO] 2022-05-05 15:39:02,015: publishing ctrl
[rosout][INFO] 2022-05-05 15:39:02,020: publishing ctrl
[rosout][INFO] 2022-05-05 15:39:02,024: publishing ctrl
[rosout][INFO] 2022-05-05 15:39:02,028: publishing ctrl
[rosout][INFO] 2022-05-05 15:39:02,032: publishing ctrl
[rosout][INFO] 2022-05-05 15:39:02,036: publishing ctrl
[rosout][INFO] 2022-05-05 15:39:02,041: publishing ctrl
[rosout][INFO] 2022-05-05 15:39:02,045: publishing ctrl
[rospy.internal][INFO] 2022-05-05 15:39:02,052: topic[/rosout] adding connection to [/rosout], count 0
[rospy.internal][INFO] 2022-05-05 15:39:02,053: topic[/car/mux/ackermann_cmd_mux/input/navigation] adding connection to [/car/mux/nodelet_manager], count 0
[rosout][INFO] 2022-05-05 15:39:02,049: publishing ctrl
[rosout][INFO] 2022-05-05 15:39:02,056: publishing ctrl
[rosout][INFO] 2022-05-05 15:39:02,061: publishing ctrl
[rosout][INFO] 2022-05-05 15:39:02,067: publishing ctrl
[rosout][INFO] 2022-05-05 15:39:02,072: publishing ctrl
[rosout][INFO] 2022-05-05 15:39:02,077: publishing ctrl
[rosout][INFO] 2022-05-05 15:39:02,082: publishing ctrl
[rosout][INFO] 2022-05-05 15:39:02,087: publishing ctrl
[rosout][INFO] 2022-05-05 15:39:02,092: publishing ctrl
[rosout][INFO] 2022-05-05 15:39:02,097: publishing ctrl
[rosout][INFO] 2022-05-05 15:39:02,102: publishing ctrl
[rosout][INFO] 2022-05-05 15:39:02,107: publishing ctrl
[rosout][INFO] 2022-05-05 15:39:02,112: publishing ctrl
[rosout][INFO] 2022-05-05 15:39:02,117: publishing ctrl
[rosout][INFO] 2022-05-05 15:39:02,122: publishing ctrl
[rosout][INFO] 2022-05-05 15:39:02,127: publishing ctrl
[rosout][INFO] 2022-05-05 15:39:02,132: publishing ctrl
[rosout][INFO] 2022-05-05 15:39:02,138: publishing ctrl
[rosout][INFO] 2022-05-05 15:39:02,143: publishing ctrl
[rosout][INFO] 2022-05-05 15:39:02,147: publishing ctrl
[rosout][INFO] 2022-05-05 15:39:02,153: publishing ctrl
[rosout][INFO] 2022-05-05 15:39:02,158: publishing ctrl
[rosout][INFO] 2022-05-05 15:39:02,163: publishing ctrl
[rosout][INFO] 2022-05-05 15:39:02,168: publishing ctrl
[rosout][INFO] 2022-05-05 15:39:02,173: publishing ctrl
[rosout][INFO] 2022-05-05 15:39:02,178: publishing ctrl
[rosout][INFO] 2022-05-05 15:39:02,183: publishing ctrl
[rosout][INFO] 2022-05-05 15:39:02,188: publishing ctrl
[rosout][INFO] 2022-05-05 15:39:02,193: publishing ctrl
[rosout][INFO] 2022-05-05 15:39:02,198: publishing ctrl
[rosout][INFO] 2022-05-05 15:39:02,203: publishing ctrl
[rosout][INFO] 2022-05-05 15:39:02,208: publishing ctrl
[rosout][INFO] 2022-05-05 15:39:02,213: publishing ctrl
[rosout][INFO] 2022-05-05 15:39:02,218: publishing ctrl
[rosout][INFO] 2022-05-05 15:39:02,223: publishing ctrl
[rosout][INFO] 2022-05-05 15:39:02,228: publishing ctrl
[rosout][INFO] 2022-05-05 15:39:02,233: publishing ctrl
[rosout][INFO] 2022-05-05 15:39:02,238: publishing ctrl
[rosout][INFO] 2022-05-05 15:39:02,243: publishing ctrl
[rosout][INFO] 2022-05-05 15:39:02,248: publishing ctrl
[rosout][INFO] 2022-05-05 15:39:02,254: publishing ctrl
[rosout][INFO] 2022-05-05 15:39:02,259: publishing ctrl
[rosout][INFO] 2022-05-05 15:39:02,264: publishing ctrl
[rosout][INFO] 2022-05-05 15:39:02,269: publishing ctrl
[rosout][INFO] 2022-05-05 15:39:02,274: publishing ctrl
[rosout][INFO] 2022-05-05 15:39:02,279: publishing ctrl
[rosout][INFO] 2022-05-05 15:39:02,284: publishing ctrl
[rosout][INFO] 2022-05-05 15:39:02,290: publishing ctrl
[rosout][INFO] 2022-05-05 15:39:02,295: publishing ctrl
[rosout][INFO] 2022-05-05 15:39:02,300: publishing ctrl
[rosout][INFO] 2022-05-05 15:39:02,305: publishing ctrl
[rosout][INFO] 2022-05-05 15:39:02,310: publishing ctrl
[rosout][INFO] 2022-05-05 15:39:02,315: publishing ctrl
[rosout][INFO] 2022-05-05 15:39:02,320: publishing ctrl
[rosout][INFO] 2022-05-05 15:39:02,325: publishing ctrl
[rosout][INFO] 2022-05-05 15:39:02,330: publishing ctrl
[rosout][INFO] 2022-05-05 15:39:02,335: publishing ctrl
[rosout][INFO] 2022-05-05 15:39:02,340: publishing ctrl
[rosout][INFO] 2022-05-05 15:39:02,345: publishing ctrl
[rosout][INFO] 2022-05-05 15:39:02,350: publishing ctrl
[rosout][INFO] 2022-05-05 15:39:02,355: publishing ctrl
[rosout][INFO] 2022-05-05 15:39:02,360: publishing ctrl
[rosout][INFO] 2022-05-05 15:39:02,366: publishing ctrl
[rosout][INFO] 2022-05-05 15:39:02,370: publishing ctrl
[rosout][INFO] 2022-05-05 15:39:02,375: publishing ctrl
[rosout][INFO] 2022-05-05 15:39:02,380: publishing ctrl
[rosout][INFO] 2022-05-05 15:39:02,385: publishing ctrl
[rosout][INFO] 2022-05-05 15:39:02,390: publishing ctrl
[rosout][INFO] 2022-05-05 15:39:02,395: publishing ctrl
[rosout][INFO] 2022-05-05 15:39:02,400: publishing ctrl
[rosout][INFO] 2022-05-05 15:39:02,405: publishing ctrl
[rosout][INFO] 2022-05-05 15:39:02,410: publishing ctrl
[rosout][INFO] 2022-05-05 15:39:02,415: publishing ctrl
[rosout][INFO] 2022-05-05 15:39:02,420: publishing ctrl
[rosout][INFO] 2022-05-05 15:39:02,425: publishing ctrl
[rosout][INFO] 2022-05-05 15:39:02,430: publishing ctrl
[rosout][INFO] 2022-05-05 15:39:02,435: publishing ctrl
[rosout][INFO] 2022-05-05 15:39:02,440: publishing ctrl
[rosout][INFO] 2022-05-05 15:39:02,445: publishing ctrl
[rosout][INFO] 2022-05-05 15:39:02,450: publishing ctrl
[rosout][INFO] 2022-05-05 15:39:02,455: publishing ctrl
[rosout][INFO] 2022-05-05 15:39:02,460: publishing ctrl
[rosout][INFO] 2022-05-05 15:39:02,465: publishing ctrl
[rosout][INFO] 2022-05-05 15:39:02,469: publishing ctrl
[rosout][INFO] 2022-05-05 15:39:02,474: publishing ctrl
[rosout][INFO] 2022-05-05 15:39:02,479: publishing ctrl
[rosout][INFO] 2022-05-05 15:39:02,485: publishing ctrl
[rosout][INFO] 2022-05-05 15:39:02,489: publishing ctrl
[rosout][INFO] 2022-05-05 15:39:02,494: publishing ctrl
[rosout][INFO] 2022-05-05 15:39:02,500: publishing ctrl
[rosout][INFO] 2022-05-05 15:39:02,505: publishing ctrl
[rosout][INFO] 2022-05-05 15:39:02,510: publishing ctrl
[rosout][INFO] 2022-05-05 15:39:02,515: publishing ctrl
[rosout][INFO] 2022-05-05 15:39:02,520: publishing ctrl
[rosout][INFO] 2022-05-05 15:39:02,525: publishing ctrl
[rosout][INFO] 2022-05-05 15:39:02,530: publishing ctrl
[rosout][INFO] 2022-05-05 15:39:02,535: publishing ctrl
[rosout][INFO] 2022-05-05 15:39:02,540: publishing ctrl
[rosout][INFO] 2022-05-05 15:39:02,545: publishing ctrl
[rosout][INFO] 2022-05-05 15:39:02,550: publishing ctrl
[rosout][INFO] 2022-05-05 15:39:02,556: publishing ctrl
[rosout][INFO] 2022-05-05 15:39:02,561: publishing ctrl
[rosout][INFO] 2022-05-05 15:39:02,565: publishing ctrl
[rosout][INFO] 2022-05-05 15:39:02,570: publishing ctrl
[rosout][INFO] 2022-05-05 15:39:02,576: publishing ctrl
[rosout][INFO] 2022-05-05 15:39:02,581: publishing ctrl
[rosout][INFO] 2022-05-05 15:39:02,586: publishing ctrl
[rosout][INFO] 2022-05-05 15:39:02,591: publishing ctrl
[rosout][INFO] 2022-05-05 15:39:02,596: publishing ctrl
[rosout][INFO] 2022-05-05 15:39:02,601: publishing ctrl
[rosout][INFO] 2022-05-05 15:39:02,606: publishing ctrl
[rosout][INFO] 2022-05-05 15:39:02,611: publishing ctrl
[rosout][INFO] 2022-05-05 15:39:02,616: publishing ctrl
[rosout][INFO] 2022-05-05 15:39:02,621: publishing ctrl
[rosout][INFO] 2022-05-05 15:39:02,626: publishing ctrl
[rosout][INFO] 2022-05-05 15:39:02,631: publishing ctrl
[rosout][INFO] 2022-05-05 15:39:02,637: publishing ctrl
[rosout][INFO] 2022-05-05 15:39:02,642: publishing ctrl
[rosout][INFO] 2022-05-05 15:39:02,647: publishing ctrl
[rosout][INFO] 2022-05-05 15:39:02,652: publishing ctrl
[rosout][INFO] 2022-05-05 15:39:02,657: publishing ctrl
[rosout][INFO] 2022-05-05 15:39:02,662: publishing ctrl
[rosout][INFO] 2022-05-05 15:39:02,667: publishing ctrl
[rosout][INFO] 2022-05-05 15:39:02,673: publishing ctrl
[rosout][INFO] 2022-05-05 15:39:02,677: publishing ctrl
[rosout][INFO] 2022-05-05 15:39:02,683: publishing ctrl
[rosout][INFO] 2022-05-05 15:39:02,688: publishing ctrl
[rosout][INFO] 2022-05-05 15:39:02,693: publishing ctrl
[rosout][INFO] 2022-05-05 15:39:02,698: publishing ctrl
[rosout][INFO] 2022-05-05 15:39:02,703: publishing ctrl
[rosout][INFO] 2022-05-05 15:39:02,708: publishing ctrl
[rosout][INFO] 2022-05-05 15:39:02,713: publishing ctrl
[rosout][INFO] 2022-05-05 15:39:02,718: publishing ctrl
[rosout][INFO] 2022-05-05 15:39:02,723: publishing ctrl
[rosout][INFO] 2022-05-05 15:39:02,728: publishing ctrl
[rosout][INFO] 2022-05-05 15:39:02,733: publishing ctrl
[rosout][INFO] 2022-05-05 15:39:02,738: publishing ctrl
[rosout][INFO] 2022-05-05 15:39:02,743: publishing ctrl
[rosout][INFO] 2022-05-05 15:39:02,748: publishing ctrl
[rosout][INFO] 2022-05-05 15:39:02,753: publishing ctrl
[rosout][INFO] 2022-05-05 15:39:02,759: publishing ctrl
[rosout][INFO] 2022-05-05 15:39:02,764: publishing ctrl
[rosout][INFO] 2022-05-05 15:39:02,769: publishing ctrl
[rospy.core][INFO] 2022-05-05 15:39:02,779: signal_shutdown [signal-2]
[rosout][INFO] 2022-05-05 15:39:02,774: publishing ctrl
[rospy.internal][INFO] 2022-05-05 15:39:02,790: topic[/car/mux/ackermann_cmd_mux/input/navigation] removing connection to /car/mux/nodelet_manager
[rospy.internal][INFO] 2022-05-05 15:39:02,791: topic[/rosout] removing connection to /rosout
[rospy.impl.masterslave][INFO] 2022-05-05 15:39:02,793: signal-2
[rosout][INFO] 2022-05-05 15:39:02,782: publishing ctrl
[rospy.core][INFO] 2022-05-05 15:39:02,927: signal_shutdown [atexit]
