[rospy.client][INFO] 2022-05-05 15:39:00,397: init_node, name[/car/vesc/throttle_interpolator], pid[17887]
[xmlrpc][INFO] 2022-05-05 15:39:00,399: XML-RPC server binding to 0.0.0.0:0
[rospy.init][INFO] 2022-05-05 15:39:00,400: ROS Slave URI: [http://robot-desktop:35993/]
[xmlrpc][INFO] 2022-05-05 15:39:00,401: Started XML-RPC server [http://robot-desktop:35993/]
[rospy.impl.masterslave][INFO] 2022-05-05 15:39:00,401: _ready: http://robot-desktop:35993/
[xmlrpc][INFO] 2022-05-05 15:39:00,403: xml rpc node: starting XML-RPC server
[rospy.registration][INFO] 2022-05-05 15:39:00,405: Registering with master node http://robot-desktop:11311
[rospy.init][INFO] 2022-05-05 15:39:00,501: registered with master
[rospy.rosout][INFO] 2022-05-05 15:39:00,502: initializing /rosout core topic
[rospy.rosout][INFO] 2022-05-05 15:39:00,524: connected to core topic /rosout
[rospy.simtime][INFO] 2022-05-05 15:39:00,545: /use_sim_time is not set, will not subscribe to simulated time [/clock] topic
[rospy.internal][INFO] 2022-05-05 15:39:00,653: topic[/rosout] adding connection to [/rosout], count 0
[rospy.internal][INFO] 2022-05-05 15:39:00,878: topic[/car/vesc/commands/servo/unsmoothed_position] adding connection to [http://robot-desktop:39017/], count 0
[rospy.internal][INFO] 2022-05-05 15:39:00,880: topic[/car/vesc/commands/motor/unsmoothed_speed] adding connection to [http://robot-desktop:39017/], count 0
[rospy.internal][INFO] 2022-05-05 15:39:01,049: topic[/car/vesc/commands/motor/speed] adding connection to [/car/vesc/vesc_driver], count 0
[rospy.internal][INFO] 2022-05-05 15:39:01,050: topic[/car/vesc/commands/servo/position] adding connection to [/car/vesc/vesc_driver], count 0
[rospy.core][INFO] 2022-05-05 15:39:02,799: signal_shutdown [signal-2]
[rospy.internal][INFO] 2022-05-05 15:39:02,824: topic[/car/vesc/commands/motor/speed] removing connection to /car/vesc/vesc_driver
[rospy.internal][INFO] 2022-05-05 15:39:02,825: topic[/rosout] removing connection to /rosout
[rospy.internal][INFO] 2022-05-05 15:39:02,826: topic[/car/vesc/commands/servo/position] removing connection to /car/vesc/vesc_driver
[rospy.internal][INFO] 2022-05-05 15:39:02,831: topic[/car/vesc/commands/motor/unsmoothed_speed] removing connection to http://robot-desktop:39017/
[rospy.internal][INFO] 2022-05-05 15:39:02,832: topic[/car/vesc/commands/servo/unsmoothed_position] removing connection to http://robot-desktop:39017/
[rospy.impl.masterslave][INFO] 2022-05-05 15:39:02,833: signal-2
[rospy.core][INFO] 2022-05-05 15:39:02,950: signal_shutdown [atexit]
