

1651779539.348258344  Node Startup
1651779539.795205480 INFO /car/mux/ackermann_cmd_mux [/tmp/binarydeb/ros-melodic-nodelet-1.9.16/src/nodelet.cpp:196(loadNodelet)] [topics: /rosout] Loading nodelet /car/mux/ackermann_cmd_mux of type ackermann_cmd_mux/AckermannCmdMuxNodelet to manager nodelet_manager with the following remappings:
1651779540.071056000 INFO /car/mux/ackermann_cmd_mux [/tmp/binarydeb/ros-melodic-roscpp-1.14.12/src/libros/service.cpp:80(service::exists)] [topics: /rosout] waitForService: Service [/car/mux/nodelet_manager/load_nodelet] has not been advertised, waiting...
1651779540.066308396 INFO /car/mux/nodelet_manager [/tmp/binarydeb/ros-melodic-nodelet-1.9.16/src/loader.cpp:233(Loader::Impl::advertiseRosApi)] [topics: /rosout] Initializing nodelet with 4 worker threads.
1651779540.186847250 INFO /car/mux/ackermann_cmd_mux [/tmp/binarydeb/ros-melodic-roscpp-1.14.12/src/libros/service.cpp:123(service::waitForService)] [topics: /rosout] waitForService: Service [/car/mux/nodelet_manager/load_nodelet] is now available.
1651779540.731167354 INFO /car/mux/nodelet_manager [/home/robot/catkin_ws/src/mushr/mushr_base/mushr_base/ackermann_cmd_mux/src/ackermann_cmd_mux_nodelet.cpp:181(AckermannCmdMuxNodelet::reloadConfiguration)] [topics: /rosout, /car/mux/ackermann_cmd_mux/parameter_descriptions, /car/mux/ackermann_cmd_mux/parameter_updates, /car/mux/ackermann_cmd_mux/output] AckermannCmdMux : (re)configured [/home/robot/catkin_ws/src/mushr/mushr_base/mushr_base/ackermann_cmd_mux/param/mux.yaml]
1651779540.775578969 INFO /car/vesc/vesc_driver [/home/robot/catkin_ws/src/mushr/mushr_base/vesc/vesc_driver/src/vesc_driver.cpp:96(VescDriver::timerCallback)] [topics: /rosout, /car/vesc/sensors/core, /car/vesc/sensors/servo_position_command] Connected to VESC with firmware version 2.18
1651779542.049053907 INFO /car/drive [cybertruck2.py:192(cybertruck2.publish_ctrl)] [topics: /rosout, /csi_cam_0/image_raw, /car/mux/ackermann_cmd_mux/input/navigation] publishing ctrl
1651779542.055131912 INFO /car/drive [cybertruck2.py:192(cybertruck2.publish_ctrl)] [topics: /rosout, /csi_cam_0/image_raw, /car/mux/ackermann_cmd_mux/input/navigation] publishing ctrl
1651779542.060503005 INFO /car/drive [cybertruck2.py:192(cybertruck2.publish_ctrl)] [topics: /rosout, /csi_cam_0/image_raw, /car/mux/ackermann_cmd_mux/input/navigation] publishing ctrl
1651779542.065983057 INFO /car/drive [cybertruck2.py:192(cybertruck2.publish_ctrl)] [topics: /rosout, /csi_cam_0/image_raw, /car/mux/ackermann_cmd_mux/input/navigation] publishing ctrl
1651779542.071013927 INFO /car/drive [cybertruck2.py:192(cybertruck2.publish_ctrl)] [topics: /rosout, /csi_cam_0/image_raw, /car/mux/ackermann_cmd_mux/input/navigation] publishing ctrl
1651779542.076076984 INFO /car/drive [cybertruck2.py:192(cybertruck2.publish_ctrl)] [topics: /rosout, /csi_cam_0/image_raw, /car/mux/ackermann_cmd_mux/input/navigation] publishing ctrl
1651779542.081284999 INFO /car/drive [cybertruck2.py:192(cybertruck2.publish_ctrl)] [topics: /rosout, /csi_cam_0/image_raw, /car/mux/ackermann_cmd_mux/input/navigation] publishing ctrl
1651779542.086215972 INFO /car/drive [cybertruck2.py:192(cybertruck2.publish_ctrl)] [topics: /rosout, /csi_cam_0/image_raw, /car/mux/ackermann_cmd_mux/input/navigation] publishing ctrl
1651779542.091183900 INFO /car/drive [cybertruck2.py:192(cybertruck2.publish_ctrl)] [topics: /rosout, /csi_cam_0/image_raw, /car/mux/ackermann_cmd_mux/input/navigation] publishing ctrl
1651779542.096329927 INFO /car/drive [cybertruck2.py:192(cybertruck2.publish_ctrl)] [topics: /rosout, /csi_cam_0/image_raw, /car/mux/ackermann_cmd_mux/input/navigation] publishing ctrl
1651779542.101356029 INFO /car/drive [cybertruck2.py:192(cybertruck2.publish_ctrl)] [topics: /rosout, /csi_cam_0/image_raw, /car/mux/ackermann_cmd_mux/input/navigation] publishing ctrl
1651779542.106168985 INFO /car/drive [cybertruck2.py:192(cybertruck2.publish_ctrl)] [topics: /rosout, /csi_cam_0/image_raw, /car/mux/ackermann_cmd_mux/input/navigation] publishing ctrl
1651779542.111254930 INFO /car/drive [cybertruck2.py:192(cybertruck2.publish_ctrl)] [topics: /rosout, /csi_cam_0/image_raw, /car/mux/ackermann_cmd_mux/input/navigation] publishing ctrl
1651779542.116269111 INFO /car/drive [cybertruck2.py:192(cybertruck2.publish_ctrl)] [topics: /rosout, /csi_cam_0/image_raw, /car/mux/ackermann_cmd_mux/input/navigation] publishing ctrl
1651779542.121388912 INFO /car/drive [cybertruck2.py:192(cybertruck2.publish_ctrl)] [topics: /rosout, /csi_cam_0/image_raw, /car/mux/ackermann_cmd_mux/input/navigation] publishing ctrl
1651779542.126643896 INFO /car/drive [cybertruck2.py:192(cybertruck2.publish_ctrl)] [topics: /rosout, /csi_cam_0/image_raw, /car/mux/ackermann_cmd_mux/input/navigation] publishing ctrl
1651779542.131422996 INFO /car/drive [cybertruck2.py:192(cybertruck2.publish_ctrl)] [topics: /rosout, /csi_cam_0/image_raw, /car/mux/ackermann_cmd_mux/input/navigation] publishing ctrl
1651779542.136693000 INFO /car/drive [cybertruck2.py:192(cybertruck2.publish_ctrl)] [topics: /rosout, /csi_cam_0/image_raw, /car/mux/ackermann_cmd_mux/input/navigation] publishing ctrl
1651779542.141804933 INFO /car/drive [cybertruck2.py:192(cybertruck2.publish_ctrl)] [topics: /rosout, /csi_cam_0/image_raw, /car/mux/ackermann_cmd_mux/input/navigation] publishing ctrl
1651779542.146882057 INFO /car/drive [cybertruck2.py:192(cybertruck2.publish_ctrl)] [topics: /rosout, /csi_cam_0/image_raw, /car/mux/ackermann_cmd_mux/input/navigation] publishing ctrl
1651779542.151949882 INFO /car/drive [cybertruck2.py:192(cybertruck2.publish_ctrl)] [topics: /rosout, /csi_cam_0/image_raw, /car/mux/ackermann_cmd_mux/input/navigation] publishing ctrl
1651779542.156935930 INFO /car/drive [cybertruck2.py:192(cybertruck2.publish_ctrl)] [topics: /rosout, /csi_cam_0/image_raw, /car/mux/ackermann_cmd_mux/input/navigation] publishing ctrl
1651779542.161868095 INFO /car/drive [cybertruck2.py:192(cybertruck2.publish_ctrl)] [topics: /rosout, /csi_cam_0/image_raw, /car/mux/ackermann_cmd_mux/input/navigation] publishing ctrl
1651779542.166929006 INFO /car/drive [cybertruck2.py:192(cybertruck2.publish_ctrl)] [topics: /rosout, /csi_cam_0/image_raw, /car/mux/ackermann_cmd_mux/input/navigation] publishing ctrl
1651779542.171813011 INFO /car/drive [cybertruck2.py:192(cybertruck2.publish_ctrl)] [topics: /rosout, /csi_cam_0/image_raw, /car/mux/ackermann_cmd_mux/input/navigation] publishing ctrl
1651779542.176908969 INFO /car/drive [cybertruck2.py:192(cybertruck2.publish_ctrl)] [topics: /rosout, /csi_cam_0/image_raw, /car/mux/ackermann_cmd_mux/input/navigation] publishing ctrl
1651779542.181802988 INFO /car/drive [cybertruck2.py:192(cybertruck2.publish_ctrl)] [topics: /rosout, /csi_cam_0/image_raw, /car/mux/ackermann_cmd_mux/input/navigation] publishing ctrl
1651779542.186850070 INFO /car/drive [cybertruck2.py:192(cybertruck2.publish_ctrl)] [topics: /rosout, /csi_cam_0/image_raw, /car/mux/ackermann_cmd_mux/input/navigation] publishing ctrl
1651779542.192045927 INFO /car/drive [cybertruck2.py:192(cybertruck2.publish_ctrl)] [topics: /rosout, /csi_cam_0/image_raw, /car/mux/ackermann_cmd_mux/input/navigation] publishing ctrl
1651779542.197225093 INFO /car/drive [cybertruck2.py:192(cybertruck2.publish_ctrl)] [topics: /rosout, /csi_cam_0/image_raw, /car/mux/ackermann_cmd_mux/input/navigation] publishing ctrl
1651779542.201948881 INFO /car/drive [cybertruck2.py:192(cybertruck2.publish_ctrl)] [topics: /rosout, /csi_cam_0/image_raw, /car/mux/ackermann_cmd_mux/input/navigation] publishing ctrl
1651779542.207199096 INFO /car/drive [cybertruck2.py:192(cybertruck2.publish_ctrl)] [topics: /rosout, /csi_cam_0/image_raw, /car/mux/ackermann_cmd_mux/input/navigation] publishing ctrl
1651779542.211975097 INFO /car/drive [cybertruck2.py:192(cybertruck2.publish_ctrl)] [topics: /rosout, /csi_cam_0/image_raw, /car/mux/ackermann_cmd_mux/input/navigation] publishing ctrl
1651779542.217299938 INFO /car/drive [cybertruck2.py:192(cybertruck2.publish_ctrl)] [topics: /rosout, /csi_cam_0/image_raw, /car/mux/ackermann_cmd_mux/input/navigation] publishing ctrl
1651779542.222323894 INFO /car/drive [cybertruck2.py:192(cybertruck2.publish_ctrl)] [topics: /rosout, /csi_cam_0/image_raw, /car/mux/ackermann_cmd_mux/input/navigation] publishing ctrl
1651779542.227298021 INFO /car/drive [cybertruck2.py:192(cybertruck2.publish_ctrl)] [topics: /rosout, /csi_cam_0/image_raw, /car/mux/ackermann_cmd_mux/input/navigation] publishing ctrl
1651779542.232413053 INFO /car/drive [cybertruck2.py:192(cybertruck2.publish_ctrl)] [topics: /rosout, /csi_cam_0/image_raw, /car/mux/ackermann_cmd_mux/input/navigation] publishing ctrl
1651779542.237742900 INFO /car/drive [cybertruck2.py:192(cybertruck2.publish_ctrl)] [topics: /rosout, /csi_cam_0/image_raw, /car/mux/ackermann_cmd_mux/input/navigation] publishing ctrl
1651779542.242742061 INFO /car/drive [cybertruck2.py:192(cybertruck2.publish_ctrl)] [topics: /rosout, /csi_cam_0/image_raw, /car/mux/ackermann_cmd_mux/input/navigation] publishing ctrl
1651779542.247706890 INFO /car/drive [cybertruck2.py:192(cybertruck2.publish_ctrl)] [topics: /rosout, /csi_cam_0/image_raw, /car/mux/ackermann_cmd_mux/input/navigation] publishing ctrl
1651779542.252804994 INFO /car/drive [cybertruck2.py:192(cybertruck2.publish_ctrl)] [topics: /rosout, /csi_cam_0/image_raw, /car/mux/ackermann_cmd_mux/input/navigation] publishing ctrl
1651779542.258234977 INFO /car/drive [cybertruck2.py:192(cybertruck2.publish_ctrl)] [topics: /rosout, /csi_cam_0/image_raw, /car/mux/ackermann_cmd_mux/input/navigation] publishing ctrl
1651779542.263228893 INFO /car/drive [cybertruck2.py:192(cybertruck2.publish_ctrl)] [topics: /rosout, /csi_cam_0/image_raw, /car/mux/ackermann_cmd_mux/input/navigation] publishing ctrl
1651779542.268135070 INFO /car/drive [cybertruck2.py:192(cybertruck2.publish_ctrl)] [topics: /rosout, /csi_cam_0/image_raw, /car/mux/ackermann_cmd_mux/input/navigation] publishing ctrl
1651779542.273514986 INFO /car/drive [cybertruck2.py:192(cybertruck2.publish_ctrl)] [topics: /rosout, /csi_cam_0/image_raw, /car/mux/ackermann_cmd_mux/input/navigation] publishing ctrl
1651779542.278500080 INFO /car/drive [cybertruck2.py:192(cybertruck2.publish_ctrl)] [topics: /rosout, /csi_cam_0/image_raw, /car/mux/ackermann_cmd_mux/input/navigation] publishing ctrl
1651779542.283612012 INFO /car/drive [cybertruck2.py:192(cybertruck2.publish_ctrl)] [topics: /rosout, /csi_cam_0/image_raw, /car/mux/ackermann_cmd_mux/input/navigation] publishing ctrl
1651779542.288914918 INFO /car/drive [cybertruck2.py:192(cybertruck2.publish_ctrl)] [topics: /rosout, /csi_cam_0/image_raw, /car/mux/ackermann_cmd_mux/input/navigation] publishing ctrl
1651779542.293894052 INFO /car/drive [cybertruck2.py:192(cybertruck2.publish_ctrl)] [topics: /rosout, /csi_cam_0/image_raw, /car/mux/ackermann_cmd_mux/input/navigation] publishing ctrl
1651779542.299005985 INFO /car/drive [cybertruck2.py:192(cybertruck2.publish_ctrl)] [topics: /rosout, /csi_cam_0/image_raw, /car/mux/ackermann_cmd_mux/input/navigation] publishing ctrl
1651779542.303950071 INFO /car/drive [cybertruck2.py:192(cybertruck2.publish_ctrl)] [topics: /rosout, /csi_cam_0/image_raw, /car/mux/ackermann_cmd_mux/input/navigation] publishing ctrl
1651779542.308953046 INFO /car/drive [cybertruck2.py:192(cybertruck2.publish_ctrl)] [topics: /rosout, /csi_cam_0/image_raw, /car/mux/ackermann_cmd_mux/input/navigation] publishing ctrl
1651779542.314100027 INFO /car/drive [cybertruck2.py:192(cybertruck2.publish_ctrl)] [topics: /rosout, /csi_cam_0/image_raw, /car/mux/ackermann_cmd_mux/input/navigation] publishing ctrl
1651779542.318871021 INFO /car/drive [cybertruck2.py:192(cybertruck2.publish_ctrl)] [topics: /rosout, /csi_cam_0/image_raw, /car/mux/ackermann_cmd_mux/input/navigation] publishing ctrl
1651779542.323863983 INFO /car/drive [cybertruck2.py:192(cybertruck2.publish_ctrl)] [topics: /rosout, /csi_cam_0/image_raw, /car/mux/ackermann_cmd_mux/input/navigation] publishing ctrl
1651779542.328814029 INFO /car/drive [cybertruck2.py:192(cybertruck2.publish_ctrl)] [topics: /rosout, /csi_cam_0/image_raw, /car/mux/ackermann_cmd_mux/input/navigation] publishing ctrl
1651779542.333851099 INFO /car/drive [cybertruck2.py:192(cybertruck2.publish_ctrl)] [topics: /rosout, /csi_cam_0/image_raw, /car/mux/ackermann_cmd_mux/input/navigation] publishing ctrl
1651779542.339061975 INFO /car/drive [cybertruck2.py:192(cybertruck2.publish_ctrl)] [topics: /rosout, /csi_cam_0/image_raw, /car/mux/ackermann_cmd_mux/input/navigation] publishing ctrl
1651779542.344119071 INFO /car/drive [cybertruck2.py:192(cybertruck2.publish_ctrl)] [topics: /rosout, /csi_cam_0/image_raw, /car/mux/ackermann_cmd_mux/input/navigation] publishing ctrl
1651779542.349061012 INFO /car/drive [cybertruck2.py:192(cybertruck2.publish_ctrl)] [topics: /rosout, /csi_cam_0/image_raw, /car/mux/ackermann_cmd_mux/input/navigation] publishing ctrl
1651779542.354530096 INFO /car/drive [cybertruck2.py:192(cybertruck2.publish_ctrl)] [topics: /rosout, /csi_cam_0/image_raw, /car/mux/ackermann_cmd_mux/input/navigation] publishing ctrl
1651779542.359678983 INFO /car/drive [cybertruck2.py:192(cybertruck2.publish_ctrl)] [topics: /rosout, /csi_cam_0/image_raw, /car/mux/ackermann_cmd_mux/input/navigation] publishing ctrl
1651779542.364681005 INFO /car/drive [cybertruck2.py:192(cybertruck2.publish_ctrl)] [topics: /rosout, /csi_cam_0/image_raw, /car/mux/ackermann_cmd_mux/input/navigation] publishing ctrl
1651779542.369672060 INFO /car/drive [cybertruck2.py:192(cybertruck2.publish_ctrl)] [topics: /rosout, /csi_cam_0/image_raw, /car/mux/ackermann_cmd_mux/input/navigation] publishing ctrl
1651779542.374391078 INFO /car/drive [cybertruck2.py:192(cybertruck2.publish_ctrl)] [topics: /rosout, /csi_cam_0/image_raw, /car/mux/ackermann_cmd_mux/input/navigation] publishing ctrl
1651779542.379416942 INFO /car/drive [cybertruck2.py:192(cybertruck2.publish_ctrl)] [topics: /rosout, /csi_cam_0/image_raw, /car/mux/ackermann_cmd_mux/input/navigation] publishing ctrl
1651779542.384533882 INFO /car/drive [cybertruck2.py:192(cybertruck2.publish_ctrl)] [topics: /rosout, /csi_cam_0/image_raw, /car/mux/ackermann_cmd_mux/input/navigation] publishing ctrl
1651779542.389422893 INFO /car/drive [cybertruck2.py:192(cybertruck2.publish_ctrl)] [topics: /rosout, /csi_cam_0/image_raw, /car/mux/ackermann_cmd_mux/input/navigation] publishing ctrl
1651779542.394294977 INFO /car/drive [cybertruck2.py:192(cybertruck2.publish_ctrl)] [topics: /rosout, /csi_cam_0/image_raw, /car/mux/ackermann_cmd_mux/input/navigation] publishing ctrl
1651779542.399269104 INFO /car/drive [cybertruck2.py:192(cybertruck2.publish_ctrl)] [topics: /rosout, /csi_cam_0/image_raw, /car/mux/ackermann_cmd_mux/input/navigation] publishing ctrl
1651779542.404356002 INFO /car/drive [cybertruck2.py:192(cybertruck2.publish_ctrl)] [topics: /rosout, /csi_cam_0/image_raw, /car/mux/ackermann_cmd_mux/input/navigation] publishing ctrl
1651779542.409276962 INFO /car/drive [cybertruck2.py:192(cybertruck2.publish_ctrl)] [topics: /rosout, /csi_cam_0/image_raw, /car/mux/ackermann_cmd_mux/input/navigation] publishing ctrl
1651779542.414242029 INFO /car/drive [cybertruck2.py:192(cybertruck2.publish_ctrl)] [topics: /rosout, /csi_cam_0/image_raw, /car/mux/ackermann_cmd_mux/input/navigation] publishing ctrl
1651779542.419303894 INFO /car/drive [cybertruck2.py:192(cybertruck2.publish_ctrl)] [topics: /rosout, /csi_cam_0/image_raw, /car/mux/ackermann_cmd_mux/input/navigation] publishing ctrl
1651779542.424202919 INFO /car/drive [cybertruck2.py:192(cybertruck2.publish_ctrl)] [topics: /rosout, /csi_cam_0/image_raw, /car/mux/ackermann_cmd_mux/input/navigation] publishing ctrl
1651779542.429135084 INFO /car/drive [cybertruck2.py:192(cybertruck2.publish_ctrl)] [topics: /rosout, /csi_cam_0/image_raw, /car/mux/ackermann_cmd_mux/input/navigation] publishing ctrl
1651779542.433890104 INFO /car/drive [cybertruck2.py:192(cybertruck2.publish_ctrl)] [topics: /rosout, /csi_cam_0/image_raw, /car/mux/ackermann_cmd_mux/input/navigation] publishing ctrl
1651779542.439140081 INFO /car/drive [cybertruck2.py:192(cybertruck2.publish_ctrl)] [topics: /rosout, /csi_cam_0/image_raw, /car/mux/ackermann_cmd_mux/input/navigation] publishing ctrl
1651779542.444241046 INFO /car/drive [cybertruck2.py:192(cybertruck2.publish_ctrl)] [topics: /rosout, /csi_cam_0/image_raw, /car/mux/ackermann_cmd_mux/input/navigation] publishing ctrl
1651779542.449121952 INFO /car/drive [cybertruck2.py:192(cybertruck2.publish_ctrl)] [topics: /rosout, /csi_cam_0/image_raw, /car/mux/ackermann_cmd_mux/input/navigation] publishing ctrl
1651779542.454159021 INFO /car/drive [cybertruck2.py:192(cybertruck2.publish_ctrl)] [topics: /rosout, /csi_cam_0/image_raw, /car/mux/ackermann_cmd_mux/input/navigation] publishing ctrl
1651779542.458993911 INFO /car/drive [cybertruck2.py:192(cybertruck2.publish_ctrl)] [topics: /rosout, /csi_cam_0/image_raw, /car/mux/ackermann_cmd_mux/input/navigation] publishing ctrl
1651779542.463840961 INFO /car/drive [cybertruck2.py:192(cybertruck2.publish_ctrl)] [topics: /rosout, /csi_cam_0/image_raw, /car/mux/ackermann_cmd_mux/input/navigation] publishing ctrl
1651779542.468693971 INFO /car/drive [cybertruck2.py:192(cybertruck2.publish_ctrl)] [topics: /rosout, /csi_cam_0/image_raw, /car/mux/ackermann_cmd_mux/input/navigation] publishing ctrl
1651779542.473447084 INFO /car/drive [cybertruck2.py:192(cybertruck2.publish_ctrl)] [topics: /rosout, /csi_cam_0/image_raw, /car/mux/ackermann_cmd_mux/input/navigation] publishing ctrl
1651779542.478524923 INFO /car/drive [cybertruck2.py:192(cybertruck2.publish_ctrl)] [topics: /rosout, /csi_cam_0/image_raw, /car/mux/ackermann_cmd_mux/input/navigation] publishing ctrl
1651779542.483624935 INFO /car/drive [cybertruck2.py:192(cybertruck2.publish_ctrl)] [topics: /rosout, /csi_cam_0/image_raw, /car/mux/ackermann_cmd_mux/input/navigation] publishing ctrl
1651779542.488642930 INFO /car/drive [cybertruck2.py:192(cybertruck2.publish_ctrl)] [topics: /rosout, /csi_cam_0/image_raw, /car/mux/ackermann_cmd_mux/input/navigation] publishing ctrl
1651779542.493601083 INFO /car/drive [cybertruck2.py:192(cybertruck2.publish_ctrl)] [topics: /rosout, /csi_cam_0/image_raw, /car/mux/ackermann_cmd_mux/input/navigation] publishing ctrl
1651779542.499150991 INFO /car/drive [cybertruck2.py:192(cybertruck2.publish_ctrl)] [topics: /rosout, /csi_cam_0/image_raw, /car/mux/ackermann_cmd_mux/input/navigation] publishing ctrl
1651779542.504002094 INFO /car/drive [cybertruck2.py:192(cybertruck2.publish_ctrl)] [topics: /rosout, /csi_cam_0/image_raw, /car/mux/ackermann_cmd_mux/input/navigation] publishing ctrl
1651779542.508881092 INFO /car/drive [cybertruck2.py:192(cybertruck2.publish_ctrl)] [topics: /rosout, /csi_cam_0/image_raw, /car/mux/ackermann_cmd_mux/input/navigation] publishing ctrl
1651779542.514190912 INFO /car/drive [cybertruck2.py:192(cybertruck2.publish_ctrl)] [topics: /rosout, /csi_cam_0/image_raw, /car/mux/ackermann_cmd_mux/input/navigation] publishing ctrl
1651779542.519248008 INFO /car/drive [cybertruck2.py:192(cybertruck2.publish_ctrl)] [topics: /rosout, /csi_cam_0/image_raw, /car/mux/ackermann_cmd_mux/input/navigation] publishing ctrl
1651779542.524264097 INFO /car/drive [cybertruck2.py:192(cybertruck2.publish_ctrl)] [topics: /rosout, /csi_cam_0/image_raw, /car/mux/ackermann_cmd_mux/input/navigation] publishing ctrl
1651779542.529300928 INFO /car/drive [cybertruck2.py:192(cybertruck2.publish_ctrl)] [topics: /rosout, /csi_cam_0/image_raw, /car/mux/ackermann_cmd_mux/input/navigation] publishing ctrl
1651779542.534287929 INFO /car/drive [cybertruck2.py:192(cybertruck2.publish_ctrl)] [topics: /rosout, /csi_cam_0/image_raw, /car/mux/ackermann_cmd_mux/input/navigation] publishing ctrl
1651779542.539530038 INFO /car/drive [cybertruck2.py:192(cybertruck2.publish_ctrl)] [topics: /rosout, /csi_cam_0/image_raw, /car/mux/ackermann_cmd_mux/input/navigation] publishing ctrl
1651779542.544540882 INFO /car/drive [cybertruck2.py:192(cybertruck2.publish_ctrl)] [topics: /rosout, /csi_cam_0/image_raw, /car/mux/ackermann_cmd_mux/input/navigation] publishing ctrl
1651779542.549767971 INFO /car/drive [cybertruck2.py:192(cybertruck2.publish_ctrl)] [topics: /rosout, /csi_cam_0/image_raw, /car/mux/ackermann_cmd_mux/input/navigation] publishing ctrl
1651779542.554759979 INFO /car/drive [cybertruck2.py:192(cybertruck2.publish_ctrl)] [topics: /rosout, /csi_cam_0/image_raw, /car/mux/ackermann_cmd_mux/input/navigation] publishing ctrl
1651779542.559806108 INFO /car/drive [cybertruck2.py:192(cybertruck2.publish_ctrl)] [topics: /rosout, /csi_cam_0/image_raw, /car/mux/ackermann_cmd_mux/input/navigation] publishing ctrl
1651779542.564671993 INFO /car/drive [cybertruck2.py:192(cybertruck2.publish_ctrl)] [topics: /rosout, /csi_cam_0/image_raw, /car/mux/ackermann_cmd_mux/input/navigation] publishing ctrl
1651779542.569710016 INFO /car/drive [cybertruck2.py:192(cybertruck2.publish_ctrl)] [topics: /rosout, /csi_cam_0/image_raw, /car/mux/ackermann_cmd_mux/input/navigation] publishing ctrl
1651779542.574714899 INFO /car/drive [cybertruck2.py:192(cybertruck2.publish_ctrl)] [topics: /rosout, /csi_cam_0/image_raw, /car/mux/ackermann_cmd_mux/input/navigation] publishing ctrl
1651779542.580147027 INFO /car/drive [cybertruck2.py:192(cybertruck2.publish_ctrl)] [topics: /rosout, /csi_cam_0/image_raw, /car/mux/ackermann_cmd_mux/input/navigation] publishing ctrl
1651779542.585222005 INFO /car/drive [cybertruck2.py:192(cybertruck2.publish_ctrl)] [topics: /rosout, /csi_cam_0/image_raw, /car/mux/ackermann_cmd_mux/input/navigation] publishing ctrl
1651779542.590138912 INFO /car/drive [cybertruck2.py:192(cybertruck2.publish_ctrl)] [topics: /rosout, /csi_cam_0/image_raw, /car/mux/ackermann_cmd_mux/input/navigation] publishing ctrl
1651779542.595026016 INFO /car/drive [cybertruck2.py:192(cybertruck2.publish_ctrl)] [topics: /rosout, /csi_cam_0/image_raw, /car/mux/ackermann_cmd_mux/input/navigation] publishing ctrl
1651779542.600310087 INFO /car/drive [cybertruck2.py:192(cybertruck2.publish_ctrl)] [topics: /rosout, /csi_cam_0/image_raw, /car/mux/ackermann_cmd_mux/input/navigation] publishing ctrl
1651779542.605318069 INFO /car/drive [cybertruck2.py:192(cybertruck2.publish_ctrl)] [topics: /rosout, /csi_cam_0/image_raw, /car/mux/ackermann_cmd_mux/input/navigation] publishing ctrl
1651779542.610299110 INFO /car/drive [cybertruck2.py:192(cybertruck2.publish_ctrl)] [topics: /rosout, /csi_cam_0/image_raw, /car/mux/ackermann_cmd_mux/input/navigation] publishing ctrl
1651779542.615106105 INFO /car/drive [cybertruck2.py:192(cybertruck2.publish_ctrl)] [topics: /rosout, /csi_cam_0/image_raw, /car/mux/ackermann_cmd_mux/input/navigation] publishing ctrl
1651779542.620371103 INFO /car/drive [cybertruck2.py:192(cybertruck2.publish_ctrl)] [topics: /rosout, /csi_cam_0/image_raw, /car/mux/ackermann_cmd_mux/input/navigation] publishing ctrl
1651779542.625705957 INFO /car/drive [cybertruck2.py:192(cybertruck2.publish_ctrl)] [topics: /rosout, /csi_cam_0/image_raw, /car/mux/ackermann_cmd_mux/input/navigation] publishing ctrl
1651779542.630578041 INFO /car/drive [cybertruck2.py:192(cybertruck2.publish_ctrl)] [topics: /rosout, /csi_cam_0/image_raw, /car/mux/ackermann_cmd_mux/input/navigation] publishing ctrl
1651779542.636006116 INFO /car/drive [cybertruck2.py:192(cybertruck2.publish_ctrl)] [topics: /rosout, /csi_cam_0/image_raw, /car/mux/ackermann_cmd_mux/input/navigation] publishing ctrl
1651779542.641024112 INFO /car/drive [cybertruck2.py:192(cybertruck2.publish_ctrl)] [topics: /rosout, /csi_cam_0/image_raw, /car/mux/ackermann_cmd_mux/input/navigation] publishing ctrl
1651779542.646122932 INFO /car/drive [cybertruck2.py:192(cybertruck2.publish_ctrl)] [topics: /rosout, /csi_cam_0/image_raw, /car/mux/ackermann_cmd_mux/input/navigation] publishing ctrl
1651779542.651316881 INFO /car/drive [cybertruck2.py:192(cybertruck2.publish_ctrl)] [topics: /rosout, /csi_cam_0/image_raw, /car/mux/ackermann_cmd_mux/input/navigation] publishing ctrl
1651779542.656569004 INFO /car/drive [cybertruck2.py:192(cybertruck2.publish_ctrl)] [topics: /rosout, /csi_cam_0/image_raw, /car/mux/ackermann_cmd_mux/input/navigation] publishing ctrl
1651779542.661516904 INFO /car/drive [cybertruck2.py:192(cybertruck2.publish_ctrl)] [topics: /rosout, /csi_cam_0/image_raw, /car/mux/ackermann_cmd_mux/input/navigation] publishing ctrl
1651779542.666508913 INFO /car/drive [cybertruck2.py:192(cybertruck2.publish_ctrl)] [topics: /rosout, /csi_cam_0/image_raw, /car/mux/ackermann_cmd_mux/input/navigation] publishing ctrl
1651779542.671686887 INFO /car/drive [cybertruck2.py:192(cybertruck2.publish_ctrl)] [topics: /rosout, /csi_cam_0/image_raw, /car/mux/ackermann_cmd_mux/input/navigation] publishing ctrl
1651779542.676727056 INFO /car/drive [cybertruck2.py:192(cybertruck2.publish_ctrl)] [topics: /rosout, /csi_cam_0/image_raw, /car/mux/ackermann_cmd_mux/input/navigation] publishing ctrl
1651779542.681798934 INFO /car/drive [cybertruck2.py:192(cybertruck2.publish_ctrl)] [topics: /rosout, /csi_cam_0/image_raw, /car/mux/ackermann_cmd_mux/input/navigation] publishing ctrl
1651779542.687050104 INFO /car/drive [cybertruck2.py:192(cybertruck2.publish_ctrl)] [topics: /rosout, /csi_cam_0/image_raw, /car/mux/ackermann_cmd_mux/input/navigation] publishing ctrl
1651779542.691914081 INFO /car/drive [cybertruck2.py:192(cybertruck2.publish_ctrl)] [topics: /rosout, /csi_cam_0/image_raw, /car/mux/ackermann_cmd_mux/input/navigation] publishing ctrl
1651779542.697366952 INFO /car/drive [cybertruck2.py:192(cybertruck2.publish_ctrl)] [topics: /rosout, /csi_cam_0/image_raw, /car/mux/ackermann_cmd_mux/input/navigation] publishing ctrl
1651779542.702172040 INFO /car/drive [cybertruck2.py:192(cybertruck2.publish_ctrl)] [topics: /rosout, /csi_cam_0/image_raw, /car/mux/ackermann_cmd_mux/input/navigation] publishing ctrl
1651779542.706906080 INFO /car/drive [cybertruck2.py:192(cybertruck2.publish_ctrl)] [topics: /rosout, /csi_cam_0/image_raw, /car/mux/ackermann_cmd_mux/input/navigation] publishing ctrl
1651779542.711847066 INFO /car/drive [cybertruck2.py:192(cybertruck2.publish_ctrl)] [topics: /rosout, /csi_cam_0/image_raw, /car/mux/ackermann_cmd_mux/input/navigation] publishing ctrl
1651779542.717119932 INFO /car/drive [cybertruck2.py:192(cybertruck2.publish_ctrl)] [topics: /rosout, /csi_cam_0/image_raw, /car/mux/ackermann_cmd_mux/input/navigation] publishing ctrl
1651779542.721965074 INFO /car/drive [cybertruck2.py:192(cybertruck2.publish_ctrl)] [topics: /rosout, /csi_cam_0/image_raw, /car/mux/ackermann_cmd_mux/input/navigation] publishing ctrl
1651779542.726963043 INFO /car/drive [cybertruck2.py:192(cybertruck2.publish_ctrl)] [topics: /rosout, /csi_cam_0/image_raw, /car/mux/ackermann_cmd_mux/input/navigation] publishing ctrl
1651779542.731905937 INFO /car/drive [cybertruck2.py:192(cybertruck2.publish_ctrl)] [topics: /rosout, /csi_cam_0/image_raw, /car/mux/ackermann_cmd_mux/input/navigation] publishing ctrl
1651779542.737515926 INFO /car/drive [cybertruck2.py:192(cybertruck2.publish_ctrl)] [topics: /rosout, /csi_cam_0/image_raw, /car/mux/ackermann_cmd_mux/input/navigation] publishing ctrl
1651779542.742784023 INFO /car/drive [cybertruck2.py:192(cybertruck2.publish_ctrl)] [topics: /rosout, /csi_cam_0/image_raw, /car/mux/ackermann_cmd_mux/input/navigation] publishing ctrl
1651779542.747536897 INFO /car/drive [cybertruck2.py:192(cybertruck2.publish_ctrl)] [topics: /rosout, /csi_cam_0/image_raw, /car/mux/ackermann_cmd_mux/input/navigation] publishing ctrl
1651779542.752619028 INFO /car/drive [cybertruck2.py:192(cybertruck2.publish_ctrl)] [topics: /rosout, /csi_cam_0/image_raw, /car/mux/ackermann_cmd_mux/input/navigation] publishing ctrl
1651779542.757848024 INFO /car/drive [cybertruck2.py:192(cybertruck2.publish_ctrl)] [topics: /rosout, /csi_cam_0/image_raw, /car/mux/ackermann_cmd_mux/input/navigation] publishing ctrl
1651779542.762839078 INFO /car/drive [cybertruck2.py:192(cybertruck2.publish_ctrl)] [topics: /rosout, /csi_cam_0/image_raw, /car/mux/ackermann_cmd_mux/input/navigation] publishing ctrl
1651779542.767865896 INFO /car/drive [cybertruck2.py:192(cybertruck2.publish_ctrl)] [topics: /rosout, /csi_cam_0/image_raw, /car/mux/ackermann_cmd_mux/input/navigation] publishing ctrl
1651779542.773170948 INFO /car/drive [cybertruck2.py:192(cybertruck2.publish_ctrl)] [topics: /rosout, /csi_cam_0/image_raw, /car/mux/ackermann_cmd_mux/input/navigation] publishing ctrl
1651779542.781203031 INFO /car/drive [cybertruck2.py:192(cybertruck2.publish_ctrl)] [topics: /rosout, /csi_cam_0/image_raw, /car/mux/ackermann_cmd_mux/input/navigation] publishing ctrl
1651779542.798080374 INFO /car/mux/ackermann_cmd_mux [/tmp/binarydeb/ros-melodic-nodelet-1.9.16/src/nodelet.cpp:159(unloadNodelet)] [topics: /rosout, /car/mux/nodelet_manager/bond] Unloading nodelet /car/mux/ackermann_cmd_mux from manager nodelet_manager
