

1651780805.114546195  Node Startup
1651780805.701604893 INFO /car/mux/ackermann_cmd_mux [/tmp/binarydeb/ros-melodic-nodelet-1.9.16/src/nodelet.cpp:196(loadNodelet)] [topics: /rosout] Loading nodelet /car/mux/ackermann_cmd_mux of type ackermann_cmd_mux/AckermannCmdMuxNodelet to manager nodelet_manager with the following remappings:
1651780805.963610830 INFO /car/mux/ackermann_cmd_mux [/tmp/binarydeb/ros-melodic-roscpp-1.14.12/src/libros/service.cpp:80(service::exists)] [topics: /rosout] waitForService: Service [/car/mux/nodelet_manager/load_nodelet] has not been advertised, waiting...
1651780805.866237236 INFO /car/mux/nodelet_manager [/tmp/binarydeb/ros-melodic-nodelet-1.9.16/src/loader.cpp:233(Loader::Impl::advertiseRosApi)] [topics: /rosout] Initializing nodelet with 4 worker threads.
1651780806.025355153 INFO /car/mux/ackermann_cmd_mux [/tmp/binarydeb/ros-melodic-roscpp-1.14.12/src/libros/service.cpp:123(service::waitForService)] [topics: /rosout] waitForService: Service [/car/mux/nodelet_manager/load_nodelet] is now available.
1651780807.016104580 INFO /car/mux/nodelet_manager [/home/robot/catkin_ws/src/mushr/mushr_base/mushr_base/ackermann_cmd_mux/src/ackermann_cmd_mux_nodelet.cpp:181(AckermannCmdMuxNodelet::reloadConfiguration)] [topics: /rosout, /car/mux/ackermann_cmd_mux/parameter_descriptions, /car/mux/ackermann_cmd_mux/parameter_updates, /car/mux/ackermann_cmd_mux/output] AckermannCmdMux : (re)configured [/home/robot/catkin_ws/src/mushr/mushr_base/mushr_base/ackermann_cmd_mux/param/mux.yaml]
1651780807.103685205 INFO /car/vesc/vesc_driver [/home/robot/catkin_ws/src/mushr/mushr_base/vesc/vesc_driver/src/vesc_driver.cpp:96(VescDriver::timerCallback)] [topics: /rosout, /car/vesc/sensors/core, /car/vesc/sensors/servo_position_command] Connected to VESC with firmware version 2.18
1651780808.946588039 INFO /car/drive [cybertruck2.py:233(cybertruck2.publish_ctrl)] [topics: /rosout, /csi_cam_0/image_raw, /car/mux/ackermann_cmd_mux/input/navigation, /debug_image] publishing ctrl
1651780809.048290014 INFO /car/drive [cybertruck2.py:233(cybertruck2.publish_ctrl)] [topics: /rosout, /csi_cam_0/image_raw, /car/mux/ackermann_cmd_mux/input/navigation, /debug_image] publishing ctrl
1651780809.148940086 INFO /car/drive [cybertruck2.py:233(cybertruck2.publish_ctrl)] [topics: /rosout, /csi_cam_0/image_raw, /car/mux/ackermann_cmd_mux/input/navigation, /debug_image] publishing ctrl
1651780809.246274948 INFO /car/drive [cybertruck2.py:233(cybertruck2.publish_ctrl)] [topics: /rosout, /csi_cam_0/image_raw, /car/mux/ackermann_cmd_mux/input/navigation, /debug_image] publishing ctrl
1651780809.346374988 INFO /car/drive [cybertruck2.py:233(cybertruck2.publish_ctrl)] [topics: /rosout, /csi_cam_0/image_raw, /car/mux/ackermann_cmd_mux/input/navigation, /debug_image] publishing ctrl
1651780809.446604967 INFO /car/drive [cybertruck2.py:233(cybertruck2.publish_ctrl)] [topics: /rosout, /csi_cam_0/image_raw, /car/mux/ackermann_cmd_mux/input/navigation, /debug_image] publishing ctrl
1651780809.546782016 INFO /car/drive [cybertruck2.py:233(cybertruck2.publish_ctrl)] [topics: /rosout, /csi_cam_0/image_raw, /car/mux/ackermann_cmd_mux/input/navigation, /debug_image] publishing ctrl
1651780809.648282051 INFO /car/drive [cybertruck2.py:233(cybertruck2.publish_ctrl)] [topics: /rosout, /csi_cam_0/image_raw, /car/mux/ackermann_cmd_mux/input/navigation, /debug_image] publishing ctrl
1651780809.748065948 INFO /car/drive [cybertruck2.py:233(cybertruck2.publish_ctrl)] [topics: /rosout, /csi_cam_0/image_raw, /car/mux/ackermann_cmd_mux/input/navigation, /debug_image] publishing ctrl
1651780809.849416017 INFO /car/drive [cybertruck2.py:233(cybertruck2.publish_ctrl)] [topics: /rosout, /csi_cam_0/image_raw, /car/mux/ackermann_cmd_mux/input/navigation, /debug_image] publishing ctrl
1651780809.946909904 INFO /car/drive [cybertruck2.py:233(cybertruck2.publish_ctrl)] [topics: /rosout, /csi_cam_0/image_raw, /car/mux/ackermann_cmd_mux/input/navigation, /debug_image] publishing ctrl
1651780810.047296047 INFO /car/drive [cybertruck2.py:233(cybertruck2.publish_ctrl)] [topics: /rosout, /csi_cam_0/image_raw, /car/mux/ackermann_cmd_mux/input/navigation, /debug_image] publishing ctrl
1651780810.147438049 INFO /car/drive [cybertruck2.py:233(cybertruck2.publish_ctrl)] [topics: /rosout, /csi_cam_0/image_raw, /car/mux/ackermann_cmd_mux/input/navigation, /debug_image] publishing ctrl
1651780810.248543977 INFO /car/drive [cybertruck2.py:233(cybertruck2.publish_ctrl)] [topics: /rosout, /csi_cam_0/image_raw, /car/mux/ackermann_cmd_mux/input/navigation, /debug_image] publishing ctrl
1651780810.346909999 INFO /car/drive [cybertruck2.py:233(cybertruck2.publish_ctrl)] [topics: /rosout, /csi_cam_0/image_raw, /car/mux/ackermann_cmd_mux/input/navigation, /debug_image] publishing ctrl
1651780810.446409940 INFO /car/drive [cybertruck2.py:233(cybertruck2.publish_ctrl)] [topics: /rosout, /csi_cam_0/image_raw, /car/mux/ackermann_cmd_mux/input/navigation, /debug_image] publishing ctrl
1651780810.546468973 INFO /car/drive [cybertruck2.py:233(cybertruck2.publish_ctrl)] [topics: /rosout, /csi_cam_0/image_raw, /car/mux/ackermann_cmd_mux/input/navigation, /debug_image] publishing ctrl
1651780810.647625923 INFO /car/drive [cybertruck2.py:233(cybertruck2.publish_ctrl)] [topics: /rosout, /csi_cam_0/image_raw, /car/mux/ackermann_cmd_mux/input/navigation, /debug_image] publishing ctrl
1651780810.746913909 INFO /car/drive [cybertruck2.py:233(cybertruck2.publish_ctrl)] [topics: /rosout, /csi_cam_0/image_raw, /car/mux/ackermann_cmd_mux/input/navigation, /debug_image] publishing ctrl
1651780810.846693038 INFO /car/drive [cybertruck2.py:233(cybertruck2.publish_ctrl)] [topics: /rosout, /csi_cam_0/image_raw, /car/mux/ackermann_cmd_mux/input/navigation, /debug_image] publishing ctrl
1651780810.946171045 INFO /car/drive [cybertruck2.py:233(cybertruck2.publish_ctrl)] [topics: /rosout, /csi_cam_0/image_raw, /car/mux/ackermann_cmd_mux/input/navigation, /debug_image] publishing ctrl
1651780811.046200990 INFO /car/drive [cybertruck2.py:233(cybertruck2.publish_ctrl)] [topics: /rosout, /csi_cam_0/image_raw, /car/mux/ackermann_cmd_mux/input/navigation, /debug_image] publishing ctrl
1651780811.147006034 INFO /car/drive [cybertruck2.py:233(cybertruck2.publish_ctrl)] [topics: /rosout, /csi_cam_0/image_raw, /car/mux/ackermann_cmd_mux/input/navigation, /debug_image] publishing ctrl
1651780811.247318983 INFO /car/drive [cybertruck2.py:233(cybertruck2.publish_ctrl)] [topics: /rosout, /csi_cam_0/image_raw, /car/mux/ackermann_cmd_mux/input/navigation, /debug_image] publishing ctrl
1651780811.347820043 INFO /car/drive [cybertruck2.py:233(cybertruck2.publish_ctrl)] [topics: /rosout, /csi_cam_0/image_raw, /car/mux/ackermann_cmd_mux/input/navigation, /debug_image] publishing ctrl
1651780811.448123931 INFO /car/drive [cybertruck2.py:233(cybertruck2.publish_ctrl)] [topics: /rosout, /csi_cam_0/image_raw, /car/mux/ackermann_cmd_mux/input/navigation, /debug_image] publishing ctrl
1651780811.549743890 INFO /car/drive [cybertruck2.py:233(cybertruck2.publish_ctrl)] [topics: /rosout, /csi_cam_0/image_raw, /car/mux/ackermann_cmd_mux/input/navigation, /debug_image] publishing ctrl
1651780811.647481918 INFO /car/drive [cybertruck2.py:233(cybertruck2.publish_ctrl)] [topics: /rosout, /csi_cam_0/image_raw, /car/mux/ackermann_cmd_mux/input/navigation, /debug_image] publishing ctrl
1651780811.746547937 INFO /car/drive [cybertruck2.py:233(cybertruck2.publish_ctrl)] [topics: /rosout, /csi_cam_0/image_raw, /car/mux/ackermann_cmd_mux/input/navigation, /debug_image] publishing ctrl
1651780811.846571922 INFO /car/drive [cybertruck2.py:233(cybertruck2.publish_ctrl)] [topics: /rosout, /csi_cam_0/image_raw, /car/mux/ackermann_cmd_mux/input/navigation, /debug_image] publishing ctrl
1651780811.947112083 INFO /car/drive [cybertruck2.py:233(cybertruck2.publish_ctrl)] [topics: /rosout, /csi_cam_0/image_raw, /car/mux/ackermann_cmd_mux/input/navigation, /debug_image] publishing ctrl
1651780812.056188106 INFO /car/drive [cybertruck2.py:233(cybertruck2.publish_ctrl)] [topics: /rosout, /csi_cam_0/image_raw, /car/mux/ackermann_cmd_mux/input/navigation, /debug_image] publishing ctrl
1651780812.147933959 INFO /car/drive [cybertruck2.py:233(cybertruck2.publish_ctrl)] [topics: /rosout, /csi_cam_0/image_raw, /car/mux/ackermann_cmd_mux/input/navigation, /debug_image] publishing ctrl
1651780812.248215913 INFO /car/drive [cybertruck2.py:233(cybertruck2.publish_ctrl)] [topics: /rosout, /csi_cam_0/image_raw, /car/mux/ackermann_cmd_mux/input/navigation, /debug_image] publishing ctrl
1651780812.349359989 INFO /car/drive [cybertruck2.py:233(cybertruck2.publish_ctrl)] [topics: /rosout, /csi_cam_0/image_raw, /car/mux/ackermann_cmd_mux/input/navigation, /debug_image] publishing ctrl
1651780812.448462963 INFO /car/drive [cybertruck2.py:233(cybertruck2.publish_ctrl)] [topics: /rosout, /csi_cam_0/image_raw, /car/mux/ackermann_cmd_mux/input/navigation, /debug_image] publishing ctrl
1651780812.545639038 INFO /car/drive [cybertruck2.py:233(cybertruck2.publish_ctrl)] [topics: /rosout, /csi_cam_0/image_raw, /car/mux/ackermann_cmd_mux/input/navigation, /debug_image] publishing ctrl
1651780812.646703004 INFO /car/drive [cybertruck2.py:233(cybertruck2.publish_ctrl)] [topics: /rosout, /csi_cam_0/image_raw, /car/mux/ackermann_cmd_mux/input/navigation, /debug_image] publishing ctrl
1651780812.748894929 INFO /car/drive [cybertruck2.py:233(cybertruck2.publish_ctrl)] [topics: /rosout, /csi_cam_0/image_raw, /car/mux/ackermann_cmd_mux/input/navigation, /debug_image] publishing ctrl
1651780812.849113941 INFO /car/drive [cybertruck2.py:233(cybertruck2.publish_ctrl)] [topics: /rosout, /csi_cam_0/image_raw, /car/mux/ackermann_cmd_mux/input/navigation, /debug_image] publishing ctrl
1651780812.947796106 INFO /car/drive [cybertruck2.py:233(cybertruck2.publish_ctrl)] [topics: /rosout, /csi_cam_0/image_raw, /car/mux/ackermann_cmd_mux/input/navigation, /debug_image] publishing ctrl
1651780813.047782897 INFO /car/drive [cybertruck2.py:233(cybertruck2.publish_ctrl)] [topics: /rosout, /csi_cam_0/image_raw, /car/mux/ackermann_cmd_mux/input/navigation, /debug_image] publishing ctrl
1651780813.151279926 INFO /car/drive [cybertruck2.py:233(cybertruck2.publish_ctrl)] [topics: /rosout, /csi_cam_0/image_raw, /car/mux/ackermann_cmd_mux/input/navigation, /debug_image] publishing ctrl
1651780813.247174024 INFO /car/drive [cybertruck2.py:233(cybertruck2.publish_ctrl)] [topics: /rosout, /csi_cam_0/image_raw, /car/mux/ackermann_cmd_mux/input/navigation, /debug_image] publishing ctrl
1651780813.346200942 INFO /car/drive [cybertruck2.py:233(cybertruck2.publish_ctrl)] [topics: /rosout, /csi_cam_0/image_raw, /car/mux/ackermann_cmd_mux/input/navigation, /debug_image] publishing ctrl
1651780813.447473049 INFO /car/drive [cybertruck2.py:233(cybertruck2.publish_ctrl)] [topics: /rosout, /csi_cam_0/image_raw, /car/mux/ackermann_cmd_mux/input/navigation, /debug_image] publishing ctrl
1651780813.549400091 INFO /car/drive [cybertruck2.py:233(cybertruck2.publish_ctrl)] [topics: /rosout, /csi_cam_0/image_raw, /car/mux/ackermann_cmd_mux/input/navigation, /debug_image] publishing ctrl
1651780813.646580934 INFO /car/drive [cybertruck2.py:233(cybertruck2.publish_ctrl)] [topics: /rosout, /csi_cam_0/image_raw, /car/mux/ackermann_cmd_mux/input/navigation, /debug_image] publishing ctrl
1651780813.747363090 INFO /car/drive [cybertruck2.py:233(cybertruck2.publish_ctrl)] [topics: /rosout, /csi_cam_0/image_raw, /car/mux/ackermann_cmd_mux/input/navigation, /debug_image] publishing ctrl
1651780813.850085020 INFO /car/drive [cybertruck2.py:233(cybertruck2.publish_ctrl)] [topics: /rosout, /csi_cam_0/image_raw, /car/mux/ackermann_cmd_mux/input/navigation, /debug_image] publishing ctrl
1651780813.949987888 INFO /car/drive [cybertruck2.py:233(cybertruck2.publish_ctrl)] [topics: /rosout, /csi_cam_0/image_raw, /car/mux/ackermann_cmd_mux/input/navigation, /debug_image] publishing ctrl
1651780814.047008037 INFO /car/drive [cybertruck2.py:233(cybertruck2.publish_ctrl)] [topics: /rosout, /csi_cam_0/image_raw, /car/mux/ackermann_cmd_mux/input/navigation, /debug_image] publishing ctrl
1651780814.145623922 INFO /car/drive [cybertruck2.py:233(cybertruck2.publish_ctrl)] [topics: /rosout, /csi_cam_0/image_raw, /car/mux/ackermann_cmd_mux/input/navigation, /debug_image] publishing ctrl
1651780814.246352910 INFO /car/drive [cybertruck2.py:233(cybertruck2.publish_ctrl)] [topics: /rosout, /csi_cam_0/image_raw, /car/mux/ackermann_cmd_mux/input/navigation, /debug_image] publishing ctrl
1651780814.347402095 INFO /car/drive [cybertruck2.py:233(cybertruck2.publish_ctrl)] [topics: /rosout, /csi_cam_0/image_raw, /car/mux/ackermann_cmd_mux/input/navigation, /debug_image] publishing ctrl
1651780814.448208093 INFO /car/drive [cybertruck2.py:233(cybertruck2.publish_ctrl)] [topics: /rosout, /csi_cam_0/image_raw, /car/mux/ackermann_cmd_mux/input/navigation, /debug_image] publishing ctrl
1651780814.548317909 INFO /car/drive [cybertruck2.py:233(cybertruck2.publish_ctrl)] [topics: /rosout, /csi_cam_0/image_raw, /car/mux/ackermann_cmd_mux/input/navigation, /debug_image] publishing ctrl
1651780814.649898052 INFO /car/drive [cybertruck2.py:233(cybertruck2.publish_ctrl)] [topics: /rosout, /csi_cam_0/image_raw, /car/mux/ackermann_cmd_mux/input/navigation, /debug_image] publishing ctrl
1651780814.746462106 INFO /car/drive [cybertruck2.py:233(cybertruck2.publish_ctrl)] [topics: /rosout, /csi_cam_0/image_raw, /car/mux/ackermann_cmd_mux/input/navigation, /debug_image] publishing ctrl
1651780814.846820116 INFO /car/drive [cybertruck2.py:233(cybertruck2.publish_ctrl)] [topics: /rosout, /csi_cam_0/image_raw, /car/mux/ackermann_cmd_mux/input/navigation, /debug_image] publishing ctrl
1651780814.945858955 INFO /car/drive [cybertruck2.py:233(cybertruck2.publish_ctrl)] [topics: /rosout, /csi_cam_0/image_raw, /car/mux/ackermann_cmd_mux/input/navigation, /debug_image] publishing ctrl
1651780815.046107053 INFO /car/drive [cybertruck2.py:233(cybertruck2.publish_ctrl)] [topics: /rosout, /csi_cam_0/image_raw, /car/mux/ackermann_cmd_mux/input/navigation, /debug_image] publishing ctrl
1651780815.147736072 INFO /car/drive [cybertruck2.py:233(cybertruck2.publish_ctrl)] [topics: /rosout, /csi_cam_0/image_raw, /car/mux/ackermann_cmd_mux/input/navigation, /debug_image] publishing ctrl
1651780815.248306035 INFO /car/drive [cybertruck2.py:233(cybertruck2.publish_ctrl)] [topics: /rosout, /csi_cam_0/image_raw, /car/mux/ackermann_cmd_mux/input/navigation, /debug_image] publishing ctrl
1651780815.347671031 INFO /car/drive [cybertruck2.py:233(cybertruck2.publish_ctrl)] [topics: /rosout, /csi_cam_0/image_raw, /car/mux/ackermann_cmd_mux/input/navigation, /debug_image] publishing ctrl
1651780815.448817968 INFO /car/drive [cybertruck2.py:233(cybertruck2.publish_ctrl)] [topics: /rosout, /csi_cam_0/image_raw, /car/mux/ackermann_cmd_mux/input/navigation, /debug_image] publishing ctrl
1651780815.549935102 INFO /car/drive [cybertruck2.py:233(cybertruck2.publish_ctrl)] [topics: /rosout, /csi_cam_0/image_raw, /car/mux/ackermann_cmd_mux/input/navigation, /debug_image] publishing ctrl
1651780815.647263050 INFO /car/drive [cybertruck2.py:233(cybertruck2.publish_ctrl)] [topics: /rosout, /csi_cam_0/image_raw, /car/mux/ackermann_cmd_mux/input/navigation, /debug_image] publishing ctrl
1651780815.748095989 INFO /car/drive [cybertruck2.py:233(cybertruck2.publish_ctrl)] [topics: /rosout, /csi_cam_0/image_raw, /car/mux/ackermann_cmd_mux/input/navigation, /debug_image] publishing ctrl
1651780815.846668004 INFO /car/drive [cybertruck2.py:233(cybertruck2.publish_ctrl)] [topics: /rosout, /csi_cam_0/image_raw, /car/mux/ackermann_cmd_mux/input/navigation, /debug_image] publishing ctrl
1651780815.947879076 INFO /car/drive [cybertruck2.py:233(cybertruck2.publish_ctrl)] [topics: /rosout, /csi_cam_0/image_raw, /car/mux/ackermann_cmd_mux/input/navigation, /debug_image] publishing ctrl
1651780816.047152042 INFO /car/drive [cybertruck2.py:233(cybertruck2.publish_ctrl)] [topics: /rosout, /csi_cam_0/image_raw, /car/mux/ackermann_cmd_mux/input/navigation, /debug_image] publishing ctrl
1651780816.146641016 INFO /car/drive [cybertruck2.py:233(cybertruck2.publish_ctrl)] [topics: /rosout, /csi_cam_0/image_raw, /car/mux/ackermann_cmd_mux/input/navigation, /debug_image] publishing ctrl
1651780816.248100996 INFO /car/drive [cybertruck2.py:233(cybertruck2.publish_ctrl)] [topics: /rosout, /csi_cam_0/image_raw, /car/mux/ackermann_cmd_mux/input/navigation, /debug_image] publishing ctrl
1651780816.348450899 INFO /car/drive [cybertruck2.py:233(cybertruck2.publish_ctrl)] [topics: /rosout, /csi_cam_0/image_raw, /car/mux/ackermann_cmd_mux/input/navigation, /debug_image] publishing ctrl
1651780816.447355985 INFO /car/drive [cybertruck2.py:233(cybertruck2.publish_ctrl)] [topics: /rosout, /csi_cam_0/image_raw, /car/mux/ackermann_cmd_mux/input/navigation, /debug_image] publishing ctrl
1651780816.546787023 INFO /car/drive [cybertruck2.py:233(cybertruck2.publish_ctrl)] [topics: /rosout, /csi_cam_0/image_raw, /car/mux/ackermann_cmd_mux/input/navigation, /debug_image] publishing ctrl
1651780816.647047042 INFO /car/drive [cybertruck2.py:233(cybertruck2.publish_ctrl)] [topics: /rosout, /csi_cam_0/image_raw, /car/mux/ackermann_cmd_mux/input/navigation, /debug_image] publishing ctrl
1651780816.746149063 INFO /car/drive [cybertruck2.py:233(cybertruck2.publish_ctrl)] [topics: /rosout, /csi_cam_0/image_raw, /car/mux/ackermann_cmd_mux/input/navigation, /debug_image] publishing ctrl
1651780816.847265958 INFO /car/drive [cybertruck2.py:233(cybertruck2.publish_ctrl)] [topics: /rosout, /csi_cam_0/image_raw, /car/mux/ackermann_cmd_mux/input/navigation, /debug_image] publishing ctrl
1651780816.946598052 INFO /car/drive [cybertruck2.py:233(cybertruck2.publish_ctrl)] [topics: /rosout, /csi_cam_0/image_raw, /car/mux/ackermann_cmd_mux/input/navigation, /debug_image] publishing ctrl
1651780817.050344944 INFO /car/drive [cybertruck2.py:233(cybertruck2.publish_ctrl)] [topics: /rosout, /csi_cam_0/image_raw, /car/mux/ackermann_cmd_mux/input/navigation, /debug_image] publishing ctrl
1651780817.147455930 INFO /car/drive [cybertruck2.py:233(cybertruck2.publish_ctrl)] [topics: /rosout, /csi_cam_0/image_raw, /car/mux/ackermann_cmd_mux/input/navigation, /debug_image] publishing ctrl
1651780817.246611118 INFO /car/drive [cybertruck2.py:233(cybertruck2.publish_ctrl)] [topics: /rosout, /csi_cam_0/image_raw, /car/mux/ackermann_cmd_mux/input/navigation, /debug_image] publishing ctrl
1651780817.346502065 INFO /car/drive [cybertruck2.py:233(cybertruck2.publish_ctrl)] [topics: /rosout, /csi_cam_0/image_raw, /car/mux/ackermann_cmd_mux/input/navigation, /debug_image] publishing ctrl
1651780817.446086883 INFO /car/drive [cybertruck2.py:233(cybertruck2.publish_ctrl)] [topics: /rosout, /csi_cam_0/image_raw, /car/mux/ackermann_cmd_mux/input/navigation, /debug_image] publishing ctrl
1651780817.546593904 INFO /car/drive [cybertruck2.py:233(cybertruck2.publish_ctrl)] [topics: /rosout, /csi_cam_0/image_raw, /car/mux/ackermann_cmd_mux/input/navigation, /debug_image] publishing ctrl
1651780817.646570920 INFO /car/drive [cybertruck2.py:233(cybertruck2.publish_ctrl)] [topics: /rosout, /csi_cam_0/image_raw, /car/mux/ackermann_cmd_mux/input/navigation, /debug_image] publishing ctrl
1651780817.748740911 INFO /car/drive [cybertruck2.py:233(cybertruck2.publish_ctrl)] [topics: /rosout, /csi_cam_0/image_raw, /car/mux/ackermann_cmd_mux/input/navigation, /debug_image] publishing ctrl
1651780817.848402976 INFO /car/drive [cybertruck2.py:233(cybertruck2.publish_ctrl)] [topics: /rosout, /csi_cam_0/image_raw, /car/mux/ackermann_cmd_mux/input/navigation, /debug_image] publishing ctrl
1651780817.946995019 INFO /car/drive [cybertruck2.py:233(cybertruck2.publish_ctrl)] [topics: /rosout, /csi_cam_0/image_raw, /car/mux/ackermann_cmd_mux/input/navigation, /debug_image] publishing ctrl
1651780818.047363042 INFO /car/drive [cybertruck2.py:233(cybertruck2.publish_ctrl)] [topics: /rosout, /csi_cam_0/image_raw, /car/mux/ackermann_cmd_mux/input/navigation, /debug_image] publishing ctrl
1651780818.146786928 INFO /car/drive [cybertruck2.py:233(cybertruck2.publish_ctrl)] [topics: /rosout, /csi_cam_0/image_raw, /car/mux/ackermann_cmd_mux/input/navigation, /debug_image] publishing ctrl
1651780818.246237039 INFO /car/drive [cybertruck2.py:233(cybertruck2.publish_ctrl)] [topics: /rosout, /csi_cam_0/image_raw, /car/mux/ackermann_cmd_mux/input/navigation, /debug_image] publishing ctrl
1651780818.346538066 INFO /car/drive [cybertruck2.py:233(cybertruck2.publish_ctrl)] [topics: /rosout, /csi_cam_0/image_raw, /car/mux/ackermann_cmd_mux/input/navigation, /debug_image] publishing ctrl
1651780818.446715116 INFO /car/drive [cybertruck2.py:233(cybertruck2.publish_ctrl)] [topics: /rosout, /csi_cam_0/image_raw, /car/mux/ackermann_cmd_mux/input/navigation, /debug_image] publishing ctrl
1651780818.549159049 INFO /car/drive [cybertruck2.py:233(cybertruck2.publish_ctrl)] [topics: /rosout, /csi_cam_0/image_raw, /car/mux/ackermann_cmd_mux/input/navigation, /debug_image] publishing ctrl
1651780818.647301912 INFO /car/drive [cybertruck2.py:233(cybertruck2.publish_ctrl)] [topics: /rosout, /csi_cam_0/image_raw, /car/mux/ackermann_cmd_mux/input/navigation, /debug_image] publishing ctrl
1651780818.748723030 INFO /car/drive [cybertruck2.py:233(cybertruck2.publish_ctrl)] [topics: /rosout, /csi_cam_0/image_raw, /car/mux/ackermann_cmd_mux/input/navigation, /debug_image] publishing ctrl
1651780818.882622957 INFO /car/drive [cybertruck2.py:233(cybertruck2.publish_ctrl)] [topics: /rosout, /csi_cam_0/image_raw, /car/mux/ackermann_cmd_mux/input/navigation, /debug_image] publishing ctrl
1651780818.946901082 INFO /car/drive [cybertruck2.py:233(cybertruck2.publish_ctrl)] [topics: /rosout, /csi_cam_0/image_raw, /car/mux/ackermann_cmd_mux/input/navigation, /debug_image] publishing ctrl
1651780819.046093940 INFO /car/drive [cybertruck2.py:233(cybertruck2.publish_ctrl)] [topics: /rosout, /csi_cam_0/image_raw, /car/mux/ackermann_cmd_mux/input/navigation, /debug_image] publishing ctrl
1651780819.145982027 INFO /car/drive [cybertruck2.py:233(cybertruck2.publish_ctrl)] [topics: /rosout, /csi_cam_0/image_raw, /car/mux/ackermann_cmd_mux/input/navigation, /debug_image] publishing ctrl
1651780819.247925043 INFO /car/drive [cybertruck2.py:233(cybertruck2.publish_ctrl)] [topics: /rosout, /csi_cam_0/image_raw, /car/mux/ackermann_cmd_mux/input/navigation, /debug_image] publishing ctrl
1651780819.350934982 INFO /car/drive [cybertruck2.py:233(cybertruck2.publish_ctrl)] [topics: /rosout, /csi_cam_0/image_raw, /car/mux/ackermann_cmd_mux/input/navigation, /debug_image] publishing ctrl
1651780819.448879003 INFO /car/drive [cybertruck2.py:233(cybertruck2.publish_ctrl)] [topics: /rosout, /csi_cam_0/image_raw, /car/mux/ackermann_cmd_mux/input/navigation, /debug_image] publishing ctrl
1651780819.334650773 INFO /car/camera/realsense2_camera_manager [/tmp/binarydeb/ros-melodic-nodelet-1.9.16/src/loader.cpp:233(Loader::Impl::advertiseRosApi)] [topics: /rosout] Initializing nodelet with 4 worker threads.
1651780819.358143846 INFO /car/camera/realsense2_camera [/tmp/binarydeb/ros-melodic-roscpp-1.14.12/src/libros/service.cpp:123(service::waitForService)] [topics: /rosout] waitForService: Service [/car/camera/realsense2_camera_manager/load_nodelet] is now available.
1651780819.548166036 INFO /car/drive [cybertruck2.py:233(cybertruck2.publish_ctrl)] [topics: /rosout, /csi_cam_0/image_raw, /car/mux/ackermann_cmd_mux/input/navigation, /debug_image] publishing ctrl
1651780819.649833917 INFO /car/drive [cybertruck2.py:233(cybertruck2.publish_ctrl)] [topics: /rosout, /csi_cam_0/image_raw, /car/mux/ackermann_cmd_mux/input/navigation, /debug_image] publishing ctrl
1651780819.703304210 INFO /car/camera/realsense2_camera_manager [/home/robot/catkin_ws/src/mushr/mushr_hardware/realsense/realsense2_camera/src/realsense_node_factory.cpp:37(RealSenseNodeFactory::RealSenseNodeFactory)] [topics: /rosout] RealSense ROS v2.3.2
1651780819.703459575 INFO /car/camera/realsense2_camera_manager [/home/robot/catkin_ws/src/mushr/mushr_hardware/realsense/realsense2_camera/src/realsense_node_factory.cpp:38(RealSenseNodeFactory::RealSenseNodeFactory)] [topics: /rosout] Built with LibRealSense v2.50.0
1651780819.703571606 INFO /car/camera/realsense2_camera_manager [/home/robot/catkin_ws/src/mushr/mushr_hardware/realsense/realsense2_camera/src/realsense_node_factory.cpp:39(RealSenseNodeFactory::RealSenseNodeFactory)] [topics: /rosout] Running with LibRealSense v2.50.0
1651780819.749445915 INFO /car/drive [cybertruck2.py:233(cybertruck2.publish_ctrl)] [topics: /rosout, /csi_cam_0/image_raw, /car/mux/ackermann_cmd_mux/input/navigation, /debug_image] publishing ctrl
1651780819.812614731 WARN /car/camera/realsense2_camera_manager [/home/robot/catkin_ws/src/mushr/mushr_hardware/realsense/realsense2_camera/src/realsense_node_factory.cpp:93(RealSenseNodeFactory::getDevice)] [topics: /rosout, /car/camera/realsense2_camera_manager/bond] No RealSense devices were found!
1651780819.845839023 INFO /car/drive [cybertruck2.py:233(cybertruck2.publish_ctrl)] [topics: /rosout, /csi_cam_0/image_raw, /car/mux/ackermann_cmd_mux/input/navigation, /debug_image] publishing ctrl
1651780819.945559978 INFO /car/drive [cybertruck2.py:233(cybertruck2.publish_ctrl)] [topics: /rosout, /csi_cam_0/image_raw, /car/mux/ackermann_cmd_mux/input/navigation, /debug_image] publishing ctrl
1651780820.045876979 INFO /car/drive [cybertruck2.py:233(cybertruck2.publish_ctrl)] [topics: /rosout, /csi_cam_0/image_raw, /car/mux/ackermann_cmd_mux/input/navigation, /debug_image] publishing ctrl
1651780820.147510051 INFO /car/drive [cybertruck2.py:233(cybertruck2.publish_ctrl)] [topics: /rosout, /csi_cam_0/image_raw, /car/mux/ackermann_cmd_mux/input/navigation, /debug_image] publishing ctrl
1651780820.247344017 INFO /car/drive [cybertruck2.py:233(cybertruck2.publish_ctrl)] [topics: /rosout, /csi_cam_0/image_raw, /car/mux/ackermann_cmd_mux/input/navigation, /debug_image] publishing ctrl
1651780820.348387002 INFO /car/drive [cybertruck2.py:233(cybertruck2.publish_ctrl)] [topics: /rosout, /csi_cam_0/image_raw, /car/mux/ackermann_cmd_mux/input/navigation, /debug_image] publishing ctrl
1651780820.446825981 INFO /car/drive [cybertruck2.py:233(cybertruck2.publish_ctrl)] [topics: /rosout, /csi_cam_0/image_raw, /car/mux/ackermann_cmd_mux/input/navigation, /debug_image] publishing ctrl
1651780820.547091007 INFO /car/drive [cybertruck2.py:233(cybertruck2.publish_ctrl)] [topics: /rosout, /csi_cam_0/image_raw, /car/mux/ackermann_cmd_mux/input/navigation, /debug_image] publishing ctrl
1651780820.646126985 INFO /car/drive [cybertruck2.py:233(cybertruck2.publish_ctrl)] [topics: /rosout, /csi_cam_0/image_raw, /car/mux/ackermann_cmd_mux/input/navigation, /debug_image] publishing ctrl
1651780820.746488094 INFO /car/drive [cybertruck2.py:233(cybertruck2.publish_ctrl)] [topics: /rosout, /csi_cam_0/image_raw, /car/mux/ackermann_cmd_mux/input/navigation, /debug_image] publishing ctrl
1651780820.846565008 INFO /car/drive [cybertruck2.py:233(cybertruck2.publish_ctrl)] [topics: /rosout, /csi_cam_0/image_raw, /car/mux/ackermann_cmd_mux/input/navigation, /debug_image] publishing ctrl
1651780820.947905063 INFO /car/drive [cybertruck2.py:233(cybertruck2.publish_ctrl)] [topics: /rosout, /csi_cam_0/image_raw, /car/mux/ackermann_cmd_mux/input/navigation, /debug_image] publishing ctrl
1651780821.049185991 INFO /car/drive [cybertruck2.py:233(cybertruck2.publish_ctrl)] [topics: /rosout, /csi_cam_0/image_raw, /car/mux/ackermann_cmd_mux/input/navigation, /debug_image] publishing ctrl
1651780821.147074937 INFO /car/drive [cybertruck2.py:233(cybertruck2.publish_ctrl)] [topics: /rosout, /csi_cam_0/image_raw, /car/mux/ackermann_cmd_mux/input/navigation, /debug_image] publishing ctrl
1651780821.246865034 INFO /car/drive [cybertruck2.py:233(cybertruck2.publish_ctrl)] [topics: /rosout, /csi_cam_0/image_raw, /car/mux/ackermann_cmd_mux/input/navigation, /debug_image] publishing ctrl
1651780821.346096038 INFO /car/drive [cybertruck2.py:233(cybertruck2.publish_ctrl)] [topics: /rosout, /csi_cam_0/image_raw, /car/mux/ackermann_cmd_mux/input/navigation, /debug_image] publishing ctrl
1651780821.446512937 INFO /car/drive [cybertruck2.py:233(cybertruck2.publish_ctrl)] [topics: /rosout, /csi_cam_0/image_raw, /car/mux/ackermann_cmd_mux/input/navigation, /debug_image] publishing ctrl
1651780821.546447992 INFO /car/drive [cybertruck2.py:233(cybertruck2.publish_ctrl)] [topics: /rosout, /csi_cam_0/image_raw, /car/mux/ackermann_cmd_mux/input/navigation, /debug_image] publishing ctrl
1651780821.646245956 INFO /car/drive [cybertruck2.py:233(cybertruck2.publish_ctrl)] [topics: /rosout, /csi_cam_0/image_raw, /car/mux/ackermann_cmd_mux/input/navigation, /debug_image] publishing ctrl
1651780821.746808052 INFO /car/drive [cybertruck2.py:233(cybertruck2.publish_ctrl)] [topics: /rosout, /csi_cam_0/image_raw, /car/mux/ackermann_cmd_mux/input/navigation, /debug_image] publishing ctrl
1651780821.847820997 INFO /car/drive [cybertruck2.py:233(cybertruck2.publish_ctrl)] [topics: /rosout, /csi_cam_0/image_raw, /car/mux/ackermann_cmd_mux/input/navigation, /debug_image] publishing ctrl
1651780821.946927070 INFO /car/drive [cybertruck2.py:233(cybertruck2.publish_ctrl)] [topics: /rosout, /csi_cam_0/image_raw, /car/mux/ackermann_cmd_mux/input/navigation, /debug_image] publishing ctrl
1651780822.047019958 INFO /car/drive [cybertruck2.py:233(cybertruck2.publish_ctrl)] [topics: /rosout, /csi_cam_0/image_raw, /car/mux/ackermann_cmd_mux/input/navigation, /debug_image] publishing ctrl
1651780822.146378040 INFO /car/drive [cybertruck2.py:233(cybertruck2.publish_ctrl)] [topics: /rosout, /csi_cam_0/image_raw, /car/mux/ackermann_cmd_mux/input/navigation, /debug_image] publishing ctrl
1651780822.245609998 INFO /car/drive [cybertruck2.py:233(cybertruck2.publish_ctrl)] [topics: /rosout, /csi_cam_0/image_raw, /car/mux/ackermann_cmd_mux/input/navigation, /debug_image] publishing ctrl
1651780822.346935987 INFO /car/drive [cybertruck2.py:233(cybertruck2.publish_ctrl)] [topics: /rosout, /csi_cam_0/image_raw, /car/mux/ackermann_cmd_mux/input/navigation, /debug_image] publishing ctrl
1651780822.446485996 INFO /car/drive [cybertruck2.py:233(cybertruck2.publish_ctrl)] [topics: /rosout, /csi_cam_0/image_raw, /car/mux/ackermann_cmd_mux/input/navigation, /debug_image] publishing ctrl
1651780822.546665906 INFO /car/drive [cybertruck2.py:233(cybertruck2.publish_ctrl)] [topics: /rosout, /csi_cam_0/image_raw, /car/mux/ackermann_cmd_mux/input/navigation, /debug_image] publishing ctrl
1651780822.647665023 INFO /car/drive [cybertruck2.py:233(cybertruck2.publish_ctrl)] [topics: /rosout, /csi_cam_0/image_raw, /car/mux/ackermann_cmd_mux/input/navigation, /debug_image] publishing ctrl
1651780822.746690034 INFO /car/drive [cybertruck2.py:233(cybertruck2.publish_ctrl)] [topics: /rosout, /csi_cam_0/image_raw, /car/mux/ackermann_cmd_mux/input/navigation, /debug_image] publishing ctrl
1651780822.846703052 INFO /car/drive [cybertruck2.py:233(cybertruck2.publish_ctrl)] [topics: /rosout, /csi_cam_0/image_raw, /car/mux/ackermann_cmd_mux/input/navigation, /debug_image] publishing ctrl
1651780822.950232028 INFO /car/drive [cybertruck2.py:233(cybertruck2.publish_ctrl)] [topics: /rosout, /csi_cam_0/image_raw, /car/mux/ackermann_cmd_mux/input/navigation, /debug_image] publishing ctrl
1651780823.014815563 INFO /car/mux/ackermann_cmd_mux [/tmp/binarydeb/ros-melodic-nodelet-1.9.16/src/nodelet.cpp:159(unloadNodelet)] [topics: /rosout, /car/mux/nodelet_manager/bond] Unloading nodelet /car/mux/ackermann_cmd_mux from manager nodelet_manager
1651780823.111081605 INFO /car/camera/realsense2_camera [/tmp/binarydeb/ros-melodic-nodelet-1.9.16/src/nodelet.cpp:159(unloadNodelet)] [topics: /rosout, /car/camera/realsense2_camera_manager/bond] Unloading nodelet /car/camera/realsense2_camera from manager realsense2_camera_manager
1651780828.648850040 INFO /csi_cam_0 [/home/robot/catkin_ws/src/gscam/src/gscam.cpp:95(GSCam::configure)] [topics: /rosout] Loaded camera calibration from 
1651780828.809199832 INFO /csi_cam_0 [/home/robot/catkin_ws/src/gscam/src/gscam.cpp:210(GSCam::init_stream)] [topics: /rosout] Time offset: 1651779262.873
1651780828.822548061 INFO /csi_cam_0 [/home/robot/catkin_ws/src/gscam/src/gscam.cpp:234(GSCam::publish_stream)] [topics: /rosout, /csi_cam_0/image_raw, /csi_cam_0/camera_info] Publishing stream...
1651780828.823027853 INFO /csi_cam_0 [/home/robot/catkin_ws/src/gscam/src/gscam.cpp:263(GSCam::publish_stream)] [topics: /rosout, /csi_cam_0/image_raw, /csi_cam_0/camera_info] Started stream.
