[rospy.client][INFO] 2022-05-05 15:41:52,283: init_node, name[/car/vesc/throttle_interpolator], pid[11316]
[xmlrpc][INFO] 2022-05-05 15:41:52,284: XML-RPC server binding to 0.0.0.0:0
[xmlrpc][INFO] 2022-05-05 15:41:52,287: Started XML-RPC server [http://robot-desktop:33125/]
[rospy.impl.masterslave][INFO] 2022-05-05 15:41:52,288: _ready: http://robot-desktop:33125/
[rospy.init][INFO] 2022-05-05 15:41:52,289: ROS Slave URI: [http://robot-desktop:33125/]
[xmlrpc][INFO] 2022-05-05 15:41:52,290: xml rpc node: starting XML-RPC server
[rospy.registration][INFO] 2022-05-05 15:41:52,292: Registering with master node http://robot-desktop:11311
[rospy.init][INFO] 2022-05-05 15:41:52,390: registered with master
[rospy.rosout][INFO] 2022-05-05 15:41:52,390: initializing /rosout core topic
[rospy.rosout][INFO] 2022-05-05 15:41:52,398: connected to core topic /rosout
[rospy.simtime][INFO] 2022-05-05 15:41:52,402: /use_sim_time is not set, will not subscribe to simulated time [/clock] topic
[rospy.internal][INFO] 2022-05-05 15:41:52,564: topic[/car/vesc/commands/motor/unsmoothed_speed] adding connection to [http://robot-desktop:44739/], count 0
[rospy.internal][INFO] 2022-05-05 15:41:52,576: topic[/car/vesc/commands/servo/unsmoothed_position] adding connection to [http://robot-desktop:44739/], count 0
[rospy.internal][INFO] 2022-05-05 15:41:52,676: topic[/rosout] adding connection to [/rosout], count 0
[rospy.internal][INFO] 2022-05-05 15:41:52,785: topic[/car/vesc/commands/motor/speed] adding connection to [/car/vesc/vesc_driver], count 0
[rospy.internal][INFO] 2022-05-05 15:41:52,787: topic[/car/vesc/commands/servo/position] adding connection to [/car/vesc/vesc_driver], count 0
[rospy.core][INFO] 2022-05-05 15:43:00,500: signal_shutdown [signal-2]
[rospy.internal][INFO] 2022-05-05 15:43:00,520: topic[/car/vesc/commands/motor/speed] removing connection to /car/vesc/vesc_driver
[rospy.internal][INFO] 2022-05-05 15:43:00,522: topic[/rosout] removing connection to /rosout
[rospy.internal][INFO] 2022-05-05 15:43:00,523: topic[/car/vesc/commands/servo/position] removing connection to /car/vesc/vesc_driver
[rospy.internal][INFO] 2022-05-05 15:43:00,525: topic[/car/vesc/commands/motor/unsmoothed_speed] removing connection to http://robot-desktop:44739/
[rospy.internal][WARNING] 2022-05-05 15:43:00,532: Unknown error initiating TCP/IP socket to robot-desktop:37377 (http://robot-desktop:44739/): Traceback (most recent call last):
  File "/opt/ros/melodic/lib/python2.7/dist-packages/rospy/impl/tcpros_base.py", line 562, in connect
    self.read_header()
  File "/opt/ros/melodic/lib/python2.7/dist-packages/rospy/impl/tcpros_base.py", line 657, in read_header
    self._validate_header(read_ros_handshake_header(sock, self.read_buff, self.protocol.buff_size))
AttributeError: 'NoneType' object has no attribute 'buff_size'

[rospy.internal][INFO] 2022-05-05 15:43:00,526: topic[/car/vesc/commands/servo/unsmoothed_position] removing connection to http://robot-desktop:44739/
[rospy.topics][ERROR] 2022-05-05 15:43:00,540: Traceback (most recent call last):
  File "/opt/ros/melodic/lib/python2.7/dist-packages/rospy/topics.py", line 326, in close
    c.close()
  File "/opt/ros/melodic/lib/python2.7/dist-packages/rospy/impl/tcpros_base.py", line 846, in close
    self.socket.close()
AttributeError: 'NoneType' object has no attribute 'close'

[rospy.impl.masterslave][INFO] 2022-05-05 15:43:00,541: signal-2
[rospy.core][INFO] 2022-05-05 15:43:00,659: signal_shutdown [atexit]
[rospy.client][INFO] 2022-05-05 15:44:22,839: init_node, name[/car/vesc/throttle_interpolator], pid[15182]
[xmlrpc][INFO] 2022-05-05 15:44:22,840: XML-RPC server binding to 0.0.0.0:0
[xmlrpc][INFO] 2022-05-05 15:44:22,841: Started XML-RPC server [http://robot-desktop:40801/]
[rospy.init][INFO] 2022-05-05 15:44:22,842: ROS Slave URI: [http://robot-desktop:40801/]
[rospy.impl.masterslave][INFO] 2022-05-05 15:44:22,842: _ready: http://robot-desktop:40801/
[rospy.registration][INFO] 2022-05-05 15:44:22,844: Registering with master node http://robot-desktop:11311
[xmlrpc][INFO] 2022-05-05 15:44:22,846: xml rpc node: starting XML-RPC server
[rospy.init][INFO] 2022-05-05 15:44:22,943: registered with master
[rospy.rosout][INFO] 2022-05-05 15:44:22,944: initializing /rosout core topic
[rospy.rosout][INFO] 2022-05-05 15:44:22,951: connected to core topic /rosout
[rospy.simtime][INFO] 2022-05-05 15:44:22,954: /use_sim_time is not set, will not subscribe to simulated time [/clock] topic
[rospy.internal][INFO] 2022-05-05 15:44:23,115: topic[/car/vesc/commands/servo/unsmoothed_position] adding connection to [http://robot-desktop:34201/], count 0
[rospy.internal][INFO] 2022-05-05 15:44:23,117: topic[/car/vesc/commands/motor/unsmoothed_speed] adding connection to [http://robot-desktop:34201/], count 0
[rospy.internal][INFO] 2022-05-05 15:44:23,184: topic[/rosout] adding connection to [/rosout], count 0
[rospy.internal][INFO] 2022-05-05 15:44:23,292: topic[/car/vesc/commands/motor/speed] adding connection to [/car/vesc/vesc_driver], count 0
[rospy.internal][INFO] 2022-05-05 15:44:23,294: topic[/car/vesc/commands/servo/position] adding connection to [/car/vesc/vesc_driver], count 0
[rospy.core][INFO] 2022-05-05 15:44:59,754: signal_shutdown [signal-2]
[rospy.internal][INFO] 2022-05-05 15:44:59,784: topic[/car/vesc/commands/motor/speed] removing connection to /car/vesc/vesc_driver
[rospy.internal][INFO] 2022-05-05 15:44:59,792: topic[/rosout] removing connection to /rosout
[rospy.internal][INFO] 2022-05-05 15:44:59,793: topic[/car/vesc/commands/servo/position] removing connection to /car/vesc/vesc_driver
[rospy.internal][INFO] 2022-05-05 15:44:59,799: topic[/car/vesc/commands/motor/unsmoothed_speed] removing connection to http://robot-desktop:34201/
[rospy.internal][WARNING] 2022-05-05 15:44:59,800: Unknown error initiating TCP/IP socket to robot-desktop:60523 (http://robot-desktop:34201/): Traceback (most recent call last):
  File "/opt/ros/melodic/lib/python2.7/dist-packages/rospy/impl/tcpros_base.py", line 563, in connect
    self.local_endpoint = self.socket.getsockname()
AttributeError: 'NoneType' object has no attribute 'getsockname'

[rospy.internal][INFO] 2022-05-05 15:44:59,801: topic[/car/vesc/commands/servo/unsmoothed_position] removing connection to http://robot-desktop:34201/
[rospy.impl.masterslave][INFO] 2022-05-05 15:44:59,801: signal-2
[rospy.internal][WARNING] 2022-05-05 15:45:00,134: Unknown error initiating TCP/IP socket to robot-desktop:60523 (http://robot-desktop:34201/): Traceback (most recent call last):
  File "/opt/ros/melodic/lib/python2.7/dist-packages/rospy/impl/tcpros_base.py", line 562, in connect
    self.read_header()
  File "/opt/ros/melodic/lib/python2.7/dist-packages/rospy/impl/tcpros_base.py", line 657, in read_header
    self._validate_header(read_ros_handshake_header(sock, self.read_buff, self.protocol.buff_size))
  File "/opt/ros/melodic/lib/python2.7/dist-packages/rosgraph/network.py", line 357, in read_ros_handshake_header
    d = sock.recv(buff_size)
error: [Errno 104] Connection reset by peer

[rospy.core][INFO] 2022-05-05 15:45:00,374: signal_shutdown [atexit]
[rospy.client][INFO] 2022-05-05 15:46:27,531: init_node, name[/car/vesc/throttle_interpolator], pid[17545]
[xmlrpc][INFO] 2022-05-05 15:46:27,532: XML-RPC server binding to 0.0.0.0:0
[xmlrpc][INFO] 2022-05-05 15:46:27,533: Started XML-RPC server [http://robot-desktop:36973/]
[rospy.init][INFO] 2022-05-05 15:46:27,534: ROS Slave URI: [http://robot-desktop:36973/]
[rospy.impl.masterslave][INFO] 2022-05-05 15:46:27,534: _ready: http://robot-desktop:36973/
[rospy.registration][INFO] 2022-05-05 15:46:27,536: Registering with master node http://robot-desktop:11311
[xmlrpc][INFO] 2022-05-05 15:46:27,537: xml rpc node: starting XML-RPC server
[rospy.init][INFO] 2022-05-05 15:46:27,635: registered with master
[rospy.rosout][INFO] 2022-05-05 15:46:27,636: initializing /rosout core topic
[rospy.rosout][INFO] 2022-05-05 15:46:27,642: connected to core topic /rosout
[rospy.simtime][INFO] 2022-05-05 15:46:27,646: /use_sim_time is not set, will not subscribe to simulated time [/clock] topic
[rospy.internal][INFO] 2022-05-05 15:46:27,814: topic[/car/vesc/commands/servo/unsmoothed_position] adding connection to [http://robot-desktop:38017/], count 0
[rospy.internal][INFO] 2022-05-05 15:46:27,825: topic[/car/vesc/commands/motor/unsmoothed_speed] adding connection to [http://robot-desktop:38017/], count 0
[rospy.internal][INFO] 2022-05-05 15:46:27,904: topic[/rosout] adding connection to [/rosout], count 0
[rospy.internal][INFO] 2022-05-05 15:46:28,017: topic[/car/vesc/commands/motor/speed] adding connection to [/car/vesc/vesc_driver], count 0
[rospy.internal][INFO] 2022-05-05 15:46:28,018: topic[/car/vesc/commands/servo/position] adding connection to [/car/vesc/vesc_driver], count 0
[rospy.core][INFO] 2022-05-05 15:46:46,028: signal_shutdown [signal-2]
[rospy.internal][INFO] 2022-05-05 15:46:46,054: topic[/car/vesc/commands/motor/speed] removing connection to /car/vesc/vesc_driver
[rospy.internal][INFO] 2022-05-05 15:46:46,057: topic[/rosout] removing connection to /rosout
[rospy.internal][INFO] 2022-05-05 15:46:46,058: topic[/car/vesc/commands/servo/position] removing connection to /car/vesc/vesc_driver
[rospy.internal][INFO] 2022-05-05 15:46:46,059: topic[/car/vesc/commands/motor/unsmoothed_speed] removing connection to http://robot-desktop:38017/
[rospy.internal][INFO] 2022-05-05 15:46:46,060: topic[/car/vesc/commands/servo/unsmoothed_position] removing connection to http://robot-desktop:38017/
[rospy.impl.masterslave][INFO] 2022-05-05 15:46:46,061: signal-2
[rospy.internal][WARNING] 2022-05-05 15:46:46,367: Unknown error initiating TCP/IP socket to robot-desktop:49977 (http://robot-desktop:38017/): Traceback (most recent call last):
  File "/opt/ros/melodic/lib/python2.7/dist-packages/rospy/impl/tcpros_base.py", line 562, in connect
    self.read_header()
  File "/opt/ros/melodic/lib/python2.7/dist-packages/rospy/impl/tcpros_base.py", line 657, in read_header
    self._validate_header(read_ros_handshake_header(sock, self.read_buff, self.protocol.buff_size))
  File "/opt/ros/melodic/lib/python2.7/dist-packages/rosgraph/network.py", line 357, in read_ros_handshake_header
    d = sock.recv(buff_size)
error: [Errno 104] Connection reset by peer

[rospy.internal][WARNING] 2022-05-05 15:46:46,368: Unknown error initiating TCP/IP socket to robot-desktop:49977 (http://robot-desktop:38017/): Traceback (most recent call last):
  File "/opt/ros/melodic/lib/python2.7/dist-packages/rospy/impl/tcpros_base.py", line 562, in connect
    self.read_header()
  File "/opt/ros/melodic/lib/python2.7/dist-packages/rospy/impl/tcpros_base.py", line 657, in read_header
    self._validate_header(read_ros_handshake_header(sock, self.read_buff, self.protocol.buff_size))
  File "/opt/ros/melodic/lib/python2.7/dist-packages/rosgraph/network.py", line 357, in read_ros_handshake_header
    d = sock.recv(buff_size)
error: [Errno 104] Connection reset by peer

[rospy.core][INFO] 2022-05-05 15:46:46,694: signal_shutdown [atexit]
[rospy.client][INFO] 2022-05-05 15:47:09,504: init_node, name[/car/vesc/throttle_interpolator], pid[18863]
[xmlrpc][INFO] 2022-05-05 15:47:09,506: XML-RPC server binding to 0.0.0.0:0
[xmlrpc][INFO] 2022-05-05 15:47:09,507: Started XML-RPC server [http://robot-desktop:43829/]
[rospy.init][INFO] 2022-05-05 15:47:09,507: ROS Slave URI: [http://robot-desktop:43829/]
[rospy.impl.masterslave][INFO] 2022-05-05 15:47:09,508: _ready: http://robot-desktop:43829/
[rospy.registration][INFO] 2022-05-05 15:47:09,510: Registering with master node http://robot-desktop:11311
[xmlrpc][INFO] 2022-05-05 15:47:09,510: xml rpc node: starting XML-RPC server
[rospy.init][INFO] 2022-05-05 15:47:09,608: registered with master
[rospy.rosout][INFO] 2022-05-05 15:47:09,609: initializing /rosout core topic
[rospy.rosout][INFO] 2022-05-05 15:47:09,618: connected to core topic /rosout
[rospy.simtime][INFO] 2022-05-05 15:47:09,622: /use_sim_time is not set, will not subscribe to simulated time [/clock] topic
[rospy.internal][INFO] 2022-05-05 15:47:09,790: topic[/car/vesc/commands/servo/unsmoothed_position] adding connection to [http://robot-desktop:38071/], count 0
[rospy.internal][INFO] 2022-05-05 15:47:09,792: topic[/car/vesc/commands/motor/unsmoothed_speed] adding connection to [http://robot-desktop:38071/], count 0
[rospy.internal][INFO] 2022-05-05 15:47:09,853: topic[/rosout] adding connection to [/rosout], count 0
[rospy.internal][INFO] 2022-05-05 15:47:09,860: topic[/car/vesc/commands/motor/speed] adding connection to [/car/vesc/vesc_driver], count 0
[rospy.internal][INFO] 2022-05-05 15:47:09,961: topic[/car/vesc/commands/servo/position] adding connection to [/car/vesc/vesc_driver], count 0
[rospy.core][INFO] 2022-05-05 15:47:42,704: signal_shutdown [signal-2]
[rospy.internal][INFO] 2022-05-05 15:47:42,773: topic[/car/vesc/commands/motor/speed] removing connection to /car/vesc/vesc_driver
[rospy.internal][INFO] 2022-05-05 15:47:42,774: topic[/rosout] removing connection to /rosout
[rospy.internal][INFO] 2022-05-05 15:47:42,777: topic[/car/vesc/commands/servo/position] removing connection to /car/vesc/vesc_driver
[rospy.internal][INFO] 2022-05-05 15:47:42,783: topic[/car/vesc/commands/motor/unsmoothed_speed] removing connection to http://robot-desktop:38071/
[rospy.internal][INFO] 2022-05-05 15:47:42,784: topic[/car/vesc/commands/servo/unsmoothed_position] removing connection to http://robot-desktop:38071/
[rospy.impl.masterslave][INFO] 2022-05-05 15:47:42,785: signal-2
[rospy.core][INFO] 2022-05-05 15:47:43,354: signal_shutdown [atexit]
[rospy.client][INFO] 2022-05-05 15:48:14,126: init_node, name[/car/vesc/throttle_interpolator], pid[20915]
[xmlrpc][INFO] 2022-05-05 15:48:14,129: XML-RPC server binding to 0.0.0.0:0
[xmlrpc][INFO] 2022-05-05 15:48:14,130: Started XML-RPC server [http://robot-desktop:37191/]
[rospy.init][INFO] 2022-05-05 15:48:14,130: ROS Slave URI: [http://robot-desktop:37191/]
[rospy.impl.masterslave][INFO] 2022-05-05 15:48:14,131: _ready: http://robot-desktop:37191/
[rospy.registration][INFO] 2022-05-05 15:48:14,133: Registering with master node http://robot-desktop:11311
[xmlrpc][INFO] 2022-05-05 15:48:14,136: xml rpc node: starting XML-RPC server
[rospy.init][INFO] 2022-05-05 15:48:14,231: registered with master
[rospy.rosout][INFO] 2022-05-05 15:48:14,232: initializing /rosout core topic
[rospy.rosout][INFO] 2022-05-05 15:48:14,239: connected to core topic /rosout
[rospy.simtime][INFO] 2022-05-05 15:48:14,243: /use_sim_time is not set, will not subscribe to simulated time [/clock] topic
[rospy.internal][INFO] 2022-05-05 15:48:14,375: topic[/rosout] adding connection to [/rosout], count 0
[rospy.internal][INFO] 2022-05-05 15:48:14,417: topic[/car/vesc/commands/servo/unsmoothed_position] adding connection to [http://robot-desktop:35087/], count 0
[rospy.internal][INFO] 2022-05-05 15:48:14,426: topic[/car/vesc/commands/motor/unsmoothed_speed] adding connection to [http://robot-desktop:35087/], count 0
[rospy.internal][INFO] 2022-05-05 15:48:14,577: topic[/car/vesc/commands/motor/speed] adding connection to [/car/vesc/vesc_driver], count 0
[rospy.internal][INFO] 2022-05-05 15:48:14,681: topic[/car/vesc/commands/servo/position] adding connection to [/car/vesc/vesc_driver], count 0
[rospy.core][INFO] 2022-05-05 15:48:34,866: signal_shutdown [signal-2]
[rospy.internal][INFO] 2022-05-05 15:48:34,915: topic[/car/vesc/commands/motor/speed] removing connection to /car/vesc/vesc_driver
[rospy.internal][INFO] 2022-05-05 15:48:34,922: topic[/rosout] removing connection to /rosout
[rospy.internal][INFO] 2022-05-05 15:48:34,924: topic[/car/vesc/commands/servo/position] removing connection to /car/vesc/vesc_driver
[rospy.internal][INFO] 2022-05-05 15:48:34,943: topic[/car/vesc/commands/motor/unsmoothed_speed] removing connection to http://robot-desktop:35087/
[rospy.internal][INFO] 2022-05-05 15:48:34,944: topic[/car/vesc/commands/servo/unsmoothed_position] removing connection to http://robot-desktop:35087/
[rospy.impl.masterslave][INFO] 2022-05-05 15:48:34,945: signal-2
[rospy.internal][WARNING] 2022-05-05 15:48:35,163: Unknown error initiating TCP/IP socket to robot-desktop:36503 (http://robot-desktop:35087/): Traceback (most recent call last):
  File "/opt/ros/melodic/lib/python2.7/dist-packages/rospy/impl/tcpros_base.py", line 562, in connect
    self.read_header()
  File "/opt/ros/melodic/lib/python2.7/dist-packages/rospy/impl/tcpros_base.py", line 657, in read_header
    self._validate_header(read_ros_handshake_header(sock, self.read_buff, self.protocol.buff_size))
  File "/opt/ros/melodic/lib/python2.7/dist-packages/rosgraph/network.py", line 357, in read_ros_handshake_header
    d = sock.recv(buff_size)
error: [Errno 104] Connection reset by peer

[rospy.core][INFO] 2022-05-05 15:48:35,513: signal_shutdown [atexit]
[rospy.client][INFO] 2022-05-05 15:49:01,810: init_node, name[/car/vesc/throttle_interpolator], pid[22355]
[xmlrpc][INFO] 2022-05-05 15:49:01,811: XML-RPC server binding to 0.0.0.0:0
[xmlrpc][INFO] 2022-05-05 15:49:01,812: Started XML-RPC server [http://robot-desktop:43263/]
[rospy.init][INFO] 2022-05-05 15:49:01,813: ROS Slave URI: [http://robot-desktop:43263/]
[rospy.impl.masterslave][INFO] 2022-05-05 15:49:01,813: _ready: http://robot-desktop:43263/
[rospy.registration][INFO] 2022-05-05 15:49:01,815: Registering with master node http://robot-desktop:11311
[xmlrpc][INFO] 2022-05-05 15:49:01,815: xml rpc node: starting XML-RPC server
[rospy.init][INFO] 2022-05-05 15:49:01,914: registered with master
[rospy.rosout][INFO] 2022-05-05 15:49:01,914: initializing /rosout core topic
[rospy.rosout][INFO] 2022-05-05 15:49:01,920: connected to core topic /rosout
[rospy.simtime][INFO] 2022-05-05 15:49:01,924: /use_sim_time is not set, will not subscribe to simulated time [/clock] topic
[rospy.internal][INFO] 2022-05-05 15:49:02,042: topic[/rosout] adding connection to [/rosout], count 0
[rospy.internal][INFO] 2022-05-05 15:49:02,139: topic[/car/vesc/commands/servo/unsmoothed_position] adding connection to [http://robot-desktop:43013/], count 0
[rospy.internal][INFO] 2022-05-05 15:49:02,144: topic[/car/vesc/commands/motor/unsmoothed_speed] adding connection to [http://robot-desktop:43013/], count 0
[rospy.internal][INFO] 2022-05-05 15:49:02,350: topic[/car/vesc/commands/motor/speed] adding connection to [/car/vesc/vesc_driver], count 0
[rospy.internal][INFO] 2022-05-05 15:49:02,352: topic[/car/vesc/commands/servo/position] adding connection to [/car/vesc/vesc_driver], count 0
[rospy.core][INFO] 2022-05-05 15:49:26,559: signal_shutdown [signal-2]
[rospy.internal][INFO] 2022-05-05 15:49:26,586: topic[/car/vesc/commands/motor/speed] removing connection to /car/vesc/vesc_driver
[rospy.internal][INFO] 2022-05-05 15:49:26,588: topic[/rosout] removing connection to /rosout
[rospy.internal][INFO] 2022-05-05 15:49:26,589: topic[/car/vesc/commands/servo/position] removing connection to /car/vesc/vesc_driver
[rospy.internal][INFO] 2022-05-05 15:49:26,601: topic[/car/vesc/commands/motor/unsmoothed_speed] removing connection to http://robot-desktop:43013/
[rospy.internal][INFO] 2022-05-05 15:49:26,603: topic[/car/vesc/commands/servo/unsmoothed_position] removing connection to http://robot-desktop:43013/
[rospy.impl.masterslave][INFO] 2022-05-05 15:49:26,603: signal-2
[rospy.internal][WARNING] 2022-05-05 15:49:26,970: Unknown error initiating TCP/IP socket to robot-desktop:38707 (http://robot-desktop:43013/): Traceback (most recent call last):
  File "/opt/ros/melodic/lib/python2.7/dist-packages/rospy/impl/tcpros_base.py", line 562, in connect
    self.read_header()
  File "/opt/ros/melodic/lib/python2.7/dist-packages/rospy/impl/tcpros_base.py", line 657, in read_header
    self._validate_header(read_ros_handshake_header(sock, self.read_buff, self.protocol.buff_size))
  File "/opt/ros/melodic/lib/python2.7/dist-packages/rosgraph/network.py", line 357, in read_ros_handshake_header
    d = sock.recv(buff_size)
error: [Errno 104] Connection reset by peer

[rospy.internal][WARNING] 2022-05-05 15:49:26,970: Unknown error initiating TCP/IP socket to robot-desktop:38707 (http://robot-desktop:43013/): Traceback (most recent call last):
  File "/opt/ros/melodic/lib/python2.7/dist-packages/rospy/impl/tcpros_base.py", line 562, in connect
    self.read_header()
  File "/opt/ros/melodic/lib/python2.7/dist-packages/rospy/impl/tcpros_base.py", line 657, in read_header
    self._validate_header(read_ros_handshake_header(sock, self.read_buff, self.protocol.buff_size))
  File "/opt/ros/melodic/lib/python2.7/dist-packages/rosgraph/network.py", line 357, in read_ros_handshake_header
    d = sock.recv(buff_size)
error: [Errno 104] Connection reset by peer

[rospy.core][INFO] 2022-05-05 15:49:27,173: signal_shutdown [atexit]
[rospy.client][INFO] 2022-05-05 15:50:19,601: init_node, name[/car/vesc/throttle_interpolator], pid[24076]
[xmlrpc][INFO] 2022-05-05 15:50:19,602: XML-RPC server binding to 0.0.0.0:0
[xmlrpc][INFO] 2022-05-05 15:50:19,603: Started XML-RPC server [http://robot-desktop:34295/]
[rospy.init][INFO] 2022-05-05 15:50:19,603: ROS Slave URI: [http://robot-desktop:34295/]
[rospy.impl.masterslave][INFO] 2022-05-05 15:50:19,604: _ready: http://robot-desktop:34295/
[rospy.registration][INFO] 2022-05-05 15:50:19,607: Registering with master node http://robot-desktop:11311
[xmlrpc][INFO] 2022-05-05 15:50:19,607: xml rpc node: starting XML-RPC server
[rospy.init][INFO] 2022-05-05 15:50:19,705: registered with master
[rospy.rosout][INFO] 2022-05-05 15:50:19,705: initializing /rosout core topic
[rospy.rosout][INFO] 2022-05-05 15:50:19,713: connected to core topic /rosout
[rospy.simtime][INFO] 2022-05-05 15:50:19,724: /use_sim_time is not set, will not subscribe to simulated time [/clock] topic
[rospy.internal][INFO] 2022-05-05 15:50:19,928: topic[/car/vesc/commands/servo/unsmoothed_position] adding connection to [http://robot-desktop:36227/], count 0
[rospy.internal][INFO] 2022-05-05 15:50:19,930: topic[/car/vesc/commands/motor/unsmoothed_speed] adding connection to [http://robot-desktop:36227/], count 0
[rospy.internal][INFO] 2022-05-05 15:50:19,992: topic[/rosout] adding connection to [/rosout], count 0
[rospy.internal][INFO] 2022-05-05 15:50:20,094: topic[/car/vesc/commands/motor/speed] adding connection to [/car/vesc/vesc_driver], count 0
[rospy.internal][INFO] 2022-05-05 15:50:20,095: topic[/car/vesc/commands/servo/position] adding connection to [/car/vesc/vesc_driver], count 0
[rospy.core][INFO] 2022-05-05 15:50:42,637: signal_shutdown [signal-2]
[rospy.internal][INFO] 2022-05-05 15:50:42,679: topic[/car/vesc/commands/motor/speed] removing connection to /car/vesc/vesc_driver
[rospy.internal][INFO] 2022-05-05 15:50:42,680: topic[/rosout] removing connection to /rosout
[rospy.internal][INFO] 2022-05-05 15:50:42,681: topic[/car/vesc/commands/servo/position] removing connection to /car/vesc/vesc_driver
[rospy.internal][INFO] 2022-05-05 15:50:42,695: topic[/car/vesc/commands/motor/unsmoothed_speed] removing connection to http://robot-desktop:36227/
[rospy.internal][INFO] 2022-05-05 15:50:42,696: topic[/car/vesc/commands/servo/unsmoothed_position] removing connection to http://robot-desktop:36227/
[rospy.impl.masterslave][INFO] 2022-05-05 15:50:42,697: signal-2
[rospy.internal][WARNING] 2022-05-05 15:50:42,944: Unknown error initiating TCP/IP socket to robot-desktop:55795 (http://robot-desktop:36227/): Traceback (most recent call last):
  File "/opt/ros/melodic/lib/python2.7/dist-packages/rospy/impl/tcpros_base.py", line 562, in connect
    self.read_header()
  File "/opt/ros/melodic/lib/python2.7/dist-packages/rospy/impl/tcpros_base.py", line 657, in read_header
    self._validate_header(read_ros_handshake_header(sock, self.read_buff, self.protocol.buff_size))
  File "/opt/ros/melodic/lib/python2.7/dist-packages/rosgraph/network.py", line 357, in read_ros_handshake_header
    d = sock.recv(buff_size)
error: [Errno 104] Connection reset by peer

[rospy.internal][WARNING] 2022-05-05 15:50:42,945: Unknown error initiating TCP/IP socket to robot-desktop:55795 (http://robot-desktop:36227/): Traceback (most recent call last):
  File "/opt/ros/melodic/lib/python2.7/dist-packages/rospy/impl/tcpros_base.py", line 562, in connect
    self.read_header()
  File "/opt/ros/melodic/lib/python2.7/dist-packages/rospy/impl/tcpros_base.py", line 657, in read_header
    self._validate_header(read_ros_handshake_header(sock, self.read_buff, self.protocol.buff_size))
  File "/opt/ros/melodic/lib/python2.7/dist-packages/rosgraph/network.py", line 357, in read_ros_handshake_header
    d = sock.recv(buff_size)
error: [Errno 104] Connection reset by peer

[rospy.core][INFO] 2022-05-05 15:50:43,264: signal_shutdown [atexit]
[rospy.client][INFO] 2022-05-05 15:54:07,525: init_node, name[/car/vesc/throttle_interpolator], pid[25674]
[xmlrpc][INFO] 2022-05-05 15:54:07,526: XML-RPC server binding to 0.0.0.0:0
[xmlrpc][INFO] 2022-05-05 15:54:07,527: Started XML-RPC server [http://robot-desktop:42197/]
[rospy.init][INFO] 2022-05-05 15:54:07,528: ROS Slave URI: [http://robot-desktop:42197/]
[rospy.impl.masterslave][INFO] 2022-05-05 15:54:07,528: _ready: http://robot-desktop:42197/
[rospy.registration][INFO] 2022-05-05 15:54:07,530: Registering with master node http://robot-desktop:11311
[xmlrpc][INFO] 2022-05-05 15:54:07,530: xml rpc node: starting XML-RPC server
[rospy.init][INFO] 2022-05-05 15:54:07,629: registered with master
[rospy.rosout][INFO] 2022-05-05 15:54:07,630: initializing /rosout core topic
[rospy.rosout][INFO] 2022-05-05 15:54:07,636: connected to core topic /rosout
[rospy.simtime][INFO] 2022-05-05 15:54:07,640: /use_sim_time is not set, will not subscribe to simulated time [/clock] topic
[rospy.internal][INFO] 2022-05-05 15:54:07,805: topic[/car/vesc/commands/servo/unsmoothed_position] adding connection to [http://robot-desktop:43647/], count 0
[rospy.internal][INFO] 2022-05-05 15:54:07,809: topic[/car/vesc/commands/motor/unsmoothed_speed] adding connection to [http://robot-desktop:43647/], count 0
[rospy.internal][INFO] 2022-05-05 15:54:07,899: topic[/rosout] adding connection to [/rosout], count 0
[rospy.internal][INFO] 2022-05-05 15:54:08,005: topic[/car/vesc/commands/motor/speed] adding connection to [/car/vesc/vesc_driver], count 0
[rospy.internal][INFO] 2022-05-05 15:54:08,008: topic[/car/vesc/commands/servo/position] adding connection to [/car/vesc/vesc_driver], count 0
